<?xml version="1.0" encoding="UTF-8"?>
<testsuite name="griffon.pivot.support.adapters.ComponentNodeAdapterTest" tests="1" skipped="0" failures="0" errors="0" timestamp="2017-02-22T11:04:34" hostname="testing-gce-b8b6801a-53e2-4480-af61-c20b9a592141" time="0.0">
  <properties/>
  <testcase name="testComponentChanged" classname="griffon.pivot.support.adapters.ComponentNodeAdapterTest" time="0.0"/>
  <system-out><![CDATA[]]></system-out>
  <system-err><![CDATA[]]></system-err>
</testsuite>
