<?xml version="1.0" encoding="UTF-8"?>
<testsuite name="griffon.pivot.support.adapters.ComponentStateAdapterTest" tests="2" skipped="0" failures="0" errors="0" timestamp="2016-12-01T10:06:31" hostname="testing-gce-eaf68bd0-c1b6-4661-a4ef-407d21883631" time="0.002">
  <properties/>
  <testcase name="testFocusedChanged" classname="griffon.pivot.support.adapters.ComponentStateAdapterTest" time="0.001"/>
  <testcase name="testEnabledChanged" classname="griffon.pivot.support.adapters.ComponentStateAdapterTest" time="0.001"/>
  <system-out><![CDATA[]]></system-out>
  <system-err><![CDATA[]]></system-err>
</testsuite>
