<?xml version="1.0" encoding="UTF-8"?>
<testsuite name="griffon.pivot.support.adapters.ComponentAdapterTest" tests="14" skipped="0" failures="0" errors="0" timestamp="2016-11-18T14:47:18" hostname="testing-gce-32b998c0-1c86-42c0-92eb-71cbad2128a4" time="0.012">
  <properties/>
  <testcase name="testTooltipDelayChanged" classname="griffon.pivot.support.adapters.ComponentAdapterTest" time="0.002"/>
  <testcase name="testWidthLimitsChanged" classname="griffon.pivot.support.adapters.ComponentAdapterTest" time="0.0"/>
  <testcase name="testPreferredSizeChanged" classname="griffon.pivot.support.adapters.ComponentAdapterTest" time="0.001"/>
  <testcase name="testParentChanged" classname="griffon.pivot.support.adapters.ComponentAdapterTest" time="0.001"/>
  <testcase name="testDragSourceChanged" classname="griffon.pivot.support.adapters.ComponentAdapterTest" time="0.001"/>
  <testcase name="testVisibleChanged" classname="griffon.pivot.support.adapters.ComponentAdapterTest" time="0.0"/>
  <testcase name="testMenuHandlerChanged" classname="griffon.pivot.support.adapters.ComponentAdapterTest" time="0.0"/>
  <testcase name="testNameChanged" classname="griffon.pivot.support.adapters.ComponentAdapterTest" time="0.001"/>
  <testcase name="testLocationChanged" classname="griffon.pivot.support.adapters.ComponentAdapterTest" time="0.0"/>
  <testcase name="testDropTargetChanged" classname="griffon.pivot.support.adapters.ComponentAdapterTest" time="0.0"/>
  <testcase name="testSizeChanged" classname="griffon.pivot.support.adapters.ComponentAdapterTest" time="0.001"/>
  <testcase name="testTooltipTextChanged" classname="griffon.pivot.support.adapters.ComponentAdapterTest" time="0.001"/>
  <testcase name="testCursorChanged" classname="griffon.pivot.support.adapters.ComponentAdapterTest" time="0.0"/>
  <testcase name="testHeightLimitsChanged" classname="griffon.pivot.support.adapters.ComponentAdapterTest" time="0.0"/>
  <system-out><![CDATA[]]></system-out>
  <system-err><![CDATA[]]></system-err>
</testsuite>
