<?xml version="1.0" encoding="UTF-8"?>
<testsuite name="griffon.pivot.support.adapters.ListButtonItemAdapterTest" tests="5" skipped="0" failures="0" errors="0" timestamp="2016-11-17T21:57:37" hostname="testing-gce-a500a3b7-3e8b-4697-b127-d17b45a2fbc5" time="0.004">
  <properties/>
  <testcase name="testItemInserted" classname="griffon.pivot.support.adapters.ListButtonItemAdapterTest" time="0.0"/>
  <testcase name="testItemsCleared" classname="griffon.pivot.support.adapters.ListButtonItemAdapterTest" time="0.001"/>
  <testcase name="testItemUpdated" classname="griffon.pivot.support.adapters.ListButtonItemAdapterTest" time="0.001"/>
  <testcase name="testItemsSorted" classname="griffon.pivot.support.adapters.ListButtonItemAdapterTest" time="0.001"/>
  <testcase name="testItemsRemoved" classname="griffon.pivot.support.adapters.ListButtonItemAdapterTest" time="0.001"/>
  <system-out><![CDATA[]]></system-out>
  <system-err><![CDATA[]]></system-err>
</testsuite>
