<?xml version="1.0" encoding="UTF-8"?>
<testsuite name="griffon.pivot.support.adapters.WindowStateAdapterTest" tests="6" skipped="0" failures="0" errors="0" timestamp="2016-12-28T19:54:20" hostname="testing-gce-2e4b170c-448d-4fcb-9f72-d211cbd4e202" time="0.009">
  <properties/>
  <testcase name="testPreviewWindowOpen" classname="griffon.pivot.support.adapters.WindowStateAdapterTest" time="0.001"/>
  <testcase name="testWindowCloseVetoed" classname="griffon.pivot.support.adapters.WindowStateAdapterTest" time="0.0"/>
  <testcase name="testWindowOpenVetoed" classname="griffon.pivot.support.adapters.WindowStateAdapterTest" time="0.001"/>
  <testcase name="testWindowClosed" classname="griffon.pivot.support.adapters.WindowStateAdapterTest" time="0.001"/>
  <testcase name="testWindowOpened" classname="griffon.pivot.support.adapters.WindowStateAdapterTest" time="0.002"/>
  <testcase name="testPreviewWindowClose" classname="griffon.pivot.support.adapters.WindowStateAdapterTest" time="0.001"/>
  <system-out><![CDATA[]]></system-out>
  <system-err><![CDATA[]]></system-err>
</testsuite>
