<?xml version="1.0" encoding="UTF-8"?>
<testsuite name="griffon.pivot.support.adapters.ComponentDecoratorAdapterTest" tests="3" skipped="0" failures="0" errors="0" timestamp="2017-03-17T14:50:24" hostname="testing-gce-2cba042c-7dfa-40c6-8050-1b9f1390cf9f" time="0.003">
  <properties/>
  <testcase name="testDecoratorUpdated" classname="griffon.pivot.support.adapters.ComponentDecoratorAdapterTest" time="0.001"/>
  <testcase name="testDecoratorsRemoved" classname="griffon.pivot.support.adapters.ComponentDecoratorAdapterTest" time="0.001"/>
  <testcase name="testDecoratorInserted" classname="griffon.pivot.support.adapters.ComponentDecoratorAdapterTest" time="0.001"/>
  <system-out><![CDATA[]]></system-out>
  <system-err><![CDATA[]]></system-err>
</testsuite>
