<?xml version="1.0" encoding="UTF-8"?>
<testsuite name="griffon.pivot.support.adapters.TextAreaAdapterTest" tests="2" skipped="0" failures="0" errors="0" timestamp="2017-03-02T16:48:56" hostname="testing-gce-f09c6cf3-9eef-492b-8b24-98aa233c6cfa" time="0.002">
  <properties/>
  <testcase name="testMaximumLengthChanged" classname="griffon.pivot.support.adapters.TextAreaAdapterTest" time="0.001"/>
  <testcase name="testEditableChanged" classname="griffon.pivot.support.adapters.TextAreaAdapterTest" time="0.0"/>
  <system-out><![CDATA[]]></system-out>
  <system-err><![CDATA[]]></system-err>
</testsuite>
