<?xml version="1.0" encoding="UTF-8"?>
<testsuite name="griffon.pivot.support.adapters.ComponentTooltipAdapterTest" tests="1" skipped="0" failures="0" errors="0" timestamp="2017-03-02T19:56:59" hostname="testing-gce-65511b51-6214-41a1-96d0-e786045f2f13" time="0.002">
  <properties/>
  <testcase name="testTooltipTriggered" classname="griffon.pivot.support.adapters.ComponentTooltipAdapterTest" time="0.002"/>
  <system-out><![CDATA[]]></system-out>
  <system-err><![CDATA[]]></system-err>
</testsuite>
