<?xml version="1.0" encoding="UTF-8"?>
<testsuite name="griffon.pivot.support.adapters.MenuPopupStateAdapterTest" tests="3" skipped="0" failures="0" errors="0" timestamp="2017-01-17T10:08:33" hostname="testing-gce-287e965d-5e9a-462b-b200-af66e676e36c" time="0.002">
  <properties/>
  <testcase name="testPreviewMenuPopupClose" classname="griffon.pivot.support.adapters.MenuPopupStateAdapterTest" time="0.0"/>
  <testcase name="testMenuPopupClosed" classname="griffon.pivot.support.adapters.MenuPopupStateAdapterTest" time="0.0"/>
  <testcase name="testMenuPopupCloseVetoed" classname="griffon.pivot.support.adapters.MenuPopupStateAdapterTest" time="0.0"/>
  <system-out><![CDATA[]]></system-out>
  <system-err><![CDATA[]]></system-err>
</testsuite>
