<?xml version="1.0" encoding="UTF-8"?>
<testsuite name="griffon.pivot.formatters.ColorFormatterSpec" tests="24" skipped="0" failures="0" errors="0" timestamp="2016-11-14T16:00:02" hostname="testing-gce-262b1400-de9e-4b35-b7a9-cd4d4f40eb7e" time="0.047">
  <properties/>
  <testcase name="Color java.awt.Color[r=255,g=0,b=0] with pattern #RGB produces literal #f00" classname="griffon.pivot.formatters.ColorFormatterSpec" time="0.03"/>
  <testcase name="Color java.awt.Color[r=255,g=0,b=0] with pattern #RGBA produces literal #f00f" classname="griffon.pivot.formatters.ColorFormatterSpec" time="0.0"/>
  <testcase name="Color java.awt.Color[r=255,g=0,b=0] with pattern #RRGGBB produces literal #ff0000" classname="griffon.pivot.formatters.ColorFormatterSpec" time="0.0"/>
  <testcase name="Color java.awt.Color[r=255,g=0,b=0] with pattern #RRGGBBAA produces literal #ff0000ff" classname="griffon.pivot.formatters.ColorFormatterSpec" time="0.0"/>
  <testcase name="Color java.awt.Color[r=255,g=0,b=0] with pattern null produces literal #ff0000" classname="griffon.pivot.formatters.ColorFormatterSpec" time="0.0"/>
  <testcase name="Color java.awt.Color[r=255,g=0,b=0] with pattern  produces literal #ff0000" classname="griffon.pivot.formatters.ColorFormatterSpec" time="0.0"/>
  <testcase name="Color null with pattern #RGB produces literal null" classname="griffon.pivot.formatters.ColorFormatterSpec" time="0.002"/>
  <testcase name="Color null with pattern #RGBA produces literal null" classname="griffon.pivot.formatters.ColorFormatterSpec" time="0.0"/>
  <testcase name="Color null with pattern #RRGGBB produces literal null" classname="griffon.pivot.formatters.ColorFormatterSpec" time="0.0"/>
  <testcase name="Color null with pattern #RRGGBBAA produces literal null" classname="griffon.pivot.formatters.ColorFormatterSpec" time="0.0"/>
  <testcase name="Color null with pattern null produces literal null" classname="griffon.pivot.formatters.ColorFormatterSpec" time="0.0"/>
  <testcase name="Parse error for pattern #RGB with literal f00" classname="griffon.pivot.formatters.ColorFormatterSpec" time="0.0"/>
  <testcase name="Parse error for pattern #RGB with literal #f00f" classname="griffon.pivot.formatters.ColorFormatterSpec" time="0.0"/>
  <testcase name="Parse error for pattern #RGBA with literal f00f" classname="griffon.pivot.formatters.ColorFormatterSpec" time="0.0"/>
  <testcase name="Parse error for pattern #RGBA with literal #f00f0" classname="griffon.pivot.formatters.ColorFormatterSpec" time="0.0"/>
  <testcase name="Parse error for pattern #RRGGBB with literal ff0000" classname="griffon.pivot.formatters.ColorFormatterSpec" time="0.0"/>
  <testcase name="Parse error for pattern #RRGGBB with literal #ff0000f" classname="griffon.pivot.formatters.ColorFormatterSpec" time="0.0"/>
  <testcase name="Parse error for pattern #RRGGBBAA with literal ff0000ff" classname="griffon.pivot.formatters.ColorFormatterSpec" time="0.0"/>
  <testcase name="Parse error for pattern #RRGGBBAA with literal #ff0000ff0" classname="griffon.pivot.formatters.ColorFormatterSpec" time="0.0"/>
  <testcase name="Illegal pattern #" classname="griffon.pivot.formatters.ColorFormatterSpec" time="0.0"/>
  <testcase name="Illegal pattern C" classname="griffon.pivot.formatters.ColorFormatterSpec" time="0.0"/>
  <testcase name="Illegal pattern M" classname="griffon.pivot.formatters.ColorFormatterSpec" time="0.0"/>
  <testcase name="Illegal pattern Y" classname="griffon.pivot.formatters.ColorFormatterSpec" time="0.0"/>
  <testcase name="Illegal pattern K" classname="griffon.pivot.formatters.ColorFormatterSpec" time="0.0"/>
  <system-out><![CDATA[]]></system-out>
  <system-err><![CDATA[]]></system-err>
</testsuite>
