<?xml version="1.0" encoding="UTF-8"?>
<testsuite name="griffon.pivot.support.adapters.TreeViewBranchAdapterTest" tests="2" skipped="0" failures="0" errors="0" timestamp="2017-03-13T20:10:14" hostname="testing-gce-5c6f6730-f713-4b79-bb0b-2c95a726fbf5" time="0.001">
  <properties/>
  <testcase name="testBranchExpanded" classname="griffon.pivot.support.adapters.TreeViewBranchAdapterTest" time="0.0"/>
  <testcase name="testBranchCollapsed" classname="griffon.pivot.support.adapters.TreeViewBranchAdapterTest" time="0.0"/>
  <system-out><![CDATA[]]></system-out>
  <system-err><![CDATA[]]></system-err>
</testsuite>
