<?xml version="1.0" encoding="UTF-8"?>
<testsuite name="griffon.pivot.support.adapters.ExpanderAdapterTest" tests="6" skipped="0" failures="0" errors="0" timestamp="2017-02-11T08:58:55" hostname="testing-gce-27845af9-feac-4362-84ac-35f334160d45" time="0.009">
  <properties/>
  <testcase name="testTitleChanged" classname="griffon.pivot.support.adapters.ExpanderAdapterTest" time="0.004"/>
  <testcase name="testExpandedChanged" classname="griffon.pivot.support.adapters.ExpanderAdapterTest" time="0.001"/>
  <testcase name="testCollapsibleChanged" classname="griffon.pivot.support.adapters.ExpanderAdapterTest" time="0.0"/>
  <testcase name="testPreviewExpandedChange" classname="griffon.pivot.support.adapters.ExpanderAdapterTest" time="0.0"/>
  <testcase name="testContentChanged" classname="griffon.pivot.support.adapters.ExpanderAdapterTest" time="0.0"/>
  <testcase name="testExpandedChangeVetoed" classname="griffon.pivot.support.adapters.ExpanderAdapterTest" time="0.0"/>
  <system-out><![CDATA[]]></system-out>
  <system-err><![CDATA[]]></system-err>
</testsuite>
