<?xml version="1.0" encoding="UTF-8"?>
<testsuite name="griffon.pivot.support.adapters.ComponentDataAdapterTest" tests="3" skipped="0" failures="0" errors="0" timestamp="2016-12-01T09:20:00" hostname="testing-gce-1c7b4cd7-f8b4-49a0-b9fd-66abade42537" time="0.005">
  <properties/>
  <testcase name="testValueRemoved" classname="griffon.pivot.support.adapters.ComponentDataAdapterTest" time="0.002"/>
  <testcase name="testValueAdded" classname="griffon.pivot.support.adapters.ComponentDataAdapterTest" time="0.001"/>
  <testcase name="testValueUpdated" classname="griffon.pivot.support.adapters.ComponentDataAdapterTest" time="0.001"/>
  <system-out><![CDATA[]]></system-out>
  <system-err><![CDATA[]]></system-err>
</testsuite>
