<?xml version="1.0" encoding="UTF-8"?>
<testsuite name="griffon.pivot.support.adapters.TabPaneAdapterTest" tests="8" skipped="0" failures="0" errors="0" timestamp="2016-11-08T11:10:18" hostname="testing-gce-d4f11642-8c80-4fe0-a764-92366f6764c9" time="0.009">
  <properties/>
  <testcase name="testPreviewRemoveTabs" classname="griffon.pivot.support.adapters.TabPaneAdapterTest" time="0.0"/>
  <testcase name="testCornerChanged" classname="griffon.pivot.support.adapters.TabPaneAdapterTest" time="0.0"/>
  <testcase name="testCollapsibleChanged" classname="griffon.pivot.support.adapters.TabPaneAdapterTest" time="0.001"/>
  <testcase name="testTabDataRendererChanged" classname="griffon.pivot.support.adapters.TabPaneAdapterTest" time="0.001"/>
  <testcase name="testTabInserted" classname="griffon.pivot.support.adapters.TabPaneAdapterTest" time="0.0"/>
  <testcase name="testTabsRemoved" classname="griffon.pivot.support.adapters.TabPaneAdapterTest" time="0.001"/>
  <testcase name="testRemoveTabsVetoed" classname="griffon.pivot.support.adapters.TabPaneAdapterTest" time="0.001"/>
  <testcase name="testCloseableChanged" classname="griffon.pivot.support.adapters.TabPaneAdapterTest" time="0.0"/>
  <system-out><![CDATA[]]></system-out>
  <system-err><![CDATA[]]></system-err>
</testsuite>
