<?xml version="1.0" encoding="UTF-8"?>
<testsuite name="griffon.pivot.support.adapters.TableViewBindingAdapterTest" tests="9" skipped="0" failures="0" errors="0" timestamp="2017-03-17T14:50:24" hostname="testing-gce-2cba042c-7dfa-40c6-8050-1b9f1390cf9f" time="0.009">
  <properties/>
  <testcase name="testTableDataBindTypeChanged" classname="griffon.pivot.support.adapters.TableViewBindingAdapterTest" time="0.001"/>
  <testcase name="testTableDataKeyChanged" classname="griffon.pivot.support.adapters.TableViewBindingAdapterTest" time="0.001"/>
  <testcase name="testSelectedRowBindMappingChanged" classname="griffon.pivot.support.adapters.TableViewBindingAdapterTest" time="0.001"/>
  <testcase name="testSelectedRowsKeyChanged" classname="griffon.pivot.support.adapters.TableViewBindingAdapterTest" time="0.001"/>
  <testcase name="testSelectedRowsBindTypeChanged" classname="griffon.pivot.support.adapters.TableViewBindingAdapterTest" time="0.001"/>
  <testcase name="testSelectedRowKeyChanged" classname="griffon.pivot.support.adapters.TableViewBindingAdapterTest" time="0.001"/>
  <testcase name="testSelectedRowsBindMappingChanged" classname="griffon.pivot.support.adapters.TableViewBindingAdapterTest" time="0.001"/>
  <testcase name="testSelectedRowBindTypeChanged" classname="griffon.pivot.support.adapters.TableViewBindingAdapterTest" time="0.001"/>
  <testcase name="testTableDataBindMappingChanged" classname="griffon.pivot.support.adapters.TableViewBindingAdapterTest" time="0.0"/>
  <system-out><![CDATA[]]></system-out>
  <system-err><![CDATA[]]></system-err>
</testsuite>
