<?xml version="1.0" encoding="UTF-8"?>
<testsuite name="griffon.pivot.support.adapters.ImageViewAdapterTest" tests="2" skipped="0" failures="0" errors="0" timestamp="2017-03-13T20:06:24" hostname="testing-gce-b8b399cf-2944-40b7-9ac2-ba08b6394ae0" time="0.001">
  <properties/>
  <testcase name="testImageChanged" classname="griffon.pivot.support.adapters.ImageViewAdapterTest" time="0.001"/>
  <testcase name="testAsynchronousChanged" classname="griffon.pivot.support.adapters.ImageViewAdapterTest" time="0.0"/>
  <system-out><![CDATA[]]></system-out>
  <system-err><![CDATA[]]></system-err>
</testsuite>
