<?xml version="1.0" encoding="UTF-8"?>
<testsuite name="griffon.pivot.support.adapters.ListButtonItemAdapterTest" tests="5" skipped="0" failures="0" errors="0" timestamp="2017-03-13T20:20:21" hostname="testing-gce-5deeb444-989e-4d84-a4f8-95fc960493bd" time="0.005">
  <properties/>
  <testcase name="testItemInserted" classname="griffon.pivot.support.adapters.ListButtonItemAdapterTest" time="0.001"/>
  <testcase name="testItemsCleared" classname="griffon.pivot.support.adapters.ListButtonItemAdapterTest" time="0.001"/>
  <testcase name="testItemUpdated" classname="griffon.pivot.support.adapters.ListButtonItemAdapterTest" time="0.001"/>
  <testcase name="testItemsSorted" classname="griffon.pivot.support.adapters.ListButtonItemAdapterTest" time="0.001"/>
  <testcase name="testItemsRemoved" classname="griffon.pivot.support.adapters.ListButtonItemAdapterTest" time="0.001"/>
  <system-out><![CDATA[]]></system-out>
  <system-err><![CDATA[]]></system-err>
</testsuite>
