<?xml version="1.0" encoding="UTF-8"?>
<testsuite name="griffon.pivot.support.adapters.TransitionAdapterTest" tests="1" skipped="0" failures="0" errors="0" timestamp="2017-03-29T07:32:54" hostname="testing-gce-66c09752-be5b-4dc1-8b4c-7bf7aedc91bc" time="0.021">
  <properties/>
  <testcase name="testTransitionCompleted" classname="griffon.pivot.support.adapters.TransitionAdapterTest" time="0.021"/>
  <system-out><![CDATA[]]></system-out>
  <system-err><![CDATA[]]></system-err>
</testsuite>
