<?xml version="1.0" encoding="UTF-8"?>
<testsuite name="griffon.pivot.support.adapters.ButtonBindingAdapterTest" tests="9" skipped="0" failures="0" errors="0" timestamp="2016-12-01T10:32:23" hostname="testing-gce-25a07c9d-cae8-4716-a125-946036b08bb3" time="0.007">
  <properties/>
  <testcase name="testSelectedBindTypeChanged" classname="griffon.pivot.support.adapters.ButtonBindingAdapterTest" time="0.001"/>
  <testcase name="testSelectedKeyChanged" classname="griffon.pivot.support.adapters.ButtonBindingAdapterTest" time="0.0"/>
  <testcase name="testStateBindTypeChanged" classname="griffon.pivot.support.adapters.ButtonBindingAdapterTest" time="0.001"/>
  <testcase name="testStateKeyChanged" classname="griffon.pivot.support.adapters.ButtonBindingAdapterTest" time="0.0"/>
  <testcase name="testStateBindMappingChanged" classname="griffon.pivot.support.adapters.ButtonBindingAdapterTest" time="0.0"/>
  <testcase name="testButtonDataBindTypeChanged" classname="griffon.pivot.support.adapters.ButtonBindingAdapterTest" time="0.002"/>
  <testcase name="testButtonDataKeyChanged" classname="griffon.pivot.support.adapters.ButtonBindingAdapterTest" time="0.001"/>
  <testcase name="testButtonDataBindMappingChanged" classname="griffon.pivot.support.adapters.ButtonBindingAdapterTest" time="0.001"/>
  <testcase name="testSelectedBindMappingChanged" classname="griffon.pivot.support.adapters.ButtonBindingAdapterTest" time="0.0"/>
  <system-out><![CDATA[]]></system-out>
  <system-err><![CDATA[]]></system-err>
</testsuite>
