<?xml version="1.0" encoding="UTF-8"?>
<testsuite name="griffon.pivot.support.adapters.TreeViewAdapterTest" tests="8" skipped="0" failures="0" errors="0" timestamp="2016-11-28T10:05:12" hostname="testing-gce-4b658ec9-df58-4f0e-bf36-b86ff5d94b0e" time="0.007">
  <properties/>
  <testcase name="testTreeDataChanged" classname="griffon.pivot.support.adapters.TreeViewAdapterTest" time="0.001"/>
  <testcase name="testSelectModeChanged" classname="griffon.pivot.support.adapters.TreeViewAdapterTest" time="0.001"/>
  <testcase name="testShowMixedCheckmarkStateChanged" classname="griffon.pivot.support.adapters.TreeViewAdapterTest" time="0.0"/>
  <testcase name="testDisabledCheckmarkFilterChanged" classname="griffon.pivot.support.adapters.TreeViewAdapterTest" time="0.003"/>
  <testcase name="testCheckmarksEnabledChanged" classname="griffon.pivot.support.adapters.TreeViewAdapterTest" time="0.0"/>
  <testcase name="testNodeRendererChanged" classname="griffon.pivot.support.adapters.TreeViewAdapterTest" time="0.001"/>
  <testcase name="testNodeEditorChanged" classname="griffon.pivot.support.adapters.TreeViewAdapterTest" time="0.001"/>
  <testcase name="testDisabledNodeFilterChanged" classname="griffon.pivot.support.adapters.TreeViewAdapterTest" time="0.0"/>
  <system-out><![CDATA[]]></system-out>
  <system-err><![CDATA[]]></system-err>
</testsuite>
