<?xml version="1.0" encoding="UTF-8"?>
<testsuite name="griffon.pivot.support.adapters.FileBrowserSheetAdapterTest" tests="4" skipped="0" failures="0" errors="0" timestamp="2017-04-21T07:20:24" hostname="testing-gce-72751c4c-7ce1-4b4e-91f9-6e8b54fcffb5" time="0.003">
  <properties/>
  <testcase name="testModeChanged" classname="griffon.pivot.support.adapters.FileBrowserSheetAdapterTest" time="0.001"/>
  <testcase name="testSelectedFilesChanged" classname="griffon.pivot.support.adapters.FileBrowserSheetAdapterTest" time="0.001"/>
  <testcase name="testRootDirectoryChanged" classname="griffon.pivot.support.adapters.FileBrowserSheetAdapterTest" time="0.001"/>
  <testcase name="testDisabledFileFilterChanged" classname="griffon.pivot.support.adapters.FileBrowserSheetAdapterTest" time="0.0"/>
  <system-out><![CDATA[]]></system-out>
  <system-err><![CDATA[]]></system-err>
</testsuite>
