<?xml version="1.0" encoding="UTF-8"?>
<testsuite name="griffon.pivot.support.adapters.FileBrowserAdapterTest" tests="6" skipped="0" failures="0" errors="0" timestamp="2017-02-27T16:58:27" hostname="testing-gce-42c31fda-833f-42ec-a8cd-e409c16e7131" time="0.015">
  <properties/>
  <testcase name="testSelectedFileAdded" classname="griffon.pivot.support.adapters.FileBrowserAdapterTest" time="0.003"/>
  <testcase name="testSelectedFilesChanged" classname="griffon.pivot.support.adapters.FileBrowserAdapterTest" time="0.002"/>
  <testcase name="testSelectedFileRemoved" classname="griffon.pivot.support.adapters.FileBrowserAdapterTest" time="0.0"/>
  <testcase name="testMultiSelectChanged" classname="griffon.pivot.support.adapters.FileBrowserAdapterTest" time="0.0"/>
  <testcase name="testRootDirectoryChanged" classname="griffon.pivot.support.adapters.FileBrowserAdapterTest" time="0.001"/>
  <testcase name="testDisabledFileFilterChanged" classname="griffon.pivot.support.adapters.FileBrowserAdapterTest" time="0.001"/>
  <system-out><![CDATA[]]></system-out>
  <system-err><![CDATA[]]></system-err>
</testsuite>
