<?xml version="1.0" encoding="UTF-8"?>
<testsuite name="griffon.pivot.support.adapters.ExpanderAdapterTest" tests="6" skipped="0" failures="0" errors="0" timestamp="2017-02-24T11:29:04" hostname="testing-gce-74d2f9bb-b51a-479d-a49c-205e2856a55c" time="0.008">
  <properties/>
  <testcase name="testTitleChanged" classname="griffon.pivot.support.adapters.ExpanderAdapterTest" time="0.003"/>
  <testcase name="testExpandedChanged" classname="griffon.pivot.support.adapters.ExpanderAdapterTest" time="0.0"/>
  <testcase name="testCollapsibleChanged" classname="griffon.pivot.support.adapters.ExpanderAdapterTest" time="0.001"/>
  <testcase name="testPreviewExpandedChange" classname="griffon.pivot.support.adapters.ExpanderAdapterTest" time="0.0"/>
  <testcase name="testContentChanged" classname="griffon.pivot.support.adapters.ExpanderAdapterTest" time="0.001"/>
  <testcase name="testExpandedChangeVetoed" classname="griffon.pivot.support.adapters.ExpanderAdapterTest" time="0.001"/>
  <system-out><![CDATA[]]></system-out>
  <system-err><![CDATA[]]></system-err>
</testsuite>
