<?xml version="1.0" encoding="UTF-8"?>
<testsuite name="griffon.pivot.support.adapters.ComponentDataAdapterTest" tests="3" skipped="0" failures="0" errors="0" timestamp="2017-02-22T11:04:33" hostname="testing-gce-b8b6801a-53e2-4480-af61-c20b9a592141" time="0.002">
  <properties/>
  <testcase name="testValueRemoved" classname="griffon.pivot.support.adapters.ComponentDataAdapterTest" time="0.0"/>
  <testcase name="testValueAdded" classname="griffon.pivot.support.adapters.ComponentDataAdapterTest" time="0.0"/>
  <testcase name="testValueUpdated" classname="griffon.pivot.support.adapters.ComponentDataAdapterTest" time="0.001"/>
  <system-out><![CDATA[]]></system-out>
  <system-err><![CDATA[]]></system-err>
</testsuite>
