<?xml version="1.0" encoding="UTF-8"?>
<testsuite name="griffon.pivot.support.adapters.SpinnerAdapterTest" tests="3" skipped="0" failures="0" errors="0" timestamp="2016-11-14T16:00:00" hostname="testing-gce-262b1400-de9e-4b35-b7a9-cd4d4f40eb7e" time="0.003">
  <properties/>
  <testcase name="testCircularChanged" classname="griffon.pivot.support.adapters.SpinnerAdapterTest" time="0.001"/>
  <testcase name="testSpinnerDataChanged" classname="griffon.pivot.support.adapters.SpinnerAdapterTest" time="0.001"/>
  <testcase name="testItemRendererChanged" classname="griffon.pivot.support.adapters.SpinnerAdapterTest" time="0.001"/>
  <system-out><![CDATA[]]></system-out>
  <system-err><![CDATA[]]></system-err>
</testsuite>
