<?xml version="1.0" encoding="UTF-8"?>
<testsuite name="griffon.pivot.support.adapters.ComponentMouseButtonAdapterTest" tests="3" skipped="0" failures="0" errors="0" timestamp="2017-03-29T07:32:55" hostname="testing-gce-66c09752-be5b-4dc1-8b4c-7bf7aedc91bc" time="0.007">
  <properties/>
  <testcase name="testMouseClick" classname="griffon.pivot.support.adapters.ComponentMouseButtonAdapterTest" time="0.003"/>
  <testcase name="testMouseUp" classname="griffon.pivot.support.adapters.ComponentMouseButtonAdapterTest" time="0.001"/>
  <testcase name="testMouseDown" classname="griffon.pivot.support.adapters.ComponentMouseButtonAdapterTest" time="0.002"/>
  <system-out><![CDATA[]]></system-out>
  <system-err><![CDATA[]]></system-err>
</testsuite>
