<?xml version="1.0" encoding="UTF-8"?>
<testsuite name="griffon.pivot.support.adapters.ListButtonItemAdapterTest" tests="5" skipped="0" failures="0" errors="0" timestamp="2016-12-05T10:41:35" hostname="testing-gce-189093d2-39ca-4652-aec9-ff08f5b8a81f" time="0.004">
  <properties/>
  <testcase name="testItemInserted" classname="griffon.pivot.support.adapters.ListButtonItemAdapterTest" time="0.001"/>
  <testcase name="testItemsCleared" classname="griffon.pivot.support.adapters.ListButtonItemAdapterTest" time="0.001"/>
  <testcase name="testItemUpdated" classname="griffon.pivot.support.adapters.ListButtonItemAdapterTest" time="0.001"/>
  <testcase name="testItemsSorted" classname="griffon.pivot.support.adapters.ListButtonItemAdapterTest" time="0.001"/>
  <testcase name="testItemsRemoved" classname="griffon.pivot.support.adapters.ListButtonItemAdapterTest" time="0.0"/>
  <system-out><![CDATA[]]></system-out>
  <system-err><![CDATA[]]></system-err>
</testsuite>
