<?xml version="1.0" encoding="UTF-8"?>
<testsuite name="griffon.pivot.support.adapters.TextInputContentAdapterTest" tests="7" skipped="0" failures="0" errors="0" timestamp="2017-01-09T08:05:11" hostname="testing-gce-21936cb8-f165-4118-9ac0-d77ae1d8d6f1" time="0.006">
  <properties/>
  <testcase name="testPreviewInsertText" classname="griffon.pivot.support.adapters.TextInputContentAdapterTest" time="0.0"/>
  <testcase name="testPreviewRemoveText" classname="griffon.pivot.support.adapters.TextInputContentAdapterTest" time="0.0"/>
  <testcase name="testTextChanged" classname="griffon.pivot.support.adapters.TextInputContentAdapterTest" time="0.0"/>
  <testcase name="testTextRemoved" classname="griffon.pivot.support.adapters.TextInputContentAdapterTest" time="0.001"/>
  <testcase name="testInsertTextVetoed" classname="griffon.pivot.support.adapters.TextInputContentAdapterTest" time="0.001"/>
  <testcase name="testTextInserted" classname="griffon.pivot.support.adapters.TextInputContentAdapterTest" time="0.001"/>
  <testcase name="testRemoveTextVetoed" classname="griffon.pivot.support.adapters.TextInputContentAdapterTest" time="0.001"/>
  <system-out><![CDATA[]]></system-out>
  <system-err><![CDATA[]]></system-err>
</testsuite>
