<?xml version="1.0" encoding="UTF-8"?>
<testsuite name="griffon.pivot.support.adapters.TableViewHeaderAdapterTest" tests="2" skipped="0" failures="0" errors="0" timestamp="2017-01-28T06:56:52" hostname="testing-gce-34b544d7-3af4-46d5-bba3-c20da92e4b9d" time="0.009">
  <properties/>
  <testcase name="testTableViewChanged" classname="griffon.pivot.support.adapters.TableViewHeaderAdapterTest" time="0.005"/>
  <testcase name="testSortModeChanged" classname="griffon.pivot.support.adapters.TableViewHeaderAdapterTest" time="0.004"/>
  <system-out><![CDATA[]]></system-out>
  <system-err><![CDATA[]]></system-err>
</testsuite>
