<?xml version="1.0" encoding="UTF-8"?>
<testsuite name="griffon.pivot.support.adapters.NodeAdapterTest" tests="6" skipped="0" failures="0" errors="0" timestamp="2016-12-07T11:32:56" hostname="testing-gce-18702692-515d-4fb2-b554-869b19883cee" time="0.009">
  <properties/>
  <testcase name="testParentChanged" classname="griffon.pivot.support.adapters.NodeAdapterTest" time="0.0"/>
  <testcase name="testOffsetChanged" classname="griffon.pivot.support.adapters.NodeAdapterTest" time="0.001"/>
  <testcase name="testNodeInserted" classname="griffon.pivot.support.adapters.NodeAdapterTest" time="0.005"/>
  <testcase name="testRangeRemoved" classname="griffon.pivot.support.adapters.NodeAdapterTest" time="0.0"/>
  <testcase name="testNodesRemoved" classname="griffon.pivot.support.adapters.NodeAdapterTest" time="0.001"/>
  <testcase name="testRangeInserted" classname="griffon.pivot.support.adapters.NodeAdapterTest" time="0.001"/>
  <system-out><![CDATA[]]></system-out>
  <system-err><![CDATA[]]></system-err>
</testsuite>
