<?xml version="1.0" encoding="UTF-8"?>
<testsuite name="griffon.pivot.support.adapters.ImageViewAdapterTest" tests="2" skipped="0" failures="0" errors="0" timestamp="2017-04-17T14:56:59" hostname="testing-gce-7bf6deec-e5d4-4766-bf77-6fb58608b635" time="0.001">
  <properties/>
  <testcase name="testImageChanged" classname="griffon.pivot.support.adapters.ImageViewAdapterTest" time="0.0"/>
  <testcase name="testAsynchronousChanged" classname="griffon.pivot.support.adapters.ImageViewAdapterTest" time="0.001"/>
  <system-out><![CDATA[]]></system-out>
  <system-err><![CDATA[]]></system-err>
</testsuite>
