<?xml version="1.0" encoding="UTF-8"?>
<testsuite name="griffon.pivot.support.adapters.ButtonBindingAdapterTest" tests="9" skipped="0" failures="0" errors="0" timestamp="2017-03-02T16:48:57" hostname="testing-gce-f09c6cf3-9eef-492b-8b24-98aa233c6cfa" time="0.008">
  <properties/>
  <testcase name="testSelectedBindTypeChanged" classname="griffon.pivot.support.adapters.ButtonBindingAdapterTest" time="0.001"/>
  <testcase name="testSelectedKeyChanged" classname="griffon.pivot.support.adapters.ButtonBindingAdapterTest" time="0.001"/>
  <testcase name="testStateBindTypeChanged" classname="griffon.pivot.support.adapters.ButtonBindingAdapterTest" time="0.001"/>
  <testcase name="testStateKeyChanged" classname="griffon.pivot.support.adapters.ButtonBindingAdapterTest" time="0.0"/>
  <testcase name="testStateBindMappingChanged" classname="griffon.pivot.support.adapters.ButtonBindingAdapterTest" time="0.0"/>
  <testcase name="testButtonDataBindTypeChanged" classname="griffon.pivot.support.adapters.ButtonBindingAdapterTest" time="0.0"/>
  <testcase name="testButtonDataKeyChanged" classname="griffon.pivot.support.adapters.ButtonBindingAdapterTest" time="0.001"/>
  <testcase name="testButtonDataBindMappingChanged" classname="griffon.pivot.support.adapters.ButtonBindingAdapterTest" time="0.001"/>
  <testcase name="testSelectedBindMappingChanged" classname="griffon.pivot.support.adapters.ButtonBindingAdapterTest" time="0.001"/>
  <system-out><![CDATA[]]></system-out>
  <system-err><![CDATA[]]></system-err>
</testsuite>
