<?xml version="1.0" encoding="UTF-8"?>
<testsuite name="griffon.pivot.support.adapters.TabPaneAdapterTest" tests="8" skipped="0" failures="0" errors="0" timestamp="2016-12-28T19:54:21" hostname="testing-gce-2e4b170c-448d-4fcb-9f72-d211cbd4e202" time="0.018">
  <properties/>
  <testcase name="testPreviewRemoveTabs" classname="griffon.pivot.support.adapters.TabPaneAdapterTest" time="0.003"/>
  <testcase name="testCornerChanged" classname="griffon.pivot.support.adapters.TabPaneAdapterTest" time="0.001"/>
  <testcase name="testCollapsibleChanged" classname="griffon.pivot.support.adapters.TabPaneAdapterTest" time="0.001"/>
  <testcase name="testTabDataRendererChanged" classname="griffon.pivot.support.adapters.TabPaneAdapterTest" time="0.001"/>
  <testcase name="testTabInserted" classname="griffon.pivot.support.adapters.TabPaneAdapterTest" time="0.0"/>
  <testcase name="testTabsRemoved" classname="griffon.pivot.support.adapters.TabPaneAdapterTest" time="0.0"/>
  <testcase name="testRemoveTabsVetoed" classname="griffon.pivot.support.adapters.TabPaneAdapterTest" time="0.0"/>
  <testcase name="testCloseableChanged" classname="griffon.pivot.support.adapters.TabPaneAdapterTest" time="0.001"/>
  <system-out><![CDATA[]]></system-out>
  <system-err><![CDATA[]]></system-err>
</testsuite>
