<?xml version="1.0" encoding="UTF-8"?>
<testsuite name="griffon.pivot.support.adapters.ImageViewAdapterTest" tests="2" skipped="0" failures="0" errors="0" timestamp="2016-12-02T17:24:24" hostname="testing-gce-b7bef7dc-c5f5-4a45-999f-a3a47e3215e0" time="0.005">
  <properties/>
  <testcase name="testImageChanged" classname="griffon.pivot.support.adapters.ImageViewAdapterTest" time="0.001"/>
  <testcase name="testAsynchronousChanged" classname="griffon.pivot.support.adapters.ImageViewAdapterTest" time="0.0"/>
  <system-out><![CDATA[]]></system-out>
  <system-err><![CDATA[]]></system-err>
</testsuite>
