<?xml version="1.0" encoding="UTF-8"?>
<testsuite name="griffon.pivot.support.adapters.CalendarBindingAdapterTest" tests="3" skipped="0" failures="0" errors="0" timestamp="2016-11-16T19:24:28" hostname="testing-gce-e8e4a2cb-d54d-4bd1-a631-062743865535" time="0.007">
  <properties/>
  <testcase name="testSelectedDateBindTypeChanged" classname="griffon.pivot.support.adapters.CalendarBindingAdapterTest" time="0.002"/>
  <testcase name="testSelectedDateBindMappingChanged" classname="griffon.pivot.support.adapters.CalendarBindingAdapterTest" time="0.001"/>
  <testcase name="testSelectedDateKeyChanged" classname="griffon.pivot.support.adapters.CalendarBindingAdapterTest" time="0.001"/>
  <system-out><![CDATA[]]></system-out>
  <system-err><![CDATA[]]></system-err>
</testsuite>
