<?xml version="1.0" encoding="UTF-8"?>
<testsuite name="griffon.pivot.support.adapters.SuggestionPopupItemAdapterTest" tests="5" skipped="0" failures="0" errors="0" timestamp="2016-11-02T15:19:13" hostname="testing-gce-ebe1e2ab-5243-4a05-8a72-5c053e509e3c" time="0.004">
  <properties/>
  <testcase name="testItemInserted" classname="griffon.pivot.support.adapters.SuggestionPopupItemAdapterTest" time="0.001"/>
  <testcase name="testItemsCleared" classname="griffon.pivot.support.adapters.SuggestionPopupItemAdapterTest" time="0.001"/>
  <testcase name="testItemUpdated" classname="griffon.pivot.support.adapters.SuggestionPopupItemAdapterTest" time="0.001"/>
  <testcase name="testItemsSorted" classname="griffon.pivot.support.adapters.SuggestionPopupItemAdapterTest" time="0.0"/>
  <testcase name="testItemsRemoved" classname="griffon.pivot.support.adapters.SuggestionPopupItemAdapterTest" time="0.0"/>
  <system-out><![CDATA[]]></system-out>
  <system-err><![CDATA[]]></system-err>
</testsuite>
