<?xml version="1.0" encoding="UTF-8"?>
<testsuite name="griffon.pivot.support.adapters.SheetStateAdapterTest" tests="3" skipped="0" failures="0" errors="0" timestamp="2017-04-07T21:46:05" hostname="testing-gce-648e5267-8028-453c-896a-9b2edc21c03a" time="0.006">
  <properties/>
  <testcase name="testSheetCloseVetoed" classname="griffon.pivot.support.adapters.SheetStateAdapterTest" time="0.004"/>
  <testcase name="testSheetClosed" classname="griffon.pivot.support.adapters.SheetStateAdapterTest" time="0.001"/>
  <testcase name="testPreviewSheetClose" classname="griffon.pivot.support.adapters.SheetStateAdapterTest" time="0.001"/>
  <system-out><![CDATA[]]></system-out>
  <system-err><![CDATA[]]></system-err>
</testsuite>
