<?xml version="1.0" encoding="UTF-8"?>
<testsuite name="griffon.pivot.support.adapters.ListViewAdapterTest" tests="7" skipped="0" failures="0" errors="0" timestamp="2016-11-16T19:24:28" hostname="testing-gce-e8e4a2cb-d54d-4bd1-a631-062743865535" time="0.014">
  <properties/>
  <testcase name="testItemEditorChanged" classname="griffon.pivot.support.adapters.ListViewAdapterTest" time="0.001"/>
  <testcase name="testDisabledItemFilterChanged" classname="griffon.pivot.support.adapters.ListViewAdapterTest" time="0.001"/>
  <testcase name="testSelectModeChanged" classname="griffon.pivot.support.adapters.ListViewAdapterTest" time="0.001"/>
  <testcase name="testDisabledCheckmarkFilterChanged" classname="griffon.pivot.support.adapters.ListViewAdapterTest" time="0.001"/>
  <testcase name="testCheckmarksEnabledChanged" classname="griffon.pivot.support.adapters.ListViewAdapterTest" time="0.003"/>
  <testcase name="testItemRendererChanged" classname="griffon.pivot.support.adapters.ListViewAdapterTest" time="0.0"/>
  <testcase name="testListDataChanged" classname="griffon.pivot.support.adapters.ListViewAdapterTest" time="0.001"/>
  <system-out><![CDATA[]]></system-out>
  <system-err><![CDATA[]]></system-err>
</testsuite>
