<?xml version="1.0" encoding="UTF-8"?>
<testsuite name="griffon.pivot.support.adapters.FileBrowserSheetAdapterTest" tests="4" skipped="0" failures="0" errors="0" timestamp="2016-11-15T19:50:42" hostname="testing-gce-0a7091f9-5a3d-42d2-bba2-f82cd72fbd72" time="0.002">
  <properties/>
  <testcase name="testModeChanged" classname="griffon.pivot.support.adapters.FileBrowserSheetAdapterTest" time="0.0"/>
  <testcase name="testSelectedFilesChanged" classname="griffon.pivot.support.adapters.FileBrowserSheetAdapterTest" time="0.001"/>
  <testcase name="testRootDirectoryChanged" classname="griffon.pivot.support.adapters.FileBrowserSheetAdapterTest" time="0.001"/>
  <testcase name="testDisabledFileFilterChanged" classname="griffon.pivot.support.adapters.FileBrowserSheetAdapterTest" time="0.0"/>
  <system-out><![CDATA[]]></system-out>
  <system-err><![CDATA[]]></system-err>
</testsuite>
