<?xml version="1.0" encoding="UTF-8"?>
<testsuite name="griffon.pivot.support.adapters.SuggestionPopupCloseAdapterTest" tests="1" skipped="0" failures="0" errors="0" timestamp="2016-12-01T10:06:32" hostname="testing-gce-eaf68bd0-c1b6-4661-a4ef-407d21883631" time="0.0">
  <properties/>
  <testcase name="testSuggestionPopupClosed" classname="griffon.pivot.support.adapters.SuggestionPopupCloseAdapterTest" time="0.0"/>
  <system-out><![CDATA[]]></system-out>
  <system-err><![CDATA[]]></system-err>
</testsuite>
