<?xml version="1.0" encoding="UTF-8"?>
<testsuite name="griffon.pivot.support.adapters.TextAreaAdapterTest" tests="2" skipped="0" failures="0" errors="0" timestamp="2016-11-17T21:57:38" hostname="testing-gce-a500a3b7-3e8b-4697-b127-d17b45a2fbc5" time="0.001">
  <properties/>
  <testcase name="testMaximumLengthChanged" classname="griffon.pivot.support.adapters.TextAreaAdapterTest" time="0.001"/>
  <testcase name="testEditableChanged" classname="griffon.pivot.support.adapters.TextAreaAdapterTest" time="0.0"/>
  <system-out><![CDATA[]]></system-out>
  <system-err><![CDATA[]]></system-err>
</testsuite>
