<?xml version="1.0" encoding="UTF-8"?>
<testsuite name="griffon.pivot.support.adapters.SpinnerItemAdapterTest" tests="5" skipped="0" failures="0" errors="0" timestamp="2017-03-29T07:32:54" hostname="testing-gce-66c09752-be5b-4dc1-8b4c-7bf7aedc91bc" time="0.018">
  <properties/>
  <testcase name="testItemInserted" classname="griffon.pivot.support.adapters.SpinnerItemAdapterTest" time="0.001"/>
  <testcase name="testItemsCleared" classname="griffon.pivot.support.adapters.SpinnerItemAdapterTest" time="0.001"/>
  <testcase name="testItemUpdated" classname="griffon.pivot.support.adapters.SpinnerItemAdapterTest" time="0.002"/>
  <testcase name="testItemsSorted" classname="griffon.pivot.support.adapters.SpinnerItemAdapterTest" time="0.001"/>
  <testcase name="testItemsRemoved" classname="griffon.pivot.support.adapters.SpinnerItemAdapterTest" time="0.002"/>
  <system-out><![CDATA[]]></system-out>
  <system-err><![CDATA[]]></system-err>
</testsuite>
