<?xml version="1.0" encoding="UTF-8"?>
<testsuite name="griffon.pivot.support.adapters.ImageViewBindingAdapterTest" tests="3" skipped="0" failures="0" errors="0" timestamp="2017-03-17T14:50:24" hostname="testing-gce-2cba042c-7dfa-40c6-8050-1b9f1390cf9f" time="0.009">
  <properties/>
  <testcase name="testImageBindMappingChanged" classname="griffon.pivot.support.adapters.ImageViewBindingAdapterTest" time="0.008"/>
  <testcase name="testImageKeyChanged" classname="griffon.pivot.support.adapters.ImageViewBindingAdapterTest" time="0.0"/>
  <testcase name="testImageBindTypeChanged" classname="griffon.pivot.support.adapters.ImageViewBindingAdapterTest" time="0.0"/>
  <system-out><![CDATA[]]></system-out>
  <system-err><![CDATA[]]></system-err>
</testsuite>
