<?xml version="1.0" encoding="UTF-8"?>
<testsuite name="griffon.pivot.formatters.ColorFormatterSpec" tests="24" skipped="0" failures="0" errors="0" timestamp="2017-01-17T10:08:33" hostname="testing-gce-287e965d-5e9a-462b-b200-af66e676e36c" time="0.069">
  <properties/>
  <testcase name="Color java.awt.Color[r=255,g=0,b=0] with pattern #RGB produces literal #f00" classname="griffon.pivot.formatters.ColorFormatterSpec" time="0.026"/>
  <testcase name="Color java.awt.Color[r=255,g=0,b=0] with pattern #RGBA produces literal #f00f" classname="griffon.pivot.formatters.ColorFormatterSpec" time="0.0"/>
  <testcase name="Color java.awt.Color[r=255,g=0,b=0] with pattern #RRGGBB produces literal #ff0000" classname="griffon.pivot.formatters.ColorFormatterSpec" time="0.0"/>
  <testcase name="Color java.awt.Color[r=255,g=0,b=0] with pattern #RRGGBBAA produces literal #ff0000ff" classname="griffon.pivot.formatters.ColorFormatterSpec" time="0.0"/>
  <testcase name="Color java.awt.Color[r=255,g=0,b=0] with pattern null produces literal #ff0000" classname="griffon.pivot.formatters.ColorFormatterSpec" time="0.001"/>
  <testcase name="Color java.awt.Color[r=255,g=0,b=0] with pattern  produces literal #ff0000" classname="griffon.pivot.formatters.ColorFormatterSpec" time="0.001"/>
  <testcase name="Color null with pattern #RGB produces literal null" classname="griffon.pivot.formatters.ColorFormatterSpec" time="0.003"/>
  <testcase name="Color null with pattern #RGBA produces literal null" classname="griffon.pivot.formatters.ColorFormatterSpec" time="0.001"/>
  <testcase name="Color null with pattern #RRGGBB produces literal null" classname="griffon.pivot.formatters.ColorFormatterSpec" time="0.001"/>
  <testcase name="Color null with pattern #RRGGBBAA produces literal null" classname="griffon.pivot.formatters.ColorFormatterSpec" time="0.001"/>
  <testcase name="Color null with pattern null produces literal null" classname="griffon.pivot.formatters.ColorFormatterSpec" time="0.0"/>
  <testcase name="Parse error for pattern #RGB with literal f00" classname="griffon.pivot.formatters.ColorFormatterSpec" time="0.007"/>
  <testcase name="Parse error for pattern #RGB with literal #f00f" classname="griffon.pivot.formatters.ColorFormatterSpec" time="0.001"/>
  <testcase name="Parse error for pattern #RGBA with literal f00f" classname="griffon.pivot.formatters.ColorFormatterSpec" time="0.001"/>
  <testcase name="Parse error for pattern #RGBA with literal #f00f0" classname="griffon.pivot.formatters.ColorFormatterSpec" time="0.0"/>
  <testcase name="Parse error for pattern #RRGGBB with literal ff0000" classname="griffon.pivot.formatters.ColorFormatterSpec" time="0.0"/>
  <testcase name="Parse error for pattern #RRGGBB with literal #ff0000f" classname="griffon.pivot.formatters.ColorFormatterSpec" time="0.002"/>
  <testcase name="Parse error for pattern #RRGGBBAA with literal ff0000ff" classname="griffon.pivot.formatters.ColorFormatterSpec" time="0.001"/>
  <testcase name="Parse error for pattern #RRGGBBAA with literal #ff0000ff0" classname="griffon.pivot.formatters.ColorFormatterSpec" time="0.0"/>
  <testcase name="Illegal pattern #" classname="griffon.pivot.formatters.ColorFormatterSpec" time="0.001"/>
  <testcase name="Illegal pattern C" classname="griffon.pivot.formatters.ColorFormatterSpec" time="0.001"/>
  <testcase name="Illegal pattern M" classname="griffon.pivot.formatters.ColorFormatterSpec" time="0.001"/>
  <testcase name="Illegal pattern Y" classname="griffon.pivot.formatters.ColorFormatterSpec" time="0.0"/>
  <testcase name="Illegal pattern K" classname="griffon.pivot.formatters.ColorFormatterSpec" time="0.001"/>
  <system-out><![CDATA[]]></system-out>
  <system-err><![CDATA[]]></system-err>
</testsuite>
