<?xml version="1.0" encoding="UTF-8"?>
<testsuite name="griffon.pivot.support.adapters.TransitionAdapterTest" tests="1" skipped="0" failures="0" errors="0" timestamp="2017-04-28T07:36:24" hostname="testing-gce-bb15f2b8-b6ea-4bfb-8616-2279e2bebb3d" time="0.001">
  <properties/>
  <testcase name="testTransitionCompleted" classname="griffon.pivot.support.adapters.TransitionAdapterTest" time="0.001"/>
  <system-out><![CDATA[]]></system-out>
  <system-err><![CDATA[]]></system-err>
</testsuite>
