<?xml version="1.0" encoding="UTF-8"?>
<testsuite name="griffon.pivot.support.adapters.ButtonBindingAdapterTest" tests="9" skipped="0" failures="0" errors="0" timestamp="2017-02-21T18:13:50" hostname="testing-gce-635704e8-b0eb-4898-b5e6-8d1f90074792" time="0.012">
  <properties/>
  <testcase name="testSelectedBindTypeChanged" classname="griffon.pivot.support.adapters.ButtonBindingAdapterTest" time="0.001"/>
  <testcase name="testSelectedKeyChanged" classname="griffon.pivot.support.adapters.ButtonBindingAdapterTest" time="0.001"/>
  <testcase name="testStateBindTypeChanged" classname="griffon.pivot.support.adapters.ButtonBindingAdapterTest" time="0.0"/>
  <testcase name="testStateKeyChanged" classname="griffon.pivot.support.adapters.ButtonBindingAdapterTest" time="0.001"/>
  <testcase name="testStateBindMappingChanged" classname="griffon.pivot.support.adapters.ButtonBindingAdapterTest" time="0.005"/>
  <testcase name="testButtonDataBindTypeChanged" classname="griffon.pivot.support.adapters.ButtonBindingAdapterTest" time="0.001"/>
  <testcase name="testButtonDataKeyChanged" classname="griffon.pivot.support.adapters.ButtonBindingAdapterTest" time="0.001"/>
  <testcase name="testButtonDataBindMappingChanged" classname="griffon.pivot.support.adapters.ButtonBindingAdapterTest" time="0.0"/>
  <testcase name="testSelectedBindMappingChanged" classname="griffon.pivot.support.adapters.ButtonBindingAdapterTest" time="0.001"/>
  <system-out><![CDATA[]]></system-out>
  <system-err><![CDATA[]]></system-err>
</testsuite>
