<?xml version="1.0" encoding="UTF-8"?>
<testsuite name="griffon.pivot.support.adapters.MenuPopupStateAdapterTest" tests="3" skipped="0" failures="0" errors="0" timestamp="2016-11-29T18:40:22" hostname="testing-gce-697e48c8-ccfd-425a-9024-c068db3ba60c" time="0.004">
  <properties/>
  <testcase name="testPreviewMenuPopupClose" classname="griffon.pivot.support.adapters.MenuPopupStateAdapterTest" time="0.001"/>
  <testcase name="testMenuPopupClosed" classname="griffon.pivot.support.adapters.MenuPopupStateAdapterTest" time="0.001"/>
  <testcase name="testMenuPopupCloseVetoed" classname="griffon.pivot.support.adapters.MenuPopupStateAdapterTest" time="0.001"/>
  <system-out><![CDATA[]]></system-out>
  <system-err><![CDATA[]]></system-err>
</testsuite>
