<?xml version="1.0" encoding="UTF-8"?>
<testsuite name="griffon.pivot.support.adapters.ComponentDecoratorAdapterTest" tests="3" skipped="0" failures="0" errors="0" timestamp="2016-12-02T17:24:23" hostname="testing-gce-b7bef7dc-c5f5-4a45-999f-a3a47e3215e0" time="0.003">
  <properties/>
  <testcase name="testDecoratorUpdated" classname="griffon.pivot.support.adapters.ComponentDecoratorAdapterTest" time="0.001"/>
  <testcase name="testDecoratorsRemoved" classname="griffon.pivot.support.adapters.ComponentDecoratorAdapterTest" time="0.001"/>
  <testcase name="testDecoratorInserted" classname="griffon.pivot.support.adapters.ComponentDecoratorAdapterTest" time="0.001"/>
  <system-out><![CDATA[]]></system-out>
  <system-err><![CDATA[]]></system-err>
</testsuite>
