<?xml version="1.0" encoding="UTF-8"?>
<testsuite name="griffon.pivot.support.adapters.ListViewItemAdapterTest" tests="5" skipped="0" failures="0" errors="0" timestamp="2016-11-30T21:59:23" hostname="testing-gce-56334b88-24b1-400f-a148-1c5d8919e344" time="0.007">
  <properties/>
  <testcase name="testItemInserted" classname="griffon.pivot.support.adapters.ListViewItemAdapterTest" time="0.001"/>
  <testcase name="testItemsCleared" classname="griffon.pivot.support.adapters.ListViewItemAdapterTest" time="0.001"/>
  <testcase name="testItemUpdated" classname="griffon.pivot.support.adapters.ListViewItemAdapterTest" time="0.002"/>
  <testcase name="testItemsSorted" classname="griffon.pivot.support.adapters.ListViewItemAdapterTest" time="0.001"/>
  <testcase name="testItemsRemoved" classname="griffon.pivot.support.adapters.ListViewItemAdapterTest" time="0.002"/>
  <system-out><![CDATA[]]></system-out>
  <system-err><![CDATA[]]></system-err>
</testsuite>
