<?xml version="1.0" encoding="UTF-8"?>
<testsuite name="griffon.pivot.support.adapters.ComponentStateAdapterTest" tests="2" skipped="0" failures="0" errors="0" timestamp="2017-02-03T08:43:40" hostname="testing-gce-028e3132-944c-44d8-aca7-00110a5ea2b2" time="0.001">
  <properties/>
  <testcase name="testFocusedChanged" classname="griffon.pivot.support.adapters.ComponentStateAdapterTest" time="0.0"/>
  <testcase name="testEnabledChanged" classname="griffon.pivot.support.adapters.ComponentStateAdapterTest" time="0.0"/>
  <system-out><![CDATA[]]></system-out>
  <system-err><![CDATA[]]></system-err>
</testsuite>
