<?xml version="1.0" encoding="UTF-8"?>
<testsuite name="griffon.pivot.support.adapters.RollupStateAdapterTest" tests="3" skipped="0" failures="0" errors="0" timestamp="2017-02-24T11:29:04" hostname="testing-gce-74d2f9bb-b51a-479d-a49c-205e2856a55c" time="0.002">
  <properties/>
  <testcase name="testExpandedChanged" classname="griffon.pivot.support.adapters.RollupStateAdapterTest" time="0.0"/>
  <testcase name="testPreviewExpandedChange" classname="griffon.pivot.support.adapters.RollupStateAdapterTest" time="0.001"/>
  <testcase name="testExpandedChangeVetoed" classname="griffon.pivot.support.adapters.RollupStateAdapterTest" time="0.0"/>
  <system-out><![CDATA[]]></system-out>
  <system-err><![CDATA[]]></system-err>
</testsuite>
