<?xml version="1.0" encoding="UTF-8"?>
<testsuite name="griffon.pivot.support.adapters.FileBrowserAdapterTest" tests="6" skipped="0" failures="0" errors="0" timestamp="2016-12-01T10:32:23" hostname="testing-gce-25a07c9d-cae8-4716-a125-946036b08bb3" time="0.01">
  <properties/>
  <testcase name="testSelectedFileAdded" classname="griffon.pivot.support.adapters.FileBrowserAdapterTest" time="0.0"/>
  <testcase name="testSelectedFilesChanged" classname="griffon.pivot.support.adapters.FileBrowserAdapterTest" time="0.0"/>
  <testcase name="testSelectedFileRemoved" classname="griffon.pivot.support.adapters.FileBrowserAdapterTest" time="0.0"/>
  <testcase name="testMultiSelectChanged" classname="griffon.pivot.support.adapters.FileBrowserAdapterTest" time="0.001"/>
  <testcase name="testRootDirectoryChanged" classname="griffon.pivot.support.adapters.FileBrowserAdapterTest" time="0.001"/>
  <testcase name="testDisabledFileFilterChanged" classname="griffon.pivot.support.adapters.FileBrowserAdapterTest" time="0.002"/>
  <system-out><![CDATA[]]></system-out>
  <system-err><![CDATA[]]></system-err>
</testsuite>
