<?xml version="1.0" encoding="UTF-8"?>
<testsuite name="griffon.pivot.support.adapters.ImageViewBindingAdapterTest" tests="3" skipped="0" failures="0" errors="0" timestamp="2016-12-01T10:32:22" hostname="testing-gce-25a07c9d-cae8-4716-a125-946036b08bb3" time="0.002">
  <properties/>
  <testcase name="testImageBindMappingChanged" classname="griffon.pivot.support.adapters.ImageViewBindingAdapterTest" time="0.001"/>
  <testcase name="testImageKeyChanged" classname="griffon.pivot.support.adapters.ImageViewBindingAdapterTest" time="0.001"/>
  <testcase name="testImageBindTypeChanged" classname="griffon.pivot.support.adapters.ImageViewBindingAdapterTest" time="0.0"/>
  <system-out><![CDATA[]]></system-out>
  <system-err><![CDATA[]]></system-err>
</testsuite>
