<?xml version="1.0" encoding="UTF-8"?>
<testsuite name="griffon.pivot.support.adapters.SuggestionPopupAdapterTest" tests="3" skipped="0" failures="0" errors="0" timestamp="2016-12-02T13:06:53" hostname="testing-gce-cc5ab124-7f74-4323-a4b5-4e8dc3b1534d" time="0.003">
  <properties/>
  <testcase name="testListSizeChanged" classname="griffon.pivot.support.adapters.SuggestionPopupAdapterTest" time="0.001"/>
  <testcase name="testSuggestionDataChanged" classname="griffon.pivot.support.adapters.SuggestionPopupAdapterTest" time="0.001"/>
  <testcase name="testSuggestionRendererChanged" classname="griffon.pivot.support.adapters.SuggestionPopupAdapterTest" time="0.001"/>
  <system-out><![CDATA[]]></system-out>
  <system-err><![CDATA[]]></system-err>
</testsuite>
