<?xml version="1.0" encoding="UTF-8"?>
<testsuite name="griffon.pivot.support.adapters.SplitPaneAdapterTest" tests="7" skipped="0" failures="0" errors="0" timestamp="2017-01-09T08:05:10" hostname="testing-gce-21936cb8-f165-4118-9ac0-d77ae1d8d6f1" time="0.013">
  <properties/>
  <testcase name="testLockedChanged" classname="griffon.pivot.support.adapters.SplitPaneAdapterTest" time="0.001"/>
  <testcase name="testPrimaryRegionChanged" classname="griffon.pivot.support.adapters.SplitPaneAdapterTest" time="0.001"/>
  <testcase name="testOrientationChanged" classname="griffon.pivot.support.adapters.SplitPaneAdapterTest" time="0.008"/>
  <testcase name="testBottomRightChanged" classname="griffon.pivot.support.adapters.SplitPaneAdapterTest" time="0.001"/>
  <testcase name="testSplitRatioChanged" classname="griffon.pivot.support.adapters.SplitPaneAdapterTest" time="0.001"/>
  <testcase name="testTopLeftChanged" classname="griffon.pivot.support.adapters.SplitPaneAdapterTest" time="0.001"/>
  <testcase name="testResizeModeChanged" classname="griffon.pivot.support.adapters.SplitPaneAdapterTest" time="0.0"/>
  <system-out><![CDATA[]]></system-out>
  <system-err><![CDATA[]]></system-err>
</testsuite>
