<?xml version="1.0" encoding="UTF-8"?>
<testsuite name="griffon.pivot.support.adapters.ComponentMouseButtonAdapterTest" tests="3" skipped="0" failures="0" errors="0" timestamp="2016-12-02T17:44:56" hostname="testing-gce-f9e98b43-93c9-42c8-afdb-eab9b83f6b2a" time="0.005">
  <properties/>
  <testcase name="testMouseClick" classname="griffon.pivot.support.adapters.ComponentMouseButtonAdapterTest" time="0.002"/>
  <testcase name="testMouseUp" classname="griffon.pivot.support.adapters.ComponentMouseButtonAdapterTest" time="0.002"/>
  <testcase name="testMouseDown" classname="griffon.pivot.support.adapters.ComponentMouseButtonAdapterTest" time="0.001"/>
  <system-out><![CDATA[]]></system-out>
  <system-err><![CDATA[]]></system-err>
</testsuite>
