<?xml version="1.0" encoding="UTF-8"?>
<testsuite name="griffon.pivot.support.adapters.WindowStateAdapterTest" tests="6" skipped="0" failures="0" errors="0" timestamp="2016-11-30T21:59:24" hostname="testing-gce-56334b88-24b1-400f-a148-1c5d8919e344" time="0.006">
  <properties/>
  <testcase name="testPreviewWindowOpen" classname="griffon.pivot.support.adapters.WindowStateAdapterTest" time="0.002"/>
  <testcase name="testWindowCloseVetoed" classname="griffon.pivot.support.adapters.WindowStateAdapterTest" time="0.0"/>
  <testcase name="testWindowOpenVetoed" classname="griffon.pivot.support.adapters.WindowStateAdapterTest" time="0.0"/>
  <testcase name="testWindowClosed" classname="griffon.pivot.support.adapters.WindowStateAdapterTest" time="0.0"/>
  <testcase name="testWindowOpened" classname="griffon.pivot.support.adapters.WindowStateAdapterTest" time="0.001"/>
  <testcase name="testPreviewWindowClose" classname="griffon.pivot.support.adapters.WindowStateAdapterTest" time="0.001"/>
  <system-out><![CDATA[]]></system-out>
  <system-err><![CDATA[]]></system-err>
</testsuite>
