<?xml version="1.0" encoding="UTF-8"?>
<testsuite name="griffon.pivot.support.adapters.ButtonPressAdapterTest" tests="1" skipped="0" failures="0" errors="0" timestamp="2017-04-17T14:56:59" hostname="testing-gce-7bf6deec-e5d4-4766-bf77-6fb58608b635" time="0.0">
  <properties/>
  <testcase name="testButtonPressed" classname="griffon.pivot.support.adapters.ButtonPressAdapterTest" time="0.0"/>
  <system-out><![CDATA[]]></system-out>
  <system-err><![CDATA[]]></system-err>
</testsuite>
