<?xml version="1.0" encoding="UTF-8"?>
<testsuite name="griffon.pivot.support.adapters.TextAreaContentAdapterTest" tests="3" skipped="0" failures="0" errors="0" timestamp="2017-01-02T03:02:15" hostname="testing-gce-680137c7-17b8-4669-933f-d1be09a2a8ab" time="0.002">
  <properties/>
  <testcase name="testTextChanged" classname="griffon.pivot.support.adapters.TextAreaContentAdapterTest" time="0.001"/>
  <testcase name="testParagraphInserted" classname="griffon.pivot.support.adapters.TextAreaContentAdapterTest" time="0.0"/>
  <testcase name="testParagraphsRemoved" classname="griffon.pivot.support.adapters.TextAreaContentAdapterTest" time="0.0"/>
  <system-out><![CDATA[]]></system-out>
  <system-err><![CDATA[]]></system-err>
</testsuite>
