<?xml version="1.0" encoding="UTF-8"?>
<testsuite name="griffon.pivot.support.adapters.CalendarSelectionAdapterTest" tests="1" skipped="0" failures="0" errors="0" timestamp="2016-11-16T18:52:30" hostname="testing-gce-a8eb0744-142d-4aa3-aea8-752a56f8e7a5" time="0.0">
  <properties/>
  <testcase name="testSelectedDateChanged" classname="griffon.pivot.support.adapters.CalendarSelectionAdapterTest" time="0.0"/>
  <system-out><![CDATA[]]></system-out>
  <system-err><![CDATA[]]></system-err>
</testsuite>
