<?xml version="1.0" encoding="UTF-8"?>
<testsuite name="griffon.pivot.support.adapters.ListViewAdapterTest" tests="7" skipped="0" failures="0" errors="0" timestamp="2016-11-14T16:00:00" hostname="testing-gce-262b1400-de9e-4b35-b7a9-cd4d4f40eb7e" time="0.007">
  <properties/>
  <testcase name="testItemEditorChanged" classname="griffon.pivot.support.adapters.ListViewAdapterTest" time="0.0"/>
  <testcase name="testDisabledItemFilterChanged" classname="griffon.pivot.support.adapters.ListViewAdapterTest" time="0.0"/>
  <testcase name="testSelectModeChanged" classname="griffon.pivot.support.adapters.ListViewAdapterTest" time="0.001"/>
  <testcase name="testDisabledCheckmarkFilterChanged" classname="griffon.pivot.support.adapters.ListViewAdapterTest" time="0.001"/>
  <testcase name="testCheckmarksEnabledChanged" classname="griffon.pivot.support.adapters.ListViewAdapterTest" time="0.001"/>
  <testcase name="testItemRendererChanged" classname="griffon.pivot.support.adapters.ListViewAdapterTest" time="0.001"/>
  <testcase name="testListDataChanged" classname="griffon.pivot.support.adapters.ListViewAdapterTest" time="0.001"/>
  <system-out><![CDATA[]]></system-out>
  <system-err><![CDATA[]]></system-err>
</testsuite>
