<?xml version="1.0" encoding="UTF-8"?>
<testsuite name="griffon.pivot.editors.ColorPropertyEditorSpec" tests="50" skipped="0" failures="0" errors="0" timestamp="2017-04-18T07:11:51" hostname="testing-gce-002cfebe-ce3e-40e2-ac44-84a0ecf46dae" time="0.036">
  <properties/>
  <testcase name="Color format 'null' should be equal to null" classname="griffon.pivot.editors.ColorPropertyEditorSpec" time="0.005"/>
  <testcase name="Color format '' should be equal to null" classname="griffon.pivot.editors.ColorPropertyEditorSpec" time="0.0"/>
  <testcase name="Color format ' ' should be equal to null" classname="griffon.pivot.editors.ColorPropertyEditorSpec" time="0.0"/>
  <testcase name="Color format '[]' should be equal to null" classname="griffon.pivot.editors.ColorPropertyEditorSpec" time="0.0"/>
  <testcase name="Color format '[:]' should be equal to null" classname="griffon.pivot.editors.ColorPropertyEditorSpec" time="0.0"/>
  <testcase name="Color format 'red' should be equal to java.awt.Color[r=255,g=0,b=0]" classname="griffon.pivot.editors.ColorPropertyEditorSpec" time="0.001"/>
  <testcase name="Color format 'RED' should be equal to java.awt.Color[r=255,g=0,b=0]" classname="griffon.pivot.editors.ColorPropertyEditorSpec" time="0.0"/>
  <testcase name="Color format '#F00' should be equal to java.awt.Color[r=255,g=0,b=0]" classname="griffon.pivot.editors.ColorPropertyEditorSpec" time="0.0"/>
  <testcase name="Color format '#F00F' should be equal to java.awt.Color[r=255,g=0,b=0]" classname="griffon.pivot.editors.ColorPropertyEditorSpec" time="0.0"/>
  <testcase name="Color format '#FF0000' should be equal to java.awt.Color[r=255,g=0,b=0]" classname="griffon.pivot.editors.ColorPropertyEditorSpec" time="0.0"/>
  <testcase name="Color format '#FF0000FF' should be equal to java.awt.Color[r=255,g=0,b=0]" classname="griffon.pivot.editors.ColorPropertyEditorSpec" time="0.001"/>
  <testcase name="Color format '[FF, 00, 00]' should be equal to java.awt.Color[r=255,g=0,b=0]" classname="griffon.pivot.editors.ColorPropertyEditorSpec" time="0.0"/>
  <testcase name="Color format '[FF, 00, 00, FF]' should be equal to java.awt.Color[r=255,g=0,b=0]" classname="griffon.pivot.editors.ColorPropertyEditorSpec" time="0.0"/>
  <testcase name="Color format '[255, 0, 0]' should be equal to java.awt.Color[r=255,g=0,b=0]" classname="griffon.pivot.editors.ColorPropertyEditorSpec" time="0.0"/>
  <testcase name="Color format '[255, 0, 0, 255]' should be equal to java.awt.Color[r=255,g=0,b=0]" classname="griffon.pivot.editors.ColorPropertyEditorSpec" time="0.0"/>
  <testcase name="Color format '[FF, 0, 0, FF]' should be equal to java.awt.Color[r=255,g=0,b=0]" classname="griffon.pivot.editors.ColorPropertyEditorSpec" time="0.001"/>
  <testcase name="Color format '255' should be equal to java.awt.Color[r=255,g=255,b=255]" classname="griffon.pivot.editors.ColorPropertyEditorSpec" time="0.001"/>
  <testcase name="Color format '[red:255]' should be equal to java.awt.Color[r=255,g=0,b=0]" classname="griffon.pivot.editors.ColorPropertyEditorSpec" time="0.0"/>
  <testcase name="Color format '[red:FF]' should be equal to java.awt.Color[r=255,g=0,b=0]" classname="griffon.pivot.editors.ColorPropertyEditorSpec" time="0.0"/>
  <testcase name="Color format '[red:FF, green:0, blue:0]' should be equal to java.awt.Color[r=255,g=0,b=0]" classname="griffon.pivot.editors.ColorPropertyEditorSpec" time="0.001"/>
  <testcase name="Color format '[r:255]' should be equal to java.awt.Color[r=255,g=0,b=0]" classname="griffon.pivot.editors.ColorPropertyEditorSpec" time="0.0"/>
  <testcase name="Color format '[r:FF]' should be equal to java.awt.Color[r=255,g=0,b=0]" classname="griffon.pivot.editors.ColorPropertyEditorSpec" time="0.0"/>
  <testcase name="Color format '[r:FF, g:00, b:00]' should be equal to java.awt.Color[r=255,g=0,b=0]" classname="griffon.pivot.editors.ColorPropertyEditorSpec" time="0.001"/>
  <testcase name="Color format '#102030' should be equal to java.awt.Color[r=16,g=32,b=48]" classname="griffon.pivot.editors.ColorPropertyEditorSpec" time="0.0"/>
  <testcase name="Color format '#10203040' should be equal to java.awt.Color[r=16,g=32,b=48]" classname="griffon.pivot.editors.ColorPropertyEditorSpec" time="0.0"/>
  <testcase name="Color format '[16, 32, 48, 64]' should be equal to java.awt.Color[r=16,g=32,b=48]" classname="griffon.pivot.editors.ColorPropertyEditorSpec" time="0.0"/>
  <testcase name="Color format '[r:16, g:32, b:48, a:64]' should be equal to java.awt.Color[r=16,g=32,b=48]" classname="griffon.pivot.editors.ColorPropertyEditorSpec" time="0.0"/>
  <testcase name="Color format '[10, 20, 30, 40]' should be equal to java.awt.Color[r=16,g=32,b=48]" classname="griffon.pivot.editors.ColorPropertyEditorSpec" time="0.001"/>
  <testcase name="Color format '[r:10, g:20, b:30, a:40]' should be equal to java.awt.Color[r=16,g=32,b=48]" classname="griffon.pivot.editors.ColorPropertyEditorSpec" time="0.0"/>
  <testcase name="Color format 'FUCHSIA' should be equal to java.awt.Color[r=255,g=0,b=255]" classname="griffon.pivot.editors.ColorPropertyEditorSpec" time="0.0"/>
  <testcase name="Color format 'fuchsia' should be equal to java.awt.Color[r=255,g=0,b=255]" classname="griffon.pivot.editors.ColorPropertyEditorSpec" time="0.0"/>
  <testcase name="Color format 'java.awt.Color[r=255,g=0,b=255]' should be equal to java.awt.Color[r=255,g=0,b=255]" classname="griffon.pivot.editors.ColorPropertyEditorSpec" time="0.0"/>
  <testcase name="Invalid color format 'garbage'" classname="griffon.pivot.editors.ColorPropertyEditorSpec" time="0.001"/>
  <testcase name="Invalid color format '[1]'" classname="griffon.pivot.editors.ColorPropertyEditorSpec" time="0.0"/>
  <testcase name="Invalid color format '[1, 2]'" classname="griffon.pivot.editors.ColorPropertyEditorSpec" time="0.0"/>
  <testcase name="Invalid color format '[1, 2, 3, 4, 5]'" classname="griffon.pivot.editors.ColorPropertyEditorSpec" time="0.0"/>
  <testcase name="Invalid color format '[java.lang.Object@be42ea6]'" classname="griffon.pivot.editors.ColorPropertyEditorSpec" time="0.0"/>
  <testcase name="Invalid color format '[java.lang.Object@496d6f94, java.lang.Object@3583e1b9, java.lang.Object@35596a90]'" classname="griffon.pivot.editors.ColorPropertyEditorSpec" time="0.001"/>
  <testcase name="Invalid color format '[red:java.lang.Object@1fe2e383]'" classname="griffon.pivot.editors.ColorPropertyEditorSpec" time="0.0"/>
  <testcase name="Invalid color format 'F00'" classname="griffon.pivot.editors.ColorPropertyEditorSpec" time="0.001"/>
  <testcase name="Invalid color format '#F0'" classname="griffon.pivot.editors.ColorPropertyEditorSpec" time="0.0"/>
  <testcase name="Invalid color format '#FF0000FF00'" classname="griffon.pivot.editors.ColorPropertyEditorSpec" time="0.001"/>
  <testcase name="Invalid color format '[HH, FF, 00]'" classname="griffon.pivot.editors.ColorPropertyEditorSpec" time="0.0"/>
  <testcase name="Invalid color format 'java.lang.Object@3d513e24'" classname="griffon.pivot.editors.ColorPropertyEditorSpec" time="0.0"/>
  <testcase name="Formatted color 'null' with format null" classname="griffon.pivot.editors.ColorPropertyEditorSpec" time="0.0"/>
  <testcase name="Formatted color '#ff0000' with format null" classname="griffon.pivot.editors.ColorPropertyEditorSpec" time="0.0"/>
  <testcase name="Formatted color '#f00' with format #RGB" classname="griffon.pivot.editors.ColorPropertyEditorSpec" time="0.0"/>
  <testcase name="Formatted color '#f00f' with format #RGBA" classname="griffon.pivot.editors.ColorPropertyEditorSpec" time="0.0"/>
  <testcase name="Formatted color '#ff0000' with format #RRGGBB" classname="griffon.pivot.editors.ColorPropertyEditorSpec" time="0.001"/>
  <testcase name="Formatted color '#ff0000ff' with format #RRGGBBAA" classname="griffon.pivot.editors.ColorPropertyEditorSpec" time="0.0"/>
  <system-out><![CDATA[]]></system-out>
  <system-err><![CDATA[]]></system-err>
</testsuite>
