<?xml version="1.0" encoding="UTF-8"?>
<testsuite name="griffon.pivot.support.adapters.TreeViewBranchAdapterTest" tests="2" skipped="0" failures="0" errors="0" timestamp="2016-12-12T18:15:20" hostname="testing-gce-b8b33b65-f9aa-43f6-82c8-a8f17f90840a" time="0.01">
  <properties/>
  <testcase name="testBranchExpanded" classname="griffon.pivot.support.adapters.TreeViewBranchAdapterTest" time="0.009"/>
  <testcase name="testBranchCollapsed" classname="griffon.pivot.support.adapters.TreeViewBranchAdapterTest" time="0.001"/>
  <system-out><![CDATA[]]></system-out>
  <system-err><![CDATA[]]></system-err>
</testsuite>
