<?xml version="1.0" encoding="UTF-8"?>
<testsuite name="griffon.pivot.support.adapters.ComponentMouseButtonAdapterTest" tests="3" skipped="0" failures="0" errors="0" timestamp="2017-01-24T16:11:52" hostname="testing-gce-1aad4636-e653-4bc2-aa18-88ff82246238" time="0.005">
  <properties/>
  <testcase name="testMouseClick" classname="griffon.pivot.support.adapters.ComponentMouseButtonAdapterTest" time="0.002"/>
  <testcase name="testMouseUp" classname="griffon.pivot.support.adapters.ComponentMouseButtonAdapterTest" time="0.001"/>
  <testcase name="testMouseDown" classname="griffon.pivot.support.adapters.ComponentMouseButtonAdapterTest" time="0.001"/>
  <system-out><![CDATA[]]></system-out>
  <system-err><![CDATA[]]></system-err>
</testsuite>
