<?xml version="1.0" encoding="UTF-8"?>
<testsuite name="griffon.pivot.support.adapters.FormAttributeAdapterTest" tests="3" skipped="0" failures="0" errors="0" timestamp="2017-03-13T20:10:15" hostname="testing-gce-5c6f6730-f713-4b79-bb0b-2c95a726fbf5" time="0.004">
  <properties/>
  <testcase name="testFlagChanged" classname="griffon.pivot.support.adapters.FormAttributeAdapterTest" time="0.001"/>
  <testcase name="testLabelChanged" classname="griffon.pivot.support.adapters.FormAttributeAdapterTest" time="0.002"/>
  <testcase name="testRequiredChanged" classname="griffon.pivot.support.adapters.FormAttributeAdapterTest" time="0.001"/>
  <system-out><![CDATA[]]></system-out>
  <system-err><![CDATA[]]></system-err>
</testsuite>
