<?xml version="1.0" encoding="UTF-8"?>
<testsuite name="griffon.pivot.support.adapters.ButtonBindingAdapterTest" tests="9" skipped="0" failures="0" errors="0" timestamp="2016-11-15T19:50:42" hostname="testing-gce-0a7091f9-5a3d-42d2-bba2-f82cd72fbd72" time="0.008">
  <properties/>
  <testcase name="testSelectedBindTypeChanged" classname="griffon.pivot.support.adapters.ButtonBindingAdapterTest" time="0.001"/>
  <testcase name="testSelectedKeyChanged" classname="griffon.pivot.support.adapters.ButtonBindingAdapterTest" time="0.0"/>
  <testcase name="testStateBindTypeChanged" classname="griffon.pivot.support.adapters.ButtonBindingAdapterTest" time="0.001"/>
  <testcase name="testStateKeyChanged" classname="griffon.pivot.support.adapters.ButtonBindingAdapterTest" time="0.0"/>
  <testcase name="testStateBindMappingChanged" classname="griffon.pivot.support.adapters.ButtonBindingAdapterTest" time="0.001"/>
  <testcase name="testButtonDataBindTypeChanged" classname="griffon.pivot.support.adapters.ButtonBindingAdapterTest" time="0.0"/>
  <testcase name="testButtonDataKeyChanged" classname="griffon.pivot.support.adapters.ButtonBindingAdapterTest" time="0.002"/>
  <testcase name="testButtonDataBindMappingChanged" classname="griffon.pivot.support.adapters.ButtonBindingAdapterTest" time="0.0"/>
  <testcase name="testSelectedBindMappingChanged" classname="griffon.pivot.support.adapters.ButtonBindingAdapterTest" time="0.001"/>
  <system-out><![CDATA[]]></system-out>
  <system-err><![CDATA[]]></system-err>
</testsuite>
