<?xml version="1.0" encoding="UTF-8"?>
<testsuite name="griffon.pivot.support.adapters.FormAdapterTest" tests="5" skipped="0" failures="0" errors="0" timestamp="2016-12-28T19:54:21" hostname="testing-gce-2e4b170c-448d-4fcb-9f72-d211cbd4e202" time="0.003">
  <properties/>
  <testcase name="testFieldsRemoved" classname="griffon.pivot.support.adapters.FormAdapterTest" time="0.0"/>
  <testcase name="testSectionInserted" classname="griffon.pivot.support.adapters.FormAdapterTest" time="0.0"/>
  <testcase name="testSectionHeadingChanged" classname="griffon.pivot.support.adapters.FormAdapterTest" time="0.001"/>
  <testcase name="testSectionsRemoved" classname="griffon.pivot.support.adapters.FormAdapterTest" time="0.001"/>
  <testcase name="testFieldInserted" classname="griffon.pivot.support.adapters.FormAdapterTest" time="0.0"/>
  <system-out><![CDATA[]]></system-out>
  <system-err><![CDATA[]]></system-err>
</testsuite>
