<?xml version="1.0" encoding="UTF-8"?>
<testsuite name="griffon.pivot.support.adapters.NodeAdapterTest" tests="6" skipped="0" failures="0" errors="0" timestamp="2017-01-16T09:20:31" hostname="testing-gce-4c618c2c-437c-402b-9bda-43779c2508ed" time="0.005">
  <properties/>
  <testcase name="testParentChanged" classname="griffon.pivot.support.adapters.NodeAdapterTest" time="0.0"/>
  <testcase name="testOffsetChanged" classname="griffon.pivot.support.adapters.NodeAdapterTest" time="0.0"/>
  <testcase name="testNodeInserted" classname="griffon.pivot.support.adapters.NodeAdapterTest" time="0.0"/>
  <testcase name="testRangeRemoved" classname="griffon.pivot.support.adapters.NodeAdapterTest" time="0.0"/>
  <testcase name="testNodesRemoved" classname="griffon.pivot.support.adapters.NodeAdapterTest" time="0.0"/>
  <testcase name="testRangeInserted" classname="griffon.pivot.support.adapters.NodeAdapterTest" time="0.0"/>
  <system-out><![CDATA[]]></system-out>
  <system-err><![CDATA[]]></system-err>
</testsuite>
