<?xml version="1.0" encoding="UTF-8"?>
<testsuite name="griffon.pivot.support.adapters.ListViewSelectionAdapterTest" tests="4" skipped="0" failures="0" errors="0" timestamp="2017-04-18T07:11:50" hostname="testing-gce-002cfebe-ce3e-40e2-ac44-84a0ecf46dae" time="0.012">
  <properties/>
  <testcase name="testSelectedRangesChanged" classname="griffon.pivot.support.adapters.ListViewSelectionAdapterTest" time="0.01"/>
  <testcase name="testSelectedRangeRemoved" classname="griffon.pivot.support.adapters.ListViewSelectionAdapterTest" time="0.001"/>
  <testcase name="testSelectedRangeAdded" classname="griffon.pivot.support.adapters.ListViewSelectionAdapterTest" time="0.001"/>
  <testcase name="testSelectedItemChanged" classname="griffon.pivot.support.adapters.ListViewSelectionAdapterTest" time="0.0"/>
  <system-out><![CDATA[]]></system-out>
  <system-err><![CDATA[]]></system-err>
</testsuite>
