<?xml version="1.0" encoding="UTF-8"?>
<testsuite name="griffon.pivot.editors.InsetsPropertyEditorSpec" tests="34" skipped="0" failures="0" errors="0" timestamp="2016-11-18T14:47:20" hostname="testing-gce-32b998c0-1c86-42c0-92eb-71cbad2128a4" time="0.072">
  <properties/>
  <testcase name="Insets format 'null' should be equal to null" classname="griffon.pivot.editors.InsetsPropertyEditorSpec" time="0.033"/>
  <testcase name="Insets format '' should be equal to null" classname="griffon.pivot.editors.InsetsPropertyEditorSpec" time="0.002"/>
  <testcase name="Insets format ' ' should be equal to null" classname="griffon.pivot.editors.InsetsPropertyEditorSpec" time="0.0"/>
  <testcase name="Insets format '[]' should be equal to null" classname="griffon.pivot.editors.InsetsPropertyEditorSpec" time="0.001"/>
  <testcase name="Insets format '[:]' should be equal to null" classname="griffon.pivot.editors.InsetsPropertyEditorSpec" time="0.0"/>
  <testcase name="Insets format '1' should be equal to org.apache.pivot.wtk.Insets [1, 0, 0, 0]" classname="griffon.pivot.editors.InsetsPropertyEditorSpec" time="0.0"/>
  <testcase name="Insets format '1,2' should be equal to org.apache.pivot.wtk.Insets [1, 2, 0, 0]" classname="griffon.pivot.editors.InsetsPropertyEditorSpec" time="0.001"/>
  <testcase name="Insets format '1,2,3' should be equal to org.apache.pivot.wtk.Insets [1, 2, 3, 0]" classname="griffon.pivot.editors.InsetsPropertyEditorSpec" time="0.0"/>
  <testcase name="Insets format '1,2,3,4' should be equal to org.apache.pivot.wtk.Insets [1, 2, 3, 4]" classname="griffon.pivot.editors.InsetsPropertyEditorSpec" time="0.001"/>
  <testcase name="Insets format '1, 2, 3, 4' should be equal to org.apache.pivot.wtk.Insets [1, 2, 3, 4]" classname="griffon.pivot.editors.InsetsPropertyEditorSpec" time="0.0"/>
  <testcase name="Insets format ' 1, 2, 3, 4' should be equal to org.apache.pivot.wtk.Insets [1, 2, 3, 4]" classname="griffon.pivot.editors.InsetsPropertyEditorSpec" time="0.001"/>
  <testcase name="Insets format ' 1, 2,3 , 4 ' should be equal to org.apache.pivot.wtk.Insets [1, 2, 3, 4]" classname="griffon.pivot.editors.InsetsPropertyEditorSpec" time="0.0"/>
  <testcase name="Insets format '[1, 2, 3, 4]' should be equal to org.apache.pivot.wtk.Insets [1, 2, 3, 4]" classname="griffon.pivot.editors.InsetsPropertyEditorSpec" time="0.001"/>
  <testcase name="Insets format '[1, 2, 3, 4]' should be equal to org.apache.pivot.wtk.Insets [1, 2, 3, 4]" classname="griffon.pivot.editors.InsetsPropertyEditorSpec" time="0.0"/>
  <testcase name="Insets format '1' should be equal to org.apache.pivot.wtk.Insets [1, 1, 1, 1]" classname="griffon.pivot.editors.InsetsPropertyEditorSpec" time="0.001"/>
  <testcase name="Insets format '[1]' should be equal to org.apache.pivot.wtk.Insets [1, 0, 0, 0]" classname="griffon.pivot.editors.InsetsPropertyEditorSpec" time="0.004"/>
  <testcase name="Insets format '[1]' should be equal to org.apache.pivot.wtk.Insets [1, 0, 0, 0]" classname="griffon.pivot.editors.InsetsPropertyEditorSpec" time="0.001"/>
  <testcase name="Insets format '[top:1, left:2, right:3, bottom:4]' should be equal to org.apache.pivot.wtk.Insets [1, 2, 3, 4]" classname="griffon.pivot.editors.InsetsPropertyEditorSpec" time="0.0"/>
  <testcase name="Insets format '[top:1, left:2, right:3, bottom:4]' should be equal to org.apache.pivot.wtk.Insets [1, 2, 3, 4]" classname="griffon.pivot.editors.InsetsPropertyEditorSpec" time="0.0"/>
  <testcase name="Insets format '[t:1, l:2, r:3, b:4]' should be equal to org.apache.pivot.wtk.Insets [1, 2, 3, 4]" classname="griffon.pivot.editors.InsetsPropertyEditorSpec" time="0.0"/>
  <testcase name="Insets format '[t:1, l:2, r:3, b:4]' should be equal to org.apache.pivot.wtk.Insets [1, 2, 3, 4]" classname="griffon.pivot.editors.InsetsPropertyEditorSpec" time="0.0"/>
  <testcase name="Insets format 'org.apache.pivot.wtk.Insets [1, 2, 3, 4]' should be equal to org.apache.pivot.wtk.Insets [1, 2, 3, 4]" classname="griffon.pivot.editors.InsetsPropertyEditorSpec" time="0.001"/>
  <testcase name="Insets format '[foo:1, bar:2]' should be equal to org.apache.pivot.wtk.Insets [0, 0, 0, 0]" classname="griffon.pivot.editors.InsetsPropertyEditorSpec" time="0.001"/>
  <testcase name="Invalid insets format 'garbage'" classname="griffon.pivot.editors.InsetsPropertyEditorSpec" time="0.006"/>
  <testcase name="Invalid insets format '1, 2, 3,4 ,5'" classname="griffon.pivot.editors.InsetsPropertyEditorSpec" time="0.0"/>
  <testcase name="Invalid insets format '1, a'" classname="griffon.pivot.editors.InsetsPropertyEditorSpec" time="0.001"/>
  <testcase name="Invalid insets format '[1, 2, 3, 4, 5]'" classname="griffon.pivot.editors.InsetsPropertyEditorSpec" time="0.0"/>
  <testcase name="Invalid insets format '[java.lang.Object@7117641]'" classname="griffon.pivot.editors.InsetsPropertyEditorSpec" time="0.001"/>
  <testcase name="Invalid insets format '[top:java.lang.Object@b3fb093]'" classname="griffon.pivot.editors.InsetsPropertyEditorSpec" time="0.001"/>
  <testcase name="Invalid insets format '[top:a]'" classname="griffon.pivot.editors.InsetsPropertyEditorSpec" time="0.0"/>
  <testcase name="Invalid insets format '[t:b]'" classname="griffon.pivot.editors.InsetsPropertyEditorSpec" time="0.0"/>
  <testcase name="Invalid insets format 'java.lang.Object@3d799d6d'" classname="griffon.pivot.editors.InsetsPropertyEditorSpec" time="0.001"/>
  <testcase name="Formatted insets 'null'" classname="griffon.pivot.editors.InsetsPropertyEditorSpec" time="0.0"/>
  <testcase name="Formatted insets '1, 2, 3, 4'" classname="griffon.pivot.editors.InsetsPropertyEditorSpec" time="0.0"/>
  <system-out><![CDATA[]]></system-out>
  <system-err><![CDATA[]]></system-err>
</testsuite>
