<?xml version="1.0" encoding="UTF-8"?>
<testsuite name="griffon.pivot.support.adapters.TableViewBindingAdapterTest" tests="9" skipped="0" failures="0" errors="0" timestamp="2017-01-09T08:05:11" hostname="testing-gce-21936cb8-f165-4118-9ac0-d77ae1d8d6f1" time="0.008">
  <properties/>
  <testcase name="testTableDataBindTypeChanged" classname="griffon.pivot.support.adapters.TableViewBindingAdapterTest" time="0.001"/>
  <testcase name="testTableDataKeyChanged" classname="griffon.pivot.support.adapters.TableViewBindingAdapterTest" time="0.001"/>
  <testcase name="testSelectedRowBindMappingChanged" classname="griffon.pivot.support.adapters.TableViewBindingAdapterTest" time="0.001"/>
  <testcase name="testSelectedRowsKeyChanged" classname="griffon.pivot.support.adapters.TableViewBindingAdapterTest" time="0.001"/>
  <testcase name="testSelectedRowsBindTypeChanged" classname="griffon.pivot.support.adapters.TableViewBindingAdapterTest" time="0.001"/>
  <testcase name="testSelectedRowKeyChanged" classname="griffon.pivot.support.adapters.TableViewBindingAdapterTest" time="0.001"/>
  <testcase name="testSelectedRowsBindMappingChanged" classname="griffon.pivot.support.adapters.TableViewBindingAdapterTest" time="0.001"/>
  <testcase name="testSelectedRowBindTypeChanged" classname="griffon.pivot.support.adapters.TableViewBindingAdapterTest" time="0.001"/>
  <testcase name="testTableDataBindMappingChanged" classname="griffon.pivot.support.adapters.TableViewBindingAdapterTest" time="0.0"/>
  <system-out><![CDATA[]]></system-out>
  <system-err><![CDATA[]]></system-err>
</testsuite>
