<?xml version="1.0" encoding="UTF-8"?>
<testsuite name="griffon.pivot.support.adapters.RollupStateAdapterTest" tests="3" skipped="0" failures="0" errors="0" timestamp="2016-11-17T21:57:36" hostname="testing-gce-a500a3b7-3e8b-4697-b127-d17b45a2fbc5" time="0.01">
  <properties/>
  <testcase name="testExpandedChanged" classname="griffon.pivot.support.adapters.RollupStateAdapterTest" time="0.004"/>
  <testcase name="testPreviewExpandedChange" classname="griffon.pivot.support.adapters.RollupStateAdapterTest" time="0.003"/>
  <testcase name="testExpandedChangeVetoed" classname="griffon.pivot.support.adapters.RollupStateAdapterTest" time="0.001"/>
  <system-out><![CDATA[]]></system-out>
  <system-err><![CDATA[]]></system-err>
</testsuite>
