<?xml version="1.0" encoding="UTF-8"?>
<testsuite name="griffon.pivot.support.adapters.ComponentStateAdapterTest" tests="2" skipped="0" failures="0" errors="0" timestamp="2017-01-20T08:38:37" hostname="testing-gce-7a9bbf15-27be-4fe1-b344-89097b4b1abf" time="0.002">
  <properties/>
  <testcase name="testFocusedChanged" classname="griffon.pivot.support.adapters.ComponentStateAdapterTest" time="0.001"/>
  <testcase name="testEnabledChanged" classname="griffon.pivot.support.adapters.ComponentStateAdapterTest" time="0.001"/>
  <system-out><![CDATA[]]></system-out>
  <system-err><![CDATA[]]></system-err>
</testsuite>
