<?xml version="1.0" encoding="UTF-8"?>
<testsuite name="griffon.pivot.support.adapters.AccordionSelectionAdapterTest" tests="3" skipped="0" failures="0" errors="0" timestamp="2016-11-30T10:28:39" hostname="testing-gce-9cd93739-2c6e-4dd0-ae61-7a6d878d61a2" time="0.003">
  <properties/>
  <testcase name="testPreviewSelectedIndexChange" classname="griffon.pivot.support.adapters.AccordionSelectionAdapterTest" time="0.001"/>
  <testcase name="testSelectedIndexChangeVetoed" classname="griffon.pivot.support.adapters.AccordionSelectionAdapterTest" time="0.0"/>
  <testcase name="testSelectedIndexChanged" classname="griffon.pivot.support.adapters.AccordionSelectionAdapterTest" time="0.0"/>
  <system-out><![CDATA[]]></system-out>
  <system-err><![CDATA[]]></system-err>
</testsuite>
