<?xml version="1.0" encoding="UTF-8"?>
<testsuite name="griffon.pivot.support.adapters.TabPaneSelectionAdapterTest" tests="3" skipped="0" failures="0" errors="0" timestamp="2016-11-30T21:59:24" hostname="testing-gce-56334b88-24b1-400f-a148-1c5d8919e344" time="0.009">
  <properties/>
  <testcase name="testPreviewSelectedIndexChange" classname="griffon.pivot.support.adapters.TabPaneSelectionAdapterTest" time="0.004"/>
  <testcase name="testSelectedIndexChangeVetoed" classname="griffon.pivot.support.adapters.TabPaneSelectionAdapterTest" time="0.001"/>
  <testcase name="testSelectedIndexChanged" classname="griffon.pivot.support.adapters.TabPaneSelectionAdapterTest" time="0.0"/>
  <system-out><![CDATA[]]></system-out>
  <system-err><![CDATA[]]></system-err>
</testsuite>
