<?xml version="1.0" encoding="UTF-8"?>
<testsuite name="griffon.pivot.editors.PointPropertyEditorSpec" tests="29" skipped="0" failures="0" errors="0" timestamp="2016-12-01T10:06:33" hostname="testing-gce-eaf68bd0-c1b6-4661-a4ef-407d21883631" time="0.026">
  <properties/>
  <testcase name="Point format 'null' should be equal to #Error:point" classname="griffon.pivot.editors.PointPropertyEditorSpec" time="0.006"/>
  <testcase name="Point format '' should be equal to #Error:point" classname="griffon.pivot.editors.PointPropertyEditorSpec" time="0.0"/>
  <testcase name="Point format ' ' should be equal to #Error:point" classname="griffon.pivot.editors.PointPropertyEditorSpec" time="0.0"/>
  <testcase name="Point format '[]' should be equal to #Error:point" classname="griffon.pivot.editors.PointPropertyEditorSpec" time="0.0"/>
  <testcase name="Point format '[:]' should be equal to #Error:point" classname="griffon.pivot.editors.PointPropertyEditorSpec" time="0.001"/>
  <testcase name="Point format '10,20' should be equal to #Error:point" classname="griffon.pivot.editors.PointPropertyEditorSpec" time="0.001"/>
  <testcase name="Point format '10, 20' should be equal to #Error:point" classname="griffon.pivot.editors.PointPropertyEditorSpec" time="0.0"/>
  <testcase name="Point format ' 10, 20' should be equal to #Error:point" classname="griffon.pivot.editors.PointPropertyEditorSpec" time="0.0"/>
  <testcase name="Point format ' 10, 20 ' should be equal to #Error:point" classname="griffon.pivot.editors.PointPropertyEditorSpec" time="0.0"/>
  <testcase name="Point format '[10, 20]' should be equal to #Error:point" classname="griffon.pivot.editors.PointPropertyEditorSpec" time="0.0"/>
  <testcase name="Point format '[10, 20]' should be equal to #Error:point" classname="griffon.pivot.editors.PointPropertyEditorSpec" time="0.0"/>
  <testcase name="Point format '10' should be equal to #Error:point" classname="griffon.pivot.editors.PointPropertyEditorSpec" time="0.0"/>
  <testcase name="Point format '10' should be equal to #Error:point" classname="griffon.pivot.editors.PointPropertyEditorSpec" time="0.0"/>
  <testcase name="Point format '[10]' should be equal to #Error:point" classname="griffon.pivot.editors.PointPropertyEditorSpec" time="0.0"/>
  <testcase name="Point format '[10]' should be equal to #Error:point" classname="griffon.pivot.editors.PointPropertyEditorSpec" time="0.0"/>
  <testcase name="Point format '[x:10, y:20]' should be equal to #Error:point" classname="griffon.pivot.editors.PointPropertyEditorSpec" time="0.001"/>
  <testcase name="Point format '[x:10, y:20]' should be equal to #Error:point" classname="griffon.pivot.editors.PointPropertyEditorSpec" time="0.0"/>
  <testcase name="Point format 'org.apache.pivot.wtk.Point [10,20]' should be equal to #Error:point" classname="griffon.pivot.editors.PointPropertyEditorSpec" time="0.0"/>
  <testcase name="Point format '[foo:10, bar:20]' should be equal to #Error:point" classname="griffon.pivot.editors.PointPropertyEditorSpec" time="0.001"/>
  <testcase name="Invalid point format 'garbage'" classname="griffon.pivot.editors.PointPropertyEditorSpec" time="0.001"/>
  <testcase name="Invalid point format '1, 2, 3'" classname="griffon.pivot.editors.PointPropertyEditorSpec" time="0.001"/>
  <testcase name="Invalid point format '[1, 2, 3]'" classname="griffon.pivot.editors.PointPropertyEditorSpec" time="0.0"/>
  <testcase name="Invalid point format '[java.lang.Object@22da9a15]'" classname="griffon.pivot.editors.PointPropertyEditorSpec" time="0.0"/>
  <testcase name="Invalid point format '[x:java.lang.Object@50066ab1]'" classname="griffon.pivot.editors.PointPropertyEditorSpec" time="0.0"/>
  <testcase name="Invalid point format '[x:a]'" classname="griffon.pivot.editors.PointPropertyEditorSpec" time="0.001"/>
  <testcase name="Invalid point format '[y:b]'" classname="griffon.pivot.editors.PointPropertyEditorSpec" time="0.0"/>
  <testcase name="Invalid point format 'java.lang.Object@6c52cb31'" classname="griffon.pivot.editors.PointPropertyEditorSpec" time="0.0"/>
  <testcase name="Formatted point 'null'" classname="griffon.pivot.editors.PointPropertyEditorSpec" time="0.001"/>
  <testcase name="Formatted point '10, 20'" classname="griffon.pivot.editors.PointPropertyEditorSpec" time="0.001"/>
  <system-out><![CDATA[]]></system-out>
  <system-err><![CDATA[]]></system-err>
</testsuite>
