<?xml version="1.0" encoding="UTF-8"?>
<testsuite name="griffon.pivot.support.adapters.NodeAdapterTest" tests="6" skipped="0" failures="0" errors="0" timestamp="2017-02-24T11:29:05" hostname="testing-gce-74d2f9bb-b51a-479d-a49c-205e2856a55c" time="0.012">
  <properties/>
  <testcase name="testParentChanged" classname="griffon.pivot.support.adapters.NodeAdapterTest" time="0.004"/>
  <testcase name="testOffsetChanged" classname="griffon.pivot.support.adapters.NodeAdapterTest" time="0.001"/>
  <testcase name="testNodeInserted" classname="griffon.pivot.support.adapters.NodeAdapterTest" time="0.001"/>
  <testcase name="testRangeRemoved" classname="griffon.pivot.support.adapters.NodeAdapterTest" time="0.001"/>
  <testcase name="testNodesRemoved" classname="griffon.pivot.support.adapters.NodeAdapterTest" time="0.001"/>
  <testcase name="testRangeInserted" classname="griffon.pivot.support.adapters.NodeAdapterTest" time="0.001"/>
  <system-out><![CDATA[]]></system-out>
  <system-err><![CDATA[]]></system-err>
</testsuite>
