<?xml version="1.0" encoding="UTF-8"?>
<testsuite name="griffon.pivot.support.adapters.ListViewItemAdapterTest" tests="5" skipped="0" failures="0" errors="0" timestamp="2017-03-02T19:57:00" hostname="testing-gce-65511b51-6214-41a1-96d0-e786045f2f13" time="0.002">
  <properties/>
  <testcase name="testItemInserted" classname="griffon.pivot.support.adapters.ListViewItemAdapterTest" time="0.0"/>
  <testcase name="testItemsCleared" classname="griffon.pivot.support.adapters.ListViewItemAdapterTest" time="0.001"/>
  <testcase name="testItemUpdated" classname="griffon.pivot.support.adapters.ListViewItemAdapterTest" time="0.0"/>
  <testcase name="testItemsSorted" classname="griffon.pivot.support.adapters.ListViewItemAdapterTest" time="0.001"/>
  <testcase name="testItemsRemoved" classname="griffon.pivot.support.adapters.ListViewItemAdapterTest" time="0.0"/>
  <system-out><![CDATA[]]></system-out>
  <system-err><![CDATA[]]></system-err>
</testsuite>
