<?xml version="1.0" encoding="UTF-8"?>
<testsuite name="griffon.pivot.support.adapters.ImageViewBindingAdapterTest" tests="3" skipped="0" failures="0" errors="0" timestamp="2016-11-18T14:47:17" hostname="testing-gce-32b998c0-1c86-42c0-92eb-71cbad2128a4" time="0.003">
  <properties/>
  <testcase name="testImageBindMappingChanged" classname="griffon.pivot.support.adapters.ImageViewBindingAdapterTest" time="0.001"/>
  <testcase name="testImageKeyChanged" classname="griffon.pivot.support.adapters.ImageViewBindingAdapterTest" time="0.0"/>
  <testcase name="testImageBindTypeChanged" classname="griffon.pivot.support.adapters.ImageViewBindingAdapterTest" time="0.001"/>
  <system-out><![CDATA[]]></system-out>
  <system-err><![CDATA[]]></system-err>
</testsuite>
