<?xml version="1.0" encoding="UTF-8"?>
<testsuite name="griffon.pivot.support.adapters.SplitPaneAdapterTest" tests="7" skipped="0" failures="0" errors="0" timestamp="2017-02-03T23:14:22" hostname="testing-gce-c989e91a-8098-4289-92ac-816f6fdc71ac" time="0.008">
  <properties/>
  <testcase name="testLockedChanged" classname="griffon.pivot.support.adapters.SplitPaneAdapterTest" time="0.001"/>
  <testcase name="testPrimaryRegionChanged" classname="griffon.pivot.support.adapters.SplitPaneAdapterTest" time="0.001"/>
  <testcase name="testOrientationChanged" classname="griffon.pivot.support.adapters.SplitPaneAdapterTest" time="0.0"/>
  <testcase name="testBottomRightChanged" classname="griffon.pivot.support.adapters.SplitPaneAdapterTest" time="0.0"/>
  <testcase name="testSplitRatioChanged" classname="griffon.pivot.support.adapters.SplitPaneAdapterTest" time="0.001"/>
  <testcase name="testTopLeftChanged" classname="griffon.pivot.support.adapters.SplitPaneAdapterTest" time="0.001"/>
  <testcase name="testResizeModeChanged" classname="griffon.pivot.support.adapters.SplitPaneAdapterTest" time="0.001"/>
  <system-out><![CDATA[]]></system-out>
  <system-err><![CDATA[]]></system-err>
</testsuite>
