<?xml version="1.0" encoding="UTF-8"?>
<testsuite name="griffon.pivot.support.adapters.MenuPopupStateAdapterTest" tests="3" skipped="0" failures="0" errors="0" timestamp="2017-01-02T03:02:15" hostname="testing-gce-680137c7-17b8-4669-933f-d1be09a2a8ab" time="0.003">
  <properties/>
  <testcase name="testPreviewMenuPopupClose" classname="griffon.pivot.support.adapters.MenuPopupStateAdapterTest" time="0.001"/>
  <testcase name="testMenuPopupClosed" classname="griffon.pivot.support.adapters.MenuPopupStateAdapterTest" time="0.001"/>
  <testcase name="testMenuPopupCloseVetoed" classname="griffon.pivot.support.adapters.MenuPopupStateAdapterTest" time="0.001"/>
  <system-out><![CDATA[]]></system-out>
  <system-err><![CDATA[]]></system-err>
</testsuite>
