<?xml version="1.0" encoding="UTF-8"?>
<testsuite name="griffon.pivot.support.adapters.SuggestionPopupAdapterTest" tests="3" skipped="0" failures="0" errors="0" timestamp="2017-02-22T11:04:33" hostname="testing-gce-b8b6801a-53e2-4480-af61-c20b9a592141" time="0.003">
  <properties/>
  <testcase name="testListSizeChanged" classname="griffon.pivot.support.adapters.SuggestionPopupAdapterTest" time="0.001"/>
  <testcase name="testSuggestionDataChanged" classname="griffon.pivot.support.adapters.SuggestionPopupAdapterTest" time="0.0"/>
  <testcase name="testSuggestionRendererChanged" classname="griffon.pivot.support.adapters.SuggestionPopupAdapterTest" time="0.001"/>
  <system-out><![CDATA[]]></system-out>
  <system-err><![CDATA[]]></system-err>
</testsuite>
