<?xml version="1.0" encoding="UTF-8"?>
<testsuite name="griffon.pivot.support.adapters.SuggestionPopupAdapterTest" tests="3" skipped="0" failures="0" errors="0" timestamp="2017-04-03T06:24:43" hostname="testing-gce-7dd35ff5-9fad-4ad0-a5e2-a09dadc8bc7f" time="0.002">
  <properties/>
  <testcase name="testListSizeChanged" classname="griffon.pivot.support.adapters.SuggestionPopupAdapterTest" time="0.001"/>
  <testcase name="testSuggestionDataChanged" classname="griffon.pivot.support.adapters.SuggestionPopupAdapterTest" time="0.0"/>
  <testcase name="testSuggestionRendererChanged" classname="griffon.pivot.support.adapters.SuggestionPopupAdapterTest" time="0.0"/>
  <system-out><![CDATA[]]></system-out>
  <system-err><![CDATA[]]></system-err>
</testsuite>
