<?xml version="1.0" encoding="UTF-8"?>
<testsuite name="griffon.pivot.support.adapters.ComponentClassAdapterTest" tests="1" skipped="0" failures="0" errors="0" timestamp="2017-01-18T09:32:46" hostname="testing-gce-10e466f0-264b-4ed4-9fdb-b63b18108c1e" time="0.0">
  <properties/>
  <testcase name="testFocusedComponentChanged" classname="griffon.pivot.support.adapters.ComponentClassAdapterTest" time="0.0"/>
  <system-out><![CDATA[]]></system-out>
  <system-err><![CDATA[]]></system-err>
</testsuite>
