<?xml version="1.0" encoding="UTF-8"?>
<testsuite name="griffon.pivot.support.adapters.FileBrowserAdapterTest" tests="6" skipped="0" failures="0" errors="0" timestamp="2017-04-28T07:36:24" hostname="testing-gce-bb15f2b8-b6ea-4bfb-8616-2279e2bebb3d" time="0.006">
  <properties/>
  <testcase name="testSelectedFileAdded" classname="griffon.pivot.support.adapters.FileBrowserAdapterTest" time="0.001"/>
  <testcase name="testSelectedFilesChanged" classname="griffon.pivot.support.adapters.FileBrowserAdapterTest" time="0.001"/>
  <testcase name="testSelectedFileRemoved" classname="griffon.pivot.support.adapters.FileBrowserAdapterTest" time="0.002"/>
  <testcase name="testMultiSelectChanged" classname="griffon.pivot.support.adapters.FileBrowserAdapterTest" time="0.0"/>
  <testcase name="testRootDirectoryChanged" classname="griffon.pivot.support.adapters.FileBrowserAdapterTest" time="0.001"/>
  <testcase name="testDisabledFileFilterChanged" classname="griffon.pivot.support.adapters.FileBrowserAdapterTest" time="0.001"/>
  <system-out><![CDATA[]]></system-out>
  <system-err><![CDATA[]]></system-err>
</testsuite>
