<?xml version="1.0" encoding="UTF-8"?>
<testsuite name="griffon.pivot.support.adapters.NodeAdapterTest" tests="6" skipped="0" failures="0" errors="0" timestamp="2016-12-08T10:35:20" hostname="testing-gce-c5c17d49-1c5c-429f-bb8e-a78af4de3275" time="0.004">
  <properties/>
  <testcase name="testParentChanged" classname="griffon.pivot.support.adapters.NodeAdapterTest" time="0.001"/>
  <testcase name="testOffsetChanged" classname="griffon.pivot.support.adapters.NodeAdapterTest" time="0.001"/>
  <testcase name="testNodeInserted" classname="griffon.pivot.support.adapters.NodeAdapterTest" time="0.0"/>
  <testcase name="testRangeRemoved" classname="griffon.pivot.support.adapters.NodeAdapterTest" time="0.001"/>
  <testcase name="testNodesRemoved" classname="griffon.pivot.support.adapters.NodeAdapterTest" time="0.001"/>
  <testcase name="testRangeInserted" classname="griffon.pivot.support.adapters.NodeAdapterTest" time="0.0"/>
  <system-out><![CDATA[]]></system-out>
  <system-err><![CDATA[]]></system-err>
</testsuite>
