<?xml version="1.0" encoding="UTF-8"?>
<testsuite name="griffon.pivot.support.adapters.SliderAdapterTest" tests="2" skipped="0" failures="0" errors="0" timestamp="2017-02-18T21:17:06" hostname="testing-gce-704079ce-e776-4318-b76f-d885ae48fb5e" time="0.002">
  <properties/>
  <testcase name="testOrientationChanged" classname="griffon.pivot.support.adapters.SliderAdapterTest" time="0.001"/>
  <testcase name="testRangeChanged" classname="griffon.pivot.support.adapters.SliderAdapterTest" time="0.001"/>
  <system-out><![CDATA[]]></system-out>
  <system-err><![CDATA[]]></system-err>
</testsuite>
