<?xml version="1.0" encoding="UTF-8"?>
<testsuite name="griffon.pivot.support.adapters.SuggestionPopupAdapterTest" tests="3" skipped="0" failures="0" errors="0" timestamp="2016-12-08T10:35:20" hostname="testing-gce-c5c17d49-1c5c-429f-bb8e-a78af4de3275" time="0.002">
  <properties/>
  <testcase name="testListSizeChanged" classname="griffon.pivot.support.adapters.SuggestionPopupAdapterTest" time="0.0"/>
  <testcase name="testSuggestionDataChanged" classname="griffon.pivot.support.adapters.SuggestionPopupAdapterTest" time="0.001"/>
  <testcase name="testSuggestionRendererChanged" classname="griffon.pivot.support.adapters.SuggestionPopupAdapterTest" time="0.001"/>
  <system-out><![CDATA[]]></system-out>
  <system-err><![CDATA[]]></system-err>
</testsuite>
