<?xml version="1.0" encoding="UTF-8"?>
<testsuite name="griffon.pivot.support.adapters.MenuButtonAdapterTest" tests="1" skipped="0" failures="0" errors="0" timestamp="2016-11-30T21:36:25" hostname="testing-gce-7b284da2-1dfc-4486-9403-0c3889a84a74" time="0.001">
  <properties/>
  <testcase name="testMenuChanged" classname="griffon.pivot.support.adapters.MenuButtonAdapterTest" time="0.001"/>
  <system-out><![CDATA[]]></system-out>
  <system-err><![CDATA[]]></system-err>
</testsuite>
