<?xml version="1.0" encoding="UTF-8"?>
<testsuite name="griffon.pivot.support.adapters.FileBrowserAdapterTest" tests="6" skipped="0" failures="0" errors="0" timestamp="2017-02-11T08:58:55" hostname="testing-gce-27845af9-feac-4362-84ac-35f334160d45" time="0.013">
  <properties/>
  <testcase name="testSelectedFileAdded" classname="griffon.pivot.support.adapters.FileBrowserAdapterTest" time="0.003"/>
  <testcase name="testSelectedFilesChanged" classname="griffon.pivot.support.adapters.FileBrowserAdapterTest" time="0.001"/>
  <testcase name="testSelectedFileRemoved" classname="griffon.pivot.support.adapters.FileBrowserAdapterTest" time="0.001"/>
  <testcase name="testMultiSelectChanged" classname="griffon.pivot.support.adapters.FileBrowserAdapterTest" time="0.001"/>
  <testcase name="testRootDirectoryChanged" classname="griffon.pivot.support.adapters.FileBrowserAdapterTest" time="0.001"/>
  <testcase name="testDisabledFileFilterChanged" classname="griffon.pivot.support.adapters.FileBrowserAdapterTest" time="0.001"/>
  <system-out><![CDATA[]]></system-out>
  <system-err><![CDATA[]]></system-err>
</testsuite>
