<?xml version="1.0" encoding="UTF-8"?>
<testsuite name="griffon.pivot.support.adapters.TextPaneCharacterAdapterTest" tests="2" skipped="0" failures="0" errors="0" timestamp="2017-02-03T08:43:40" hostname="testing-gce-028e3132-944c-44d8-aca7-00110a5ea2b2" time="0.01">
  <properties/>
  <testcase name="testCharactersInserted" classname="griffon.pivot.support.adapters.TextPaneCharacterAdapterTest" time="0.002"/>
  <testcase name="testCharactersRemoved" classname="griffon.pivot.support.adapters.TextPaneCharacterAdapterTest" time="0.007"/>
  <system-out><![CDATA[]]></system-out>
  <system-err><![CDATA[]]></system-err>
</testsuite>
