<?xml version="1.0" encoding="UTF-8"?>
<testsuite name="griffon.pivot.support.adapters.CalendarButtonBindingAdapterTest" tests="3" skipped="0" failures="0" errors="0" timestamp="2016-11-30T21:59:24" hostname="testing-gce-56334b88-24b1-400f-a148-1c5d8919e344" time="0.002">
  <properties/>
  <testcase name="testSelectedDateBindTypeChanged" classname="griffon.pivot.support.adapters.CalendarButtonBindingAdapterTest" time="0.0"/>
  <testcase name="testSelectedDateBindMappingChanged" classname="griffon.pivot.support.adapters.CalendarButtonBindingAdapterTest" time="0.0"/>
  <testcase name="testSelectedDateKeyChanged" classname="griffon.pivot.support.adapters.CalendarButtonBindingAdapterTest" time="0.0"/>
  <system-out><![CDATA[]]></system-out>
  <system-err><![CDATA[]]></system-err>
</testsuite>
