<?xml version="1.0" encoding="UTF-8"?>
<testsuite name="griffon.pivot.support.adapters.MenuAdapterTest" tests="3" skipped="0" failures="0" errors="0" timestamp="2017-02-03T23:14:22" hostname="testing-gce-c989e91a-8098-4289-92ac-816f6fdc71ac" time="0.003">
  <properties/>
  <testcase name="testSectionInserted" classname="griffon.pivot.support.adapters.MenuAdapterTest" time="0.001"/>
  <testcase name="testActiveItemChanged" classname="griffon.pivot.support.adapters.MenuAdapterTest" time="0.0"/>
  <testcase name="testSectionsRemoved" classname="griffon.pivot.support.adapters.MenuAdapterTest" time="0.0"/>
  <system-out><![CDATA[]]></system-out>
  <system-err><![CDATA[]]></system-err>
</testsuite>
