<?xml version="1.0" encoding="UTF-8"?>
<testsuite name="griffon.pivot.editors.InsetsPropertyEditorSpec" tests="34" skipped="0" failures="0" errors="0" timestamp="2017-04-11T08:39:56" hostname="testing-gce-c87b0d7a-842c-4073-abeb-1a1a45e4e432" time="0.026">
  <properties/>
  <testcase name="Insets format 'null' should be equal to null" classname="griffon.pivot.editors.InsetsPropertyEditorSpec" time="0.005"/>
  <testcase name="Insets format '' should be equal to null" classname="griffon.pivot.editors.InsetsPropertyEditorSpec" time="0.0"/>
  <testcase name="Insets format ' ' should be equal to null" classname="griffon.pivot.editors.InsetsPropertyEditorSpec" time="0.0"/>
  <testcase name="Insets format '[]' should be equal to null" classname="griffon.pivot.editors.InsetsPropertyEditorSpec" time="0.001"/>
  <testcase name="Insets format '[:]' should be equal to null" classname="griffon.pivot.editors.InsetsPropertyEditorSpec" time="0.001"/>
  <testcase name="Insets format '1' should be equal to org.apache.pivot.wtk.Insets [1, 0, 0, 0]" classname="griffon.pivot.editors.InsetsPropertyEditorSpec" time="0.0"/>
  <testcase name="Insets format '1,2' should be equal to org.apache.pivot.wtk.Insets [1, 2, 0, 0]" classname="griffon.pivot.editors.InsetsPropertyEditorSpec" time="0.001"/>
  <testcase name="Insets format '1,2,3' should be equal to org.apache.pivot.wtk.Insets [1, 2, 3, 0]" classname="griffon.pivot.editors.InsetsPropertyEditorSpec" time="0.001"/>
  <testcase name="Insets format '1,2,3,4' should be equal to org.apache.pivot.wtk.Insets [1, 2, 3, 4]" classname="griffon.pivot.editors.InsetsPropertyEditorSpec" time="0.0"/>
  <testcase name="Insets format '1, 2, 3, 4' should be equal to org.apache.pivot.wtk.Insets [1, 2, 3, 4]" classname="griffon.pivot.editors.InsetsPropertyEditorSpec" time="0.0"/>
  <testcase name="Insets format ' 1, 2, 3, 4' should be equal to org.apache.pivot.wtk.Insets [1, 2, 3, 4]" classname="griffon.pivot.editors.InsetsPropertyEditorSpec" time="0.001"/>
  <testcase name="Insets format ' 1, 2,3 , 4 ' should be equal to org.apache.pivot.wtk.Insets [1, 2, 3, 4]" classname="griffon.pivot.editors.InsetsPropertyEditorSpec" time="0.0"/>
  <testcase name="Insets format '[1, 2, 3, 4]' should be equal to org.apache.pivot.wtk.Insets [1, 2, 3, 4]" classname="griffon.pivot.editors.InsetsPropertyEditorSpec" time="0.0"/>
  <testcase name="Insets format '[1, 2, 3, 4]' should be equal to org.apache.pivot.wtk.Insets [1, 2, 3, 4]" classname="griffon.pivot.editors.InsetsPropertyEditorSpec" time="0.001"/>
  <testcase name="Insets format '1' should be equal to org.apache.pivot.wtk.Insets [1, 1, 1, 1]" classname="griffon.pivot.editors.InsetsPropertyEditorSpec" time="0.0"/>
  <testcase name="Insets format '[1]' should be equal to org.apache.pivot.wtk.Insets [1, 0, 0, 0]" classname="griffon.pivot.editors.InsetsPropertyEditorSpec" time="0.001"/>
  <testcase name="Insets format '[1]' should be equal to org.apache.pivot.wtk.Insets [1, 0, 0, 0]" classname="griffon.pivot.editors.InsetsPropertyEditorSpec" time="0.0"/>
  <testcase name="Insets format '[top:1, left:2, right:3, bottom:4]' should be equal to org.apache.pivot.wtk.Insets [1, 2, 3, 4]" classname="griffon.pivot.editors.InsetsPropertyEditorSpec" time="0.001"/>
  <testcase name="Insets format '[top:1, left:2, right:3, bottom:4]' should be equal to org.apache.pivot.wtk.Insets [1, 2, 3, 4]" classname="griffon.pivot.editors.InsetsPropertyEditorSpec" time="0.001"/>
  <testcase name="Insets format '[t:1, l:2, r:3, b:4]' should be equal to org.apache.pivot.wtk.Insets [1, 2, 3, 4]" classname="griffon.pivot.editors.InsetsPropertyEditorSpec" time="0.0"/>
  <testcase name="Insets format '[t:1, l:2, r:3, b:4]' should be equal to org.apache.pivot.wtk.Insets [1, 2, 3, 4]" classname="griffon.pivot.editors.InsetsPropertyEditorSpec" time="0.0"/>
  <testcase name="Insets format 'org.apache.pivot.wtk.Insets [1, 2, 3, 4]' should be equal to org.apache.pivot.wtk.Insets [1, 2, 3, 4]" classname="griffon.pivot.editors.InsetsPropertyEditorSpec" time="0.0"/>
  <testcase name="Insets format '[foo:1, bar:2]' should be equal to org.apache.pivot.wtk.Insets [0, 0, 0, 0]" classname="griffon.pivot.editors.InsetsPropertyEditorSpec" time="0.001"/>
  <testcase name="Invalid insets format 'garbage'" classname="griffon.pivot.editors.InsetsPropertyEditorSpec" time="0.001"/>
  <testcase name="Invalid insets format '1, 2, 3,4 ,5'" classname="griffon.pivot.editors.InsetsPropertyEditorSpec" time="0.0"/>
  <testcase name="Invalid insets format '1, a'" classname="griffon.pivot.editors.InsetsPropertyEditorSpec" time="0.0"/>
  <testcase name="Invalid insets format '[1, 2, 3, 4, 5]'" classname="griffon.pivot.editors.InsetsPropertyEditorSpec" time="0.001"/>
  <testcase name="Invalid insets format '[java.lang.Object@13d34b8e]'" classname="griffon.pivot.editors.InsetsPropertyEditorSpec" time="0.0"/>
  <testcase name="Invalid insets format '[top:java.lang.Object@3dc66962]'" classname="griffon.pivot.editors.InsetsPropertyEditorSpec" time="0.001"/>
  <testcase name="Invalid insets format '[top:a]'" classname="griffon.pivot.editors.InsetsPropertyEditorSpec" time="0.0"/>
  <testcase name="Invalid insets format '[t:b]'" classname="griffon.pivot.editors.InsetsPropertyEditorSpec" time="0.0"/>
  <testcase name="Invalid insets format 'java.lang.Object@1143d393'" classname="griffon.pivot.editors.InsetsPropertyEditorSpec" time="0.0"/>
  <testcase name="Formatted insets 'null'" classname="griffon.pivot.editors.InsetsPropertyEditorSpec" time="0.001"/>
  <testcase name="Formatted insets '1, 2, 3, 4'" classname="griffon.pivot.editors.InsetsPropertyEditorSpec" time="0.0"/>
  <system-out><![CDATA[]]></system-out>
  <system-err><![CDATA[]]></system-err>
</testsuite>
