<?xml version="1.0" encoding="UTF-8"?>
<testsuite name="griffon.pivot.support.adapters.TextInputContentAdapterTest" tests="7" skipped="0" failures="0" errors="0" timestamp="2016-12-06T13:49:49" hostname="testing-gce-88c17399-7e1a-4bbc-b795-695967a3f3cc" time="0.006">
  <properties/>
  <testcase name="testPreviewInsertText" classname="griffon.pivot.support.adapters.TextInputContentAdapterTest" time="0.001"/>
  <testcase name="testPreviewRemoveText" classname="griffon.pivot.support.adapters.TextInputContentAdapterTest" time="0.001"/>
  <testcase name="testTextChanged" classname="griffon.pivot.support.adapters.TextInputContentAdapterTest" time="0.001"/>
  <testcase name="testTextRemoved" classname="griffon.pivot.support.adapters.TextInputContentAdapterTest" time="0.0"/>
  <testcase name="testInsertTextVetoed" classname="griffon.pivot.support.adapters.TextInputContentAdapterTest" time="0.0"/>
  <testcase name="testTextInserted" classname="griffon.pivot.support.adapters.TextInputContentAdapterTest" time="0.001"/>
  <testcase name="testRemoveTextVetoed" classname="griffon.pivot.support.adapters.TextInputContentAdapterTest" time="0.001"/>
  <system-out><![CDATA[]]></system-out>
  <system-err><![CDATA[]]></system-err>
</testsuite>
