<?xml version="1.0" encoding="UTF-8"?>
<testsuite name="griffon.pivot.support.adapters.TablePaneAttributeAdapterTest" tests="2" skipped="0" failures="0" errors="0" timestamp="2016-12-01T10:32:23" hostname="testing-gce-25a07c9d-cae8-4716-a125-946036b08bb3" time="0.004">
  <properties/>
  <testcase name="testRowSpanChanged" classname="griffon.pivot.support.adapters.TablePaneAttributeAdapterTest" time="0.001"/>
  <testcase name="testColumnSpanChanged" classname="griffon.pivot.support.adapters.TablePaneAttributeAdapterTest" time="0.003"/>
  <system-out><![CDATA[]]></system-out>
  <system-err><![CDATA[]]></system-err>
</testsuite>
