<?xml version="1.0" encoding="UTF-8"?>
<testsuite name="griffon.pivot.support.adapters.AccordionAttributeAdapterTest" tests="2" skipped="0" failures="0" errors="0" timestamp="2016-11-21T12:47:34" hostname="testing-gce-3f7e0214-5b6a-4a9e-a833-72c85fa03669" time="0.005">
  <properties/>
  <testcase name="testHeaderDataChanged" classname="griffon.pivot.support.adapters.AccordionAttributeAdapterTest" time="0.004"/>
  <testcase name="testTooltipTextChanged" classname="griffon.pivot.support.adapters.AccordionAttributeAdapterTest" time="0.001"/>
  <system-out><![CDATA[]]></system-out>
  <system-err><![CDATA[]]></system-err>
</testsuite>
