<?xml version="1.0" encoding="UTF-8"?>
<testsuite name="griffon.pivot.support.adapters.FileBrowserAdapterTest" tests="6" skipped="0" failures="0" errors="0" timestamp="2017-02-22T11:04:33" hostname="testing-gce-b8b6801a-53e2-4480-af61-c20b9a592141" time="0.014">
  <properties/>
  <testcase name="testSelectedFileAdded" classname="griffon.pivot.support.adapters.FileBrowserAdapterTest" time="0.002"/>
  <testcase name="testSelectedFilesChanged" classname="griffon.pivot.support.adapters.FileBrowserAdapterTest" time="0.003"/>
  <testcase name="testSelectedFileRemoved" classname="griffon.pivot.support.adapters.FileBrowserAdapterTest" time="0.001"/>
  <testcase name="testMultiSelectChanged" classname="griffon.pivot.support.adapters.FileBrowserAdapterTest" time="0.001"/>
  <testcase name="testRootDirectoryChanged" classname="griffon.pivot.support.adapters.FileBrowserAdapterTest" time="0.001"/>
  <testcase name="testDisabledFileFilterChanged" classname="griffon.pivot.support.adapters.FileBrowserAdapterTest" time="0.001"/>
  <system-out><![CDATA[]]></system-out>
  <system-err><![CDATA[]]></system-err>
</testsuite>
