<?xml version="1.0" encoding="UTF-8"?>
<testsuite name="griffon.pivot.support.adapters.ExpanderAdapterTest" tests="6" skipped="0" failures="0" errors="0" timestamp="2016-11-28T10:05:12" hostname="testing-gce-4b658ec9-df58-4f0e-bf36-b86ff5d94b0e" time="0.009">
  <properties/>
  <testcase name="testTitleChanged" classname="griffon.pivot.support.adapters.ExpanderAdapterTest" time="0.006"/>
  <testcase name="testExpandedChanged" classname="griffon.pivot.support.adapters.ExpanderAdapterTest" time="0.0"/>
  <testcase name="testCollapsibleChanged" classname="griffon.pivot.support.adapters.ExpanderAdapterTest" time="0.0"/>
  <testcase name="testPreviewExpandedChange" classname="griffon.pivot.support.adapters.ExpanderAdapterTest" time="0.001"/>
  <testcase name="testContentChanged" classname="griffon.pivot.support.adapters.ExpanderAdapterTest" time="0.0"/>
  <testcase name="testExpandedChangeVetoed" classname="griffon.pivot.support.adapters.ExpanderAdapterTest" time="0.001"/>
  <system-out><![CDATA[]]></system-out>
  <system-err><![CDATA[]]></system-err>
</testsuite>
