<?xml version="1.0" encoding="UTF-8"?>
<testsuite name="griffon.pivot.support.adapters.RollupStateAdapterTest" tests="3" skipped="0" failures="0" errors="0" timestamp="2016-12-01T10:23:04" hostname="testing-gce-65efd9a5-47b0-4d44-adfe-0451176406f1" time="0.009">
  <properties/>
  <testcase name="testExpandedChanged" classname="griffon.pivot.support.adapters.RollupStateAdapterTest" time="0.004"/>
  <testcase name="testPreviewExpandedChange" classname="griffon.pivot.support.adapters.RollupStateAdapterTest" time="0.003"/>
  <testcase name="testExpandedChangeVetoed" classname="griffon.pivot.support.adapters.RollupStateAdapterTest" time="0.001"/>
  <system-out><![CDATA[]]></system-out>
  <system-err><![CDATA[]]></system-err>
</testsuite>
