<?xml version="1.0" encoding="UTF-8"?>
<testsuite name="griffon.pivot.support.adapters.FileBrowserSheetAdapterTest" tests="4" skipped="0" failures="0" errors="0" timestamp="2017-04-28T07:36:25" hostname="testing-gce-bb15f2b8-b6ea-4bfb-8616-2279e2bebb3d" time="0.003">
  <properties/>
  <testcase name="testModeChanged" classname="griffon.pivot.support.adapters.FileBrowserSheetAdapterTest" time="0.001"/>
  <testcase name="testSelectedFilesChanged" classname="griffon.pivot.support.adapters.FileBrowserSheetAdapterTest" time="0.001"/>
  <testcase name="testRootDirectoryChanged" classname="griffon.pivot.support.adapters.FileBrowserSheetAdapterTest" time="0.0"/>
  <testcase name="testDisabledFileFilterChanged" classname="griffon.pivot.support.adapters.FileBrowserSheetAdapterTest" time="0.0"/>
  <system-out><![CDATA[]]></system-out>
  <system-err><![CDATA[]]></system-err>
</testsuite>
