<?xml version="1.0" encoding="UTF-8"?>
<testsuite name="griffon.pivot.support.adapters.FillPaneAdapterTest" tests="1" skipped="0" failures="0" errors="0" timestamp="2016-12-28T19:54:20" hostname="testing-gce-2e4b170c-448d-4fcb-9f72-d211cbd4e202" time="0.0">
  <properties/>
  <testcase name="testOrientationChanged" classname="griffon.pivot.support.adapters.FillPaneAdapterTest" time="0.0"/>
  <system-out><![CDATA[]]></system-out>
  <system-err><![CDATA[]]></system-err>
</testsuite>
