<?xml version="1.0" encoding="UTF-8"?>
<testsuite name="griffon.pivot.support.adapters.ComponentTooltipAdapterTest" tests="1" skipped="0" failures="0" errors="0" timestamp="2017-02-27T16:58:27" hostname="testing-gce-42c31fda-833f-42ec-a8cd-e409c16e7131" time="0.004">
  <properties/>
  <testcase name="testTooltipTriggered" classname="griffon.pivot.support.adapters.ComponentTooltipAdapterTest" time="0.004"/>
  <system-out><![CDATA[]]></system-out>
  <system-err><![CDATA[]]></system-err>
</testsuite>
