<?xml version="1.0" encoding="UTF-8"?>
<testsuite name="griffon.pivot.support.adapters.ListViewItemAdapterTest" tests="5" skipped="0" failures="0" errors="0" timestamp="2016-12-12T18:15:21" hostname="testing-gce-b8b33b65-f9aa-43f6-82c8-a8f17f90840a" time="0.005">
  <properties/>
  <testcase name="testItemInserted" classname="griffon.pivot.support.adapters.ListViewItemAdapterTest" time="0.001"/>
  <testcase name="testItemsCleared" classname="griffon.pivot.support.adapters.ListViewItemAdapterTest" time="0.001"/>
  <testcase name="testItemUpdated" classname="griffon.pivot.support.adapters.ListViewItemAdapterTest" time="0.001"/>
  <testcase name="testItemsSorted" classname="griffon.pivot.support.adapters.ListViewItemAdapterTest" time="0.001"/>
  <testcase name="testItemsRemoved" classname="griffon.pivot.support.adapters.ListViewItemAdapterTest" time="0.001"/>
  <system-out><![CDATA[]]></system-out>
  <system-err><![CDATA[]]></system-err>
</testsuite>
