<?xml version="1.0" encoding="UTF-8"?>
<testsuite name="griffon.pivot.support.adapters.TextAreaContentAdapterTest" tests="3" skipped="0" failures="0" errors="0" timestamp="2017-04-21T07:20:24" hostname="testing-gce-72751c4c-7ce1-4b4e-91f9-6e8b54fcffb5" time="0.004">
  <properties/>
  <testcase name="testTextChanged" classname="griffon.pivot.support.adapters.TextAreaContentAdapterTest" time="0.001"/>
  <testcase name="testParagraphInserted" classname="griffon.pivot.support.adapters.TextAreaContentAdapterTest" time="0.0"/>
  <testcase name="testParagraphsRemoved" classname="griffon.pivot.support.adapters.TextAreaContentAdapterTest" time="0.003"/>
  <system-out><![CDATA[]]></system-out>
  <system-err><![CDATA[]]></system-err>
</testsuite>
