<?xml version="1.0" encoding="UTF-8"?>
<testsuite name="griffon.pivot.support.adapters.SpinnerAdapterTest" tests="3" skipped="0" failures="0" errors="0" timestamp="2017-01-28T06:56:53" hostname="testing-gce-34b544d7-3af4-46d5-bba3-c20da92e4b9d" time="0.001">
  <properties/>
  <testcase name="testCircularChanged" classname="griffon.pivot.support.adapters.SpinnerAdapterTest" time="0.0"/>
  <testcase name="testSpinnerDataChanged" classname="griffon.pivot.support.adapters.SpinnerAdapterTest" time="0.001"/>
  <testcase name="testItemRendererChanged" classname="griffon.pivot.support.adapters.SpinnerAdapterTest" time="0.0"/>
  <system-out><![CDATA[]]></system-out>
  <system-err><![CDATA[]]></system-err>
</testsuite>
