<?xml version="1.0" encoding="UTF-8"?>
<testsuite name="griffon.pivot.support.adapters.TreeViewBranchAdapterTest" tests="2" skipped="0" failures="0" errors="0" timestamp="2017-03-02T16:58:01" hostname="testing-gce-51eca2f7-a957-44ee-bd4e-cdf1e50e5add" time="0.001">
  <properties/>
  <testcase name="testBranchExpanded" classname="griffon.pivot.support.adapters.TreeViewBranchAdapterTest" time="0.0"/>
  <testcase name="testBranchCollapsed" classname="griffon.pivot.support.adapters.TreeViewBranchAdapterTest" time="0.001"/>
  <system-out><![CDATA[]]></system-out>
  <system-err><![CDATA[]]></system-err>
</testsuite>
