<?xml version="1.0" encoding="UTF-8"?>
<testsuite name="griffon.pivot.support.adapters.TableViewBindingAdapterTest" tests="9" skipped="0" failures="0" errors="0" timestamp="2017-03-29T07:32:55" hostname="testing-gce-66c09752-be5b-4dc1-8b4c-7bf7aedc91bc" time="0.01">
  <properties/>
  <testcase name="testTableDataBindTypeChanged" classname="griffon.pivot.support.adapters.TableViewBindingAdapterTest" time="0.0"/>
  <testcase name="testTableDataKeyChanged" classname="griffon.pivot.support.adapters.TableViewBindingAdapterTest" time="0.0"/>
  <testcase name="testSelectedRowBindMappingChanged" classname="griffon.pivot.support.adapters.TableViewBindingAdapterTest" time="0.002"/>
  <testcase name="testSelectedRowsKeyChanged" classname="griffon.pivot.support.adapters.TableViewBindingAdapterTest" time="0.001"/>
  <testcase name="testSelectedRowsBindTypeChanged" classname="griffon.pivot.support.adapters.TableViewBindingAdapterTest" time="0.001"/>
  <testcase name="testSelectedRowKeyChanged" classname="griffon.pivot.support.adapters.TableViewBindingAdapterTest" time="0.001"/>
  <testcase name="testSelectedRowsBindMappingChanged" classname="griffon.pivot.support.adapters.TableViewBindingAdapterTest" time="0.001"/>
  <testcase name="testSelectedRowBindTypeChanged" classname="griffon.pivot.support.adapters.TableViewBindingAdapterTest" time="0.001"/>
  <testcase name="testTableDataBindMappingChanged" classname="griffon.pivot.support.adapters.TableViewBindingAdapterTest" time="0.001"/>
  <system-out><![CDATA[]]></system-out>
  <system-err><![CDATA[]]></system-err>
</testsuite>
