<?xml version="1.0" encoding="UTF-8"?>
<testsuite name="griffon.pivot.support.adapters.TreeViewBranchAdapterTest" tests="2" skipped="0" failures="0" errors="0" timestamp="2017-03-29T07:32:54" hostname="testing-gce-66c09752-be5b-4dc1-8b4c-7bf7aedc91bc" time="0.009">
  <properties/>
  <testcase name="testBranchExpanded" classname="griffon.pivot.support.adapters.TreeViewBranchAdapterTest" time="0.008"/>
  <testcase name="testBranchCollapsed" classname="griffon.pivot.support.adapters.TreeViewBranchAdapterTest" time="0.001"/>
  <system-out><![CDATA[]]></system-out>
  <system-err><![CDATA[]]></system-err>
</testsuite>
