<?xml version="1.0" encoding="UTF-8"?>
<testsuite name="griffon.pivot.support.adapters.ComponentMouseButtonAdapterTest" tests="3" skipped="0" failures="0" errors="0" timestamp="2017-04-21T07:20:23" hostname="testing-gce-72751c4c-7ce1-4b4e-91f9-6e8b54fcffb5" time="0.005">
  <properties/>
  <testcase name="testMouseClick" classname="griffon.pivot.support.adapters.ComponentMouseButtonAdapterTest" time="0.002"/>
  <testcase name="testMouseUp" classname="griffon.pivot.support.adapters.ComponentMouseButtonAdapterTest" time="0.001"/>
  <testcase name="testMouseDown" classname="griffon.pivot.support.adapters.ComponentMouseButtonAdapterTest" time="0.001"/>
  <system-out><![CDATA[]]></system-out>
  <system-err><![CDATA[]]></system-err>
</testsuite>
