<?xml version="1.0" encoding="UTF-8"?>
<testsuite name="griffon.pivot.support.adapters.ComponentDataAdapterTest" tests="3" skipped="0" failures="0" errors="0" timestamp="2017-01-31T08:40:03" hostname="testing-gce-57986ab7-74ef-4daa-8794-66bd035d9f10" time="0.01">
  <properties/>
  <testcase name="testValueRemoved" classname="griffon.pivot.support.adapters.ComponentDataAdapterTest" time="0.0"/>
  <testcase name="testValueAdded" classname="griffon.pivot.support.adapters.ComponentDataAdapterTest" time="0.009"/>
  <testcase name="testValueUpdated" classname="griffon.pivot.support.adapters.ComponentDataAdapterTest" time="0.001"/>
  <system-out><![CDATA[]]></system-out>
  <system-err><![CDATA[]]></system-err>
</testsuite>
