<?xml version="1.0" encoding="UTF-8"?>
<testsuite name="griffon.pivot.support.adapters.SplitPaneAdapterTest" tests="7" skipped="0" failures="0" errors="0" timestamp="2017-03-13T20:10:14" hostname="testing-gce-5c6f6730-f713-4b79-bb0b-2c95a726fbf5" time="0.015">
  <properties/>
  <testcase name="testLockedChanged" classname="griffon.pivot.support.adapters.SplitPaneAdapterTest" time="0.001"/>
  <testcase name="testPrimaryRegionChanged" classname="griffon.pivot.support.adapters.SplitPaneAdapterTest" time="0.001"/>
  <testcase name="testOrientationChanged" classname="griffon.pivot.support.adapters.SplitPaneAdapterTest" time="0.003"/>
  <testcase name="testBottomRightChanged" classname="griffon.pivot.support.adapters.SplitPaneAdapterTest" time="0.001"/>
  <testcase name="testSplitRatioChanged" classname="griffon.pivot.support.adapters.SplitPaneAdapterTest" time="0.001"/>
  <testcase name="testTopLeftChanged" classname="griffon.pivot.support.adapters.SplitPaneAdapterTest" time="0.002"/>
  <testcase name="testResizeModeChanged" classname="griffon.pivot.support.adapters.SplitPaneAdapterTest" time="0.001"/>
  <system-out><![CDATA[]]></system-out>
  <system-err><![CDATA[]]></system-err>
</testsuite>
