<?xml version="1.0" encoding="UTF-8"?>
<testsuite name="griffon.pivot.support.adapters.TreeViewAdapterTest" tests="8" skipped="0" failures="0" errors="0" timestamp="2017-02-22T15:16:34" hostname="testing-gce-7d3042d1-6783-44c6-8859-669d03f901ba" time="0.008">
  <properties/>
  <testcase name="testTreeDataChanged" classname="griffon.pivot.support.adapters.TreeViewAdapterTest" time="0.001"/>
  <testcase name="testSelectModeChanged" classname="griffon.pivot.support.adapters.TreeViewAdapterTest" time="0.001"/>
  <testcase name="testShowMixedCheckmarkStateChanged" classname="griffon.pivot.support.adapters.TreeViewAdapterTest" time="0.001"/>
  <testcase name="testDisabledCheckmarkFilterChanged" classname="griffon.pivot.support.adapters.TreeViewAdapterTest" time="0.001"/>
  <testcase name="testCheckmarksEnabledChanged" classname="griffon.pivot.support.adapters.TreeViewAdapterTest" time="0.001"/>
  <testcase name="testNodeRendererChanged" classname="griffon.pivot.support.adapters.TreeViewAdapterTest" time="0.001"/>
  <testcase name="testNodeEditorChanged" classname="griffon.pivot.support.adapters.TreeViewAdapterTest" time="0.001"/>
  <testcase name="testDisabledNodeFilterChanged" classname="griffon.pivot.support.adapters.TreeViewAdapterTest" time="0.001"/>
  <system-out><![CDATA[]]></system-out>
  <system-err><![CDATA[]]></system-err>
</testsuite>
