<?xml version="1.0" encoding="UTF-8"?>
<testsuite name="griffon.pivot.support.adapters.TableViewHeaderAdapterTest" tests="2" skipped="0" failures="0" errors="0" timestamp="2017-04-24T08:43:59" hostname="testing-gce-5d7d77d1-ab44-4e29-9f52-aa2a647d6215" time="0.002">
  <properties/>
  <testcase name="testTableViewChanged" classname="griffon.pivot.support.adapters.TableViewHeaderAdapterTest" time="0.001"/>
  <testcase name="testSortModeChanged" classname="griffon.pivot.support.adapters.TableViewHeaderAdapterTest" time="0.001"/>
  <system-out><![CDATA[]]></system-out>
  <system-err><![CDATA[]]></system-err>
</testsuite>
