<?xml version="1.0" encoding="UTF-8"?>
<testsuite name="griffon.pivot.support.adapters.WindowStateAdapterTest" tests="6" skipped="0" failures="0" errors="0" timestamp="2016-11-29T18:40:23" hostname="testing-gce-697e48c8-ccfd-425a-9024-c068db3ba60c" time="0.005">
  <properties/>
  <testcase name="testPreviewWindowOpen" classname="griffon.pivot.support.adapters.WindowStateAdapterTest" time="0.002"/>
  <testcase name="testWindowCloseVetoed" classname="griffon.pivot.support.adapters.WindowStateAdapterTest" time="0.001"/>
  <testcase name="testWindowOpenVetoed" classname="griffon.pivot.support.adapters.WindowStateAdapterTest" time="0.0"/>
  <testcase name="testWindowClosed" classname="griffon.pivot.support.adapters.WindowStateAdapterTest" time="0.001"/>
  <testcase name="testWindowOpened" classname="griffon.pivot.support.adapters.WindowStateAdapterTest" time="0.0"/>
  <testcase name="testPreviewWindowClose" classname="griffon.pivot.support.adapters.WindowStateAdapterTest" time="0.0"/>
  <system-out><![CDATA[]]></system-out>
  <system-err><![CDATA[]]></system-err>
</testsuite>
