<?xml version="1.0" encoding="UTF-8"?>
<testsuite name="griffon.pivot.support.adapters.SpinnerAdapterTest" tests="3" skipped="0" failures="0" errors="0" timestamp="2017-01-16T09:20:31" hostname="testing-gce-4c618c2c-437c-402b-9bda-43779c2508ed" time="0.003">
  <properties/>
  <testcase name="testCircularChanged" classname="griffon.pivot.support.adapters.SpinnerAdapterTest" time="0.001"/>
  <testcase name="testSpinnerDataChanged" classname="griffon.pivot.support.adapters.SpinnerAdapterTest" time="0.001"/>
  <testcase name="testItemRendererChanged" classname="griffon.pivot.support.adapters.SpinnerAdapterTest" time="0.001"/>
  <system-out><![CDATA[]]></system-out>
  <system-err><![CDATA[]]></system-err>
</testsuite>
