<?xml version="1.0" encoding="UTF-8"?>
<testsuite name="griffon.pivot.support.adapters.TreeViewBranchAdapterTest" tests="2" skipped="0" failures="0" errors="0" timestamp="2016-11-16T19:17:57" hostname="testing-gce-d09898f4-2ba9-4f95-9da7-e09d875e226a" time="0.002">
  <properties/>
  <testcase name="testBranchExpanded" classname="griffon.pivot.support.adapters.TreeViewBranchAdapterTest" time="0.001"/>
  <testcase name="testBranchCollapsed" classname="griffon.pivot.support.adapters.TreeViewBranchAdapterTest" time="0.001"/>
  <system-out><![CDATA[]]></system-out>
  <system-err><![CDATA[]]></system-err>
</testsuite>
