<?xml version="1.0" encoding="UTF-8"?>
<testsuite name="griffon.pivot.support.adapters.ComponentStateAdapterTest" tests="2" skipped="0" failures="0" errors="0" timestamp="2017-02-21T18:13:49" hostname="testing-gce-635704e8-b0eb-4898-b5e6-8d1f90074792" time="0.001">
  <properties/>
  <testcase name="testFocusedChanged" classname="griffon.pivot.support.adapters.ComponentStateAdapterTest" time="0.0"/>
  <testcase name="testEnabledChanged" classname="griffon.pivot.support.adapters.ComponentStateAdapterTest" time="0.0"/>
  <system-out><![CDATA[]]></system-out>
  <system-err><![CDATA[]]></system-err>
</testsuite>
