<?xml version="1.0" encoding="UTF-8"?>
<testsuite name="griffon.pivot.editors.PointPropertyEditorSpec" tests="29" skipped="0" failures="0" errors="0" timestamp="2016-11-14T16:00:02" hostname="testing-gce-262b1400-de9e-4b35-b7a9-cd4d4f40eb7e" time="0.04">
  <properties/>
  <testcase name="Point format 'null' should be equal to #Error:point" classname="griffon.pivot.editors.PointPropertyEditorSpec" time="0.007"/>
  <testcase name="Point format '' should be equal to #Error:point" classname="griffon.pivot.editors.PointPropertyEditorSpec" time="0.001"/>
  <testcase name="Point format ' ' should be equal to #Error:point" classname="griffon.pivot.editors.PointPropertyEditorSpec" time="0.0"/>
  <testcase name="Point format '[]' should be equal to #Error:point" classname="griffon.pivot.editors.PointPropertyEditorSpec" time="0.0"/>
  <testcase name="Point format '[:]' should be equal to #Error:point" classname="griffon.pivot.editors.PointPropertyEditorSpec" time="0.0"/>
  <testcase name="Point format '10,20' should be equal to #Error:point" classname="griffon.pivot.editors.PointPropertyEditorSpec" time="0.0"/>
  <testcase name="Point format '10, 20' should be equal to #Error:point" classname="griffon.pivot.editors.PointPropertyEditorSpec" time="0.001"/>
  <testcase name="Point format ' 10, 20' should be equal to #Error:point" classname="griffon.pivot.editors.PointPropertyEditorSpec" time="0.0"/>
  <testcase name="Point format ' 10, 20 ' should be equal to #Error:point" classname="griffon.pivot.editors.PointPropertyEditorSpec" time="0.0"/>
  <testcase name="Point format '[10, 20]' should be equal to #Error:point" classname="griffon.pivot.editors.PointPropertyEditorSpec" time="0.001"/>
  <testcase name="Point format '[10, 20]' should be equal to #Error:point" classname="griffon.pivot.editors.PointPropertyEditorSpec" time="0.001"/>
  <testcase name="Point format '10' should be equal to #Error:point" classname="griffon.pivot.editors.PointPropertyEditorSpec" time="0.0"/>
  <testcase name="Point format '10' should be equal to #Error:point" classname="griffon.pivot.editors.PointPropertyEditorSpec" time="0.0"/>
  <testcase name="Point format '[10]' should be equal to #Error:point" classname="griffon.pivot.editors.PointPropertyEditorSpec" time="0.0"/>
  <testcase name="Point format '[10]' should be equal to #Error:point" classname="griffon.pivot.editors.PointPropertyEditorSpec" time="0.0"/>
  <testcase name="Point format '[x:10, y:20]' should be equal to #Error:point" classname="griffon.pivot.editors.PointPropertyEditorSpec" time="0.001"/>
  <testcase name="Point format '[x:10, y:20]' should be equal to #Error:point" classname="griffon.pivot.editors.PointPropertyEditorSpec" time="0.001"/>
  <testcase name="Point format 'org.apache.pivot.wtk.Point [10,20]' should be equal to #Error:point" classname="griffon.pivot.editors.PointPropertyEditorSpec" time="0.0"/>
  <testcase name="Point format '[foo:10, bar:20]' should be equal to #Error:point" classname="griffon.pivot.editors.PointPropertyEditorSpec" time="0.0"/>
  <testcase name="Invalid point format 'garbage'" classname="griffon.pivot.editors.PointPropertyEditorSpec" time="0.001"/>
  <testcase name="Invalid point format '1, 2, 3'" classname="griffon.pivot.editors.PointPropertyEditorSpec" time="0.0"/>
  <testcase name="Invalid point format '[1, 2, 3]'" classname="griffon.pivot.editors.PointPropertyEditorSpec" time="0.0"/>
  <testcase name="Invalid point format '[java.lang.Object@1fa447af]'" classname="griffon.pivot.editors.PointPropertyEditorSpec" time="0.0"/>
  <testcase name="Invalid point format '[x:java.lang.Object@6613a15f]'" classname="griffon.pivot.editors.PointPropertyEditorSpec" time="0.0"/>
  <testcase name="Invalid point format '[x:a]'" classname="griffon.pivot.editors.PointPropertyEditorSpec" time="0.0"/>
  <testcase name="Invalid point format '[y:b]'" classname="griffon.pivot.editors.PointPropertyEditorSpec" time="0.0"/>
  <testcase name="Invalid point format 'java.lang.Object@6565c74c'" classname="griffon.pivot.editors.PointPropertyEditorSpec" time="0.0"/>
  <testcase name="Formatted point 'null'" classname="griffon.pivot.editors.PointPropertyEditorSpec" time="0.008"/>
  <testcase name="Formatted point '10, 20'" classname="griffon.pivot.editors.PointPropertyEditorSpec" time="0.001"/>
  <system-out><![CDATA[]]></system-out>
  <system-err><![CDATA[]]></system-err>
</testsuite>
