<?xml version="1.0" encoding="UTF-8"?>
<testsuite name="griffon.pivot.support.adapters.SuggestionPopupCloseAdapterTest" tests="1" skipped="0" failures="0" errors="0" timestamp="2017-02-18T21:17:06" hostname="testing-gce-704079ce-e776-4318-b76f-d885ae48fb5e" time="0.0">
  <properties/>
  <testcase name="testSuggestionPopupClosed" classname="griffon.pivot.support.adapters.SuggestionPopupCloseAdapterTest" time="0.0"/>
  <system-out><![CDATA[]]></system-out>
  <system-err><![CDATA[]]></system-err>
</testsuite>
