<?xml version="1.0" encoding="UTF-8"?>
<testsuite name="griffon.pivot.support.adapters.ListViewSelectionAdapterTest" tests="4" skipped="0" failures="0" errors="0" timestamp="2016-12-01T10:23:05" hostname="testing-gce-65efd9a5-47b0-4d44-adfe-0451176406f1" time="0.004">
  <properties/>
  <testcase name="testSelectedRangesChanged" classname="griffon.pivot.support.adapters.ListViewSelectionAdapterTest" time="0.001"/>
  <testcase name="testSelectedRangeRemoved" classname="griffon.pivot.support.adapters.ListViewSelectionAdapterTest" time="0.001"/>
  <testcase name="testSelectedRangeAdded" classname="griffon.pivot.support.adapters.ListViewSelectionAdapterTest" time="0.001"/>
  <testcase name="testSelectedItemChanged" classname="griffon.pivot.support.adapters.ListViewSelectionAdapterTest" time="0.001"/>
  <system-out><![CDATA[]]></system-out>
  <system-err><![CDATA[]]></system-err>
</testsuite>
