<?xml version="1.0" encoding="UTF-8"?>
<testsuite name="griffon.pivot.support.adapters.TextInputContentAdapterTest" tests="7" skipped="0" failures="0" errors="0" timestamp="2017-03-29T07:32:55" hostname="testing-gce-66c09752-be5b-4dc1-8b4c-7bf7aedc91bc" time="0.005">
  <properties/>
  <testcase name="testPreviewInsertText" classname="griffon.pivot.support.adapters.TextInputContentAdapterTest" time="0.001"/>
  <testcase name="testPreviewRemoveText" classname="griffon.pivot.support.adapters.TextInputContentAdapterTest" time="0.001"/>
  <testcase name="testTextChanged" classname="griffon.pivot.support.adapters.TextInputContentAdapterTest" time="0.0"/>
  <testcase name="testTextRemoved" classname="griffon.pivot.support.adapters.TextInputContentAdapterTest" time="0.0"/>
  <testcase name="testInsertTextVetoed" classname="griffon.pivot.support.adapters.TextInputContentAdapterTest" time="0.001"/>
  <testcase name="testTextInserted" classname="griffon.pivot.support.adapters.TextInputContentAdapterTest" time="0.0"/>
  <testcase name="testRemoveTextVetoed" classname="griffon.pivot.support.adapters.TextInputContentAdapterTest" time="0.0"/>
  <system-out><![CDATA[]]></system-out>
  <system-err><![CDATA[]]></system-err>
</testsuite>
