<?xml version="1.0" encoding="UTF-8"?>
<testsuite name="griffon.pivot.support.adapters.TextAreaAdapterTest" tests="2" skipped="0" failures="0" errors="0" timestamp="2016-12-08T10:35:19" hostname="testing-gce-c5c17d49-1c5c-429f-bb8e-a78af4de3275" time="0.002">
  <properties/>
  <testcase name="testMaximumLengthChanged" classname="griffon.pivot.support.adapters.TextAreaAdapterTest" time="0.001"/>
  <testcase name="testEditableChanged" classname="griffon.pivot.support.adapters.TextAreaAdapterTest" time="0.001"/>
  <system-out><![CDATA[]]></system-out>
  <system-err><![CDATA[]]></system-err>
</testsuite>
