<?xml version="1.0" encoding="UTF-8"?>
<testsuite name="griffon.pivot.support.adapters.FormAdapterTest" tests="5" skipped="0" failures="0" errors="0" timestamp="2016-11-29T18:40:22" hostname="testing-gce-697e48c8-ccfd-425a-9024-c068db3ba60c" time="0.011">
  <properties/>
  <testcase name="testFieldsRemoved" classname="griffon.pivot.support.adapters.FormAdapterTest" time="0.005"/>
  <testcase name="testSectionInserted" classname="griffon.pivot.support.adapters.FormAdapterTest" time="0.0"/>
  <testcase name="testSectionHeadingChanged" classname="griffon.pivot.support.adapters.FormAdapterTest" time="0.0"/>
  <testcase name="testSectionsRemoved" classname="griffon.pivot.support.adapters.FormAdapterTest" time="0.0"/>
  <testcase name="testFieldInserted" classname="griffon.pivot.support.adapters.FormAdapterTest" time="0.003"/>
  <system-out><![CDATA[]]></system-out>
  <system-err><![CDATA[]]></system-err>
</testsuite>
