<?xml version="1.0" encoding="UTF-8"?>
<testsuite name="griffon.pivot.support.adapters.ComponentAdapterTest" tests="14" skipped="0" failures="0" errors="0" timestamp="2017-01-10T09:17:11" hostname="testing-gce-7b2d7ffd-be62-4986-b2bc-bd42efa5f90a" time="0.029">
  <properties/>
  <testcase name="testTooltipDelayChanged" classname="griffon.pivot.support.adapters.ComponentAdapterTest" time="0.001"/>
  <testcase name="testWidthLimitsChanged" classname="griffon.pivot.support.adapters.ComponentAdapterTest" time="0.002"/>
  <testcase name="testPreferredSizeChanged" classname="griffon.pivot.support.adapters.ComponentAdapterTest" time="0.0"/>
  <testcase name="testParentChanged" classname="griffon.pivot.support.adapters.ComponentAdapterTest" time="0.0"/>
  <testcase name="testDragSourceChanged" classname="griffon.pivot.support.adapters.ComponentAdapterTest" time="0.0"/>
  <testcase name="testVisibleChanged" classname="griffon.pivot.support.adapters.ComponentAdapterTest" time="0.001"/>
  <testcase name="testMenuHandlerChanged" classname="griffon.pivot.support.adapters.ComponentAdapterTest" time="0.002"/>
  <testcase name="testNameChanged" classname="griffon.pivot.support.adapters.ComponentAdapterTest" time="0.001"/>
  <testcase name="testLocationChanged" classname="griffon.pivot.support.adapters.ComponentAdapterTest" time="0.002"/>
  <testcase name="testDropTargetChanged" classname="griffon.pivot.support.adapters.ComponentAdapterTest" time="0.001"/>
  <testcase name="testSizeChanged" classname="griffon.pivot.support.adapters.ComponentAdapterTest" time="0.001"/>
  <testcase name="testTooltipTextChanged" classname="griffon.pivot.support.adapters.ComponentAdapterTest" time="0.0"/>
  <testcase name="testCursorChanged" classname="griffon.pivot.support.adapters.ComponentAdapterTest" time="0.002"/>
  <testcase name="testHeightLimitsChanged" classname="griffon.pivot.support.adapters.ComponentAdapterTest" time="0.001"/>
  <system-out><![CDATA[]]></system-out>
  <system-err><![CDATA[]]></system-err>
</testsuite>
