<?xml version="1.0" encoding="UTF-8"?>
<testsuite name="griffon.pivot.support.adapters.TabPaneAdapterTest" tests="8" skipped="0" failures="0" errors="0" timestamp="2016-11-30T21:36:26" hostname="testing-gce-7b284da2-1dfc-4486-9403-0c3889a84a74" time="0.011">
  <properties/>
  <testcase name="testPreviewRemoveTabs" classname="griffon.pivot.support.adapters.TabPaneAdapterTest" time="0.005"/>
  <testcase name="testCornerChanged" classname="griffon.pivot.support.adapters.TabPaneAdapterTest" time="0.0"/>
  <testcase name="testCollapsibleChanged" classname="griffon.pivot.support.adapters.TabPaneAdapterTest" time="0.001"/>
  <testcase name="testTabDataRendererChanged" classname="griffon.pivot.support.adapters.TabPaneAdapterTest" time="0.003"/>
  <testcase name="testTabInserted" classname="griffon.pivot.support.adapters.TabPaneAdapterTest" time="0.0"/>
  <testcase name="testTabsRemoved" classname="griffon.pivot.support.adapters.TabPaneAdapterTest" time="0.001"/>
  <testcase name="testRemoveTabsVetoed" classname="griffon.pivot.support.adapters.TabPaneAdapterTest" time="0.0"/>
  <testcase name="testCloseableChanged" classname="griffon.pivot.support.adapters.TabPaneAdapterTest" time="0.001"/>
  <system-out><![CDATA[]]></system-out>
  <system-err><![CDATA[]]></system-err>
</testsuite>
