<?xml version="1.0" encoding="UTF-8"?>
<testsuite name="griffon.pivot.support.adapters.TextAreaAdapterTest" tests="2" skipped="0" failures="0" errors="0" timestamp="2016-11-29T18:40:23" hostname="testing-gce-697e48c8-ccfd-425a-9024-c068db3ba60c" time="0.001">
  <properties/>
  <testcase name="testMaximumLengthChanged" classname="griffon.pivot.support.adapters.TextAreaAdapterTest" time="0.0"/>
  <testcase name="testEditableChanged" classname="griffon.pivot.support.adapters.TextAreaAdapterTest" time="0.001"/>
  <system-out><![CDATA[]]></system-out>
  <system-err><![CDATA[]]></system-err>
</testsuite>
