<?xml version="1.0" encoding="UTF-8"?>
<testsuite name="griffon.pivot.editors.PointPropertyEditorSpec" tests="29" skipped="0" failures="0" errors="0" timestamp="2017-01-10T09:17:12" hostname="testing-gce-7b2d7ffd-be62-4986-b2bc-bd42efa5f90a" time="0.028">
  <properties/>
  <testcase name="Point format 'null' should be equal to #Error:point" classname="griffon.pivot.editors.PointPropertyEditorSpec" time="0.004"/>
  <testcase name="Point format '' should be equal to #Error:point" classname="griffon.pivot.editors.PointPropertyEditorSpec" time="0.0"/>
  <testcase name="Point format ' ' should be equal to #Error:point" classname="griffon.pivot.editors.PointPropertyEditorSpec" time="0.0"/>
  <testcase name="Point format '[]' should be equal to #Error:point" classname="griffon.pivot.editors.PointPropertyEditorSpec" time="0.0"/>
  <testcase name="Point format '[:]' should be equal to #Error:point" classname="griffon.pivot.editors.PointPropertyEditorSpec" time="0.001"/>
  <testcase name="Point format '10,20' should be equal to #Error:point" classname="griffon.pivot.editors.PointPropertyEditorSpec" time="0.001"/>
  <testcase name="Point format '10, 20' should be equal to #Error:point" classname="griffon.pivot.editors.PointPropertyEditorSpec" time="0.0"/>
  <testcase name="Point format ' 10, 20' should be equal to #Error:point" classname="griffon.pivot.editors.PointPropertyEditorSpec" time="0.0"/>
  <testcase name="Point format ' 10, 20 ' should be equal to #Error:point" classname="griffon.pivot.editors.PointPropertyEditorSpec" time="0.001"/>
  <testcase name="Point format '[10, 20]' should be equal to #Error:point" classname="griffon.pivot.editors.PointPropertyEditorSpec" time="0.0"/>
  <testcase name="Point format '[10, 20]' should be equal to #Error:point" classname="griffon.pivot.editors.PointPropertyEditorSpec" time="0.001"/>
  <testcase name="Point format '10' should be equal to #Error:point" classname="griffon.pivot.editors.PointPropertyEditorSpec" time="0.001"/>
  <testcase name="Point format '10' should be equal to #Error:point" classname="griffon.pivot.editors.PointPropertyEditorSpec" time="0.001"/>
  <testcase name="Point format '[10]' should be equal to #Error:point" classname="griffon.pivot.editors.PointPropertyEditorSpec" time="0.0"/>
  <testcase name="Point format '[10]' should be equal to #Error:point" classname="griffon.pivot.editors.PointPropertyEditorSpec" time="0.0"/>
  <testcase name="Point format '[x:10, y:20]' should be equal to #Error:point" classname="griffon.pivot.editors.PointPropertyEditorSpec" time="0.002"/>
  <testcase name="Point format '[x:10, y:20]' should be equal to #Error:point" classname="griffon.pivot.editors.PointPropertyEditorSpec" time="0.001"/>
  <testcase name="Point format 'org.apache.pivot.wtk.Point [10,20]' should be equal to #Error:point" classname="griffon.pivot.editors.PointPropertyEditorSpec" time="0.0"/>
  <testcase name="Point format '[foo:10, bar:20]' should be equal to #Error:point" classname="griffon.pivot.editors.PointPropertyEditorSpec" time="0.0"/>
  <testcase name="Invalid point format 'garbage'" classname="griffon.pivot.editors.PointPropertyEditorSpec" time="0.001"/>
  <testcase name="Invalid point format '1, 2, 3'" classname="griffon.pivot.editors.PointPropertyEditorSpec" time="0.0"/>
  <testcase name="Invalid point format '[1, 2, 3]'" classname="griffon.pivot.editors.PointPropertyEditorSpec" time="0.0"/>
  <testcase name="Invalid point format '[java.lang.Object@2f75bf7a]'" classname="griffon.pivot.editors.PointPropertyEditorSpec" time="0.001"/>
  <testcase name="Invalid point format '[x:java.lang.Object@c615bb4]'" classname="griffon.pivot.editors.PointPropertyEditorSpec" time="0.001"/>
  <testcase name="Invalid point format '[x:a]'" classname="griffon.pivot.editors.PointPropertyEditorSpec" time="0.0"/>
  <testcase name="Invalid point format '[y:b]'" classname="griffon.pivot.editors.PointPropertyEditorSpec" time="0.001"/>
  <testcase name="Invalid point format 'java.lang.Object@46c35b50'" classname="griffon.pivot.editors.PointPropertyEditorSpec" time="0.0"/>
  <testcase name="Formatted point 'null'" classname="griffon.pivot.editors.PointPropertyEditorSpec" time="0.0"/>
  <testcase name="Formatted point '10, 20'" classname="griffon.pivot.editors.PointPropertyEditorSpec" time="0.001"/>
  <system-out><![CDATA[]]></system-out>
  <system-err><![CDATA[]]></system-err>
</testsuite>
