<?xml version="1.0" encoding="UTF-8"?>
<testsuite name="griffon.pivot.support.adapters.ComponentMouseAdapterTest" tests="3" skipped="0" failures="0" errors="0" timestamp="2016-12-01T09:19:59" hostname="testing-gce-1c7b4cd7-f8b4-49a0-b9fd-66abade42537" time="0.009">
  <properties/>
  <testcase name="testMouseOut" classname="griffon.pivot.support.adapters.ComponentMouseAdapterTest" time="0.002"/>
  <testcase name="testMouseMove" classname="griffon.pivot.support.adapters.ComponentMouseAdapterTest" time="0.002"/>
  <testcase name="testMouseOver" classname="griffon.pivot.support.adapters.ComponentMouseAdapterTest" time="0.002"/>
  <system-out><![CDATA[]]></system-out>
  <system-err><![CDATA[]]></system-err>
</testsuite>
