<?xml version="1.0" encoding="UTF-8"?>
<testsuite name="griffon.pivot.support.adapters.ComponentStateAdapterTest" tests="2" skipped="0" failures="0" errors="0" timestamp="2016-11-16T18:52:29" hostname="testing-gce-a8eb0744-142d-4aa3-aea8-752a56f8e7a5" time="0.002">
  <properties/>
  <testcase name="testFocusedChanged" classname="griffon.pivot.support.adapters.ComponentStateAdapterTest" time="0.001"/>
  <testcase name="testEnabledChanged" classname="griffon.pivot.support.adapters.ComponentStateAdapterTest" time="0.001"/>
  <system-out><![CDATA[]]></system-out>
  <system-err><![CDATA[]]></system-err>
</testsuite>
