<?xml version="1.0" encoding="UTF-8"?>
<testsuite name="griffon.pivot.support.adapters.NodeAdapterTest" tests="6" skipped="0" failures="0" errors="0" timestamp="2017-04-28T07:22:40" hostname="testing-gce-d418c672-e417-4758-9132-06e50a90cdc7" time="0.006">
  <properties/>
  <testcase name="testParentChanged" classname="griffon.pivot.support.adapters.NodeAdapterTest" time="0.001"/>
  <testcase name="testOffsetChanged" classname="griffon.pivot.support.adapters.NodeAdapterTest" time="0.001"/>
  <testcase name="testNodeInserted" classname="griffon.pivot.support.adapters.NodeAdapterTest" time="0.001"/>
  <testcase name="testRangeRemoved" classname="griffon.pivot.support.adapters.NodeAdapterTest" time="0.001"/>
  <testcase name="testNodesRemoved" classname="griffon.pivot.support.adapters.NodeAdapterTest" time="0.0"/>
  <testcase name="testRangeInserted" classname="griffon.pivot.support.adapters.NodeAdapterTest" time="0.001"/>
  <system-out><![CDATA[]]></system-out>
  <system-err><![CDATA[]]></system-err>
</testsuite>
