<?xml version="1.0" encoding="UTF-8"?>
<testsuite name="griffon.pivot.support.adapters.TabPaneAdapterTest" tests="8" skipped="0" failures="0" errors="0" timestamp="2016-12-02T17:44:56" hostname="testing-gce-f9e98b43-93c9-42c8-afdb-eab9b83f6b2a" time="0.014">
  <properties/>
  <testcase name="testPreviewRemoveTabs" classname="griffon.pivot.support.adapters.TabPaneAdapterTest" time="0.005"/>
  <testcase name="testCornerChanged" classname="griffon.pivot.support.adapters.TabPaneAdapterTest" time="0.0"/>
  <testcase name="testCollapsibleChanged" classname="griffon.pivot.support.adapters.TabPaneAdapterTest" time="0.0"/>
  <testcase name="testTabDataRendererChanged" classname="griffon.pivot.support.adapters.TabPaneAdapterTest" time="0.0"/>
  <testcase name="testTabInserted" classname="griffon.pivot.support.adapters.TabPaneAdapterTest" time="0.001"/>
  <testcase name="testTabsRemoved" classname="griffon.pivot.support.adapters.TabPaneAdapterTest" time="0.001"/>
  <testcase name="testRemoveTabsVetoed" classname="griffon.pivot.support.adapters.TabPaneAdapterTest" time="0.0"/>
  <testcase name="testCloseableChanged" classname="griffon.pivot.support.adapters.TabPaneAdapterTest" time="0.001"/>
  <system-out><![CDATA[]]></system-out>
  <system-err><![CDATA[]]></system-err>
</testsuite>
