<?xml version="1.0" encoding="UTF-8"?>
<testsuite name="griffon.pivot.support.adapters.ActionAdapterTest" tests="1" skipped="0" failures="0" errors="0" timestamp="2017-01-17T10:08:32" hostname="testing-gce-287e965d-5e9a-462b-b200-af66e676e36c" time="0.001">
  <properties/>
  <testcase name="testEnabledChanged" classname="griffon.pivot.support.adapters.ActionAdapterTest" time="0.001"/>
  <system-out><![CDATA[]]></system-out>
  <system-err><![CDATA[]]></system-err>
</testsuite>
