<?xml version="1.0" encoding="UTF-8"?>
<testsuite name="griffon.pivot.support.adapters.SuggestionPopupItemAdapterTest" tests="5" skipped="0" failures="0" errors="0" timestamp="2017-02-03T08:43:41" hostname="testing-gce-028e3132-944c-44d8-aca7-00110a5ea2b2" time="0.004">
  <properties/>
  <testcase name="testItemInserted" classname="griffon.pivot.support.adapters.SuggestionPopupItemAdapterTest" time="0.001"/>
  <testcase name="testItemsCleared" classname="griffon.pivot.support.adapters.SuggestionPopupItemAdapterTest" time="0.001"/>
  <testcase name="testItemUpdated" classname="griffon.pivot.support.adapters.SuggestionPopupItemAdapterTest" time="0.0"/>
  <testcase name="testItemsSorted" classname="griffon.pivot.support.adapters.SuggestionPopupItemAdapterTest" time="0.0"/>
  <testcase name="testItemsRemoved" classname="griffon.pivot.support.adapters.SuggestionPopupItemAdapterTest" time="0.001"/>
  <system-out><![CDATA[]]></system-out>
  <system-err><![CDATA[]]></system-err>
</testsuite>
