<?xml version="1.0" encoding="UTF-8"?>
<testsuite name="griffon.pivot.support.adapters.FormAttributeAdapterTest" tests="3" skipped="0" failures="0" errors="0" timestamp="2017-02-22T15:16:34" hostname="testing-gce-7d3042d1-6783-44c6-8859-669d03f901ba" time="0.011">
  <properties/>
  <testcase name="testFlagChanged" classname="griffon.pivot.support.adapters.FormAttributeAdapterTest" time="0.009"/>
  <testcase name="testLabelChanged" classname="griffon.pivot.support.adapters.FormAttributeAdapterTest" time="0.001"/>
  <testcase name="testRequiredChanged" classname="griffon.pivot.support.adapters.FormAttributeAdapterTest" time="0.001"/>
  <system-out><![CDATA[]]></system-out>
  <system-err><![CDATA[]]></system-err>
</testsuite>
