<?xml version="1.0" encoding="UTF-8"?>
<testsuite name="griffon.pivot.support.adapters.ListViewSelectionAdapterTest" tests="4" skipped="0" failures="0" errors="0" timestamp="2017-02-03T08:43:41" hostname="testing-gce-028e3132-944c-44d8-aca7-00110a5ea2b2" time="0.003">
  <properties/>
  <testcase name="testSelectedRangesChanged" classname="griffon.pivot.support.adapters.ListViewSelectionAdapterTest" time="0.001"/>
  <testcase name="testSelectedRangeRemoved" classname="griffon.pivot.support.adapters.ListViewSelectionAdapterTest" time="0.001"/>
  <testcase name="testSelectedRangeAdded" classname="griffon.pivot.support.adapters.ListViewSelectionAdapterTest" time="0.001"/>
  <testcase name="testSelectedItemChanged" classname="griffon.pivot.support.adapters.ListViewSelectionAdapterTest" time="0.0"/>
  <system-out><![CDATA[]]></system-out>
  <system-err><![CDATA[]]></system-err>
</testsuite>
