<?xml version="1.0" encoding="UTF-8"?>
<testsuite name="griffon.pivot.support.adapters.CalendarBindingAdapterTest" tests="3" skipped="0" failures="0" errors="0" timestamp="2016-11-17T21:57:37" hostname="testing-gce-a500a3b7-3e8b-4697-b127-d17b45a2fbc5" time="0.012">
  <properties/>
  <testcase name="testSelectedDateBindTypeChanged" classname="griffon.pivot.support.adapters.CalendarBindingAdapterTest" time="0.002"/>
  <testcase name="testSelectedDateBindMappingChanged" classname="griffon.pivot.support.adapters.CalendarBindingAdapterTest" time="0.002"/>
  <testcase name="testSelectedDateKeyChanged" classname="griffon.pivot.support.adapters.CalendarBindingAdapterTest" time="0.006"/>
  <system-out><![CDATA[]]></system-out>
  <system-err><![CDATA[]]></system-err>
</testsuite>
