<?xml version="1.0" encoding="UTF-8"?>
<testsuite name="griffon.pivot.support.adapters.SliderAdapterTest" tests="2" skipped="0" failures="0" errors="0" timestamp="2016-12-01T10:32:22" hostname="testing-gce-25a07c9d-cae8-4716-a125-946036b08bb3" time="0.001">
  <properties/>
  <testcase name="testOrientationChanged" classname="griffon.pivot.support.adapters.SliderAdapterTest" time="0.0"/>
  <testcase name="testRangeChanged" classname="griffon.pivot.support.adapters.SliderAdapterTest" time="0.0"/>
  <system-out><![CDATA[]]></system-out>
  <system-err><![CDATA[]]></system-err>
</testsuite>
