<?xml version="1.0" encoding="UTF-8"?>
<testsuite name="griffon.pivot.support.adapters.SplitPaneAdapterTest" tests="7" skipped="0" failures="0" errors="0" timestamp="2016-12-05T10:41:34" hostname="testing-gce-189093d2-39ca-4652-aec9-ff08f5b8a81f" time="0.006">
  <properties/>
  <testcase name="testLockedChanged" classname="griffon.pivot.support.adapters.SplitPaneAdapterTest" time="0.001"/>
  <testcase name="testPrimaryRegionChanged" classname="griffon.pivot.support.adapters.SplitPaneAdapterTest" time="0.001"/>
  <testcase name="testOrientationChanged" classname="griffon.pivot.support.adapters.SplitPaneAdapterTest" time="0.0"/>
  <testcase name="testBottomRightChanged" classname="griffon.pivot.support.adapters.SplitPaneAdapterTest" time="0.0"/>
  <testcase name="testSplitRatioChanged" classname="griffon.pivot.support.adapters.SplitPaneAdapterTest" time="0.001"/>
  <testcase name="testTopLeftChanged" classname="griffon.pivot.support.adapters.SplitPaneAdapterTest" time="0.001"/>
  <testcase name="testResizeModeChanged" classname="griffon.pivot.support.adapters.SplitPaneAdapterTest" time="0.0"/>
  <system-out><![CDATA[]]></system-out>
  <system-err><![CDATA[]]></system-err>
</testsuite>
