<?xml version="1.0" encoding="UTF-8"?>
<testsuite name="griffon.pivot.support.adapters.TreeViewNodeStateAdapterTest" tests="1" skipped="0" failures="0" errors="0" timestamp="2016-11-18T14:47:17" hostname="testing-gce-32b998c0-1c86-42c0-92eb-71cbad2128a4" time="0.001">
  <properties/>
  <testcase name="testNodeCheckStateChanged" classname="griffon.pivot.support.adapters.TreeViewNodeStateAdapterTest" time="0.001"/>
  <system-out><![CDATA[]]></system-out>
  <system-err><![CDATA[]]></system-err>
</testsuite>
