<?xml version="1.0" encoding="UTF-8"?>
<testsuite name="griffon.pivot.support.adapters.SpinnerAdapterTest" tests="3" skipped="0" failures="0" errors="0" timestamp="2017-04-28T07:22:40" hostname="testing-gce-d418c672-e417-4758-9132-06e50a90cdc7" time="0.003">
  <properties/>
  <testcase name="testCircularChanged" classname="griffon.pivot.support.adapters.SpinnerAdapterTest" time="0.001"/>
  <testcase name="testSpinnerDataChanged" classname="griffon.pivot.support.adapters.SpinnerAdapterTest" time="0.001"/>
  <testcase name="testItemRendererChanged" classname="griffon.pivot.support.adapters.SpinnerAdapterTest" time="0.001"/>
  <system-out><![CDATA[]]></system-out>
  <system-err><![CDATA[]]></system-err>
</testsuite>
