<?xml version="1.0" encoding="UTF-8"?>
<testsuite name="griffon.pivot.support.adapters.RollupStateAdapterTest" tests="3" skipped="0" failures="0" errors="0" timestamp="2016-11-29T18:40:22" hostname="testing-gce-697e48c8-ccfd-425a-9024-c068db3ba60c" time="0.007">
  <properties/>
  <testcase name="testExpandedChanged" classname="griffon.pivot.support.adapters.RollupStateAdapterTest" time="0.003"/>
  <testcase name="testPreviewExpandedChange" classname="griffon.pivot.support.adapters.RollupStateAdapterTest" time="0.002"/>
  <testcase name="testExpandedChangeVetoed" classname="griffon.pivot.support.adapters.RollupStateAdapterTest" time="0.001"/>
  <system-out><![CDATA[]]></system-out>
  <system-err><![CDATA[]]></system-err>
</testsuite>
