<?xml version="1.0" encoding="UTF-8"?>
<testsuite name="griffon.pivot.support.adapters.TextInputContentAdapterTest" tests="7" skipped="0" failures="0" errors="0" timestamp="2017-02-21T18:13:50" hostname="testing-gce-635704e8-b0eb-4898-b5e6-8d1f90074792" time="0.008">
  <properties/>
  <testcase name="testPreviewInsertText" classname="griffon.pivot.support.adapters.TextInputContentAdapterTest" time="0.001"/>
  <testcase name="testPreviewRemoveText" classname="griffon.pivot.support.adapters.TextInputContentAdapterTest" time="0.001"/>
  <testcase name="testTextChanged" classname="griffon.pivot.support.adapters.TextInputContentAdapterTest" time="0.0"/>
  <testcase name="testTextRemoved" classname="griffon.pivot.support.adapters.TextInputContentAdapterTest" time="0.0"/>
  <testcase name="testInsertTextVetoed" classname="griffon.pivot.support.adapters.TextInputContentAdapterTest" time="0.002"/>
  <testcase name="testTextInserted" classname="griffon.pivot.support.adapters.TextInputContentAdapterTest" time="0.002"/>
  <testcase name="testRemoveTextVetoed" classname="griffon.pivot.support.adapters.TextInputContentAdapterTest" time="0.001"/>
  <system-out><![CDATA[]]></system-out>
  <system-err><![CDATA[]]></system-err>
</testsuite>
