<?xml version="1.0" encoding="UTF-8"?>
<testsuite name="griffon.pivot.support.adapters.CalendarButtonBindingAdapterTest" tests="3" skipped="0" failures="0" errors="0" timestamp="2016-12-01T10:06:31" hostname="testing-gce-eaf68bd0-c1b6-4661-a4ef-407d21883631" time="0.004">
  <properties/>
  <testcase name="testSelectedDateBindTypeChanged" classname="griffon.pivot.support.adapters.CalendarButtonBindingAdapterTest" time="0.0"/>
  <testcase name="testSelectedDateBindMappingChanged" classname="griffon.pivot.support.adapters.CalendarButtonBindingAdapterTest" time="0.0"/>
  <testcase name="testSelectedDateKeyChanged" classname="griffon.pivot.support.adapters.CalendarButtonBindingAdapterTest" time="0.003"/>
  <system-out><![CDATA[]]></system-out>
  <system-err><![CDATA[]]></system-err>
</testsuite>
