<?xml version="1.0" encoding="UTF-8"?>
<testsuite name="griffon.pivot.support.adapters.ImageViewBindingAdapterTest" tests="3" skipped="0" failures="0" errors="0" timestamp="2017-02-27T16:58:28" hostname="testing-gce-42c31fda-833f-42ec-a8cd-e409c16e7131" time="0.005">
  <properties/>
  <testcase name="testImageBindMappingChanged" classname="griffon.pivot.support.adapters.ImageViewBindingAdapterTest" time="0.0"/>
  <testcase name="testImageKeyChanged" classname="griffon.pivot.support.adapters.ImageViewBindingAdapterTest" time="0.001"/>
  <testcase name="testImageBindTypeChanged" classname="griffon.pivot.support.adapters.ImageViewBindingAdapterTest" time="0.0"/>
  <system-out><![CDATA[]]></system-out>
  <system-err><![CDATA[]]></system-err>
</testsuite>
