<?xml version="1.0" encoding="UTF-8"?>
<testsuite name="griffon.pivot.support.adapters.MenuPopupStateAdapterTest" tests="3" skipped="0" failures="0" errors="0" timestamp="2017-01-10T09:17:11" hostname="testing-gce-7b2d7ffd-be62-4986-b2bc-bd42efa5f90a" time="0.002">
  <properties/>
  <testcase name="testPreviewMenuPopupClose" classname="griffon.pivot.support.adapters.MenuPopupStateAdapterTest" time="0.001"/>
  <testcase name="testMenuPopupClosed" classname="griffon.pivot.support.adapters.MenuPopupStateAdapterTest" time="0.001"/>
  <testcase name="testMenuPopupCloseVetoed" classname="griffon.pivot.support.adapters.MenuPopupStateAdapterTest" time="0.0"/>
  <system-out><![CDATA[]]></system-out>
  <system-err><![CDATA[]]></system-err>
</testsuite>
