<?xml version="1.0" encoding="UTF-8"?>
<testsuite name="griffon.pivot.support.adapters.FormAdapterTest" tests="5" skipped="0" failures="0" errors="0" timestamp="2017-04-28T07:36:25" hostname="testing-gce-bb15f2b8-b6ea-4bfb-8616-2279e2bebb3d" time="0.004">
  <properties/>
  <testcase name="testFieldsRemoved" classname="griffon.pivot.support.adapters.FormAdapterTest" time="0.001"/>
  <testcase name="testSectionInserted" classname="griffon.pivot.support.adapters.FormAdapterTest" time="0.001"/>
  <testcase name="testSectionHeadingChanged" classname="griffon.pivot.support.adapters.FormAdapterTest" time="0.001"/>
  <testcase name="testSectionsRemoved" classname="griffon.pivot.support.adapters.FormAdapterTest" time="0.001"/>
  <testcase name="testFieldInserted" classname="griffon.pivot.support.adapters.FormAdapterTest" time="0.0"/>
  <system-out><![CDATA[]]></system-out>
  <system-err><![CDATA[]]></system-err>
</testsuite>
