<?xml version="1.0" encoding="UTF-8"?>
<testsuite name="griffon.pivot.support.adapters.FormAttributeAdapterTest" tests="3" skipped="0" failures="0" errors="0" timestamp="2017-01-17T10:08:32" hostname="testing-gce-287e965d-5e9a-462b-b200-af66e676e36c" time="0.005">
  <properties/>
  <testcase name="testFlagChanged" classname="griffon.pivot.support.adapters.FormAttributeAdapterTest" time="0.001"/>
  <testcase name="testLabelChanged" classname="griffon.pivot.support.adapters.FormAttributeAdapterTest" time="0.0"/>
  <testcase name="testRequiredChanged" classname="griffon.pivot.support.adapters.FormAttributeAdapterTest" time="0.0"/>
  <system-out><![CDATA[]]></system-out>
  <system-err><![CDATA[]]></system-err>
</testsuite>
