<?xml version="1.0" encoding="UTF-8"?>
<testsuite name="griffon.pivot.support.adapters.TreeViewAdapterTest" tests="8" skipped="0" failures="0" errors="0" timestamp="2016-12-02T17:44:56" hostname="testing-gce-f9e98b43-93c9-42c8-afdb-eab9b83f6b2a" time="0.008">
  <properties/>
  <testcase name="testTreeDataChanged" classname="griffon.pivot.support.adapters.TreeViewAdapterTest" time="0.001"/>
  <testcase name="testSelectModeChanged" classname="griffon.pivot.support.adapters.TreeViewAdapterTest" time="0.0"/>
  <testcase name="testShowMixedCheckmarkStateChanged" classname="griffon.pivot.support.adapters.TreeViewAdapterTest" time="0.0"/>
  <testcase name="testDisabledCheckmarkFilterChanged" classname="griffon.pivot.support.adapters.TreeViewAdapterTest" time="0.002"/>
  <testcase name="testCheckmarksEnabledChanged" classname="griffon.pivot.support.adapters.TreeViewAdapterTest" time="0.0"/>
  <testcase name="testNodeRendererChanged" classname="griffon.pivot.support.adapters.TreeViewAdapterTest" time="0.0"/>
  <testcase name="testNodeEditorChanged" classname="griffon.pivot.support.adapters.TreeViewAdapterTest" time="0.001"/>
  <testcase name="testDisabledNodeFilterChanged" classname="griffon.pivot.support.adapters.TreeViewAdapterTest" time="0.002"/>
  <system-out><![CDATA[]]></system-out>
  <system-err><![CDATA[]]></system-err>
</testsuite>
