<?xml version="1.0" encoding="UTF-8"?>
<testsuite name="griffon.pivot.support.adapters.ScrollBarAdapterTest" tests="4" skipped="0" failures="0" errors="0" timestamp="2016-11-15T19:50:41" hostname="testing-gce-0a7091f9-5a3d-42d2-bba2-f82cd72fbd72" time="0.008">
  <properties/>
  <testcase name="testScopeChanged" classname="griffon.pivot.support.adapters.ScrollBarAdapterTest" time="0.001"/>
  <testcase name="testUnitIncrementChanged" classname="griffon.pivot.support.adapters.ScrollBarAdapterTest" time="0.006"/>
  <testcase name="testOrientationChanged" classname="griffon.pivot.support.adapters.ScrollBarAdapterTest" time="0.0"/>
  <testcase name="testBlockIncrementChanged" classname="griffon.pivot.support.adapters.ScrollBarAdapterTest" time="0.0"/>
  <system-out><![CDATA[]]></system-out>
  <system-err><![CDATA[]]></system-err>
</testsuite>
