<?xml version="1.0" encoding="UTF-8"?>
<testsuite name="griffon.pivot.support.adapters.TableViewSelectionAdapterTest" tests="4" skipped="0" failures="0" errors="0" timestamp="2017-03-13T20:20:21" hostname="testing-gce-5deeb444-989e-4d84-a4f8-95fc960493bd" time="0.009">
  <properties/>
  <testcase name="testSelectedRangesChanged" classname="griffon.pivot.support.adapters.TableViewSelectionAdapterTest" time="0.002"/>
  <testcase name="testSelectedRangeRemoved" classname="griffon.pivot.support.adapters.TableViewSelectionAdapterTest" time="0.0"/>
  <testcase name="testSelectedRangeAdded" classname="griffon.pivot.support.adapters.TableViewSelectionAdapterTest" time="0.0"/>
  <testcase name="testSelectedRowChanged" classname="griffon.pivot.support.adapters.TableViewSelectionAdapterTest" time="0.0"/>
  <system-out><![CDATA[]]></system-out>
  <system-err><![CDATA[]]></system-err>
</testsuite>
