<?xml version="1.0" encoding="UTF-8"?>
<testsuite name="griffon.pivot.support.adapters.SplitPaneAdapterTest" tests="7" skipped="0" failures="0" errors="0" timestamp="2016-12-26T01:44:12" hostname="testing-gce-685b893e-8dcc-4e98-831a-c87f37484b94" time="0.016">
  <properties/>
  <testcase name="testLockedChanged" classname="griffon.pivot.support.adapters.SplitPaneAdapterTest" time="0.001"/>
  <testcase name="testPrimaryRegionChanged" classname="griffon.pivot.support.adapters.SplitPaneAdapterTest" time="0.001"/>
  <testcase name="testOrientationChanged" classname="griffon.pivot.support.adapters.SplitPaneAdapterTest" time="0.003"/>
  <testcase name="testBottomRightChanged" classname="griffon.pivot.support.adapters.SplitPaneAdapterTest" time="0.001"/>
  <testcase name="testSplitRatioChanged" classname="griffon.pivot.support.adapters.SplitPaneAdapterTest" time="0.002"/>
  <testcase name="testTopLeftChanged" classname="griffon.pivot.support.adapters.SplitPaneAdapterTest" time="0.003"/>
  <testcase name="testResizeModeChanged" classname="griffon.pivot.support.adapters.SplitPaneAdapterTest" time="0.001"/>
  <system-out><![CDATA[]]></system-out>
  <system-err><![CDATA[]]></system-err>
</testsuite>
