<?xml version="1.0" encoding="UTF-8"?>
<testsuite name="griffon.pivot.support.adapters.ScrollBarAdapterTest" tests="4" skipped="0" failures="0" errors="0" timestamp="2017-03-27T07:09:45" hostname="testing-gce-d34322b1-0cd8-46fa-b9ad-ce676731692c" time="0.003">
  <properties/>
  <testcase name="testScopeChanged" classname="griffon.pivot.support.adapters.ScrollBarAdapterTest" time="0.0"/>
  <testcase name="testUnitIncrementChanged" classname="griffon.pivot.support.adapters.ScrollBarAdapterTest" time="0.0"/>
  <testcase name="testOrientationChanged" classname="griffon.pivot.support.adapters.ScrollBarAdapterTest" time="0.0"/>
  <testcase name="testBlockIncrementChanged" classname="griffon.pivot.support.adapters.ScrollBarAdapterTest" time="0.0"/>
  <system-out><![CDATA[]]></system-out>
  <system-err><![CDATA[]]></system-err>
</testsuite>
