<?xml version="1.0" encoding="UTF-8"?>
<testsuite name="griffon.pivot.support.adapters.SuggestionPopupItemAdapterTest" tests="5" skipped="0" failures="0" errors="0" timestamp="2016-12-02T17:44:56" hostname="testing-gce-f9e98b43-93c9-42c8-afdb-eab9b83f6b2a" time="0.01">
  <properties/>
  <testcase name="testItemInserted" classname="griffon.pivot.support.adapters.SuggestionPopupItemAdapterTest" time="0.001"/>
  <testcase name="testItemsCleared" classname="griffon.pivot.support.adapters.SuggestionPopupItemAdapterTest" time="0.0"/>
  <testcase name="testItemUpdated" classname="griffon.pivot.support.adapters.SuggestionPopupItemAdapterTest" time="0.0"/>
  <testcase name="testItemsSorted" classname="griffon.pivot.support.adapters.SuggestionPopupItemAdapterTest" time="0.001"/>
  <testcase name="testItemsRemoved" classname="griffon.pivot.support.adapters.SuggestionPopupItemAdapterTest" time="0.007"/>
  <system-out><![CDATA[]]></system-out>
  <system-err><![CDATA[]]></system-err>
</testsuite>
