<?xml version="1.0" encoding="UTF-8"?>
<testsuite name="griffon.pivot.support.adapters.FillPaneAdapterTest" tests="1" skipped="0" failures="0" errors="0" timestamp="2016-12-12T18:15:20" hostname="testing-gce-b8b33b65-f9aa-43f6-82c8-a8f17f90840a" time="0.006">
  <properties/>
  <testcase name="testOrientationChanged" classname="griffon.pivot.support.adapters.FillPaneAdapterTest" time="0.006"/>
  <system-out><![CDATA[]]></system-out>
  <system-err><![CDATA[]]></system-err>
</testsuite>
