<?xml version="1.0" encoding="UTF-8"?>
<testsuite name="griffon.pivot.support.adapters.SheetStateAdapterTest" tests="3" skipped="0" failures="0" errors="0" timestamp="2017-04-28T07:36:25" hostname="testing-gce-bb15f2b8-b6ea-4bfb-8616-2279e2bebb3d" time="0.003">
  <properties/>
  <testcase name="testSheetCloseVetoed" classname="griffon.pivot.support.adapters.SheetStateAdapterTest" time="0.001"/>
  <testcase name="testSheetClosed" classname="griffon.pivot.support.adapters.SheetStateAdapterTest" time="0.0"/>
  <testcase name="testPreviewSheetClose" classname="griffon.pivot.support.adapters.SheetStateAdapterTest" time="0.0"/>
  <system-out><![CDATA[]]></system-out>
  <system-err><![CDATA[]]></system-err>
</testsuite>
