<?xml version="1.0" encoding="UTF-8"?>
<testsuite name="griffon.pivot.support.adapters.WindowStateAdapterTest" tests="6" skipped="0" failures="0" errors="0" timestamp="2017-02-18T21:17:05" hostname="testing-gce-704079ce-e776-4318-b76f-d885ae48fb5e" time="0.007">
  <properties/>
  <testcase name="testPreviewWindowOpen" classname="griffon.pivot.support.adapters.WindowStateAdapterTest" time="0.001"/>
  <testcase name="testWindowCloseVetoed" classname="griffon.pivot.support.adapters.WindowStateAdapterTest" time="0.001"/>
  <testcase name="testWindowOpenVetoed" classname="griffon.pivot.support.adapters.WindowStateAdapterTest" time="0.001"/>
  <testcase name="testWindowClosed" classname="griffon.pivot.support.adapters.WindowStateAdapterTest" time="0.0"/>
  <testcase name="testWindowOpened" classname="griffon.pivot.support.adapters.WindowStateAdapterTest" time="0.001"/>
  <testcase name="testPreviewWindowClose" classname="griffon.pivot.support.adapters.WindowStateAdapterTest" time="0.001"/>
  <system-out><![CDATA[]]></system-out>
  <system-err><![CDATA[]]></system-err>
</testsuite>
