<?xml version="1.0" encoding="UTF-8"?>
<testsuite name="griffon.pivot.support.adapters.ScrollBarAdapterTest" tests="4" skipped="0" failures="0" errors="0" timestamp="2016-12-02T17:44:55" hostname="testing-gce-f9e98b43-93c9-42c8-afdb-eab9b83f6b2a" time="0.007">
  <properties/>
  <testcase name="testScopeChanged" classname="griffon.pivot.support.adapters.ScrollBarAdapterTest" time="0.004"/>
  <testcase name="testUnitIncrementChanged" classname="griffon.pivot.support.adapters.ScrollBarAdapterTest" time="0.001"/>
  <testcase name="testOrientationChanged" classname="griffon.pivot.support.adapters.ScrollBarAdapterTest" time="0.001"/>
  <testcase name="testBlockIncrementChanged" classname="griffon.pivot.support.adapters.ScrollBarAdapterTest" time="0.001"/>
  <system-out><![CDATA[]]></system-out>
  <system-err><![CDATA[]]></system-err>
</testsuite>
