<?xml version="1.0" encoding="UTF-8"?>
<testsuite name="griffon.pivot.support.adapters.ComponentMouseAdapterTest" tests="3" skipped="0" failures="0" errors="0" timestamp="2016-12-26T17:58:57" hostname="testing-gce-c7073926-9797-4451-aa22-4ee5ff1af0c2" time="0.003">
  <properties/>
  <testcase name="testMouseOut" classname="griffon.pivot.support.adapters.ComponentMouseAdapterTest" time="0.001"/>
  <testcase name="testMouseMove" classname="griffon.pivot.support.adapters.ComponentMouseAdapterTest" time="0.001"/>
  <testcase name="testMouseOver" classname="griffon.pivot.support.adapters.ComponentMouseAdapterTest" time="0.001"/>
  <system-out><![CDATA[]]></system-out>
  <system-err><![CDATA[]]></system-err>
</testsuite>
