<?xml version="1.0" encoding="UTF-8"?>
<testsuite name="griffon.pivot.support.adapters.ButtonBindingAdapterTest" tests="9" skipped="0" failures="0" errors="0" timestamp="2016-12-07T11:32:56" hostname="testing-gce-18702692-515d-4fb2-b554-869b19883cee" time="0.006">
  <properties/>
  <testcase name="testSelectedBindTypeChanged" classname="griffon.pivot.support.adapters.ButtonBindingAdapterTest" time="0.0"/>
  <testcase name="testSelectedKeyChanged" classname="griffon.pivot.support.adapters.ButtonBindingAdapterTest" time="0.001"/>
  <testcase name="testStateBindTypeChanged" classname="griffon.pivot.support.adapters.ButtonBindingAdapterTest" time="0.001"/>
  <testcase name="testStateKeyChanged" classname="griffon.pivot.support.adapters.ButtonBindingAdapterTest" time="0.0"/>
  <testcase name="testStateBindMappingChanged" classname="griffon.pivot.support.adapters.ButtonBindingAdapterTest" time="0.001"/>
  <testcase name="testButtonDataBindTypeChanged" classname="griffon.pivot.support.adapters.ButtonBindingAdapterTest" time="0.001"/>
  <testcase name="testButtonDataKeyChanged" classname="griffon.pivot.support.adapters.ButtonBindingAdapterTest" time="0.0"/>
  <testcase name="testButtonDataBindMappingChanged" classname="griffon.pivot.support.adapters.ButtonBindingAdapterTest" time="0.001"/>
  <testcase name="testSelectedBindMappingChanged" classname="griffon.pivot.support.adapters.ButtonBindingAdapterTest" time="0.001"/>
  <system-out><![CDATA[]]></system-out>
  <system-err><![CDATA[]]></system-err>
</testsuite>
