<?xml version="1.0" encoding="UTF-8"?>
<testsuite name="griffon.pivot.support.adapters.FormAdapterTest" tests="5" skipped="0" failures="0" errors="0" timestamp="2017-01-10T09:17:11" hostname="testing-gce-7b2d7ffd-be62-4986-b2bc-bd42efa5f90a" time="0.003">
  <properties/>
  <testcase name="testFieldsRemoved" classname="griffon.pivot.support.adapters.FormAdapterTest" time="0.001"/>
  <testcase name="testSectionInserted" classname="griffon.pivot.support.adapters.FormAdapterTest" time="0.001"/>
  <testcase name="testSectionHeadingChanged" classname="griffon.pivot.support.adapters.FormAdapterTest" time="0.0"/>
  <testcase name="testSectionsRemoved" classname="griffon.pivot.support.adapters.FormAdapterTest" time="0.001"/>
  <testcase name="testFieldInserted" classname="griffon.pivot.support.adapters.FormAdapterTest" time="0.0"/>
  <system-out><![CDATA[]]></system-out>
  <system-err><![CDATA[]]></system-err>
</testsuite>
