<?xml version="1.0" encoding="UTF-8"?>
<testsuite name="griffon.pivot.support.adapters.SliderAdapterTest" tests="2" skipped="0" failures="0" errors="0" timestamp="2016-11-29T18:40:22" hostname="testing-gce-697e48c8-ccfd-425a-9024-c068db3ba60c" time="0.001">
  <properties/>
  <testcase name="testOrientationChanged" classname="griffon.pivot.support.adapters.SliderAdapterTest" time="0.0"/>
  <testcase name="testRangeChanged" classname="griffon.pivot.support.adapters.SliderAdapterTest" time="0.0"/>
  <system-out><![CDATA[]]></system-out>
  <system-err><![CDATA[]]></system-err>
</testsuite>
