<?xml version="1.0" encoding="UTF-8"?>
<testsuite name="griffon.pivot.support.adapters.MenuButtonAdapterTest" tests="1" skipped="0" failures="0" errors="0" timestamp="2017-02-11T08:58:56" hostname="testing-gce-27845af9-feac-4362-84ac-35f334160d45" time="0.001">
  <properties/>
  <testcase name="testMenuChanged" classname="griffon.pivot.support.adapters.MenuButtonAdapterTest" time="0.001"/>
  <system-out><![CDATA[]]></system-out>
  <system-err><![CDATA[]]></system-err>
</testsuite>
