<?xml version="1.0" encoding="UTF-8"?>
<testsuite name="griffon.pivot.editors.PointPropertyEditorSpec" tests="29" skipped="0" failures="0" errors="0" timestamp="2016-11-30T19:24:04" hostname="testing-gce-a869d1a4-1603-4102-8e5d-778a0cbc1838" time="0.028">
  <properties/>
  <testcase name="Point format 'null' should be equal to #Error:point" classname="griffon.pivot.editors.PointPropertyEditorSpec" time="0.009"/>
  <testcase name="Point format '' should be equal to #Error:point" classname="griffon.pivot.editors.PointPropertyEditorSpec" time="0.0"/>
  <testcase name="Point format ' ' should be equal to #Error:point" classname="griffon.pivot.editors.PointPropertyEditorSpec" time="0.0"/>
  <testcase name="Point format '[]' should be equal to #Error:point" classname="griffon.pivot.editors.PointPropertyEditorSpec" time="0.0"/>
  <testcase name="Point format '[:]' should be equal to #Error:point" classname="griffon.pivot.editors.PointPropertyEditorSpec" time="0.0"/>
  <testcase name="Point format '10,20' should be equal to #Error:point" classname="griffon.pivot.editors.PointPropertyEditorSpec" time="0.0"/>
  <testcase name="Point format '10, 20' should be equal to #Error:point" classname="griffon.pivot.editors.PointPropertyEditorSpec" time="0.0"/>
  <testcase name="Point format ' 10, 20' should be equal to #Error:point" classname="griffon.pivot.editors.PointPropertyEditorSpec" time="0.0"/>
  <testcase name="Point format ' 10, 20 ' should be equal to #Error:point" classname="griffon.pivot.editors.PointPropertyEditorSpec" time="0.0"/>
  <testcase name="Point format '[10, 20]' should be equal to #Error:point" classname="griffon.pivot.editors.PointPropertyEditorSpec" time="0.0"/>
  <testcase name="Point format '[10, 20]' should be equal to #Error:point" classname="griffon.pivot.editors.PointPropertyEditorSpec" time="0.001"/>
  <testcase name="Point format '10' should be equal to #Error:point" classname="griffon.pivot.editors.PointPropertyEditorSpec" time="0.0"/>
  <testcase name="Point format '10' should be equal to #Error:point" classname="griffon.pivot.editors.PointPropertyEditorSpec" time="0.0"/>
  <testcase name="Point format '[10]' should be equal to #Error:point" classname="griffon.pivot.editors.PointPropertyEditorSpec" time="0.001"/>
  <testcase name="Point format '[10]' should be equal to #Error:point" classname="griffon.pivot.editors.PointPropertyEditorSpec" time="0.0"/>
  <testcase name="Point format '[x:10, y:20]' should be equal to #Error:point" classname="griffon.pivot.editors.PointPropertyEditorSpec" time="0.001"/>
  <testcase name="Point format '[x:10, y:20]' should be equal to #Error:point" classname="griffon.pivot.editors.PointPropertyEditorSpec" time="0.0"/>
  <testcase name="Point format 'org.apache.pivot.wtk.Point [10,20]' should be equal to #Error:point" classname="griffon.pivot.editors.PointPropertyEditorSpec" time="0.001"/>
  <testcase name="Point format '[foo:10, bar:20]' should be equal to #Error:point" classname="griffon.pivot.editors.PointPropertyEditorSpec" time="0.0"/>
  <testcase name="Invalid point format 'garbage'" classname="griffon.pivot.editors.PointPropertyEditorSpec" time="0.002"/>
  <testcase name="Invalid point format '1, 2, 3'" classname="griffon.pivot.editors.PointPropertyEditorSpec" time="0.0"/>
  <testcase name="Invalid point format '[1, 2, 3]'" classname="griffon.pivot.editors.PointPropertyEditorSpec" time="0.0"/>
  <testcase name="Invalid point format '[java.lang.Object@126b4855]'" classname="griffon.pivot.editors.PointPropertyEditorSpec" time="0.0"/>
  <testcase name="Invalid point format '[x:java.lang.Object@7387017d]'" classname="griffon.pivot.editors.PointPropertyEditorSpec" time="0.0"/>
  <testcase name="Invalid point format '[x:a]'" classname="griffon.pivot.editors.PointPropertyEditorSpec" time="0.0"/>
  <testcase name="Invalid point format '[y:b]'" classname="griffon.pivot.editors.PointPropertyEditorSpec" time="0.0"/>
  <testcase name="Invalid point format 'java.lang.Object@6d7aab14'" classname="griffon.pivot.editors.PointPropertyEditorSpec" time="0.0"/>
  <testcase name="Formatted point 'null'" classname="griffon.pivot.editors.PointPropertyEditorSpec" time="0.001"/>
  <testcase name="Formatted point '10, 20'" classname="griffon.pivot.editors.PointPropertyEditorSpec" time="0.0"/>
  <system-out><![CDATA[]]></system-out>
  <system-err><![CDATA[]]></system-err>
</testsuite>
