<?xml version="1.0" encoding="UTF-8"?>
<testsuite name="griffon.pivot.support.adapters.ListViewSelectionAdapterTest" tests="4" skipped="0" failures="0" errors="0" timestamp="2016-11-02T15:19:13" hostname="testing-gce-ebe1e2ab-5243-4a05-8a72-5c053e509e3c" time="0.004">
  <properties/>
  <testcase name="testSelectedRangesChanged" classname="griffon.pivot.support.adapters.ListViewSelectionAdapterTest" time="0.001"/>
  <testcase name="testSelectedRangeRemoved" classname="griffon.pivot.support.adapters.ListViewSelectionAdapterTest" time="0.001"/>
  <testcase name="testSelectedRangeAdded" classname="griffon.pivot.support.adapters.ListViewSelectionAdapterTest" time="0.001"/>
  <testcase name="testSelectedItemChanged" classname="griffon.pivot.support.adapters.ListViewSelectionAdapterTest" time="0.001"/>
  <system-out><![CDATA[]]></system-out>
  <system-err><![CDATA[]]></system-err>
</testsuite>
