<?xml version="1.0" encoding="UTF-8"?>
<testsuite name="griffon.pivot.support.adapters.SpinnerItemAdapterTest" tests="5" skipped="0" failures="0" errors="0" timestamp="2016-12-12T17:11:52" hostname="testing-gce-4786cd4f-7658-4bd4-ae1d-55546974e6b0" time="0.008">
  <properties/>
  <testcase name="testItemInserted" classname="griffon.pivot.support.adapters.SpinnerItemAdapterTest" time="0.001"/>
  <testcase name="testItemsCleared" classname="griffon.pivot.support.adapters.SpinnerItemAdapterTest" time="0.001"/>
  <testcase name="testItemUpdated" classname="griffon.pivot.support.adapters.SpinnerItemAdapterTest" time="0.002"/>
  <testcase name="testItemsSorted" classname="griffon.pivot.support.adapters.SpinnerItemAdapterTest" time="0.001"/>
  <testcase name="testItemsRemoved" classname="griffon.pivot.support.adapters.SpinnerItemAdapterTest" time="0.001"/>
  <system-out><![CDATA[]]></system-out>
  <system-err><![CDATA[]]></system-err>
</testsuite>
