<?xml version="1.0" encoding="UTF-8"?>
<testsuite name="griffon.pivot.support.adapters.ListViewAdapterTest" tests="7" skipped="0" failures="0" errors="0" timestamp="2016-11-30T21:36:25" hostname="testing-gce-7b284da2-1dfc-4486-9403-0c3889a84a74" time="0.018">
  <properties/>
  <testcase name="testItemEditorChanged" classname="griffon.pivot.support.adapters.ListViewAdapterTest" time="0.004"/>
  <testcase name="testDisabledItemFilterChanged" classname="griffon.pivot.support.adapters.ListViewAdapterTest" time="0.003"/>
  <testcase name="testSelectModeChanged" classname="griffon.pivot.support.adapters.ListViewAdapterTest" time="0.002"/>
  <testcase name="testDisabledCheckmarkFilterChanged" classname="griffon.pivot.support.adapters.ListViewAdapterTest" time="0.001"/>
  <testcase name="testCheckmarksEnabledChanged" classname="griffon.pivot.support.adapters.ListViewAdapterTest" time="0.001"/>
  <testcase name="testItemRendererChanged" classname="griffon.pivot.support.adapters.ListViewAdapterTest" time="0.004"/>
  <testcase name="testListDataChanged" classname="griffon.pivot.support.adapters.ListViewAdapterTest" time="0.001"/>
  <system-out><![CDATA[]]></system-out>
  <system-err><![CDATA[]]></system-err>
</testsuite>
