<?xml version="1.0" encoding="UTF-8"?>
<testsuite name="griffon.pivot.support.adapters.FileBrowserSheetAdapterTest" tests="4" skipped="0" failures="0" errors="0" timestamp="2016-11-30T21:59:23" hostname="testing-gce-56334b88-24b1-400f-a148-1c5d8919e344" time="0.004">
  <properties/>
  <testcase name="testModeChanged" classname="griffon.pivot.support.adapters.FileBrowserSheetAdapterTest" time="0.001"/>
  <testcase name="testSelectedFilesChanged" classname="griffon.pivot.support.adapters.FileBrowserSheetAdapterTest" time="0.001"/>
  <testcase name="testRootDirectoryChanged" classname="griffon.pivot.support.adapters.FileBrowserSheetAdapterTest" time="0.001"/>
  <testcase name="testDisabledFileFilterChanged" classname="griffon.pivot.support.adapters.FileBrowserSheetAdapterTest" time="0.001"/>
  <system-out><![CDATA[]]></system-out>
  <system-err><![CDATA[]]></system-err>
</testsuite>
