<?xml version="1.0" encoding="UTF-8"?>
<testsuite name="griffon.pivot.support.adapters.TableViewHeaderAdapterTest" tests="2" skipped="0" failures="0" errors="0" timestamp="2016-12-01T09:19:59" hostname="testing-gce-1c7b4cd7-f8b4-49a0-b9fd-66abade42537" time="0.003">
  <properties/>
  <testcase name="testTableViewChanged" classname="griffon.pivot.support.adapters.TableViewHeaderAdapterTest" time="0.001"/>
  <testcase name="testSortModeChanged" classname="griffon.pivot.support.adapters.TableViewHeaderAdapterTest" time="0.002"/>
  <system-out><![CDATA[]]></system-out>
  <system-err><![CDATA[]]></system-err>
</testsuite>
