<?xml version="1.0" encoding="UTF-8"?>
<testsuite name="griffon.pivot.support.adapters.RollupStateAdapterTest" tests="3" skipped="0" failures="0" errors="0" timestamp="2017-03-19T09:41:45" hostname="testing-gce-285b8751-6141-4ab9-a69c-ed70f9132185" time="0.004">
  <properties/>
  <testcase name="testExpandedChanged" classname="griffon.pivot.support.adapters.RollupStateAdapterTest" time="0.001"/>
  <testcase name="testPreviewExpandedChange" classname="griffon.pivot.support.adapters.RollupStateAdapterTest" time="0.001"/>
  <testcase name="testExpandedChangeVetoed" classname="griffon.pivot.support.adapters.RollupStateAdapterTest" time="0.001"/>
  <system-out><![CDATA[]]></system-out>
  <system-err><![CDATA[]]></system-err>
</testsuite>
