<?xml version="1.0" encoding="UTF-8"?>
<testsuite name="griffon.pivot.support.adapters.ListViewAdapterTest" tests="7" skipped="0" failures="0" errors="0" timestamp="2016-12-01T09:19:59" hostname="testing-gce-1c7b4cd7-f8b4-49a0-b9fd-66abade42537" time="0.023">
  <properties/>
  <testcase name="testItemEditorChanged" classname="griffon.pivot.support.adapters.ListViewAdapterTest" time="0.005"/>
  <testcase name="testDisabledItemFilterChanged" classname="griffon.pivot.support.adapters.ListViewAdapterTest" time="0.006"/>
  <testcase name="testSelectModeChanged" classname="griffon.pivot.support.adapters.ListViewAdapterTest" time="0.001"/>
  <testcase name="testDisabledCheckmarkFilterChanged" classname="griffon.pivot.support.adapters.ListViewAdapterTest" time="0.001"/>
  <testcase name="testCheckmarksEnabledChanged" classname="griffon.pivot.support.adapters.ListViewAdapterTest" time="0.006"/>
  <testcase name="testItemRendererChanged" classname="griffon.pivot.support.adapters.ListViewAdapterTest" time="0.001"/>
  <testcase name="testListDataChanged" classname="griffon.pivot.support.adapters.ListViewAdapterTest" time="0.001"/>
  <system-out><![CDATA[]]></system-out>
  <system-err><![CDATA[]]></system-err>
</testsuite>
