<?xml version="1.0" encoding="UTF-8"?>
<testsuite name="griffon.pivot.support.adapters.MenuButtonAdapterTest" tests="1" skipped="0" failures="0" errors="0" timestamp="2017-04-03T06:24:44" hostname="testing-gce-7dd35ff5-9fad-4ad0-a5e2-a09dadc8bc7f" time="0.001">
  <properties/>
  <testcase name="testMenuChanged" classname="griffon.pivot.support.adapters.MenuButtonAdapterTest" time="0.001"/>
  <system-out><![CDATA[]]></system-out>
  <system-err><![CDATA[]]></system-err>
</testsuite>
