<?xml version="1.0" encoding="UTF-8"?>
<testsuite name="griffon.util.BindUtilsTest" tests="3" skipped="0" failures="0" errors="0" timestamp="2017-02-24T11:27:45" hostname="testing-gce-74d2f9bb-b51a-479d-a49c-205e2856a55c" time="0.063">
  <properties/>
  <testcase name="testNoTargetProperty" classname="griffon.util.BindUtilsTest" time="0.038"/>
  <testcase name="testNoSourceProperty" classname="griffon.util.BindUtilsTest" time="0.004"/>
  <testcase name="testAllOptions" classname="griffon.util.BindUtilsTest" time="0.021"/>
  <system-out><![CDATA[]]></system-out>
  <system-err><![CDATA[Feb 24, 2017 11:27:45 AM groovy.util.FactoryBuilderSupport createNode
WARNING: Factory for name 'bind' returned null
Feb 24, 2017 11:27:45 AM groovy.util.FactoryBuilderSupport createNode
WARNING: Factory for name 'bind' returned null
Feb 24, 2017 11:27:45 AM groovy.util.FactoryBuilderSupport createNode
WARNING: Factory for name 'bind' returned null
]]></system-err>
</testsuite>
