<?xml version="1.0" encoding="UTF-8"?>
<testsuite name="griffon.util.ConfigReaderTests" tests="23" skipped="0" failures="0" errors="0" timestamp="2016-12-12T18:14:06" hostname="testing-gce-b8b33b65-f9aa-43f6-82c8-a8f17f90840a" time="2.619">
  <properties/>
  <testcase name="testParseProperties" classname="griffon.util.ConfigReaderTests" time="0.093"/>
  <testcase name="testToProperties" classname="griffon.util.ConfigReaderTests" time="0.872"/>
  <testcase name="testNestedConditionaBlocks" classname="griffon.util.ConfigReaderTests" time="0.603"/>
  <testcase name="testScopedPropertiesWithNesting" classname="griffon.util.ConfigReaderTests" time="0.046"/>
  <testcase name="testScopedProperties" classname="griffon.util.ConfigReaderTests" time="0.04"/>
  <testcase name="testCustomConditionalBlocks" classname="griffon.util.ConfigReaderTests" time="0.092"/>
  <testcase name="testTwoSameBlocks" classname="griffon.util.ConfigReaderTests" time="0.055"/>
  <testcase name="testConsecutiveReaderValues" classname="griffon.util.ConfigReaderTests" time="0.041"/>
  <testcase name="testScopedVariableReusage" classname="griffon.util.ConfigReaderTests" time="0.035"/>
  <testcase name="testLog4jConfiguration" classname="griffon.util.ConfigReaderTests" time="0.044"/>
  <testcase name="testSimpleProperties" classname="griffon.util.ConfigReaderTests" time="0.027"/>
  <testcase name="testConditionalOverrides" classname="griffon.util.ConfigReaderTests" time="0.071"/>
  <testcase name="testSerializeConfig" classname="griffon.util.ConfigReaderTests" time="0.113"/>
  <testcase name="testConfigTokensAsStrings" classname="griffon.util.ConfigReaderTests" time="0.029"/>
  <testcase name="testEnvironmentProperties2" classname="griffon.util.ConfigReaderTests" time="0.07"/>
  <testcase name="testConfigReaderNestedValues" classname="griffon.util.ConfigReaderTests" time="0.065"/>
  <testcase name="testEnvironmentSpecificConfig" classname="griffon.util.ConfigReaderTests" time="0.099"/>
  <testcase name="testFlattenConfig" classname="griffon.util.ConfigReaderTests" time="0.05"/>
  <testcase name="testNotProperlyNestedPropertiesArePreserved" classname="griffon.util.ConfigReaderTests" time="0.006"/>
  <testcase name="testConfigInterReferencing" classname="griffon.util.ConfigReaderTests" time="0.045"/>
  <testcase name="testVariableAssignments" classname="griffon.util.ConfigReaderTests" time="0.043"/>
  <testcase name="testConfigBinding" classname="griffon.util.ConfigReaderTests" time="0.017"/>
  <testcase name="testSameElementNestingWithoutDuplication" classname="griffon.util.ConfigReaderTests" time="0.036"/>
  <system-out><![CDATA[]]></system-out>
  <system-err><![CDATA[]]></system-err>
</testsuite>
