<?xml version="1.0" encoding="UTF-8"?>
<testsuite name="griffon.util.CompositeBuilderTest" tests="7" skipped="0" failures="0" errors="0" timestamp="2016-11-18T14:46:17" hostname="testing-gce-32b998c0-1c86-42c0-92eb-71cbad2128a4" time="0.291">
  <properties/>
  <testcase name="testWithTwoBuilderCustomizers" classname="griffon.util.CompositeBuilderTest" time="0.182"/>
  <testcase name="testMethodMissingDelegate_abortedByCustomizer" classname="griffon.util.CompositeBuilderTest" time="0.031"/>
  <testcase name="testMethodMissingDelegate_noDelegate" classname="griffon.util.CompositeBuilderTest" time="0.013"/>
  <testcase name="testMethodMissingDelegate_unhandledByCustomizer" classname="griffon.util.CompositeBuilderTest" time="0.03"/>
  <testcase name="testMethodMissingDelegate_handledByCustomizer" classname="griffon.util.CompositeBuilderTest" time="0.012"/>
  <testcase name="testMethodMissingDelegate" classname="griffon.util.CompositeBuilderTest" time="0.008"/>
  <testcase name="testPropertyMissingDelegate" classname="griffon.util.CompositeBuilderTest" time="0.011"/>
  <system-out><![CDATA[]]></system-out>
  <system-err><![CDATA[Nov 18, 2016 2:46:17 PM groovy.util.FactoryBuilderSupport createNode
WARNING: Could not find match for name 'methodDoesNotExist'
Nov 18, 2016 2:46:17 PM groovy.util.FactoryBuilderSupport createNode
WARNING: Could not find match for name 'someMethod'
Nov 18, 2016 2:46:17 PM groovy.util.FactoryBuilderSupport createNode
WARNING: Could not find match for name 'randomMethod'
Nov 18, 2016 2:46:17 PM groovy.util.FactoryBuilderSupport createNode
WARNING: Could not find match for name 'randomMethod'
Nov 18, 2016 2:46:17 PM groovy.util.FactoryBuilderSupport createNode
WARNING: Could not find match for name 'randomMethod'
Nov 18, 2016 2:46:17 PM groovy.util.FactoryBuilderSupport createNode
WARNING: Could not find match for name 'someOtherMethod'
Nov 18, 2016 2:46:17 PM groovy.util.FactoryBuilderSupport createNode
WARNING: Could not find match for name 'randomMethod'
Nov 18, 2016 2:46:17 PM groovy.util.FactoryBuilderSupport createNode
WARNING: Could not find match for name 'someOtherMethod'
Nov 18, 2016 2:46:17 PM groovy.util.FactoryBuilderSupport createNode
WARNING: Could not find match for name 'randomMethod'
Nov 18, 2016 2:46:17 PM groovy.util.FactoryBuilderSupport createNode
WARNING: Could not find match for name 'someOtherMethod'
]]></system-err>
</testsuite>
