<?xml version="1.0" encoding="UTF-8"?>
<testsuite name="griffon.util.Xml2GroovySpec" tests="11" skipped="0" failures="0" errors="0" timestamp="2017-02-18T21:15:51" hostname="testing-gce-704079ce-e776-4318-b76f-d885ae48fb5e" time="0.158">
  <properties/>
  <testcase name="Parse application.xml from file" classname="griffon.util.Xml2GroovySpec" time="0.035"/>
  <testcase name="Parse application.xml from reader" classname="griffon.util.Xml2GroovySpec" time="0.018"/>
  <testcase name="Parse application.xml from inputStream" classname="griffon.util.Xml2GroovySpec" time="0.007"/>
  <testcase name="Parse application.xml from uri" classname="griffon.util.Xml2GroovySpec" time="0.011"/>
  <testcase name="Parse application.xml from gpathResult" classname="griffon.util.Xml2GroovySpec" time="0.008"/>
  <testcase name="Parse application.xml from String" classname="griffon.util.Xml2GroovySpec" time="0.017"/>
  <testcase name="Bad application.xml from file results in error" classname="griffon.util.Xml2GroovySpec" time="0.033"/>
  <testcase name="Bad application.xml from reader results in error" classname="griffon.util.Xml2GroovySpec" time="0.006"/>
  <testcase name="Bad application.xml from inputStream results in error" classname="griffon.util.Xml2GroovySpec" time="0.003"/>
  <testcase name="Bad application.xml from uri results in error" classname="griffon.util.Xml2GroovySpec" time="0.003"/>
  <testcase name="Bad application.xml from string results in error" classname="griffon.util.Xml2GroovySpec" time="0.003"/>
  <system-out><![CDATA[]]></system-out>
  <system-err><![CDATA[[Fatal Error] bad_application.xml:13:35: XML document structures must start and end within the same entity.
[Fatal Error] :13:35: XML document structures must start and end within the same entity.
[Fatal Error] :13:35: XML document structures must start and end within the same entity.
[Fatal Error] bad_application.xml:13:35: XML document structures must start and end within the same entity.
[Fatal Error] :13:35: XML document structures must start and end within the same entity.
]]></system-err>
</testsuite>
