<?xml version="1.0" encoding="UTF-8"?>
<testsuite name="griffon.util.CompositeBuilderTest" tests="7" skipped="0" failures="0" errors="0" timestamp="2017-04-18T07:09:43" hostname="testing-gce-002cfebe-ce3e-40e2-ac44-84a0ecf46dae" time="1.008">
  <properties/>
  <testcase name="testWithTwoBuilderCustomizers" classname="griffon.util.CompositeBuilderTest" time="0.819"/>
  <testcase name="testMethodMissingDelegate_abortedByCustomizer" classname="griffon.util.CompositeBuilderTest" time="0.06"/>
  <testcase name="testMethodMissingDelegate_noDelegate" classname="griffon.util.CompositeBuilderTest" time="0.02"/>
  <testcase name="testMethodMissingDelegate_unhandledByCustomizer" classname="griffon.util.CompositeBuilderTest" time="0.041"/>
  <testcase name="testMethodMissingDelegate_handledByCustomizer" classname="griffon.util.CompositeBuilderTest" time="0.024"/>
  <testcase name="testMethodMissingDelegate" classname="griffon.util.CompositeBuilderTest" time="0.018"/>
  <testcase name="testPropertyMissingDelegate" classname="griffon.util.CompositeBuilderTest" time="0.024"/>
  <system-out><![CDATA[]]></system-out>
  <system-err><![CDATA[Apr 18, 2017 7:09:43 AM groovy.util.FactoryBuilderSupport createNode
WARNING: Could not find match for name 'methodDoesNotExist'
Apr 18, 2017 7:09:43 AM groovy.util.FactoryBuilderSupport createNode
WARNING: Could not find match for name 'someMethod'
Apr 18, 2017 7:09:43 AM groovy.util.FactoryBuilderSupport createNode
WARNING: Could not find match for name 'randomMethod'
Apr 18, 2017 7:09:43 AM groovy.util.FactoryBuilderSupport createNode
WARNING: Could not find match for name 'randomMethod'
Apr 18, 2017 7:09:43 AM groovy.util.FactoryBuilderSupport createNode
WARNING: Could not find match for name 'randomMethod'
Apr 18, 2017 7:09:43 AM groovy.util.FactoryBuilderSupport createNode
WARNING: Could not find match for name 'someOtherMethod'
Apr 18, 2017 7:09:44 AM groovy.util.FactoryBuilderSupport createNode
WARNING: Could not find match for name 'randomMethod'
Apr 18, 2017 7:09:44 AM groovy.util.FactoryBuilderSupport createNode
WARNING: Could not find match for name 'someOtherMethod'
Apr 18, 2017 7:09:44 AM groovy.util.FactoryBuilderSupport createNode
WARNING: Could not find match for name 'randomMethod'
Apr 18, 2017 7:09:44 AM groovy.util.FactoryBuilderSupport createNode
WARNING: Could not find match for name 'someOtherMethod'
]]></system-err>
</testsuite>
