<?xml version="1.0" encoding="UTF-8"?>
<testsuite name="griffon.util.ConfigReaderTests" tests="23" skipped="0" failures="0" errors="0" timestamp="2017-03-02T16:38:15" hostname="testing-gce-15546362-e4d0-449b-b9dd-ab0b76bbd52d" time="2.471">
  <properties/>
  <testcase name="testParseProperties" classname="griffon.util.ConfigReaderTests" time="0.089"/>
  <testcase name="testToProperties" classname="griffon.util.ConfigReaderTests" time="0.882"/>
  <testcase name="testNestedConditionaBlocks" classname="griffon.util.ConfigReaderTests" time="0.521"/>
  <testcase name="testScopedPropertiesWithNesting" classname="griffon.util.ConfigReaderTests" time="0.054"/>
  <testcase name="testScopedProperties" classname="griffon.util.ConfigReaderTests" time="0.037"/>
  <testcase name="testCustomConditionalBlocks" classname="griffon.util.ConfigReaderTests" time="0.073"/>
  <testcase name="testTwoSameBlocks" classname="griffon.util.ConfigReaderTests" time="0.049"/>
  <testcase name="testConsecutiveReaderValues" classname="griffon.util.ConfigReaderTests" time="0.037"/>
  <testcase name="testScopedVariableReusage" classname="griffon.util.ConfigReaderTests" time="0.036"/>
  <testcase name="testLog4jConfiguration" classname="griffon.util.ConfigReaderTests" time="0.047"/>
  <testcase name="testSimpleProperties" classname="griffon.util.ConfigReaderTests" time="0.023"/>
  <testcase name="testConditionalOverrides" classname="griffon.util.ConfigReaderTests" time="0.046"/>
  <testcase name="testSerializeConfig" classname="griffon.util.ConfigReaderTests" time="0.111"/>
  <testcase name="testConfigTokensAsStrings" classname="griffon.util.ConfigReaderTests" time="0.028"/>
  <testcase name="testEnvironmentProperties2" classname="griffon.util.ConfigReaderTests" time="0.073"/>
  <testcase name="testConfigReaderNestedValues" classname="griffon.util.ConfigReaderTests" time="0.054"/>
  <testcase name="testEnvironmentSpecificConfig" classname="griffon.util.ConfigReaderTests" time="0.115"/>
  <testcase name="testFlattenConfig" classname="griffon.util.ConfigReaderTests" time="0.052"/>
  <testcase name="testNotProperlyNestedPropertiesArePreserved" classname="griffon.util.ConfigReaderTests" time="0.003"/>
  <testcase name="testConfigInterReferencing" classname="griffon.util.ConfigReaderTests" time="0.04"/>
  <testcase name="testVariableAssignments" classname="griffon.util.ConfigReaderTests" time="0.021"/>
  <testcase name="testConfigBinding" classname="griffon.util.ConfigReaderTests" time="0.009"/>
  <testcase name="testSameElementNestingWithoutDuplication" classname="griffon.util.ConfigReaderTests" time="0.042"/>
  <system-out><![CDATA[]]></system-out>
  <system-err><![CDATA[]]></system-err>
</testsuite>
