<?xml version="1.0" encoding="UTF-8"?>
<testsuite name="griffon.util.ConfigReaderTests" tests="23" skipped="0" failures="0" errors="0" timestamp="2016-12-08T10:34:09" hostname="testing-gce-c5c17d49-1c5c-429f-bb8e-a78af4de3275" time="2.427">
  <properties/>
  <testcase name="testParseProperties" classname="griffon.util.ConfigReaderTests" time="0.086"/>
  <testcase name="testToProperties" classname="griffon.util.ConfigReaderTests" time="0.843"/>
  <testcase name="testNestedConditionaBlocks" classname="griffon.util.ConfigReaderTests" time="0.397"/>
  <testcase name="testScopedPropertiesWithNesting" classname="griffon.util.ConfigReaderTests" time="0.046"/>
  <testcase name="testScopedProperties" classname="griffon.util.ConfigReaderTests" time="0.042"/>
  <testcase name="testCustomConditionalBlocks" classname="griffon.util.ConfigReaderTests" time="0.087"/>
  <testcase name="testTwoSameBlocks" classname="griffon.util.ConfigReaderTests" time="0.051"/>
  <testcase name="testConsecutiveReaderValues" classname="griffon.util.ConfigReaderTests" time="0.048"/>
  <testcase name="testScopedVariableReusage" classname="griffon.util.ConfigReaderTests" time="0.063"/>
  <testcase name="testLog4jConfiguration" classname="griffon.util.ConfigReaderTests" time="0.058"/>
  <testcase name="testSimpleProperties" classname="griffon.util.ConfigReaderTests" time="0.027"/>
  <testcase name="testConditionalOverrides" classname="griffon.util.ConfigReaderTests" time="0.071"/>
  <testcase name="testSerializeConfig" classname="griffon.util.ConfigReaderTests" time="0.119"/>
  <testcase name="testConfigTokensAsStrings" classname="griffon.util.ConfigReaderTests" time="0.031"/>
  <testcase name="testEnvironmentProperties2" classname="griffon.util.ConfigReaderTests" time="0.051"/>
  <testcase name="testConfigReaderNestedValues" classname="griffon.util.ConfigReaderTests" time="0.059"/>
  <testcase name="testEnvironmentSpecificConfig" classname="griffon.util.ConfigReaderTests" time="0.116"/>
  <testcase name="testFlattenConfig" classname="griffon.util.ConfigReaderTests" time="0.049"/>
  <testcase name="testNotProperlyNestedPropertiesArePreserved" classname="griffon.util.ConfigReaderTests" time="0.004"/>
  <testcase name="testConfigInterReferencing" classname="griffon.util.ConfigReaderTests" time="0.054"/>
  <testcase name="testVariableAssignments" classname="griffon.util.ConfigReaderTests" time="0.045"/>
  <testcase name="testConfigBinding" classname="griffon.util.ConfigReaderTests" time="0.021"/>
  <testcase name="testSameElementNestingWithoutDuplication" classname="griffon.util.ConfigReaderTests" time="0.047"/>
  <system-out><![CDATA[]]></system-out>
  <system-err><![CDATA[]]></system-err>
</testsuite>
