<?xml version="1.0" encoding="UTF-8"?>
<testsuite name="org.codehaus.griffon.runtime.util.GroovyScriptResourceBundleSpec" tests="6" skipped="0" failures="0" errors="0" timestamp="2017-03-02T16:47:46" hostname="testing-gce-f09c6cf3-9eef-492b-8b24-98aa233c6cfa" time="0.082">
  <properties/>
  <testcase name="Load bundle from class org.codehaus.griffon.runtime.util.GroovyBundle" classname="org.codehaus.griffon.runtime.util.GroovyScriptResourceBundleSpec" time="0.007"/>
  <testcase name="Load bundle from org.codehaus.griffon.runtime.util.GroovyBundle@3a8f6810" classname="org.codehaus.griffon.runtime.util.GroovyScriptResourceBundleSpec" time="0.007"/>
  <testcase name="Load bundle from groovy.key = 'groovy'" classname="org.codehaus.griffon.runtime.util.GroovyScriptResourceBundleSpec" time="0.017"/>
  <testcase name="Querying for missing 'bogus' should result in an exception" classname="org.codehaus.griffon.runtime.util.GroovyScriptResourceBundleSpec" time="0.008"/>
  <testcase name="Querying for missing 'doesnt.exist' should result in an exception" classname="org.codehaus.griffon.runtime.util.GroovyScriptResourceBundleSpec" time="0.007"/>
  <testcase name="Verify key order" classname="org.codehaus.griffon.runtime.util.GroovyScriptResourceBundleSpec" time="0.031"/>
  <system-out><![CDATA[]]></system-out>
  <system-err><![CDATA[]]></system-err>
</testsuite>
