<?xml version="1.0" encoding="UTF-8"?>
<testsuite name="griffon.util.BindUtilsTest" tests="3" skipped="0" failures="0" errors="0" timestamp="2017-05-05T07:55:43" hostname="testing-docker-de2156a6-c5c8-4a10-9b49-92161b928698" time="0.076">
  <properties/>
  <testcase name="testNoTargetProperty" classname="griffon.util.BindUtilsTest" time="0.067"/>
  <testcase name="testNoSourceProperty" classname="griffon.util.BindUtilsTest" time="0.002"/>
  <testcase name="testAllOptions" classname="griffon.util.BindUtilsTest" time="0.007"/>
  <system-out><![CDATA[]]></system-out>
  <system-err><![CDATA[May 05, 2017 7:55:43 AM groovy.util.FactoryBuilderSupport createNode
WARNING: Factory for name 'bind' returned null
May 05, 2017 7:55:43 AM groovy.util.FactoryBuilderSupport createNode
WARNING: Factory for name 'bind' returned null
May 05, 2017 7:55:43 AM groovy.util.FactoryBuilderSupport createNode
WARNING: Factory for name 'bind' returned null
]]></system-err>
</testsuite>
