<?xml version="1.0" encoding="UTF-8"?>
<testsuite name="griffon.util.ConfigReaderTests" tests="23" skipped="0" failures="0" errors="0" timestamp="2017-04-18T07:09:44" hostname="testing-gce-002cfebe-ce3e-40e2-ac44-84a0ecf46dae" time="3.086">
  <properties/>
  <testcase name="testParseProperties" classname="griffon.util.ConfigReaderTests" time="0.093"/>
  <testcase name="testToProperties" classname="griffon.util.ConfigReaderTests" time="1.079"/>
  <testcase name="testNestedConditionaBlocks" classname="griffon.util.ConfigReaderTests" time="0.674"/>
  <testcase name="testScopedPropertiesWithNesting" classname="griffon.util.ConfigReaderTests" time="0.057"/>
  <testcase name="testScopedProperties" classname="griffon.util.ConfigReaderTests" time="0.049"/>
  <testcase name="testCustomConditionalBlocks" classname="griffon.util.ConfigReaderTests" time="0.109"/>
  <testcase name="testTwoSameBlocks" classname="griffon.util.ConfigReaderTests" time="0.072"/>
  <testcase name="testConsecutiveReaderValues" classname="griffon.util.ConfigReaderTests" time="0.044"/>
  <testcase name="testScopedVariableReusage" classname="griffon.util.ConfigReaderTests" time="0.094"/>
  <testcase name="testLog4jConfiguration" classname="griffon.util.ConfigReaderTests" time="0.076"/>
  <testcase name="testSimpleProperties" classname="griffon.util.ConfigReaderTests" time="0.032"/>
  <testcase name="testConditionalOverrides" classname="griffon.util.ConfigReaderTests" time="0.051"/>
  <testcase name="testSerializeConfig" classname="griffon.util.ConfigReaderTests" time="0.093"/>
  <testcase name="testConfigTokensAsStrings" classname="griffon.util.ConfigReaderTests" time="0.033"/>
  <testcase name="testEnvironmentProperties2" classname="griffon.util.ConfigReaderTests" time="0.058"/>
  <testcase name="testConfigReaderNestedValues" classname="griffon.util.ConfigReaderTests" time="0.054"/>
  <testcase name="testEnvironmentSpecificConfig" classname="griffon.util.ConfigReaderTests" time="0.149"/>
  <testcase name="testFlattenConfig" classname="griffon.util.ConfigReaderTests" time="0.049"/>
  <testcase name="testNotProperlyNestedPropertiesArePreserved" classname="griffon.util.ConfigReaderTests" time="0.007"/>
  <testcase name="testConfigInterReferencing" classname="griffon.util.ConfigReaderTests" time="0.057"/>
  <testcase name="testVariableAssignments" classname="griffon.util.ConfigReaderTests" time="0.053"/>
  <testcase name="testConfigBinding" classname="griffon.util.ConfigReaderTests" time="0.024"/>
  <testcase name="testSameElementNestingWithoutDuplication" classname="griffon.util.ConfigReaderTests" time="0.063"/>
  <system-out><![CDATA[]]></system-out>
  <system-err><![CDATA[]]></system-err>
</testsuite>
