<?xml version="1.0" encoding="UTF-8"?>
<testsuite name="griffon.util.Xml2GroovySpec" tests="11" skipped="0" failures="0" errors="0" timestamp="2017-01-09T08:03:56" hostname="testing-gce-21936cb8-f165-4118-9ac0-d77ae1d8d6f1" time="0.094">
  <properties/>
  <testcase name="Parse application.xml from file" classname="griffon.util.Xml2GroovySpec" time="0.036"/>
  <testcase name="Parse application.xml from reader" classname="griffon.util.Xml2GroovySpec" time="0.005"/>
  <testcase name="Parse application.xml from inputStream" classname="griffon.util.Xml2GroovySpec" time="0.004"/>
  <testcase name="Parse application.xml from uri" classname="griffon.util.Xml2GroovySpec" time="0.005"/>
  <testcase name="Parse application.xml from gpathResult" classname="griffon.util.Xml2GroovySpec" time="0.002"/>
  <testcase name="Parse application.xml from String" classname="griffon.util.Xml2GroovySpec" time="0.012"/>
  <testcase name="Bad application.xml from file results in error" classname="griffon.util.Xml2GroovySpec" time="0.012"/>
  <testcase name="Bad application.xml from reader results in error" classname="griffon.util.Xml2GroovySpec" time="0.002"/>
  <testcase name="Bad application.xml from inputStream results in error" classname="griffon.util.Xml2GroovySpec" time="0.002"/>
  <testcase name="Bad application.xml from uri results in error" classname="griffon.util.Xml2GroovySpec" time="0.005"/>
  <testcase name="Bad application.xml from string results in error" classname="griffon.util.Xml2GroovySpec" time="0.002"/>
  <system-out><![CDATA[]]></system-out>
  <system-err><![CDATA[[Fatal Error] bad_application.xml:13:35: XML document structures must start and end within the same entity.
[Fatal Error] :13:35: XML document structures must start and end within the same entity.
[Fatal Error] :13:35: XML document structures must start and end within the same entity.
[Fatal Error] bad_application.xml:13:35: XML document structures must start and end within the same entity.
[Fatal Error] :13:35: XML document structures must start and end within the same entity.
]]></system-err>
</testsuite>
