<?xml version="1.0" encoding="UTF-8"?>
<testsuite name="griffon.util.CompositeBuilderTest" tests="7" skipped="0" failures="0" errors="0" timestamp="2017-03-29T07:30:59" hostname="testing-gce-66c09752-be5b-4dc1-8b4c-7bf7aedc91bc" time="0.843">
  <properties/>
  <testcase name="testWithTwoBuilderCustomizers" classname="griffon.util.CompositeBuilderTest" time="0.685"/>
  <testcase name="testMethodMissingDelegate_abortedByCustomizer" classname="griffon.util.CompositeBuilderTest" time="0.051"/>
  <testcase name="testMethodMissingDelegate_noDelegate" classname="griffon.util.CompositeBuilderTest" time="0.015"/>
  <testcase name="testMethodMissingDelegate_unhandledByCustomizer" classname="griffon.util.CompositeBuilderTest" time="0.037"/>
  <testcase name="testMethodMissingDelegate_handledByCustomizer" classname="griffon.util.CompositeBuilderTest" time="0.02"/>
  <testcase name="testMethodMissingDelegate" classname="griffon.util.CompositeBuilderTest" time="0.017"/>
  <testcase name="testPropertyMissingDelegate" classname="griffon.util.CompositeBuilderTest" time="0.014"/>
  <system-out><![CDATA[]]></system-out>
  <system-err><![CDATA[Mar 29, 2017 7:30:59 AM groovy.util.FactoryBuilderSupport createNode
WARNING: Could not find match for name 'methodDoesNotExist'
Mar 29, 2017 7:31:00 AM groovy.util.FactoryBuilderSupport createNode
WARNING: Could not find match for name 'someMethod'
Mar 29, 2017 7:31:00 AM groovy.util.FactoryBuilderSupport createNode
WARNING: Could not find match for name 'randomMethod'
Mar 29, 2017 7:31:00 AM groovy.util.FactoryBuilderSupport createNode
WARNING: Could not find match for name 'randomMethod'
Mar 29, 2017 7:31:00 AM groovy.util.FactoryBuilderSupport createNode
WARNING: Could not find match for name 'randomMethod'
Mar 29, 2017 7:31:00 AM groovy.util.FactoryBuilderSupport createNode
WARNING: Could not find match for name 'someOtherMethod'
Mar 29, 2017 7:31:00 AM groovy.util.FactoryBuilderSupport createNode
WARNING: Could not find match for name 'randomMethod'
Mar 29, 2017 7:31:00 AM groovy.util.FactoryBuilderSupport createNode
WARNING: Could not find match for name 'someOtherMethod'
Mar 29, 2017 7:31:00 AM groovy.util.FactoryBuilderSupport createNode
WARNING: Could not find match for name 'randomMethod'
Mar 29, 2017 7:31:00 AM groovy.util.FactoryBuilderSupport createNode
WARNING: Could not find match for name 'someOtherMethod'
]]></system-err>
</testsuite>
