<?xml version="1.0" encoding="UTF-8"?>
<testsuite name="org.codehaus.griffon.runtime.groovy.i18n.DefaultGroovyAwareMessageSourceTest" tests="1" skipped="0" failures="0" errors="0" timestamp="2017-02-03T23:13:16" hostname="testing-gce-c989e91a-8098-4289-92ac-816f6fdc71ac" time="0.691">
  <properties/>
  <testcase name="testGetAllMessagesByProperties" classname="org.codehaus.griffon.runtime.groovy.i18n.DefaultGroovyAwareMessageSourceTest" time="0.691"/>
  <system-out><![CDATA[]]></system-out>
  <system-err><![CDATA[]]></system-err>
</testsuite>
