<?xml version="1.0" encoding="UTF-8"?>
<testsuite name="org.codehaus.griffon.runtime.util.GroovyScriptResourceBundleSpec" tests="6" skipped="0" failures="0" errors="0" timestamp="2016-12-05T10:40:26" hostname="testing-gce-189093d2-39ca-4652-aec9-ff08f5b8a81f" time="0.076">
  <properties/>
  <testcase name="Load bundle from class org.codehaus.griffon.runtime.util.GroovyBundle" classname="org.codehaus.griffon.runtime.util.GroovyScriptResourceBundleSpec" time="0.01"/>
  <testcase name="Load bundle from org.codehaus.griffon.runtime.util.GroovyBundle@5bcfcbc3" classname="org.codehaus.griffon.runtime.util.GroovyScriptResourceBundleSpec" time="0.004"/>
  <testcase name="Load bundle from groovy.key = 'groovy'" classname="org.codehaus.griffon.runtime.util.GroovyScriptResourceBundleSpec" time="0.018"/>
  <testcase name="Querying for missing 'bogus' should result in an exception" classname="org.codehaus.griffon.runtime.util.GroovyScriptResourceBundleSpec" time="0.007"/>
  <testcase name="Querying for missing 'doesnt.exist' should result in an exception" classname="org.codehaus.griffon.runtime.util.GroovyScriptResourceBundleSpec" time="0.006"/>
  <testcase name="Verify key order" classname="org.codehaus.griffon.runtime.util.GroovyScriptResourceBundleSpec" time="0.03"/>
  <system-out><![CDATA[]]></system-out>
  <system-err><![CDATA[]]></system-err>
</testsuite>
