<?xml version="1.0" encoding="UTF-8"?>
<testsuite name="griffon.util.BindUtilsTest" tests="3" skipped="0" failures="0" errors="0" timestamp="2017-03-02T19:55:47" hostname="testing-gce-65511b51-6214-41a1-96d0-e786045f2f13" time="0.128">
  <properties/>
  <testcase name="testNoTargetProperty" classname="griffon.util.BindUtilsTest" time="0.077"/>
  <testcase name="testNoSourceProperty" classname="griffon.util.BindUtilsTest" time="0.012"/>
  <testcase name="testAllOptions" classname="griffon.util.BindUtilsTest" time="0.038"/>
  <system-out><![CDATA[]]></system-out>
  <system-err><![CDATA[Mar 02, 2017 7:55:48 PM groovy.util.FactoryBuilderSupport createNode
WARNING: Factory for name 'bind' returned null
Mar 02, 2017 7:55:48 PM groovy.util.FactoryBuilderSupport createNode
WARNING: Factory for name 'bind' returned null
Mar 02, 2017 7:55:48 PM groovy.util.FactoryBuilderSupport createNode
WARNING: Factory for name 'bind' returned null
]]></system-err>
</testsuite>
