<?xml version="1.0" encoding="UTF-8"?>
<testsuite name="griffon.util.ConfigReaderTests" tests="23" skipped="0" failures="0" errors="0" timestamp="2016-11-30T21:35:14" hostname="testing-gce-7b284da2-1dfc-4486-9403-0c3889a84a74" time="1.55">
  <properties/>
  <testcase name="testParseProperties" classname="griffon.util.ConfigReaderTests" time="0.062"/>
  <testcase name="testToProperties" classname="griffon.util.ConfigReaderTests" time="0.081"/>
  <testcase name="testNestedConditionaBlocks" classname="griffon.util.ConfigReaderTests" time="0.517"/>
  <testcase name="testScopedPropertiesWithNesting" classname="griffon.util.ConfigReaderTests" time="0.053"/>
  <testcase name="testScopedProperties" classname="griffon.util.ConfigReaderTests" time="0.08"/>
  <testcase name="testCustomConditionalBlocks" classname="griffon.util.ConfigReaderTests" time="0.096"/>
  <testcase name="testTwoSameBlocks" classname="griffon.util.ConfigReaderTests" time="0.052"/>
  <testcase name="testConsecutiveReaderValues" classname="griffon.util.ConfigReaderTests" time="0.041"/>
  <testcase name="testScopedVariableReusage" classname="griffon.util.ConfigReaderTests" time="0.055"/>
  <testcase name="testLog4jConfiguration" classname="griffon.util.ConfigReaderTests" time="0.031"/>
  <testcase name="testSimpleProperties" classname="griffon.util.ConfigReaderTests" time="0.014"/>
  <testcase name="testConditionalOverrides" classname="griffon.util.ConfigReaderTests" time="0.043"/>
  <testcase name="testSerializeConfig" classname="griffon.util.ConfigReaderTests" time="0.059"/>
  <testcase name="testConfigTokensAsStrings" classname="griffon.util.ConfigReaderTests" time="0.016"/>
  <testcase name="testEnvironmentProperties2" classname="griffon.util.ConfigReaderTests" time="0.037"/>
  <testcase name="testConfigReaderNestedValues" classname="griffon.util.ConfigReaderTests" time="0.031"/>
  <testcase name="testEnvironmentSpecificConfig" classname="griffon.util.ConfigReaderTests" time="0.073"/>
  <testcase name="testFlattenConfig" classname="griffon.util.ConfigReaderTests" time="0.05"/>
  <testcase name="testNotProperlyNestedPropertiesArePreserved" classname="griffon.util.ConfigReaderTests" time="0.003"/>
  <testcase name="testConfigInterReferencing" classname="griffon.util.ConfigReaderTests" time="0.039"/>
  <testcase name="testVariableAssignments" classname="griffon.util.ConfigReaderTests" time="0.034"/>
  <testcase name="testConfigBinding" classname="griffon.util.ConfigReaderTests" time="0.019"/>
  <testcase name="testSameElementNestingWithoutDuplication" classname="griffon.util.ConfigReaderTests" time="0.049"/>
  <system-out><![CDATA[]]></system-out>
  <system-err><![CDATA[]]></system-err>
</testsuite>
