<?xml version="1.0" encoding="UTF-8"?>
<testsuite name="griffon.util.ConfigReaderTests" tests="23" skipped="0" failures="0" errors="0" timestamp="2017-01-02T03:01:02" hostname="testing-gce-680137c7-17b8-4669-933f-d1be09a2a8ab" time="2.478">
  <properties/>
  <testcase name="testParseProperties" classname="griffon.util.ConfigReaderTests" time="0.083"/>
  <testcase name="testToProperties" classname="griffon.util.ConfigReaderTests" time="0.812"/>
  <testcase name="testNestedConditionaBlocks" classname="griffon.util.ConfigReaderTests" time="0.601"/>
  <testcase name="testScopedPropertiesWithNesting" classname="griffon.util.ConfigReaderTests" time="0.047"/>
  <testcase name="testScopedProperties" classname="griffon.util.ConfigReaderTests" time="0.039"/>
  <testcase name="testCustomConditionalBlocks" classname="griffon.util.ConfigReaderTests" time="0.086"/>
  <testcase name="testTwoSameBlocks" classname="griffon.util.ConfigReaderTests" time="0.056"/>
  <testcase name="testConsecutiveReaderValues" classname="griffon.util.ConfigReaderTests" time="0.023"/>
  <testcase name="testScopedVariableReusage" classname="griffon.util.ConfigReaderTests" time="0.035"/>
  <testcase name="testLog4jConfiguration" classname="griffon.util.ConfigReaderTests" time="0.03"/>
  <testcase name="testSimpleProperties" classname="griffon.util.ConfigReaderTests" time="0.015"/>
  <testcase name="testConditionalOverrides" classname="griffon.util.ConfigReaderTests" time="0.064"/>
  <testcase name="testSerializeConfig" classname="griffon.util.ConfigReaderTests" time="0.082"/>
  <testcase name="testConfigTokensAsStrings" classname="griffon.util.ConfigReaderTests" time="0.039"/>
  <testcase name="testEnvironmentProperties2" classname="griffon.util.ConfigReaderTests" time="0.06"/>
  <testcase name="testConfigReaderNestedValues" classname="griffon.util.ConfigReaderTests" time="0.055"/>
  <testcase name="testEnvironmentSpecificConfig" classname="griffon.util.ConfigReaderTests" time="0.122"/>
  <testcase name="testFlattenConfig" classname="griffon.util.ConfigReaderTests" time="0.052"/>
  <testcase name="testNotProperlyNestedPropertiesArePreserved" classname="griffon.util.ConfigReaderTests" time="0.005"/>
  <testcase name="testConfigInterReferencing" classname="griffon.util.ConfigReaderTests" time="0.05"/>
  <testcase name="testVariableAssignments" classname="griffon.util.ConfigReaderTests" time="0.042"/>
  <testcase name="testConfigBinding" classname="griffon.util.ConfigReaderTests" time="0.021"/>
  <testcase name="testSameElementNestingWithoutDuplication" classname="griffon.util.ConfigReaderTests" time="0.038"/>
  <system-out><![CDATA[]]></system-out>
  <system-err><![CDATA[]]></system-err>
</testsuite>
