<?xml version="1.0" encoding="UTF-8"?>
<testsuite name="griffon.util.BindUtilsTest" tests="3" skipped="0" failures="0" errors="0" timestamp="2017-05-04T14:14:17" hostname="testing-docker-ecc2246c-0b8e-4707-add3-97d74ea6771b" time="0.047">
  <properties/>
  <testcase name="testNoTargetProperty" classname="griffon.util.BindUtilsTest" time="0.037"/>
  <testcase name="testNoSourceProperty" classname="griffon.util.BindUtilsTest" time="0.002"/>
  <testcase name="testAllOptions" classname="griffon.util.BindUtilsTest" time="0.008"/>
  <system-out><![CDATA[]]></system-out>
  <system-err><![CDATA[May 04, 2017 2:14:17 PM groovy.util.FactoryBuilderSupport createNode
WARNING: Factory for name 'bind' returned null
May 04, 2017 2:14:17 PM groovy.util.FactoryBuilderSupport createNode
WARNING: Factory for name 'bind' returned null
May 04, 2017 2:14:17 PM groovy.util.FactoryBuilderSupport createNode
WARNING: Factory for name 'bind' returned null
]]></system-err>
</testsuite>
