<?xml version="1.0" encoding="UTF-8"?>
<testsuite name="griffon.util.ConfigReaderTests" tests="23" skipped="0" failures="0" errors="0" timestamp="2017-01-28T06:55:41" hostname="testing-gce-34b544d7-3af4-46d5-bba3-c20da92e4b9d" time="2.329">
  <properties/>
  <testcase name="testParseProperties" classname="griffon.util.ConfigReaderTests" time="0.084"/>
  <testcase name="testToProperties" classname="griffon.util.ConfigReaderTests" time="0.852"/>
  <testcase name="testNestedConditionaBlocks" classname="griffon.util.ConfigReaderTests" time="0.554"/>
  <testcase name="testScopedPropertiesWithNesting" classname="griffon.util.ConfigReaderTests" time="0.039"/>
  <testcase name="testScopedProperties" classname="griffon.util.ConfigReaderTests" time="0.035"/>
  <testcase name="testCustomConditionalBlocks" classname="griffon.util.ConfigReaderTests" time="0.089"/>
  <testcase name="testTwoSameBlocks" classname="griffon.util.ConfigReaderTests" time="0.038"/>
  <testcase name="testConsecutiveReaderValues" classname="griffon.util.ConfigReaderTests" time="0.021"/>
  <testcase name="testScopedVariableReusage" classname="griffon.util.ConfigReaderTests" time="0.033"/>
  <testcase name="testLog4jConfiguration" classname="griffon.util.ConfigReaderTests" time="0.028"/>
  <testcase name="testSimpleProperties" classname="griffon.util.ConfigReaderTests" time="0.014"/>
  <testcase name="testConditionalOverrides" classname="griffon.util.ConfigReaderTests" time="0.04"/>
  <testcase name="testSerializeConfig" classname="griffon.util.ConfigReaderTests" time="0.06"/>
  <testcase name="testConfigTokensAsStrings" classname="griffon.util.ConfigReaderTests" time="0.015"/>
  <testcase name="testEnvironmentProperties2" classname="griffon.util.ConfigReaderTests" time="0.066"/>
  <testcase name="testConfigReaderNestedValues" classname="griffon.util.ConfigReaderTests" time="0.059"/>
  <testcase name="testEnvironmentSpecificConfig" classname="griffon.util.ConfigReaderTests" time="0.159"/>
  <testcase name="testFlattenConfig" classname="griffon.util.ConfigReaderTests" time="0.026"/>
  <testcase name="testNotProperlyNestedPropertiesArePreserved" classname="griffon.util.ConfigReaderTests" time="0.002"/>
  <testcase name="testConfigInterReferencing" classname="griffon.util.ConfigReaderTests" time="0.028"/>
  <testcase name="testVariableAssignments" classname="griffon.util.ConfigReaderTests" time="0.022"/>
  <testcase name="testConfigBinding" classname="griffon.util.ConfigReaderTests" time="0.01"/>
  <testcase name="testSameElementNestingWithoutDuplication" classname="griffon.util.ConfigReaderTests" time="0.024"/>
  <system-out><![CDATA[]]></system-out>
  <system-err><![CDATA[]]></system-err>
</testsuite>
