<?xml version="1.0" encoding="UTF-8"?>
<testsuite name="griffon.util.BindUtilsTest" tests="3" skipped="0" failures="0" errors="0" timestamp="2017-01-31T08:38:49" hostname="testing-gce-57986ab7-74ef-4daa-8794-66bd035d9f10" time="0.076">
  <properties/>
  <testcase name="testNoTargetProperty" classname="griffon.util.BindUtilsTest" time="0.037"/>
  <testcase name="testNoSourceProperty" classname="griffon.util.BindUtilsTest" time="0.006"/>
  <testcase name="testAllOptions" classname="griffon.util.BindUtilsTest" time="0.033"/>
  <system-out><![CDATA[]]></system-out>
  <system-err><![CDATA[Jan 31, 2017 8:38:50 AM groovy.util.FactoryBuilderSupport createNode
WARNING: Factory for name 'bind' returned null
Jan 31, 2017 8:38:50 AM groovy.util.FactoryBuilderSupport createNode
WARNING: Factory for name 'bind' returned null
Jan 31, 2017 8:38:50 AM groovy.util.FactoryBuilderSupport createNode
WARNING: Factory for name 'bind' returned null
]]></system-err>
</testsuite>
