<?xml version="1.0" encoding="UTF-8"?>
<testsuite name="griffon.util.BindUtilsTest" tests="3" skipped="0" failures="0" errors="0" timestamp="2017-02-03T23:13:13" hostname="testing-gce-c989e91a-8098-4289-92ac-816f6fdc71ac" time="0.079">
  <properties/>
  <testcase name="testNoTargetProperty" classname="griffon.util.BindUtilsTest" time="0.046"/>
  <testcase name="testNoSourceProperty" classname="griffon.util.BindUtilsTest" time="0.005"/>
  <testcase name="testAllOptions" classname="griffon.util.BindUtilsTest" time="0.028"/>
  <system-out><![CDATA[]]></system-out>
  <system-err><![CDATA[Feb 03, 2017 11:13:13 PM groovy.util.FactoryBuilderSupport createNode
WARNING: Factory for name 'bind' returned null
Feb 03, 2017 11:13:13 PM groovy.util.FactoryBuilderSupport createNode
WARNING: Factory for name 'bind' returned null
Feb 03, 2017 11:13:13 PM groovy.util.FactoryBuilderSupport createNode
WARNING: Factory for name 'bind' returned null
]]></system-err>
</testsuite>
