<?xml version="1.0" encoding="UTF-8"?>
<testsuite name="griffon.util.CompositeBuilderTest" tests="7" skipped="0" failures="0" errors="0" timestamp="2017-03-27T07:07:54" hostname="testing-gce-d34322b1-0cd8-46fa-b9ad-ce676731692c" time="0.936">
  <properties/>
  <testcase name="testWithTwoBuilderCustomizers" classname="griffon.util.CompositeBuilderTest" time="0.776"/>
  <testcase name="testMethodMissingDelegate_abortedByCustomizer" classname="griffon.util.CompositeBuilderTest" time="0.046"/>
  <testcase name="testMethodMissingDelegate_noDelegate" classname="griffon.util.CompositeBuilderTest" time="0.018"/>
  <testcase name="testMethodMissingDelegate_unhandledByCustomizer" classname="griffon.util.CompositeBuilderTest" time="0.036"/>
  <testcase name="testMethodMissingDelegate_handledByCustomizer" classname="griffon.util.CompositeBuilderTest" time="0.021"/>
  <testcase name="testMethodMissingDelegate" classname="griffon.util.CompositeBuilderTest" time="0.015"/>
  <testcase name="testPropertyMissingDelegate" classname="griffon.util.CompositeBuilderTest" time="0.021"/>
  <system-out><![CDATA[]]></system-out>
  <system-err><![CDATA[Mar 27, 2017 7:07:55 AM groovy.util.FactoryBuilderSupport createNode
WARNING: Could not find match for name 'methodDoesNotExist'
Mar 27, 2017 7:07:55 AM groovy.util.FactoryBuilderSupport createNode
WARNING: Could not find match for name 'someMethod'
Mar 27, 2017 7:07:55 AM groovy.util.FactoryBuilderSupport createNode
WARNING: Could not find match for name 'randomMethod'
Mar 27, 2017 7:07:55 AM groovy.util.FactoryBuilderSupport createNode
WARNING: Could not find match for name 'randomMethod'
Mar 27, 2017 7:07:55 AM groovy.util.FactoryBuilderSupport createNode
WARNING: Could not find match for name 'randomMethod'
Mar 27, 2017 7:07:55 AM groovy.util.FactoryBuilderSupport createNode
WARNING: Could not find match for name 'someOtherMethod'
Mar 27, 2017 7:07:55 AM groovy.util.FactoryBuilderSupport createNode
WARNING: Could not find match for name 'randomMethod'
Mar 27, 2017 7:07:55 AM groovy.util.FactoryBuilderSupport createNode
WARNING: Could not find match for name 'someOtherMethod'
Mar 27, 2017 7:07:55 AM groovy.util.FactoryBuilderSupport createNode
WARNING: Could not find match for name 'randomMethod'
Mar 27, 2017 7:07:55 AM groovy.util.FactoryBuilderSupport createNode
WARNING: Could not find match for name 'someOtherMethod'
]]></system-err>
</testsuite>
