<?xml version="1.0" encoding="UTF-8"?>
<testsuite name="griffon.util.ConfigReaderTests" tests="23" skipped="0" failures="0" errors="0" timestamp="2017-04-17T14:55:06" hostname="testing-gce-7bf6deec-e5d4-4766-bf77-6fb58608b635" time="2.726">
  <properties/>
  <testcase name="testParseProperties" classname="griffon.util.ConfigReaderTests" time="0.107"/>
  <testcase name="testToProperties" classname="griffon.util.ConfigReaderTests" time="0.956"/>
  <testcase name="testNestedConditionaBlocks" classname="griffon.util.ConfigReaderTests" time="0.564"/>
  <testcase name="testScopedPropertiesWithNesting" classname="griffon.util.ConfigReaderTests" time="0.044"/>
  <testcase name="testScopedProperties" classname="griffon.util.ConfigReaderTests" time="0.038"/>
  <testcase name="testCustomConditionalBlocks" classname="griffon.util.ConfigReaderTests" time="0.086"/>
  <testcase name="testTwoSameBlocks" classname="griffon.util.ConfigReaderTests" time="0.055"/>
  <testcase name="testConsecutiveReaderValues" classname="griffon.util.ConfigReaderTests" time="0.04"/>
  <testcase name="testScopedVariableReusage" classname="griffon.util.ConfigReaderTests" time="0.07"/>
  <testcase name="testLog4jConfiguration" classname="griffon.util.ConfigReaderTests" time="0.061"/>
  <testcase name="testSimpleProperties" classname="griffon.util.ConfigReaderTests" time="0.036"/>
  <testcase name="testConditionalOverrides" classname="griffon.util.ConfigReaderTests" time="0.07"/>
  <testcase name="testSerializeConfig" classname="griffon.util.ConfigReaderTests" time="0.103"/>
  <testcase name="testConfigTokensAsStrings" classname="griffon.util.ConfigReaderTests" time="0.027"/>
  <testcase name="testEnvironmentProperties2" classname="griffon.util.ConfigReaderTests" time="0.068"/>
  <testcase name="testConfigReaderNestedValues" classname="griffon.util.ConfigReaderTests" time="0.063"/>
  <testcase name="testEnvironmentSpecificConfig" classname="griffon.util.ConfigReaderTests" time="0.123"/>
  <testcase name="testFlattenConfig" classname="griffon.util.ConfigReaderTests" time="0.045"/>
  <testcase name="testNotProperlyNestedPropertiesArePreserved" classname="griffon.util.ConfigReaderTests" time="0.006"/>
  <testcase name="testConfigInterReferencing" classname="griffon.util.ConfigReaderTests" time="0.045"/>
  <testcase name="testVariableAssignments" classname="griffon.util.ConfigReaderTests" time="0.043"/>
  <testcase name="testConfigBinding" classname="griffon.util.ConfigReaderTests" time="0.017"/>
  <testcase name="testSameElementNestingWithoutDuplication" classname="griffon.util.ConfigReaderTests" time="0.044"/>
  <system-out><![CDATA[]]></system-out>
  <system-err><![CDATA[]]></system-err>
</testsuite>
