<?xml version="1.0" encoding="UTF-8"?>
<testsuite name="griffon.util.ConfigReaderTests" tests="23" skipped="0" failures="0" errors="0" timestamp="2016-11-30T10:27:29" hostname="testing-gce-9cd93739-2c6e-4dd0-ae61-7a6d878d61a2" time="1.597">
  <properties/>
  <testcase name="testParseProperties" classname="griffon.util.ConfigReaderTests" time="0.033"/>
  <testcase name="testToProperties" classname="griffon.util.ConfigReaderTests" time="0.047"/>
  <testcase name="testNestedConditionaBlocks" classname="griffon.util.ConfigReaderTests" time="0.421"/>
  <testcase name="testScopedPropertiesWithNesting" classname="griffon.util.ConfigReaderTests" time="0.027"/>
  <testcase name="testScopedProperties" classname="griffon.util.ConfigReaderTests" time="0.022"/>
  <testcase name="testCustomConditionalBlocks" classname="griffon.util.ConfigReaderTests" time="0.117"/>
  <testcase name="testTwoSameBlocks" classname="griffon.util.ConfigReaderTests" time="0.054"/>
  <testcase name="testConsecutiveReaderValues" classname="griffon.util.ConfigReaderTests" time="0.028"/>
  <testcase name="testScopedVariableReusage" classname="griffon.util.ConfigReaderTests" time="0.038"/>
  <testcase name="testLog4jConfiguration" classname="griffon.util.ConfigReaderTests" time="0.05"/>
  <testcase name="testSimpleProperties" classname="griffon.util.ConfigReaderTests" time="0.026"/>
  <testcase name="testConditionalOverrides" classname="griffon.util.ConfigReaderTests" time="0.087"/>
  <testcase name="testSerializeConfig" classname="griffon.util.ConfigReaderTests" time="0.109"/>
  <testcase name="testConfigTokensAsStrings" classname="griffon.util.ConfigReaderTests" time="0.022"/>
  <testcase name="testEnvironmentProperties2" classname="griffon.util.ConfigReaderTests" time="0.083"/>
  <testcase name="testConfigReaderNestedValues" classname="griffon.util.ConfigReaderTests" time="0.058"/>
  <testcase name="testEnvironmentSpecificConfig" classname="griffon.util.ConfigReaderTests" time="0.14"/>
  <testcase name="testFlattenConfig" classname="griffon.util.ConfigReaderTests" time="0.045"/>
  <testcase name="testNotProperlyNestedPropertiesArePreserved" classname="griffon.util.ConfigReaderTests" time="0.004"/>
  <testcase name="testConfigInterReferencing" classname="griffon.util.ConfigReaderTests" time="0.045"/>
  <testcase name="testVariableAssignments" classname="griffon.util.ConfigReaderTests" time="0.035"/>
  <testcase name="testConfigBinding" classname="griffon.util.ConfigReaderTests" time="0.026"/>
  <testcase name="testSameElementNestingWithoutDuplication" classname="griffon.util.ConfigReaderTests" time="0.05"/>
  <system-out><![CDATA[]]></system-out>
  <system-err><![CDATA[]]></system-err>
</testsuite>
