<?xml version="1.0" encoding="UTF-8"?>
<testsuite name="org.codehaus.griffon.runtime.groovy.i18n.DefaultGroovyAwareMessageSourceTest" tests="1" skipped="0" failures="0" errors="0" timestamp="2017-02-03T08:42:33" hostname="testing-gce-028e3132-944c-44d8-aca7-00110a5ea2b2" time="0.669">
  <properties/>
  <testcase name="testGetAllMessagesByProperties" classname="org.codehaus.griffon.runtime.groovy.i18n.DefaultGroovyAwareMessageSourceTest" time="0.669"/>
  <system-out><![CDATA[]]></system-out>
  <system-err><![CDATA[]]></system-err>
</testsuite>
