<?xml version="1.0" encoding="UTF-8"?>
<testsuite name="griffon.util.BindUtilsTest" tests="3" skipped="0" failures="0" errors="0" timestamp="2016-11-30T10:27:30" hostname="testing-gce-9cd93739-2c6e-4dd0-ae61-7a6d878d61a2" time="0.073">
  <properties/>
  <testcase name="testNoTargetProperty" classname="griffon.util.BindUtilsTest" time="0.045"/>
  <testcase name="testNoSourceProperty" classname="griffon.util.BindUtilsTest" time="0.007"/>
  <testcase name="testAllOptions" classname="griffon.util.BindUtilsTest" time="0.019"/>
  <system-out><![CDATA[]]></system-out>
  <system-err><![CDATA[Nov 30, 2016 10:27:30 AM groovy.util.FactoryBuilderSupport createNode
WARNING: Factory for name 'bind' returned null
Nov 30, 2016 10:27:30 AM groovy.util.FactoryBuilderSupport createNode
WARNING: Factory for name 'bind' returned null
Nov 30, 2016 10:27:30 AM groovy.util.FactoryBuilderSupport createNode
WARNING: Factory for name 'bind' returned null
]]></system-err>
</testsuite>
