<?xml version="1.0" encoding="UTF-8"?>
<testsuite name="griffon.util.BindUtilsTest" tests="3" skipped="0" failures="0" errors="0" timestamp="2017-05-03T08:31:36" hostname="testing-docker-6017ac84-a99f-499e-bd8d-5921f67c64fd" time="0.073">
  <properties/>
  <testcase name="testNoTargetProperty" classname="griffon.util.BindUtilsTest" time="0.056"/>
  <testcase name="testNoSourceProperty" classname="griffon.util.BindUtilsTest" time="0.004"/>
  <testcase name="testAllOptions" classname="griffon.util.BindUtilsTest" time="0.012"/>
  <system-out><![CDATA[]]></system-out>
  <system-err><![CDATA[May 03, 2017 8:31:36 AM groovy.util.FactoryBuilderSupport createNode
WARNING: Factory for name 'bind' returned null
May 03, 2017 8:31:36 AM groovy.util.FactoryBuilderSupport createNode
WARNING: Factory for name 'bind' returned null
May 03, 2017 8:31:36 AM groovy.util.FactoryBuilderSupport createNode
WARNING: Factory for name 'bind' returned null
]]></system-err>
</testsuite>
