<?xml version="1.0" encoding="UTF-8"?>
<testsuite name="org.codehaus.griffon.runtime.util.GroovyScriptResourceBundleLoaderSpec" tests="12" skipped="0" failures="0" errors="0" timestamp="2017-03-13T20:19:12" hostname="testing-gce-5deeb444-989e-4d84-a4f8-95fc960493bd" time="0.306">
  <properties/>
  <testcase name="Load bundle org/codehaus/griffon/runtime/util/GroovyClassBundle and check string = string" classname="org.codehaus.griffon.runtime.util.GroovyScriptResourceBundleLoaderSpec" time="0.088"/>
  <testcase name="Load bundle org/codehaus/griffon/runtime/util/GroovyClassBundle and check integer = 42" classname="org.codehaus.griffon.runtime.util.GroovyScriptResourceBundleLoaderSpec" time="0.004"/>
  <testcase name="Load bundle org/codehaus/griffon/runtime/util/GroovyClassBundle and check keys.bar = bar" classname="org.codehaus.griffon.runtime.util.GroovyScriptResourceBundleLoaderSpec" time="0.02"/>
  <testcase name="Load bundle org/codehaus/griffon/runtime/util/GroovyClassBundle and check foo = dev" classname="org.codehaus.griffon.runtime.util.GroovyScriptResourceBundleLoaderSpec" time="0.004"/>
  <testcase name="Load bundle org/codehaus/griffon/runtime/util/JavaClassBundle and check string = string" classname="org.codehaus.griffon.runtime.util.GroovyScriptResourceBundleLoaderSpec" time="0.012"/>
  <testcase name="Load bundle org/codehaus/griffon/runtime/util/JavaClassBundle and check integer = 42" classname="org.codehaus.griffon.runtime.util.GroovyScriptResourceBundleLoaderSpec" time="0.01"/>
  <testcase name="Load bundle org/codehaus/griffon/runtime/util/JavaClassBundle and check keys.bar = bar" classname="org.codehaus.griffon.runtime.util.GroovyScriptResourceBundleLoaderSpec" time="0.001"/>
  <testcase name="Load bundle org/codehaus/griffon/runtime/util/JavaClassBundle and check foo = dev" classname="org.codehaus.griffon.runtime.util.GroovyScriptResourceBundleLoaderSpec" time="0.001"/>
  <testcase name="Load bundle org/codehaus/griffon/runtime/util/GroovyScriptBundle and check string = string" classname="org.codehaus.griffon.runtime.util.GroovyScriptResourceBundleLoaderSpec" time="0.047"/>
  <testcase name="Load bundle org/codehaus/griffon/runtime/util/GroovyScriptBundle and check integer = 42" classname="org.codehaus.griffon.runtime.util.GroovyScriptResourceBundleLoaderSpec" time="0.049"/>
  <testcase name="Load bundle org/codehaus/griffon/runtime/util/GroovyScriptBundle and check keys.bar = bar" classname="org.codehaus.griffon.runtime.util.GroovyScriptResourceBundleLoaderSpec" time="0.034"/>
  <testcase name="Load bundle org/codehaus/griffon/runtime/util/GroovyScriptBundle and check foo = dev" classname="org.codehaus.griffon.runtime.util.GroovyScriptResourceBundleLoaderSpec" time="0.024"/>
  <system-out><![CDATA[[org.codehaus.griffon.runtime.groovy.util.GroovyScriptResourceBundle@19f098e6[org.codehaus.griffon.runtime.util.GroovyClassBundle]]
[string, integer, keys.bar, foo]
[org.codehaus.griffon.runtime.groovy.util.GroovyScriptResourceBundle@70f67e39[org.codehaus.griffon.runtime.util.GroovyClassBundle]]
[string, integer, keys.bar, foo]
[org.codehaus.griffon.runtime.groovy.util.GroovyScriptResourceBundle@7948951d[org.codehaus.griffon.runtime.util.GroovyClassBundle]]
[string, integer, keys.bar, foo]
[org.codehaus.griffon.runtime.groovy.util.GroovyScriptResourceBundle@335c1ef4[org.codehaus.griffon.runtime.util.GroovyClassBundle]]
[string, integer, keys.bar, foo]
[griffon.util.ResourceBundleReader$1@c4b5b90]
[string, integer, keys.bar, foo]
[griffon.util.ResourceBundleReader$1@20fa0cad]
[string, integer, keys.bar, foo]
[griffon.util.ResourceBundleReader$1@763b44f9]
[string, integer, keys.bar, foo]
[griffon.util.ResourceBundleReader$1@e6ba8]
[string, integer, keys.bar, foo]
[org.codehaus.griffon.runtime.groovy.util.GroovyScriptResourceBundle@6fba7a94[file:/home/travis/build/griffon/griffon/subprojects/griffon-groovy/build/resources/test/org/codehaus/griffon/runtime/util/GroovyScriptBundle.groovy]]
[string, integer, keys.bar, foo]
[org.codehaus.griffon.runtime.groovy.util.GroovyScriptResourceBundle@dc011fd[file:/home/travis/build/griffon/griffon/subprojects/griffon-groovy/build/resources/test/org/codehaus/griffon/runtime/util/GroovyScriptBundle.groovy]]
[string, integer, keys.bar, foo]
[org.codehaus.griffon.runtime.groovy.util.GroovyScriptResourceBundle@57db42c1[file:/home/travis/build/griffon/griffon/subprojects/griffon-groovy/build/resources/test/org/codehaus/griffon/runtime/util/GroovyScriptBundle.groovy]]
[string, integer, keys.bar, foo]
[org.codehaus.griffon.runtime.groovy.util.GroovyScriptResourceBundle@1dcf8eac[file:/home/travis/build/griffon/griffon/subprojects/griffon-groovy/build/resources/test/org/codehaus/griffon/runtime/util/GroovyScriptBundle.groovy]]
[string, integer, keys.bar, foo]
]]></system-out>
  <system-err><![CDATA[]]></system-err>
</testsuite>
