<?xml version="1.0" encoding="UTF-8"?>
<testsuite name="griffon.util.BindUtilsTest" tests="3" skipped="0" failures="0" errors="0" timestamp="2017-05-04T09:19:09" hostname="testing-docker-90703794-a676-4191-81e0-3d1951fbc1fe" time="0.061">
  <properties/>
  <testcase name="testNoTargetProperty" classname="griffon.util.BindUtilsTest" time="0.047"/>
  <testcase name="testNoSourceProperty" classname="griffon.util.BindUtilsTest" time="0.002"/>
  <testcase name="testAllOptions" classname="griffon.util.BindUtilsTest" time="0.011"/>
  <system-out><![CDATA[]]></system-out>
  <system-err><![CDATA[May 04, 2017 9:19:09 AM groovy.util.FactoryBuilderSupport createNode
WARNING: Factory for name 'bind' returned null
May 04, 2017 9:19:09 AM groovy.util.FactoryBuilderSupport createNode
WARNING: Factory for name 'bind' returned null
May 04, 2017 9:19:09 AM groovy.util.FactoryBuilderSupport createNode
WARNING: Factory for name 'bind' returned null
]]></system-err>
</testsuite>
