<?xml version="1.0" encoding="UTF-8"?>
<testsuite name="griffon.util.BindUtilsTest" tests="3" skipped="0" failures="0" errors="0" timestamp="2017-04-28T07:20:41" hostname="testing-gce-d418c672-e417-4758-9132-06e50a90cdc7" time="0.103">
  <properties/>
  <testcase name="testNoTargetProperty" classname="griffon.util.BindUtilsTest" time="0.063"/>
  <testcase name="testNoSourceProperty" classname="griffon.util.BindUtilsTest" time="0.006"/>
  <testcase name="testAllOptions" classname="griffon.util.BindUtilsTest" time="0.034"/>
  <system-out><![CDATA[]]></system-out>
  <system-err><![CDATA[Apr 28, 2017 7:20:41 AM groovy.util.FactoryBuilderSupport createNode
WARNING: Factory for name 'bind' returned null
Apr 28, 2017 7:20:42 AM groovy.util.FactoryBuilderSupport createNode
WARNING: Factory for name 'bind' returned null
Apr 28, 2017 7:20:42 AM groovy.util.FactoryBuilderSupport createNode
WARNING: Factory for name 'bind' returned null
]]></system-err>
</testsuite>
