<?xml version="1.0" encoding="UTF-8"?>
<testsuite name="griffon.util.BindUtilsTest" tests="3" skipped="0" failures="0" errors="0" timestamp="2017-05-06T14:14:13" hostname="testing-docker-90b60644-8177-4130-972e-463f2d1984bb" time="0.207">
  <properties/>
  <testcase name="testNoTargetProperty" classname="griffon.util.BindUtilsTest" time="0.122"/>
  <testcase name="testNoSourceProperty" classname="griffon.util.BindUtilsTest" time="0.01"/>
  <testcase name="testAllOptions" classname="griffon.util.BindUtilsTest" time="0.073"/>
  <system-out><![CDATA[]]></system-out>
  <system-err><![CDATA[May 06, 2017 2:14:13 PM groovy.util.FactoryBuilderSupport createNode
WARNING: Factory for name 'bind' returned null
May 06, 2017 2:14:13 PM groovy.util.FactoryBuilderSupport createNode
WARNING: Factory for name 'bind' returned null
May 06, 2017 2:14:13 PM groovy.util.FactoryBuilderSupport createNode
WARNING: Factory for name 'bind' returned null
]]></system-err>
</testsuite>
