<?xml version="1.0" encoding="UTF-8"?>
<testsuite name="griffon.util.ConfigReaderTests" tests="23" skipped="0" failures="0" errors="0" timestamp="2016-11-29T18:39:11" hostname="testing-gce-697e48c8-ccfd-425a-9024-c068db3ba60c" time="1.785">
  <properties/>
  <testcase name="testParseProperties" classname="griffon.util.ConfigReaderTests" time="0.06"/>
  <testcase name="testToProperties" classname="griffon.util.ConfigReaderTests" time="0.087"/>
  <testcase name="testNestedConditionaBlocks" classname="griffon.util.ConfigReaderTests" time="0.552"/>
  <testcase name="testScopedPropertiesWithNesting" classname="griffon.util.ConfigReaderTests" time="0.046"/>
  <testcase name="testScopedProperties" classname="griffon.util.ConfigReaderTests" time="0.038"/>
  <testcase name="testCustomConditionalBlocks" classname="griffon.util.ConfigReaderTests" time="0.129"/>
  <testcase name="testTwoSameBlocks" classname="griffon.util.ConfigReaderTests" time="0.045"/>
  <testcase name="testConsecutiveReaderValues" classname="griffon.util.ConfigReaderTests" time="0.038"/>
  <testcase name="testScopedVariableReusage" classname="griffon.util.ConfigReaderTests" time="0.073"/>
  <testcase name="testLog4jConfiguration" classname="griffon.util.ConfigReaderTests" time="0.054"/>
  <testcase name="testSimpleProperties" classname="griffon.util.ConfigReaderTests" time="0.021"/>
  <testcase name="testConditionalOverrides" classname="griffon.util.ConfigReaderTests" time="0.094"/>
  <testcase name="testSerializeConfig" classname="griffon.util.ConfigReaderTests" time="0.086"/>
  <testcase name="testConfigTokensAsStrings" classname="griffon.util.ConfigReaderTests" time="0.023"/>
  <testcase name="testEnvironmentProperties2" classname="griffon.util.ConfigReaderTests" time="0.073"/>
  <testcase name="testConfigReaderNestedValues" classname="griffon.util.ConfigReaderTests" time="0.047"/>
  <testcase name="testEnvironmentSpecificConfig" classname="griffon.util.ConfigReaderTests" time="0.131"/>
  <testcase name="testFlattenConfig" classname="griffon.util.ConfigReaderTests" time="0.045"/>
  <testcase name="testNotProperlyNestedPropertiesArePreserved" classname="griffon.util.ConfigReaderTests" time="0.003"/>
  <testcase name="testConfigInterReferencing" classname="griffon.util.ConfigReaderTests" time="0.035"/>
  <testcase name="testVariableAssignments" classname="griffon.util.ConfigReaderTests" time="0.032"/>
  <testcase name="testConfigBinding" classname="griffon.util.ConfigReaderTests" time="0.026"/>
  <testcase name="testSameElementNestingWithoutDuplication" classname="griffon.util.ConfigReaderTests" time="0.035"/>
  <system-out><![CDATA[]]></system-out>
  <system-err><![CDATA[]]></system-err>
</testsuite>
