<?xml version="1.0" encoding="UTF-8"?>
<testsuite name="griffon.util.CompositeBuilderTest" tests="7" skipped="0" failures="0" errors="0" timestamp="2017-01-28T06:55:40" hostname="testing-gce-34b544d7-3af4-46d5-bba3-c20da92e4b9d" time="0.77">
  <properties/>
  <testcase name="testWithTwoBuilderCustomizers" classname="griffon.util.CompositeBuilderTest" time="0.654"/>
  <testcase name="testMethodMissingDelegate_abortedByCustomizer" classname="griffon.util.CompositeBuilderTest" time="0.043"/>
  <testcase name="testMethodMissingDelegate_noDelegate" classname="griffon.util.CompositeBuilderTest" time="0.012"/>
  <testcase name="testMethodMissingDelegate_unhandledByCustomizer" classname="griffon.util.CompositeBuilderTest" time="0.025"/>
  <testcase name="testMethodMissingDelegate_handledByCustomizer" classname="griffon.util.CompositeBuilderTest" time="0.014"/>
  <testcase name="testMethodMissingDelegate" classname="griffon.util.CompositeBuilderTest" time="0.009"/>
  <testcase name="testPropertyMissingDelegate" classname="griffon.util.CompositeBuilderTest" time="0.012"/>
  <system-out><![CDATA[]]></system-out>
  <system-err><![CDATA[Jan 28, 2017 6:55:40 AM groovy.util.FactoryBuilderSupport createNode
WARNING: Could not find match for name 'methodDoesNotExist'
Jan 28, 2017 6:55:40 AM groovy.util.FactoryBuilderSupport createNode
WARNING: Could not find match for name 'someMethod'
Jan 28, 2017 6:55:40 AM groovy.util.FactoryBuilderSupport createNode
WARNING: Could not find match for name 'randomMethod'
Jan 28, 2017 6:55:40 AM groovy.util.FactoryBuilderSupport createNode
WARNING: Could not find match for name 'randomMethod'
Jan 28, 2017 6:55:40 AM groovy.util.FactoryBuilderSupport createNode
WARNING: Could not find match for name 'randomMethod'
Jan 28, 2017 6:55:40 AM groovy.util.FactoryBuilderSupport createNode
WARNING: Could not find match for name 'someOtherMethod'
Jan 28, 2017 6:55:40 AM groovy.util.FactoryBuilderSupport createNode
WARNING: Could not find match for name 'randomMethod'
Jan 28, 2017 6:55:40 AM groovy.util.FactoryBuilderSupport createNode
WARNING: Could not find match for name 'someOtherMethod'
Jan 28, 2017 6:55:40 AM groovy.util.FactoryBuilderSupport createNode
WARNING: Could not find match for name 'randomMethod'
Jan 28, 2017 6:55:40 AM groovy.util.FactoryBuilderSupport createNode
WARNING: Could not find match for name 'someOtherMethod'
]]></system-err>
</testsuite>
