<?xml version="1.0" encoding="UTF-8"?>
<testsuite name="griffon.util.BindUtilsTest" tests="3" skipped="0" failures="0" errors="0" timestamp="2017-05-02T08:35:13" hostname="testing-docker-f5468bb5-c282-4c60-9f7e-ab0b1a158756" time="0.079">
  <properties/>
  <testcase name="testNoTargetProperty" classname="griffon.util.BindUtilsTest" time="0.065"/>
  <testcase name="testNoSourceProperty" classname="griffon.util.BindUtilsTest" time="0.004"/>
  <testcase name="testAllOptions" classname="griffon.util.BindUtilsTest" time="0.01"/>
  <system-out><![CDATA[]]></system-out>
  <system-err><![CDATA[May 02, 2017 8:35:13 AM groovy.util.FactoryBuilderSupport createNode
WARNING: Factory for name 'bind' returned null
May 02, 2017 8:35:13 AM groovy.util.FactoryBuilderSupport createNode
WARNING: Factory for name 'bind' returned null
May 02, 2017 8:35:13 AM groovy.util.FactoryBuilderSupport createNode
WARNING: Factory for name 'bind' returned null
]]></system-err>
</testsuite>
