<?xml version="1.0" encoding="UTF-8"?>
<testsuite name="griffon.util.BindUtilsTest" tests="3" skipped="0" failures="0" errors="0" timestamp="2017-05-06T14:34:48" hostname="testing-docker-61402520-d4dd-4f1f-ac93-0a4d284e0ebf" time="0.05">
  <properties/>
  <testcase name="testNoTargetProperty" classname="griffon.util.BindUtilsTest" time="0.041"/>
  <testcase name="testNoSourceProperty" classname="griffon.util.BindUtilsTest" time="0.002"/>
  <testcase name="testAllOptions" classname="griffon.util.BindUtilsTest" time="0.007"/>
  <system-out><![CDATA[]]></system-out>
  <system-err><![CDATA[May 06, 2017 2:34:48 PM groovy.util.FactoryBuilderSupport createNode
WARNING: Factory for name 'bind' returned null
May 06, 2017 2:34:48 PM groovy.util.FactoryBuilderSupport createNode
WARNING: Factory for name 'bind' returned null
May 06, 2017 2:34:48 PM groovy.util.FactoryBuilderSupport createNode
WARNING: Factory for name 'bind' returned null
]]></system-err>
</testsuite>
