<?xml version="1.0" encoding="UTF-8"?>
<testsuite name="griffon.util.ConfigReaderTests" tests="23" skipped="0" failures="0" errors="0" timestamp="2017-01-20T08:37:28" hostname="testing-gce-7a9bbf15-27be-4fe1-b344-89097b4b1abf" time="2.361">
  <properties/>
  <testcase name="testParseProperties" classname="griffon.util.ConfigReaderTests" time="0.105"/>
  <testcase name="testToProperties" classname="griffon.util.ConfigReaderTests" time="0.858"/>
  <testcase name="testNestedConditionaBlocks" classname="griffon.util.ConfigReaderTests" time="0.48"/>
  <testcase name="testScopedPropertiesWithNesting" classname="griffon.util.ConfigReaderTests" time="0.024"/>
  <testcase name="testScopedProperties" classname="griffon.util.ConfigReaderTests" time="0.025"/>
  <testcase name="testCustomConditionalBlocks" classname="griffon.util.ConfigReaderTests" time="0.083"/>
  <testcase name="testTwoSameBlocks" classname="griffon.util.ConfigReaderTests" time="0.056"/>
  <testcase name="testConsecutiveReaderValues" classname="griffon.util.ConfigReaderTests" time="0.039"/>
  <testcase name="testScopedVariableReusage" classname="griffon.util.ConfigReaderTests" time="0.075"/>
  <testcase name="testLog4jConfiguration" classname="griffon.util.ConfigReaderTests" time="0.06"/>
  <testcase name="testSimpleProperties" classname="griffon.util.ConfigReaderTests" time="0.027"/>
  <testcase name="testConditionalOverrides" classname="griffon.util.ConfigReaderTests" time="0.063"/>
  <testcase name="testSerializeConfig" classname="griffon.util.ConfigReaderTests" time="0.097"/>
  <testcase name="testConfigTokensAsStrings" classname="griffon.util.ConfigReaderTests" time="0.026"/>
  <testcase name="testEnvironmentProperties2" classname="griffon.util.ConfigReaderTests" time="0.039"/>
  <testcase name="testConfigReaderNestedValues" classname="griffon.util.ConfigReaderTests" time="0.031"/>
  <testcase name="testEnvironmentSpecificConfig" classname="griffon.util.ConfigReaderTests" time="0.07"/>
  <testcase name="testFlattenConfig" classname="griffon.util.ConfigReaderTests" time="0.027"/>
  <testcase name="testNotProperlyNestedPropertiesArePreserved" classname="griffon.util.ConfigReaderTests" time="0.002"/>
  <testcase name="testConfigInterReferencing" classname="griffon.util.ConfigReaderTests" time="0.03"/>
  <testcase name="testVariableAssignments" classname="griffon.util.ConfigReaderTests" time="0.037"/>
  <testcase name="testConfigBinding" classname="griffon.util.ConfigReaderTests" time="0.02"/>
  <testcase name="testSameElementNestingWithoutDuplication" classname="griffon.util.ConfigReaderTests" time="0.052"/>
  <system-out><![CDATA[]]></system-out>
  <system-err><![CDATA[]]></system-err>
</testsuite>
