<?xml version="1.0" encoding="UTF-8"?>
<testsuite name="griffon.util.CompositeBuilderTest" tests="7" skipped="0" failures="0" errors="0" timestamp="2017-04-28T15:59:13" hostname="testing-docker-ea4d5413-61ad-4e77-9778-eb4ed0744b0f" time="0.215">
  <properties/>
  <testcase name="testWithTwoBuilderCustomizers" classname="griffon.util.CompositeBuilderTest" time="0.133"/>
  <testcase name="testMethodMissingDelegate_abortedByCustomizer" classname="griffon.util.CompositeBuilderTest" time="0.02"/>
  <testcase name="testMethodMissingDelegate_noDelegate" classname="griffon.util.CompositeBuilderTest" time="0.011"/>
  <testcase name="testMethodMissingDelegate_unhandledByCustomizer" classname="griffon.util.CompositeBuilderTest" time="0.018"/>
  <testcase name="testMethodMissingDelegate_handledByCustomizer" classname="griffon.util.CompositeBuilderTest" time="0.013"/>
  <testcase name="testMethodMissingDelegate" classname="griffon.util.CompositeBuilderTest" time="0.009"/>
  <testcase name="testPropertyMissingDelegate" classname="griffon.util.CompositeBuilderTest" time="0.01"/>
  <system-out><![CDATA[]]></system-out>
  <system-err><![CDATA[Apr 28, 2017 3:59:13 PM groovy.util.FactoryBuilderSupport createNode
WARNING: Could not find match for name 'methodDoesNotExist'
Apr 28, 2017 3:59:13 PM groovy.util.FactoryBuilderSupport createNode
WARNING: Could not find match for name 'someMethod'
Apr 28, 2017 3:59:13 PM groovy.util.FactoryBuilderSupport createNode
WARNING: Could not find match for name 'randomMethod'
Apr 28, 2017 3:59:13 PM groovy.util.FactoryBuilderSupport createNode
WARNING: Could not find match for name 'randomMethod'
Apr 28, 2017 3:59:13 PM groovy.util.FactoryBuilderSupport createNode
WARNING: Could not find match for name 'randomMethod'
Apr 28, 2017 3:59:13 PM groovy.util.FactoryBuilderSupport createNode
WARNING: Could not find match for name 'someOtherMethod'
Apr 28, 2017 3:59:13 PM groovy.util.FactoryBuilderSupport createNode
WARNING: Could not find match for name 'randomMethod'
Apr 28, 2017 3:59:13 PM groovy.util.FactoryBuilderSupport createNode
WARNING: Could not find match for name 'someOtherMethod'
Apr 28, 2017 3:59:13 PM groovy.util.FactoryBuilderSupport createNode
WARNING: Could not find match for name 'randomMethod'
Apr 28, 2017 3:59:13 PM groovy.util.FactoryBuilderSupport createNode
WARNING: Could not find match for name 'someOtherMethod'
]]></system-err>
</testsuite>
