<?xml version="1.0" encoding="UTF-8"?>
<testsuite name="griffon.util.ConfigReaderTests" tests="23" skipped="0" failures="0" errors="0" timestamp="2017-01-10T09:15:58" hostname="testing-gce-7b2d7ffd-be62-4986-b2bc-bd42efa5f90a" time="2.332">
  <properties/>
  <testcase name="testParseProperties" classname="griffon.util.ConfigReaderTests" time="0.114"/>
  <testcase name="testToProperties" classname="griffon.util.ConfigReaderTests" time="0.815"/>
  <testcase name="testNestedConditionaBlocks" classname="griffon.util.ConfigReaderTests" time="0.524"/>
  <testcase name="testScopedPropertiesWithNesting" classname="griffon.util.ConfigReaderTests" time="0.026"/>
  <testcase name="testScopedProperties" classname="griffon.util.ConfigReaderTests" time="0.021"/>
  <testcase name="testCustomConditionalBlocks" classname="griffon.util.ConfigReaderTests" time="0.041"/>
  <testcase name="testTwoSameBlocks" classname="griffon.util.ConfigReaderTests" time="0.028"/>
  <testcase name="testConsecutiveReaderValues" classname="griffon.util.ConfigReaderTests" time="0.021"/>
  <testcase name="testScopedVariableReusage" classname="griffon.util.ConfigReaderTests" time="0.036"/>
  <testcase name="testLog4jConfiguration" classname="griffon.util.ConfigReaderTests" time="0.031"/>
  <testcase name="testSimpleProperties" classname="griffon.util.ConfigReaderTests" time="0.015"/>
  <testcase name="testConditionalOverrides" classname="griffon.util.ConfigReaderTests" time="0.066"/>
  <testcase name="testSerializeConfig" classname="griffon.util.ConfigReaderTests" time="0.131"/>
  <testcase name="testConfigTokensAsStrings" classname="griffon.util.ConfigReaderTests" time="0.027"/>
  <testcase name="testEnvironmentProperties2" classname="griffon.util.ConfigReaderTests" time="0.077"/>
  <testcase name="testConfigReaderNestedValues" classname="griffon.util.ConfigReaderTests" time="0.069"/>
  <testcase name="testEnvironmentSpecificConfig" classname="griffon.util.ConfigReaderTests" time="0.107"/>
  <testcase name="testFlattenConfig" classname="griffon.util.ConfigReaderTests" time="0.051"/>
  <testcase name="testNotProperlyNestedPropertiesArePreserved" classname="griffon.util.ConfigReaderTests" time="0.004"/>
  <testcase name="testConfigInterReferencing" classname="griffon.util.ConfigReaderTests" time="0.042"/>
  <testcase name="testVariableAssignments" classname="griffon.util.ConfigReaderTests" time="0.023"/>
  <testcase name="testConfigBinding" classname="griffon.util.ConfigReaderTests" time="0.009"/>
  <testcase name="testSameElementNestingWithoutDuplication" classname="griffon.util.ConfigReaderTests" time="0.033"/>
  <system-out><![CDATA[]]></system-out>
  <system-err><![CDATA[]]></system-err>
</testsuite>
