<?xml version="1.0" encoding="UTF-8"?>
<testsuite name="griffon.util.ConfigReaderTests" tests="23" skipped="0" failures="0" errors="0" timestamp="2016-12-06T13:48:37" hostname="testing-gce-88c17399-7e1a-4bbc-b795-695967a3f3cc" time="2.421">
  <properties/>
  <testcase name="testParseProperties" classname="griffon.util.ConfigReaderTests" time="0.1"/>
  <testcase name="testToProperties" classname="griffon.util.ConfigReaderTests" time="0.943"/>
  <testcase name="testNestedConditionaBlocks" classname="griffon.util.ConfigReaderTests" time="0.431"/>
  <testcase name="testScopedPropertiesWithNesting" classname="griffon.util.ConfigReaderTests" time="0.04"/>
  <testcase name="testScopedProperties" classname="griffon.util.ConfigReaderTests" time="0.037"/>
  <testcase name="testCustomConditionalBlocks" classname="griffon.util.ConfigReaderTests" time="0.084"/>
  <testcase name="testTwoSameBlocks" classname="griffon.util.ConfigReaderTests" time="0.045"/>
  <testcase name="testConsecutiveReaderValues" classname="griffon.util.ConfigReaderTests" time="0.039"/>
  <testcase name="testScopedVariableReusage" classname="griffon.util.ConfigReaderTests" time="0.061"/>
  <testcase name="testLog4jConfiguration" classname="griffon.util.ConfigReaderTests" time="0.063"/>
  <testcase name="testSimpleProperties" classname="griffon.util.ConfigReaderTests" time="0.02"/>
  <testcase name="testConditionalOverrides" classname="griffon.util.ConfigReaderTests" time="0.072"/>
  <testcase name="testSerializeConfig" classname="griffon.util.ConfigReaderTests" time="0.091"/>
  <testcase name="testConfigTokensAsStrings" classname="griffon.util.ConfigReaderTests" time="0.015"/>
  <testcase name="testEnvironmentProperties2" classname="griffon.util.ConfigReaderTests" time="0.05"/>
  <testcase name="testConfigReaderNestedValues" classname="griffon.util.ConfigReaderTests" time="0.054"/>
  <testcase name="testEnvironmentSpecificConfig" classname="griffon.util.ConfigReaderTests" time="0.067"/>
  <testcase name="testFlattenConfig" classname="griffon.util.ConfigReaderTests" time="0.028"/>
  <testcase name="testNotProperlyNestedPropertiesArePreserved" classname="griffon.util.ConfigReaderTests" time="0.006"/>
  <testcase name="testConfigInterReferencing" classname="griffon.util.ConfigReaderTests" time="0.05"/>
  <testcase name="testVariableAssignments" classname="griffon.util.ConfigReaderTests" time="0.032"/>
  <testcase name="testConfigBinding" classname="griffon.util.ConfigReaderTests" time="0.019"/>
  <testcase name="testSameElementNestingWithoutDuplication" classname="griffon.util.ConfigReaderTests" time="0.05"/>
  <system-out><![CDATA[]]></system-out>
  <system-err><![CDATA[]]></system-err>
</testsuite>
