<?xml version="1.0" encoding="UTF-8"?>
<testsuite name="griffon.util.CompositeBuilderTest" tests="7" skipped="0" failures="0" errors="0" timestamp="2016-11-15T19:49:46" hostname="testing-gce-0a7091f9-5a3d-42d2-bba2-f82cd72fbd72" time="0.307">
  <properties/>
  <testcase name="testWithTwoBuilderCustomizers" classname="griffon.util.CompositeBuilderTest" time="0.182"/>
  <testcase name="testMethodMissingDelegate_abortedByCustomizer" classname="griffon.util.CompositeBuilderTest" time="0.029"/>
  <testcase name="testMethodMissingDelegate_noDelegate" classname="griffon.util.CompositeBuilderTest" time="0.012"/>
  <testcase name="testMethodMissingDelegate_unhandledByCustomizer" classname="griffon.util.CompositeBuilderTest" time="0.03"/>
  <testcase name="testMethodMissingDelegate_handledByCustomizer" classname="griffon.util.CompositeBuilderTest" time="0.021"/>
  <testcase name="testMethodMissingDelegate" classname="griffon.util.CompositeBuilderTest" time="0.017"/>
  <testcase name="testPropertyMissingDelegate" classname="griffon.util.CompositeBuilderTest" time="0.012"/>
  <system-out><![CDATA[]]></system-out>
  <system-err><![CDATA[Nov 15, 2016 7:49:46 PM groovy.util.FactoryBuilderSupport createNode
WARNING: Could not find match for name 'methodDoesNotExist'
Nov 15, 2016 7:49:46 PM groovy.util.FactoryBuilderSupport createNode
WARNING: Could not find match for name 'someMethod'
Nov 15, 2016 7:49:46 PM groovy.util.FactoryBuilderSupport createNode
WARNING: Could not find match for name 'randomMethod'
Nov 15, 2016 7:49:46 PM groovy.util.FactoryBuilderSupport createNode
WARNING: Could not find match for name 'randomMethod'
Nov 15, 2016 7:49:46 PM groovy.util.FactoryBuilderSupport createNode
WARNING: Could not find match for name 'randomMethod'
Nov 15, 2016 7:49:46 PM groovy.util.FactoryBuilderSupport createNode
WARNING: Could not find match for name 'someOtherMethod'
Nov 15, 2016 7:49:46 PM groovy.util.FactoryBuilderSupport createNode
WARNING: Could not find match for name 'randomMethod'
Nov 15, 2016 7:49:46 PM groovy.util.FactoryBuilderSupport createNode
WARNING: Could not find match for name 'someOtherMethod'
Nov 15, 2016 7:49:46 PM groovy.util.FactoryBuilderSupport createNode
WARNING: Could not find match for name 'randomMethod'
Nov 15, 2016 7:49:46 PM groovy.util.FactoryBuilderSupport createNode
WARNING: Could not find match for name 'someOtherMethod'
]]></system-err>
</testsuite>
