<?xml version="1.0" encoding="UTF-8"?>
<testsuite name="griffon.util.BindUtilsTest" tests="3" skipped="0" failures="0" errors="0" timestamp="2017-02-22T15:15:21" hostname="testing-gce-7d3042d1-6783-44c6-8859-669d03f901ba" time="0.073">
  <properties/>
  <testcase name="testNoTargetProperty" classname="griffon.util.BindUtilsTest" time="0.042"/>
  <testcase name="testNoSourceProperty" classname="griffon.util.BindUtilsTest" time="0.004"/>
  <testcase name="testAllOptions" classname="griffon.util.BindUtilsTest" time="0.027"/>
  <system-out><![CDATA[]]></system-out>
  <system-err><![CDATA[Feb 22, 2017 3:15:21 PM groovy.util.FactoryBuilderSupport createNode
WARNING: Factory for name 'bind' returned null
Feb 22, 2017 3:15:21 PM groovy.util.FactoryBuilderSupport createNode
WARNING: Factory for name 'bind' returned null
Feb 22, 2017 3:15:21 PM groovy.util.FactoryBuilderSupport createNode
WARNING: Factory for name 'bind' returned null
]]></system-err>
</testsuite>
