<?xml version="1.0" encoding="UTF-8"?>
<testsuite name="griffon.util.BindUtilsTest" tests="3" skipped="0" failures="0" errors="0" timestamp="2016-11-30T21:35:16" hostname="testing-gce-7b284da2-1dfc-4486-9403-0c3889a84a74" time="0.052">
  <properties/>
  <testcase name="testNoTargetProperty" classname="griffon.util.BindUtilsTest" time="0.036"/>
  <testcase name="testNoSourceProperty" classname="griffon.util.BindUtilsTest" time="0.003"/>
  <testcase name="testAllOptions" classname="griffon.util.BindUtilsTest" time="0.013"/>
  <system-out><![CDATA[]]></system-out>
  <system-err><![CDATA[Nov 30, 2016 9:35:16 PM groovy.util.FactoryBuilderSupport createNode
WARNING: Factory for name 'bind' returned null
Nov 30, 2016 9:35:16 PM groovy.util.FactoryBuilderSupport createNode
WARNING: Factory for name 'bind' returned null
Nov 30, 2016 9:35:16 PM groovy.util.FactoryBuilderSupport createNode
WARNING: Factory for name 'bind' returned null
]]></system-err>
</testsuite>
