<?xml version="1.0" encoding="UTF-8"?>
<testsuite name="griffon.util.BindUtilsTest" tests="3" skipped="0" failures="0" errors="0" timestamp="2017-03-17T14:48:28" hostname="testing-gce-2cba042c-7dfa-40c6-8050-1b9f1390cf9f" time="0.091">
  <properties/>
  <testcase name="testNoTargetProperty" classname="griffon.util.BindUtilsTest" time="0.052"/>
  <testcase name="testNoSourceProperty" classname="griffon.util.BindUtilsTest" time="0.006"/>
  <testcase name="testAllOptions" classname="griffon.util.BindUtilsTest" time="0.032"/>
  <system-out><![CDATA[]]></system-out>
  <system-err><![CDATA[Mar 17, 2017 2:48:28 PM groovy.util.FactoryBuilderSupport createNode
WARNING: Factory for name 'bind' returned null
Mar 17, 2017 2:48:28 PM groovy.util.FactoryBuilderSupport createNode
WARNING: Factory for name 'bind' returned null
Mar 17, 2017 2:48:28 PM groovy.util.FactoryBuilderSupport createNode
WARNING: Factory for name 'bind' returned null
]]></system-err>
</testsuite>
