<?xml version="1.0" encoding="UTF-8"?>
<testsuite name="org.codehaus.griffon.runtime.util.GroovyScriptResourceBundleLoaderSpec" tests="12" skipped="0" failures="0" errors="0" timestamp="2017-04-24T08:42:03" hostname="testing-gce-5d7d77d1-ab44-4e29-9f52-aa2a647d6215" time="0.329">
  <properties/>
  <testcase name="Load bundle org/codehaus/griffon/runtime/util/GroovyClassBundle and check string = string" classname="org.codehaus.griffon.runtime.util.GroovyScriptResourceBundleLoaderSpec" time="0.071"/>
  <testcase name="Load bundle org/codehaus/griffon/runtime/util/GroovyClassBundle and check integer = 42" classname="org.codehaus.griffon.runtime.util.GroovyScriptResourceBundleLoaderSpec" time="0.012"/>
  <testcase name="Load bundle org/codehaus/griffon/runtime/util/GroovyClassBundle and check keys.bar = bar" classname="org.codehaus.griffon.runtime.util.GroovyScriptResourceBundleLoaderSpec" time="0.018"/>
  <testcase name="Load bundle org/codehaus/griffon/runtime/util/GroovyClassBundle and check foo = dev" classname="org.codehaus.griffon.runtime.util.GroovyScriptResourceBundleLoaderSpec" time="0.009"/>
  <testcase name="Load bundle org/codehaus/griffon/runtime/util/JavaClassBundle and check string = string" classname="org.codehaus.griffon.runtime.util.GroovyScriptResourceBundleLoaderSpec" time="0.017"/>
  <testcase name="Load bundle org/codehaus/griffon/runtime/util/JavaClassBundle and check integer = 42" classname="org.codehaus.griffon.runtime.util.GroovyScriptResourceBundleLoaderSpec" time="0.001"/>
  <testcase name="Load bundle org/codehaus/griffon/runtime/util/JavaClassBundle and check keys.bar = bar" classname="org.codehaus.griffon.runtime.util.GroovyScriptResourceBundleLoaderSpec" time="0.002"/>
  <testcase name="Load bundle org/codehaus/griffon/runtime/util/JavaClassBundle and check foo = dev" classname="org.codehaus.griffon.runtime.util.GroovyScriptResourceBundleLoaderSpec" time="0.001"/>
  <testcase name="Load bundle org/codehaus/griffon/runtime/util/GroovyScriptBundle and check string = string" classname="org.codehaus.griffon.runtime.util.GroovyScriptResourceBundleLoaderSpec" time="0.047"/>
  <testcase name="Load bundle org/codehaus/griffon/runtime/util/GroovyScriptBundle and check integer = 42" classname="org.codehaus.griffon.runtime.util.GroovyScriptResourceBundleLoaderSpec" time="0.038"/>
  <testcase name="Load bundle org/codehaus/griffon/runtime/util/GroovyScriptBundle and check keys.bar = bar" classname="org.codehaus.griffon.runtime.util.GroovyScriptResourceBundleLoaderSpec" time="0.044"/>
  <testcase name="Load bundle org/codehaus/griffon/runtime/util/GroovyScriptBundle and check foo = dev" classname="org.codehaus.griffon.runtime.util.GroovyScriptResourceBundleLoaderSpec" time="0.047"/>
  <system-out><![CDATA[[org.codehaus.griffon.runtime.groovy.util.GroovyScriptResourceBundle@49619761[org.codehaus.griffon.runtime.util.GroovyClassBundle]]
[string, integer, keys.bar, foo]
[org.codehaus.griffon.runtime.groovy.util.GroovyScriptResourceBundle@7bfc908c[org.codehaus.griffon.runtime.util.GroovyClassBundle]]
[string, integer, keys.bar, foo]
[org.codehaus.griffon.runtime.groovy.util.GroovyScriptResourceBundle@2ef25d79[org.codehaus.griffon.runtime.util.GroovyClassBundle]]
[string, integer, keys.bar, foo]
[org.codehaus.griffon.runtime.groovy.util.GroovyScriptResourceBundle@7bf60c90[org.codehaus.griffon.runtime.util.GroovyClassBundle]]
[string, integer, keys.bar, foo]
[griffon.util.ResourceBundleReader$1@22dc7d1b]
[string, integer, keys.bar, foo]
[griffon.util.ResourceBundleReader$1@21b7f5e5]
[string, integer, keys.bar, foo]
[griffon.util.ResourceBundleReader$1@6042606d]
[string, integer, keys.bar, foo]
[griffon.util.ResourceBundleReader$1@79e88cd2]
[string, integer, keys.bar, foo]
[org.codehaus.griffon.runtime.groovy.util.GroovyScriptResourceBundle@3b325d90[file:/home/travis/build/griffon/griffon/subprojects/griffon-groovy/build/resources/test/org/codehaus/griffon/runtime/util/GroovyScriptBundle.groovy]]
[string, integer, keys.bar, foo]
[org.codehaus.griffon.runtime.groovy.util.GroovyScriptResourceBundle@4cd630c9[file:/home/travis/build/griffon/griffon/subprojects/griffon-groovy/build/resources/test/org/codehaus/griffon/runtime/util/GroovyScriptBundle.groovy]]
[string, integer, keys.bar, foo]
[org.codehaus.griffon.runtime.groovy.util.GroovyScriptResourceBundle@49792a45[file:/home/travis/build/griffon/griffon/subprojects/griffon-groovy/build/resources/test/org/codehaus/griffon/runtime/util/GroovyScriptBundle.groovy]]
[string, integer, keys.bar, foo]
[org.codehaus.griffon.runtime.groovy.util.GroovyScriptResourceBundle@78d19749[file:/home/travis/build/griffon/griffon/subprojects/griffon-groovy/build/resources/test/org/codehaus/griffon/runtime/util/GroovyScriptBundle.groovy]]
[string, integer, keys.bar, foo]
]]></system-out>
  <system-err><![CDATA[]]></system-err>
</testsuite>
