<?xml version="1.0" encoding="UTF-8"?>
<testsuite name="org.codehaus.griffon.runtime.groovy.i18n.DefaultGroovyAwareMessageSourceTest" tests="1" skipped="0" failures="0" errors="0" timestamp="2016-12-12T18:14:09" hostname="testing-gce-b8b33b65-f9aa-43f6-82c8-a8f17f90840a" time="0.671">
  <properties/>
  <testcase name="testGetAllMessagesByProperties" classname="org.codehaus.griffon.runtime.groovy.i18n.DefaultGroovyAwareMessageSourceTest" time="0.671"/>
  <system-out><![CDATA[]]></system-out>
  <system-err><![CDATA[]]></system-err>
</testsuite>
