<?xml version="1.0" encoding="UTF-8"?>
<testsuite name="griffon.util.ConfigReaderTests" tests="23" skipped="0" failures="0" errors="0" timestamp="2017-04-28T12:50:23" hostname="testing-docker-929acd7b-76bf-4253-9fc4-85722f6f076e" time="1.194">
  <properties/>
  <testcase name="testParseProperties" classname="griffon.util.ConfigReaderTests" time="0.025"/>
  <testcase name="testToProperties" classname="griffon.util.ConfigReaderTests" time="0.05"/>
  <testcase name="testNestedConditionaBlocks" classname="griffon.util.ConfigReaderTests" time="0.271"/>
  <testcase name="testScopedPropertiesWithNesting" classname="griffon.util.ConfigReaderTests" time="0.028"/>
  <testcase name="testScopedProperties" classname="griffon.util.ConfigReaderTests" time="0.021"/>
  <testcase name="testCustomConditionalBlocks" classname="griffon.util.ConfigReaderTests" time="0.047"/>
  <testcase name="testTwoSameBlocks" classname="griffon.util.ConfigReaderTests" time="0.03"/>
  <testcase name="testConsecutiveReaderValues" classname="griffon.util.ConfigReaderTests" time="0.038"/>
  <testcase name="testScopedVariableReusage" classname="griffon.util.ConfigReaderTests" time="0.039"/>
  <testcase name="testLog4jConfiguration" classname="griffon.util.ConfigReaderTests" time="0.036"/>
  <testcase name="testSimpleProperties" classname="griffon.util.ConfigReaderTests" time="0.014"/>
  <testcase name="testConditionalOverrides" classname="griffon.util.ConfigReaderTests" time="0.057"/>
  <testcase name="testSerializeConfig" classname="griffon.util.ConfigReaderTests" time="0.071"/>
  <testcase name="testConfigTokensAsStrings" classname="griffon.util.ConfigReaderTests" time="0.02"/>
  <testcase name="testEnvironmentProperties2" classname="griffon.util.ConfigReaderTests" time="0.038"/>
  <testcase name="testConfigReaderNestedValues" classname="griffon.util.ConfigReaderTests" time="0.027"/>
  <testcase name="testEnvironmentSpecificConfig" classname="griffon.util.ConfigReaderTests" time="0.272"/>
  <testcase name="testFlattenConfig" classname="griffon.util.ConfigReaderTests" time="0.03"/>
  <testcase name="testNotProperlyNestedPropertiesArePreserved" classname="griffon.util.ConfigReaderTests" time="0.003"/>
  <testcase name="testConfigInterReferencing" classname="griffon.util.ConfigReaderTests" time="0.025"/>
  <testcase name="testVariableAssignments" classname="griffon.util.ConfigReaderTests" time="0.018"/>
  <testcase name="testConfigBinding" classname="griffon.util.ConfigReaderTests" time="0.008"/>
  <testcase name="testSameElementNestingWithoutDuplication" classname="griffon.util.ConfigReaderTests" time="0.02"/>
  <system-out><![CDATA[]]></system-out>
  <system-err><![CDATA[]]></system-err>
</testsuite>
