<?xml version="1.0" encoding="UTF-8"?>
<testsuite name="griffon.util.ConfigReaderTests" tests="23" skipped="0" failures="0" errors="0" timestamp="2016-11-28T10:04:04" hostname="testing-gce-4b658ec9-df58-4f0e-bf36-b86ff5d94b0e" time="1.407">
  <properties/>
  <testcase name="testParseProperties" classname="griffon.util.ConfigReaderTests" time="0.058"/>
  <testcase name="testToProperties" classname="griffon.util.ConfigReaderTests" time="0.099"/>
  <testcase name="testNestedConditionaBlocks" classname="griffon.util.ConfigReaderTests" time="0.5"/>
  <testcase name="testScopedPropertiesWithNesting" classname="griffon.util.ConfigReaderTests" time="0.043"/>
  <testcase name="testScopedProperties" classname="griffon.util.ConfigReaderTests" time="0.026"/>
  <testcase name="testCustomConditionalBlocks" classname="griffon.util.ConfigReaderTests" time="0.085"/>
  <testcase name="testTwoSameBlocks" classname="griffon.util.ConfigReaderTests" time="0.027"/>
  <testcase name="testConsecutiveReaderValues" classname="griffon.util.ConfigReaderTests" time="0.022"/>
  <testcase name="testScopedVariableReusage" classname="griffon.util.ConfigReaderTests" time="0.035"/>
  <testcase name="testLog4jConfiguration" classname="griffon.util.ConfigReaderTests" time="0.03"/>
  <testcase name="testSimpleProperties" classname="griffon.util.ConfigReaderTests" time="0.013"/>
  <testcase name="testConditionalOverrides" classname="griffon.util.ConfigReaderTests" time="0.043"/>
  <testcase name="testSerializeConfig" classname="griffon.util.ConfigReaderTests" time="0.058"/>
  <testcase name="testConfigTokensAsStrings" classname="griffon.util.ConfigReaderTests" time="0.016"/>
  <testcase name="testEnvironmentProperties2" classname="griffon.util.ConfigReaderTests" time="0.037"/>
  <testcase name="testConfigReaderNestedValues" classname="griffon.util.ConfigReaderTests" time="0.031"/>
  <testcase name="testEnvironmentSpecificConfig" classname="griffon.util.ConfigReaderTests" time="0.072"/>
  <testcase name="testFlattenConfig" classname="griffon.util.ConfigReaderTests" time="0.048"/>
  <testcase name="testNotProperlyNestedPropertiesArePreserved" classname="griffon.util.ConfigReaderTests" time="0.009"/>
  <testcase name="testConfigInterReferencing" classname="griffon.util.ConfigReaderTests" time="0.042"/>
  <testcase name="testVariableAssignments" classname="griffon.util.ConfigReaderTests" time="0.039"/>
  <testcase name="testConfigBinding" classname="griffon.util.ConfigReaderTests" time="0.023"/>
  <testcase name="testSameElementNestingWithoutDuplication" classname="griffon.util.ConfigReaderTests" time="0.035"/>
  <system-out><![CDATA[]]></system-out>
  <system-err><![CDATA[]]></system-err>
</testsuite>
