<?xml version="1.0" encoding="UTF-8"?>
<testsuite name="griffon.util.BindUtilsTest" tests="3" skipped="0" failures="0" errors="0" timestamp="2016-11-29T18:39:13" hostname="testing-gce-697e48c8-ccfd-425a-9024-c068db3ba60c" time="0.062">
  <properties/>
  <testcase name="testNoTargetProperty" classname="griffon.util.BindUtilsTest" time="0.041"/>
  <testcase name="testNoSourceProperty" classname="griffon.util.BindUtilsTest" time="0.002"/>
  <testcase name="testAllOptions" classname="griffon.util.BindUtilsTest" time="0.018"/>
  <system-out><![CDATA[]]></system-out>
  <system-err><![CDATA[Nov 29, 2016 6:39:13 PM groovy.util.FactoryBuilderSupport createNode
WARNING: Factory for name 'bind' returned null
Nov 29, 2016 6:39:13 PM groovy.util.FactoryBuilderSupport createNode
WARNING: Factory for name 'bind' returned null
Nov 29, 2016 6:39:13 PM groovy.util.FactoryBuilderSupport createNode
WARNING: Factory for name 'bind' returned null
]]></system-err>
</testsuite>
