<?xml version="1.0" encoding="UTF-8"?>
<testsuite name="griffon.util.ConfigReaderTests" tests="23" skipped="0" failures="0" errors="0" timestamp="2017-05-06T14:14:14" hostname="testing-docker-90b60644-8177-4130-972e-463f2d1984bb" time="3.329">
  <properties/>
  <testcase name="testParseProperties" classname="griffon.util.ConfigReaderTests" time="0.083"/>
  <testcase name="testToProperties" classname="griffon.util.ConfigReaderTests" time="0.135"/>
  <testcase name="testNestedConditionaBlocks" classname="griffon.util.ConfigReaderTests" time="0.612"/>
  <testcase name="testScopedPropertiesWithNesting" classname="griffon.util.ConfigReaderTests" time="0.066"/>
  <testcase name="testScopedProperties" classname="griffon.util.ConfigReaderTests" time="0.057"/>
  <testcase name="testCustomConditionalBlocks" classname="griffon.util.ConfigReaderTests" time="0.118"/>
  <testcase name="testTwoSameBlocks" classname="griffon.util.ConfigReaderTests" time="0.087"/>
  <testcase name="testConsecutiveReaderValues" classname="griffon.util.ConfigReaderTests" time="0.082"/>
  <testcase name="testScopedVariableReusage" classname="griffon.util.ConfigReaderTests" time="0.156"/>
  <testcase name="testLog4jConfiguration" classname="griffon.util.ConfigReaderTests" time="0.151"/>
  <testcase name="testSimpleProperties" classname="griffon.util.ConfigReaderTests" time="0.051"/>
  <testcase name="testConditionalOverrides" classname="griffon.util.ConfigReaderTests" time="0.138"/>
  <testcase name="testSerializeConfig" classname="griffon.util.ConfigReaderTests" time="0.168"/>
  <testcase name="testConfigTokensAsStrings" classname="griffon.util.ConfigReaderTests" time="0.039"/>
  <testcase name="testEnvironmentProperties2" classname="griffon.util.ConfigReaderTests" time="0.529"/>
  <testcase name="testConfigReaderNestedValues" classname="griffon.util.ConfigReaderTests" time="0.154"/>
  <testcase name="testEnvironmentSpecificConfig" classname="griffon.util.ConfigReaderTests" time="0.221"/>
  <testcase name="testFlattenConfig" classname="griffon.util.ConfigReaderTests" time="0.128"/>
  <testcase name="testNotProperlyNestedPropertiesArePreserved" classname="griffon.util.ConfigReaderTests" time="0.009"/>
  <testcase name="testConfigInterReferencing" classname="griffon.util.ConfigReaderTests" time="0.071"/>
  <testcase name="testVariableAssignments" classname="griffon.util.ConfigReaderTests" time="0.057"/>
  <testcase name="testConfigBinding" classname="griffon.util.ConfigReaderTests" time="0.029"/>
  <testcase name="testSameElementNestingWithoutDuplication" classname="griffon.util.ConfigReaderTests" time="0.142"/>
  <system-out><![CDATA[]]></system-out>
  <system-err><![CDATA[]]></system-err>
</testsuite>
