<?xml version="1.0" encoding="UTF-8"?>
<testsuite name="griffon.util.BindUtilsTest" tests="3" skipped="0" failures="0" errors="0" timestamp="2017-01-16T09:19:19" hostname="testing-gce-4c618c2c-437c-402b-9bda-43779c2508ed" time="0.083">
  <properties/>
  <testcase name="testNoTargetProperty" classname="griffon.util.BindUtilsTest" time="0.04"/>
  <testcase name="testNoSourceProperty" classname="griffon.util.BindUtilsTest" time="0.01"/>
  <testcase name="testAllOptions" classname="griffon.util.BindUtilsTest" time="0.033"/>
  <system-out><![CDATA[]]></system-out>
  <system-err><![CDATA[Jan 16, 2017 9:19:19 AM groovy.util.FactoryBuilderSupport createNode
WARNING: Factory for name 'bind' returned null
Jan 16, 2017 9:19:19 AM groovy.util.FactoryBuilderSupport createNode
WARNING: Factory for name 'bind' returned null
Jan 16, 2017 9:19:19 AM groovy.util.FactoryBuilderSupport createNode
WARNING: Factory for name 'bind' returned null
]]></system-err>
</testsuite>
