<?xml version="1.0" encoding="UTF-8"?>
<testsuite name="org.codehaus.griffon.runtime.groovy.i18n.DefaultGroovyAwareMessageSourceTest" tests="1" skipped="0" failures="0" errors="0" timestamp="2016-12-06T13:48:40" hostname="testing-gce-88c17399-7e1a-4bbc-b795-695967a3f3cc" time="0.775">
  <properties/>
  <testcase name="testGetAllMessagesByProperties" classname="org.codehaus.griffon.runtime.groovy.i18n.DefaultGroovyAwareMessageSourceTest" time="0.775"/>
  <system-out><![CDATA[]]></system-out>
  <system-err><![CDATA[]]></system-err>
</testsuite>
