<?xml version="1.0" encoding="UTF-8"?>
<testsuite name="griffon.util.ConfigReaderTests" tests="23" skipped="0" failures="0" errors="0" timestamp="2017-03-19T09:40:04" hostname="testing-gce-285b8751-6141-4ab9-a69c-ed70f9132185" time="2.241">
  <properties/>
  <testcase name="testParseProperties" classname="griffon.util.ConfigReaderTests" time="0.107"/>
  <testcase name="testToProperties" classname="griffon.util.ConfigReaderTests" time="0.73"/>
  <testcase name="testNestedConditionaBlocks" classname="griffon.util.ConfigReaderTests" time="0.443"/>
  <testcase name="testScopedPropertiesWithNesting" classname="griffon.util.ConfigReaderTests" time="0.051"/>
  <testcase name="testScopedProperties" classname="griffon.util.ConfigReaderTests" time="0.038"/>
  <testcase name="testCustomConditionalBlocks" classname="griffon.util.ConfigReaderTests" time="0.087"/>
  <testcase name="testTwoSameBlocks" classname="griffon.util.ConfigReaderTests" time="0.055"/>
  <testcase name="testConsecutiveReaderValues" classname="griffon.util.ConfigReaderTests" time="0.039"/>
  <testcase name="testScopedVariableReusage" classname="griffon.util.ConfigReaderTests" time="0.05"/>
  <testcase name="testLog4jConfiguration" classname="griffon.util.ConfigReaderTests" time="0.038"/>
  <testcase name="testSimpleProperties" classname="griffon.util.ConfigReaderTests" time="0.024"/>
  <testcase name="testConditionalOverrides" classname="griffon.util.ConfigReaderTests" time="0.06"/>
  <testcase name="testSerializeConfig" classname="griffon.util.ConfigReaderTests" time="0.1"/>
  <testcase name="testConfigTokensAsStrings" classname="griffon.util.ConfigReaderTests" time="0.042"/>
  <testcase name="testEnvironmentProperties2" classname="griffon.util.ConfigReaderTests" time="0.075"/>
  <testcase name="testConfigReaderNestedValues" classname="griffon.util.ConfigReaderTests" time="0.06"/>
  <testcase name="testEnvironmentSpecificConfig" classname="griffon.util.ConfigReaderTests" time="0.122"/>
  <testcase name="testFlattenConfig" classname="griffon.util.ConfigReaderTests" time="0.026"/>
  <testcase name="testNotProperlyNestedPropertiesArePreserved" classname="griffon.util.ConfigReaderTests" time="0.002"/>
  <testcase name="testConfigInterReferencing" classname="griffon.util.ConfigReaderTests" time="0.028"/>
  <testcase name="testVariableAssignments" classname="griffon.util.ConfigReaderTests" time="0.021"/>
  <testcase name="testConfigBinding" classname="griffon.util.ConfigReaderTests" time="0.01"/>
  <testcase name="testSameElementNestingWithoutDuplication" classname="griffon.util.ConfigReaderTests" time="0.024"/>
  <system-out><![CDATA[]]></system-out>
  <system-err><![CDATA[]]></system-err>
</testsuite>
