<?xml version="1.0" encoding="UTF-8"?>
<testsuite name="griffon.util.BindUtilsTest" tests="3" skipped="0" failures="0" errors="0" timestamp="2017-04-28T07:24:07" hostname="testing-gce-92d646c6-cf51-4dbd-882b-b4558f585f69" time="0.089">
  <properties/>
  <testcase name="testNoTargetProperty" classname="griffon.util.BindUtilsTest" time="0.064"/>
  <testcase name="testNoSourceProperty" classname="griffon.util.BindUtilsTest" time="0.002"/>
  <testcase name="testAllOptions" classname="griffon.util.BindUtilsTest" time="0.023"/>
  <system-out><![CDATA[]]></system-out>
  <system-err><![CDATA[Apr 28, 2017 7:24:07 AM groovy.util.FactoryBuilderSupport createNode
WARNING: Factory for name 'bind' returned null
Apr 28, 2017 7:24:07 AM groovy.util.FactoryBuilderSupport createNode
WARNING: Factory for name 'bind' returned null
Apr 28, 2017 7:24:07 AM groovy.util.FactoryBuilderSupport createNode
WARNING: Factory for name 'bind' returned null
]]></system-err>
</testsuite>
