<?xml version="1.0" encoding="UTF-8"?>
<testsuite name="griffon.util.BindUtilsTest" tests="3" skipped="0" failures="0" errors="0" timestamp="2017-04-28T07:34:28" hostname="testing-gce-bb15f2b8-b6ea-4bfb-8616-2279e2bebb3d" time="0.108">
  <properties/>
  <testcase name="testNoTargetProperty" classname="griffon.util.BindUtilsTest" time="0.075"/>
  <testcase name="testNoSourceProperty" classname="griffon.util.BindUtilsTest" time="0.006"/>
  <testcase name="testAllOptions" classname="griffon.util.BindUtilsTest" time="0.027"/>
  <system-out><![CDATA[]]></system-out>
  <system-err><![CDATA[Apr 28, 2017 7:34:28 AM groovy.util.FactoryBuilderSupport createNode
WARNING: Factory for name 'bind' returned null
Apr 28, 2017 7:34:28 AM groovy.util.FactoryBuilderSupport createNode
WARNING: Factory for name 'bind' returned null
Apr 28, 2017 7:34:28 AM groovy.util.FactoryBuilderSupport createNode
WARNING: Factory for name 'bind' returned null
]]></system-err>
</testsuite>
