<?xml version="1.0" encoding="UTF-8"?>
<testsuite name="griffon.util.BindUtilsTest" tests="3" skipped="0" failures="0" errors="0" timestamp="2017-02-22T11:03:19" hostname="testing-gce-b8b6801a-53e2-4480-af61-c20b9a592141" time="0.061">
  <properties/>
  <testcase name="testNoTargetProperty" classname="griffon.util.BindUtilsTest" time="0.038"/>
  <testcase name="testNoSourceProperty" classname="griffon.util.BindUtilsTest" time="0.003"/>
  <testcase name="testAllOptions" classname="griffon.util.BindUtilsTest" time="0.018"/>
  <system-out><![CDATA[]]></system-out>
  <system-err><![CDATA[Feb 22, 2017 11:03:19 AM groovy.util.FactoryBuilderSupport createNode
WARNING: Factory for name 'bind' returned null
Feb 22, 2017 11:03:19 AM groovy.util.FactoryBuilderSupport createNode
WARNING: Factory for name 'bind' returned null
Feb 22, 2017 11:03:19 AM groovy.util.FactoryBuilderSupport createNode
WARNING: Factory for name 'bind' returned null
]]></system-err>
</testsuite>
