<?xml version="1.0" encoding="UTF-8"?>
<testsuite name="griffon.util.BindUtilsTest" tests="3" skipped="0" failures="0" errors="0" timestamp="2016-11-17T21:56:38" hostname="testing-gce-a500a3b7-3e8b-4697-b127-d17b45a2fbc5" time="0.05">
  <properties/>
  <testcase name="testNoTargetProperty" classname="griffon.util.BindUtilsTest" time="0.034"/>
  <testcase name="testNoSourceProperty" classname="griffon.util.BindUtilsTest" time="0.003"/>
  <testcase name="testAllOptions" classname="griffon.util.BindUtilsTest" time="0.012"/>
  <system-out><![CDATA[]]></system-out>
  <system-err><![CDATA[Nov 17, 2016 9:56:38 PM groovy.util.FactoryBuilderSupport createNode
WARNING: Factory for name 'bind' returned null
Nov 17, 2016 9:56:38 PM groovy.util.FactoryBuilderSupport createNode
WARNING: Factory for name 'bind' returned null
Nov 17, 2016 9:56:38 PM groovy.util.FactoryBuilderSupport createNode
WARNING: Factory for name 'bind' returned null
]]></system-err>
</testsuite>
