<?xml version="1.0" encoding="UTF-8"?>
<testsuite name="griffon.util.BindUtilsTest" tests="3" skipped="0" failures="0" errors="0" timestamp="2017-03-13T20:08:57" hostname="testing-gce-5c6f6730-f713-4b79-bb0b-2c95a726fbf5" time="0.081">
  <properties/>
  <testcase name="testNoTargetProperty" classname="griffon.util.BindUtilsTest" time="0.049"/>
  <testcase name="testNoSourceProperty" classname="griffon.util.BindUtilsTest" time="0.005"/>
  <testcase name="testAllOptions" classname="griffon.util.BindUtilsTest" time="0.026"/>
  <system-out><![CDATA[]]></system-out>
  <system-err><![CDATA[Mar 13, 2017 8:08:57 PM groovy.util.FactoryBuilderSupport createNode
WARNING: Factory for name 'bind' returned null
Mar 13, 2017 8:08:57 PM groovy.util.FactoryBuilderSupport createNode
WARNING: Factory for name 'bind' returned null
Mar 13, 2017 8:08:57 PM groovy.util.FactoryBuilderSupport createNode
WARNING: Factory for name 'bind' returned null
]]></system-err>
</testsuite>
