<?xml version="1.0" encoding="UTF-8"?>
<testsuite name="griffon.util.ConfigReaderTests" tests="23" skipped="0" failures="0" errors="0" timestamp="2016-12-08T10:47:38" hostname="testing-gce-ca57fc1e-ec7c-44b4-8576-00554cba6b12" time="2.717">
  <properties/>
  <testcase name="testParseProperties" classname="griffon.util.ConfigReaderTests" time="0.126"/>
  <testcase name="testToProperties" classname="griffon.util.ConfigReaderTests" time="1.01"/>
  <testcase name="testNestedConditionaBlocks" classname="griffon.util.ConfigReaderTests" time="0.399"/>
  <testcase name="testScopedPropertiesWithNesting" classname="griffon.util.ConfigReaderTests" time="0.036"/>
  <testcase name="testScopedProperties" classname="griffon.util.ConfigReaderTests" time="0.023"/>
  <testcase name="testCustomConditionalBlocks" classname="griffon.util.ConfigReaderTests" time="0.047"/>
  <testcase name="testTwoSameBlocks" classname="griffon.util.ConfigReaderTests" time="0.031"/>
  <testcase name="testConsecutiveReaderValues" classname="griffon.util.ConfigReaderTests" time="0.042"/>
  <testcase name="testScopedVariableReusage" classname="griffon.util.ConfigReaderTests" time="0.092"/>
  <testcase name="testLog4jConfiguration" classname="griffon.util.ConfigReaderTests" time="0.074"/>
  <testcase name="testSimpleProperties" classname="griffon.util.ConfigReaderTests" time="0.032"/>
  <testcase name="testConditionalOverrides" classname="griffon.util.ConfigReaderTests" time="0.084"/>
  <testcase name="testSerializeConfig" classname="griffon.util.ConfigReaderTests" time="0.14"/>
  <testcase name="testConfigTokensAsStrings" classname="griffon.util.ConfigReaderTests" time="0.036"/>
  <testcase name="testEnvironmentProperties2" classname="griffon.util.ConfigReaderTests" time="0.08"/>
  <testcase name="testConfigReaderNestedValues" classname="griffon.util.ConfigReaderTests" time="0.058"/>
  <testcase name="testEnvironmentSpecificConfig" classname="griffon.util.ConfigReaderTests" time="0.153"/>
  <testcase name="testFlattenConfig" classname="griffon.util.ConfigReaderTests" time="0.066"/>
  <testcase name="testNotProperlyNestedPropertiesArePreserved" classname="griffon.util.ConfigReaderTests" time="0.004"/>
  <testcase name="testConfigInterReferencing" classname="griffon.util.ConfigReaderTests" time="0.051"/>
  <testcase name="testVariableAssignments" classname="griffon.util.ConfigReaderTests" time="0.049"/>
  <testcase name="testConfigBinding" classname="griffon.util.ConfigReaderTests" time="0.023"/>
  <testcase name="testSameElementNestingWithoutDuplication" classname="griffon.util.ConfigReaderTests" time="0.035"/>
  <system-out><![CDATA[]]></system-out>
  <system-err><![CDATA[]]></system-err>
</testsuite>
