<?xml version="1.0" encoding="UTF-8"?>
<testsuite name="griffon.util.Xml2GroovySpec" tests="11" skipped="0" failures="0" errors="0" timestamp="2017-05-06T14:14:17" hostname="testing-docker-90b60644-8177-4130-972e-463f2d1984bb" time="0.242">
  <properties/>
  <testcase name="Parse application.xml from file" classname="griffon.util.Xml2GroovySpec" time="0.071"/>
  <testcase name="Parse application.xml from reader" classname="griffon.util.Xml2GroovySpec" time="0.005"/>
  <testcase name="Parse application.xml from inputStream" classname="griffon.util.Xml2GroovySpec" time="0.011"/>
  <testcase name="Parse application.xml from uri" classname="griffon.util.Xml2GroovySpec" time="0.02"/>
  <testcase name="Parse application.xml from gpathResult" classname="griffon.util.Xml2GroovySpec" time="0.003"/>
  <testcase name="Parse application.xml from String" classname="griffon.util.Xml2GroovySpec" time="0.015"/>
  <testcase name="Bad application.xml from file results in error" classname="griffon.util.Xml2GroovySpec" time="0.026"/>
  <testcase name="Bad application.xml from reader results in error" classname="griffon.util.Xml2GroovySpec" time="0.01"/>
  <testcase name="Bad application.xml from inputStream results in error" classname="griffon.util.Xml2GroovySpec" time="0.006"/>
  <testcase name="Bad application.xml from uri results in error" classname="griffon.util.Xml2GroovySpec" time="0.012"/>
  <testcase name="Bad application.xml from string results in error" classname="griffon.util.Xml2GroovySpec" time="0.015"/>
  <system-out><![CDATA[]]></system-out>
  <system-err><![CDATA[[Fatal Error] bad_application.xml:13:35: XML document structures must start and end within the same entity.
[Fatal Error] :13:35: XML document structures must start and end within the same entity.
[Fatal Error] :13:35: XML document structures must start and end within the same entity.
[Fatal Error] bad_application.xml:13:35: XML document structures must start and end within the same entity.
[Fatal Error] :13:35: XML document structures must start and end within the same entity.
]]></system-err>
</testsuite>
