<?xml version="1.0" encoding="UTF-8"?>
<testsuite name="griffon.util.BindUtilsTest" tests="3" skipped="0" failures="0" errors="0" timestamp="2017-03-19T09:40:03" hostname="testing-gce-285b8751-6141-4ab9-a69c-ed70f9132185" time="0.072">
  <properties/>
  <testcase name="testNoTargetProperty" classname="griffon.util.BindUtilsTest" time="0.037"/>
  <testcase name="testNoSourceProperty" classname="griffon.util.BindUtilsTest" time="0.003"/>
  <testcase name="testAllOptions" classname="griffon.util.BindUtilsTest" time="0.032"/>
  <system-out><![CDATA[]]></system-out>
  <system-err><![CDATA[Mar 19, 2017 9:40:03 AM groovy.util.FactoryBuilderSupport createNode
WARNING: Factory for name 'bind' returned null
Mar 19, 2017 9:40:03 AM groovy.util.FactoryBuilderSupport createNode
WARNING: Factory for name 'bind' returned null
Mar 19, 2017 9:40:03 AM groovy.util.FactoryBuilderSupport createNode
WARNING: Factory for name 'bind' returned null
]]></system-err>
</testsuite>
