<?xml version="1.0" encoding="UTF-8"?>
<testsuite name="org.codehaus.griffon.runtime.util.GroovyScriptResourceBundleLoaderSpec" tests="12" skipped="0" failures="0" errors="0" timestamp="2017-04-18T07:09:50" hostname="testing-gce-002cfebe-ce3e-40e2-ac44-84a0ecf46dae" time="0.342">
  <properties/>
  <testcase name="Load bundle org/codehaus/griffon/runtime/util/GroovyClassBundle and check string = string" classname="org.codehaus.griffon.runtime.util.GroovyScriptResourceBundleLoaderSpec" time="0.071"/>
  <testcase name="Load bundle org/codehaus/griffon/runtime/util/GroovyClassBundle and check integer = 42" classname="org.codehaus.griffon.runtime.util.GroovyScriptResourceBundleLoaderSpec" time="0.011"/>
  <testcase name="Load bundle org/codehaus/griffon/runtime/util/GroovyClassBundle and check keys.bar = bar" classname="org.codehaus.griffon.runtime.util.GroovyScriptResourceBundleLoaderSpec" time="0.011"/>
  <testcase name="Load bundle org/codehaus/griffon/runtime/util/GroovyClassBundle and check foo = dev" classname="org.codehaus.griffon.runtime.util.GroovyScriptResourceBundleLoaderSpec" time="0.009"/>
  <testcase name="Load bundle org/codehaus/griffon/runtime/util/JavaClassBundle and check string = string" classname="org.codehaus.griffon.runtime.util.GroovyScriptResourceBundleLoaderSpec" time="0.023"/>
  <testcase name="Load bundle org/codehaus/griffon/runtime/util/JavaClassBundle and check integer = 42" classname="org.codehaus.griffon.runtime.util.GroovyScriptResourceBundleLoaderSpec" time="0.004"/>
  <testcase name="Load bundle org/codehaus/griffon/runtime/util/JavaClassBundle and check keys.bar = bar" classname="org.codehaus.griffon.runtime.util.GroovyScriptResourceBundleLoaderSpec" time="0.004"/>
  <testcase name="Load bundle org/codehaus/griffon/runtime/util/JavaClassBundle and check foo = dev" classname="org.codehaus.griffon.runtime.util.GroovyScriptResourceBundleLoaderSpec" time="0.004"/>
  <testcase name="Load bundle org/codehaus/griffon/runtime/util/GroovyScriptBundle and check string = string" classname="org.codehaus.griffon.runtime.util.GroovyScriptResourceBundleLoaderSpec" time="0.054"/>
  <testcase name="Load bundle org/codehaus/griffon/runtime/util/GroovyScriptBundle and check integer = 42" classname="org.codehaus.griffon.runtime.util.GroovyScriptResourceBundleLoaderSpec" time="0.046"/>
  <testcase name="Load bundle org/codehaus/griffon/runtime/util/GroovyScriptBundle and check keys.bar = bar" classname="org.codehaus.griffon.runtime.util.GroovyScriptResourceBundleLoaderSpec" time="0.047"/>
  <testcase name="Load bundle org/codehaus/griffon/runtime/util/GroovyScriptBundle and check foo = dev" classname="org.codehaus.griffon.runtime.util.GroovyScriptResourceBundleLoaderSpec" time="0.051"/>
  <system-out><![CDATA[[org.codehaus.griffon.runtime.groovy.util.GroovyScriptResourceBundle@61c925b5[org.codehaus.griffon.runtime.util.GroovyClassBundle]]
[string, integer, keys.bar, foo]
[org.codehaus.griffon.runtime.groovy.util.GroovyScriptResourceBundle@322cd3fe[org.codehaus.griffon.runtime.util.GroovyClassBundle]]
[string, integer, keys.bar, foo]
[org.codehaus.griffon.runtime.groovy.util.GroovyScriptResourceBundle@73647d26[org.codehaus.griffon.runtime.util.GroovyClassBundle]]
[string, integer, keys.bar, foo]
[org.codehaus.griffon.runtime.groovy.util.GroovyScriptResourceBundle@4247447a[org.codehaus.griffon.runtime.util.GroovyClassBundle]]
[string, integer, keys.bar, foo]
[griffon.util.ResourceBundleReader$1@4aee2458]
[string, integer, keys.bar, foo]
[griffon.util.ResourceBundleReader$1@58015a3c]
[string, integer, keys.bar, foo]
[griffon.util.ResourceBundleReader$1@63766980]
[string, integer, keys.bar, foo]
[griffon.util.ResourceBundleReader$1@79fa99e8]
[string, integer, keys.bar, foo]
[org.codehaus.griffon.runtime.groovy.util.GroovyScriptResourceBundle@3ab13bcb[file:/home/travis/build/griffon/griffon/subprojects/griffon-groovy/build/resources/test/org/codehaus/griffon/runtime/util/GroovyScriptBundle.groovy]]
[string, integer, keys.bar, foo]
[org.codehaus.griffon.runtime.groovy.util.GroovyScriptResourceBundle@606ed3f4[file:/home/travis/build/griffon/griffon/subprojects/griffon-groovy/build/resources/test/org/codehaus/griffon/runtime/util/GroovyScriptBundle.groovy]]
[string, integer, keys.bar, foo]
[org.codehaus.griffon.runtime.groovy.util.GroovyScriptResourceBundle@684c85de[file:/home/travis/build/griffon/griffon/subprojects/griffon-groovy/build/resources/test/org/codehaus/griffon/runtime/util/GroovyScriptBundle.groovy]]
[string, integer, keys.bar, foo]
[org.codehaus.griffon.runtime.groovy.util.GroovyScriptResourceBundle@176a093[file:/home/travis/build/griffon/griffon/subprojects/griffon-groovy/build/resources/test/org/codehaus/griffon/runtime/util/GroovyScriptBundle.groovy]]
[string, integer, keys.bar, foo]
]]></system-out>
  <system-err><![CDATA[]]></system-err>
</testsuite>
