<?xml version="1.0" encoding="UTF-8"?>
<testsuite name="griffon.util.ConfigReaderTests" tests="23" skipped="0" failures="0" errors="0" timestamp="2016-12-28T19:53:07" hostname="testing-gce-2e4b170c-448d-4fcb-9f72-d211cbd4e202" time="2.616">
  <properties/>
  <testcase name="testParseProperties" classname="griffon.util.ConfigReaderTests" time="0.085"/>
  <testcase name="testToProperties" classname="griffon.util.ConfigReaderTests" time="0.84"/>
  <testcase name="testNestedConditionaBlocks" classname="griffon.util.ConfigReaderTests" time="0.577"/>
  <testcase name="testScopedPropertiesWithNesting" classname="griffon.util.ConfigReaderTests" time="0.059"/>
  <testcase name="testScopedProperties" classname="griffon.util.ConfigReaderTests" time="0.053"/>
  <testcase name="testCustomConditionalBlocks" classname="griffon.util.ConfigReaderTests" time="0.094"/>
  <testcase name="testTwoSameBlocks" classname="griffon.util.ConfigReaderTests" time="0.049"/>
  <testcase name="testConsecutiveReaderValues" classname="griffon.util.ConfigReaderTests" time="0.045"/>
  <testcase name="testScopedVariableReusage" classname="griffon.util.ConfigReaderTests" time="0.075"/>
  <testcase name="testLog4jConfiguration" classname="griffon.util.ConfigReaderTests" time="0.059"/>
  <testcase name="testSimpleProperties" classname="griffon.util.ConfigReaderTests" time="0.024"/>
  <testcase name="testConditionalOverrides" classname="griffon.util.ConfigReaderTests" time="0.051"/>
  <testcase name="testSerializeConfig" classname="griffon.util.ConfigReaderTests" time="0.121"/>
  <testcase name="testConfigTokensAsStrings" classname="griffon.util.ConfigReaderTests" time="0.028"/>
  <testcase name="testEnvironmentProperties2" classname="griffon.util.ConfigReaderTests" time="0.069"/>
  <testcase name="testConfigReaderNestedValues" classname="griffon.util.ConfigReaderTests" time="0.052"/>
  <testcase name="testEnvironmentSpecificConfig" classname="griffon.util.ConfigReaderTests" time="0.134"/>
  <testcase name="testFlattenConfig" classname="griffon.util.ConfigReaderTests" time="0.029"/>
  <testcase name="testNotProperlyNestedPropertiesArePreserved" classname="griffon.util.ConfigReaderTests" time="0.004"/>
  <testcase name="testConfigInterReferencing" classname="griffon.util.ConfigReaderTests" time="0.043"/>
  <testcase name="testVariableAssignments" classname="griffon.util.ConfigReaderTests" time="0.046"/>
  <testcase name="testConfigBinding" classname="griffon.util.ConfigReaderTests" time="0.021"/>
  <testcase name="testSameElementNestingWithoutDuplication" classname="griffon.util.ConfigReaderTests" time="0.039"/>
  <system-out><![CDATA[]]></system-out>
  <system-err><![CDATA[]]></system-err>
</testsuite>
