<?xml version="1.0" encoding="UTF-8"?>
<testsuite name="griffon.util.BindUtilsTest" tests="3" skipped="0" failures="0" errors="0" timestamp="2016-12-12T18:14:06" hostname="testing-gce-b8b33b65-f9aa-43f6-82c8-a8f17f90840a" time="0.052">
  <properties/>
  <testcase name="testNoTargetProperty" classname="griffon.util.BindUtilsTest" time="0.032"/>
  <testcase name="testNoSourceProperty" classname="griffon.util.BindUtilsTest" time="0.002"/>
  <testcase name="testAllOptions" classname="griffon.util.BindUtilsTest" time="0.016"/>
  <system-out><![CDATA[]]></system-out>
  <system-err><![CDATA[Dec 12, 2016 6:14:06 PM groovy.util.FactoryBuilderSupport createNode
WARNING: Factory for name 'bind' returned null
Dec 12, 2016 6:14:06 PM groovy.util.FactoryBuilderSupport createNode
WARNING: Factory for name 'bind' returned null
Dec 12, 2016 6:14:06 PM groovy.util.FactoryBuilderSupport createNode
WARNING: Factory for name 'bind' returned null
]]></system-err>
</testsuite>
