<?xml version="1.0" encoding="UTF-8"?>
<testsuite name="griffon.util.CompositeBuilderTest" tests="7" skipped="0" failures="0" errors="0" timestamp="2016-12-01T10:21:58" hostname="testing-gce-65efd9a5-47b0-4d44-adfe-0451176406f1" time="0.276">
  <properties/>
  <testcase name="testWithTwoBuilderCustomizers" classname="griffon.util.CompositeBuilderTest" time="0.17"/>
  <testcase name="testMethodMissingDelegate_abortedByCustomizer" classname="griffon.util.CompositeBuilderTest" time="0.026"/>
  <testcase name="testMethodMissingDelegate_noDelegate" classname="griffon.util.CompositeBuilderTest" time="0.01"/>
  <testcase name="testMethodMissingDelegate_unhandledByCustomizer" classname="griffon.util.CompositeBuilderTest" time="0.027"/>
  <testcase name="testMethodMissingDelegate_handledByCustomizer" classname="griffon.util.CompositeBuilderTest" time="0.014"/>
  <testcase name="testMethodMissingDelegate" classname="griffon.util.CompositeBuilderTest" time="0.012"/>
  <testcase name="testPropertyMissingDelegate" classname="griffon.util.CompositeBuilderTest" time="0.013"/>
  <system-out><![CDATA[]]></system-out>
  <system-err><![CDATA[Dec 01, 2016 10:21:58 AM groovy.util.FactoryBuilderSupport createNode
WARNING: Could not find match for name 'methodDoesNotExist'
Dec 01, 2016 10:21:58 AM groovy.util.FactoryBuilderSupport createNode
WARNING: Could not find match for name 'someMethod'
Dec 01, 2016 10:21:58 AM groovy.util.FactoryBuilderSupport createNode
WARNING: Could not find match for name 'randomMethod'
Dec 01, 2016 10:21:58 AM groovy.util.FactoryBuilderSupport createNode
WARNING: Could not find match for name 'randomMethod'
Dec 01, 2016 10:21:58 AM groovy.util.FactoryBuilderSupport createNode
WARNING: Could not find match for name 'randomMethod'
Dec 01, 2016 10:21:58 AM groovy.util.FactoryBuilderSupport createNode
WARNING: Could not find match for name 'someOtherMethod'
Dec 01, 2016 10:21:58 AM groovy.util.FactoryBuilderSupport createNode
WARNING: Could not find match for name 'randomMethod'
Dec 01, 2016 10:21:58 AM groovy.util.FactoryBuilderSupport createNode
WARNING: Could not find match for name 'someOtherMethod'
Dec 01, 2016 10:21:58 AM groovy.util.FactoryBuilderSupport createNode
WARNING: Could not find match for name 'randomMethod'
Dec 01, 2016 10:21:58 AM groovy.util.FactoryBuilderSupport createNode
WARNING: Could not find match for name 'someOtherMethod'
]]></system-err>
</testsuite>
