<?xml version="1.0" encoding="UTF-8"?>
<testsuite name="griffon.util.BindUtilsTest" tests="3" skipped="0" failures="0" errors="0" timestamp="2017-04-11T08:38:00" hostname="testing-gce-c87b0d7a-842c-4073-abeb-1a1a45e4e432" time="0.124">
  <properties/>
  <testcase name="testNoTargetProperty" classname="griffon.util.BindUtilsTest" time="0.08"/>
  <testcase name="testNoSourceProperty" classname="griffon.util.BindUtilsTest" time="0.009"/>
  <testcase name="testAllOptions" classname="griffon.util.BindUtilsTest" time="0.035"/>
  <system-out><![CDATA[]]></system-out>
  <system-err><![CDATA[Apr 11, 2017 8:38:00 AM groovy.util.FactoryBuilderSupport createNode
WARNING: Factory for name 'bind' returned null
Apr 11, 2017 8:38:00 AM groovy.util.FactoryBuilderSupport createNode
WARNING: Factory for name 'bind' returned null
Apr 11, 2017 8:38:00 AM groovy.util.FactoryBuilderSupport createNode
WARNING: Factory for name 'bind' returned null
]]></system-err>
</testsuite>
