<?xml version="1.0" encoding="UTF-8"?>
<testsuite name="griffon.util.Xml2GroovySpec" tests="11" skipped="0" failures="0" errors="0" timestamp="2017-04-28T12:50:24" hostname="testing-docker-929acd7b-76bf-4253-9fc4-85722f6f076e" time="0.055">
  <properties/>
  <testcase name="Parse application.xml from file" classname="griffon.util.Xml2GroovySpec" time="0.016"/>
  <testcase name="Parse application.xml from reader" classname="griffon.util.Xml2GroovySpec" time="0.003"/>
  <testcase name="Parse application.xml from inputStream" classname="griffon.util.Xml2GroovySpec" time="0.003"/>
  <testcase name="Parse application.xml from uri" classname="griffon.util.Xml2GroovySpec" time="0.005"/>
  <testcase name="Parse application.xml from gpathResult" classname="griffon.util.Xml2GroovySpec" time="0.002"/>
  <testcase name="Parse application.xml from String" classname="griffon.util.Xml2GroovySpec" time="0.006"/>
  <testcase name="Bad application.xml from file results in error" classname="griffon.util.Xml2GroovySpec" time="0.007"/>
  <testcase name="Bad application.xml from reader results in error" classname="griffon.util.Xml2GroovySpec" time="0.002"/>
  <testcase name="Bad application.xml from inputStream results in error" classname="griffon.util.Xml2GroovySpec" time="0.002"/>
  <testcase name="Bad application.xml from uri results in error" classname="griffon.util.Xml2GroovySpec" time="0.002"/>
  <testcase name="Bad application.xml from string results in error" classname="griffon.util.Xml2GroovySpec" time="0.003"/>
  <system-out><![CDATA[]]></system-out>
  <system-err><![CDATA[[Fatal Error] bad_application.xml:13:35: XML document structures must start and end within the same entity.
[Fatal Error] :13:35: XML document structures must start and end within the same entity.
[Fatal Error] :13:35: XML document structures must start and end within the same entity.
[Fatal Error] bad_application.xml:13:35: XML document structures must start and end within the same entity.
[Fatal Error] :13:35: XML document structures must start and end within the same entity.
]]></system-err>
</testsuite>
