<?xml version="1.0" encoding="UTF-8"?>
<testsuite name="griffon.util.BindUtilsTest" tests="3" skipped="0" failures="0" errors="0" timestamp="2016-12-06T13:48:37" hostname="testing-gce-88c17399-7e1a-4bbc-b795-695967a3f3cc" time="0.077">
  <properties/>
  <testcase name="testNoTargetProperty" classname="griffon.util.BindUtilsTest" time="0.04"/>
  <testcase name="testNoSourceProperty" classname="griffon.util.BindUtilsTest" time="0.006"/>
  <testcase name="testAllOptions" classname="griffon.util.BindUtilsTest" time="0.029"/>
  <system-out><![CDATA[]]></system-out>
  <system-err><![CDATA[Dec 06, 2016 1:48:37 PM groovy.util.FactoryBuilderSupport createNode
WARNING: Factory for name 'bind' returned null
Dec 06, 2016 1:48:37 PM groovy.util.FactoryBuilderSupport createNode
WARNING: Factory for name 'bind' returned null
Dec 06, 2016 1:48:37 PM groovy.util.FactoryBuilderSupport createNode
WARNING: Factory for name 'bind' returned null
]]></system-err>
</testsuite>
