<?xml version="1.0" encoding="UTF-8"?>
<testsuite name="griffon.util.BindUtilsTest" tests="3" skipped="0" failures="0" errors="0" timestamp="2016-12-01T10:05:23" hostname="testing-gce-eaf68bd0-c1b6-4661-a4ef-407d21883631" time="0.073">
  <properties/>
  <testcase name="testNoTargetProperty" classname="griffon.util.BindUtilsTest" time="0.047"/>
  <testcase name="testNoSourceProperty" classname="griffon.util.BindUtilsTest" time="0.006"/>
  <testcase name="testAllOptions" classname="griffon.util.BindUtilsTest" time="0.018"/>
  <system-out><![CDATA[]]></system-out>
  <system-err><![CDATA[Dec 01, 2016 10:05:23 AM groovy.util.FactoryBuilderSupport createNode
WARNING: Factory for name 'bind' returned null
Dec 01, 2016 10:05:23 AM groovy.util.FactoryBuilderSupport createNode
WARNING: Factory for name 'bind' returned null
Dec 01, 2016 10:05:23 AM groovy.util.FactoryBuilderSupport createNode
WARNING: Factory for name 'bind' returned null
]]></system-err>
</testsuite>
