<?xml version="1.0" encoding="UTF-8"?>
<testsuite name="griffon.util.BindUtilsTest" tests="3" skipped="0" failures="0" errors="0" timestamp="2017-04-28T15:59:13" hostname="testing-docker-ea4d5413-61ad-4e77-9778-eb4ed0744b0f" time="0.073">
  <properties/>
  <testcase name="testNoTargetProperty" classname="griffon.util.BindUtilsTest" time="0.064"/>
  <testcase name="testNoSourceProperty" classname="griffon.util.BindUtilsTest" time="0.001"/>
  <testcase name="testAllOptions" classname="griffon.util.BindUtilsTest" time="0.007"/>
  <system-out><![CDATA[]]></system-out>
  <system-err><![CDATA[Apr 28, 2017 3:59:13 PM groovy.util.FactoryBuilderSupport createNode
WARNING: Factory for name 'bind' returned null
Apr 28, 2017 3:59:13 PM groovy.util.FactoryBuilderSupport createNode
WARNING: Factory for name 'bind' returned null
Apr 28, 2017 3:59:13 PM groovy.util.FactoryBuilderSupport createNode
WARNING: Factory for name 'bind' returned null
]]></system-err>
</testsuite>
