<?xml version="1.0" encoding="UTF-8"?>
<testsuite name="org.codehaus.griffon.runtime.util.GroovyScriptResourceBundleSpec" tests="6" skipped="0" failures="0" errors="0" timestamp="2017-02-22T11:03:23" hostname="testing-gce-b8b6801a-53e2-4480-af61-c20b9a592141" time="0.076">
  <properties/>
  <testcase name="Load bundle from class org.codehaus.griffon.runtime.util.GroovyBundle" classname="org.codehaus.griffon.runtime.util.GroovyScriptResourceBundleSpec" time="0.006"/>
  <testcase name="Load bundle from org.codehaus.griffon.runtime.util.GroovyBundle@51a257d2" classname="org.codehaus.griffon.runtime.util.GroovyScriptResourceBundleSpec" time="0.009"/>
  <testcase name="Load bundle from groovy.key = 'groovy'" classname="org.codehaus.griffon.runtime.util.GroovyScriptResourceBundleSpec" time="0.016"/>
  <testcase name="Querying for missing 'bogus' should result in an exception" classname="org.codehaus.griffon.runtime.util.GroovyScriptResourceBundleSpec" time="0.006"/>
  <testcase name="Querying for missing 'doesnt.exist' should result in an exception" classname="org.codehaus.griffon.runtime.util.GroovyScriptResourceBundleSpec" time="0.007"/>
  <testcase name="Verify key order" classname="org.codehaus.griffon.runtime.util.GroovyScriptResourceBundleSpec" time="0.029"/>
  <system-out><![CDATA[]]></system-out>
  <system-err><![CDATA[]]></system-err>
</testsuite>
