<?xml version="1.0" encoding="UTF-8"?>
<testsuite name="griffon.util.BindUtilsTest" tests="3" skipped="0" failures="0" errors="0" timestamp="2016-12-01T10:31:16" hostname="testing-gce-25a07c9d-cae8-4716-a125-946036b08bb3" time="0.052">
  <properties/>
  <testcase name="testNoTargetProperty" classname="griffon.util.BindUtilsTest" time="0.037"/>
  <testcase name="testNoSourceProperty" classname="griffon.util.BindUtilsTest" time="0.003"/>
  <testcase name="testAllOptions" classname="griffon.util.BindUtilsTest" time="0.012"/>
  <system-out><![CDATA[]]></system-out>
  <system-err><![CDATA[Dec 01, 2016 10:31:16 AM groovy.util.FactoryBuilderSupport createNode
WARNING: Factory for name 'bind' returned null
Dec 01, 2016 10:31:16 AM groovy.util.FactoryBuilderSupport createNode
WARNING: Factory for name 'bind' returned null
Dec 01, 2016 10:31:16 AM groovy.util.FactoryBuilderSupport createNode
WARNING: Factory for name 'bind' returned null
]]></system-err>
</testsuite>
