<?xml version="1.0" encoding="UTF-8"?>
<testsuite name="griffon.util.BindUtilsTest" tests="3" skipped="0" failures="0" errors="0" timestamp="2016-12-11T15:50:10" hostname="testing-gce-18adfb53-c7e7-4c64-b9fb-dc55c9634d20" time="0.056">
  <properties/>
  <testcase name="testNoTargetProperty" classname="griffon.util.BindUtilsTest" time="0.035"/>
  <testcase name="testNoSourceProperty" classname="griffon.util.BindUtilsTest" time="0.003"/>
  <testcase name="testAllOptions" classname="griffon.util.BindUtilsTest" time="0.018"/>
  <system-out><![CDATA[]]></system-out>
  <system-err><![CDATA[Dec 11, 2016 3:50:10 PM groovy.util.FactoryBuilderSupport createNode
WARNING: Factory for name 'bind' returned null
Dec 11, 2016 3:50:10 PM groovy.util.FactoryBuilderSupport createNode
WARNING: Factory for name 'bind' returned null
Dec 11, 2016 3:50:10 PM groovy.util.FactoryBuilderSupport createNode
WARNING: Factory for name 'bind' returned null
]]></system-err>
</testsuite>
