<?xml version="1.0" encoding="UTF-8"?>
<testsuite name="griffon.util.BindUtilsTest" tests="3" skipped="0" failures="0" errors="0" timestamp="2017-01-28T06:55:40" hostname="testing-gce-34b544d7-3af4-46d5-bba3-c20da92e4b9d" time="0.051">
  <properties/>
  <testcase name="testNoTargetProperty" classname="griffon.util.BindUtilsTest" time="0.032"/>
  <testcase name="testNoSourceProperty" classname="griffon.util.BindUtilsTest" time="0.002"/>
  <testcase name="testAllOptions" classname="griffon.util.BindUtilsTest" time="0.016"/>
  <system-out><![CDATA[]]></system-out>
  <system-err><![CDATA[Jan 28, 2017 6:55:40 AM groovy.util.FactoryBuilderSupport createNode
WARNING: Factory for name 'bind' returned null
Jan 28, 2017 6:55:40 AM groovy.util.FactoryBuilderSupport createNode
WARNING: Factory for name 'bind' returned null
Jan 28, 2017 6:55:40 AM groovy.util.FactoryBuilderSupport createNode
WARNING: Factory for name 'bind' returned null
]]></system-err>
</testsuite>
