<?xml version="1.0" encoding="UTF-8"?>
<testsuite name="griffon.util.BindUtilsTest" tests="3" skipped="0" failures="0" errors="0" timestamp="2017-04-17T14:55:06" hostname="testing-gce-7bf6deec-e5d4-4766-bf77-6fb58608b635" time="0.087">
  <properties/>
  <testcase name="testNoTargetProperty" classname="griffon.util.BindUtilsTest" time="0.066"/>
  <testcase name="testNoSourceProperty" classname="griffon.util.BindUtilsTest" time="0.003"/>
  <testcase name="testAllOptions" classname="griffon.util.BindUtilsTest" time="0.017"/>
  <system-out><![CDATA[]]></system-out>
  <system-err><![CDATA[Apr 17, 2017 2:55:06 PM groovy.util.FactoryBuilderSupport createNode
WARNING: Factory for name 'bind' returned null
Apr 17, 2017 2:55:06 PM groovy.util.FactoryBuilderSupport createNode
WARNING: Factory for name 'bind' returned null
Apr 17, 2017 2:55:06 PM groovy.util.FactoryBuilderSupport createNode
WARNING: Factory for name 'bind' returned null
]]></system-err>
</testsuite>
