<?xml version="1.0" encoding="UTF-8"?>
<testsuite name="org.codehaus.griffon.runtime.util.GroovyScriptResourceBundleLoaderSpec" tests="12" skipped="0" failures="0" errors="0" timestamp="2017-03-27T07:08:01" hostname="testing-gce-d34322b1-0cd8-46fa-b9ad-ce676731692c" time="0.164">
  <properties/>
  <testcase name="Load bundle org/codehaus/griffon/runtime/util/GroovyClassBundle and check string = string" classname="org.codehaus.griffon.runtime.util.GroovyScriptResourceBundleLoaderSpec" time="0.041"/>
  <testcase name="Load bundle org/codehaus/griffon/runtime/util/GroovyClassBundle and check integer = 42" classname="org.codehaus.griffon.runtime.util.GroovyScriptResourceBundleLoaderSpec" time="0.005"/>
  <testcase name="Load bundle org/codehaus/griffon/runtime/util/GroovyClassBundle and check keys.bar = bar" classname="org.codehaus.griffon.runtime.util.GroovyScriptResourceBundleLoaderSpec" time="0.004"/>
  <testcase name="Load bundle org/codehaus/griffon/runtime/util/GroovyClassBundle and check foo = dev" classname="org.codehaus.griffon.runtime.util.GroovyScriptResourceBundleLoaderSpec" time="0.004"/>
  <testcase name="Load bundle org/codehaus/griffon/runtime/util/JavaClassBundle and check string = string" classname="org.codehaus.griffon.runtime.util.GroovyScriptResourceBundleLoaderSpec" time="0.006"/>
  <testcase name="Load bundle org/codehaus/griffon/runtime/util/JavaClassBundle and check integer = 42" classname="org.codehaus.griffon.runtime.util.GroovyScriptResourceBundleLoaderSpec" time="0.001"/>
  <testcase name="Load bundle org/codehaus/griffon/runtime/util/JavaClassBundle and check keys.bar = bar" classname="org.codehaus.griffon.runtime.util.GroovyScriptResourceBundleLoaderSpec" time="0.001"/>
  <testcase name="Load bundle org/codehaus/griffon/runtime/util/JavaClassBundle and check foo = dev" classname="org.codehaus.griffon.runtime.util.GroovyScriptResourceBundleLoaderSpec" time="0.001"/>
  <testcase name="Load bundle org/codehaus/griffon/runtime/util/GroovyScriptBundle and check string = string" classname="org.codehaus.griffon.runtime.util.GroovyScriptResourceBundleLoaderSpec" time="0.024"/>
  <testcase name="Load bundle org/codehaus/griffon/runtime/util/GroovyScriptBundle and check integer = 42" classname="org.codehaus.griffon.runtime.util.GroovyScriptResourceBundleLoaderSpec" time="0.025"/>
  <testcase name="Load bundle org/codehaus/griffon/runtime/util/GroovyScriptBundle and check keys.bar = bar" classname="org.codehaus.griffon.runtime.util.GroovyScriptResourceBundleLoaderSpec" time="0.023"/>
  <testcase name="Load bundle org/codehaus/griffon/runtime/util/GroovyScriptBundle and check foo = dev" classname="org.codehaus.griffon.runtime.util.GroovyScriptResourceBundleLoaderSpec" time="0.022"/>
  <system-out><![CDATA[[org.codehaus.griffon.runtime.groovy.util.GroovyScriptResourceBundle@41c600eb[org.codehaus.griffon.runtime.util.GroovyClassBundle]]
[string, integer, keys.bar, foo]
[org.codehaus.griffon.runtime.groovy.util.GroovyScriptResourceBundle@25453620[org.codehaus.griffon.runtime.util.GroovyClassBundle]]
[string, integer, keys.bar, foo]
[org.codehaus.griffon.runtime.groovy.util.GroovyScriptResourceBundle@6a53c351[org.codehaus.griffon.runtime.util.GroovyClassBundle]]
[string, integer, keys.bar, foo]
[org.codehaus.griffon.runtime.groovy.util.GroovyScriptResourceBundle@429d9c4a[org.codehaus.griffon.runtime.util.GroovyClassBundle]]
[string, integer, keys.bar, foo]
[griffon.util.ResourceBundleReader$1@22e7ff37]
[string, integer, keys.bar, foo]
[griffon.util.ResourceBundleReader$1@1d26ffa4]
[string, integer, keys.bar, foo]
[griffon.util.ResourceBundleReader$1@25b570]
[string, integer, keys.bar, foo]
[griffon.util.ResourceBundleReader$1@6cb65a1e]
[string, integer, keys.bar, foo]
[org.codehaus.griffon.runtime.groovy.util.GroovyScriptResourceBundle@2e9a6a2a[file:/home/travis/build/griffon/griffon/subprojects/griffon-groovy/build/resources/test/org/codehaus/griffon/runtime/util/GroovyScriptBundle.groovy]]
[string, integer, keys.bar, foo]
[org.codehaus.griffon.runtime.groovy.util.GroovyScriptResourceBundle@2ffaac31[file:/home/travis/build/griffon/griffon/subprojects/griffon-groovy/build/resources/test/org/codehaus/griffon/runtime/util/GroovyScriptBundle.groovy]]
[string, integer, keys.bar, foo]
[org.codehaus.griffon.runtime.groovy.util.GroovyScriptResourceBundle@43b9c1d0[file:/home/travis/build/griffon/griffon/subprojects/griffon-groovy/build/resources/test/org/codehaus/griffon/runtime/util/GroovyScriptBundle.groovy]]
[string, integer, keys.bar, foo]
[org.codehaus.griffon.runtime.groovy.util.GroovyScriptResourceBundle@75f8d67[file:/home/travis/build/griffon/griffon/subprojects/griffon-groovy/build/resources/test/org/codehaus/griffon/runtime/util/GroovyScriptBundle.groovy]]
[string, integer, keys.bar, foo]
]]></system-out>
  <system-err><![CDATA[]]></system-err>
</testsuite>
