<?xml version="1.0" encoding="UTF-8"?>
<testsuite name="org.codehaus.griffon.runtime.util.GroovyScriptResourceBundleLoaderSpec" tests="12" skipped="0" failures="0" errors="0" timestamp="2017-03-29T07:31:05" hostname="testing-gce-66c09752-be5b-4dc1-8b4c-7bf7aedc91bc" time="0.309">
  <properties/>
  <testcase name="Load bundle org/codehaus/griffon/runtime/util/GroovyClassBundle and check string = string" classname="org.codehaus.griffon.runtime.util.GroovyScriptResourceBundleLoaderSpec" time="0.069"/>
  <testcase name="Load bundle org/codehaus/griffon/runtime/util/GroovyClassBundle and check integer = 42" classname="org.codehaus.griffon.runtime.util.GroovyScriptResourceBundleLoaderSpec" time="0.01"/>
  <testcase name="Load bundle org/codehaus/griffon/runtime/util/GroovyClassBundle and check keys.bar = bar" classname="org.codehaus.griffon.runtime.util.GroovyScriptResourceBundleLoaderSpec" time="0.01"/>
  <testcase name="Load bundle org/codehaus/griffon/runtime/util/GroovyClassBundle and check foo = dev" classname="org.codehaus.griffon.runtime.util.GroovyScriptResourceBundleLoaderSpec" time="0.008"/>
  <testcase name="Load bundle org/codehaus/griffon/runtime/util/JavaClassBundle and check string = string" classname="org.codehaus.griffon.runtime.util.GroovyScriptResourceBundleLoaderSpec" time="0.018"/>
  <testcase name="Load bundle org/codehaus/griffon/runtime/util/JavaClassBundle and check integer = 42" classname="org.codehaus.griffon.runtime.util.GroovyScriptResourceBundleLoaderSpec" time="0.003"/>
  <testcase name="Load bundle org/codehaus/griffon/runtime/util/JavaClassBundle and check keys.bar = bar" classname="org.codehaus.griffon.runtime.util.GroovyScriptResourceBundleLoaderSpec" time="0.002"/>
  <testcase name="Load bundle org/codehaus/griffon/runtime/util/JavaClassBundle and check foo = dev" classname="org.codehaus.griffon.runtime.util.GroovyScriptResourceBundleLoaderSpec" time="0.002"/>
  <testcase name="Load bundle org/codehaus/griffon/runtime/util/GroovyScriptBundle and check string = string" classname="org.codehaus.griffon.runtime.util.GroovyScriptResourceBundleLoaderSpec" time="0.044"/>
  <testcase name="Load bundle org/codehaus/griffon/runtime/util/GroovyScriptBundle and check integer = 42" classname="org.codehaus.griffon.runtime.util.GroovyScriptResourceBundleLoaderSpec" time="0.039"/>
  <testcase name="Load bundle org/codehaus/griffon/runtime/util/GroovyScriptBundle and check keys.bar = bar" classname="org.codehaus.griffon.runtime.util.GroovyScriptResourceBundleLoaderSpec" time="0.044"/>
  <testcase name="Load bundle org/codehaus/griffon/runtime/util/GroovyScriptBundle and check foo = dev" classname="org.codehaus.griffon.runtime.util.GroovyScriptResourceBundleLoaderSpec" time="0.05"/>
  <system-out><![CDATA[[org.codehaus.griffon.runtime.groovy.util.GroovyScriptResourceBundle@33eb5598[org.codehaus.griffon.runtime.util.GroovyClassBundle]]
[string, integer, keys.bar, foo]
[org.codehaus.griffon.runtime.groovy.util.GroovyScriptResourceBundle@679bd5cf[org.codehaus.griffon.runtime.util.GroovyClassBundle]]
[string, integer, keys.bar, foo]
[org.codehaus.griffon.runtime.groovy.util.GroovyScriptResourceBundle@340e96cf[org.codehaus.griffon.runtime.util.GroovyClassBundle]]
[string, integer, keys.bar, foo]
[org.codehaus.griffon.runtime.groovy.util.GroovyScriptResourceBundle@758b9845[org.codehaus.griffon.runtime.util.GroovyClassBundle]]
[string, integer, keys.bar, foo]
[griffon.util.ResourceBundleReader$1@4c173fdb]
[string, integer, keys.bar, foo]
[griffon.util.ResourceBundleReader$1@7ef94bb0]
[string, integer, keys.bar, foo]
[griffon.util.ResourceBundleReader$1@be55a53]
[string, integer, keys.bar, foo]
[griffon.util.ResourceBundleReader$1@6bbf6463]
[string, integer, keys.bar, foo]
[org.codehaus.griffon.runtime.groovy.util.GroovyScriptResourceBundle@4c72183b[file:/home/travis/build/griffon/griffon/subprojects/griffon-groovy/build/resources/test/org/codehaus/griffon/runtime/util/GroovyScriptBundle.groovy]]
[string, integer, keys.bar, foo]
[org.codehaus.griffon.runtime.groovy.util.GroovyScriptResourceBundle@7e088c12[file:/home/travis/build/griffon/griffon/subprojects/griffon-groovy/build/resources/test/org/codehaus/griffon/runtime/util/GroovyScriptBundle.groovy]]
[string, integer, keys.bar, foo]
[org.codehaus.griffon.runtime.groovy.util.GroovyScriptResourceBundle@4c88287a[file:/home/travis/build/griffon/griffon/subprojects/griffon-groovy/build/resources/test/org/codehaus/griffon/runtime/util/GroovyScriptBundle.groovy]]
[string, integer, keys.bar, foo]
[org.codehaus.griffon.runtime.groovy.util.GroovyScriptResourceBundle@5d041e6[file:/home/travis/build/griffon/griffon/subprojects/griffon-groovy/build/resources/test/org/codehaus/griffon/runtime/util/GroovyScriptBundle.groovy]]
[string, integer, keys.bar, foo]
]]></system-out>
  <system-err><![CDATA[]]></system-err>
</testsuite>
