<?xml version="1.0" encoding="UTF-8"?>
<testsuite name="griffon.util.ConfigReaderTests" tests="23" skipped="0" failures="0" errors="0" timestamp="2017-03-13T20:05:06" hostname="testing-gce-b8b399cf-2944-40b7-9ac2-ba08b6394ae0" time="2.668">
  <properties/>
  <testcase name="testParseProperties" classname="griffon.util.ConfigReaderTests" time="0.116"/>
  <testcase name="testToProperties" classname="griffon.util.ConfigReaderTests" time="0.989"/>
  <testcase name="testNestedConditionaBlocks" classname="griffon.util.ConfigReaderTests" time="0.475"/>
  <testcase name="testScopedPropertiesWithNesting" classname="griffon.util.ConfigReaderTests" time="0.042"/>
  <testcase name="testScopedProperties" classname="griffon.util.ConfigReaderTests" time="0.042"/>
  <testcase name="testCustomConditionalBlocks" classname="griffon.util.ConfigReaderTests" time="0.075"/>
  <testcase name="testTwoSameBlocks" classname="griffon.util.ConfigReaderTests" time="0.03"/>
  <testcase name="testConsecutiveReaderValues" classname="griffon.util.ConfigReaderTests" time="0.027"/>
  <testcase name="testScopedVariableReusage" classname="griffon.util.ConfigReaderTests" time="0.071"/>
  <testcase name="testLog4jConfiguration" classname="griffon.util.ConfigReaderTests" time="0.066"/>
  <testcase name="testSimpleProperties" classname="griffon.util.ConfigReaderTests" time="0.033"/>
  <testcase name="testConditionalOverrides" classname="griffon.util.ConfigReaderTests" time="0.086"/>
  <testcase name="testSerializeConfig" classname="griffon.util.ConfigReaderTests" time="0.096"/>
  <testcase name="testConfigTokensAsStrings" classname="griffon.util.ConfigReaderTests" time="0.03"/>
  <testcase name="testEnvironmentProperties2" classname="griffon.util.ConfigReaderTests" time="0.055"/>
  <testcase name="testConfigReaderNestedValues" classname="griffon.util.ConfigReaderTests" time="0.053"/>
  <testcase name="testEnvironmentSpecificConfig" classname="griffon.util.ConfigReaderTests" time="0.129"/>
  <testcase name="testFlattenConfig" classname="griffon.util.ConfigReaderTests" time="0.059"/>
  <testcase name="testNotProperlyNestedPropertiesArePreserved" classname="griffon.util.ConfigReaderTests" time="0.004"/>
  <testcase name="testConfigInterReferencing" classname="griffon.util.ConfigReaderTests" time="0.053"/>
  <testcase name="testVariableAssignments" classname="griffon.util.ConfigReaderTests" time="0.056"/>
  <testcase name="testConfigBinding" classname="griffon.util.ConfigReaderTests" time="0.018"/>
  <testcase name="testSameElementNestingWithoutDuplication" classname="griffon.util.ConfigReaderTests" time="0.048"/>
  <system-out><![CDATA[]]></system-out>
  <system-err><![CDATA[]]></system-err>
</testsuite>
