<?xml version="1.0" encoding="UTF-8"?>
<testsuite name="griffon.util.BindUtilsTest" tests="3" skipped="0" failures="0" errors="0" timestamp="2017-02-11T08:57:41" hostname="testing-gce-27845af9-feac-4362-84ac-35f334160d45" time="0.074">
  <properties/>
  <testcase name="testNoTargetProperty" classname="griffon.util.BindUtilsTest" time="0.04"/>
  <testcase name="testNoSourceProperty" classname="griffon.util.BindUtilsTest" time="0.006"/>
  <testcase name="testAllOptions" classname="griffon.util.BindUtilsTest" time="0.028"/>
  <system-out><![CDATA[]]></system-out>
  <system-err><![CDATA[Feb 11, 2017 8:57:41 AM groovy.util.FactoryBuilderSupport createNode
WARNING: Factory for name 'bind' returned null
Feb 11, 2017 8:57:41 AM groovy.util.FactoryBuilderSupport createNode
WARNING: Factory for name 'bind' returned null
Feb 11, 2017 8:57:41 AM groovy.util.FactoryBuilderSupport createNode
WARNING: Factory for name 'bind' returned null
]]></system-err>
</testsuite>
