<?xml version="1.0" encoding="UTF-8"?>
<testsuite name="griffon.util.BindUtilsTest" tests="3" skipped="0" failures="0" errors="0" timestamp="2016-12-26T17:57:44" hostname="testing-gce-c7073926-9797-4451-aa22-4ee5ff1af0c2" time="0.114">
  <properties/>
  <testcase name="testNoTargetProperty" classname="griffon.util.BindUtilsTest" time="0.077"/>
  <testcase name="testNoSourceProperty" classname="griffon.util.BindUtilsTest" time="0.008"/>
  <testcase name="testAllOptions" classname="griffon.util.BindUtilsTest" time="0.029"/>
  <system-out><![CDATA[]]></system-out>
  <system-err><![CDATA[Dec 26, 2016 5:57:44 PM groovy.util.FactoryBuilderSupport createNode
WARNING: Factory for name 'bind' returned null
Dec 26, 2016 5:57:44 PM groovy.util.FactoryBuilderSupport createNode
WARNING: Factory for name 'bind' returned null
Dec 26, 2016 5:57:44 PM groovy.util.FactoryBuilderSupport createNode
WARNING: Factory for name 'bind' returned null
]]></system-err>
</testsuite>
