<?xml version="1.0" encoding="UTF-8"?>
<testsuite name="griffon.util.BindUtilsTest" tests="3" skipped="0" failures="0" errors="0" timestamp="2016-12-12T17:10:39" hostname="testing-gce-4786cd4f-7658-4bd4-ae1d-55546974e6b0" time="0.07">
  <properties/>
  <testcase name="testNoTargetProperty" classname="griffon.util.BindUtilsTest" time="0.041"/>
  <testcase name="testNoSourceProperty" classname="griffon.util.BindUtilsTest" time="0.003"/>
  <testcase name="testAllOptions" classname="griffon.util.BindUtilsTest" time="0.026"/>
  <system-out><![CDATA[]]></system-out>
  <system-err><![CDATA[Dec 12, 2016 5:10:39 PM groovy.util.FactoryBuilderSupport createNode
WARNING: Factory for name 'bind' returned null
Dec 12, 2016 5:10:39 PM groovy.util.FactoryBuilderSupport createNode
WARNING: Factory for name 'bind' returned null
Dec 12, 2016 5:10:39 PM groovy.util.FactoryBuilderSupport createNode
WARNING: Factory for name 'bind' returned null
]]></system-err>
</testsuite>
