<?xml version="1.0" encoding="UTF-8"?>
<testsuite name="griffon.swing.editors.BufferedImagePropertyEditorSpec" tests="14" skipped="0" failures="0" errors="0" timestamp="2016-12-02T17:45:16" hostname="testing-gce-f9e98b43-93c9-42c8-afdb-eab9b83f6b2a" time="0.024">
  <properties/>
  <testcase name="BufferedImage format 'null' should be equal to null" classname="griffon.swing.editors.BufferedImagePropertyEditorSpec" time="0.008"/>
  <testcase name="BufferedImage format '' should be equal to null" classname="griffon.swing.editors.BufferedImagePropertyEditorSpec" time="0.0"/>
  <testcase name="BufferedImage format ' ' should be equal to null" classname="griffon.swing.editors.BufferedImagePropertyEditorSpec" time="0.0"/>
  <testcase name="Invalid image format 'garbage'" classname="griffon.swing.editors.BufferedImagePropertyEditorSpec" time="0.001"/>
  <testcase name="Invalid image format '[]'" classname="griffon.swing.editors.BufferedImagePropertyEditorSpec" time="0.001"/>
  <testcase name="Invalid image format '[1]'" classname="griffon.swing.editors.BufferedImagePropertyEditorSpec" time="0.0"/>
  <testcase name="Invalid image format '[1, 2]'" classname="griffon.swing.editors.BufferedImagePropertyEditorSpec" time="0.0"/>
  <testcase name="Invalid image format '[1, 2, 3, 4, 5]'" classname="griffon.swing.editors.BufferedImagePropertyEditorSpec" time="0.0"/>
  <testcase name="Invalid image format '[java.lang.Object@6bc0dc13]'" classname="griffon.swing.editors.BufferedImagePropertyEditorSpec" time="0.0"/>
  <testcase name="Invalid image format 'F00'" classname="griffon.swing.editors.BufferedImagePropertyEditorSpec" time="0.001"/>
  <testcase name="Invalid image format '#F0'" classname="griffon.swing.editors.BufferedImagePropertyEditorSpec" time="0.0"/>
  <testcase name="Invalid image format '#FF0000FF00'" classname="griffon.swing.editors.BufferedImagePropertyEditorSpec" time="0.0"/>
  <testcase name="Invalid image format '[HH, FF, 00]'" classname="griffon.swing.editors.BufferedImagePropertyEditorSpec" time="0.0"/>
  <testcase name="Invalid image format 'java.lang.Object@70f37a36'" classname="griffon.swing.editors.BufferedImagePropertyEditorSpec" time="0.001"/>
  <system-out><![CDATA[]]></system-out>
  <system-err><![CDATA[]]></system-err>
</testsuite>
