<?xml version="1.0" encoding="UTF-8"?>
<testsuite name="griffon.swing.editors.GradientPaintPropertyEditorSpec" tests="23" skipped="0" failures="0" errors="0" timestamp="2017-02-22T11:04:54" hostname="testing-gce-b8b6801a-53e2-4480-af61-c20b9a592141" time="0.126">
  <properties/>
  <testcase name="GradientPaint format 'null' is supported" classname="griffon.swing.editors.GradientPaintPropertyEditorSpec" time="0.055"/>
  <testcase name="GradientPaint format '' is supported" classname="griffon.swing.editors.GradientPaintPropertyEditorSpec" time="0.0"/>
  <testcase name="GradientPaint format ' ' is supported" classname="griffon.swing.editors.GradientPaintPropertyEditorSpec" time="0.0"/>
  <testcase name="GradientPaint format '[]' is supported" classname="griffon.swing.editors.GradientPaintPropertyEditorSpec" time="0.0"/>
  <testcase name="GradientPaint format '[:]' is supported" classname="griffon.swing.editors.GradientPaintPropertyEditorSpec" time="0.001"/>
  <testcase name="GradientPaint format '0,0,BLACK,1,1,WHITE' is supported" classname="griffon.swing.editors.GradientPaintPropertyEditorSpec" time="0.024"/>
  <testcase name="GradientPaint format '[0, 0, java.awt.Color[r=0,g=0,b=0], 1, 1, java.awt.Color[r=255,g=255,b=255]]' is supported" classname="griffon.swing.editors.GradientPaintPropertyEditorSpec" time="0.0"/>
  <testcase name="GradientPaint format '[0, 0, BLACK, 1, 1, WHITE]' is supported" classname="griffon.swing.editors.GradientPaintPropertyEditorSpec" time="0.0"/>
  <testcase name="GradientPaint format '[x1:0, y1:0, c1:java.awt.Color[r=0,g=0,b=0], x2:1, y2:1, c2:java.awt.Color[r=255,g=255,b=255]]' is supported" classname="griffon.swing.editors.GradientPaintPropertyEditorSpec" time="0.0"/>
  <testcase name="GradientPaint format '[x1:0, y1:0, c1:BLACK, x2:1, y2:1, c2:WHITE]' is supported" classname="griffon.swing.editors.GradientPaintPropertyEditorSpec" time="0.0"/>
  <testcase name="GradientPaint format '0, 0 | 1, 1 | BLACK, WHITE' is supported" classname="griffon.swing.editors.GradientPaintPropertyEditorSpec" time="0.0"/>
  <testcase name="GradientPaint format 'java.awt.GradientPaint@d907a59' is supported" classname="griffon.swing.editors.GradientPaintPropertyEditorSpec" time="0.0"/>
  <testcase name="Invalid gradientPaint format 'garbage'" classname="griffon.swing.editors.GradientPaintPropertyEditorSpec" time="0.008"/>
  <testcase name="Invalid gradientPaint format '1, 2, 3'" classname="griffon.swing.editors.GradientPaintPropertyEditorSpec" time="0.0"/>
  <testcase name="Invalid gradientPaint format '1, 2, 3, 4, 5'" classname="griffon.swing.editors.GradientPaintPropertyEditorSpec" time="0.001"/>
  <testcase name="Invalid gradientPaint format '[1, 2, 3]'" classname="griffon.swing.editors.GradientPaintPropertyEditorSpec" time="0.001"/>
  <testcase name="Invalid gradientPaint format '[1, 2, 3, 4, 5]'" classname="griffon.swing.editors.GradientPaintPropertyEditorSpec" time="0.0"/>
  <testcase name="Invalid gradientPaint format '[java.lang.Object@91153fe]'" classname="griffon.swing.editors.GradientPaintPropertyEditorSpec" time="0.001"/>
  <testcase name="Invalid gradientPaint format '[x1:java.lang.Object@23acdf49]'" classname="griffon.swing.editors.GradientPaintPropertyEditorSpec" time="0.0"/>
  <testcase name="Invalid gradientPaint format '[x1:a]'" classname="griffon.swing.editors.GradientPaintPropertyEditorSpec" time="0.001"/>
  <testcase name="Invalid gradientPaint format 'java.lang.Object@6086864c'" classname="griffon.swing.editors.GradientPaintPropertyEditorSpec" time="0.001"/>
  <testcase name="Formatted gradient paint 'null'" classname="griffon.swing.editors.GradientPaintPropertyEditorSpec" time="0.001"/>
  <testcase name="Formatted gradient paint '0.0, 0.0, #000000, 1.0, 1.0, #ffffff, false'" classname="griffon.swing.editors.GradientPaintPropertyEditorSpec" time="0.001"/>
  <system-out><![CDATA[]]></system-out>
  <system-err><![CDATA[]]></system-err>
</testsuite>
