<?xml version="1.0" encoding="UTF-8"?>
<testsuite name="griffon.swing.editors.GradientPaintPropertyEditorSpec" tests="23" skipped="0" failures="0" errors="0" timestamp="2017-02-18T21:17:27" hostname="testing-gce-704079ce-e776-4318-b76f-d885ae48fb5e" time="0.107">
  <properties/>
  <testcase name="GradientPaint format 'null' is supported" classname="griffon.swing.editors.GradientPaintPropertyEditorSpec" time="0.045"/>
  <testcase name="GradientPaint format '' is supported" classname="griffon.swing.editors.GradientPaintPropertyEditorSpec" time="0.0"/>
  <testcase name="GradientPaint format ' ' is supported" classname="griffon.swing.editors.GradientPaintPropertyEditorSpec" time="0.003"/>
  <testcase name="GradientPaint format '[]' is supported" classname="griffon.swing.editors.GradientPaintPropertyEditorSpec" time="0.0"/>
  <testcase name="GradientPaint format '[:]' is supported" classname="griffon.swing.editors.GradientPaintPropertyEditorSpec" time="0.0"/>
  <testcase name="GradientPaint format '0,0,BLACK,1,1,WHITE' is supported" classname="griffon.swing.editors.GradientPaintPropertyEditorSpec" time="0.018"/>
  <testcase name="GradientPaint format '[0, 0, java.awt.Color[r=0,g=0,b=0], 1, 1, java.awt.Color[r=255,g=255,b=255]]' is supported" classname="griffon.swing.editors.GradientPaintPropertyEditorSpec" time="0.001"/>
  <testcase name="GradientPaint format '[0, 0, BLACK, 1, 1, WHITE]' is supported" classname="griffon.swing.editors.GradientPaintPropertyEditorSpec" time="0.001"/>
  <testcase name="GradientPaint format '[x1:0, y1:0, c1:java.awt.Color[r=0,g=0,b=0], x2:1, y2:1, c2:java.awt.Color[r=255,g=255,b=255]]' is supported" classname="griffon.swing.editors.GradientPaintPropertyEditorSpec" time="0.0"/>
  <testcase name="GradientPaint format '[x1:0, y1:0, c1:BLACK, x2:1, y2:1, c2:WHITE]' is supported" classname="griffon.swing.editors.GradientPaintPropertyEditorSpec" time="0.001"/>
  <testcase name="GradientPaint format '0, 0 | 1, 1 | BLACK, WHITE' is supported" classname="griffon.swing.editors.GradientPaintPropertyEditorSpec" time="0.001"/>
  <testcase name="GradientPaint format 'java.awt.GradientPaint@7e70a193' is supported" classname="griffon.swing.editors.GradientPaintPropertyEditorSpec" time="0.001"/>
  <testcase name="Invalid gradientPaint format 'garbage'" classname="griffon.swing.editors.GradientPaintPropertyEditorSpec" time="0.001"/>
  <testcase name="Invalid gradientPaint format '1, 2, 3'" classname="griffon.swing.editors.GradientPaintPropertyEditorSpec" time="0.0"/>
  <testcase name="Invalid gradientPaint format '1, 2, 3, 4, 5'" classname="griffon.swing.editors.GradientPaintPropertyEditorSpec" time="0.002"/>
  <testcase name="Invalid gradientPaint format '[1, 2, 3]'" classname="griffon.swing.editors.GradientPaintPropertyEditorSpec" time="0.003"/>
  <testcase name="Invalid gradientPaint format '[1, 2, 3, 4, 5]'" classname="griffon.swing.editors.GradientPaintPropertyEditorSpec" time="0.001"/>
  <testcase name="Invalid gradientPaint format '[java.lang.Object@48cef5d9]'" classname="griffon.swing.editors.GradientPaintPropertyEditorSpec" time="0.001"/>
  <testcase name="Invalid gradientPaint format '[x1:java.lang.Object@5edf74f9]'" classname="griffon.swing.editors.GradientPaintPropertyEditorSpec" time="0.0"/>
  <testcase name="Invalid gradientPaint format '[x1:a]'" classname="griffon.swing.editors.GradientPaintPropertyEditorSpec" time="0.0"/>
  <testcase name="Invalid gradientPaint format 'java.lang.Object@9c6cfbf'" classname="griffon.swing.editors.GradientPaintPropertyEditorSpec" time="0.0"/>
  <testcase name="Formatted gradient paint 'null'" classname="griffon.swing.editors.GradientPaintPropertyEditorSpec" time="0.002"/>
  <testcase name="Formatted gradient paint '0.0, 0.0, #000000, 1.0, 1.0, #ffffff, false'" classname="griffon.swing.editors.GradientPaintPropertyEditorSpec" time="0.002"/>
  <system-out><![CDATA[]]></system-out>
  <system-err><![CDATA[]]></system-err>
</testsuite>
