<?xml version="1.0" encoding="UTF-8"?>
<testsuite name="griffon.swing.editors.Rectangle2DPropertyEditorSpec" tests="30" skipped="0" failures="0" errors="0" timestamp="2016-11-30T10:29:03" hostname="testing-gce-9cd93739-2c6e-4dd0-ae61-7a6d878d61a2" time="0.025">
  <properties/>
  <testcase name="Rectangle2D format 'null' should be equal to #Error:rectangle" classname="griffon.swing.editors.Rectangle2DPropertyEditorSpec" time="0.004"/>
  <testcase name="Rectangle2D format '' should be equal to #Error:rectangle" classname="griffon.swing.editors.Rectangle2DPropertyEditorSpec" time="0.0"/>
  <testcase name="Rectangle2D format ' ' should be equal to #Error:rectangle" classname="griffon.swing.editors.Rectangle2DPropertyEditorSpec" time="0.0"/>
  <testcase name="Rectangle2D format '[]' should be equal to #Error:rectangle" classname="griffon.swing.editors.Rectangle2DPropertyEditorSpec" time="0.0"/>
  <testcase name="Rectangle2D format '[:]' should be equal to #Error:rectangle" classname="griffon.swing.editors.Rectangle2DPropertyEditorSpec" time="0.001"/>
  <testcase name="Rectangle2D format '10,20,30,40' should be equal to #Error:rectangle" classname="griffon.swing.editors.Rectangle2DPropertyEditorSpec" time="0.001"/>
  <testcase name="Rectangle2D format '10, 20, 30, 40' should be equal to #Error:rectangle" classname="griffon.swing.editors.Rectangle2DPropertyEditorSpec" time="0.001"/>
  <testcase name="Rectangle2D format ' 10, 20, 30, 40' should be equal to #Error:rectangle" classname="griffon.swing.editors.Rectangle2DPropertyEditorSpec" time="0.0"/>
  <testcase name="Rectangle2D format ' 10, 20, 30, 40 ' should be equal to #Error:rectangle" classname="griffon.swing.editors.Rectangle2DPropertyEditorSpec" time="0.0"/>
  <testcase name="Rectangle2D format '[10, 20, 30, 40]' should be equal to #Error:rectangle" classname="griffon.swing.editors.Rectangle2DPropertyEditorSpec" time="0.001"/>
  <testcase name="Rectangle2D format '[10, 20, 30, 40]' should be equal to #Error:rectangle" classname="griffon.swing.editors.Rectangle2DPropertyEditorSpec" time="0.0"/>
  <testcase name="Rectangle2D format '[x:10, y:20, width:30, height:40]' should be equal to #Error:rectangle" classname="griffon.swing.editors.Rectangle2DPropertyEditorSpec" time="0.0"/>
  <testcase name="Rectangle2D format '[x:10, y:20, width:30, height:40]' should be equal to #Error:rectangle" classname="griffon.swing.editors.Rectangle2DPropertyEditorSpec" time="0.0"/>
  <testcase name="Rectangle2D format '[x:10, y:20, w:30, h:40]' should be equal to #Error:rectangle" classname="griffon.swing.editors.Rectangle2DPropertyEditorSpec" time="0.0"/>
  <testcase name="Rectangle2D format '[x:10, y:20, w:30, h:40]' should be equal to #Error:rectangle" classname="griffon.swing.editors.Rectangle2DPropertyEditorSpec" time="0.0"/>
  <testcase name="Rectangle2D format 'java.awt.geom.Rectangle2D$Double[x=10.0,y=20.0,w=30.0,h=40.0]' should be equal to #Error:rectangle" classname="griffon.swing.editors.Rectangle2DPropertyEditorSpec" time="0.0"/>
  <testcase name="Rectangle2D format '[foo:10, bar:20]' should be equal to #Error:rectangle" classname="griffon.swing.editors.Rectangle2DPropertyEditorSpec" time="0.0"/>
  <testcase name="Invalid rectangle format 'garbage'" classname="griffon.swing.editors.Rectangle2DPropertyEditorSpec" time="0.001"/>
  <testcase name="Invalid rectangle format '1, 2, 3'" classname="griffon.swing.editors.Rectangle2DPropertyEditorSpec" time="0.0"/>
  <testcase name="Invalid rectangle format '1, 2, 3, 4, 5'" classname="griffon.swing.editors.Rectangle2DPropertyEditorSpec" time="0.001"/>
  <testcase name="Invalid rectangle format '[1, 2, 3]'" classname="griffon.swing.editors.Rectangle2DPropertyEditorSpec" time="0.001"/>
  <testcase name="Invalid rectangle format '[1, 2, 3, 4, 5]'" classname="griffon.swing.editors.Rectangle2DPropertyEditorSpec" time="0.0"/>
  <testcase name="Invalid rectangle format '[x:a]'" classname="griffon.swing.editors.Rectangle2DPropertyEditorSpec" time="0.0"/>
  <testcase name="Invalid rectangle format '[y:b]'" classname="griffon.swing.editors.Rectangle2DPropertyEditorSpec" time="0.001"/>
  <testcase name="Invalid rectangle format '[java.lang.Object@2bd31ba6]'" classname="griffon.swing.editors.Rectangle2DPropertyEditorSpec" time="0.0"/>
  <testcase name="Invalid rectangle format '[java.lang.Object@4d87b01, java.lang.Object@3a428234, java.lang.Object@23df0f3a, java.lang.Object@10623ecc]'" classname="griffon.swing.editors.Rectangle2DPropertyEditorSpec" time="0.0"/>
  <testcase name="Invalid rectangle format '[x:java.lang.Object@57254fb2]'" classname="griffon.swing.editors.Rectangle2DPropertyEditorSpec" time="0.0"/>
  <testcase name="Invalid rectangle format 'java.lang.Object@79d83440'" classname="griffon.swing.editors.Rectangle2DPropertyEditorSpec" time="0.0"/>
  <testcase name="Formatted rectangle 'null'" classname="griffon.swing.editors.Rectangle2DPropertyEditorSpec" time="0.0"/>
  <testcase name="Formatted rectangle '10.0, 20.0, 30.0, 40.0'" classname="griffon.swing.editors.Rectangle2DPropertyEditorSpec" time="0.0"/>
  <system-out><![CDATA[]]></system-out>
  <system-err><![CDATA[]]></system-err>
</testsuite>
