<?xml version="1.0" encoding="UTF-8"?>
<testsuite name="griffon.swing.editors.BufferedImagePropertyEditorSpec" tests="14" skipped="0" failures="0" errors="0" timestamp="2017-04-28T16:00:21" hostname="testing-docker-ea4d5413-61ad-4e77-9778-eb4ed0744b0f" time="0.24">
  <properties/>
  <testcase name="BufferedImage format 'null' should be equal to null" classname="griffon.swing.editors.BufferedImagePropertyEditorSpec" time="0.116"/>
  <testcase name="BufferedImage format '' should be equal to null" classname="griffon.swing.editors.BufferedImagePropertyEditorSpec" time="0.004"/>
  <testcase name="BufferedImage format ' ' should be equal to null" classname="griffon.swing.editors.BufferedImagePropertyEditorSpec" time="0.001"/>
  <testcase name="Invalid image format 'garbage'" classname="griffon.swing.editors.BufferedImagePropertyEditorSpec" time="0.105"/>
  <testcase name="Invalid image format '[]'" classname="griffon.swing.editors.BufferedImagePropertyEditorSpec" time="0.001"/>
  <testcase name="Invalid image format '[1]'" classname="griffon.swing.editors.BufferedImagePropertyEditorSpec" time="0.0"/>
  <testcase name="Invalid image format '[1, 2]'" classname="griffon.swing.editors.BufferedImagePropertyEditorSpec" time="0.0"/>
  <testcase name="Invalid image format '[1, 2, 3, 4, 5]'" classname="griffon.swing.editors.BufferedImagePropertyEditorSpec" time="0.0"/>
  <testcase name="Invalid image format '[java.lang.Object@2bcbf8b8]'" classname="griffon.swing.editors.BufferedImagePropertyEditorSpec" time="0.001"/>
  <testcase name="Invalid image format 'F00'" classname="griffon.swing.editors.BufferedImagePropertyEditorSpec" time="0.001"/>
  <testcase name="Invalid image format '#F0'" classname="griffon.swing.editors.BufferedImagePropertyEditorSpec" time="0.0"/>
  <testcase name="Invalid image format '#FF0000FF00'" classname="griffon.swing.editors.BufferedImagePropertyEditorSpec" time="0.0"/>
  <testcase name="Invalid image format '[HH, FF, 00]'" classname="griffon.swing.editors.BufferedImagePropertyEditorSpec" time="0.0"/>
  <testcase name="Invalid image format 'java.lang.Object@55442b05'" classname="griffon.swing.editors.BufferedImagePropertyEditorSpec" time="0.001"/>
  <system-out><![CDATA[]]></system-out>
  <system-err><![CDATA[]]></system-err>
</testsuite>
