<?xml version="1.0" encoding="UTF-8"?>
<testsuite name="griffon.swing.editors.IconPropertyEditorSpec" tests="14" skipped="0" failures="0" errors="0" timestamp="2016-11-08T11:10:40" hostname="testing-gce-d4f11642-8c80-4fe0-a764-92366f6764c9" time="0.042">
  <properties/>
  <testcase name="Icon format 'null' should be equal to null" classname="griffon.swing.editors.IconPropertyEditorSpec" time="0.008"/>
  <testcase name="Icon format '' should be equal to null" classname="griffon.swing.editors.IconPropertyEditorSpec" time="0.0"/>
  <testcase name="Icon format ' ' should be equal to null" classname="griffon.swing.editors.IconPropertyEditorSpec" time="0.0"/>
  <testcase name="Invalid icon format 'garbage'" classname="griffon.swing.editors.IconPropertyEditorSpec" time="0.014"/>
  <testcase name="Invalid icon format '[]'" classname="griffon.swing.editors.IconPropertyEditorSpec" time="0.001"/>
  <testcase name="Invalid icon format '[1]'" classname="griffon.swing.editors.IconPropertyEditorSpec" time="0.0"/>
  <testcase name="Invalid icon format '[1, 2]'" classname="griffon.swing.editors.IconPropertyEditorSpec" time="0.001"/>
  <testcase name="Invalid icon format '[1, 2, 3, 4, 5]'" classname="griffon.swing.editors.IconPropertyEditorSpec" time="0.0"/>
  <testcase name="Invalid icon format '[java.lang.Object@7ff6bf0d]'" classname="griffon.swing.editors.IconPropertyEditorSpec" time="0.001"/>
  <testcase name="Invalid icon format 'F00'" classname="griffon.swing.editors.IconPropertyEditorSpec" time="0.001"/>
  <testcase name="Invalid icon format '#F0'" classname="griffon.swing.editors.IconPropertyEditorSpec" time="0.0"/>
  <testcase name="Invalid icon format '#FF0000FF00'" classname="griffon.swing.editors.IconPropertyEditorSpec" time="0.001"/>
  <testcase name="Invalid icon format '[HH, FF, 00]'" classname="griffon.swing.editors.IconPropertyEditorSpec" time="0.0"/>
  <testcase name="Invalid icon format 'java.lang.Object@125b8b63'" classname="griffon.swing.editors.IconPropertyEditorSpec" time="0.0"/>
  <system-out><![CDATA[]]></system-out>
  <system-err><![CDATA[]]></system-err>
</testsuite>
