<?xml version="1.0" encoding="UTF-8"?>
<testsuite name="griffon.swing.editors.GradientPaintPropertyEditorSpec" tests="23" skipped="0" failures="0" errors="0" timestamp="2016-12-02T17:24:44" hostname="testing-gce-b7bef7dc-c5f5-4a45-999f-a3a47e3215e0" time="0.066">
  <properties/>
  <testcase name="GradientPaint format 'null' is supported" classname="griffon.swing.editors.GradientPaintPropertyEditorSpec" time="0.029"/>
  <testcase name="GradientPaint format '' is supported" classname="griffon.swing.editors.GradientPaintPropertyEditorSpec" time="0.0"/>
  <testcase name="GradientPaint format ' ' is supported" classname="griffon.swing.editors.GradientPaintPropertyEditorSpec" time="0.001"/>
  <testcase name="GradientPaint format '[]' is supported" classname="griffon.swing.editors.GradientPaintPropertyEditorSpec" time="0.0"/>
  <testcase name="GradientPaint format '[:]' is supported" classname="griffon.swing.editors.GradientPaintPropertyEditorSpec" time="0.0"/>
  <testcase name="GradientPaint format '0,0,BLACK,1,1,WHITE' is supported" classname="griffon.swing.editors.GradientPaintPropertyEditorSpec" time="0.012"/>
  <testcase name="GradientPaint format '[0, 0, java.awt.Color[r=0,g=0,b=0], 1, 1, java.awt.Color[r=255,g=255,b=255]]' is supported" classname="griffon.swing.editors.GradientPaintPropertyEditorSpec" time="0.0"/>
  <testcase name="GradientPaint format '[0, 0, BLACK, 1, 1, WHITE]' is supported" classname="griffon.swing.editors.GradientPaintPropertyEditorSpec" time="0.001"/>
  <testcase name="GradientPaint format '[x1:0, y1:0, c1:java.awt.Color[r=0,g=0,b=0], x2:1, y2:1, c2:java.awt.Color[r=255,g=255,b=255]]' is supported" classname="griffon.swing.editors.GradientPaintPropertyEditorSpec" time="0.001"/>
  <testcase name="GradientPaint format '[x1:0, y1:0, c1:BLACK, x2:1, y2:1, c2:WHITE]' is supported" classname="griffon.swing.editors.GradientPaintPropertyEditorSpec" time="0.001"/>
  <testcase name="GradientPaint format '0, 0 | 1, 1 | BLACK, WHITE' is supported" classname="griffon.swing.editors.GradientPaintPropertyEditorSpec" time="0.001"/>
  <testcase name="GradientPaint format 'java.awt.GradientPaint@44ed99e4' is supported" classname="griffon.swing.editors.GradientPaintPropertyEditorSpec" time="0.001"/>
  <testcase name="Invalid gradientPaint format 'garbage'" classname="griffon.swing.editors.GradientPaintPropertyEditorSpec" time="0.001"/>
  <testcase name="Invalid gradientPaint format '1, 2, 3'" classname="griffon.swing.editors.GradientPaintPropertyEditorSpec" time="0.0"/>
  <testcase name="Invalid gradientPaint format '1, 2, 3, 4, 5'" classname="griffon.swing.editors.GradientPaintPropertyEditorSpec" time="0.001"/>
  <testcase name="Invalid gradientPaint format '[1, 2, 3]'" classname="griffon.swing.editors.GradientPaintPropertyEditorSpec" time="0.001"/>
  <testcase name="Invalid gradientPaint format '[1, 2, 3, 4, 5]'" classname="griffon.swing.editors.GradientPaintPropertyEditorSpec" time="0.0"/>
  <testcase name="Invalid gradientPaint format '[java.lang.Object@58742f19]'" classname="griffon.swing.editors.GradientPaintPropertyEditorSpec" time="0.0"/>
  <testcase name="Invalid gradientPaint format '[x1:java.lang.Object@47b15ea5]'" classname="griffon.swing.editors.GradientPaintPropertyEditorSpec" time="0.0"/>
  <testcase name="Invalid gradientPaint format '[x1:a]'" classname="griffon.swing.editors.GradientPaintPropertyEditorSpec" time="0.0"/>
  <testcase name="Invalid gradientPaint format 'java.lang.Object@24168045'" classname="griffon.swing.editors.GradientPaintPropertyEditorSpec" time="0.0"/>
  <testcase name="Formatted gradient paint 'null'" classname="griffon.swing.editors.GradientPaintPropertyEditorSpec" time="0.0"/>
  <testcase name="Formatted gradient paint '0.0, 0.0, #000000, 1.0, 1.0, #ffffff, false'" classname="griffon.swing.editors.GradientPaintPropertyEditorSpec" time="0.001"/>
  <system-out><![CDATA[]]></system-out>
  <system-err><![CDATA[]]></system-err>
</testsuite>
