<?xml version="1.0" encoding="UTF-8"?>
<testsuite name="griffon.swing.editors.RadialGradientPaintPropertyEditorSpec" tests="31" skipped="0" failures="0" errors="0" timestamp="2016-12-06T13:50:09" hostname="testing-gce-88c17399-7e1a-4bbc-b795-695967a3f3cc" time="0.091">
  <properties/>
  <testcase name="RadialGradientPaint format 'null' is supported" classname="griffon.swing.editors.RadialGradientPaintPropertyEditorSpec" time="0.009"/>
  <testcase name="RadialGradientPaint format '' is supported" classname="griffon.swing.editors.RadialGradientPaintPropertyEditorSpec" time="0.0"/>
  <testcase name="RadialGradientPaint format ' ' is supported" classname="griffon.swing.editors.RadialGradientPaintPropertyEditorSpec" time="0.001"/>
  <testcase name="RadialGradientPaint format '[]' is supported" classname="griffon.swing.editors.RadialGradientPaintPropertyEditorSpec" time="0.001"/>
  <testcase name="RadialGradientPaint format '[:]' is supported" classname="griffon.swing.editors.RadialGradientPaintPropertyEditorSpec" time="0.002"/>
  <testcase name="RadialGradientPaint format '2,2,5,4,4,[0:1],[BLACK:WHITE]' is supported" classname="griffon.swing.editors.RadialGradientPaintPropertyEditorSpec" time="0.006"/>
  <testcase name="RadialGradientPaint format '2,2,5,4,4,[0:1],[BLACK:WHITE],REPEAT' is supported" classname="griffon.swing.editors.RadialGradientPaintPropertyEditorSpec" time="0.002"/>
  <testcase name="RadialGradientPaint format '[2, 2, 5, 4, 4, [0, 1], [java.awt.Color[r=0,g=0,b=0], java.awt.Color[r=255,g=255,b=255]]]' is supported" classname="griffon.swing.editors.RadialGradientPaintPropertyEditorSpec" time="0.002"/>
  <testcase name="RadialGradientPaint format '[2, 2, 5, 4, 4, [0, 1], [java.awt.Color[r=0,g=0,b=0], java.awt.Color[r=255,g=255,b=255]], REPEAT]' is supported" classname="griffon.swing.editors.RadialGradientPaintPropertyEditorSpec" time="0.001"/>
  <testcase name="RadialGradientPaint format '[2, 2, 5, 4, 4, [0, 1], [java.awt.Color[r=0,g=0,b=0], java.awt.Color[r=255,g=255,b=255]], REPEAT]' is supported" classname="griffon.swing.editors.RadialGradientPaintPropertyEditorSpec" time="0.001"/>
  <testcase name="RadialGradientPaint format '[cx:2, cy:2, radius:5, fx:4, fy:4, fractions:[0, 1], colors:[java.awt.Color[r=0,g=0,b=0], java.awt.Color[r=255,g=255,b=255]]]' is supported" classname="griffon.swing.editors.RadialGradientPaintPropertyEditorSpec" time="0.0"/>
  <testcase name="RadialGradientPaint format '[cx:2, cy:2, radius:5, fx:4, fy:4, fractions:[0, 1], colors:[java.awt.Color[r=0,g=0,b=0], java.awt.Color[r=255,g=255,b=255]], cycle:REPEAT]' is supported" classname="griffon.swing.editors.RadialGradientPaintPropertyEditorSpec" time="0.0"/>
  <testcase name="RadialGradientPaint format '[cx:2, cy:2, radius:5, fx:4, fy:4, fractions:[0, 1], colors:[java.awt.Color[r=0,g=0,b=0], java.awt.Color[r=255,g=255,b=255]], cycle:REPEAT]' is supported" classname="griffon.swing.editors.RadialGradientPaintPropertyEditorSpec" time="0.007"/>
  <testcase name="RadialGradientPaint format 'java.awt.RadialGradientPaint@3713c861' is supported" classname="griffon.swing.editors.RadialGradientPaintPropertyEditorSpec" time="0.001"/>
  <testcase name="Invalid gradientPaint format 'garbage'" classname="griffon.swing.editors.RadialGradientPaintPropertyEditorSpec" time="0.001"/>
  <testcase name="Invalid gradientPaint format '1, 2, 3'" classname="griffon.swing.editors.RadialGradientPaintPropertyEditorSpec" time="0.008"/>
  <testcase name="Invalid gradientPaint format '1, 2, 3, 4, 5'" classname="griffon.swing.editors.RadialGradientPaintPropertyEditorSpec" time="0.001"/>
  <testcase name="Invalid gradientPaint format '[1, 2, 3]'" classname="griffon.swing.editors.RadialGradientPaintPropertyEditorSpec" time="0.0"/>
  <testcase name="Invalid gradientPaint format '[1, 2, 3, 4, 5]'" classname="griffon.swing.editors.RadialGradientPaintPropertyEditorSpec" time="0.0"/>
  <testcase name="Invalid gradientPaint format '[c1:a]'" classname="griffon.swing.editors.RadialGradientPaintPropertyEditorSpec" time="0.001"/>
  <testcase name="Invalid gradientPaint format '[java.lang.Object@59a380af]'" classname="griffon.swing.editors.RadialGradientPaintPropertyEditorSpec" time="0.0"/>
  <testcase name="Invalid gradientPaint format '[c1:java.lang.Object@24d1f88]'" classname="griffon.swing.editors.RadialGradientPaintPropertyEditorSpec" time="0.0"/>
  <testcase name="Invalid gradientPaint format 'java.lang.Object@1bd4555f'" classname="griffon.swing.editors.RadialGradientPaintPropertyEditorSpec" time="0.0"/>
  <testcase name="Invalid gradientPaint format '2,2,5,4,4,[0:1],[BLACK:WHITE:RED]'" classname="griffon.swing.editors.RadialGradientPaintPropertyEditorSpec" time="0.0"/>
  <testcase name="Invalid gradientPaint format '2,2,5,4,4,0:1,[BLACK:WHITE:RED]'" classname="griffon.swing.editors.RadialGradientPaintPropertyEditorSpec" time="0.0"/>
  <testcase name="Invalid gradientPaint format '2,2,5,4,4,[0:1],BLACK:WHITE'" classname="griffon.swing.editors.RadialGradientPaintPropertyEditorSpec" time="0.0"/>
  <testcase name="Invalid gradientPaint format '[2, 2, 5, 4, 4, [0, 1], [java.awt.Color[r=0,g=0,b=0], java.awt.Color[r=255,g=255,b=255], java.awt.Color[r=255,g=0,b=0]]]'" classname="griffon.swing.editors.RadialGradientPaintPropertyEditorSpec" time="0.0"/>
  <testcase name="Invalid gradientPaint format '[cx:2, cy:2, radius:5, fx:4, fy:4, fractions:[0, 1], colors:[java.awt.Color[r=0,g=0,b=0], java.awt.Color[r=255,g=255,b=255], java.awt.Color[r=255,g=0,b=0]]]'" classname="griffon.swing.editors.RadialGradientPaintPropertyEditorSpec" time="0.016"/>
  <testcase name="Formatted radial gradient 'null'" classname="griffon.swing.editors.RadialGradientPaintPropertyEditorSpec" time="0.0"/>
  <testcase name="Formatted radial gradient '2.0, 2.0, 5.0, 4.0, 4.0, [0.0:1.0], [#000000:#ffffff], NO_CYCLE'" classname="griffon.swing.editors.RadialGradientPaintPropertyEditorSpec" time="0.0"/>
  <testcase name="Formatted radial gradient '2.0, 2.0, 5.0, 4.0, 4.0, [0.0:1.0], [#000000:#ffffff], REPEAT'" classname="griffon.swing.editors.RadialGradientPaintPropertyEditorSpec" time="0.0"/>
  <system-out><![CDATA[]]></system-out>
  <system-err><![CDATA[]]></system-err>
</testsuite>
