<?xml version="1.0" encoding="UTF-8"?>
<testsuite name="griffon.swing.editors.RectanglePropertyEditorSpec" tests="30" skipped="0" failures="0" errors="0" timestamp="2017-05-06T14:17:24" hostname="testing-docker-90b60644-8177-4130-972e-463f2d1984bb" time="0.141">
  <properties/>
  <testcase name="Rectangle format 'null' should be equal to #Error:rectangle" classname="griffon.swing.editors.RectanglePropertyEditorSpec" time="0.018"/>
  <testcase name="Rectangle format '' should be equal to #Error:rectangle" classname="griffon.swing.editors.RectanglePropertyEditorSpec" time="0.002"/>
  <testcase name="Rectangle format ' ' should be equal to #Error:rectangle" classname="griffon.swing.editors.RectanglePropertyEditorSpec" time="0.0"/>
  <testcase name="Rectangle format '[]' should be equal to #Error:rectangle" classname="griffon.swing.editors.RectanglePropertyEditorSpec" time="0.002"/>
  <testcase name="Rectangle format '[:]' should be equal to #Error:rectangle" classname="griffon.swing.editors.RectanglePropertyEditorSpec" time="0.001"/>
  <testcase name="Rectangle format '10,20,30,40' should be equal to #Error:rectangle" classname="griffon.swing.editors.RectanglePropertyEditorSpec" time="0.013"/>
  <testcase name="Rectangle format '10, 20, 30, 40' should be equal to #Error:rectangle" classname="griffon.swing.editors.RectanglePropertyEditorSpec" time="0.001"/>
  <testcase name="Rectangle format ' 10, 20, 30, 40' should be equal to #Error:rectangle" classname="griffon.swing.editors.RectanglePropertyEditorSpec" time="0.014"/>
  <testcase name="Rectangle format ' 10, 20, 30, 40 ' should be equal to #Error:rectangle" classname="griffon.swing.editors.RectanglePropertyEditorSpec" time="0.001"/>
  <testcase name="Rectangle format '[10, 20, 30, 40]' should be equal to #Error:rectangle" classname="griffon.swing.editors.RectanglePropertyEditorSpec" time="0.001"/>
  <testcase name="Rectangle format '[10, 20, 30, 40]' should be equal to #Error:rectangle" classname="griffon.swing.editors.RectanglePropertyEditorSpec" time="0.0"/>
  <testcase name="Rectangle format '[x:10, y:20, width:30, height:40]' should be equal to #Error:rectangle" classname="griffon.swing.editors.RectanglePropertyEditorSpec" time="0.0"/>
  <testcase name="Rectangle format '[x:10, y:20, width:30, height:40]' should be equal to #Error:rectangle" classname="griffon.swing.editors.RectanglePropertyEditorSpec" time="0.0"/>
  <testcase name="Rectangle format '[x:10, y:20, w:30, h:40]' should be equal to #Error:rectangle" classname="griffon.swing.editors.RectanglePropertyEditorSpec" time="0.01"/>
  <testcase name="Rectangle format '[x:10, y:20, w:30, h:40]' should be equal to #Error:rectangle" classname="griffon.swing.editors.RectanglePropertyEditorSpec" time="0.001"/>
  <testcase name="Rectangle format 'java.awt.Rectangle[x=10,y=20,width=30,height=40]' should be equal to #Error:rectangle" classname="griffon.swing.editors.RectanglePropertyEditorSpec" time="0.01"/>
  <testcase name="Rectangle format '[foo:10, bar:20]' should be equal to #Error:rectangle" classname="griffon.swing.editors.RectanglePropertyEditorSpec" time="0.01"/>
  <testcase name="Invalid rectangle format 'garbage'" classname="griffon.swing.editors.RectanglePropertyEditorSpec" time="0.0"/>
  <testcase name="Invalid rectangle format '1, 2, 3'" classname="griffon.swing.editors.RectanglePropertyEditorSpec" time="0.0"/>
  <testcase name="Invalid rectangle format '1, 2, 3, 4, 5'" classname="griffon.swing.editors.RectanglePropertyEditorSpec" time="0.001"/>
  <testcase name="Invalid rectangle format '[1, 2, 3]'" classname="griffon.swing.editors.RectanglePropertyEditorSpec" time="0.002"/>
  <testcase name="Invalid rectangle format '[1, 2, 3, 4, 5]'" classname="griffon.swing.editors.RectanglePropertyEditorSpec" time="0.001"/>
  <testcase name="Invalid rectangle format '[x:a]'" classname="griffon.swing.editors.RectanglePropertyEditorSpec" time="0.001"/>
  <testcase name="Invalid rectangle format '[y:b]'" classname="griffon.swing.editors.RectanglePropertyEditorSpec" time="0.001"/>
  <testcase name="Invalid rectangle format '[java.lang.Object@17766f2c]'" classname="griffon.swing.editors.RectanglePropertyEditorSpec" time="0.0"/>
  <testcase name="Invalid rectangle format '[java.lang.Object@17995559, java.lang.Object@231eab8e, java.lang.Object@3b645bcc, java.lang.Object@1fcf4c83]'" classname="griffon.swing.editors.RectanglePropertyEditorSpec" time="0.0"/>
  <testcase name="Invalid rectangle format '[x:java.lang.Object@4221e1be]'" classname="griffon.swing.editors.RectanglePropertyEditorSpec" time="0.002"/>
  <testcase name="Invalid rectangle format 'java.lang.Object@143560af'" classname="griffon.swing.editors.RectanglePropertyEditorSpec" time="0.001"/>
  <testcase name="Formatted rectangle 'null'" classname="griffon.swing.editors.RectanglePropertyEditorSpec" time="0.002"/>
  <testcase name="Formatted rectangle '10.0, 20.0, 30.0, 40.0'" classname="griffon.swing.editors.RectanglePropertyEditorSpec" time="0.0"/>
  <system-out><![CDATA[]]></system-out>
  <system-err><![CDATA[]]></system-err>
</testsuite>
