<?xml version="1.0" encoding="UTF-8"?>
<testsuite name="griffon.swing.editors.RectanglePropertyEditorSpec" tests="30" skipped="0" failures="0" errors="0" timestamp="2016-12-05T10:41:56" hostname="testing-gce-189093d2-39ca-4652-aec9-ff08f5b8a81f" time="0.032">
  <properties/>
  <testcase name="Rectangle format 'null' should be equal to #Error:rectangle" classname="griffon.swing.editors.RectanglePropertyEditorSpec" time="0.003"/>
  <testcase name="Rectangle format '' should be equal to #Error:rectangle" classname="griffon.swing.editors.RectanglePropertyEditorSpec" time="0.0"/>
  <testcase name="Rectangle format ' ' should be equal to #Error:rectangle" classname="griffon.swing.editors.RectanglePropertyEditorSpec" time="0.0"/>
  <testcase name="Rectangle format '[]' should be equal to #Error:rectangle" classname="griffon.swing.editors.RectanglePropertyEditorSpec" time="0.0"/>
  <testcase name="Rectangle format '[:]' should be equal to #Error:rectangle" classname="griffon.swing.editors.RectanglePropertyEditorSpec" time="0.0"/>
  <testcase name="Rectangle format '10,20,30,40' should be equal to #Error:rectangle" classname="griffon.swing.editors.RectanglePropertyEditorSpec" time="0.001"/>
  <testcase name="Rectangle format '10, 20, 30, 40' should be equal to #Error:rectangle" classname="griffon.swing.editors.RectanglePropertyEditorSpec" time="0.0"/>
  <testcase name="Rectangle format ' 10, 20, 30, 40' should be equal to #Error:rectangle" classname="griffon.swing.editors.RectanglePropertyEditorSpec" time="0.0"/>
  <testcase name="Rectangle format ' 10, 20, 30, 40 ' should be equal to #Error:rectangle" classname="griffon.swing.editors.RectanglePropertyEditorSpec" time="0.0"/>
  <testcase name="Rectangle format '[10, 20, 30, 40]' should be equal to #Error:rectangle" classname="griffon.swing.editors.RectanglePropertyEditorSpec" time="0.0"/>
  <testcase name="Rectangle format '[10, 20, 30, 40]' should be equal to #Error:rectangle" classname="griffon.swing.editors.RectanglePropertyEditorSpec" time="0.0"/>
  <testcase name="Rectangle format '[x:10, y:20, width:30, height:40]' should be equal to #Error:rectangle" classname="griffon.swing.editors.RectanglePropertyEditorSpec" time="0.0"/>
  <testcase name="Rectangle format '[x:10, y:20, width:30, height:40]' should be equal to #Error:rectangle" classname="griffon.swing.editors.RectanglePropertyEditorSpec" time="0.011"/>
  <testcase name="Rectangle format '[x:10, y:20, w:30, h:40]' should be equal to #Error:rectangle" classname="griffon.swing.editors.RectanglePropertyEditorSpec" time="0.0"/>
  <testcase name="Rectangle format '[x:10, y:20, w:30, h:40]' should be equal to #Error:rectangle" classname="griffon.swing.editors.RectanglePropertyEditorSpec" time="0.0"/>
  <testcase name="Rectangle format 'java.awt.Rectangle[x=10,y=20,width=30,height=40]' should be equal to #Error:rectangle" classname="griffon.swing.editors.RectanglePropertyEditorSpec" time="0.0"/>
  <testcase name="Rectangle format '[foo:10, bar:20]' should be equal to #Error:rectangle" classname="griffon.swing.editors.RectanglePropertyEditorSpec" time="0.001"/>
  <testcase name="Invalid rectangle format 'garbage'" classname="griffon.swing.editors.RectanglePropertyEditorSpec" time="0.0"/>
  <testcase name="Invalid rectangle format '1, 2, 3'" classname="griffon.swing.editors.RectanglePropertyEditorSpec" time="0.001"/>
  <testcase name="Invalid rectangle format '1, 2, 3, 4, 5'" classname="griffon.swing.editors.RectanglePropertyEditorSpec" time="0.008"/>
  <testcase name="Invalid rectangle format '[1, 2, 3]'" classname="griffon.swing.editors.RectanglePropertyEditorSpec" time="0.0"/>
  <testcase name="Invalid rectangle format '[1, 2, 3, 4, 5]'" classname="griffon.swing.editors.RectanglePropertyEditorSpec" time="0.0"/>
  <testcase name="Invalid rectangle format '[x:a]'" classname="griffon.swing.editors.RectanglePropertyEditorSpec" time="0.001"/>
  <testcase name="Invalid rectangle format '[y:b]'" classname="griffon.swing.editors.RectanglePropertyEditorSpec" time="0.0"/>
  <testcase name="Invalid rectangle format '[java.lang.Object@3ee7131f]'" classname="griffon.swing.editors.RectanglePropertyEditorSpec" time="0.0"/>
  <testcase name="Invalid rectangle format '[java.lang.Object@1468c0bf, java.lang.Object@b03a48c, java.lang.Object@7567f6b4, java.lang.Object@739e7cec]'" classname="griffon.swing.editors.RectanglePropertyEditorSpec" time="0.0"/>
  <testcase name="Invalid rectangle format '[x:java.lang.Object@21a12718]'" classname="griffon.swing.editors.RectanglePropertyEditorSpec" time="0.0"/>
  <testcase name="Invalid rectangle format 'java.lang.Object@3790c064'" classname="griffon.swing.editors.RectanglePropertyEditorSpec" time="0.0"/>
  <testcase name="Formatted rectangle 'null'" classname="griffon.swing.editors.RectanglePropertyEditorSpec" time="0.0"/>
  <testcase name="Formatted rectangle '10.0, 20.0, 30.0, 40.0'" classname="griffon.swing.editors.RectanglePropertyEditorSpec" time="0.0"/>
  <system-out><![CDATA[]]></system-out>
  <system-err><![CDATA[]]></system-err>
</testsuite>
