<?xml version="1.0" encoding="UTF-8"?>
<testsuite name="griffon.swing.editors.RectanglePropertyEditorSpec" tests="30" skipped="0" failures="0" errors="0" timestamp="2017-04-28T16:00:22" hostname="testing-docker-ea4d5413-61ad-4e77-9778-eb4ed0744b0f" time="0.02">
  <properties/>
  <testcase name="Rectangle format 'null' should be equal to #Error:rectangle" classname="griffon.swing.editors.RectanglePropertyEditorSpec" time="0.006"/>
  <testcase name="Rectangle format '' should be equal to #Error:rectangle" classname="griffon.swing.editors.RectanglePropertyEditorSpec" time="0.001"/>
  <testcase name="Rectangle format ' ' should be equal to #Error:rectangle" classname="griffon.swing.editors.RectanglePropertyEditorSpec" time="0.0"/>
  <testcase name="Rectangle format '[]' should be equal to #Error:rectangle" classname="griffon.swing.editors.RectanglePropertyEditorSpec" time="0.0"/>
  <testcase name="Rectangle format '[:]' should be equal to #Error:rectangle" classname="griffon.swing.editors.RectanglePropertyEditorSpec" time="0.0"/>
  <testcase name="Rectangle format '10,20,30,40' should be equal to #Error:rectangle" classname="griffon.swing.editors.RectanglePropertyEditorSpec" time="0.0"/>
  <testcase name="Rectangle format '10, 20, 30, 40' should be equal to #Error:rectangle" classname="griffon.swing.editors.RectanglePropertyEditorSpec" time="0.001"/>
  <testcase name="Rectangle format ' 10, 20, 30, 40' should be equal to #Error:rectangle" classname="griffon.swing.editors.RectanglePropertyEditorSpec" time="0.0"/>
  <testcase name="Rectangle format ' 10, 20, 30, 40 ' should be equal to #Error:rectangle" classname="griffon.swing.editors.RectanglePropertyEditorSpec" time="0.0"/>
  <testcase name="Rectangle format '[10, 20, 30, 40]' should be equal to #Error:rectangle" classname="griffon.swing.editors.RectanglePropertyEditorSpec" time="0.0"/>
  <testcase name="Rectangle format '[10, 20, 30, 40]' should be equal to #Error:rectangle" classname="griffon.swing.editors.RectanglePropertyEditorSpec" time="0.0"/>
  <testcase name="Rectangle format '[x:10, y:20, width:30, height:40]' should be equal to #Error:rectangle" classname="griffon.swing.editors.RectanglePropertyEditorSpec" time="0.0"/>
  <testcase name="Rectangle format '[x:10, y:20, width:30, height:40]' should be equal to #Error:rectangle" classname="griffon.swing.editors.RectanglePropertyEditorSpec" time="0.0"/>
  <testcase name="Rectangle format '[x:10, y:20, w:30, h:40]' should be equal to #Error:rectangle" classname="griffon.swing.editors.RectanglePropertyEditorSpec" time="0.0"/>
  <testcase name="Rectangle format '[x:10, y:20, w:30, h:40]' should be equal to #Error:rectangle" classname="griffon.swing.editors.RectanglePropertyEditorSpec" time="0.0"/>
  <testcase name="Rectangle format 'java.awt.Rectangle[x=10,y=20,width=30,height=40]' should be equal to #Error:rectangle" classname="griffon.swing.editors.RectanglePropertyEditorSpec" time="0.001"/>
  <testcase name="Rectangle format '[foo:10, bar:20]' should be equal to #Error:rectangle" classname="griffon.swing.editors.RectanglePropertyEditorSpec" time="0.0"/>
  <testcase name="Invalid rectangle format 'garbage'" classname="griffon.swing.editors.RectanglePropertyEditorSpec" time="0.0"/>
  <testcase name="Invalid rectangle format '1, 2, 3'" classname="griffon.swing.editors.RectanglePropertyEditorSpec" time="0.001"/>
  <testcase name="Invalid rectangle format '1, 2, 3, 4, 5'" classname="griffon.swing.editors.RectanglePropertyEditorSpec" time="0.0"/>
  <testcase name="Invalid rectangle format '[1, 2, 3]'" classname="griffon.swing.editors.RectanglePropertyEditorSpec" time="0.0"/>
  <testcase name="Invalid rectangle format '[1, 2, 3, 4, 5]'" classname="griffon.swing.editors.RectanglePropertyEditorSpec" time="0.0"/>
  <testcase name="Invalid rectangle format '[x:a]'" classname="griffon.swing.editors.RectanglePropertyEditorSpec" time="0.0"/>
  <testcase name="Invalid rectangle format '[y:b]'" classname="griffon.swing.editors.RectanglePropertyEditorSpec" time="0.001"/>
  <testcase name="Invalid rectangle format '[java.lang.Object@e966e97]'" classname="griffon.swing.editors.RectanglePropertyEditorSpec" time="0.0"/>
  <testcase name="Invalid rectangle format '[java.lang.Object@651eab56, java.lang.Object@2398506, java.lang.Object@7ff73d10, java.lang.Object@42a816af]'" classname="griffon.swing.editors.RectanglePropertyEditorSpec" time="0.001"/>
  <testcase name="Invalid rectangle format '[x:java.lang.Object@527c41b7]'" classname="griffon.swing.editors.RectanglePropertyEditorSpec" time="0.0"/>
  <testcase name="Invalid rectangle format 'java.lang.Object@1ca3ff4b'" classname="griffon.swing.editors.RectanglePropertyEditorSpec" time="0.0"/>
  <testcase name="Formatted rectangle 'null'" classname="griffon.swing.editors.RectanglePropertyEditorSpec" time="0.0"/>
  <testcase name="Formatted rectangle '10.0, 20.0, 30.0, 40.0'" classname="griffon.swing.editors.RectanglePropertyEditorSpec" time="0.0"/>
  <system-out><![CDATA[]]></system-out>
  <system-err><![CDATA[]]></system-err>
</testsuite>
