<?xml version="1.0" encoding="UTF-8"?>
<testsuite name="griffon.swing.editors.Rectangle2DPropertyEditorSpec" tests="30" skipped="0" failures="0" errors="0" timestamp="2017-02-21T18:14:12" hostname="testing-gce-635704e8-b0eb-4898-b5e6-8d1f90074792" time="0.046">
  <properties/>
  <testcase name="Rectangle2D format 'null' should be equal to #Error:rectangle" classname="griffon.swing.editors.Rectangle2DPropertyEditorSpec" time="0.012"/>
  <testcase name="Rectangle2D format '' should be equal to #Error:rectangle" classname="griffon.swing.editors.Rectangle2DPropertyEditorSpec" time="0.0"/>
  <testcase name="Rectangle2D format ' ' should be equal to #Error:rectangle" classname="griffon.swing.editors.Rectangle2DPropertyEditorSpec" time="0.001"/>
  <testcase name="Rectangle2D format '[]' should be equal to #Error:rectangle" classname="griffon.swing.editors.Rectangle2DPropertyEditorSpec" time="0.0"/>
  <testcase name="Rectangle2D format '[:]' should be equal to #Error:rectangle" classname="griffon.swing.editors.Rectangle2DPropertyEditorSpec" time="0.002"/>
  <testcase name="Rectangle2D format '10,20,30,40' should be equal to #Error:rectangle" classname="griffon.swing.editors.Rectangle2DPropertyEditorSpec" time="0.002"/>
  <testcase name="Rectangle2D format '10, 20, 30, 40' should be equal to #Error:rectangle" classname="griffon.swing.editors.Rectangle2DPropertyEditorSpec" time="0.0"/>
  <testcase name="Rectangle2D format ' 10, 20, 30, 40' should be equal to #Error:rectangle" classname="griffon.swing.editors.Rectangle2DPropertyEditorSpec" time="0.0"/>
  <testcase name="Rectangle2D format ' 10, 20, 30, 40 ' should be equal to #Error:rectangle" classname="griffon.swing.editors.Rectangle2DPropertyEditorSpec" time="0.0"/>
  <testcase name="Rectangle2D format '[10, 20, 30, 40]' should be equal to #Error:rectangle" classname="griffon.swing.editors.Rectangle2DPropertyEditorSpec" time="0.0"/>
  <testcase name="Rectangle2D format '[10, 20, 30, 40]' should be equal to #Error:rectangle" classname="griffon.swing.editors.Rectangle2DPropertyEditorSpec" time="0.0"/>
  <testcase name="Rectangle2D format '[x:10, y:20, width:30, height:40]' should be equal to #Error:rectangle" classname="griffon.swing.editors.Rectangle2DPropertyEditorSpec" time="0.0"/>
  <testcase name="Rectangle2D format '[x:10, y:20, width:30, height:40]' should be equal to #Error:rectangle" classname="griffon.swing.editors.Rectangle2DPropertyEditorSpec" time="0.0"/>
  <testcase name="Rectangle2D format '[x:10, y:20, w:30, h:40]' should be equal to #Error:rectangle" classname="griffon.swing.editors.Rectangle2DPropertyEditorSpec" time="0.0"/>
  <testcase name="Rectangle2D format '[x:10, y:20, w:30, h:40]' should be equal to #Error:rectangle" classname="griffon.swing.editors.Rectangle2DPropertyEditorSpec" time="0.0"/>
  <testcase name="Rectangle2D format 'java.awt.geom.Rectangle2D$Double[x=10.0,y=20.0,w=30.0,h=40.0]' should be equal to #Error:rectangle" classname="griffon.swing.editors.Rectangle2DPropertyEditorSpec" time="0.005"/>
  <testcase name="Rectangle2D format '[foo:10, bar:20]' should be equal to #Error:rectangle" classname="griffon.swing.editors.Rectangle2DPropertyEditorSpec" time="0.0"/>
  <testcase name="Invalid rectangle format 'garbage'" classname="griffon.swing.editors.Rectangle2DPropertyEditorSpec" time="0.0"/>
  <testcase name="Invalid rectangle format '1, 2, 3'" classname="griffon.swing.editors.Rectangle2DPropertyEditorSpec" time="0.0"/>
  <testcase name="Invalid rectangle format '1, 2, 3, 4, 5'" classname="griffon.swing.editors.Rectangle2DPropertyEditorSpec" time="0.0"/>
  <testcase name="Invalid rectangle format '[1, 2, 3]'" classname="griffon.swing.editors.Rectangle2DPropertyEditorSpec" time="0.0"/>
  <testcase name="Invalid rectangle format '[1, 2, 3, 4, 5]'" classname="griffon.swing.editors.Rectangle2DPropertyEditorSpec" time="0.001"/>
  <testcase name="Invalid rectangle format '[x:a]'" classname="griffon.swing.editors.Rectangle2DPropertyEditorSpec" time="0.0"/>
  <testcase name="Invalid rectangle format '[y:b]'" classname="griffon.swing.editors.Rectangle2DPropertyEditorSpec" time="0.001"/>
  <testcase name="Invalid rectangle format '[java.lang.Object@48973144]'" classname="griffon.swing.editors.Rectangle2DPropertyEditorSpec" time="0.0"/>
  <testcase name="Invalid rectangle format '[java.lang.Object@617dd262, java.lang.Object@ff7d916, java.lang.Object@3d968200, java.lang.Object@4c7a99e7]'" classname="griffon.swing.editors.Rectangle2DPropertyEditorSpec" time="0.0"/>
  <testcase name="Invalid rectangle format '[x:java.lang.Object@439bbcc8]'" classname="griffon.swing.editors.Rectangle2DPropertyEditorSpec" time="0.001"/>
  <testcase name="Invalid rectangle format 'java.lang.Object@7215e2c4'" classname="griffon.swing.editors.Rectangle2DPropertyEditorSpec" time="0.0"/>
  <testcase name="Formatted rectangle 'null'" classname="griffon.swing.editors.Rectangle2DPropertyEditorSpec" time="0.0"/>
  <testcase name="Formatted rectangle '10.0, 20.0, 30.0, 40.0'" classname="griffon.swing.editors.Rectangle2DPropertyEditorSpec" time="0.001"/>
  <system-out><![CDATA[]]></system-out>
  <system-err><![CDATA[]]></system-err>
</testsuite>
