<?xml version="1.0" encoding="UTF-8"?>
<testsuite name="griffon.swing.editors.BufferedImagePropertyEditorSpec" tests="14" skipped="0" failures="0" errors="0" timestamp="2017-01-24T16:12:12" hostname="testing-gce-1aad4636-e653-4bc2-aa18-88ff82246238" time="0.03">
  <properties/>
  <testcase name="BufferedImage format 'null' should be equal to null" classname="griffon.swing.editors.BufferedImagePropertyEditorSpec" time="0.024"/>
  <testcase name="BufferedImage format '' should be equal to null" classname="griffon.swing.editors.BufferedImagePropertyEditorSpec" time="0.0"/>
  <testcase name="BufferedImage format ' ' should be equal to null" classname="griffon.swing.editors.BufferedImagePropertyEditorSpec" time="0.001"/>
  <testcase name="Invalid image format 'garbage'" classname="griffon.swing.editors.BufferedImagePropertyEditorSpec" time="0.0"/>
  <testcase name="Invalid image format '[]'" classname="griffon.swing.editors.BufferedImagePropertyEditorSpec" time="0.0"/>
  <testcase name="Invalid image format '[1]'" classname="griffon.swing.editors.BufferedImagePropertyEditorSpec" time="0.0"/>
  <testcase name="Invalid image format '[1, 2]'" classname="griffon.swing.editors.BufferedImagePropertyEditorSpec" time="0.0"/>
  <testcase name="Invalid image format '[1, 2, 3, 4, 5]'" classname="griffon.swing.editors.BufferedImagePropertyEditorSpec" time="0.0"/>
  <testcase name="Invalid image format '[java.lang.Object@5ecf5edf]'" classname="griffon.swing.editors.BufferedImagePropertyEditorSpec" time="0.001"/>
  <testcase name="Invalid image format 'F00'" classname="griffon.swing.editors.BufferedImagePropertyEditorSpec" time="0.0"/>
  <testcase name="Invalid image format '#F0'" classname="griffon.swing.editors.BufferedImagePropertyEditorSpec" time="0.0"/>
  <testcase name="Invalid image format '#FF0000FF00'" classname="griffon.swing.editors.BufferedImagePropertyEditorSpec" time="0.0"/>
  <testcase name="Invalid image format '[HH, FF, 00]'" classname="griffon.swing.editors.BufferedImagePropertyEditorSpec" time="0.0"/>
  <testcase name="Invalid image format 'java.lang.Object@6f87aa42'" classname="griffon.swing.editors.BufferedImagePropertyEditorSpec" time="0.0"/>
  <system-out><![CDATA[]]></system-out>
  <system-err><![CDATA[]]></system-err>
</testsuite>
