<?xml version="1.0" encoding="UTF-8"?>
<testsuite name="griffon.swing.editors.IconPropertyEditorSpec" tests="14" skipped="0" failures="0" errors="0" timestamp="2016-11-30T21:36:47" hostname="testing-gce-7b284da2-1dfc-4486-9403-0c3889a84a74" time="0.043">
  <properties/>
  <testcase name="Icon format 'null' should be equal to null" classname="griffon.swing.editors.IconPropertyEditorSpec" time="0.009"/>
  <testcase name="Icon format '' should be equal to null" classname="griffon.swing.editors.IconPropertyEditorSpec" time="0.001"/>
  <testcase name="Icon format ' ' should be equal to null" classname="griffon.swing.editors.IconPropertyEditorSpec" time="0.001"/>
  <testcase name="Invalid icon format 'garbage'" classname="griffon.swing.editors.IconPropertyEditorSpec" time="0.014"/>
  <testcase name="Invalid icon format '[]'" classname="griffon.swing.editors.IconPropertyEditorSpec" time="0.001"/>
  <testcase name="Invalid icon format '[1]'" classname="griffon.swing.editors.IconPropertyEditorSpec" time="0.0"/>
  <testcase name="Invalid icon format '[1, 2]'" classname="griffon.swing.editors.IconPropertyEditorSpec" time="0.002"/>
  <testcase name="Invalid icon format '[1, 2, 3, 4, 5]'" classname="griffon.swing.editors.IconPropertyEditorSpec" time="0.0"/>
  <testcase name="Invalid icon format '[java.lang.Object@6d323227]'" classname="griffon.swing.editors.IconPropertyEditorSpec" time="0.001"/>
  <testcase name="Invalid icon format 'F00'" classname="griffon.swing.editors.IconPropertyEditorSpec" time="0.001"/>
  <testcase name="Invalid icon format '#F0'" classname="griffon.swing.editors.IconPropertyEditorSpec" time="0.001"/>
  <testcase name="Invalid icon format '#FF0000FF00'" classname="griffon.swing.editors.IconPropertyEditorSpec" time="0.001"/>
  <testcase name="Invalid icon format '[HH, FF, 00]'" classname="griffon.swing.editors.IconPropertyEditorSpec" time="0.0"/>
  <testcase name="Invalid icon format 'java.lang.Object@60a14674'" classname="griffon.swing.editors.IconPropertyEditorSpec" time="0.001"/>
  <system-out><![CDATA[]]></system-out>
  <system-err><![CDATA[]]></system-err>
</testsuite>
