<?xml version="1.0" encoding="UTF-8"?>
<testsuite name="griffon.swing.editors.IconPropertyEditorSpec" tests="14" skipped="0" failures="0" errors="0" timestamp="2016-12-12T18:15:42" hostname="testing-gce-b8b33b65-f9aa-43f6-82c8-a8f17f90840a" time="0.046">
  <properties/>
  <testcase name="Icon format 'null' should be equal to null" classname="griffon.swing.editors.IconPropertyEditorSpec" time="0.007"/>
  <testcase name="Icon format '' should be equal to null" classname="griffon.swing.editors.IconPropertyEditorSpec" time="0.0"/>
  <testcase name="Icon format ' ' should be equal to null" classname="griffon.swing.editors.IconPropertyEditorSpec" time="0.0"/>
  <testcase name="Invalid icon format 'garbage'" classname="griffon.swing.editors.IconPropertyEditorSpec" time="0.015"/>
  <testcase name="Invalid icon format '[]'" classname="griffon.swing.editors.IconPropertyEditorSpec" time="0.0"/>
  <testcase name="Invalid icon format '[1]'" classname="griffon.swing.editors.IconPropertyEditorSpec" time="0.001"/>
  <testcase name="Invalid icon format '[1, 2]'" classname="griffon.swing.editors.IconPropertyEditorSpec" time="0.003"/>
  <testcase name="Invalid icon format '[1, 2, 3, 4, 5]'" classname="griffon.swing.editors.IconPropertyEditorSpec" time="0.003"/>
  <testcase name="Invalid icon format '[java.lang.Object@3350768d]'" classname="griffon.swing.editors.IconPropertyEditorSpec" time="0.0"/>
  <testcase name="Invalid icon format 'F00'" classname="griffon.swing.editors.IconPropertyEditorSpec" time="0.001"/>
  <testcase name="Invalid icon format '#F0'" classname="griffon.swing.editors.IconPropertyEditorSpec" time="0.001"/>
  <testcase name="Invalid icon format '#FF0000FF00'" classname="griffon.swing.editors.IconPropertyEditorSpec" time="0.001"/>
  <testcase name="Invalid icon format '[HH, FF, 00]'" classname="griffon.swing.editors.IconPropertyEditorSpec" time="0.0"/>
  <testcase name="Invalid icon format 'java.lang.Object@107287db'" classname="griffon.swing.editors.IconPropertyEditorSpec" time="0.0"/>
  <system-out><![CDATA[]]></system-out>
  <system-err><![CDATA[]]></system-err>
</testsuite>
