<?xml version="1.0" encoding="UTF-8"?>
<testsuite name="griffon.swing.editors.RectanglePropertyEditorSpec" tests="30" skipped="0" failures="0" errors="0" timestamp="2017-01-17T10:08:55" hostname="testing-gce-287e965d-5e9a-462b-b200-af66e676e36c" time="0.025">
  <properties/>
  <testcase name="Rectangle format 'null' should be equal to #Error:rectangle" classname="griffon.swing.editors.RectanglePropertyEditorSpec" time="0.004"/>
  <testcase name="Rectangle format '' should be equal to #Error:rectangle" classname="griffon.swing.editors.RectanglePropertyEditorSpec" time="0.0"/>
  <testcase name="Rectangle format ' ' should be equal to #Error:rectangle" classname="griffon.swing.editors.RectanglePropertyEditorSpec" time="0.0"/>
  <testcase name="Rectangle format '[]' should be equal to #Error:rectangle" classname="griffon.swing.editors.RectanglePropertyEditorSpec" time="0.0"/>
  <testcase name="Rectangle format '[:]' should be equal to #Error:rectangle" classname="griffon.swing.editors.RectanglePropertyEditorSpec" time="0.0"/>
  <testcase name="Rectangle format '10,20,30,40' should be equal to #Error:rectangle" classname="griffon.swing.editors.RectanglePropertyEditorSpec" time="0.001"/>
  <testcase name="Rectangle format '10, 20, 30, 40' should be equal to #Error:rectangle" classname="griffon.swing.editors.RectanglePropertyEditorSpec" time="0.0"/>
  <testcase name="Rectangle format ' 10, 20, 30, 40' should be equal to #Error:rectangle" classname="griffon.swing.editors.RectanglePropertyEditorSpec" time="0.0"/>
  <testcase name="Rectangle format ' 10, 20, 30, 40 ' should be equal to #Error:rectangle" classname="griffon.swing.editors.RectanglePropertyEditorSpec" time="0.0"/>
  <testcase name="Rectangle format '[10, 20, 30, 40]' should be equal to #Error:rectangle" classname="griffon.swing.editors.RectanglePropertyEditorSpec" time="0.0"/>
  <testcase name="Rectangle format '[10, 20, 30, 40]' should be equal to #Error:rectangle" classname="griffon.swing.editors.RectanglePropertyEditorSpec" time="0.001"/>
  <testcase name="Rectangle format '[x:10, y:20, width:30, height:40]' should be equal to #Error:rectangle" classname="griffon.swing.editors.RectanglePropertyEditorSpec" time="0.0"/>
  <testcase name="Rectangle format '[x:10, y:20, width:30, height:40]' should be equal to #Error:rectangle" classname="griffon.swing.editors.RectanglePropertyEditorSpec" time="0.0"/>
  <testcase name="Rectangle format '[x:10, y:20, w:30, h:40]' should be equal to #Error:rectangle" classname="griffon.swing.editors.RectanglePropertyEditorSpec" time="0.001"/>
  <testcase name="Rectangle format '[x:10, y:20, w:30, h:40]' should be equal to #Error:rectangle" classname="griffon.swing.editors.RectanglePropertyEditorSpec" time="0.001"/>
  <testcase name="Rectangle format 'java.awt.Rectangle[x=10,y=20,width=30,height=40]' should be equal to #Error:rectangle" classname="griffon.swing.editors.RectanglePropertyEditorSpec" time="0.001"/>
  <testcase name="Rectangle format '[foo:10, bar:20]' should be equal to #Error:rectangle" classname="griffon.swing.editors.RectanglePropertyEditorSpec" time="0.0"/>
  <testcase name="Invalid rectangle format 'garbage'" classname="griffon.swing.editors.RectanglePropertyEditorSpec" time="0.001"/>
  <testcase name="Invalid rectangle format '1, 2, 3'" classname="griffon.swing.editors.RectanglePropertyEditorSpec" time="0.001"/>
  <testcase name="Invalid rectangle format '1, 2, 3, 4, 5'" classname="griffon.swing.editors.RectanglePropertyEditorSpec" time="0.0"/>
  <testcase name="Invalid rectangle format '[1, 2, 3]'" classname="griffon.swing.editors.RectanglePropertyEditorSpec" time="0.0"/>
  <testcase name="Invalid rectangle format '[1, 2, 3, 4, 5]'" classname="griffon.swing.editors.RectanglePropertyEditorSpec" time="0.0"/>
  <testcase name="Invalid rectangle format '[x:a]'" classname="griffon.swing.editors.RectanglePropertyEditorSpec" time="0.0"/>
  <testcase name="Invalid rectangle format '[y:b]'" classname="griffon.swing.editors.RectanglePropertyEditorSpec" time="0.001"/>
  <testcase name="Invalid rectangle format '[java.lang.Object@5fb56049]'" classname="griffon.swing.editors.RectanglePropertyEditorSpec" time="0.0"/>
  <testcase name="Invalid rectangle format '[java.lang.Object@41c8f4cf, java.lang.Object@12f04c76, java.lang.Object@602c499a, java.lang.Object@146fcafe]'" classname="griffon.swing.editors.RectanglePropertyEditorSpec" time="0.0"/>
  <testcase name="Invalid rectangle format '[x:java.lang.Object@12072a30]'" classname="griffon.swing.editors.RectanglePropertyEditorSpec" time="0.001"/>
  <testcase name="Invalid rectangle format 'java.lang.Object@20447fa'" classname="griffon.swing.editors.RectanglePropertyEditorSpec" time="0.0"/>
  <testcase name="Formatted rectangle 'null'" classname="griffon.swing.editors.RectanglePropertyEditorSpec" time="0.0"/>
  <testcase name="Formatted rectangle '10.0, 20.0, 30.0, 40.0'" classname="griffon.swing.editors.RectanglePropertyEditorSpec" time="0.0"/>
  <system-out><![CDATA[]]></system-out>
  <system-err><![CDATA[]]></system-err>
</testsuite>
