<?xml version="1.0" encoding="UTF-8"?>
<testsuite name="griffon.swing.editors.BufferedImagePropertyEditorSpec" tests="14" skipped="0" failures="0" errors="0" timestamp="2016-11-30T21:59:45" hostname="testing-gce-56334b88-24b1-400f-a148-1c5d8919e344" time="0.014">
  <properties/>
  <testcase name="BufferedImage format 'null' should be equal to null" classname="griffon.swing.editors.BufferedImagePropertyEditorSpec" time="0.003"/>
  <testcase name="BufferedImage format '' should be equal to null" classname="griffon.swing.editors.BufferedImagePropertyEditorSpec" time="0.0"/>
  <testcase name="BufferedImage format ' ' should be equal to null" classname="griffon.swing.editors.BufferedImagePropertyEditorSpec" time="0.0"/>
  <testcase name="Invalid image format 'garbage'" classname="griffon.swing.editors.BufferedImagePropertyEditorSpec" time="0.001"/>
  <testcase name="Invalid image format '[]'" classname="griffon.swing.editors.BufferedImagePropertyEditorSpec" time="0.0"/>
  <testcase name="Invalid image format '[1]'" classname="griffon.swing.editors.BufferedImagePropertyEditorSpec" time="0.0"/>
  <testcase name="Invalid image format '[1, 2]'" classname="griffon.swing.editors.BufferedImagePropertyEditorSpec" time="0.0"/>
  <testcase name="Invalid image format '[1, 2, 3, 4, 5]'" classname="griffon.swing.editors.BufferedImagePropertyEditorSpec" time="0.0"/>
  <testcase name="Invalid image format '[java.lang.Object@5946d8ec]'" classname="griffon.swing.editors.BufferedImagePropertyEditorSpec" time="0.0"/>
  <testcase name="Invalid image format 'F00'" classname="griffon.swing.editors.BufferedImagePropertyEditorSpec" time="0.0"/>
  <testcase name="Invalid image format '#F0'" classname="griffon.swing.editors.BufferedImagePropertyEditorSpec" time="0.001"/>
  <testcase name="Invalid image format '#FF0000FF00'" classname="griffon.swing.editors.BufferedImagePropertyEditorSpec" time="0.0"/>
  <testcase name="Invalid image format '[HH, FF, 00]'" classname="griffon.swing.editors.BufferedImagePropertyEditorSpec" time="0.0"/>
  <testcase name="Invalid image format 'java.lang.Object@4b6b667e'" classname="griffon.swing.editors.BufferedImagePropertyEditorSpec" time="0.0"/>
  <system-out><![CDATA[]]></system-out>
  <system-err><![CDATA[]]></system-err>
</testsuite>
