<?xml version="1.0" encoding="UTF-8"?>
<testsuite name="griffon.swing.editors.IconPropertyEditorSpec" tests="14" skipped="0" failures="0" errors="0" timestamp="2016-12-07T11:33:16" hostname="testing-gce-18702692-515d-4fb2-b554-869b19883cee" time="0.033">
  <properties/>
  <testcase name="Icon format 'null' should be equal to null" classname="griffon.swing.editors.IconPropertyEditorSpec" time="0.006"/>
  <testcase name="Icon format '' should be equal to null" classname="griffon.swing.editors.IconPropertyEditorSpec" time="0.001"/>
  <testcase name="Icon format ' ' should be equal to null" classname="griffon.swing.editors.IconPropertyEditorSpec" time="0.0"/>
  <testcase name="Invalid icon format 'garbage'" classname="griffon.swing.editors.IconPropertyEditorSpec" time="0.014"/>
  <testcase name="Invalid icon format '[]'" classname="griffon.swing.editors.IconPropertyEditorSpec" time="0.0"/>
  <testcase name="Invalid icon format '[1]'" classname="griffon.swing.editors.IconPropertyEditorSpec" time="0.0"/>
  <testcase name="Invalid icon format '[1, 2]'" classname="griffon.swing.editors.IconPropertyEditorSpec" time="0.001"/>
  <testcase name="Invalid icon format '[1, 2, 3, 4, 5]'" classname="griffon.swing.editors.IconPropertyEditorSpec" time="0.0"/>
  <testcase name="Invalid icon format '[java.lang.Object@2aacd01d]'" classname="griffon.swing.editors.IconPropertyEditorSpec" time="0.0"/>
  <testcase name="Invalid icon format 'F00'" classname="griffon.swing.editors.IconPropertyEditorSpec" time="0.0"/>
  <testcase name="Invalid icon format '#F0'" classname="griffon.swing.editors.IconPropertyEditorSpec" time="0.001"/>
  <testcase name="Invalid icon format '#FF0000FF00'" classname="griffon.swing.editors.IconPropertyEditorSpec" time="0.001"/>
  <testcase name="Invalid icon format '[HH, FF, 00]'" classname="griffon.swing.editors.IconPropertyEditorSpec" time="0.0"/>
  <testcase name="Invalid icon format 'java.lang.Object@7d16dea4'" classname="griffon.swing.editors.IconPropertyEditorSpec" time="0.0"/>
  <system-out><![CDATA[]]></system-out>
  <system-err><![CDATA[]]></system-err>
</testsuite>
