<?xml version="1.0" encoding="UTF-8"?>
<testsuite name="griffon.swing.editors.Rectangle2DPropertyEditorSpec" tests="30" skipped="0" failures="0" errors="0" timestamp="2016-11-14T16:00:23" hostname="testing-gce-262b1400-de9e-4b35-b7a9-cd4d4f40eb7e" time="0.042">
  <properties/>
  <testcase name="Rectangle2D format 'null' should be equal to #Error:rectangle" classname="griffon.swing.editors.Rectangle2DPropertyEditorSpec" time="0.005"/>
  <testcase name="Rectangle2D format '' should be equal to #Error:rectangle" classname="griffon.swing.editors.Rectangle2DPropertyEditorSpec" time="0.0"/>
  <testcase name="Rectangle2D format ' ' should be equal to #Error:rectangle" classname="griffon.swing.editors.Rectangle2DPropertyEditorSpec" time="0.0"/>
  <testcase name="Rectangle2D format '[]' should be equal to #Error:rectangle" classname="griffon.swing.editors.Rectangle2DPropertyEditorSpec" time="0.001"/>
  <testcase name="Rectangle2D format '[:]' should be equal to #Error:rectangle" classname="griffon.swing.editors.Rectangle2DPropertyEditorSpec" time="0.0"/>
  <testcase name="Rectangle2D format '10,20,30,40' should be equal to #Error:rectangle" classname="griffon.swing.editors.Rectangle2DPropertyEditorSpec" time="0.001"/>
  <testcase name="Rectangle2D format '10, 20, 30, 40' should be equal to #Error:rectangle" classname="griffon.swing.editors.Rectangle2DPropertyEditorSpec" time="0.0"/>
  <testcase name="Rectangle2D format ' 10, 20, 30, 40' should be equal to #Error:rectangle" classname="griffon.swing.editors.Rectangle2DPropertyEditorSpec" time="0.0"/>
  <testcase name="Rectangle2D format ' 10, 20, 30, 40 ' should be equal to #Error:rectangle" classname="griffon.swing.editors.Rectangle2DPropertyEditorSpec" time="0.001"/>
  <testcase name="Rectangle2D format '[10, 20, 30, 40]' should be equal to #Error:rectangle" classname="griffon.swing.editors.Rectangle2DPropertyEditorSpec" time="0.003"/>
  <testcase name="Rectangle2D format '[10, 20, 30, 40]' should be equal to #Error:rectangle" classname="griffon.swing.editors.Rectangle2DPropertyEditorSpec" time="0.003"/>
  <testcase name="Rectangle2D format '[x:10, y:20, width:30, height:40]' should be equal to #Error:rectangle" classname="griffon.swing.editors.Rectangle2DPropertyEditorSpec" time="0.001"/>
  <testcase name="Rectangle2D format '[x:10, y:20, width:30, height:40]' should be equal to #Error:rectangle" classname="griffon.swing.editors.Rectangle2DPropertyEditorSpec" time="0.0"/>
  <testcase name="Rectangle2D format '[x:10, y:20, w:30, h:40]' should be equal to #Error:rectangle" classname="griffon.swing.editors.Rectangle2DPropertyEditorSpec" time="0.0"/>
  <testcase name="Rectangle2D format '[x:10, y:20, w:30, h:40]' should be equal to #Error:rectangle" classname="griffon.swing.editors.Rectangle2DPropertyEditorSpec" time="0.0"/>
  <testcase name="Rectangle2D format 'java.awt.geom.Rectangle2D$Double[x=10.0,y=20.0,w=30.0,h=40.0]' should be equal to #Error:rectangle" classname="griffon.swing.editors.Rectangle2DPropertyEditorSpec" time="0.001"/>
  <testcase name="Rectangle2D format '[foo:10, bar:20]' should be equal to #Error:rectangle" classname="griffon.swing.editors.Rectangle2DPropertyEditorSpec" time="0.001"/>
  <testcase name="Invalid rectangle format 'garbage'" classname="griffon.swing.editors.Rectangle2DPropertyEditorSpec" time="0.001"/>
  <testcase name="Invalid rectangle format '1, 2, 3'" classname="griffon.swing.editors.Rectangle2DPropertyEditorSpec" time="0.001"/>
  <testcase name="Invalid rectangle format '1, 2, 3, 4, 5'" classname="griffon.swing.editors.Rectangle2DPropertyEditorSpec" time="0.0"/>
  <testcase name="Invalid rectangle format '[1, 2, 3]'" classname="griffon.swing.editors.Rectangle2DPropertyEditorSpec" time="0.001"/>
  <testcase name="Invalid rectangle format '[1, 2, 3, 4, 5]'" classname="griffon.swing.editors.Rectangle2DPropertyEditorSpec" time="0.0"/>
  <testcase name="Invalid rectangle format '[x:a]'" classname="griffon.swing.editors.Rectangle2DPropertyEditorSpec" time="0.001"/>
  <testcase name="Invalid rectangle format '[y:b]'" classname="griffon.swing.editors.Rectangle2DPropertyEditorSpec" time="0.0"/>
  <testcase name="Invalid rectangle format '[java.lang.Object@247a316c]'" classname="griffon.swing.editors.Rectangle2DPropertyEditorSpec" time="0.001"/>
  <testcase name="Invalid rectangle format '[java.lang.Object@54e12973, java.lang.Object@68edf8bd, java.lang.Object@26ccaa32, java.lang.Object@53c80ed6]'" classname="griffon.swing.editors.Rectangle2DPropertyEditorSpec" time="0.0"/>
  <testcase name="Invalid rectangle format '[x:java.lang.Object@ebf0f6d]'" classname="griffon.swing.editors.Rectangle2DPropertyEditorSpec" time="0.001"/>
  <testcase name="Invalid rectangle format 'java.lang.Object@9903617'" classname="griffon.swing.editors.Rectangle2DPropertyEditorSpec" time="0.0"/>
  <testcase name="Formatted rectangle 'null'" classname="griffon.swing.editors.Rectangle2DPropertyEditorSpec" time="0.0"/>
  <testcase name="Formatted rectangle '10.0, 20.0, 30.0, 40.0'" classname="griffon.swing.editors.Rectangle2DPropertyEditorSpec" time="0.0"/>
  <system-out><![CDATA[]]></system-out>
  <system-err><![CDATA[]]></system-err>
</testsuite>
