<?xml version="1.0" encoding="UTF-8"?>
<testsuite name="griffon.swing.editors.RectanglePropertyEditorSpec" tests="30" skipped="0" failures="0" errors="0" timestamp="2017-04-11T08:40:18" hostname="testing-gce-c87b0d7a-842c-4073-abeb-1a1a45e4e432" time="0.045">
  <properties/>
  <testcase name="Rectangle format 'null' should be equal to #Error:rectangle" classname="griffon.swing.editors.RectanglePropertyEditorSpec" time="0.009"/>
  <testcase name="Rectangle format '' should be equal to #Error:rectangle" classname="griffon.swing.editors.RectanglePropertyEditorSpec" time="0.002"/>
  <testcase name="Rectangle format ' ' should be equal to #Error:rectangle" classname="griffon.swing.editors.RectanglePropertyEditorSpec" time="0.0"/>
  <testcase name="Rectangle format '[]' should be equal to #Error:rectangle" classname="griffon.swing.editors.RectanglePropertyEditorSpec" time="0.001"/>
  <testcase name="Rectangle format '[:]' should be equal to #Error:rectangle" classname="griffon.swing.editors.RectanglePropertyEditorSpec" time="0.001"/>
  <testcase name="Rectangle format '10,20,30,40' should be equal to #Error:rectangle" classname="griffon.swing.editors.RectanglePropertyEditorSpec" time="0.001"/>
  <testcase name="Rectangle format '10, 20, 30, 40' should be equal to #Error:rectangle" classname="griffon.swing.editors.RectanglePropertyEditorSpec" time="0.0"/>
  <testcase name="Rectangle format ' 10, 20, 30, 40' should be equal to #Error:rectangle" classname="griffon.swing.editors.RectanglePropertyEditorSpec" time="0.0"/>
  <testcase name="Rectangle format ' 10, 20, 30, 40 ' should be equal to #Error:rectangle" classname="griffon.swing.editors.RectanglePropertyEditorSpec" time="0.0"/>
  <testcase name="Rectangle format '[10, 20, 30, 40]' should be equal to #Error:rectangle" classname="griffon.swing.editors.RectanglePropertyEditorSpec" time="0.001"/>
  <testcase name="Rectangle format '[10, 20, 30, 40]' should be equal to #Error:rectangle" classname="griffon.swing.editors.RectanglePropertyEditorSpec" time="0.0"/>
  <testcase name="Rectangle format '[x:10, y:20, width:30, height:40]' should be equal to #Error:rectangle" classname="griffon.swing.editors.RectanglePropertyEditorSpec" time="0.001"/>
  <testcase name="Rectangle format '[x:10, y:20, width:30, height:40]' should be equal to #Error:rectangle" classname="griffon.swing.editors.RectanglePropertyEditorSpec" time="0.001"/>
  <testcase name="Rectangle format '[x:10, y:20, w:30, h:40]' should be equal to #Error:rectangle" classname="griffon.swing.editors.RectanglePropertyEditorSpec" time="0.001"/>
  <testcase name="Rectangle format '[x:10, y:20, w:30, h:40]' should be equal to #Error:rectangle" classname="griffon.swing.editors.RectanglePropertyEditorSpec" time="0.001"/>
  <testcase name="Rectangle format 'java.awt.Rectangle[x=10,y=20,width=30,height=40]' should be equal to #Error:rectangle" classname="griffon.swing.editors.RectanglePropertyEditorSpec" time="0.002"/>
  <testcase name="Rectangle format '[foo:10, bar:20]' should be equal to #Error:rectangle" classname="griffon.swing.editors.RectanglePropertyEditorSpec" time="0.0"/>
  <testcase name="Invalid rectangle format 'garbage'" classname="griffon.swing.editors.RectanglePropertyEditorSpec" time="0.001"/>
  <testcase name="Invalid rectangle format '1, 2, 3'" classname="griffon.swing.editors.RectanglePropertyEditorSpec" time="0.0"/>
  <testcase name="Invalid rectangle format '1, 2, 3, 4, 5'" classname="griffon.swing.editors.RectanglePropertyEditorSpec" time="0.001"/>
  <testcase name="Invalid rectangle format '[1, 2, 3]'" classname="griffon.swing.editors.RectanglePropertyEditorSpec" time="0.0"/>
  <testcase name="Invalid rectangle format '[1, 2, 3, 4, 5]'" classname="griffon.swing.editors.RectanglePropertyEditorSpec" time="0.0"/>
  <testcase name="Invalid rectangle format '[x:a]'" classname="griffon.swing.editors.RectanglePropertyEditorSpec" time="0.001"/>
  <testcase name="Invalid rectangle format '[y:b]'" classname="griffon.swing.editors.RectanglePropertyEditorSpec" time="0.0"/>
  <testcase name="Invalid rectangle format '[java.lang.Object@61d08d47]'" classname="griffon.swing.editors.RectanglePropertyEditorSpec" time="0.0"/>
  <testcase name="Invalid rectangle format '[java.lang.Object@66179f2f, java.lang.Object@7f65a575, java.lang.Object@68d14316, java.lang.Object@d8e51fe]'" classname="griffon.swing.editors.RectanglePropertyEditorSpec" time="0.002"/>
  <testcase name="Invalid rectangle format '[x:java.lang.Object@57ba5987]'" classname="griffon.swing.editors.RectanglePropertyEditorSpec" time="0.001"/>
  <testcase name="Invalid rectangle format 'java.lang.Object@5a60008'" classname="griffon.swing.editors.RectanglePropertyEditorSpec" time="0.005"/>
  <testcase name="Formatted rectangle 'null'" classname="griffon.swing.editors.RectanglePropertyEditorSpec" time="0.0"/>
  <testcase name="Formatted rectangle '10.0, 20.0, 30.0, 40.0'" classname="griffon.swing.editors.RectanglePropertyEditorSpec" time="0.0"/>
  <system-out><![CDATA[]]></system-out>
  <system-err><![CDATA[]]></system-err>
</testsuite>
