<?xml version="1.0" encoding="UTF-8"?>
<testsuite name="griffon.swing.editors.Rectangle2DPropertyEditorSpec" tests="30" skipped="0" failures="0" errors="0" timestamp="2017-04-11T08:40:18" hostname="testing-gce-c87b0d7a-842c-4073-abeb-1a1a45e4e432" time="0.022">
  <properties/>
  <testcase name="Rectangle2D format 'null' should be equal to #Error:rectangle" classname="griffon.swing.editors.Rectangle2DPropertyEditorSpec" time="0.005"/>
  <testcase name="Rectangle2D format '' should be equal to #Error:rectangle" classname="griffon.swing.editors.Rectangle2DPropertyEditorSpec" time="0.001"/>
  <testcase name="Rectangle2D format ' ' should be equal to #Error:rectangle" classname="griffon.swing.editors.Rectangle2DPropertyEditorSpec" time="0.0"/>
  <testcase name="Rectangle2D format '[]' should be equal to #Error:rectangle" classname="griffon.swing.editors.Rectangle2DPropertyEditorSpec" time="0.0"/>
  <testcase name="Rectangle2D format '[:]' should be equal to #Error:rectangle" classname="griffon.swing.editors.Rectangle2DPropertyEditorSpec" time="0.0"/>
  <testcase name="Rectangle2D format '10,20,30,40' should be equal to #Error:rectangle" classname="griffon.swing.editors.Rectangle2DPropertyEditorSpec" time="0.0"/>
  <testcase name="Rectangle2D format '10, 20, 30, 40' should be equal to #Error:rectangle" classname="griffon.swing.editors.Rectangle2DPropertyEditorSpec" time="0.001"/>
  <testcase name="Rectangle2D format ' 10, 20, 30, 40' should be equal to #Error:rectangle" classname="griffon.swing.editors.Rectangle2DPropertyEditorSpec" time="0.0"/>
  <testcase name="Rectangle2D format ' 10, 20, 30, 40 ' should be equal to #Error:rectangle" classname="griffon.swing.editors.Rectangle2DPropertyEditorSpec" time="0.0"/>
  <testcase name="Rectangle2D format '[10, 20, 30, 40]' should be equal to #Error:rectangle" classname="griffon.swing.editors.Rectangle2DPropertyEditorSpec" time="0.001"/>
  <testcase name="Rectangle2D format '[10, 20, 30, 40]' should be equal to #Error:rectangle" classname="griffon.swing.editors.Rectangle2DPropertyEditorSpec" time="0.0"/>
  <testcase name="Rectangle2D format '[x:10, y:20, width:30, height:40]' should be equal to #Error:rectangle" classname="griffon.swing.editors.Rectangle2DPropertyEditorSpec" time="0.0"/>
  <testcase name="Rectangle2D format '[x:10, y:20, width:30, height:40]' should be equal to #Error:rectangle" classname="griffon.swing.editors.Rectangle2DPropertyEditorSpec" time="0.0"/>
  <testcase name="Rectangle2D format '[x:10, y:20, w:30, h:40]' should be equal to #Error:rectangle" classname="griffon.swing.editors.Rectangle2DPropertyEditorSpec" time="0.0"/>
  <testcase name="Rectangle2D format '[x:10, y:20, w:30, h:40]' should be equal to #Error:rectangle" classname="griffon.swing.editors.Rectangle2DPropertyEditorSpec" time="0.0"/>
  <testcase name="Rectangle2D format 'java.awt.geom.Rectangle2D$Double[x=10.0,y=20.0,w=30.0,h=40.0]' should be equal to #Error:rectangle" classname="griffon.swing.editors.Rectangle2DPropertyEditorSpec" time="0.001"/>
  <testcase name="Rectangle2D format '[foo:10, bar:20]' should be equal to #Error:rectangle" classname="griffon.swing.editors.Rectangle2DPropertyEditorSpec" time="0.0"/>
  <testcase name="Invalid rectangle format 'garbage'" classname="griffon.swing.editors.Rectangle2DPropertyEditorSpec" time="0.0"/>
  <testcase name="Invalid rectangle format '1, 2, 3'" classname="griffon.swing.editors.Rectangle2DPropertyEditorSpec" time="0.0"/>
  <testcase name="Invalid rectangle format '1, 2, 3, 4, 5'" classname="griffon.swing.editors.Rectangle2DPropertyEditorSpec" time="0.0"/>
  <testcase name="Invalid rectangle format '[1, 2, 3]'" classname="griffon.swing.editors.Rectangle2DPropertyEditorSpec" time="0.0"/>
  <testcase name="Invalid rectangle format '[1, 2, 3, 4, 5]'" classname="griffon.swing.editors.Rectangle2DPropertyEditorSpec" time="0.0"/>
  <testcase name="Invalid rectangle format '[x:a]'" classname="griffon.swing.editors.Rectangle2DPropertyEditorSpec" time="0.0"/>
  <testcase name="Invalid rectangle format '[y:b]'" classname="griffon.swing.editors.Rectangle2DPropertyEditorSpec" time="0.0"/>
  <testcase name="Invalid rectangle format '[java.lang.Object@1ce021ba]'" classname="griffon.swing.editors.Rectangle2DPropertyEditorSpec" time="0.001"/>
  <testcase name="Invalid rectangle format '[java.lang.Object@1bc1914c, java.lang.Object@66f4ddad, java.lang.Object@300e7abe, java.lang.Object@2d7e60f4]'" classname="griffon.swing.editors.Rectangle2DPropertyEditorSpec" time="0.0"/>
  <testcase name="Invalid rectangle format '[x:java.lang.Object@3a22cfe6]'" classname="griffon.swing.editors.Rectangle2DPropertyEditorSpec" time="0.0"/>
  <testcase name="Invalid rectangle format 'java.lang.Object@7a7b74ba'" classname="griffon.swing.editors.Rectangle2DPropertyEditorSpec" time="0.001"/>
  <testcase name="Formatted rectangle 'null'" classname="griffon.swing.editors.Rectangle2DPropertyEditorSpec" time="0.0"/>
  <testcase name="Formatted rectangle '10.0, 20.0, 30.0, 40.0'" classname="griffon.swing.editors.Rectangle2DPropertyEditorSpec" time="0.001"/>
  <system-out><![CDATA[]]></system-out>
  <system-err><![CDATA[]]></system-err>
</testsuite>
