<?xml version="1.0" encoding="UTF-8"?>
<testsuite name="griffon.swing.editors.BufferedImagePropertyEditorSpec" tests="14" skipped="0" failures="0" errors="0" timestamp="2016-12-12T18:15:42" hostname="testing-gce-b8b33b65-f9aa-43f6-82c8-a8f17f90840a" time="0.035">
  <properties/>
  <testcase name="BufferedImage format 'null' should be equal to null" classname="griffon.swing.editors.BufferedImagePropertyEditorSpec" time="0.011"/>
  <testcase name="BufferedImage format '' should be equal to null" classname="griffon.swing.editors.BufferedImagePropertyEditorSpec" time="0.0"/>
  <testcase name="BufferedImage format ' ' should be equal to null" classname="griffon.swing.editors.BufferedImagePropertyEditorSpec" time="0.0"/>
  <testcase name="Invalid image format 'garbage'" classname="griffon.swing.editors.BufferedImagePropertyEditorSpec" time="0.001"/>
  <testcase name="Invalid image format '[]'" classname="griffon.swing.editors.BufferedImagePropertyEditorSpec" time="0.001"/>
  <testcase name="Invalid image format '[1]'" classname="griffon.swing.editors.BufferedImagePropertyEditorSpec" time="0.0"/>
  <testcase name="Invalid image format '[1, 2]'" classname="griffon.swing.editors.BufferedImagePropertyEditorSpec" time="0.0"/>
  <testcase name="Invalid image format '[1, 2, 3, 4, 5]'" classname="griffon.swing.editors.BufferedImagePropertyEditorSpec" time="0.001"/>
  <testcase name="Invalid image format '[java.lang.Object@5e2335be]'" classname="griffon.swing.editors.BufferedImagePropertyEditorSpec" time="0.001"/>
  <testcase name="Invalid image format 'F00'" classname="griffon.swing.editors.BufferedImagePropertyEditorSpec" time="0.001"/>
  <testcase name="Invalid image format '#F0'" classname="griffon.swing.editors.BufferedImagePropertyEditorSpec" time="0.0"/>
  <testcase name="Invalid image format '#FF0000FF00'" classname="griffon.swing.editors.BufferedImagePropertyEditorSpec" time="0.0"/>
  <testcase name="Invalid image format '[HH, FF, 00]'" classname="griffon.swing.editors.BufferedImagePropertyEditorSpec" time="0.001"/>
  <testcase name="Invalid image format 'java.lang.Object@1118538c'" classname="griffon.swing.editors.BufferedImagePropertyEditorSpec" time="0.0"/>
  <system-out><![CDATA[]]></system-out>
  <system-err><![CDATA[]]></system-err>
</testsuite>
