<?xml version="1.0" encoding="UTF-8"?>
<testsuite name="griffon.swing.editors.Rectangle2DPropertyEditorSpec" tests="30" skipped="0" failures="0" errors="0" timestamp="2016-11-17T21:58:00" hostname="testing-gce-a500a3b7-3e8b-4697-b127-d17b45a2fbc5" time="0.031">
  <properties/>
  <testcase name="Rectangle2D format 'null' should be equal to #Error:rectangle" classname="griffon.swing.editors.Rectangle2DPropertyEditorSpec" time="0.005"/>
  <testcase name="Rectangle2D format '' should be equal to #Error:rectangle" classname="griffon.swing.editors.Rectangle2DPropertyEditorSpec" time="0.0"/>
  <testcase name="Rectangle2D format ' ' should be equal to #Error:rectangle" classname="griffon.swing.editors.Rectangle2DPropertyEditorSpec" time="0.0"/>
  <testcase name="Rectangle2D format '[]' should be equal to #Error:rectangle" classname="griffon.swing.editors.Rectangle2DPropertyEditorSpec" time="0.001"/>
  <testcase name="Rectangle2D format '[:]' should be equal to #Error:rectangle" classname="griffon.swing.editors.Rectangle2DPropertyEditorSpec" time="0.0"/>
  <testcase name="Rectangle2D format '10,20,30,40' should be equal to #Error:rectangle" classname="griffon.swing.editors.Rectangle2DPropertyEditorSpec" time="0.0"/>
  <testcase name="Rectangle2D format '10, 20, 30, 40' should be equal to #Error:rectangle" classname="griffon.swing.editors.Rectangle2DPropertyEditorSpec" time="0.0"/>
  <testcase name="Rectangle2D format ' 10, 20, 30, 40' should be equal to #Error:rectangle" classname="griffon.swing.editors.Rectangle2DPropertyEditorSpec" time="0.0"/>
  <testcase name="Rectangle2D format ' 10, 20, 30, 40 ' should be equal to #Error:rectangle" classname="griffon.swing.editors.Rectangle2DPropertyEditorSpec" time="0.002"/>
  <testcase name="Rectangle2D format '[10, 20, 30, 40]' should be equal to #Error:rectangle" classname="griffon.swing.editors.Rectangle2DPropertyEditorSpec" time="0.0"/>
  <testcase name="Rectangle2D format '[10, 20, 30, 40]' should be equal to #Error:rectangle" classname="griffon.swing.editors.Rectangle2DPropertyEditorSpec" time="0.001"/>
  <testcase name="Rectangle2D format '[x:10, y:20, width:30, height:40]' should be equal to #Error:rectangle" classname="griffon.swing.editors.Rectangle2DPropertyEditorSpec" time="0.003"/>
  <testcase name="Rectangle2D format '[x:10, y:20, width:30, height:40]' should be equal to #Error:rectangle" classname="griffon.swing.editors.Rectangle2DPropertyEditorSpec" time="0.0"/>
  <testcase name="Rectangle2D format '[x:10, y:20, w:30, h:40]' should be equal to #Error:rectangle" classname="griffon.swing.editors.Rectangle2DPropertyEditorSpec" time="0.0"/>
  <testcase name="Rectangle2D format '[x:10, y:20, w:30, h:40]' should be equal to #Error:rectangle" classname="griffon.swing.editors.Rectangle2DPropertyEditorSpec" time="0.001"/>
  <testcase name="Rectangle2D format 'java.awt.geom.Rectangle2D$Double[x=10.0,y=20.0,w=30.0,h=40.0]' should be equal to #Error:rectangle" classname="griffon.swing.editors.Rectangle2DPropertyEditorSpec" time="0.001"/>
  <testcase name="Rectangle2D format '[foo:10, bar:20]' should be equal to #Error:rectangle" classname="griffon.swing.editors.Rectangle2DPropertyEditorSpec" time="0.001"/>
  <testcase name="Invalid rectangle format 'garbage'" classname="griffon.swing.editors.Rectangle2DPropertyEditorSpec" time="0.0"/>
  <testcase name="Invalid rectangle format '1, 2, 3'" classname="griffon.swing.editors.Rectangle2DPropertyEditorSpec" time="0.0"/>
  <testcase name="Invalid rectangle format '1, 2, 3, 4, 5'" classname="griffon.swing.editors.Rectangle2DPropertyEditorSpec" time="0.0"/>
  <testcase name="Invalid rectangle format '[1, 2, 3]'" classname="griffon.swing.editors.Rectangle2DPropertyEditorSpec" time="0.0"/>
  <testcase name="Invalid rectangle format '[1, 2, 3, 4, 5]'" classname="griffon.swing.editors.Rectangle2DPropertyEditorSpec" time="0.0"/>
  <testcase name="Invalid rectangle format '[x:a]'" classname="griffon.swing.editors.Rectangle2DPropertyEditorSpec" time="0.0"/>
  <testcase name="Invalid rectangle format '[y:b]'" classname="griffon.swing.editors.Rectangle2DPropertyEditorSpec" time="0.0"/>
  <testcase name="Invalid rectangle format '[java.lang.Object@4e7801dc]'" classname="griffon.swing.editors.Rectangle2DPropertyEditorSpec" time="0.0"/>
  <testcase name="Invalid rectangle format '[java.lang.Object@6346f3c4, java.lang.Object@1e66b5f7, java.lang.Object@1bb7b2d2, java.lang.Object@154f3699]'" classname="griffon.swing.editors.Rectangle2DPropertyEditorSpec" time="0.0"/>
  <testcase name="Invalid rectangle format '[x:java.lang.Object@41433f27]'" classname="griffon.swing.editors.Rectangle2DPropertyEditorSpec" time="0.0"/>
  <testcase name="Invalid rectangle format 'java.lang.Object@6aa1e3f5'" classname="griffon.swing.editors.Rectangle2DPropertyEditorSpec" time="0.0"/>
  <testcase name="Formatted rectangle 'null'" classname="griffon.swing.editors.Rectangle2DPropertyEditorSpec" time="0.0"/>
  <testcase name="Formatted rectangle '10.0, 20.0, 30.0, 40.0'" classname="griffon.swing.editors.Rectangle2DPropertyEditorSpec" time="0.003"/>
  <system-out><![CDATA[]]></system-out>
  <system-err><![CDATA[]]></system-err>
</testsuite>
