<?xml version="1.0" encoding="UTF-8"?>
<testsuite name="sample.javafx.java.SampleIntegrationSpec" tests="2" skipped="0" failures="2" errors="0" timestamp="2017-04-23T11:18:06" hostname="testing-gce-800131f0-e76c-47bc-8935-b4db1ec986af" time="20.555">
  <properties/>
  <testcase name="Get default message if no input is given" classname="sample.javafx.java.SampleIntegrationSpec" time="10.347">
    <failure message="org.awaitility.core.ConditionTimeoutException: Condition with lambda expression in griffon.javafx.test.GriffonTestFXRule$1 that uses griffon.javafx.test.GriffonTestFXRule$WindowShownHandler was not fulfilled within 10 seconds." type="org.awaitility.core.ConditionTimeoutException">org.awaitility.core.ConditionTimeoutException: Condition with lambda expression in griffon.javafx.test.GriffonTestFXRule$1 that uses griffon.javafx.test.GriffonTestFXRule$WindowShownHandler was not fulfilled within 10 seconds.
	at org.awaitility.core.ConditionAwaiter.await(ConditionAwaiter.java:104)
	at org.awaitility.core.CallableCondition.await(CallableCondition.java:79)
	at org.awaitility.core.CallableCondition.await(CallableCondition.java:27)
	at org.awaitility.core.ConditionFactory.until(ConditionFactory.java:809)
	at org.awaitility.core.ConditionFactory.until(ConditionFactory.java:785)
	at griffon.javafx.test.GriffonTestFXRule$1.evaluate(GriffonTestFXRule.java:101)
	at org.spockframework.runtime.extension.builtin.MethodRuleInterceptor.intercept(MethodRuleInterceptor.java:40)
	at org.spockframework.runtime.extension.MethodInvocation.proceed(MethodInvocation.java:87)
	at org.gradle.api.internal.tasks.testing.junit.JUnitTestClassExecuter.runTestClass(JUnitTestClassExecuter.java:114)
	at org.gradle.api.internal.tasks.testing.junit.JUnitTestClassExecuter.execute(JUnitTestClassExecuter.java:57)
	at org.gradle.api.internal.tasks.testing.junit.JUnitTestClassProcessor.processTestClass(JUnitTestClassProcessor.java:66)
	at org.gradle.api.internal.tasks.testing.SuiteTestClassProcessor.processTestClass(SuiteTestClassProcessor.java:51)
	at org.gradle.internal.dispatch.ReflectionDispatch.dispatch(ReflectionDispatch.java:35)
	at org.gradle.internal.dispatch.ReflectionDispatch.dispatch(ReflectionDispatch.java:24)
	at org.gradle.internal.dispatch.ContextClassLoaderDispatch.dispatch(ContextClassLoaderDispatch.java:32)
	at org.gradle.internal.dispatch.ProxyDispatchAdapter$DispatchingInvocationHandler.invoke(ProxyDispatchAdapter.java:93)
	at org.gradle.api.internal.tasks.testing.worker.TestWorker.processTestClass(TestWorker.java:109)
	at org.gradle.internal.dispatch.ReflectionDispatch.dispatch(ReflectionDispatch.java:35)
	at org.gradle.internal.dispatch.ReflectionDispatch.dispatch(ReflectionDispatch.java:24)
	at org.gradle.internal.remote.internal.hub.MessageHubBackedObjectConnection$DispatchWrapper.dispatch(MessageHubBackedObjectConnection.java:147)
	at org.gradle.internal.remote.internal.hub.MessageHubBackedObjectConnection$DispatchWrapper.dispatch(MessageHubBackedObjectConnection.java:129)
	at org.gradle.internal.remote.internal.hub.MessageHub$Handler.run(MessageHub.java:404)
	at org.gradle.internal.concurrent.ExecutorPolicy$CatchAndRecordFailures.onExecute(ExecutorPolicy.java:63)
	at org.gradle.internal.concurrent.StoppableExecutorImpl$1.run(StoppableExecutorImpl.java:46)
	at java.util.concurrent.ThreadPoolExecutor.runWorker(ThreadPoolExecutor.java:1142)
	at java.util.concurrent.ThreadPoolExecutor$Worker.run(ThreadPoolExecutor.java:617)
	at java.lang.Thread.run(Thread.java:745)
</failure>
  </testcase>
  <testcase name="Get hello message if input is given" classname="sample.javafx.java.SampleIntegrationSpec" time="10.207">
    <failure message="org.awaitility.core.ConditionTimeoutException: Condition with lambda expression in griffon.javafx.test.GriffonTestFXRule$1 that uses griffon.javafx.test.GriffonTestFXRule$WindowShownHandler was not fulfilled within 10 seconds." type="org.awaitility.core.ConditionTimeoutException">org.awaitility.core.ConditionTimeoutException: Condition with lambda expression in griffon.javafx.test.GriffonTestFXRule$1 that uses griffon.javafx.test.GriffonTestFXRule$WindowShownHandler was not fulfilled within 10 seconds.
	at org.awaitility.core.ConditionAwaiter.await(ConditionAwaiter.java:104)
	at org.awaitility.core.CallableCondition.await(CallableCondition.java:79)
	at org.awaitility.core.CallableCondition.await(CallableCondition.java:27)
	at org.awaitility.core.ConditionFactory.until(ConditionFactory.java:809)
	at org.awaitility.core.ConditionFactory.until(ConditionFactory.java:785)
	at griffon.javafx.test.GriffonTestFXRule$1.evaluate(GriffonTestFXRule.java:101)
	at org.spockframework.runtime.extension.builtin.MethodRuleInterceptor.intercept(MethodRuleInterceptor.java:40)
	at org.spockframework.runtime.extension.MethodInvocation.proceed(MethodInvocation.java:87)
	at org.gradle.api.internal.tasks.testing.junit.JUnitTestClassExecuter.runTestClass(JUnitTestClassExecuter.java:114)
	at org.gradle.api.internal.tasks.testing.junit.JUnitTestClassExecuter.execute(JUnitTestClassExecuter.java:57)
	at org.gradle.api.internal.tasks.testing.junit.JUnitTestClassProcessor.processTestClass(JUnitTestClassProcessor.java:66)
	at org.gradle.api.internal.tasks.testing.SuiteTestClassProcessor.processTestClass(SuiteTestClassProcessor.java:51)
	at org.gradle.internal.dispatch.ReflectionDispatch.dispatch(ReflectionDispatch.java:35)
	at org.gradle.internal.dispatch.ReflectionDispatch.dispatch(ReflectionDispatch.java:24)
	at org.gradle.internal.dispatch.ContextClassLoaderDispatch.dispatch(ContextClassLoaderDispatch.java:32)
	at org.gradle.internal.dispatch.ProxyDispatchAdapter$DispatchingInvocationHandler.invoke(ProxyDispatchAdapter.java:93)
	at org.gradle.api.internal.tasks.testing.worker.TestWorker.processTestClass(TestWorker.java:109)
	at org.gradle.internal.dispatch.ReflectionDispatch.dispatch(ReflectionDispatch.java:35)
	at org.gradle.internal.dispatch.ReflectionDispatch.dispatch(ReflectionDispatch.java:24)
	at org.gradle.internal.remote.internal.hub.MessageHubBackedObjectConnection$DispatchWrapper.dispatch(MessageHubBackedObjectConnection.java:147)
	at org.gradle.internal.remote.internal.hub.MessageHubBackedObjectConnection$DispatchWrapper.dispatch(MessageHubBackedObjectConnection.java:129)
	at org.gradle.internal.remote.internal.hub.MessageHub$Handler.run(MessageHub.java:404)
	at org.gradle.internal.concurrent.ExecutorPolicy$CatchAndRecordFailures.onExecute(ExecutorPolicy.java:63)
	at org.gradle.internal.concurrent.StoppableExecutorImpl$1.run(StoppableExecutorImpl.java:46)
	at java.util.concurrent.ThreadPoolExecutor.runWorker(ThreadPoolExecutor.java:1142)
	at java.util.concurrent.ThreadPoolExecutor$Worker.run(ThreadPoolExecutor.java:617)
	at java.lang.Thread.run(Thread.java:745)
</failure>
  </testcase>
  <system-out><![CDATA[]]></system-out>
  <system-err><![CDATA[[pool-1-thread-2] INFO org.codehaus.griffon.runtime.core.DefaultApplicationBootstrapper - Griffon 2.11.0-SNAPSHOT
[pool-1-thread-2] INFO org.codehaus.griffon.runtime.core.DefaultApplicationBootstrapper - Build: 2017-04-23T11:12:50.681+0000
[pool-1-thread-2] INFO org.codehaus.griffon.runtime.core.DefaultApplicationBootstrapper - Revision: ae7273e9aa507267a9c5d1b3b96a0441fa0d5622
[pool-1-thread-2] INFO org.codehaus.griffon.runtime.core.DefaultApplicationBootstrapper - JVM: 1.8.0_121 (Oracle Corporation 25.121-b13)
[pool-1-thread-2] INFO org.codehaus.griffon.runtime.core.DefaultApplicationBootstrapper - OS: Linux 3.13.0-103-generic amd64
[pool-1-thread-2] DEBUG org.codehaus.griffon.runtime.core.DefaultApplicationBootstrapper - Creating module bindings
[pool-1-thread-2] DEBUG griffon.util.ServiceLoaderUtils - Reading definitions from file:/home/travis/build/griffon/griffon/samples/sample-javafx-java/build/classes/main/META-INF/griffon
[pool-1-thread-2] DEBUG griffon.util.AnnotationUtils - Current module order is [core, javafx, application, testApplicationBootstrapper$InnerClasses, testApplicationBootstrapper$Fields, testJavaFXGriffonApplicationBootstrapper$1]
[pool-1-thread-2] TRACE griffon.util.AnnotationUtils - Processing module 'core'
[pool-1-thread-2] TRACE griffon.util.AnnotationUtils -   depends on '[]'
[pool-1-thread-2] TRACE griffon.util.AnnotationUtils -   adding module 'core', since all dependencies have been added
[pool-1-thread-2] TRACE griffon.util.AnnotationUtils - Processing module 'javafx'
[pool-1-thread-2] TRACE griffon.util.AnnotationUtils -   depends on '[]'
[pool-1-thread-2] TRACE griffon.util.AnnotationUtils -   adding module 'javafx', since all dependencies have been added
[pool-1-thread-2] TRACE griffon.util.AnnotationUtils - Processing module 'application'
[pool-1-thread-2] TRACE griffon.util.AnnotationUtils -   depends on '[]'
[pool-1-thread-2] TRACE griffon.util.AnnotationUtils -   adding module 'application', since all dependencies have been added
[pool-1-thread-2] TRACE griffon.util.AnnotationUtils - Processing module 'testApplicationBootstrapper$InnerClasses'
[pool-1-thread-2] TRACE griffon.util.AnnotationUtils -   depends on '[]'
[pool-1-thread-2] TRACE griffon.util.AnnotationUtils -   adding module 'testApplicationBootstrapper$InnerClasses', since all dependencies have been added
[pool-1-thread-2] TRACE griffon.util.AnnotationUtils - Processing module 'testApplicationBootstrapper$Fields'
[pool-1-thread-2] TRACE griffon.util.AnnotationUtils -   depends on '[]'
[pool-1-thread-2] TRACE griffon.util.AnnotationUtils -   adding module 'testApplicationBootstrapper$Fields', since all dependencies have been added
[pool-1-thread-2] TRACE griffon.util.AnnotationUtils - Processing module 'testJavaFXGriffonApplicationBootstrapper$1'
[pool-1-thread-2] TRACE griffon.util.AnnotationUtils -   depends on '[]'
[pool-1-thread-2] TRACE griffon.util.AnnotationUtils -   adding module 'testJavaFXGriffonApplicationBootstrapper$1', since all dependencies have been added
[pool-1-thread-2] TRACE griffon.util.AnnotationUtils - module dependency ordering complete
[pool-1-thread-2] DEBUG griffon.util.AnnotationUtils - computed module order is [core, javafx, application, testApplicationBootstrapper$InnerClasses, testApplicationBootstrapper$Fields, testJavaFXGriffonApplicationBootstrapper$1]
[pool-1-thread-2] DEBUG org.codehaus.griffon.runtime.core.TestApplicationBootstrapper - computed Module order is [core, javafx, application, testJavaFXGriffonApplicationBootstrapper$1, testApplicationBootstrapper$InnerClasses, testApplicationBootstrapper$Fields]
[pool-1-thread-2] DEBUG org.codehaus.griffon.runtime.core.DefaultApplicationBootstrapper - Loading module bindings from core:org.codehaus.griffon.runtime.core.DefaultApplicationModule@582866e4
[pool-1-thread-2] DEBUG org.codehaus.griffon.runtime.core.DefaultApplicationBootstrapper - Loading module bindings from javafx:org.codehaus.griffon.runtime.javafx.JavaFXModule@19746533
[pool-1-thread-2] DEBUG org.codehaus.griffon.runtime.core.DefaultApplicationBootstrapper - Loading module bindings from application:sample.javafx.java.ApplicationModule@14c3a7c7
[pool-1-thread-2] DEBUG org.codehaus.griffon.runtime.core.DefaultApplicationBootstrapper - Loading module bindings from testJavaFXGriffonApplicationBootstrapper$1:org.codehaus.griffon.runtime.javafx.TestJavaFXGriffonApplicationBootstrapper$1@60074748
[pool-1-thread-2] DEBUG org.codehaus.griffon.runtime.core.DefaultApplicationBootstrapper - Loading module bindings from testApplicationBootstrapper$InnerClasses:org.codehaus.griffon.runtime.core.TestApplicationBootstrapper$InnerClassesModule@7b8312ea
[pool-1-thread-2] DEBUG org.codehaus.griffon.runtime.core.DefaultApplicationBootstrapper - Loading module bindings from testApplicationBootstrapper$Fields:org.codehaus.griffon.runtime.core.TestApplicationBootstrapper$FieldsModule@41e4ad54
[pool-1-thread-2] TRACE org.codehaus.griffon.runtime.core.DefaultApplicationBootstrapper - InstanceBinding[source=griffon.core.GriffonApplication, instance=org.codehaus.griffon.runtime.javafx.TestJavaFXGriffonApplication@7100b09b, singleton=true]
[pool-1-thread-2] TRACE org.codehaus.griffon.runtime.core.DefaultApplicationBootstrapper - TargetBinding[source=sample.javafx.java.SampleView, target=sample.javafx.java.SampleView, singleton=false]
[pool-1-thread-2] TRACE org.codehaus.griffon.runtime.core.DefaultApplicationBootstrapper - TargetBinding[source=sample.javafx.java.SampleController, target=sample.javafx.java.SampleController, singleton=false]
[pool-1-thread-2] TRACE org.codehaus.griffon.runtime.core.DefaultApplicationBootstrapper - TargetBinding[source=sample.javafx.java.SampleModel, target=sample.javafx.java.SampleModel, singleton=false]
[pool-1-thread-2] TRACE org.codehaus.griffon.runtime.core.DefaultApplicationBootstrapper - TargetBinding[source=sample.javafx.java.SampleService, target=sample.javafx.java.SampleService, singleton=true]
[pool-1-thread-2] TRACE org.codehaus.griffon.runtime.core.DefaultApplicationBootstrapper - TargetBinding[source=griffon.core.ApplicationClassLoader, target=org.codehaus.griffon.runtime.core.DefaultApplicationClassLoader, singleton=true]
[pool-1-thread-2] TRACE org.codehaus.griffon.runtime.core.DefaultApplicationBootstrapper - ProviderTypeBinding[source=griffon.core.env.Metadata, providerType=org.codehaus.griffon.runtime.core.env.MetadataProvider, singleton=true]
[pool-1-thread-2] TRACE org.codehaus.griffon.runtime.core.DefaultApplicationBootstrapper - ProviderTypeBinding[source=griffon.core.env.RunMode, providerType=org.codehaus.griffon.runtime.core.env.RunModeProvider, singleton=true]
[pool-1-thread-2] TRACE org.codehaus.griffon.runtime.core.DefaultApplicationBootstrapper - ProviderTypeBinding[source=griffon.core.env.Environment, providerType=org.codehaus.griffon.runtime.core.env.EnvironmentProvider, singleton=true]
[pool-1-thread-2] TRACE org.codehaus.griffon.runtime.core.DefaultApplicationBootstrapper - TargetBinding[source=griffon.core.ContextFactory, target=org.codehaus.griffon.runtime.core.DefaultContextFactory, singleton=true]
[pool-1-thread-2] TRACE org.codehaus.griffon.runtime.core.DefaultApplicationBootstrapper - TargetBinding[source=griffon.util.Instantiator, target=org.codehaus.griffon.runtime.util.DefaultInstantiator, singleton=true]
[pool-1-thread-2] TRACE org.codehaus.griffon.runtime.core.DefaultApplicationBootstrapper - ProviderTypeBinding[source=griffon.util.PropertiesReader, providerType=griffon.util.PropertiesReader$Provider, singleton=true]
[pool-1-thread-2] TRACE org.codehaus.griffon.runtime.core.DefaultApplicationBootstrapper - ProviderTypeBinding[source=griffon.util.ResourceBundleReader, providerType=griffon.util.ResourceBundleReader$Provider, singleton=true]
[pool-1-thread-2] TRACE org.codehaus.griffon.runtime.core.DefaultApplicationBootstrapper - ProviderTypeBinding[source=griffon.core.Context, classifier=@javax.inject.Named(value=applicationContext), providerType=org.codehaus.griffon.runtime.core.DefaultContextProvider, singleton=true]
[pool-1-thread-2] TRACE org.codehaus.griffon.runtime.core.DefaultApplicationBootstrapper - TargetBinding[source=griffon.core.ApplicationConfigurer, target=org.codehaus.griffon.runtime.core.DefaultApplicationConfigurer, singleton=true]
[pool-1-thread-2] TRACE org.codehaus.griffon.runtime.core.DefaultApplicationBootstrapper - TargetBinding[source=griffon.core.resources.ResourceHandler, target=org.codehaus.griffon.runtime.core.resources.DefaultResourceHandler, singleton=true]
[pool-1-thread-2] TRACE org.codehaus.griffon.runtime.core.DefaultApplicationBootstrapper - TargetBinding[source=griffon.util.ResourceBundleLoader, classifier=@javax.inject.Named(value=class), target=org.codehaus.griffon.runtime.util.ClassResourceBundleLoader, singleton=true]
[pool-1-thread-2] TRACE org.codehaus.griffon.runtime.core.DefaultApplicationBootstrapper - TargetBinding[source=griffon.util.ResourceBundleLoader, classifier=@javax.inject.Named(value=properties), target=org.codehaus.griffon.runtime.util.PropertiesResourceBundleLoader, singleton=true]
[pool-1-thread-2] TRACE org.codehaus.griffon.runtime.core.DefaultApplicationBootstrapper - TargetBinding[source=griffon.util.ResourceBundleLoader, classifier=@javax.inject.Named(value=xml), target=org.codehaus.griffon.runtime.util.XmlResourceBundleLoader, singleton=true]
[pool-1-thread-2] TRACE org.codehaus.griffon.runtime.core.DefaultApplicationBootstrapper - TargetBinding[source=griffon.util.CompositeResourceBundleBuilder, target=org.codehaus.griffon.runtime.util.DefaultCompositeResourceBundleBuilder, singleton=true]
[pool-1-thread-2] TRACE org.codehaus.griffon.runtime.core.DefaultApplicationBootstrapper - ProviderBinding[source=java.util.ResourceBundle, classifier=@javax.inject.Named(value=applicationResourceBundle), provider=org.codehaus.griffon.runtime.util.ResourceBundleProvider@156a2de2, singleton=true]
[pool-1-thread-2] TRACE org.codehaus.griffon.runtime.core.DefaultApplicationBootstrapper - TargetBinding[source=griffon.core.configuration.ConfigurationManager, target=org.codehaus.griffon.runtime.core.configuration.DefaultConfigurationManager, singleton=true]
[pool-1-thread-2] TRACE org.codehaus.griffon.runtime.core.DefaultApplicationBootstrapper - TargetBinding[source=org.codehaus.griffon.runtime.core.configuration.ConfigurationDecoratorFactory, target=org.codehaus.griffon.runtime.core.configuration.DefaultConfigurationDecoratorFactory, singleton=false]
[pool-1-thread-2] TRACE org.codehaus.griffon.runtime.core.DefaultApplicationBootstrapper - ProviderTypeBinding[source=griffon.core.Configuration, providerType=org.codehaus.griffon.runtime.core.configuration.ResourceBundleConfigurationProvider, singleton=true]
[pool-1-thread-2] TRACE org.codehaus.griffon.runtime.core.DefaultApplicationBootstrapper - TargetBinding[source=griffon.core.ExecutorServiceManager, target=org.codehaus.griffon.runtime.core.DefaultExecutorServiceManager, singleton=true]
[pool-1-thread-2] TRACE org.codehaus.griffon.runtime.core.DefaultApplicationBootstrapper - TargetBinding[source=griffon.core.event.EventRouter, classifier=@javax.inject.Named(value=applicationEventRouter), target=org.codehaus.griffon.runtime.core.event.DefaultEventRouter, singleton=true]
[pool-1-thread-2] TRACE org.codehaus.griffon.runtime.core.DefaultApplicationBootstrapper - TargetBinding[source=griffon.core.event.EventRouter, target=org.codehaus.griffon.runtime.core.event.DefaultEventRouter, singleton=false]
[pool-1-thread-2] TRACE org.codehaus.griffon.runtime.core.DefaultApplicationBootstrapper - TargetBinding[source=org.codehaus.griffon.runtime.core.resources.ResourceResolverDecoratorFactory, target=org.codehaus.griffon.runtime.core.resources.DefaultResourceResolverDecoratorFactory, singleton=false]
[pool-1-thread-2] TRACE org.codehaus.griffon.runtime.core.DefaultApplicationBootstrapper - TargetBinding[source=org.codehaus.griffon.runtime.core.i18n.MessageSourceDecoratorFactory, target=org.codehaus.griffon.runtime.core.i18n.DefaultMessageSourceDecoratorFactory, singleton=false]
[pool-1-thread-2] TRACE org.codehaus.griffon.runtime.core.DefaultApplicationBootstrapper - ProviderBinding[source=griffon.core.resources.ResourceResolver, classifier=@javax.inject.Named(value=applicationResourceResolver), provider=org.codehaus.griffon.runtime.core.resources.ResourceResolverProvider@5b8d5128, singleton=true]
[pool-1-thread-2] TRACE org.codehaus.griffon.runtime.core.DefaultApplicationBootstrapper - ProviderBinding[source=griffon.core.i18n.MessageSource, classifier=@javax.inject.Named(value=applicationMessageSource), provider=org.codehaus.griffon.runtime.core.i18n.MessageSourceProvider@76f412b8, singleton=true]
[pool-1-thread-2] TRACE org.codehaus.griffon.runtime.core.DefaultApplicationBootstrapper - TargetBinding[source=griffon.core.resources.ResourceInjector, classifier=@javax.inject.Named(value=applicationResourceInjector), target=org.codehaus.griffon.runtime.core.resources.DefaultApplicationResourceInjector, singleton=true]
[pool-1-thread-2] TRACE org.codehaus.griffon.runtime.core.DefaultApplicationBootstrapper - ProviderTypeBinding[source=java.util.concurrent.ExecutorService, classifier=@javax.inject.Named(value=defaultExecutorService), providerType=org.codehaus.griffon.runtime.core.threading.DefaultExecutorServiceProvider, singleton=true]
[pool-1-thread-2] TRACE org.codehaus.griffon.runtime.core.DefaultApplicationBootstrapper - TargetBinding[source=griffon.core.threading.UIThreadManager, target=org.codehaus.griffon.runtime.javafx.JavaFXUIThreadManager, singleton=true]
[pool-1-thread-2] TRACE org.codehaus.griffon.runtime.core.DefaultApplicationBootstrapper - TargetBinding[source=griffon.core.mvc.MVCGroupConfigurationFactory, target=org.codehaus.griffon.runtime.core.mvc.DefaultMVCGroupConfigurationFactory, singleton=true]
[pool-1-thread-2] TRACE org.codehaus.griffon.runtime.core.DefaultApplicationBootstrapper - TargetBinding[source=griffon.core.mvc.MVCGroupFactory, target=org.codehaus.griffon.runtime.core.mvc.DefaultMVCGroupFactory, singleton=true]
[pool-1-thread-2] TRACE org.codehaus.griffon.runtime.core.DefaultApplicationBootstrapper - TargetBinding[source=griffon.core.mvc.MVCGroupManager, target=org.codehaus.griffon.runtime.core.mvc.DefaultMVCGroupManager, singleton=true]
[pool-1-thread-2] TRACE org.codehaus.griffon.runtime.core.DefaultApplicationBootstrapper - ProviderBinding[source=griffon.core.LifecycleHandler, classifier=@javax.inject.Named(value=Initialize), provider=org.codehaus.griffon.runtime.core.LifecycleHandlerProvider@284f095, singleton=true]
[pool-1-thread-2] TRACE org.codehaus.griffon.runtime.core.DefaultApplicationBootstrapper - ProviderBinding[source=griffon.core.LifecycleHandler, classifier=@javax.inject.Named(value=Startup), provider=org.codehaus.griffon.runtime.core.LifecycleHandlerProvider@46c5d81a, singleton=true]
[pool-1-thread-2] TRACE org.codehaus.griffon.runtime.core.DefaultApplicationBootstrapper - ProviderBinding[source=griffon.core.LifecycleHandler, classifier=@javax.inject.Named(value=Ready), provider=org.codehaus.griffon.runtime.core.LifecycleHandlerProvider@7770d5fb, singleton=true]
[pool-1-thread-2] TRACE org.codehaus.griffon.runtime.core.DefaultApplicationBootstrapper - ProviderBinding[source=griffon.core.LifecycleHandler, classifier=@javax.inject.Named(value=Shutdown), provider=org.codehaus.griffon.runtime.core.LifecycleHandlerProvider@21c7687f, singleton=true]
[pool-1-thread-2] TRACE org.codehaus.griffon.runtime.core.DefaultApplicationBootstrapper - ProviderBinding[source=griffon.core.LifecycleHandler, classifier=@javax.inject.Named(value=Stop), provider=org.codehaus.griffon.runtime.core.LifecycleHandlerProvider@462248a, singleton=true]
[pool-1-thread-2] TRACE org.codehaus.griffon.runtime.core.DefaultApplicationBootstrapper - ProviderBinding[source=griffon.core.view.WindowManager, provider=org.codehaus.griffon.runtime.javafx.TestJavaFXWindowManagerProvider@6c8f2914, singleton=true]
[pool-1-thread-2] TRACE org.codehaus.griffon.runtime.core.DefaultApplicationBootstrapper - TargetBinding[source=griffon.core.controller.ActionManager, target=org.codehaus.griffon.runtime.javafx.controller.JavaFXActionManager, singleton=true]
[pool-1-thread-2] TRACE org.codehaus.griffon.runtime.core.DefaultApplicationBootstrapper - TargetBinding[source=griffon.core.controller.ActionFactory, target=org.codehaus.griffon.runtime.javafx.controller.JavaFXActionFactory, singleton=true]
[pool-1-thread-2] TRACE org.codehaus.griffon.runtime.core.DefaultApplicationBootstrapper - TargetBinding[source=griffon.core.controller.ActionMetadataFactory, target=org.codehaus.griffon.runtime.core.controller.DefaultActionMetadataFactory, singleton=true]
[pool-1-thread-2] TRACE org.codehaus.griffon.runtime.core.DefaultApplicationBootstrapper - TargetBinding[source=griffon.core.artifact.ArtifactManager, target=org.codehaus.griffon.runtime.core.artifact.DefaultArtifactManager, singleton=true]
[pool-1-thread-2] TRACE org.codehaus.griffon.runtime.core.DefaultApplicationBootstrapper - TargetBinding[source=griffon.core.artifact.ArtifactHandler, classifier=@griffon.inject.Typed(value=interface griffon.core.artifact.GriffonModel), target=org.codehaus.griffon.runtime.core.artifact.ModelArtifactHandler, singleton=true]
[pool-1-thread-2] TRACE org.codehaus.griffon.runtime.core.DefaultApplicationBootstrapper - TargetBinding[source=griffon.core.artifact.ArtifactHandler, classifier=@griffon.inject.Typed(value=interface griffon.core.artifact.GriffonView), target=org.codehaus.griffon.runtime.core.artifact.ViewArtifactHandler, singleton=true]
[pool-1-thread-2] TRACE org.codehaus.griffon.runtime.core.DefaultApplicationBootstrapper - TargetBinding[source=griffon.core.artifact.ArtifactHandler, classifier=@griffon.inject.Typed(value=interface griffon.core.artifact.GriffonController), target=org.codehaus.griffon.runtime.core.artifact.ControllerArtifactHandler, singleton=true]
[pool-1-thread-2] TRACE org.codehaus.griffon.runtime.core.DefaultApplicationBootstrapper - TargetBinding[source=griffon.core.artifact.ArtifactHandler, classifier=@griffon.inject.Typed(value=interface griffon.core.artifact.GriffonService), target=org.codehaus.griffon.runtime.core.artifact.ServiceArtifactHandler, singleton=true]
[pool-1-thread-2] TRACE org.codehaus.griffon.runtime.core.DefaultApplicationBootstrapper - ProviderTypeBinding[source=griffon.core.PlatformHandler, providerType=org.codehaus.griffon.runtime.core.PlatformHandlerProvider, singleton=true]
[pool-1-thread-2] TRACE org.codehaus.griffon.runtime.core.DefaultApplicationBootstrapper - TargetBinding[source=griffon.core.addon.AddonManager, target=org.codehaus.griffon.runtime.core.addon.DefaultAddonManager, singleton=true]
[pool-1-thread-2] TRACE org.codehaus.griffon.runtime.core.DefaultApplicationBootstrapper - TargetBinding[source=griffon.core.event.EventHandler, target=org.codehaus.griffon.runtime.core.event.DefaultEventHandler, singleton=true]
[pool-1-thread-2] TRACE org.codehaus.griffon.runtime.core.DefaultApplicationBootstrapper - ProviderTypeBinding[source=griffon.core.ExceptionHandler, providerType=org.codehaus.griffon.runtime.core.GriffonExceptionHandlerProvider, singleton=true]
[pool-1-thread-2] TRACE org.codehaus.griffon.runtime.core.DefaultApplicationBootstrapper - TargetBinding[source=griffon.javafx.JavaFXWindowDisplayHandler, classifier=@javax.inject.Named(value=defaultWindowDisplayHandler), target=org.codehaus.griffon.runtime.javafx.DefaultJavaFXWindowDisplayHandler, singleton=true]
[pool-1-thread-2] TRACE org.codehaus.griffon.runtime.core.DefaultApplicationBootstrapper - TargetBinding[source=griffon.javafx.JavaFXWindowDisplayHandler, classifier=@javax.inject.Named(value=windowDisplayHandler), target=org.codehaus.griffon.runtime.javafx.ConfigurableJavaFXWindowDisplayHandler, singleton=true]
[pool-1-thread-2] TRACE org.codehaus.griffon.runtime.core.DefaultApplicationBootstrapper - InstanceBinding[source=griffon.javafx.support.ActionMatcher, instance=griffon.javafx.support.ActionMatcher$1@29326b5b, singleton=true]
[pool-1-thread-2] DEBUG org.codehaus.griffon.runtime.core.DefaultApplicationBootstrapper - Creating application injector
[pool-1-thread-2] DEBUG org.codehaus.griffon.runtime.core.DefaultApplicationBootstrapper - Injector will be created by org.codehaus.griffon.runtime.injection.GuiceInjectorFactory@12ecd321
[pool-1-thread-2] DEBUG griffon.util.AnnotationUtils - computed module order is []
[pool-1-thread-2] DEBUG org.codehaus.griffon.runtime.core.event.AbstractEventRouter - Adding listener org.codehaus.griffon.runtime.core.configuration.AbstractConfigurationManager$1 on NewInstance
[pool-1-thread-2] DEBUG griffon.util.AnnotationUtils - Current resource bundle loader order is [class, properties, xml]
[pool-1-thread-2] TRACE griffon.util.AnnotationUtils - Processing resource bundle loader 'class'
[pool-1-thread-2] TRACE griffon.util.AnnotationUtils -   depends on '[]'
[pool-1-thread-2] TRACE griffon.util.AnnotationUtils -   adding resource bundle loader 'class', since all dependencies have been added
[pool-1-thread-2] TRACE griffon.util.AnnotationUtils - Processing resource bundle loader 'properties'
[pool-1-thread-2] TRACE griffon.util.AnnotationUtils -   depends on '[]'
[pool-1-thread-2] TRACE griffon.util.AnnotationUtils -   adding resource bundle loader 'properties', since all dependencies have been added
[pool-1-thread-2] TRACE griffon.util.AnnotationUtils - Processing resource bundle loader 'xml'
[pool-1-thread-2] TRACE griffon.util.AnnotationUtils -   depends on '[]'
[pool-1-thread-2] TRACE griffon.util.AnnotationUtils -   adding resource bundle loader 'xml', since all dependencies have been added
[pool-1-thread-2] TRACE griffon.util.AnnotationUtils - resource bundle loader dependency ordering complete
[pool-1-thread-2] DEBUG griffon.util.AnnotationUtils - computed resource bundle loader order is [class, properties, xml]
[pool-1-thread-2] TRACE griffon.util.CompositeResourceBundle - Searching key=application
[pool-1-thread-2] TRACE griffon.util.CompositeResourceBundle - Bundle griffon.util.ExpandableResourceBundle@66dc34e2; key=application; value='{title=JavaFX + Java, startupGroups=[sample], autoShutdown=true}'
[pool-1-thread-2] TRACE griffon.util.CompositeResourceBundle - Searching key=application.title
[pool-1-thread-2] TRACE griffon.util.CompositeResourceBundle - Bundle griffon.util.ExpandableResourceBundle@66dc34e2; key=application.title; value='JavaFX + Java'
[pool-1-thread-2] TRACE griffon.util.CompositeResourceBundle - Searching key=application.startupGroups
[pool-1-thread-2] TRACE griffon.util.CompositeResourceBundle - Bundle griffon.util.ExpandableResourceBundle@66dc34e2; key=application.startupGroups; value='[sample]'
[pool-1-thread-2] TRACE griffon.util.CompositeResourceBundle - Searching key=application.autoShutdown
[pool-1-thread-2] TRACE griffon.util.CompositeResourceBundle - Bundle griffon.util.ExpandableResourceBundle@66dc34e2; key=application.autoShutdown; value='true'
[pool-1-thread-2] TRACE griffon.util.CompositeResourceBundle - Searching key=mvcGroups
[pool-1-thread-2] TRACE griffon.util.CompositeResourceBundle - Bundle griffon.util.ExpandableResourceBundle@66dc34e2; key=mvcGroups; value='{sample={model=sample.javafx.java.SampleModel, view=sample.javafx.java.SampleView, controller=sample.javafx.java.SampleController}}'
[pool-1-thread-2] TRACE griffon.util.CompositeResourceBundle - Searching key=mvcGroups.sample.model
[pool-1-thread-2] TRACE griffon.util.CompositeResourceBundle - Bundle griffon.util.ExpandableResourceBundle@66dc34e2; key=mvcGroups.sample.model; value='sample.javafx.java.SampleModel'
[pool-1-thread-2] TRACE griffon.util.CompositeResourceBundle - Searching key=mvcGroups.sample.view
[pool-1-thread-2] TRACE griffon.util.CompositeResourceBundle - Bundle griffon.util.ExpandableResourceBundle@66dc34e2; key=mvcGroups.sample.view; value='sample.javafx.java.SampleView'
[pool-1-thread-2] TRACE griffon.util.CompositeResourceBundle - Searching key=mvcGroups.sample.controller
[pool-1-thread-2] TRACE griffon.util.CompositeResourceBundle - Bundle griffon.util.ExpandableResourceBundle@66dc34e2; key=mvcGroups.sample.controller; value='sample.javafx.java.SampleController'
[pool-1-thread-2] DEBUG org.codehaus.griffon.runtime.core.event.AbstractEventRouter - Adding listener org.codehaus.griffon.runtime.core.MVCGroupExceptionHandler on UncaughtMVCGroupConfigurationException
[pool-1-thread-2] DEBUG org.codehaus.griffon.runtime.core.event.AbstractEventRouter - Adding listener org.codehaus.griffon.runtime.core.MVCGroupExceptionHandler on UncaughtMVCGroupInstantiationException
[pool-1-thread-2] DEBUG griffon.util.AnnotationUtils - Current handler order is [default]
[pool-1-thread-2] TRACE griffon.util.AnnotationUtils - Processing handler 'default'
[pool-1-thread-2] TRACE griffon.util.AnnotationUtils -   depends on '[]'
[pool-1-thread-2] TRACE griffon.util.AnnotationUtils -   adding handler 'default', since all dependencies have been added
[pool-1-thread-2] TRACE griffon.util.AnnotationUtils - handler dependency ordering complete
[pool-1-thread-2] DEBUG griffon.util.AnnotationUtils - computed handler order is [default]
[pool-1-thread-2] DEBUG org.codehaus.griffon.runtime.core.event.AbstractEventRouter - Triggering event 'BootstrapStart' synchronously
[pool-1-thread-2] DEBUG griffon.util.ServiceLoaderUtils - Reading java.beans.PropertyEditor definitions from jar:file:/home/travis/build/griffon/griffon/subprojects/griffon-javafx/build/libs/griffon-javafx-2.11.0-SNAPSHOT.jar!/META-INF/editors/java.beans.PropertyEditor
[pool-1-thread-2] DEBUG org.codehaus.griffon.runtime.core.DefaultApplicationConfigurer - Registering griffon.javafx.editors.Dimension2DPropertyEditor as editor for javafx.geometry.Dimension2D
[pool-1-thread-2] DEBUG org.codehaus.griffon.runtime.core.DefaultApplicationConfigurer - Registering griffon.javafx.editors.InsetsPropertyEditor as editor for javafx.geometry.Insets
[pool-1-thread-2] DEBUG org.codehaus.griffon.runtime.core.DefaultApplicationConfigurer - Registering griffon.javafx.editors.Point2DPropertyEditor as editor for javafx.geometry.Point2D
[pool-1-thread-2] DEBUG org.codehaus.griffon.runtime.core.DefaultApplicationConfigurer - Registering griffon.javafx.editors.Rectangle2DPropertyEditor as editor for javafx.geometry.Rectangle2D
[pool-1-thread-2] DEBUG org.codehaus.griffon.runtime.core.DefaultApplicationConfigurer - Registering griffon.javafx.editors.GraphicPropertyEditor as editor for javafx.scene.Node
[pool-1-thread-2] DEBUG org.codehaus.griffon.runtime.core.DefaultApplicationConfigurer - Registering griffon.javafx.editors.ImagePropertyEditor as editor for javafx.scene.image.Image
[pool-1-thread-2] DEBUG org.codehaus.griffon.runtime.core.DefaultApplicationConfigurer - Registering griffon.javafx.editors.ColorPropertyEditor as editor for javafx.scene.paint.Color
[pool-1-thread-2] DEBUG org.codehaus.griffon.runtime.core.DefaultApplicationConfigurer - Registering griffon.javafx.editors.LinearGradientPropertyEditor as editor for javafx.scene.paint.LinearGradient
[pool-1-thread-2] DEBUG org.codehaus.griffon.runtime.core.DefaultApplicationConfigurer - Registering griffon.javafx.editors.PaintPropertyEditor as editor for javafx.scene.paint.Paint
[pool-1-thread-2] DEBUG org.codehaus.griffon.runtime.core.DefaultApplicationConfigurer - Registering griffon.javafx.editors.RadialGradientPropertyEditor as editor for javafx.scene.paint.RadialGradient
[pool-1-thread-2] DEBUG griffon.util.ServiceLoaderUtils - Reading java.beans.PropertyEditor definitions from jar:file:/home/travis/build/griffon/griffon/subprojects/griffon-core/build/libs/griffon-core-2.11.0-SNAPSHOT.jar!/META-INF/editors/java.beans.PropertyEditor
[pool-1-thread-2] DEBUG org.codehaus.griffon.runtime.core.DefaultApplicationConfigurer - Registering griffon.core.editors.StringPropertyEditor as editor for java.lang.String
[pool-1-thread-2] DEBUG org.codehaus.griffon.runtime.core.DefaultApplicationConfigurer - Registering griffon.core.editors.FilePropertyEditor as editor for java.io.File
[pool-1-thread-2] DEBUG org.codehaus.griffon.runtime.core.DefaultApplicationConfigurer - Registering griffon.core.editors.URLPropertyEditor as editor for java.net.URL
[pool-1-thread-2] DEBUG org.codehaus.griffon.runtime.core.DefaultApplicationConfigurer - Registering griffon.core.editors.URIPropertyEditor as editor for java.net.URI
[pool-1-thread-2] DEBUG org.codehaus.griffon.runtime.core.DefaultApplicationConfigurer - Registering griffon.core.editors.BigDecimalPropertyEditor as editor for java.math.BigDecimal
[pool-1-thread-2] DEBUG org.codehaus.griffon.runtime.core.DefaultApplicationConfigurer - Registering griffon.core.editors.BigIntegerPropertyEditor as editor for java.math.BigInteger
[pool-1-thread-2] DEBUG org.codehaus.griffon.runtime.core.DefaultApplicationConfigurer - Registering griffon.core.editors.BooleanPropertyEditor as editor for java.lang.Boolean
[pool-1-thread-2] DEBUG org.codehaus.griffon.runtime.core.DefaultApplicationConfigurer - Registering griffon.core.editors.BytePropertyEditor as editor for java.lang.Byte
[pool-1-thread-2] DEBUG org.codehaus.griffon.runtime.core.DefaultApplicationConfigurer - Registering griffon.core.editors.ShortPropertyEditor as editor for java.lang.Short
[pool-1-thread-2] DEBUG org.codehaus.griffon.runtime.core.DefaultApplicationConfigurer - Registering griffon.core.editors.IntegerPropertyEditor as editor for java.lang.Integer
[pool-1-thread-2] DEBUG org.codehaus.griffon.runtime.core.DefaultApplicationConfigurer - Registering griffon.core.editors.LongPropertyEditor as editor for java.lang.Long
[pool-1-thread-2] DEBUG org.codehaus.griffon.runtime.core.DefaultApplicationConfigurer - Registering griffon.core.editors.FloatPropertyEditor as editor for java.lang.Float
[pool-1-thread-2] DEBUG org.codehaus.griffon.runtime.core.DefaultApplicationConfigurer - Registering griffon.core.editors.DoublePropertyEditor as editor for java.lang.Double
[pool-1-thread-2] DEBUG org.codehaus.griffon.runtime.core.DefaultApplicationConfigurer - Registering griffon.core.editors.CalendarPropertyEditor as editor for java.util.Calendar
[pool-1-thread-2] DEBUG org.codehaus.griffon.runtime.core.DefaultApplicationConfigurer - Registering griffon.core.editors.DatePropertyEditor as editor for java.util.Date
[pool-1-thread-2] DEBUG org.codehaus.griffon.runtime.core.DefaultApplicationConfigurer - Registering griffon.core.editors.LocalePropertyEditor as editor for java.util.Locale
[pool-1-thread-2] TRACE griffon.core.editors.PropertyEditorResolver - Searching PropertyEditor for java.lang.Boolean
[pool-1-thread-2] TRACE griffon.core.editors.PropertyEditorResolver - PropertyEditor for java.lang.Boolean is griffon.core.editors.BooleanPropertyEditor
[pool-1-thread-2] DEBUG org.codehaus.griffon.runtime.core.DefaultApplicationConfigurer - Registering griffon.core.editors.BooleanPropertyEditor as editor for boolean
[pool-1-thread-2] TRACE griffon.core.editors.PropertyEditorResolver - Searching PropertyEditor for java.lang.Byte
[pool-1-thread-2] TRACE griffon.core.editors.PropertyEditorResolver - PropertyEditor for java.lang.Byte is griffon.core.editors.BytePropertyEditor
[pool-1-thread-2] DEBUG org.codehaus.griffon.runtime.core.DefaultApplicationConfigurer - Registering griffon.core.editors.BytePropertyEditor as editor for byte
[pool-1-thread-2] TRACE griffon.core.editors.PropertyEditorResolver - Searching PropertyEditor for java.lang.Short
[pool-1-thread-2] TRACE griffon.core.editors.PropertyEditorResolver - PropertyEditor for java.lang.Short is griffon.core.editors.ShortPropertyEditor
[pool-1-thread-2] DEBUG org.codehaus.griffon.runtime.core.DefaultApplicationConfigurer - Registering griffon.core.editors.ShortPropertyEditor as editor for short
[pool-1-thread-2] TRACE griffon.core.editors.PropertyEditorResolver - Searching PropertyEditor for java.lang.Integer
[pool-1-thread-2] TRACE griffon.core.editors.PropertyEditorResolver - PropertyEditor for java.lang.Integer is griffon.core.editors.IntegerPropertyEditor
[pool-1-thread-2] DEBUG org.codehaus.griffon.runtime.core.DefaultApplicationConfigurer - Registering griffon.core.editors.IntegerPropertyEditor as editor for int
[pool-1-thread-2] TRACE griffon.core.editors.PropertyEditorResolver - Searching PropertyEditor for java.lang.Long
[pool-1-thread-2] TRACE griffon.core.editors.PropertyEditorResolver - PropertyEditor for java.lang.Long is griffon.core.editors.LongPropertyEditor
[pool-1-thread-2] DEBUG org.codehaus.griffon.runtime.core.DefaultApplicationConfigurer - Registering griffon.core.editors.LongPropertyEditor as editor for long
[pool-1-thread-2] TRACE griffon.core.editors.PropertyEditorResolver - Searching PropertyEditor for java.lang.Float
[pool-1-thread-2] TRACE griffon.core.editors.PropertyEditorResolver - PropertyEditor for java.lang.Float is griffon.core.editors.FloatPropertyEditor
[pool-1-thread-2] DEBUG org.codehaus.griffon.runtime.core.DefaultApplicationConfigurer - Registering griffon.core.editors.FloatPropertyEditor as editor for float
[pool-1-thread-2] TRACE griffon.core.editors.PropertyEditorResolver - Searching PropertyEditor for java.lang.Double
[pool-1-thread-2] TRACE griffon.core.editors.PropertyEditorResolver - PropertyEditor for java.lang.Double is griffon.core.editors.DoublePropertyEditor
[pool-1-thread-2] DEBUG org.codehaus.griffon.runtime.core.DefaultApplicationConfigurer - Registering griffon.core.editors.DoublePropertyEditor as editor for double
[pool-1-thread-2] DEBUG org.codehaus.griffon.runtime.core.event.AbstractEventRouter - Adding listener org.codehaus.griffon.runtime.core.DefaultApplicationConfigurer$2 on NewInstance
[pool-1-thread-2] TRACE griffon.util.CompositeResourceBundle - Searching key=application.lifecycle.handler.disable
[pool-1-thread-2] TRACE griffon.util.CompositeResourceBundle - Searching key=application
[pool-1-thread-2] TRACE griffon.util.CompositeResourceBundle - Bundle griffon.util.ExpandableResourceBundle@66dc34e2; key=application; value='{title=JavaFX + Java, startupGroups=[sample], autoShutdown=true}'
[pool-1-thread-2] TRACE griffon.util.CompositeResourceBundle - Searching key=platform.handler.linux64
[pool-1-thread-2] TRACE griffon.util.CompositeResourceBundle - Searching key=platform
[pool-1-thread-2] DEBUG org.codehaus.griffon.runtime.core.PlatformHandlerProvider - Using org.codehaus.griffon.runtime.core.DefaultPlatformHandler as PlatformHandler
[pool-1-thread-2] DEBUG org.codehaus.griffon.runtime.core.addon.AbstractAddonManager - Loading addons [START]
[pool-1-thread-2] DEBUG griffon.util.AnnotationUtils - computed addon order is []
[pool-1-thread-2] DEBUG org.codehaus.griffon.runtime.core.event.AbstractEventRouter - Triggering event 'LoadAddonsStart' synchronously
[pool-1-thread-2] DEBUG org.codehaus.griffon.runtime.core.addon.AbstractAddonManager - Loading addons [END]
[pool-1-thread-2] DEBUG org.codehaus.griffon.runtime.core.event.AbstractEventRouter - Triggering event 'LoadAddonsEnd' synchronously
[pool-1-thread-2] TRACE griffon.util.CompositeResourceBundle - Searching key=mvcGroups
[pool-1-thread-2] TRACE griffon.util.CompositeResourceBundle - Bundle griffon.util.ExpandableResourceBundle@66dc34e2; key=mvcGroups; value='{sample={model=sample.javafx.java.SampleModel, view=sample.javafx.java.SampleView, controller=sample.javafx.java.SampleController}}'
[pool-1-thread-2] DEBUG org.codehaus.griffon.runtime.core.DefaultApplicationConfigurer - Adding MVC group sample
[pool-1-thread-2] DEBUG org.codehaus.griffon.runtime.core.event.AbstractEventRouter - Adding listener org.codehaus.griffon.runtime.core.DefaultApplicationConfigurer$3 on NewInstance
[pool-1-thread-2] TRACE griffon.util.CompositeResourceBundle - Searching key=griffon.controller.action.handler.order
[pool-1-thread-2] TRACE griffon.util.CompositeResourceBundle - Searching key=griffon
[pool-1-thread-2] DEBUG griffon.util.AnnotationUtils - computed handler order is []
[pool-1-thread-2] DEBUG org.codehaus.griffon.runtime.core.artifact.AbstractArtifactManager - Registering artifact handler for type 'model': org.codehaus.griffon.runtime.core.artifact.ModelArtifactHandler@525355e8
[pool-1-thread-2] DEBUG org.codehaus.griffon.runtime.core.artifact.AbstractArtifactManager - Registering artifact handler for type 'view': org.codehaus.griffon.runtime.core.artifact.ViewArtifactHandler@cd732f6
[pool-1-thread-2] DEBUG org.codehaus.griffon.runtime.core.artifact.AbstractArtifactManager - Registering artifact handler for type 'controller': org.codehaus.griffon.runtime.core.artifact.ControllerArtifactHandler@4cd12716
[pool-1-thread-2] DEBUG org.codehaus.griffon.runtime.core.artifact.AbstractArtifactManager - Registering artifact handler for type 'service': org.codehaus.griffon.runtime.core.artifact.ServiceArtifactHandler@29a0e29
[pool-1-thread-2] DEBUG griffon.util.ServiceLoaderUtils - Reading griffon.core.artifact.GriffonView definitions from file:/home/travis/build/griffon/griffon/samples/sample-javafx-java/build/classes/main/META-INF/griffon/griffon.core.artifact.GriffonView
[pool-1-thread-2] DEBUG griffon.util.ServiceLoaderUtils - Reading griffon.core.artifact.GriffonController definitions from file:/home/travis/build/griffon/griffon/samples/sample-javafx-java/build/classes/main/META-INF/griffon/griffon.core.artifact.GriffonController
[pool-1-thread-2] DEBUG griffon.util.ServiceLoaderUtils - Reading griffon.core.artifact.GriffonService definitions from file:/home/travis/build/griffon/griffon/samples/sample-javafx-java/build/classes/main/META-INF/griffon/griffon.core.artifact.GriffonService
[pool-1-thread-2] DEBUG griffon.util.ServiceLoaderUtils - Reading griffon.core.artifact.GriffonModel definitions from file:/home/travis/build/griffon/griffon/samples/sample-javafx-java/build/classes/main/META-INF/griffon/griffon.core.artifact.GriffonModel
[pool-1-thread-2] DEBUG org.codehaus.griffon.runtime.core.artifact.DefaultArtifactManager - Artifacts of type 'view' = 1
[pool-1-thread-2] DEBUG org.codehaus.griffon.runtime.core.artifact.DefaultArtifactManager - Artifacts of type 'controller' = 1
[pool-1-thread-2] DEBUG org.codehaus.griffon.runtime.core.artifact.DefaultArtifactManager - Artifacts of type 'service' = 1
[pool-1-thread-2] DEBUG org.codehaus.griffon.runtime.core.artifact.DefaultArtifactManager - Artifacts of type 'model' = 1
[pool-1-thread-2] DEBUG org.codehaus.griffon.runtime.core.event.AbstractEventRouter - Triggering event 'BootstrapEnd' synchronously
[griffon-pool-3-thread-1] DEBUG org.codehaus.griffon.runtime.core.event.AbstractEventRouter - Triggering event 'StartupStart' synchronously
[griffon-pool-3-thread-1] TRACE griffon.util.CompositeResourceBundle - Searching key=application.startupGroups
[griffon-pool-3-thread-1] TRACE griffon.util.CompositeResourceBundle - Bundle griffon.util.ExpandableResourceBundle@66dc34e2; key=application.startupGroups; value='[sample]'
[griffon-pool-3-thread-1] INFO org.codehaus.griffon.runtime.javafx.TestJavaFXGriffonApplication - Initializing all startup groups: [sample]
[griffon-pool-3-thread-1] DEBUG org.codehaus.griffon.runtime.core.mvc.AbstractMVCGroupManager - Searching group sample
[griffon-pool-3-thread-1] DEBUG org.codehaus.griffon.runtime.core.mvc.DefaultMVCGroupManager - Building MVC group 'sample' with name 'sample'
[griffon-pool-3-thread-1] DEBUG org.codehaus.griffon.runtime.core.artifact.AbstractArtifactManager - Searching for griffonClass of sample.javafx.java.SampleModel
[griffon-pool-3-thread-1] DEBUG org.codehaus.griffon.runtime.core.artifact.AbstractArtifactManager - Searching for griffonClass of sample.javafx.java.SampleView
[griffon-pool-3-thread-1] DEBUG org.codehaus.griffon.runtime.core.artifact.AbstractArtifactManager - Searching for griffonClass of sample.javafx.java.SampleController
[griffon-pool-3-thread-1] DEBUG org.codehaus.griffon.runtime.core.artifact.AbstractArtifactManager - Searching for griffonClass of sample.javafx.java.SampleModel
[griffon-pool-3-thread-1] DEBUG org.codehaus.griffon.runtime.core.artifact.AbstractArtifactManager - Searching for griffonClass of sample.javafx.java.SampleModel
[griffon-pool-3-thread-1] DEBUG org.codehaus.griffon.runtime.core.event.AbstractEventRouter - Triggering event 'NewInstance' synchronously
[griffon-pool-3-thread-1] DEBUG org.codehaus.griffon.runtime.core.artifact.AbstractArtifactManager - Searching for griffonClass of sample.javafx.java.SampleView
[griffon-pool-3-thread-1] DEBUG org.codehaus.griffon.runtime.core.artifact.AbstractArtifactManager - Searching for griffonClass of sample.javafx.java.SampleView
[JavaFX Application Thread] DEBUG org.codehaus.griffon.runtime.core.event.AbstractEventRouter - Triggering event 'NewInstance' synchronously
[griffon-pool-3-thread-1] DEBUG org.codehaus.griffon.runtime.core.artifact.AbstractArtifactManager - Searching for griffonClass of sample.javafx.java.SampleController
[griffon-pool-3-thread-1] DEBUG org.codehaus.griffon.runtime.core.artifact.AbstractArtifactManager - Searching for griffonClass of sample.javafx.java.SampleController
[griffon-pool-3-thread-1] DEBUG org.codehaus.griffon.runtime.core.event.AbstractEventRouter - Triggering event 'NewInstance' synchronously
[griffon-pool-3-thread-1] DEBUG org.codehaus.griffon.runtime.core.event.AbstractEventRouter - Triggering event 'NewInstance' synchronously
[griffon-pool-3-thread-1] DEBUG org.codehaus.griffon.runtime.core.artifact.AbstractArtifactManager - Searching for griffonClass of sample.javafx.java.SampleController
[griffon-pool-3-thread-1] TRACE griffon.util.CompositeResourceBundle - Searching key=sample.javafx.java.SampleController.action.SayHello.name
[griffon-pool-3-thread-1] TRACE griffon.util.CompositeResourceBundle - Searching key=application.action.SayHello.name
[griffon-pool-3-thread-1] TRACE org.codehaus.griffon.runtime.javafx.controller.JavaFXActionManager - sample.javafx.java.SampleController.action.SayHello.name = Say Hello
[griffon-pool-3-thread-1] TRACE griffon.util.CompositeResourceBundle - Searching key=sample.javafx.java.SampleController.action.SayHello.accelerator
[griffon-pool-3-thread-1] TRACE griffon.util.CompositeResourceBundle - Searching key=application.action.SayHello.accelerator
[griffon-pool-3-thread-1] TRACE griffon.util.CompositeResourceBundle - Searching key=sample.javafx.java.SampleController.action.SayHello.description
[griffon-pool-3-thread-1] TRACE griffon.util.CompositeResourceBundle - Searching key=application.action.SayHello.description
[griffon-pool-3-thread-1] TRACE griffon.util.CompositeResourceBundle - Searching key=sample.javafx.java.SampleController.action.SayHello.icon
[griffon-pool-3-thread-1] TRACE griffon.util.CompositeResourceBundle - Searching key=application.action.SayHello.icon
[griffon-pool-3-thread-1] TRACE griffon.util.CompositeResourceBundle - Searching key=sample.javafx.java.SampleController.action.SayHello.image
[griffon-pool-3-thread-1] TRACE griffon.util.CompositeResourceBundle - Searching key=application.action.SayHello.image
[griffon-pool-3-thread-1] TRACE griffon.util.CompositeResourceBundle - Searching key=sample.javafx.java.SampleController.action.SayHello.enabled
[griffon-pool-3-thread-1] TRACE griffon.util.CompositeResourceBundle - Searching key=application.action.SayHello.enabled
[griffon-pool-3-thread-1] TRACE org.codehaus.griffon.runtime.javafx.controller.JavaFXActionManager - sample.javafx.java.SampleController.action.SayHello.enabled = true
[griffon-pool-3-thread-1] TRACE griffon.util.CompositeResourceBundle - Searching key=sample.javafx.java.SampleController.action.SayHello.selected
[griffon-pool-3-thread-1] TRACE griffon.util.CompositeResourceBundle - Searching key=application.action.SayHello.selected
[griffon-pool-3-thread-1] TRACE org.codehaus.griffon.runtime.javafx.controller.JavaFXActionManager - sample.javafx.java.SampleController.action.SayHello.selected = false
[griffon-pool-3-thread-1] TRACE griffon.util.CompositeResourceBundle - Searching key=sample.javafx.java.SampleController.action.SayHello.visible
[griffon-pool-3-thread-1] TRACE griffon.util.CompositeResourceBundle - Searching key=application.action.SayHello.visible
[griffon-pool-3-thread-1] TRACE org.codehaus.griffon.runtime.javafx.controller.JavaFXActionManager - sample.javafx.java.SampleController.action.SayHello.visible = true
[griffon-pool-3-thread-1] TRACE griffon.util.CompositeResourceBundle - Searching key=sample.javafx.java.SampleController.action.SayHello.styleclass
[griffon-pool-3-thread-1] TRACE griffon.util.CompositeResourceBundle - Searching key=application.action.SayHello.styleclass
[griffon-pool-3-thread-1] TRACE griffon.util.CompositeResourceBundle - Searching key=sample.javafx.java.SampleController.action.SayHello.style
[griffon-pool-3-thread-1] TRACE griffon.util.CompositeResourceBundle - Searching key=application.action.SayHello.style
[griffon-pool-3-thread-1] TRACE griffon.util.CompositeResourceBundle - Searching key=sample.javafx.java.SampleController.action.SayHello.graphic_styleclass
[griffon-pool-3-thread-1] TRACE griffon.util.CompositeResourceBundle - Searching key=application.action.SayHello.graphic_styleclass
[griffon-pool-3-thread-1] TRACE griffon.util.CompositeResourceBundle - Searching key=sample.javafx.java.SampleController.action.SayHello.graphic_style
[griffon-pool-3-thread-1] TRACE griffon.util.CompositeResourceBundle - Searching key=application.action.SayHello.graphic_style
[griffon-pool-3-thread-1] TRACE griffon.core.editors.PropertyEditorResolver - Searching PropertyEditor for javafx.scene.image.Image
[griffon-pool-3-thread-1] TRACE griffon.core.editors.PropertyEditorResolver - PropertyEditor for javafx.scene.image.Image is griffon.javafx.editors.ImagePropertyEditor
[griffon-pool-3-thread-1] TRACE org.codehaus.griffon.runtime.core.controller.AbstractActionManager - Action for sample.javafx.java.SampleController.sayHello stored as sayHello
[griffon-pool-3-thread-1] DEBUG org.codehaus.griffon.runtime.core.event.AbstractEventRouter - Triggering event 'InitializeMVCGroup' synchronously
[griffon-pool-3-thread-1] DEBUG org.codehaus.griffon.runtime.core.mvc.AbstractMVCGroupManager - Adding group sample:org.codehaus.griffon.runtime.core.mvc.DefaultMVCGroup@23b5908[sample:sample]
[griffon-pool-3-thread-1] DEBUG org.codehaus.griffon.runtime.core.mvc.DefaultMVCGroupManager - Initializing each MVC member of group 'sample'
[JavaFX Application Thread] TRACE griffon.util.CompositeResourceBundle - Searching key=application.title
[JavaFX Application Thread] TRACE griffon.util.CompositeResourceBundle - Bundle griffon.util.ExpandableResourceBundle@66dc34e2; key=application.title; value='JavaFX + Java'
[JavaFX Application Thread] DEBUG org.codehaus.griffon.runtime.core.artifact.AbstractArtifactManager - Searching for griffonClass of sample.javafx.java.SampleView
[JavaFX Application Thread] TRACE griffon.util.CompositeResourceBundle - Searching key=name
[JavaFX Application Thread] TRACE griffon.util.CompositeResourceBundle - Bundle griffon.util.ExpandableResourceBundle@2fe94580; key=name; value='{label=Please enter your name}'
[JavaFX Application Thread] TRACE griffon.util.CompositeResourceBundle - Searching key=name.label
[JavaFX Application Thread] TRACE griffon.util.CompositeResourceBundle - Bundle griffon.util.ExpandableResourceBundle@2fe94580; key=name.label; value='Please enter your name'
[JavaFX Application Thread] TRACE griffon.util.CompositeResourceBundle - Searching key=greeting
[JavaFX Application Thread] TRACE griffon.util.CompositeResourceBundle - Bundle griffon.util.ExpandableResourceBundle@2fe94580; key=greeting; value='{default=Howdy stranger!, parameterized=Hello {0}}'
[JavaFX Application Thread] TRACE griffon.util.CompositeResourceBundle - Searching key=greeting.default
[JavaFX Application Thread] TRACE griffon.util.CompositeResourceBundle - Bundle griffon.util.ExpandableResourceBundle@2fe94580; key=greeting.default; value='Howdy stranger!'
[JavaFX Application Thread] TRACE griffon.util.CompositeResourceBundle - Searching key=greeting.parameterized
[JavaFX Application Thread] TRACE griffon.util.CompositeResourceBundle - Bundle griffon.util.ExpandableResourceBundle@2fe94580; key=greeting.parameterized; value='Hello {0}'
[JavaFX Application Thread] TRACE griffon.util.CompositeResourceBundle - Searching key=name.label
[JavaFX Application Thread] TRACE griffon.util.CompositeResourceBundle - Bundle griffon.util.ExpandableResourceBundle@2fe94580; key=name.label; value='Please enter your name'
[JavaFX Application Thread] TRACE griffon.util.CompositeResourceBundle - Searching key=greeting
[JavaFX Application Thread] TRACE griffon.util.CompositeResourceBundle - Bundle griffon.util.ExpandableResourceBundle@2fe94580; key=greeting; value='{default=Howdy stranger!, parameterized=Hello {0}}'
[JavaFX Application Thread] TRACE griffon.util.CompositeResourceBundle - Searching key=name
[JavaFX Application Thread] TRACE griffon.util.CompositeResourceBundle - Bundle griffon.util.ExpandableResourceBundle@2fe94580; key=name; value='{label=Please enter your name}'
[JavaFX Application Thread] TRACE griffon.util.CompositeResourceBundle - Searching key=greeting.default
[JavaFX Application Thread] TRACE griffon.util.CompositeResourceBundle - Bundle griffon.util.ExpandableResourceBundle@2fe94580; key=greeting.default; value='Howdy stranger!'
[JavaFX Application Thread] TRACE griffon.util.CompositeResourceBundle - Searching key=greeting.parameterized
[JavaFX Application Thread] TRACE griffon.util.CompositeResourceBundle - Bundle griffon.util.ExpandableResourceBundle@2fe94580; key=greeting.parameterized; value='Hello {0}'
[JavaFX Application Thread] DEBUG org.codehaus.griffon.runtime.core.view.AbstractWindowManager - Attaching window with name: 'mainWindow' at index 0 javafx.stage.Stage@3eb85dd1
[JavaFX Application Thread] DEBUG org.codehaus.griffon.runtime.core.event.AbstractEventRouter - Triggering event 'WindowAttached' synchronously
[griffon-pool-3-thread-1] DEBUG org.codehaus.griffon.runtime.core.event.AbstractEventRouter - Triggering event 'CreateMVCGroup' synchronously
[griffon-pool-3-thread-1] TRACE griffon.util.CompositeResourceBundle - Searching key=application.lifecycle.handler.disable
[griffon-pool-3-thread-1] TRACE griffon.util.CompositeResourceBundle - Searching key=application
[griffon-pool-3-thread-1] TRACE griffon.util.CompositeResourceBundle - Bundle griffon.util.ExpandableResourceBundle@66dc34e2; key=application; value='{title=JavaFX + Java, startupGroups=[sample], autoShutdown=true}'
[griffon-pool-3-thread-1] DEBUG org.codehaus.griffon.runtime.core.event.AbstractEventRouter - Triggering event 'StartupEnd' synchronously
[griffon-pool-3-thread-1] DEBUG org.codehaus.griffon.runtime.core.view.AbstractWindowManager - windowManager.startingWindow configured to mainWindow
[griffon-pool-3-thread-1] DEBUG org.codehaus.griffon.runtime.core.view.AbstractWindowManager - Selecting window mainWindow as starting window
[griffon-pool-3-thread-1] DEBUG org.codehaus.griffon.runtime.core.view.AbstractWindowManager - Starting Window is javafx.stage.Stage@3eb85dd1
[griffon-pool-3-thread-1] DEBUG org.codehaus.griffon.runtime.core.event.AbstractEventRouter - Triggering event 'ReadyStart' synchronously
[griffon-pool-3-thread-1] TRACE griffon.util.CompositeResourceBundle - Searching key=application.lifecycle.handler.disable
[griffon-pool-3-thread-1] TRACE griffon.util.CompositeResourceBundle - Searching key=application
[griffon-pool-3-thread-1] TRACE griffon.util.CompositeResourceBundle - Bundle griffon.util.ExpandableResourceBundle@66dc34e2; key=application; value='{title=JavaFX + Java, startupGroups=[sample], autoShutdown=true}'
[griffon-pool-3-thread-1] DEBUG org.codehaus.griffon.runtime.core.event.AbstractEventRouter - Triggering event 'ReadyEnd' synchronously
[JavaFX Application Thread] DEBUG org.codehaus.griffon.runtime.core.view.AbstractWindowManager - Showing window with name: 'mainWindow' at index 0 javafx.stage.Stage@3eb85dd1
[JavaFX Application Thread] TRACE griffon.util.CompositeResourceBundle - Searching key=windowManager
[JavaFX Application Thread] TRACE griffon.util.CompositeResourceBundle - Searching key=windowManager
[JavaFX Application Thread] TRACE griffon.util.CompositeResourceBundle - Searching key=windowManager
[JavaFX Application Thread] TRACE griffon.util.CompositeResourceBundle - Searching key=windowManager
[JavaFX Application Thread] TRACE org.codehaus.griffon.runtime.core.view.ConfigurableWindowDisplayHandler - Showing mainWindow with default handler
[JavaFX Application Thread] TRACE griffon.util.CompositeResourceBundle - Searching key=windowManager
[JavaFX Application Thread] TRACE griffon.util.CompositeResourceBundle - Searching key=windowManager
[JavaFX Application Thread] DEBUG org.codehaus.griffon.runtime.core.event.AbstractEventRouter - Triggering event 'WindowShown' synchronously
[Test worker] DEBUG org.codehaus.griffon.runtime.core.event.AbstractEventRouter - Adding listener griffon.javafx.test.GriffonTestFXRule$WindowShownHandler on WindowShown
[pool-1-thread-2] INFO org.codehaus.griffon.runtime.core.DefaultApplicationBootstrapper - Griffon 2.11.0-SNAPSHOT
[pool-1-thread-2] INFO org.codehaus.griffon.runtime.core.DefaultApplicationBootstrapper - Build: 2017-04-23T11:12:50.681+0000
[pool-1-thread-2] INFO org.codehaus.griffon.runtime.core.DefaultApplicationBootstrapper - Revision: ae7273e9aa507267a9c5d1b3b96a0441fa0d5622
[pool-1-thread-2] INFO org.codehaus.griffon.runtime.core.DefaultApplicationBootstrapper - JVM: 1.8.0_121 (Oracle Corporation 25.121-b13)
[pool-1-thread-2] INFO org.codehaus.griffon.runtime.core.DefaultApplicationBootstrapper - OS: Linux 3.13.0-103-generic amd64
[pool-1-thread-2] DEBUG org.codehaus.griffon.runtime.core.DefaultApplicationBootstrapper - Creating module bindings
[pool-1-thread-2] DEBUG griffon.util.ServiceLoaderUtils - Reading definitions from file:/home/travis/build/griffon/griffon/samples/sample-javafx-java/build/classes/main/META-INF/griffon
[pool-1-thread-2] DEBUG griffon.util.AnnotationUtils - Current module order is [core, javafx, application, testApplicationBootstrapper$InnerClasses, testApplicationBootstrapper$Fields, testJavaFXGriffonApplicationBootstrapper$1]
[pool-1-thread-2] TRACE griffon.util.AnnotationUtils - Processing module 'core'
[pool-1-thread-2] TRACE griffon.util.AnnotationUtils -   depends on '[]'
[pool-1-thread-2] TRACE griffon.util.AnnotationUtils -   adding module 'core', since all dependencies have been added
[pool-1-thread-2] TRACE griffon.util.AnnotationUtils - Processing module 'javafx'
[pool-1-thread-2] TRACE griffon.util.AnnotationUtils -   depends on '[]'
[pool-1-thread-2] TRACE griffon.util.AnnotationUtils -   adding module 'javafx', since all dependencies have been added
[pool-1-thread-2] TRACE griffon.util.AnnotationUtils - Processing module 'application'
[pool-1-thread-2] TRACE griffon.util.AnnotationUtils -   depends on '[]'
[pool-1-thread-2] TRACE griffon.util.AnnotationUtils -   adding module 'application', since all dependencies have been added
[pool-1-thread-2] TRACE griffon.util.AnnotationUtils - Processing module 'testApplicationBootstrapper$InnerClasses'
[pool-1-thread-2] TRACE griffon.util.AnnotationUtils -   depends on '[]'
[pool-1-thread-2] TRACE griffon.util.AnnotationUtils -   adding module 'testApplicationBootstrapper$InnerClasses', since all dependencies have been added
[pool-1-thread-2] TRACE griffon.util.AnnotationUtils - Processing module 'testApplicationBootstrapper$Fields'
[pool-1-thread-2] TRACE griffon.util.AnnotationUtils -   depends on '[]'
[pool-1-thread-2] TRACE griffon.util.AnnotationUtils -   adding module 'testApplicationBootstrapper$Fields', since all dependencies have been added
[pool-1-thread-2] TRACE griffon.util.AnnotationUtils - Processing module 'testJavaFXGriffonApplicationBootstrapper$1'
[pool-1-thread-2] TRACE griffon.util.AnnotationUtils -   depends on '[]'
[pool-1-thread-2] TRACE griffon.util.AnnotationUtils -   adding module 'testJavaFXGriffonApplicationBootstrapper$1', since all dependencies have been added
[pool-1-thread-2] TRACE griffon.util.AnnotationUtils - module dependency ordering complete
[pool-1-thread-2] DEBUG griffon.util.AnnotationUtils - computed module order is [core, javafx, application, testApplicationBootstrapper$InnerClasses, testApplicationBootstrapper$Fields, testJavaFXGriffonApplicationBootstrapper$1]
[pool-1-thread-2] DEBUG org.codehaus.griffon.runtime.core.TestApplicationBootstrapper - computed Module order is [core, javafx, application, testJavaFXGriffonApplicationBootstrapper$1, testApplicationBootstrapper$InnerClasses, testApplicationBootstrapper$Fields]
[pool-1-thread-2] DEBUG org.codehaus.griffon.runtime.core.DefaultApplicationBootstrapper - Loading module bindings from core:org.codehaus.griffon.runtime.core.DefaultApplicationModule@3af74ddc
[pool-1-thread-2] DEBUG org.codehaus.griffon.runtime.core.DefaultApplicationBootstrapper - Loading module bindings from javafx:org.codehaus.griffon.runtime.javafx.JavaFXModule@684ef7ed
[pool-1-thread-2] DEBUG org.codehaus.griffon.runtime.core.DefaultApplicationBootstrapper - Loading module bindings from application:sample.javafx.java.ApplicationModule@556137ac
[pool-1-thread-2] DEBUG org.codehaus.griffon.runtime.core.DefaultApplicationBootstrapper - Loading module bindings from testJavaFXGriffonApplicationBootstrapper$1:org.codehaus.griffon.runtime.javafx.TestJavaFXGriffonApplicationBootstrapper$1@73f91faa
[pool-1-thread-2] DEBUG org.codehaus.griffon.runtime.core.DefaultApplicationBootstrapper - Loading module bindings from testApplicationBootstrapper$InnerClasses:org.codehaus.griffon.runtime.core.TestApplicationBootstrapper$InnerClassesModule@736025a4
[pool-1-thread-2] DEBUG org.codehaus.griffon.runtime.core.DefaultApplicationBootstrapper - Loading module bindings from testApplicationBootstrapper$Fields:org.codehaus.griffon.runtime.core.TestApplicationBootstrapper$FieldsModule@6c0e45ba
[pool-1-thread-2] TRACE org.codehaus.griffon.runtime.core.DefaultApplicationBootstrapper - InstanceBinding[source=griffon.core.GriffonApplication, instance=org.codehaus.griffon.runtime.javafx.TestJavaFXGriffonApplication@798ec7f3, singleton=true]
[pool-1-thread-2] TRACE org.codehaus.griffon.runtime.core.DefaultApplicationBootstrapper - TargetBinding[source=sample.javafx.java.SampleView, target=sample.javafx.java.SampleView, singleton=false]
[pool-1-thread-2] TRACE org.codehaus.griffon.runtime.core.DefaultApplicationBootstrapper - TargetBinding[source=sample.javafx.java.SampleController, target=sample.javafx.java.SampleController, singleton=false]
[pool-1-thread-2] TRACE org.codehaus.griffon.runtime.core.DefaultApplicationBootstrapper - TargetBinding[source=sample.javafx.java.SampleModel, target=sample.javafx.java.SampleModel, singleton=false]
[pool-1-thread-2] TRACE org.codehaus.griffon.runtime.core.DefaultApplicationBootstrapper - TargetBinding[source=sample.javafx.java.SampleService, target=sample.javafx.java.SampleService, singleton=true]
[pool-1-thread-2] TRACE org.codehaus.griffon.runtime.core.DefaultApplicationBootstrapper - TargetBinding[source=griffon.core.ApplicationClassLoader, target=org.codehaus.griffon.runtime.core.DefaultApplicationClassLoader, singleton=true]
[pool-1-thread-2] TRACE org.codehaus.griffon.runtime.core.DefaultApplicationBootstrapper - ProviderTypeBinding[source=griffon.core.env.Metadata, providerType=org.codehaus.griffon.runtime.core.env.MetadataProvider, singleton=true]
[pool-1-thread-2] TRACE org.codehaus.griffon.runtime.core.DefaultApplicationBootstrapper - ProviderTypeBinding[source=griffon.core.env.RunMode, providerType=org.codehaus.griffon.runtime.core.env.RunModeProvider, singleton=true]
[pool-1-thread-2] TRACE org.codehaus.griffon.runtime.core.DefaultApplicationBootstrapper - ProviderTypeBinding[source=griffon.core.env.Environment, providerType=org.codehaus.griffon.runtime.core.env.EnvironmentProvider, singleton=true]
[pool-1-thread-2] TRACE org.codehaus.griffon.runtime.core.DefaultApplicationBootstrapper - TargetBinding[source=griffon.core.ContextFactory, target=org.codehaus.griffon.runtime.core.DefaultContextFactory, singleton=true]
[pool-1-thread-2] TRACE org.codehaus.griffon.runtime.core.DefaultApplicationBootstrapper - TargetBinding[source=griffon.util.Instantiator, target=org.codehaus.griffon.runtime.util.DefaultInstantiator, singleton=true]
[pool-1-thread-2] TRACE org.codehaus.griffon.runtime.core.DefaultApplicationBootstrapper - ProviderTypeBinding[source=griffon.util.PropertiesReader, providerType=griffon.util.PropertiesReader$Provider, singleton=true]
[pool-1-thread-2] TRACE org.codehaus.griffon.runtime.core.DefaultApplicationBootstrapper - ProviderTypeBinding[source=griffon.util.ResourceBundleReader, providerType=griffon.util.ResourceBundleReader$Provider, singleton=true]
[pool-1-thread-2] TRACE org.codehaus.griffon.runtime.core.DefaultApplicationBootstrapper - ProviderTypeBinding[source=griffon.core.Context, classifier=@javax.inject.Named(value=applicationContext), providerType=org.codehaus.griffon.runtime.core.DefaultContextProvider, singleton=true]
[pool-1-thread-2] TRACE org.codehaus.griffon.runtime.core.DefaultApplicationBootstrapper - TargetBinding[source=griffon.core.ApplicationConfigurer, target=org.codehaus.griffon.runtime.core.DefaultApplicationConfigurer, singleton=true]
[pool-1-thread-2] TRACE org.codehaus.griffon.runtime.core.DefaultApplicationBootstrapper - TargetBinding[source=griffon.core.resources.ResourceHandler, target=org.codehaus.griffon.runtime.core.resources.DefaultResourceHandler, singleton=true]
[pool-1-thread-2] TRACE org.codehaus.griffon.runtime.core.DefaultApplicationBootstrapper - TargetBinding[source=griffon.util.ResourceBundleLoader, classifier=@javax.inject.Named(value=class), target=org.codehaus.griffon.runtime.util.ClassResourceBundleLoader, singleton=true]
[pool-1-thread-2] TRACE org.codehaus.griffon.runtime.core.DefaultApplicationBootstrapper - TargetBinding[source=griffon.util.ResourceBundleLoader, classifier=@javax.inject.Named(value=properties), target=org.codehaus.griffon.runtime.util.PropertiesResourceBundleLoader, singleton=true]
[pool-1-thread-2] TRACE org.codehaus.griffon.runtime.core.DefaultApplicationBootstrapper - TargetBinding[source=griffon.util.ResourceBundleLoader, classifier=@javax.inject.Named(value=xml), target=org.codehaus.griffon.runtime.util.XmlResourceBundleLoader, singleton=true]
[pool-1-thread-2] TRACE org.codehaus.griffon.runtime.core.DefaultApplicationBootstrapper - TargetBinding[source=griffon.util.CompositeResourceBundleBuilder, target=org.codehaus.griffon.runtime.util.DefaultCompositeResourceBundleBuilder, singleton=true]
[pool-1-thread-2] TRACE org.codehaus.griffon.runtime.core.DefaultApplicationBootstrapper - ProviderBinding[source=java.util.ResourceBundle, classifier=@javax.inject.Named(value=applicationResourceBundle), provider=org.codehaus.griffon.runtime.util.ResourceBundleProvider@67336eed, singleton=true]
[pool-1-thread-2] TRACE org.codehaus.griffon.runtime.core.DefaultApplicationBootstrapper - TargetBinding[source=griffon.core.configuration.ConfigurationManager, target=org.codehaus.griffon.runtime.core.configuration.DefaultConfigurationManager, singleton=true]
[pool-1-thread-2] TRACE org.codehaus.griffon.runtime.core.DefaultApplicationBootstrapper - TargetBinding[source=org.codehaus.griffon.runtime.core.configuration.ConfigurationDecoratorFactory, target=org.codehaus.griffon.runtime.core.configuration.DefaultConfigurationDecoratorFactory, singleton=false]
[pool-1-thread-2] TRACE org.codehaus.griffon.runtime.core.DefaultApplicationBootstrapper - ProviderTypeBinding[source=griffon.core.Configuration, providerType=org.codehaus.griffon.runtime.core.configuration.ResourceBundleConfigurationProvider, singleton=true]
[pool-1-thread-2] TRACE org.codehaus.griffon.runtime.core.DefaultApplicationBootstrapper - TargetBinding[source=griffon.core.ExecutorServiceManager, target=org.codehaus.griffon.runtime.core.DefaultExecutorServiceManager, singleton=true]
[pool-1-thread-2] TRACE org.codehaus.griffon.runtime.core.DefaultApplicationBootstrapper - TargetBinding[source=griffon.core.event.EventRouter, classifier=@javax.inject.Named(value=applicationEventRouter), target=org.codehaus.griffon.runtime.core.event.DefaultEventRouter, singleton=true]
[pool-1-thread-2] TRACE org.codehaus.griffon.runtime.core.DefaultApplicationBootstrapper - TargetBinding[source=griffon.core.event.EventRouter, target=org.codehaus.griffon.runtime.core.event.DefaultEventRouter, singleton=false]
[pool-1-thread-2] TRACE org.codehaus.griffon.runtime.core.DefaultApplicationBootstrapper - TargetBinding[source=org.codehaus.griffon.runtime.core.resources.ResourceResolverDecoratorFactory, target=org.codehaus.griffon.runtime.core.resources.DefaultResourceResolverDecoratorFactory, singleton=false]
[pool-1-thread-2] TRACE org.codehaus.griffon.runtime.core.DefaultApplicationBootstrapper - TargetBinding[source=org.codehaus.griffon.runtime.core.i18n.MessageSourceDecoratorFactory, target=org.codehaus.griffon.runtime.core.i18n.DefaultMessageSourceDecoratorFactory, singleton=false]
[pool-1-thread-2] TRACE org.codehaus.griffon.runtime.core.DefaultApplicationBootstrapper - ProviderBinding[source=griffon.core.resources.ResourceResolver, classifier=@javax.inject.Named(value=applicationResourceResolver), provider=org.codehaus.griffon.runtime.core.resources.ResourceResolverProvider@21e52118, singleton=true]
[pool-1-thread-2] TRACE org.codehaus.griffon.runtime.core.DefaultApplicationBootstrapper - ProviderBinding[source=griffon.core.i18n.MessageSource, classifier=@javax.inject.Named(value=applicationMessageSource), provider=org.codehaus.griffon.runtime.core.i18n.MessageSourceProvider@26a2dbbe, singleton=true]
[pool-1-thread-2] TRACE org.codehaus.griffon.runtime.core.DefaultApplicationBootstrapper - TargetBinding[source=griffon.core.resources.ResourceInjector, classifier=@javax.inject.Named(value=applicationResourceInjector), target=org.codehaus.griffon.runtime.core.resources.DefaultApplicationResourceInjector, singleton=true]
[pool-1-thread-2] TRACE org.codehaus.griffon.runtime.core.DefaultApplicationBootstrapper - ProviderTypeBinding[source=java.util.concurrent.ExecutorService, classifier=@javax.inject.Named(value=defaultExecutorService), providerType=org.codehaus.griffon.runtime.core.threading.DefaultExecutorServiceProvider, singleton=true]
[pool-1-thread-2] TRACE org.codehaus.griffon.runtime.core.DefaultApplicationBootstrapper - TargetBinding[source=griffon.core.threading.UIThreadManager, target=org.codehaus.griffon.runtime.javafx.JavaFXUIThreadManager, singleton=true]
[pool-1-thread-2] TRACE org.codehaus.griffon.runtime.core.DefaultApplicationBootstrapper - TargetBinding[source=griffon.core.mvc.MVCGroupConfigurationFactory, target=org.codehaus.griffon.runtime.core.mvc.DefaultMVCGroupConfigurationFactory, singleton=true]
[pool-1-thread-2] TRACE org.codehaus.griffon.runtime.core.DefaultApplicationBootstrapper - TargetBinding[source=griffon.core.mvc.MVCGroupFactory, target=org.codehaus.griffon.runtime.core.mvc.DefaultMVCGroupFactory, singleton=true]
[pool-1-thread-2] TRACE org.codehaus.griffon.runtime.core.DefaultApplicationBootstrapper - TargetBinding[source=griffon.core.mvc.MVCGroupManager, target=org.codehaus.griffon.runtime.core.mvc.DefaultMVCGroupManager, singleton=true]
[pool-1-thread-2] TRACE org.codehaus.griffon.runtime.core.DefaultApplicationBootstrapper - ProviderBinding[source=griffon.core.LifecycleHandler, classifier=@javax.inject.Named(value=Initialize), provider=org.codehaus.griffon.runtime.core.LifecycleHandlerProvider@299c31c6, singleton=true]
[pool-1-thread-2] TRACE org.codehaus.griffon.runtime.core.DefaultApplicationBootstrapper - ProviderBinding[source=griffon.core.LifecycleHandler, classifier=@javax.inject.Named(value=Startup), provider=org.codehaus.griffon.runtime.core.LifecycleHandlerProvider@5524661e, singleton=true]
[pool-1-thread-2] TRACE org.codehaus.griffon.runtime.core.DefaultApplicationBootstrapper - ProviderBinding[source=griffon.core.LifecycleHandler, classifier=@javax.inject.Named(value=Ready), provider=org.codehaus.griffon.runtime.core.LifecycleHandlerProvider@5dc16043, singleton=true]
[pool-1-thread-2] TRACE org.codehaus.griffon.runtime.core.DefaultApplicationBootstrapper - ProviderBinding[source=griffon.core.LifecycleHandler, classifier=@javax.inject.Named(value=Shutdown), provider=org.codehaus.griffon.runtime.core.LifecycleHandlerProvider@6d8e3f6e, singleton=true]
[pool-1-thread-2] TRACE org.codehaus.griffon.runtime.core.DefaultApplicationBootstrapper - ProviderBinding[source=griffon.core.LifecycleHandler, classifier=@javax.inject.Named(value=Stop), provider=org.codehaus.griffon.runtime.core.LifecycleHandlerProvider@25d42118, singleton=true]
[pool-1-thread-2] TRACE org.codehaus.griffon.runtime.core.DefaultApplicationBootstrapper - ProviderBinding[source=griffon.core.view.WindowManager, provider=org.codehaus.griffon.runtime.javafx.TestJavaFXWindowManagerProvider@53b6a72a, singleton=true]
[pool-1-thread-2] TRACE org.codehaus.griffon.runtime.core.DefaultApplicationBootstrapper - TargetBinding[source=griffon.core.controller.ActionManager, target=org.codehaus.griffon.runtime.javafx.controller.JavaFXActionManager, singleton=true]
[pool-1-thread-2] TRACE org.codehaus.griffon.runtime.core.DefaultApplicationBootstrapper - TargetBinding[source=griffon.core.controller.ActionFactory, target=org.codehaus.griffon.runtime.javafx.controller.JavaFXActionFactory, singleton=true]
[pool-1-thread-2] TRACE org.codehaus.griffon.runtime.core.DefaultApplicationBootstrapper - TargetBinding[source=griffon.core.controller.ActionMetadataFactory, target=org.codehaus.griffon.runtime.core.controller.DefaultActionMetadataFactory, singleton=true]
[pool-1-thread-2] TRACE org.codehaus.griffon.runtime.core.DefaultApplicationBootstrapper - TargetBinding[source=griffon.core.artifact.ArtifactManager, target=org.codehaus.griffon.runtime.core.artifact.DefaultArtifactManager, singleton=true]
[pool-1-thread-2] TRACE org.codehaus.griffon.runtime.core.DefaultApplicationBootstrapper - TargetBinding[source=griffon.core.artifact.ArtifactHandler, classifier=@griffon.inject.Typed(value=interface griffon.core.artifact.GriffonModel), target=org.codehaus.griffon.runtime.core.artifact.ModelArtifactHandler, singleton=true]
[pool-1-thread-2] TRACE org.codehaus.griffon.runtime.core.DefaultApplicationBootstrapper - TargetBinding[source=griffon.core.artifact.ArtifactHandler, classifier=@griffon.inject.Typed(value=interface griffon.core.artifact.GriffonView), target=org.codehaus.griffon.runtime.core.artifact.ViewArtifactHandler, singleton=true]
[pool-1-thread-2] TRACE org.codehaus.griffon.runtime.core.DefaultApplicationBootstrapper - TargetBinding[source=griffon.core.artifact.ArtifactHandler, classifier=@griffon.inject.Typed(value=interface griffon.core.artifact.GriffonController), target=org.codehaus.griffon.runtime.core.artifact.ControllerArtifactHandler, singleton=true]
[pool-1-thread-2] TRACE org.codehaus.griffon.runtime.core.DefaultApplicationBootstrapper - TargetBinding[source=griffon.core.artifact.ArtifactHandler, classifier=@griffon.inject.Typed(value=interface griffon.core.artifact.GriffonService), target=org.codehaus.griffon.runtime.core.artifact.ServiceArtifactHandler, singleton=true]
[pool-1-thread-2] TRACE org.codehaus.griffon.runtime.core.DefaultApplicationBootstrapper - ProviderTypeBinding[source=griffon.core.PlatformHandler, providerType=org.codehaus.griffon.runtime.core.PlatformHandlerProvider, singleton=true]
[pool-1-thread-2] TRACE org.codehaus.griffon.runtime.core.DefaultApplicationBootstrapper - TargetBinding[source=griffon.core.addon.AddonManager, target=org.codehaus.griffon.runtime.core.addon.DefaultAddonManager, singleton=true]
[pool-1-thread-2] TRACE org.codehaus.griffon.runtime.core.DefaultApplicationBootstrapper - TargetBinding[source=griffon.core.event.EventHandler, target=org.codehaus.griffon.runtime.core.event.DefaultEventHandler, singleton=true]
[pool-1-thread-2] TRACE org.codehaus.griffon.runtime.core.DefaultApplicationBootstrapper - ProviderTypeBinding[source=griffon.core.ExceptionHandler, providerType=org.codehaus.griffon.runtime.core.GriffonExceptionHandlerProvider, singleton=true]
[pool-1-thread-2] TRACE org.codehaus.griffon.runtime.core.DefaultApplicationBootstrapper - TargetBinding[source=griffon.javafx.JavaFXWindowDisplayHandler, classifier=@javax.inject.Named(value=defaultWindowDisplayHandler), target=org.codehaus.griffon.runtime.javafx.DefaultJavaFXWindowDisplayHandler, singleton=true]
[pool-1-thread-2] TRACE org.codehaus.griffon.runtime.core.DefaultApplicationBootstrapper - TargetBinding[source=griffon.javafx.JavaFXWindowDisplayHandler, classifier=@javax.inject.Named(value=windowDisplayHandler), target=org.codehaus.griffon.runtime.javafx.ConfigurableJavaFXWindowDisplayHandler, singleton=true]
[pool-1-thread-2] TRACE org.codehaus.griffon.runtime.core.DefaultApplicationBootstrapper - InstanceBinding[source=griffon.javafx.support.ActionMatcher, instance=griffon.javafx.support.ActionMatcher$1@29326b5b, singleton=true]
[pool-1-thread-2] DEBUG org.codehaus.griffon.runtime.core.DefaultApplicationBootstrapper - Creating application injector
[pool-1-thread-2] DEBUG org.codehaus.griffon.runtime.core.DefaultApplicationBootstrapper - Injector will be created by org.codehaus.griffon.runtime.injection.GuiceInjectorFactory@1d121232
[pool-1-thread-2] DEBUG griffon.util.AnnotationUtils - computed module order is []
[pool-1-thread-2] DEBUG org.codehaus.griffon.runtime.core.event.AbstractEventRouter - Adding listener org.codehaus.griffon.runtime.core.configuration.AbstractConfigurationManager$1 on NewInstance
[pool-1-thread-2] DEBUG griffon.util.AnnotationUtils - Current resource bundle loader order is [class, properties, xml]
[pool-1-thread-2] TRACE griffon.util.AnnotationUtils - Processing resource bundle loader 'class'
[pool-1-thread-2] TRACE griffon.util.AnnotationUtils -   depends on '[]'
[pool-1-thread-2] TRACE griffon.util.AnnotationUtils -   adding resource bundle loader 'class', since all dependencies have been added
[pool-1-thread-2] TRACE griffon.util.AnnotationUtils - Processing resource bundle loader 'properties'
[pool-1-thread-2] TRACE griffon.util.AnnotationUtils -   depends on '[]'
[pool-1-thread-2] TRACE griffon.util.AnnotationUtils -   adding resource bundle loader 'properties', since all dependencies have been added
[pool-1-thread-2] TRACE griffon.util.AnnotationUtils - Processing resource bundle loader 'xml'
[pool-1-thread-2] TRACE griffon.util.AnnotationUtils -   depends on '[]'
[pool-1-thread-2] TRACE griffon.util.AnnotationUtils -   adding resource bundle loader 'xml', since all dependencies have been added
[pool-1-thread-2] TRACE griffon.util.AnnotationUtils - resource bundle loader dependency ordering complete
[pool-1-thread-2] DEBUG griffon.util.AnnotationUtils - computed resource bundle loader order is [class, properties, xml]
[pool-1-thread-2] TRACE griffon.util.CompositeResourceBundle - Searching key=application
[pool-1-thread-2] TRACE griffon.util.CompositeResourceBundle - Bundle griffon.util.ExpandableResourceBundle@31bc67bf; key=application; value='{title=JavaFX + Java, startupGroups=[sample], autoShutdown=true}'
[pool-1-thread-2] TRACE griffon.util.CompositeResourceBundle - Searching key=application.title
[pool-1-thread-2] TRACE griffon.util.CompositeResourceBundle - Bundle griffon.util.ExpandableResourceBundle@31bc67bf; key=application.title; value='JavaFX + Java'
[pool-1-thread-2] TRACE griffon.util.CompositeResourceBundle - Searching key=application.startupGroups
[pool-1-thread-2] TRACE griffon.util.CompositeResourceBundle - Bundle griffon.util.ExpandableResourceBundle@31bc67bf; key=application.startupGroups; value='[sample]'
[pool-1-thread-2] TRACE griffon.util.CompositeResourceBundle - Searching key=application.autoShutdown
[pool-1-thread-2] TRACE griffon.util.CompositeResourceBundle - Bundle griffon.util.ExpandableResourceBundle@31bc67bf; key=application.autoShutdown; value='true'
[pool-1-thread-2] TRACE griffon.util.CompositeResourceBundle - Searching key=mvcGroups
[pool-1-thread-2] TRACE griffon.util.CompositeResourceBundle - Bundle griffon.util.ExpandableResourceBundle@31bc67bf; key=mvcGroups; value='{sample={model=sample.javafx.java.SampleModel, view=sample.javafx.java.SampleView, controller=sample.javafx.java.SampleController}}'
[pool-1-thread-2] TRACE griffon.util.CompositeResourceBundle - Searching key=mvcGroups.sample.model
[pool-1-thread-2] TRACE griffon.util.CompositeResourceBundle - Bundle griffon.util.ExpandableResourceBundle@31bc67bf; key=mvcGroups.sample.model; value='sample.javafx.java.SampleModel'
[pool-1-thread-2] TRACE griffon.util.CompositeResourceBundle - Searching key=mvcGroups.sample.view
[pool-1-thread-2] TRACE griffon.util.CompositeResourceBundle - Bundle griffon.util.ExpandableResourceBundle@31bc67bf; key=mvcGroups.sample.view; value='sample.javafx.java.SampleView'
[pool-1-thread-2] TRACE griffon.util.CompositeResourceBundle - Searching key=mvcGroups.sample.controller
[pool-1-thread-2] TRACE griffon.util.CompositeResourceBundle - Bundle griffon.util.ExpandableResourceBundle@31bc67bf; key=mvcGroups.sample.controller; value='sample.javafx.java.SampleController'
[pool-1-thread-2] DEBUG org.codehaus.griffon.runtime.core.event.AbstractEventRouter - Adding listener org.codehaus.griffon.runtime.core.MVCGroupExceptionHandler on UncaughtMVCGroupConfigurationException
[pool-1-thread-2] DEBUG org.codehaus.griffon.runtime.core.event.AbstractEventRouter - Adding listener org.codehaus.griffon.runtime.core.MVCGroupExceptionHandler on UncaughtMVCGroupInstantiationException
[pool-1-thread-2] DEBUG griffon.util.AnnotationUtils - Current handler order is [default]
[pool-1-thread-2] TRACE griffon.util.AnnotationUtils - Processing handler 'default'
[pool-1-thread-2] TRACE griffon.util.AnnotationUtils -   depends on '[]'
[pool-1-thread-2] TRACE griffon.util.AnnotationUtils -   adding handler 'default', since all dependencies have been added
[pool-1-thread-2] TRACE griffon.util.AnnotationUtils - handler dependency ordering complete
[pool-1-thread-2] DEBUG griffon.util.AnnotationUtils - computed handler order is [default]
[pool-1-thread-2] DEBUG org.codehaus.griffon.runtime.core.event.AbstractEventRouter - Triggering event 'BootstrapStart' synchronously
[pool-1-thread-2] DEBUG griffon.util.ServiceLoaderUtils - Reading java.beans.PropertyEditor definitions from jar:file:/home/travis/build/griffon/griffon/subprojects/griffon-javafx/build/libs/griffon-javafx-2.11.0-SNAPSHOT.jar!/META-INF/editors/java.beans.PropertyEditor
[pool-1-thread-2] DEBUG org.codehaus.griffon.runtime.core.DefaultApplicationConfigurer - Registering griffon.javafx.editors.Dimension2DPropertyEditor as editor for javafx.geometry.Dimension2D
[pool-1-thread-2] DEBUG org.codehaus.griffon.runtime.core.DefaultApplicationConfigurer - Registering griffon.javafx.editors.InsetsPropertyEditor as editor for javafx.geometry.Insets
[pool-1-thread-2] DEBUG org.codehaus.griffon.runtime.core.DefaultApplicationConfigurer - Registering griffon.javafx.editors.Point2DPropertyEditor as editor for javafx.geometry.Point2D
[pool-1-thread-2] DEBUG org.codehaus.griffon.runtime.core.DefaultApplicationConfigurer - Registering griffon.javafx.editors.Rectangle2DPropertyEditor as editor for javafx.geometry.Rectangle2D
[pool-1-thread-2] DEBUG org.codehaus.griffon.runtime.core.DefaultApplicationConfigurer - Registering griffon.javafx.editors.GraphicPropertyEditor as editor for javafx.scene.Node
[pool-1-thread-2] DEBUG org.codehaus.griffon.runtime.core.DefaultApplicationConfigurer - Registering griffon.javafx.editors.ImagePropertyEditor as editor for javafx.scene.image.Image
[pool-1-thread-2] DEBUG org.codehaus.griffon.runtime.core.DefaultApplicationConfigurer - Registering griffon.javafx.editors.ColorPropertyEditor as editor for javafx.scene.paint.Color
[pool-1-thread-2] DEBUG org.codehaus.griffon.runtime.core.DefaultApplicationConfigurer - Registering griffon.javafx.editors.LinearGradientPropertyEditor as editor for javafx.scene.paint.LinearGradient
[pool-1-thread-2] DEBUG org.codehaus.griffon.runtime.core.DefaultApplicationConfigurer - Registering griffon.javafx.editors.PaintPropertyEditor as editor for javafx.scene.paint.Paint
[pool-1-thread-2] DEBUG org.codehaus.griffon.runtime.core.DefaultApplicationConfigurer - Registering griffon.javafx.editors.RadialGradientPropertyEditor as editor for javafx.scene.paint.RadialGradient
[pool-1-thread-2] DEBUG griffon.util.ServiceLoaderUtils - Reading java.beans.PropertyEditor definitions from jar:file:/home/travis/build/griffon/griffon/subprojects/griffon-core/build/libs/griffon-core-2.11.0-SNAPSHOT.jar!/META-INF/editors/java.beans.PropertyEditor
[pool-1-thread-2] DEBUG org.codehaus.griffon.runtime.core.DefaultApplicationConfigurer - Registering griffon.core.editors.StringPropertyEditor as editor for java.lang.String
[pool-1-thread-2] DEBUG org.codehaus.griffon.runtime.core.DefaultApplicationConfigurer - Registering griffon.core.editors.FilePropertyEditor as editor for java.io.File
[pool-1-thread-2] DEBUG org.codehaus.griffon.runtime.core.DefaultApplicationConfigurer - Registering griffon.core.editors.URLPropertyEditor as editor for java.net.URL
[pool-1-thread-2] DEBUG org.codehaus.griffon.runtime.core.DefaultApplicationConfigurer - Registering griffon.core.editors.URIPropertyEditor as editor for java.net.URI
[pool-1-thread-2] DEBUG org.codehaus.griffon.runtime.core.DefaultApplicationConfigurer - Registering griffon.core.editors.BigDecimalPropertyEditor as editor for java.math.BigDecimal
[pool-1-thread-2] DEBUG org.codehaus.griffon.runtime.core.DefaultApplicationConfigurer - Registering griffon.core.editors.BigIntegerPropertyEditor as editor for java.math.BigInteger
[pool-1-thread-2] DEBUG org.codehaus.griffon.runtime.core.DefaultApplicationConfigurer - Registering griffon.core.editors.BooleanPropertyEditor as editor for java.lang.Boolean
[pool-1-thread-2] DEBUG org.codehaus.griffon.runtime.core.DefaultApplicationConfigurer - Registering griffon.core.editors.BytePropertyEditor as editor for java.lang.Byte
[pool-1-thread-2] DEBUG org.codehaus.griffon.runtime.core.DefaultApplicationConfigurer - Registering griffon.core.editors.ShortPropertyEditor as editor for java.lang.Short
[pool-1-thread-2] DEBUG org.codehaus.griffon.runtime.core.DefaultApplicationConfigurer - Registering griffon.core.editors.IntegerPropertyEditor as editor for java.lang.Integer
[pool-1-thread-2] DEBUG org.codehaus.griffon.runtime.core.DefaultApplicationConfigurer - Registering griffon.core.editors.LongPropertyEditor as editor for java.lang.Long
[pool-1-thread-2] DEBUG org.codehaus.griffon.runtime.core.DefaultApplicationConfigurer - Registering griffon.core.editors.FloatPropertyEditor as editor for java.lang.Float
[pool-1-thread-2] DEBUG org.codehaus.griffon.runtime.core.DefaultApplicationConfigurer - Registering griffon.core.editors.DoublePropertyEditor as editor for java.lang.Double
[pool-1-thread-2] DEBUG org.codehaus.griffon.runtime.core.DefaultApplicationConfigurer - Registering griffon.core.editors.CalendarPropertyEditor as editor for java.util.Calendar
[pool-1-thread-2] DEBUG org.codehaus.griffon.runtime.core.DefaultApplicationConfigurer - Registering griffon.core.editors.DatePropertyEditor as editor for java.util.Date
[pool-1-thread-2] DEBUG org.codehaus.griffon.runtime.core.DefaultApplicationConfigurer - Registering griffon.core.editors.LocalePropertyEditor as editor for java.util.Locale
[pool-1-thread-2] TRACE griffon.core.editors.PropertyEditorResolver - Searching PropertyEditor for java.lang.Boolean
[pool-1-thread-2] TRACE griffon.core.editors.PropertyEditorResolver - PropertyEditor for java.lang.Boolean is griffon.core.editors.BooleanPropertyEditor
[pool-1-thread-2] DEBUG org.codehaus.griffon.runtime.core.DefaultApplicationConfigurer - Registering griffon.core.editors.BooleanPropertyEditor as editor for boolean
[pool-1-thread-2] TRACE griffon.core.editors.PropertyEditorResolver - Searching PropertyEditor for java.lang.Byte
[pool-1-thread-2] TRACE griffon.core.editors.PropertyEditorResolver - PropertyEditor for java.lang.Byte is griffon.core.editors.BytePropertyEditor
[pool-1-thread-2] DEBUG org.codehaus.griffon.runtime.core.DefaultApplicationConfigurer - Registering griffon.core.editors.BytePropertyEditor as editor for byte
[pool-1-thread-2] TRACE griffon.core.editors.PropertyEditorResolver - Searching PropertyEditor for java.lang.Short
[pool-1-thread-2] TRACE griffon.core.editors.PropertyEditorResolver - PropertyEditor for java.lang.Short is griffon.core.editors.ShortPropertyEditor
[pool-1-thread-2] DEBUG org.codehaus.griffon.runtime.core.DefaultApplicationConfigurer - Registering griffon.core.editors.ShortPropertyEditor as editor for short
[pool-1-thread-2] TRACE griffon.core.editors.PropertyEditorResolver - Searching PropertyEditor for java.lang.Integer
[pool-1-thread-2] TRACE griffon.core.editors.PropertyEditorResolver - PropertyEditor for java.lang.Integer is griffon.core.editors.IntegerPropertyEditor
[pool-1-thread-2] DEBUG org.codehaus.griffon.runtime.core.DefaultApplicationConfigurer - Registering griffon.core.editors.IntegerPropertyEditor as editor for int
[pool-1-thread-2] TRACE griffon.core.editors.PropertyEditorResolver - Searching PropertyEditor for java.lang.Long
[pool-1-thread-2] TRACE griffon.core.editors.PropertyEditorResolver - PropertyEditor for java.lang.Long is griffon.core.editors.LongPropertyEditor
[pool-1-thread-2] DEBUG org.codehaus.griffon.runtime.core.DefaultApplicationConfigurer - Registering griffon.core.editors.LongPropertyEditor as editor for long
[pool-1-thread-2] TRACE griffon.core.editors.PropertyEditorResolver - Searching PropertyEditor for java.lang.Float
[pool-1-thread-2] TRACE griffon.core.editors.PropertyEditorResolver - PropertyEditor for java.lang.Float is griffon.core.editors.FloatPropertyEditor
[pool-1-thread-2] DEBUG org.codehaus.griffon.runtime.core.DefaultApplicationConfigurer - Registering griffon.core.editors.FloatPropertyEditor as editor for float
[pool-1-thread-2] TRACE griffon.core.editors.PropertyEditorResolver - Searching PropertyEditor for java.lang.Double
[pool-1-thread-2] TRACE griffon.core.editors.PropertyEditorResolver - PropertyEditor for java.lang.Double is griffon.core.editors.DoublePropertyEditor
[pool-1-thread-2] DEBUG org.codehaus.griffon.runtime.core.DefaultApplicationConfigurer - Registering griffon.core.editors.DoublePropertyEditor as editor for double
[pool-1-thread-2] DEBUG org.codehaus.griffon.runtime.core.event.AbstractEventRouter - Adding listener org.codehaus.griffon.runtime.core.DefaultApplicationConfigurer$2 on NewInstance
[pool-1-thread-2] TRACE griffon.util.CompositeResourceBundle - Searching key=application.lifecycle.handler.disable
[pool-1-thread-2] TRACE griffon.util.CompositeResourceBundle - Searching key=application
[pool-1-thread-2] TRACE griffon.util.CompositeResourceBundle - Bundle griffon.util.ExpandableResourceBundle@31bc67bf; key=application; value='{title=JavaFX + Java, startupGroups=[sample], autoShutdown=true}'
[pool-1-thread-2] TRACE griffon.util.CompositeResourceBundle - Searching key=platform.handler.linux64
[pool-1-thread-2] TRACE griffon.util.CompositeResourceBundle - Searching key=platform
[pool-1-thread-2] DEBUG org.codehaus.griffon.runtime.core.PlatformHandlerProvider - Using org.codehaus.griffon.runtime.core.DefaultPlatformHandler as PlatformHandler
[pool-1-thread-2] DEBUG org.codehaus.griffon.runtime.core.addon.AbstractAddonManager - Loading addons [START]
[pool-1-thread-2] DEBUG griffon.util.AnnotationUtils - computed addon order is []
[pool-1-thread-2] DEBUG org.codehaus.griffon.runtime.core.event.AbstractEventRouter - Triggering event 'LoadAddonsStart' synchronously
[pool-1-thread-2] DEBUG org.codehaus.griffon.runtime.core.addon.AbstractAddonManager - Loading addons [END]
[pool-1-thread-2] DEBUG org.codehaus.griffon.runtime.core.event.AbstractEventRouter - Triggering event 'LoadAddonsEnd' synchronously
[pool-1-thread-2] TRACE griffon.util.CompositeResourceBundle - Searching key=mvcGroups
[pool-1-thread-2] TRACE griffon.util.CompositeResourceBundle - Bundle griffon.util.ExpandableResourceBundle@31bc67bf; key=mvcGroups; value='{sample={model=sample.javafx.java.SampleModel, view=sample.javafx.java.SampleView, controller=sample.javafx.java.SampleController}}'
[pool-1-thread-2] DEBUG org.codehaus.griffon.runtime.core.DefaultApplicationConfigurer - Adding MVC group sample
[pool-1-thread-2] DEBUG org.codehaus.griffon.runtime.core.event.AbstractEventRouter - Adding listener org.codehaus.griffon.runtime.core.DefaultApplicationConfigurer$3 on NewInstance
[pool-1-thread-2] TRACE griffon.util.CompositeResourceBundle - Searching key=griffon.controller.action.handler.order
[pool-1-thread-2] TRACE griffon.util.CompositeResourceBundle - Searching key=griffon
[pool-1-thread-2] DEBUG griffon.util.AnnotationUtils - computed handler order is []
[pool-1-thread-2] DEBUG org.codehaus.griffon.runtime.core.artifact.AbstractArtifactManager - Registering artifact handler for type 'model': org.codehaus.griffon.runtime.core.artifact.ModelArtifactHandler@4da89e8b
[pool-1-thread-2] DEBUG org.codehaus.griffon.runtime.core.artifact.AbstractArtifactManager - Registering artifact handler for type 'view': org.codehaus.griffon.runtime.core.artifact.ViewArtifactHandler@51b57f45
[pool-1-thread-2] DEBUG org.codehaus.griffon.runtime.core.artifact.AbstractArtifactManager - Registering artifact handler for type 'controller': org.codehaus.griffon.runtime.core.artifact.ControllerArtifactHandler@73c4ba
[pool-1-thread-2] DEBUG org.codehaus.griffon.runtime.core.artifact.AbstractArtifactManager - Registering artifact handler for type 'service': org.codehaus.griffon.runtime.core.artifact.ServiceArtifactHandler@247266d9
[pool-1-thread-2] DEBUG griffon.util.ServiceLoaderUtils - Reading griffon.core.artifact.GriffonView definitions from file:/home/travis/build/griffon/griffon/samples/sample-javafx-java/build/classes/main/META-INF/griffon/griffon.core.artifact.GriffonView
[pool-1-thread-2] DEBUG griffon.util.ServiceLoaderUtils - Reading griffon.core.artifact.GriffonController definitions from file:/home/travis/build/griffon/griffon/samples/sample-javafx-java/build/classes/main/META-INF/griffon/griffon.core.artifact.GriffonController
[pool-1-thread-2] DEBUG griffon.util.ServiceLoaderUtils - Reading griffon.core.artifact.GriffonService definitions from file:/home/travis/build/griffon/griffon/samples/sample-javafx-java/build/classes/main/META-INF/griffon/griffon.core.artifact.GriffonService
[pool-1-thread-2] DEBUG griffon.util.ServiceLoaderUtils - Reading griffon.core.artifact.GriffonModel definitions from file:/home/travis/build/griffon/griffon/samples/sample-javafx-java/build/classes/main/META-INF/griffon/griffon.core.artifact.GriffonModel
[pool-1-thread-2] DEBUG org.codehaus.griffon.runtime.core.artifact.DefaultArtifactManager - Artifacts of type 'view' = 1
[pool-1-thread-2] DEBUG org.codehaus.griffon.runtime.core.artifact.DefaultArtifactManager - Artifacts of type 'controller' = 1
[pool-1-thread-2] DEBUG org.codehaus.griffon.runtime.core.artifact.DefaultArtifactManager - Artifacts of type 'service' = 1
[pool-1-thread-2] DEBUG org.codehaus.griffon.runtime.core.artifact.DefaultArtifactManager - Artifacts of type 'model' = 1
[pool-1-thread-2] DEBUG org.codehaus.griffon.runtime.core.event.AbstractEventRouter - Triggering event 'BootstrapEnd' synchronously
[griffon-pool-4-thread-1] DEBUG org.codehaus.griffon.runtime.core.event.AbstractEventRouter - Triggering event 'StartupStart' synchronously
[griffon-pool-4-thread-1] TRACE griffon.util.CompositeResourceBundle - Searching key=application.startupGroups
[griffon-pool-4-thread-1] TRACE griffon.util.CompositeResourceBundle - Bundle griffon.util.ExpandableResourceBundle@31bc67bf; key=application.startupGroups; value='[sample]'
[griffon-pool-4-thread-1] INFO org.codehaus.griffon.runtime.javafx.TestJavaFXGriffonApplication - Initializing all startup groups: [sample]
[griffon-pool-4-thread-1] DEBUG org.codehaus.griffon.runtime.core.mvc.AbstractMVCGroupManager - Searching group sample
[griffon-pool-4-thread-1] DEBUG org.codehaus.griffon.runtime.core.mvc.DefaultMVCGroupManager - Building MVC group 'sample' with name 'sample'
[griffon-pool-4-thread-1] DEBUG org.codehaus.griffon.runtime.core.artifact.AbstractArtifactManager - Searching for griffonClass of sample.javafx.java.SampleModel
[griffon-pool-4-thread-1] DEBUG org.codehaus.griffon.runtime.core.artifact.AbstractArtifactManager - Searching for griffonClass of sample.javafx.java.SampleView
[griffon-pool-4-thread-1] DEBUG org.codehaus.griffon.runtime.core.artifact.AbstractArtifactManager - Searching for griffonClass of sample.javafx.java.SampleController
[griffon-pool-4-thread-1] DEBUG org.codehaus.griffon.runtime.core.artifact.AbstractArtifactManager - Searching for griffonClass of sample.javafx.java.SampleModel
[griffon-pool-4-thread-1] DEBUG org.codehaus.griffon.runtime.core.artifact.AbstractArtifactManager - Searching for griffonClass of sample.javafx.java.SampleModel
[griffon-pool-4-thread-1] DEBUG org.codehaus.griffon.runtime.core.event.AbstractEventRouter - Triggering event 'NewInstance' synchronously
[griffon-pool-4-thread-1] DEBUG org.codehaus.griffon.runtime.core.artifact.AbstractArtifactManager - Searching for griffonClass of sample.javafx.java.SampleView
[griffon-pool-4-thread-1] DEBUG org.codehaus.griffon.runtime.core.artifact.AbstractArtifactManager - Searching for griffonClass of sample.javafx.java.SampleView
[JavaFX Application Thread] DEBUG org.codehaus.griffon.runtime.core.event.AbstractEventRouter - Triggering event 'NewInstance' synchronously
[griffon-pool-4-thread-1] DEBUG org.codehaus.griffon.runtime.core.artifact.AbstractArtifactManager - Searching for griffonClass of sample.javafx.java.SampleController
[griffon-pool-4-thread-1] DEBUG org.codehaus.griffon.runtime.core.artifact.AbstractArtifactManager - Searching for griffonClass of sample.javafx.java.SampleController
[griffon-pool-4-thread-1] DEBUG org.codehaus.griffon.runtime.core.event.AbstractEventRouter - Triggering event 'NewInstance' synchronously
[griffon-pool-4-thread-1] DEBUG org.codehaus.griffon.runtime.core.event.AbstractEventRouter - Triggering event 'NewInstance' synchronously
[griffon-pool-4-thread-1] DEBUG org.codehaus.griffon.runtime.core.artifact.AbstractArtifactManager - Searching for griffonClass of sample.javafx.java.SampleController
[griffon-pool-4-thread-1] TRACE griffon.util.CompositeResourceBundle - Searching key=sample.javafx.java.SampleController.action.SayHello.name
[griffon-pool-4-thread-1] TRACE griffon.util.CompositeResourceBundle - Searching key=application.action.SayHello.name
[griffon-pool-4-thread-1] TRACE org.codehaus.griffon.runtime.javafx.controller.JavaFXActionManager - sample.javafx.java.SampleController.action.SayHello.name = Say Hello
[griffon-pool-4-thread-1] TRACE griffon.util.CompositeResourceBundle - Searching key=sample.javafx.java.SampleController.action.SayHello.accelerator
[griffon-pool-4-thread-1] TRACE griffon.util.CompositeResourceBundle - Searching key=application.action.SayHello.accelerator
[griffon-pool-4-thread-1] TRACE griffon.util.CompositeResourceBundle - Searching key=sample.javafx.java.SampleController.action.SayHello.description
[griffon-pool-4-thread-1] TRACE griffon.util.CompositeResourceBundle - Searching key=application.action.SayHello.description
[griffon-pool-4-thread-1] TRACE griffon.util.CompositeResourceBundle - Searching key=sample.javafx.java.SampleController.action.SayHello.icon
[griffon-pool-4-thread-1] TRACE griffon.util.CompositeResourceBundle - Searching key=application.action.SayHello.icon
[griffon-pool-4-thread-1] TRACE griffon.util.CompositeResourceBundle - Searching key=sample.javafx.java.SampleController.action.SayHello.image
[griffon-pool-4-thread-1] TRACE griffon.util.CompositeResourceBundle - Searching key=application.action.SayHello.image
[griffon-pool-4-thread-1] TRACE griffon.util.CompositeResourceBundle - Searching key=sample.javafx.java.SampleController.action.SayHello.enabled
[griffon-pool-4-thread-1] TRACE griffon.util.CompositeResourceBundle - Searching key=application.action.SayHello.enabled
[griffon-pool-4-thread-1] TRACE org.codehaus.griffon.runtime.javafx.controller.JavaFXActionManager - sample.javafx.java.SampleController.action.SayHello.enabled = true
[griffon-pool-4-thread-1] TRACE griffon.util.CompositeResourceBundle - Searching key=sample.javafx.java.SampleController.action.SayHello.selected
[griffon-pool-4-thread-1] TRACE griffon.util.CompositeResourceBundle - Searching key=application.action.SayHello.selected
[griffon-pool-4-thread-1] TRACE org.codehaus.griffon.runtime.javafx.controller.JavaFXActionManager - sample.javafx.java.SampleController.action.SayHello.selected = false
[griffon-pool-4-thread-1] TRACE griffon.util.CompositeResourceBundle - Searching key=sample.javafx.java.SampleController.action.SayHello.visible
[griffon-pool-4-thread-1] TRACE griffon.util.CompositeResourceBundle - Searching key=application.action.SayHello.visible
[griffon-pool-4-thread-1] TRACE org.codehaus.griffon.runtime.javafx.controller.JavaFXActionManager - sample.javafx.java.SampleController.action.SayHello.visible = true
[griffon-pool-4-thread-1] TRACE griffon.util.CompositeResourceBundle - Searching key=sample.javafx.java.SampleController.action.SayHello.styleclass
[griffon-pool-4-thread-1] TRACE griffon.util.CompositeResourceBundle - Searching key=application.action.SayHello.styleclass
[griffon-pool-4-thread-1] TRACE griffon.util.CompositeResourceBundle - Searching key=sample.javafx.java.SampleController.action.SayHello.style
[griffon-pool-4-thread-1] TRACE griffon.util.CompositeResourceBundle - Searching key=application.action.SayHello.style
[griffon-pool-4-thread-1] TRACE griffon.util.CompositeResourceBundle - Searching key=sample.javafx.java.SampleController.action.SayHello.graphic_styleclass
[griffon-pool-4-thread-1] TRACE griffon.util.CompositeResourceBundle - Searching key=application.action.SayHello.graphic_styleclass
[griffon-pool-4-thread-1] TRACE griffon.util.CompositeResourceBundle - Searching key=sample.javafx.java.SampleController.action.SayHello.graphic_style
[griffon-pool-4-thread-1] TRACE griffon.util.CompositeResourceBundle - Searching key=application.action.SayHello.graphic_style
[griffon-pool-4-thread-1] TRACE griffon.core.editors.PropertyEditorResolver - Searching PropertyEditor for javafx.scene.image.Image
[griffon-pool-4-thread-1] TRACE griffon.core.editors.PropertyEditorResolver - PropertyEditor for javafx.scene.image.Image is griffon.javafx.editors.ImagePropertyEditor
[griffon-pool-4-thread-1] TRACE org.codehaus.griffon.runtime.core.controller.AbstractActionManager - Action for sample.javafx.java.SampleController.sayHello stored as sayHello
[griffon-pool-4-thread-1] DEBUG org.codehaus.griffon.runtime.core.event.AbstractEventRouter - Triggering event 'InitializeMVCGroup' synchronously
[griffon-pool-4-thread-1] DEBUG org.codehaus.griffon.runtime.core.mvc.AbstractMVCGroupManager - Adding group sample:org.codehaus.griffon.runtime.core.mvc.DefaultMVCGroup@35cc23db[sample:sample]
[griffon-pool-4-thread-1] DEBUG org.codehaus.griffon.runtime.core.mvc.DefaultMVCGroupManager - Initializing each MVC member of group 'sample'
[JavaFX Application Thread] TRACE griffon.util.CompositeResourceBundle - Searching key=application.title
[JavaFX Application Thread] TRACE griffon.util.CompositeResourceBundle - Bundle griffon.util.ExpandableResourceBundle@31bc67bf; key=application.title; value='JavaFX + Java'
[JavaFX Application Thread] DEBUG org.codehaus.griffon.runtime.core.artifact.AbstractArtifactManager - Searching for griffonClass of sample.javafx.java.SampleView
[JavaFX Application Thread] TRACE griffon.util.CompositeResourceBundle - Searching key=name
[JavaFX Application Thread] TRACE griffon.util.CompositeResourceBundle - Bundle griffon.util.ExpandableResourceBundle@2312449c; key=name; value='{label=Please enter your name}'
[JavaFX Application Thread] TRACE griffon.util.CompositeResourceBundle - Searching key=name.label
[JavaFX Application Thread] TRACE griffon.util.CompositeResourceBundle - Bundle griffon.util.ExpandableResourceBundle@2312449c; key=name.label; value='Please enter your name'
[JavaFX Application Thread] TRACE griffon.util.CompositeResourceBundle - Searching key=greeting
[JavaFX Application Thread] TRACE griffon.util.CompositeResourceBundle - Bundle griffon.util.ExpandableResourceBundle@2312449c; key=greeting; value='{default=Howdy stranger!, parameterized=Hello {0}}'
[JavaFX Application Thread] TRACE griffon.util.CompositeResourceBundle - Searching key=greeting.default
[JavaFX Application Thread] TRACE griffon.util.CompositeResourceBundle - Bundle griffon.util.ExpandableResourceBundle@2312449c; key=greeting.default; value='Howdy stranger!'
[JavaFX Application Thread] TRACE griffon.util.CompositeResourceBundle - Searching key=greeting.parameterized
[JavaFX Application Thread] TRACE griffon.util.CompositeResourceBundle - Bundle griffon.util.ExpandableResourceBundle@2312449c; key=greeting.parameterized; value='Hello {0}'
[JavaFX Application Thread] TRACE griffon.util.CompositeResourceBundle - Searching key=name.label
[JavaFX Application Thread] TRACE griffon.util.CompositeResourceBundle - Bundle griffon.util.ExpandableResourceBundle@2312449c; key=name.label; value='Please enter your name'
[JavaFX Application Thread] TRACE griffon.util.CompositeResourceBundle - Searching key=greeting
[JavaFX Application Thread] TRACE griffon.util.CompositeResourceBundle - Bundle griffon.util.ExpandableResourceBundle@2312449c; key=greeting; value='{default=Howdy stranger!, parameterized=Hello {0}}'
[JavaFX Application Thread] TRACE griffon.util.CompositeResourceBundle - Searching key=name
[JavaFX Application Thread] TRACE griffon.util.CompositeResourceBundle - Bundle griffon.util.ExpandableResourceBundle@2312449c; key=name; value='{label=Please enter your name}'
[JavaFX Application Thread] TRACE griffon.util.CompositeResourceBundle - Searching key=greeting.default
[JavaFX Application Thread] TRACE griffon.util.CompositeResourceBundle - Bundle griffon.util.ExpandableResourceBundle@2312449c; key=greeting.default; value='Howdy stranger!'
[JavaFX Application Thread] TRACE griffon.util.CompositeResourceBundle - Searching key=greeting.parameterized
[JavaFX Application Thread] TRACE griffon.util.CompositeResourceBundle - Bundle griffon.util.ExpandableResourceBundle@2312449c; key=greeting.parameterized; value='Hello {0}'
[JavaFX Application Thread] DEBUG org.codehaus.griffon.runtime.core.view.AbstractWindowManager - Attaching window with name: 'mainWindow' at index 0 javafx.stage.Stage@3eb85dd1
[JavaFX Application Thread] DEBUG org.codehaus.griffon.runtime.core.event.AbstractEventRouter - Triggering event 'WindowAttached' synchronously
[griffon-pool-4-thread-1] DEBUG org.codehaus.griffon.runtime.core.event.AbstractEventRouter - Triggering event 'CreateMVCGroup' synchronously
[griffon-pool-4-thread-1] TRACE griffon.util.CompositeResourceBundle - Searching key=application.lifecycle.handler.disable
[griffon-pool-4-thread-1] TRACE griffon.util.CompositeResourceBundle - Searching key=application
[griffon-pool-4-thread-1] TRACE griffon.util.CompositeResourceBundle - Bundle griffon.util.ExpandableResourceBundle@31bc67bf; key=application; value='{title=JavaFX + Java, startupGroups=[sample], autoShutdown=true}'
[griffon-pool-4-thread-1] DEBUG org.codehaus.griffon.runtime.core.event.AbstractEventRouter - Triggering event 'StartupEnd' synchronously
[griffon-pool-4-thread-1] DEBUG org.codehaus.griffon.runtime.core.view.AbstractWindowManager - windowManager.startingWindow configured to mainWindow
[griffon-pool-4-thread-1] DEBUG org.codehaus.griffon.runtime.core.view.AbstractWindowManager - Selecting window mainWindow as starting window
[griffon-pool-4-thread-1] DEBUG org.codehaus.griffon.runtime.core.view.AbstractWindowManager - Starting Window is javafx.stage.Stage@3eb85dd1
[griffon-pool-4-thread-1] DEBUG org.codehaus.griffon.runtime.core.event.AbstractEventRouter - Triggering event 'ReadyStart' synchronously
[griffon-pool-4-thread-1] TRACE griffon.util.CompositeResourceBundle - Searching key=application.lifecycle.handler.disable
[griffon-pool-4-thread-1] TRACE griffon.util.CompositeResourceBundle - Searching key=application
[griffon-pool-4-thread-1] TRACE griffon.util.CompositeResourceBundle - Bundle griffon.util.ExpandableResourceBundle@31bc67bf; key=application; value='{title=JavaFX + Java, startupGroups=[sample], autoShutdown=true}'
[griffon-pool-4-thread-1] DEBUG org.codehaus.griffon.runtime.core.event.AbstractEventRouter - Triggering event 'ReadyEnd' synchronously
[JavaFX Application Thread] DEBUG org.codehaus.griffon.runtime.core.view.AbstractWindowManager - Showing window with name: 'mainWindow' at index 0 javafx.stage.Stage@3eb85dd1
[JavaFX Application Thread] TRACE griffon.util.CompositeResourceBundle - Searching key=windowManager
[JavaFX Application Thread] TRACE griffon.util.CompositeResourceBundle - Searching key=windowManager
[JavaFX Application Thread] TRACE griffon.util.CompositeResourceBundle - Searching key=windowManager
[JavaFX Application Thread] TRACE griffon.util.CompositeResourceBundle - Searching key=windowManager
[JavaFX Application Thread] TRACE org.codehaus.griffon.runtime.core.view.ConfigurableWindowDisplayHandler - Showing mainWindow with default handler
[JavaFX Application Thread] TRACE griffon.util.CompositeResourceBundle - Searching key=windowManager
[JavaFX Application Thread] TRACE griffon.util.CompositeResourceBundle - Searching key=windowManager
[Test worker] DEBUG org.codehaus.griffon.runtime.core.event.AbstractEventRouter - Adding listener griffon.javafx.test.GriffonTestFXRule$WindowShownHandler on WindowShown
]]></system-err>
</testsuite>
