<?xml version="1.0" encoding="UTF-8"?>
<testsuite name="sample.javafx.groovy.SampleIntegrationTest" tests="2" skipped="0" failures="0" errors="0" timestamp="2016-12-12T18:16:02" hostname="testing-gce-b8b33b65-f9aa-43f6-82c8-a8f17f90840a" time="8.086">
  <properties/>
  <testcase name="typeNameAndClickButton" classname="sample.javafx.groovy.SampleIntegrationTest" time="7.233"/>
  <testcase name="doNotTypeNameAndClickButton" classname="sample.javafx.groovy.SampleIntegrationTest" time="0.85"/>
  <system-out><![CDATA[]]></system-out>
  <system-err><![CDATA[[Thread-9] INFO org.codehaus.griffon.runtime.core.DefaultApplicationBootstrapper - Griffon 2.10.0-SNAPSHOT
[Thread-9] INFO org.codehaus.griffon.runtime.core.DefaultApplicationBootstrapper - Build: 2016-12-12T18:12:28.761+0000
[Thread-9] INFO org.codehaus.griffon.runtime.core.DefaultApplicationBootstrapper - Revision: 4fa3c210ec857493f68848cd14f4789fc9b35caa
[Thread-9] INFO org.codehaus.griffon.runtime.core.DefaultApplicationBootstrapper - JVM: 1.8.0_111 (Oracle Corporation 25.111-b14)
[Thread-9] INFO org.codehaus.griffon.runtime.core.DefaultApplicationBootstrapper - OS: Linux 3.13.0-103-generic amd64
[Thread-9] DEBUG org.codehaus.griffon.runtime.core.DefaultApplicationBootstrapper - Creating module bindings
[Thread-9] DEBUG griffon.util.ServiceLoaderUtils - Reading definitions from file:/home/travis/build/griffon/griffon/samples/sample-javafx-groovy/build/classes/main/META-INF/griffon
[Thread-9] DEBUG griffon.util.AnnotationUtils - Current module order is [core, groovy, javafx-groovy, javafx, application, testApplicationBootstrapper$InnerClasses, testApplicationBootstrapper$Fields, testJavaFXGriffonApplicationBootstrapper$1]
[Thread-9] TRACE griffon.util.AnnotationUtils - Processing module 'core'
[Thread-9] TRACE griffon.util.AnnotationUtils -   depends on '[]'
[Thread-9] TRACE griffon.util.AnnotationUtils -   adding module 'core', since all dependencies have been added
[Thread-9] TRACE griffon.util.AnnotationUtils - Processing module 'groovy'
[Thread-9] TRACE griffon.util.AnnotationUtils -   depends on '[]'
[Thread-9] TRACE griffon.util.AnnotationUtils -   adding module 'groovy', since all dependencies have been added
[Thread-9] TRACE griffon.util.AnnotationUtils - Processing module 'javafx-groovy'
[Thread-9] TRACE griffon.util.AnnotationUtils -   depends on '[javafx]'
[Thread-9] TRACE griffon.util.AnnotationUtils -   checking module 'javafx-groovy' dependencies (1)
[Thread-9] TRACE griffon.util.AnnotationUtils -   checking module 'javafx-groovy' dependencies: 
[Thread-9] TRACE griffon.util.AnnotationUtils -   skipped module 'javafx-groovy', since dependency 'javafx' not yet added
[Thread-9] TRACE griffon.util.AnnotationUtils - Processing module 'javafx'
[Thread-9] TRACE griffon.util.AnnotationUtils -   depends on '[]'
[Thread-9] TRACE griffon.util.AnnotationUtils -   adding module 'javafx', since all dependencies have been added
[Thread-9] TRACE griffon.util.AnnotationUtils - Processing module 'application'
[Thread-9] TRACE griffon.util.AnnotationUtils -   depends on '[]'
[Thread-9] TRACE griffon.util.AnnotationUtils -   adding module 'application', since all dependencies have been added
[Thread-9] TRACE griffon.util.AnnotationUtils - Processing module 'testApplicationBootstrapper$InnerClasses'
[Thread-9] TRACE griffon.util.AnnotationUtils -   depends on '[]'
[Thread-9] TRACE griffon.util.AnnotationUtils -   adding module 'testApplicationBootstrapper$InnerClasses', since all dependencies have been added
[Thread-9] TRACE griffon.util.AnnotationUtils - Processing module 'testApplicationBootstrapper$Fields'
[Thread-9] TRACE griffon.util.AnnotationUtils -   depends on '[]'
[Thread-9] TRACE griffon.util.AnnotationUtils -   adding module 'testApplicationBootstrapper$Fields', since all dependencies have been added
[Thread-9] TRACE griffon.util.AnnotationUtils - Processing module 'testJavaFXGriffonApplicationBootstrapper$1'
[Thread-9] TRACE griffon.util.AnnotationUtils -   depends on '[]'
[Thread-9] TRACE griffon.util.AnnotationUtils -   adding module 'testJavaFXGriffonApplicationBootstrapper$1', since all dependencies have been added
[Thread-9] DEBUG griffon.util.AnnotationUtils - Current module order is [core, groovy, javafx-groovy, javafx, application, testApplicationBootstrapper$InnerClasses, testApplicationBootstrapper$Fields, testJavaFXGriffonApplicationBootstrapper$1]
[Thread-9] TRACE griffon.util.AnnotationUtils - Processing module 'javafx-groovy'
[Thread-9] TRACE griffon.util.AnnotationUtils -   depends on '[javafx]'
[Thread-9] TRACE griffon.util.AnnotationUtils -   checking module 'javafx-groovy' dependencies (1)
[Thread-9] TRACE griffon.util.AnnotationUtils -   checking module 'javafx-groovy' dependencies: 
[Thread-9] TRACE griffon.util.AnnotationUtils -   module 'javafx-groovy' dependency 'javafx' already added
[Thread-9] TRACE griffon.util.AnnotationUtils -   adding module 'javafx-groovy', since all dependencies have been added
[Thread-9] TRACE griffon.util.AnnotationUtils - module dependency ordering complete
[Thread-9] DEBUG griffon.util.AnnotationUtils - computed module order is [core, groovy, javafx, application, testApplicationBootstrapper$InnerClasses, testApplicationBootstrapper$Fields, testJavaFXGriffonApplicationBootstrapper$1, javafx-groovy]
[Thread-9] DEBUG org.codehaus.griffon.runtime.core.TestApplicationBootstrapper - computed Module order is [core, groovy, javafx, application, testJavaFXGriffonApplicationBootstrapper$1, javafx-groovy, testApplicationBootstrapper$InnerClasses, testApplicationBootstrapper$Fields]
[Thread-9] DEBUG org.codehaus.griffon.runtime.core.DefaultApplicationBootstrapper - Loading module bindings from core:org.codehaus.griffon.runtime.core.DefaultApplicationModule@1d9bb835
[Thread-9] DEBUG org.codehaus.griffon.runtime.core.DefaultApplicationBootstrapper - Loading module bindings from groovy:org.codehaus.griffon.runtime.groovy.GroovyModule@3374a228
[Thread-9] DEBUG org.codehaus.griffon.runtime.core.DefaultApplicationBootstrapper - Loading module bindings from javafx:org.codehaus.griffon.runtime.javafx.JavaFXModule@956853
[Thread-9] DEBUG org.codehaus.griffon.runtime.core.DefaultApplicationBootstrapper - Loading module bindings from application:sample.javafx.groovy.ApplicationModule@54b9c64a
[Thread-9] DEBUG org.codehaus.griffon.runtime.core.DefaultApplicationBootstrapper - Loading module bindings from testJavaFXGriffonApplicationBootstrapper$1:org.codehaus.griffon.runtime.javafx.TestJavaFXGriffonApplicationBootstrapper$1@142396f8
[Thread-9] DEBUG org.codehaus.griffon.runtime.core.DefaultApplicationBootstrapper - Loading module bindings from javafx-groovy:org.codehaus.griffon.runtime.javafx.JavafxBuilderModule@25013b6
[Thread-9] DEBUG org.codehaus.griffon.runtime.core.DefaultApplicationBootstrapper - Loading module bindings from testApplicationBootstrapper$InnerClasses:org.codehaus.griffon.runtime.core.TestApplicationBootstrapper$InnerClassesModule@292c345f
[Thread-9] DEBUG org.codehaus.griffon.runtime.core.DefaultApplicationBootstrapper - Loading module bindings from testApplicationBootstrapper$Fields:org.codehaus.griffon.runtime.core.TestApplicationBootstrapper$FieldsModule@33bd3ca6
[Thread-9] TRACE org.codehaus.griffon.runtime.core.DefaultApplicationBootstrapper - InstanceBinding[source=griffon.core.GriffonApplication, instance=org.codehaus.griffon.runtime.javafx.TestJavaFXGriffonApplication@2da8690e, singleton=true]
[Thread-9] TRACE org.codehaus.griffon.runtime.core.DefaultApplicationBootstrapper - TargetBinding[source=sample.javafx.groovy.SampleView, target=sample.javafx.groovy.SampleView, singleton=false]
[Thread-9] TRACE org.codehaus.griffon.runtime.core.DefaultApplicationBootstrapper - TargetBinding[source=sample.javafx.groovy.SampleController, target=sample.javafx.groovy.SampleController, singleton=false]
[Thread-9] TRACE org.codehaus.griffon.runtime.core.DefaultApplicationBootstrapper - TargetBinding[source=sample.javafx.groovy.SampleModel, target=sample.javafx.groovy.SampleModel, singleton=false]
[Thread-9] TRACE org.codehaus.griffon.runtime.core.DefaultApplicationBootstrapper - TargetBinding[source=sample.javafx.groovy.SampleService, target=sample.javafx.groovy.SampleService, singleton=true]
[Thread-9] TRACE org.codehaus.griffon.runtime.core.DefaultApplicationBootstrapper - TargetBinding[source=griffon.core.ApplicationClassLoader, target=org.codehaus.griffon.runtime.core.DefaultApplicationClassLoader, singleton=true]
[Thread-9] TRACE org.codehaus.griffon.runtime.core.DefaultApplicationBootstrapper - ProviderTypeBinding[source=griffon.core.env.Metadata, providerType=org.codehaus.griffon.runtime.core.env.MetadataProvider, singleton=true]
[Thread-9] TRACE org.codehaus.griffon.runtime.core.DefaultApplicationBootstrapper - ProviderTypeBinding[source=griffon.core.env.RunMode, providerType=org.codehaus.griffon.runtime.core.env.RunModeProvider, singleton=true]
[Thread-9] TRACE org.codehaus.griffon.runtime.core.DefaultApplicationBootstrapper - ProviderTypeBinding[source=griffon.core.env.Environment, providerType=org.codehaus.griffon.runtime.core.env.EnvironmentProvider, singleton=true]
[Thread-9] TRACE org.codehaus.griffon.runtime.core.DefaultApplicationBootstrapper - TargetBinding[source=griffon.core.ContextFactory, target=org.codehaus.griffon.runtime.core.DefaultContextFactory, singleton=true]
[Thread-9] TRACE org.codehaus.griffon.runtime.core.DefaultApplicationBootstrapper - ProviderTypeBinding[source=griffon.util.PropertiesReader, providerType=griffon.util.PropertiesReader$Provider, singleton=true]
[Thread-9] TRACE org.codehaus.griffon.runtime.core.DefaultApplicationBootstrapper - ProviderTypeBinding[source=griffon.core.Context, classifier=@javax.inject.Named(value=applicationContext), providerType=org.codehaus.griffon.runtime.core.DefaultContextProvider, singleton=true]
[Thread-9] TRACE org.codehaus.griffon.runtime.core.DefaultApplicationBootstrapper - TargetBinding[source=griffon.core.ApplicationConfigurer, target=org.codehaus.griffon.runtime.core.DefaultApplicationConfigurer, singleton=true]
[Thread-9] TRACE org.codehaus.griffon.runtime.core.DefaultApplicationBootstrapper - TargetBinding[source=griffon.core.resources.ResourceHandler, target=org.codehaus.griffon.runtime.core.resources.DefaultResourceHandler, singleton=true]
[Thread-9] TRACE org.codehaus.griffon.runtime.core.DefaultApplicationBootstrapper - TargetBinding[source=griffon.util.CompositeResourceBundleBuilder, target=org.codehaus.griffon.runtime.groovy.util.GroovyAwareCompositeResourceBundleBuilder, singleton=true]
[Thread-9] TRACE org.codehaus.griffon.runtime.core.DefaultApplicationBootstrapper - ProviderBinding[source=java.util.ResourceBundle, classifier=@javax.inject.Named(value=applicationResourceBundle), provider=org.codehaus.griffon.runtime.util.ResourceBundleProvider@2b04f5e4, singleton=true]
[Thread-9] TRACE org.codehaus.griffon.runtime.core.DefaultApplicationBootstrapper - TargetBinding[source=org.codehaus.griffon.runtime.core.ConfigurationDecoratorFactory, target=org.codehaus.griffon.runtime.core.DefaultConfigurationDecoratorFactory, singleton=false]
[Thread-9] TRACE org.codehaus.griffon.runtime.core.DefaultApplicationBootstrapper - ProviderTypeBinding[source=griffon.core.Configuration, providerType=org.codehaus.griffon.runtime.core.ResourceBundleConfigurationProvider, singleton=true]
[Thread-9] TRACE org.codehaus.griffon.runtime.core.DefaultApplicationBootstrapper - TargetBinding[source=griffon.core.ExecutorServiceManager, target=org.codehaus.griffon.runtime.core.DefaultExecutorServiceManager, singleton=true]
[Thread-9] TRACE org.codehaus.griffon.runtime.core.DefaultApplicationBootstrapper - TargetBinding[source=griffon.core.event.EventRouter, classifier=@javax.inject.Named(value=applicationEventRouter), target=org.codehaus.griffon.runtime.groovy.event.GroovyAwareDefaultEventRouter, singleton=true]
[Thread-9] TRACE org.codehaus.griffon.runtime.core.DefaultApplicationBootstrapper - TargetBinding[source=griffon.core.event.EventRouter, target=org.codehaus.griffon.runtime.groovy.event.GroovyAwareDefaultEventRouter, singleton=false]
[Thread-9] TRACE org.codehaus.griffon.runtime.core.DefaultApplicationBootstrapper - TargetBinding[source=org.codehaus.griffon.runtime.core.resources.ResourceResolverDecoratorFactory, target=org.codehaus.griffon.runtime.groovy.resources.GroovyAwareResourceResolverDecoratorFactory, singleton=false]
[Thread-9] TRACE org.codehaus.griffon.runtime.core.DefaultApplicationBootstrapper - TargetBinding[source=org.codehaus.griffon.runtime.core.i18n.MessageSourceDecoratorFactory, target=org.codehaus.griffon.runtime.groovy.i18n.GroovyAwareMessageSourceDecoratorFactory, singleton=false]
[Thread-9] TRACE org.codehaus.griffon.runtime.core.DefaultApplicationBootstrapper - ProviderBinding[source=griffon.core.resources.ResourceResolver, classifier=@javax.inject.Named(value=applicationResourceResolver), provider=org.codehaus.griffon.runtime.core.resources.ResourceResolverProvider@4b3a01ff, singleton=true]
[Thread-9] TRACE org.codehaus.griffon.runtime.core.DefaultApplicationBootstrapper - ProviderBinding[source=griffon.core.i18n.MessageSource, classifier=@javax.inject.Named(value=applicationMessageSource), provider=org.codehaus.griffon.runtime.core.i18n.MessageSourceProvider@39dab9bd, singleton=true]
[Thread-9] TRACE org.codehaus.griffon.runtime.core.DefaultApplicationBootstrapper - TargetBinding[source=griffon.core.resources.ResourceInjector, classifier=@javax.inject.Named(value=applicationResourceInjector), target=org.codehaus.griffon.runtime.core.resources.DefaultApplicationResourceInjector, singleton=true]
[Thread-9] TRACE org.codehaus.griffon.runtime.core.DefaultApplicationBootstrapper - ProviderTypeBinding[source=java.util.concurrent.ExecutorService, classifier=@javax.inject.Named(value=defaultExecutorService), providerType=org.codehaus.griffon.runtime.core.threading.DefaultExecutorServiceProvider, singleton=true]
[Thread-9] TRACE org.codehaus.griffon.runtime.core.DefaultApplicationBootstrapper - TargetBinding[source=griffon.core.threading.UIThreadManager, target=org.codehaus.griffon.runtime.javafx.JavaFXUIThreadManager, singleton=true]
[Thread-9] TRACE org.codehaus.griffon.runtime.core.DefaultApplicationBootstrapper - TargetBinding[source=griffon.core.mvc.MVCGroupConfigurationFactory, target=org.codehaus.griffon.runtime.core.mvc.DefaultMVCGroupConfigurationFactory, singleton=true]
[Thread-9] TRACE org.codehaus.griffon.runtime.core.DefaultApplicationBootstrapper - TargetBinding[source=griffon.core.mvc.MVCGroupFactory, target=org.codehaus.griffon.runtime.groovy.mvc.GroovyAwareMVCGroupFactory, singleton=true]
[Thread-9] TRACE org.codehaus.griffon.runtime.core.DefaultApplicationBootstrapper - TargetBinding[source=griffon.core.mvc.MVCGroupManager, target=org.codehaus.griffon.runtime.groovy.mvc.GroovyAwareMVCGroupManager, singleton=true]
[Thread-9] TRACE org.codehaus.griffon.runtime.core.DefaultApplicationBootstrapper - ProviderBinding[source=griffon.core.LifecycleHandler, classifier=@javax.inject.Named(value=Initialize), provider=org.codehaus.griffon.runtime.core.LifecycleHandlerProvider@5761c5a, singleton=true]
[Thread-9] TRACE org.codehaus.griffon.runtime.core.DefaultApplicationBootstrapper - ProviderBinding[source=griffon.core.LifecycleHandler, classifier=@javax.inject.Named(value=Startup), provider=org.codehaus.griffon.runtime.core.LifecycleHandlerProvider@95162c5, singleton=true]
[Thread-9] TRACE org.codehaus.griffon.runtime.core.DefaultApplicationBootstrapper - ProviderBinding[source=griffon.core.LifecycleHandler, classifier=@javax.inject.Named(value=Ready), provider=org.codehaus.griffon.runtime.core.LifecycleHandlerProvider@12ffbfe9, singleton=true]
[Thread-9] TRACE org.codehaus.griffon.runtime.core.DefaultApplicationBootstrapper - ProviderBinding[source=griffon.core.LifecycleHandler, classifier=@javax.inject.Named(value=Shutdown), provider=org.codehaus.griffon.runtime.core.LifecycleHandlerProvider@7e84fb5a, singleton=true]
[Thread-9] TRACE org.codehaus.griffon.runtime.core.DefaultApplicationBootstrapper - ProviderBinding[source=griffon.core.LifecycleHandler, classifier=@javax.inject.Named(value=Stop), provider=org.codehaus.griffon.runtime.core.LifecycleHandlerProvider@4ba5ac1c, singleton=true]
[Thread-9] TRACE org.codehaus.griffon.runtime.core.DefaultApplicationBootstrapper - ProviderBinding[source=griffon.core.view.WindowManager, provider=org.codehaus.griffon.runtime.javafx.TestJavaFXWindowManagerProvider@49e0b8e7, singleton=true]
[Thread-9] TRACE org.codehaus.griffon.runtime.core.DefaultApplicationBootstrapper - TargetBinding[source=griffon.core.controller.ActionManager, target=org.codehaus.griffon.runtime.javafx.controller.JavaFXActionManager, singleton=true]
[Thread-9] TRACE org.codehaus.griffon.runtime.core.DefaultApplicationBootstrapper - TargetBinding[source=griffon.core.artifact.ArtifactManager, target=org.codehaus.griffon.runtime.core.artifact.DefaultArtifactManager, singleton=true]
[Thread-9] TRACE org.codehaus.griffon.runtime.core.DefaultApplicationBootstrapper - TargetBinding[source=griffon.core.artifact.ArtifactHandler, classifier=@griffon.inject.Typed(value=interface griffon.core.artifact.GriffonModel), target=org.codehaus.griffon.runtime.core.artifact.ModelArtifactHandler, singleton=true]
[Thread-9] TRACE org.codehaus.griffon.runtime.core.DefaultApplicationBootstrapper - TargetBinding[source=griffon.core.artifact.ArtifactHandler, classifier=@griffon.inject.Typed(value=interface griffon.core.artifact.GriffonView), target=org.codehaus.griffon.runtime.core.artifact.ViewArtifactHandler, singleton=true]
[Thread-9] TRACE org.codehaus.griffon.runtime.core.DefaultApplicationBootstrapper - TargetBinding[source=griffon.core.artifact.ArtifactHandler, classifier=@griffon.inject.Typed(value=interface griffon.core.artifact.GriffonController), target=org.codehaus.griffon.runtime.core.artifact.ControllerArtifactHandler, singleton=true]
[Thread-9] TRACE org.codehaus.griffon.runtime.core.DefaultApplicationBootstrapper - TargetBinding[source=griffon.core.artifact.ArtifactHandler, classifier=@griffon.inject.Typed(value=interface griffon.core.artifact.GriffonService), target=org.codehaus.griffon.runtime.core.artifact.ServiceArtifactHandler, singleton=true]
[Thread-9] TRACE org.codehaus.griffon.runtime.core.DefaultApplicationBootstrapper - ProviderTypeBinding[source=griffon.core.PlatformHandler, providerType=org.codehaus.griffon.runtime.core.PlatformHandlerProvider, singleton=true]
[Thread-9] TRACE org.codehaus.griffon.runtime.core.DefaultApplicationBootstrapper - TargetBinding[source=griffon.core.addon.AddonManager, target=org.codehaus.griffon.runtime.core.addon.DefaultAddonManager, singleton=true]
[Thread-9] TRACE org.codehaus.griffon.runtime.core.DefaultApplicationBootstrapper - TargetBinding[source=griffon.core.event.EventHandler, target=org.codehaus.griffon.runtime.core.event.DefaultEventHandler, singleton=true]
[Thread-9] TRACE org.codehaus.griffon.runtime.core.DefaultApplicationBootstrapper - ProviderTypeBinding[source=griffon.core.ExceptionHandler, providerType=org.codehaus.griffon.runtime.core.GriffonExceptionHandlerProvider, singleton=true]
[Thread-9] TRACE org.codehaus.griffon.runtime.core.DefaultApplicationBootstrapper - ProviderTypeBinding[source=griffon.util.ConfigReader, providerType=griffon.util.ConfigReader$Provider, singleton=true]
[Thread-9] TRACE org.codehaus.griffon.runtime.core.DefaultApplicationBootstrapper - TargetBinding[source=griffon.core.addon.GriffonAddon, classifier=@javax.inject.Named(value=groovy), target=org.codehaus.griffon.runtime.groovy.GroovyAddon, singleton=true]
[Thread-9] TRACE org.codehaus.griffon.runtime.core.DefaultApplicationBootstrapper - TargetBinding[source=griffon.util.BuilderCustomizer, classifier=@javax.inject.Named(value=core), target=griffon.builder.core.CoreBuilderCustomizer, singleton=true]
[Thread-9] TRACE org.codehaus.griffon.runtime.core.DefaultApplicationBootstrapper - TargetBinding[source=griffon.javafx.JavaFXWindowDisplayHandler, classifier=@javax.inject.Named(value=defaultWindowDisplayHandler), target=org.codehaus.griffon.runtime.javafx.DefaultJavaFXWindowDisplayHandler, singleton=true]
[Thread-9] TRACE org.codehaus.griffon.runtime.core.DefaultApplicationBootstrapper - TargetBinding[source=griffon.javafx.JavaFXWindowDisplayHandler, classifier=@javax.inject.Named(value=windowDisplayHandler), target=org.codehaus.griffon.runtime.javafx.GroovyAwareConfigurableJavaFXWindowDisplayHandler, singleton=true]
[Thread-9] TRACE org.codehaus.griffon.runtime.core.DefaultApplicationBootstrapper - TargetBinding[source=griffon.util.BuilderCustomizer, classifier=@javax.inject.Named(value=javafx), target=griffon.builder.javafx.JavafxBuilderCustomizer, singleton=true]
[Thread-9] DEBUG org.codehaus.griffon.runtime.core.DefaultApplicationBootstrapper - Creating application injector
[Thread-9] DEBUG org.codehaus.griffon.runtime.core.DefaultApplicationBootstrapper - Injector will be created by org.codehaus.griffon.runtime.injection.GuiceInjectorFactory@1f0c8d38
[Thread-9] DEBUG griffon.util.AnnotationUtils - computed module order is []
[Thread-9] TRACE griffon.util.CompositeResourceBundle - Searching key=application
[Thread-9] TRACE griffon.util.CompositeResourceBundle - Bundle griffon.util.ExpandableResourceBundle@702640c2; key=application; value='{title=JavaFX + Groovy, startupGroups=[sample], autoShutdown=true}'
[Thread-9] TRACE griffon.util.CompositeResourceBundle - Searching key=application.title
[Thread-9] TRACE griffon.util.CompositeResourceBundle - Bundle griffon.util.ExpandableResourceBundle@702640c2; key=application.title; value='JavaFX + Groovy'
[Thread-9] TRACE griffon.util.CompositeResourceBundle - Searching key=application.startupGroups
[Thread-9] TRACE griffon.util.CompositeResourceBundle - Bundle griffon.util.ExpandableResourceBundle@702640c2; key=application.startupGroups; value='[sample]'
[Thread-9] TRACE griffon.util.CompositeResourceBundle - Searching key=application.autoShutdown
[Thread-9] TRACE griffon.util.CompositeResourceBundle - Bundle griffon.util.ExpandableResourceBundle@702640c2; key=application.autoShutdown; value='true'
[Thread-9] TRACE griffon.util.CompositeResourceBundle - Searching key=mvcGroups
[Thread-9] TRACE griffon.util.CompositeResourceBundle - Bundle griffon.util.ExpandableResourceBundle@702640c2; key=mvcGroups; value='{sample={model=sample.javafx.groovy.SampleModel, view=sample.javafx.groovy.SampleView, controller=sample.javafx.groovy.SampleController}}'
[Thread-9] TRACE griffon.util.CompositeResourceBundle - Searching key=mvcGroups.sample.model
[Thread-9] TRACE griffon.util.CompositeResourceBundle - Bundle griffon.util.ExpandableResourceBundle@702640c2; key=mvcGroups.sample.model; value='sample.javafx.groovy.SampleModel'
[Thread-9] TRACE griffon.util.CompositeResourceBundle - Searching key=mvcGroups.sample.view
[Thread-9] TRACE griffon.util.CompositeResourceBundle - Bundle griffon.util.ExpandableResourceBundle@702640c2; key=mvcGroups.sample.view; value='sample.javafx.groovy.SampleView'
[Thread-9] TRACE griffon.util.CompositeResourceBundle - Searching key=mvcGroups.sample.controller
[Thread-9] TRACE griffon.util.CompositeResourceBundle - Bundle griffon.util.ExpandableResourceBundle@702640c2; key=mvcGroups.sample.controller; value='sample.javafx.groovy.SampleController'
[Thread-9] DEBUG org.codehaus.griffon.runtime.core.event.AbstractEventRouter - Adding listener org.codehaus.griffon.runtime.core.MVCGroupExceptionHandler on UncaughtMVCGroupConfigurationException
[Thread-9] DEBUG org.codehaus.griffon.runtime.core.event.AbstractEventRouter - Adding listener org.codehaus.griffon.runtime.core.MVCGroupExceptionHandler on UncaughtMVCGroupInstantiationException
[Thread-9] DEBUG griffon.util.AnnotationUtils - Current handler order is [default]
[Thread-9] TRACE griffon.util.AnnotationUtils - Processing handler 'default'
[Thread-9] TRACE griffon.util.AnnotationUtils -   depends on '[]'
[Thread-9] TRACE griffon.util.AnnotationUtils -   adding handler 'default', since all dependencies have been added
[Thread-9] TRACE griffon.util.AnnotationUtils - handler dependency ordering complete
[Thread-9] DEBUG griffon.util.AnnotationUtils - computed handler order is [default]
[Thread-9] DEBUG org.codehaus.griffon.runtime.core.event.AbstractEventRouter - Triggering event 'BootstrapStart' synchronously
[Thread-9] DEBUG griffon.util.ServiceLoaderUtils - Reading java.beans.PropertyEditor definitions from jar:file:/home/travis/build/griffon/griffon/subprojects/griffon-core/build/libs/griffon-core-2.10.0-SNAPSHOT.jar!/META-INF/editors/java.beans.PropertyEditor
[Thread-9] DEBUG org.codehaus.griffon.runtime.core.DefaultApplicationConfigurer - Registering griffon.core.editors.StringPropertyEditor as editor for java.lang.String
[Thread-9] DEBUG org.codehaus.griffon.runtime.core.DefaultApplicationConfigurer - Registering griffon.core.editors.FilePropertyEditor as editor for java.io.File
[Thread-9] DEBUG org.codehaus.griffon.runtime.core.DefaultApplicationConfigurer - Registering griffon.core.editors.URLPropertyEditor as editor for java.net.URL
[Thread-9] DEBUG org.codehaus.griffon.runtime.core.DefaultApplicationConfigurer - Registering griffon.core.editors.URIPropertyEditor as editor for java.net.URI
[Thread-9] DEBUG org.codehaus.griffon.runtime.core.DefaultApplicationConfigurer - Registering griffon.core.editors.BigDecimalPropertyEditor as editor for java.math.BigDecimal
[Thread-9] DEBUG org.codehaus.griffon.runtime.core.DefaultApplicationConfigurer - Registering griffon.core.editors.BigIntegerPropertyEditor as editor for java.math.BigInteger
[Thread-9] DEBUG org.codehaus.griffon.runtime.core.DefaultApplicationConfigurer - Registering griffon.core.editors.BooleanPropertyEditor as editor for java.lang.Boolean
[Thread-9] DEBUG org.codehaus.griffon.runtime.core.DefaultApplicationConfigurer - Registering griffon.core.editors.BytePropertyEditor as editor for java.lang.Byte
[Thread-9] DEBUG org.codehaus.griffon.runtime.core.DefaultApplicationConfigurer - Registering griffon.core.editors.ShortPropertyEditor as editor for java.lang.Short
[Thread-9] DEBUG org.codehaus.griffon.runtime.core.DefaultApplicationConfigurer - Registering griffon.core.editors.IntegerPropertyEditor as editor for java.lang.Integer
[Thread-9] DEBUG org.codehaus.griffon.runtime.core.DefaultApplicationConfigurer - Registering griffon.core.editors.LongPropertyEditor as editor for java.lang.Long
[Thread-9] DEBUG org.codehaus.griffon.runtime.core.DefaultApplicationConfigurer - Registering griffon.core.editors.FloatPropertyEditor as editor for java.lang.Float
[Thread-9] DEBUG org.codehaus.griffon.runtime.core.DefaultApplicationConfigurer - Registering griffon.core.editors.DoublePropertyEditor as editor for java.lang.Double
[Thread-9] DEBUG org.codehaus.griffon.runtime.core.DefaultApplicationConfigurer - Registering griffon.core.editors.CalendarPropertyEditor as editor for java.util.Calendar
[Thread-9] DEBUG org.codehaus.griffon.runtime.core.DefaultApplicationConfigurer - Registering griffon.core.editors.DatePropertyEditor as editor for java.util.Date
[Thread-9] DEBUG org.codehaus.griffon.runtime.core.DefaultApplicationConfigurer - Registering griffon.core.editors.LocalePropertyEditor as editor for java.util.Locale
[Thread-9] DEBUG griffon.util.ServiceLoaderUtils - Reading java.beans.PropertyEditor definitions from jar:file:/home/travis/build/griffon/griffon/subprojects/griffon-javafx/build/libs/griffon-javafx-2.10.0-SNAPSHOT.jar!/META-INF/editors/java.beans.PropertyEditor
[Thread-9] DEBUG org.codehaus.griffon.runtime.core.DefaultApplicationConfigurer - Registering griffon.javafx.editors.Dimension2DPropertyEditor as editor for javafx.geometry.Dimension2D
[Thread-9] DEBUG org.codehaus.griffon.runtime.core.DefaultApplicationConfigurer - Registering griffon.javafx.editors.InsetsPropertyEditor as editor for javafx.geometry.Insets
[Thread-9] DEBUG org.codehaus.griffon.runtime.core.DefaultApplicationConfigurer - Registering griffon.javafx.editors.Point2DPropertyEditor as editor for javafx.geometry.Point2D
[Thread-9] DEBUG org.codehaus.griffon.runtime.core.DefaultApplicationConfigurer - Registering griffon.javafx.editors.Rectangle2DPropertyEditor as editor for javafx.geometry.Rectangle2D
[Thread-9] DEBUG org.codehaus.griffon.runtime.core.DefaultApplicationConfigurer - Registering griffon.javafx.editors.GraphicPropertyEditor as editor for javafx.scene.Node
[Thread-9] DEBUG org.codehaus.griffon.runtime.core.DefaultApplicationConfigurer - Registering griffon.javafx.editors.ImagePropertyEditor as editor for javafx.scene.image.Image
[Thread-9] DEBUG org.codehaus.griffon.runtime.core.DefaultApplicationConfigurer - Registering griffon.javafx.editors.ColorPropertyEditor as editor for javafx.scene.paint.Color
[Thread-9] DEBUG org.codehaus.griffon.runtime.core.DefaultApplicationConfigurer - Registering griffon.javafx.editors.LinearGradientPropertyEditor as editor for javafx.scene.paint.LinearGradient
[Thread-9] DEBUG org.codehaus.griffon.runtime.core.DefaultApplicationConfigurer - Registering griffon.javafx.editors.PaintPropertyEditor as editor for javafx.scene.paint.Paint
[Thread-9] DEBUG org.codehaus.griffon.runtime.core.DefaultApplicationConfigurer - Registering griffon.javafx.editors.RadialGradientPropertyEditor as editor for javafx.scene.paint.RadialGradient
[Thread-9] TRACE griffon.core.editors.PropertyEditorResolver - Searching PropertyEditor for java.lang.Boolean
[Thread-9] TRACE griffon.core.editors.PropertyEditorResolver - PropertyEditor for java.lang.Boolean is griffon.core.editors.BooleanPropertyEditor
[Thread-9] DEBUG org.codehaus.griffon.runtime.core.DefaultApplicationConfigurer - Registering griffon.core.editors.BooleanPropertyEditor as editor for boolean
[Thread-9] TRACE griffon.core.editors.PropertyEditorResolver - Searching PropertyEditor for java.lang.Byte
[Thread-9] TRACE griffon.core.editors.PropertyEditorResolver - PropertyEditor for java.lang.Byte is griffon.core.editors.BytePropertyEditor
[Thread-9] DEBUG org.codehaus.griffon.runtime.core.DefaultApplicationConfigurer - Registering griffon.core.editors.BytePropertyEditor as editor for byte
[Thread-9] TRACE griffon.core.editors.PropertyEditorResolver - Searching PropertyEditor for java.lang.Short
[Thread-9] TRACE griffon.core.editors.PropertyEditorResolver - PropertyEditor for java.lang.Short is griffon.core.editors.ShortPropertyEditor
[Thread-9] DEBUG org.codehaus.griffon.runtime.core.DefaultApplicationConfigurer - Registering griffon.core.editors.ShortPropertyEditor as editor for short
[Thread-9] TRACE griffon.core.editors.PropertyEditorResolver - Searching PropertyEditor for java.lang.Integer
[Thread-9] TRACE griffon.core.editors.PropertyEditorResolver - PropertyEditor for java.lang.Integer is griffon.core.editors.IntegerPropertyEditor
[Thread-9] DEBUG org.codehaus.griffon.runtime.core.DefaultApplicationConfigurer - Registering griffon.core.editors.IntegerPropertyEditor as editor for int
[Thread-9] TRACE griffon.core.editors.PropertyEditorResolver - Searching PropertyEditor for java.lang.Long
[Thread-9] TRACE griffon.core.editors.PropertyEditorResolver - PropertyEditor for java.lang.Long is griffon.core.editors.LongPropertyEditor
[Thread-9] DEBUG org.codehaus.griffon.runtime.core.DefaultApplicationConfigurer - Registering griffon.core.editors.LongPropertyEditor as editor for long
[Thread-9] TRACE griffon.core.editors.PropertyEditorResolver - Searching PropertyEditor for java.lang.Float
[Thread-9] TRACE griffon.core.editors.PropertyEditorResolver - PropertyEditor for java.lang.Float is griffon.core.editors.FloatPropertyEditor
[Thread-9] DEBUG org.codehaus.griffon.runtime.core.DefaultApplicationConfigurer - Registering griffon.core.editors.FloatPropertyEditor as editor for float
[Thread-9] TRACE griffon.core.editors.PropertyEditorResolver - Searching PropertyEditor for java.lang.Double
[Thread-9] TRACE griffon.core.editors.PropertyEditorResolver - PropertyEditor for java.lang.Double is griffon.core.editors.DoublePropertyEditor
[Thread-9] DEBUG org.codehaus.griffon.runtime.core.DefaultApplicationConfigurer - Registering griffon.core.editors.DoublePropertyEditor as editor for double
[Thread-9] DEBUG org.codehaus.griffon.runtime.core.event.AbstractEventRouter - Adding listener org.codehaus.griffon.runtime.core.DefaultApplicationConfigurer$2 on NewInstance
[Thread-9] TRACE griffon.util.CompositeResourceBundle - Searching key=application.lifecycle.handler.disable
[Thread-9] TRACE griffon.util.CompositeResourceBundle - Searching key=application
[Thread-9] TRACE griffon.util.CompositeResourceBundle - Bundle griffon.util.ExpandableResourceBundle@702640c2; key=application; value='{title=JavaFX + Groovy, startupGroups=[sample], autoShutdown=true}'
[Thread-9] TRACE griffon.util.CompositeResourceBundle - Searching key=platform.handler.linux64
[Thread-9] TRACE griffon.util.CompositeResourceBundle - Searching key=platform
[Thread-9] DEBUG org.codehaus.griffon.runtime.core.PlatformHandlerProvider - Using org.codehaus.griffon.runtime.core.DefaultPlatformHandler as PlatformHandler
[Thread-9] DEBUG org.codehaus.griffon.runtime.core.addon.AbstractAddonManager - Loading addons [START]
[Thread-9] DEBUG griffon.util.AnnotationUtils - Current addon order is [groovy]
[Thread-9] TRACE griffon.util.AnnotationUtils - Processing addon 'groovy'
[Thread-9] TRACE griffon.util.AnnotationUtils -   depends on '[]'
[Thread-9] TRACE griffon.util.AnnotationUtils -   adding addon 'groovy', since all dependencies have been added
[Thread-9] TRACE griffon.util.AnnotationUtils - addon dependency ordering complete
[Thread-9] DEBUG griffon.util.AnnotationUtils - computed addon order is [groovy]
[Thread-9] DEBUG org.codehaus.griffon.runtime.core.event.AbstractEventRouter - Triggering event 'LoadAddonsStart' synchronously
[Thread-9] DEBUG org.codehaus.griffon.runtime.core.addon.AbstractAddonManager - Loading addon groovy with class org.codehaus.griffon.runtime.groovy.GroovyAddon
[Thread-9] DEBUG org.codehaus.griffon.runtime.core.event.AbstractEventRouter - Triggering event 'LoadAddonStart' synchronously
[Thread-9] DEBUG org.codehaus.griffon.runtime.core.event.AbstractEventRouter - Adding listener org.codehaus.griffon.runtime.groovy.GroovyAddon@2e7c4e2a
[Thread-9] DEBUG org.codehaus.griffon.runtime.core.event.AbstractEventRouter - Triggering event 'LoadAddonEnd' synchronously
[Thread-9] DEBUG org.codehaus.griffon.runtime.core.addon.AbstractAddonManager - Loaded addon groovy
[Thread-9] DEBUG org.codehaus.griffon.runtime.core.addon.AbstractAddonManager - Loading addons [END]
[Thread-9] DEBUG org.codehaus.griffon.runtime.core.event.AbstractEventRouter - Triggering event 'LoadAddonsEnd' synchronously
[Thread-9] TRACE griffon.util.CompositeResourceBundle - Searching key=mvcGroups
[Thread-9] TRACE griffon.util.CompositeResourceBundle - Bundle griffon.util.ExpandableResourceBundle@702640c2; key=mvcGroups; value='{sample={model=sample.javafx.groovy.SampleModel, view=sample.javafx.groovy.SampleView, controller=sample.javafx.groovy.SampleController}}'
[Thread-9] DEBUG org.codehaus.griffon.runtime.core.DefaultApplicationConfigurer - Adding MVC group sample
[Thread-9] DEBUG org.codehaus.griffon.runtime.core.event.AbstractEventRouter - Adding listener org.codehaus.griffon.runtime.core.DefaultApplicationConfigurer$3 on NewInstance
[Thread-9] TRACE griffon.util.CompositeResourceBundle - Searching key=griffon.controller.action.handler.order
[Thread-9] TRACE griffon.util.CompositeResourceBundle - Searching key=griffon
[Thread-9] DEBUG griffon.util.AnnotationUtils - computed handler order is []
[Thread-9] DEBUG org.codehaus.griffon.runtime.core.artifact.AbstractArtifactManager - Registering artifact handler for type 'model': org.codehaus.griffon.runtime.core.artifact.ModelArtifactHandler@763e5edd
[Thread-9] DEBUG org.codehaus.griffon.runtime.core.artifact.AbstractArtifactManager - Registering artifact handler for type 'view': org.codehaus.griffon.runtime.core.artifact.ViewArtifactHandler@498280c3
[Thread-9] DEBUG org.codehaus.griffon.runtime.core.artifact.AbstractArtifactManager - Registering artifact handler for type 'controller': org.codehaus.griffon.runtime.core.artifact.ControllerArtifactHandler@44563b29
[Thread-9] DEBUG org.codehaus.griffon.runtime.core.artifact.AbstractArtifactManager - Registering artifact handler for type 'service': org.codehaus.griffon.runtime.core.artifact.ServiceArtifactHandler@754fa672
[Thread-9] DEBUG griffon.util.ServiceLoaderUtils - Reading griffon.core.artifact.GriffonView definitions from file:/home/travis/build/griffon/griffon/samples/sample-javafx-groovy/build/classes/main/META-INF/griffon/griffon.core.artifact.GriffonView
[Thread-9] DEBUG griffon.util.ServiceLoaderUtils - Reading griffon.core.artifact.GriffonController definitions from file:/home/travis/build/griffon/griffon/samples/sample-javafx-groovy/build/classes/main/META-INF/griffon/griffon.core.artifact.GriffonController
[Thread-9] DEBUG griffon.util.ServiceLoaderUtils - Reading griffon.core.artifact.GriffonService definitions from file:/home/travis/build/griffon/griffon/samples/sample-javafx-groovy/build/classes/main/META-INF/griffon/griffon.core.artifact.GriffonService
[Thread-9] DEBUG griffon.util.ServiceLoaderUtils - Reading griffon.core.artifact.GriffonModel definitions from file:/home/travis/build/griffon/griffon/samples/sample-javafx-groovy/build/classes/main/META-INF/griffon/griffon.core.artifact.GriffonModel
[Thread-9] DEBUG org.codehaus.griffon.runtime.core.artifact.DefaultArtifactManager - Artifacts of type 'view' = 1
[Thread-9] DEBUG org.codehaus.griffon.runtime.core.artifact.DefaultArtifactManager - Artifacts of type 'controller' = 1
[Thread-9] DEBUG org.codehaus.griffon.runtime.core.artifact.DefaultArtifactManager - Artifacts of type 'service' = 1
[Thread-9] DEBUG org.codehaus.griffon.runtime.core.artifact.DefaultArtifactManager - Artifacts of type 'model' = 1
[Thread-9] DEBUG org.codehaus.griffon.runtime.core.event.AbstractEventRouter - Triggering event 'BootstrapEnd' synchronously
[Test worker] DEBUG org.codehaus.griffon.runtime.core.event.AbstractEventRouter - Adding listener griffon.javafx.test.GriffonTestFXRule$WindowShownHandler on WindowShown
[griffon-pool-1-thread-1] DEBUG org.codehaus.griffon.runtime.core.event.AbstractEventRouter - Triggering event 'StartupStart' synchronously
[griffon-pool-1-thread-1] TRACE griffon.util.CompositeResourceBundle - Searching key=application.startupGroups
[griffon-pool-1-thread-1] TRACE griffon.util.CompositeResourceBundle - Bundle griffon.util.ExpandableResourceBundle@702640c2; key=application.startupGroups; value='[sample]'
[griffon-pool-1-thread-1] INFO org.codehaus.griffon.runtime.javafx.TestJavaFXGriffonApplication - Initializing all startup groups: [sample]
[griffon-pool-1-thread-1] DEBUG org.codehaus.griffon.runtime.core.mvc.AbstractMVCGroupManager - Searching group sample
[griffon-pool-1-thread-1] DEBUG org.codehaus.griffon.runtime.core.mvc.DefaultMVCGroupManager - Building MVC group 'sample' with name 'sample'
[griffon-pool-1-thread-1] DEBUG org.codehaus.griffon.runtime.core.artifact.AbstractArtifactManager - Searching for griffonClass of sample.javafx.groovy.SampleModel
[griffon-pool-1-thread-1] DEBUG org.codehaus.griffon.runtime.core.artifact.AbstractArtifactManager - Searching for griffonClass of sample.javafx.groovy.SampleView
[griffon-pool-1-thread-1] DEBUG org.codehaus.griffon.runtime.core.artifact.AbstractArtifactManager - Searching for griffonClass of sample.javafx.groovy.SampleController
[griffon-pool-1-thread-1] DEBUG org.codehaus.griffon.runtime.core.artifact.AbstractArtifactManager - Searching for griffonClass of sample.javafx.groovy.SampleModel
[griffon-pool-1-thread-1] DEBUG org.codehaus.griffon.runtime.core.artifact.AbstractArtifactManager - Searching for griffonClass of sample.javafx.groovy.SampleModel
[griffon-pool-1-thread-1] DEBUG org.codehaus.griffon.runtime.core.event.AbstractEventRouter - Triggering event 'NewInstance' synchronously
[griffon-pool-1-thread-1] DEBUG org.codehaus.griffon.runtime.core.artifact.AbstractArtifactManager - Searching for griffonClass of sample.javafx.groovy.SampleView
[griffon-pool-1-thread-1] DEBUG org.codehaus.griffon.runtime.core.artifact.AbstractArtifactManager - Searching for griffonClass of sample.javafx.groovy.SampleView
[JavaFX Application Thread] DEBUG org.codehaus.griffon.runtime.core.event.AbstractEventRouter - Triggering event 'NewInstance' synchronously
[griffon-pool-1-thread-1] DEBUG org.codehaus.griffon.runtime.core.artifact.AbstractArtifactManager - Searching for griffonClass of sample.javafx.groovy.SampleController
[griffon-pool-1-thread-1] DEBUG org.codehaus.griffon.runtime.core.artifact.AbstractArtifactManager - Searching for griffonClass of sample.javafx.groovy.SampleController
[griffon-pool-1-thread-1] DEBUG org.codehaus.griffon.runtime.core.event.AbstractEventRouter - Triggering event 'NewInstance' synchronously
[griffon-pool-1-thread-1] DEBUG org.codehaus.griffon.runtime.core.event.AbstractEventRouter - Triggering event 'NewInstance' synchronously
[griffon-pool-1-thread-1] DEBUG org.codehaus.griffon.runtime.core.artifact.AbstractArtifactManager - Searching for griffonClass of sample.javafx.groovy.SampleController
[griffon-pool-1-thread-1] TRACE griffon.util.CompositeResourceBundle - Searching key=sample.javafx.groovy.SampleController.action.SayHello.name
[griffon-pool-1-thread-1] TRACE griffon.util.CompositeResourceBundle - Searching key=application.action.SayHello.name
[griffon-pool-1-thread-1] TRACE org.codehaus.griffon.runtime.javafx.controller.JavaFXActionManager - sample.javafx.groovy.SampleController.action.SayHello.name = Say Hello
[griffon-pool-1-thread-1] TRACE griffon.util.CompositeResourceBundle - Searching key=sample.javafx.groovy.SampleController.action.SayHello.accelerator
[griffon-pool-1-thread-1] TRACE griffon.util.CompositeResourceBundle - Searching key=application.action.SayHello.accelerator
[griffon-pool-1-thread-1] TRACE griffon.util.CompositeResourceBundle - Searching key=sample.javafx.groovy.SampleController.action.SayHello.description
[griffon-pool-1-thread-1] TRACE griffon.util.CompositeResourceBundle - Searching key=application.action.SayHello.description
[griffon-pool-1-thread-1] TRACE griffon.util.CompositeResourceBundle - Searching key=sample.javafx.groovy.SampleController.action.SayHello.icon
[griffon-pool-1-thread-1] TRACE griffon.util.CompositeResourceBundle - Searching key=application.action.SayHello.icon
[griffon-pool-1-thread-1] TRACE griffon.util.CompositeResourceBundle - Searching key=sample.javafx.groovy.SampleController.action.SayHello.image
[griffon-pool-1-thread-1] TRACE griffon.util.CompositeResourceBundle - Searching key=application.action.SayHello.image
[griffon-pool-1-thread-1] TRACE griffon.util.CompositeResourceBundle - Searching key=sample.javafx.groovy.SampleController.action.SayHello.enabled
[griffon-pool-1-thread-1] TRACE griffon.util.CompositeResourceBundle - Searching key=application.action.SayHello.enabled
[griffon-pool-1-thread-1] TRACE org.codehaus.griffon.runtime.javafx.controller.JavaFXActionManager - sample.javafx.groovy.SampleController.action.SayHello.enabled = true
[griffon-pool-1-thread-1] TRACE griffon.util.CompositeResourceBundle - Searching key=sample.javafx.groovy.SampleController.action.SayHello.selected
[griffon-pool-1-thread-1] TRACE griffon.util.CompositeResourceBundle - Searching key=application.action.SayHello.selected
[griffon-pool-1-thread-1] TRACE org.codehaus.griffon.runtime.javafx.controller.JavaFXActionManager - sample.javafx.groovy.SampleController.action.SayHello.selected = false
[griffon-pool-1-thread-1] TRACE griffon.util.CompositeResourceBundle - Searching key=sample.javafx.groovy.SampleController.action.SayHello.visible
[griffon-pool-1-thread-1] TRACE griffon.util.CompositeResourceBundle - Searching key=application.action.SayHello.visible
[griffon-pool-1-thread-1] TRACE org.codehaus.griffon.runtime.javafx.controller.JavaFXActionManager - sample.javafx.groovy.SampleController.action.SayHello.visible = true
[griffon-pool-1-thread-1] TRACE griffon.util.CompositeResourceBundle - Searching key=sample.javafx.groovy.SampleController.action.SayHello.styleclass
[griffon-pool-1-thread-1] TRACE griffon.util.CompositeResourceBundle - Searching key=application.action.SayHello.styleclass
[griffon-pool-1-thread-1] TRACE griffon.util.CompositeResourceBundle - Searching key=sample.javafx.groovy.SampleController.action.SayHello.style
[griffon-pool-1-thread-1] TRACE griffon.util.CompositeResourceBundle - Searching key=application.action.SayHello.style
[griffon-pool-1-thread-1] TRACE griffon.util.CompositeResourceBundle - Searching key=sample.javafx.groovy.SampleController.action.SayHello.graphic_styleclass
[griffon-pool-1-thread-1] TRACE griffon.util.CompositeResourceBundle - Searching key=application.action.SayHello.graphic_styleclass
[griffon-pool-1-thread-1] TRACE griffon.util.CompositeResourceBundle - Searching key=sample.javafx.groovy.SampleController.action.SayHello.graphic_style
[griffon-pool-1-thread-1] TRACE griffon.util.CompositeResourceBundle - Searching key=application.action.SayHello.graphic_style
[griffon-pool-1-thread-1] TRACE griffon.core.editors.PropertyEditorResolver - Searching PropertyEditor for javafx.scene.image.Image
[griffon-pool-1-thread-1] TRACE griffon.core.editors.PropertyEditorResolver - PropertyEditor for javafx.scene.image.Image is griffon.javafx.editors.ImagePropertyEditor
[griffon-pool-1-thread-1] TRACE org.codehaus.griffon.runtime.core.controller.AbstractActionManager - Action for sample.javafx.groovy.SampleController.sayHello stored as sayHello
[griffon-pool-1-thread-1] DEBUG griffon.util.AnnotationUtils - Current customizer order is [core, javafx]
[griffon-pool-1-thread-1] TRACE griffon.util.AnnotationUtils - Processing customizer 'core'
[griffon-pool-1-thread-1] TRACE griffon.util.AnnotationUtils -   depends on '[]'
[griffon-pool-1-thread-1] TRACE griffon.util.AnnotationUtils -   adding customizer 'core', since all dependencies have been added
[griffon-pool-1-thread-1] TRACE griffon.util.AnnotationUtils - Processing customizer 'javafx'
[griffon-pool-1-thread-1] TRACE griffon.util.AnnotationUtils -   depends on '[core]'
[griffon-pool-1-thread-1] TRACE griffon.util.AnnotationUtils -   checking customizer 'javafx' dependencies (1)
[griffon-pool-1-thread-1] TRACE griffon.util.AnnotationUtils -   checking customizer 'javafx' dependencies: 
[griffon-pool-1-thread-1] TRACE griffon.util.AnnotationUtils -   customizer 'javafx' dependency 'core' already added
[griffon-pool-1-thread-1] TRACE griffon.util.AnnotationUtils -   adding customizer 'javafx', since all dependencies have been added
[griffon-pool-1-thread-1] TRACE griffon.util.AnnotationUtils - customizer dependency ordering complete
[griffon-pool-1-thread-1] DEBUG griffon.util.AnnotationUtils - computed customizer order is [core, javafx]
[griffon-pool-1-thread-1] DEBUG org.codehaus.griffon.runtime.core.event.AbstractEventRouter - Triggering event 'InitializeMVCGroup' synchronously
[griffon-pool-1-thread-1] TRACE griffon.addon.GroovyAddon - Adding action sayHelloAction to sample:sample:builder
[griffon-pool-1-thread-1] DEBUG org.codehaus.griffon.runtime.core.mvc.AbstractMVCGroupManager - Adding group sample:org.codehaus.griffon.runtime.groovy.mvc.GroovyAwareMVCGroup@29d17d52[sample:sample]
[griffon-pool-1-thread-1] DEBUG org.codehaus.griffon.runtime.core.mvc.DefaultMVCGroupManager - Initializing each MVC member of group 'sample'
[JavaFX Application Thread] TRACE griffon.util.CompositeResourceBundle - Searching key=application.title
[JavaFX Application Thread] TRACE griffon.util.CompositeResourceBundle - Bundle griffon.util.ExpandableResourceBundle@702640c2; key=application.title; value='JavaFX + Groovy'
[JavaFX Application Thread] DEBUG org.codehaus.griffon.runtime.core.view.AbstractWindowManager - Attaching window with name: 'mainWindow' at index 0 javafx.stage.Stage@1bb0b195
[JavaFX Application Thread] DEBUG org.codehaus.griffon.runtime.core.event.AbstractEventRouter - Triggering event 'WindowAttached' synchronously
[JavaFX Application Thread] TRACE griffon.util.CompositeResourceBundle - Searching key=name.label
[JavaFX Application Thread] TRACE griffon.util.CompositeResourceBundle - Bundle griffon.util.ExpandableResourceBundle@3df3c705; key=name.label; value='Please enter your name'
[griffon-pool-1-thread-1] DEBUG org.codehaus.griffon.runtime.core.event.AbstractEventRouter - Triggering event 'CreateMVCGroup' synchronously
[griffon-pool-1-thread-1] TRACE griffon.util.CompositeResourceBundle - Searching key=application.lifecycle.handler.disable
[griffon-pool-1-thread-1] TRACE griffon.util.CompositeResourceBundle - Searching key=application
[griffon-pool-1-thread-1] TRACE griffon.util.CompositeResourceBundle - Bundle griffon.util.ExpandableResourceBundle@702640c2; key=application; value='{title=JavaFX + Groovy, startupGroups=[sample], autoShutdown=true}'
[griffon-pool-1-thread-1] DEBUG org.codehaus.griffon.runtime.core.event.AbstractEventRouter - Triggering event 'StartupEnd' synchronously
[griffon-pool-1-thread-1] DEBUG org.codehaus.griffon.runtime.core.view.AbstractWindowManager - windowManager.startingWindow configured to mainWindow
[griffon-pool-1-thread-1] DEBUG org.codehaus.griffon.runtime.core.view.AbstractWindowManager - Selecting window mainWindow as starting window
[griffon-pool-1-thread-1] DEBUG org.codehaus.griffon.runtime.core.view.AbstractWindowManager - Starting Window is javafx.stage.Stage@1bb0b195
[griffon-pool-1-thread-1] DEBUG org.codehaus.griffon.runtime.core.event.AbstractEventRouter - Triggering event 'ReadyStart' synchronously
[griffon-pool-1-thread-1] TRACE griffon.util.CompositeResourceBundle - Searching key=application.lifecycle.handler.disable
[griffon-pool-1-thread-1] TRACE griffon.util.CompositeResourceBundle - Searching key=application
[griffon-pool-1-thread-1] TRACE griffon.util.CompositeResourceBundle - Bundle griffon.util.ExpandableResourceBundle@702640c2; key=application; value='{title=JavaFX + Groovy, startupGroups=[sample], autoShutdown=true}'
[griffon-pool-1-thread-1] DEBUG org.codehaus.griffon.runtime.core.event.AbstractEventRouter - Triggering event 'ReadyEnd' synchronously
[JavaFX Application Thread] DEBUG org.codehaus.griffon.runtime.core.view.AbstractWindowManager - Showing window with name: 'mainWindow' at index 0 javafx.stage.Stage@1bb0b195
[JavaFX Application Thread] TRACE griffon.util.CompositeResourceBundle - Searching key=windowManager
[JavaFX Application Thread] TRACE griffon.util.CompositeResourceBundle - Searching key=windowManager
[JavaFX Application Thread] TRACE griffon.util.CompositeResourceBundle - Searching key=windowManager
[JavaFX Application Thread] TRACE griffon.util.CompositeResourceBundle - Searching key=windowManager
[JavaFX Application Thread] TRACE org.codehaus.griffon.runtime.core.view.ConfigurableWindowDisplayHandler - Showing mainWindow with default handler
[JavaFX Application Thread] TRACE griffon.util.CompositeResourceBundle - Searching key=windowManager
[JavaFX Application Thread] TRACE griffon.util.CompositeResourceBundle - Searching key=windowManager
[JavaFX Application Thread] DEBUG org.codehaus.griffon.runtime.core.event.AbstractEventRouter - Triggering event 'WindowShown' synchronously
[JavaFX Application Thread] TRACE griffon.util.CompositeResourceBundle - Searching key=griffon.disable.threading.injection
[JavaFX Application Thread] TRACE griffon.util.CompositeResourceBundle - Searching key=griffon
[JavaFX Application Thread] TRACE griffon.util.CompositeResourceBundle - Searching key=controller.threading.default
[JavaFX Application Thread] TRACE griffon.util.CompositeResourceBundle - Searching key=controller
[JavaFX Application Thread] DEBUG org.codehaus.griffon.runtime.core.controller.AbstractActionManager - Executing sample.javafx.groovy.SampleController.sayHello with policy OUTSIDE_UITHREAD
[griffon-pool-1-thread-2] TRACE org.codehaus.griffon.runtime.core.controller.AbstractActionManager - Resolving contextual arguments for sample.javafx.groovy.SampleController.sayHello
[griffon-pool-1-thread-2] DEBUG org.codehaus.griffon.runtime.core.controller.AbstractActionManager - Executing 0 handlers for sample.javafx.groovy.SampleController.sayHello
[griffon-pool-1-thread-2] TRACE org.codehaus.griffon.runtime.core.controller.AbstractActionManager - Status before execution of sample.javafx.groovy.SampleController.sayHello is OK
[griffon-pool-1-thread-2] TRACE griffon.util.CompositeResourceBundle - Searching key=greeting.parameterized
[griffon-pool-1-thread-2] TRACE griffon.util.CompositeResourceBundle - Bundle griffon.util.ExpandableResourceBundle@3df3c705; key=greeting.parameterized; value='Hello {0}'
[griffon-pool-1-thread-2] TRACE org.codehaus.griffon.runtime.core.controller.AbstractActionManager - Status after execution of sample.javafx.groovy.SampleController.sayHello is OK
[Test worker] DEBUG org.codehaus.griffon.runtime.core.event.AbstractEventRouter - Triggering event 'ShutdownRequested' synchronously
[Test worker] INFO org.codehaus.griffon.runtime.javafx.TestJavaFXGriffonApplication - Shutdown is in process
[Test worker] DEBUG org.codehaus.griffon.runtime.javafx.TestJavaFXGriffonApplication - Shutdown stage 1: notify all event listeners
[Test worker] DEBUG org.codehaus.griffon.runtime.core.event.AbstractEventRouter - Adding listener griffon.javafx.AbstractJavaFXGriffonApplication$$Lambda$185/1659135254 on ShutdownStart
[Test worker] DEBUG org.codehaus.griffon.runtime.core.event.AbstractEventRouter - Triggering event 'ShutdownStart' synchronously
[Test worker] DEBUG org.codehaus.griffon.runtime.javafx.TestJavaFXGriffonApplication - Shutdown stage 2: notify all shutdown handlers
[JavaFX Application Thread] DEBUG org.codehaus.griffon.runtime.core.view.AbstractWindowManager - Hiding window with name: 'mainWindow' at index 0 javafx.stage.Stage@1bb0b195
[JavaFX Application Thread] TRACE griffon.util.CompositeResourceBundle - Searching key=windowManager
[JavaFX Application Thread] TRACE griffon.util.CompositeResourceBundle - Searching key=windowManager
[JavaFX Application Thread] TRACE griffon.util.CompositeResourceBundle - Searching key=windowManager
[JavaFX Application Thread] TRACE griffon.util.CompositeResourceBundle - Searching key=windowManager
[JavaFX Application Thread] TRACE org.codehaus.griffon.runtime.core.view.ConfigurableWindowDisplayHandler - Hiding mainWindow with default handler
[JavaFX Application Thread] TRACE griffon.util.CompositeResourceBundle - Searching key=windowManager
[JavaFX Application Thread] TRACE griffon.util.CompositeResourceBundle - Searching key=windowManager
[JavaFX Application Thread] DEBUG org.codehaus.griffon.runtime.core.event.AbstractEventRouter - Triggering event 'WindowHidden' synchronously
[Test worker] DEBUG org.codehaus.griffon.runtime.javafx.TestJavaFXGriffonApplication - Shutdown stage 3: destroy all MVC groups
[JavaFX Application Thread] DEBUG org.codehaus.griffon.runtime.core.view.AbstractWindowManager - Hiding window with name: 'mainWindow' at index 0 javafx.stage.Stage@1bb0b195
[JavaFX Application Thread] TRACE griffon.util.CompositeResourceBundle - Searching key=windowManager
[JavaFX Application Thread] TRACE griffon.util.CompositeResourceBundle - Searching key=windowManager
[JavaFX Application Thread] TRACE griffon.util.CompositeResourceBundle - Searching key=windowManager
[JavaFX Application Thread] TRACE griffon.util.CompositeResourceBundle - Searching key=windowManager
[JavaFX Application Thread] TRACE org.codehaus.griffon.runtime.core.view.ConfigurableWindowDisplayHandler - Hiding mainWindow with default handler
[JavaFX Application Thread] TRACE griffon.util.CompositeResourceBundle - Searching key=windowManager
[JavaFX Application Thread] TRACE griffon.util.CompositeResourceBundle - Searching key=windowManager
[Test worker] DEBUG org.codehaus.griffon.runtime.core.mvc.AbstractMVCGroupManager - Searching group sample
[Test worker] DEBUG org.codehaus.griffon.runtime.core.mvc.DefaultMVCGroupManager - Group 'sample' points to org.codehaus.griffon.runtime.groovy.mvc.GroovyAwareMVCGroup@29d17d52[sample:sample]
[Test worker] DEBUG org.codehaus.griffon.runtime.core.mvc.DefaultMVCGroupManager - Destroying MVC group identified by 'sample'
[Test worker] DEBUG org.codehaus.griffon.runtime.core.event.AbstractEventRouter - Triggering event 'DestroyInstance' synchronously
[Test worker] DEBUG org.codehaus.griffon.runtime.core.event.AbstractEventRouter - Triggering event 'DestroyInstance' synchronously
[Test worker] DEBUG org.codehaus.griffon.runtime.core.event.AbstractEventRouter - Triggering event 'DestroyInstance' synchronously
[Test worker] DEBUG org.codehaus.griffon.runtime.core.mvc.AbstractMVCGroupManager - Removing group sample:org.codehaus.griffon.runtime.groovy.mvc.GroovyAwareMVCGroup@29d17d52[sample:sample]
[Test worker] DEBUG org.codehaus.griffon.runtime.core.mvc.AbstractMVCGroupManager - Searching group sample
[Test worker] DEBUG org.codehaus.griffon.runtime.core.mvc.DefaultMVCGroupManager - Group 'sample' points to null
[Test worker] DEBUG org.codehaus.griffon.runtime.core.event.AbstractEventRouter - Triggering event 'DestroyMVCGroup' synchronously
[Test worker] DEBUG org.codehaus.griffon.runtime.javafx.TestJavaFXGriffonApplication - Shutdown stage 4: execute Shutdown script
[Test worker] TRACE griffon.util.CompositeResourceBundle - Searching key=application.lifecycle.handler.disable
[Test worker] TRACE griffon.util.CompositeResourceBundle - Searching key=application
[Test worker] TRACE griffon.util.CompositeResourceBundle - Bundle griffon.util.ExpandableResourceBundle@702640c2; key=application; value='{title=JavaFX + Groovy, startupGroups=[sample], autoShutdown=true}'
[Thread-9] INFO org.codehaus.griffon.runtime.core.DefaultApplicationBootstrapper - Griffon 2.10.0-SNAPSHOT
[Thread-9] INFO org.codehaus.griffon.runtime.core.DefaultApplicationBootstrapper - Build: 2016-12-12T18:12:28.761+0000
[Thread-9] INFO org.codehaus.griffon.runtime.core.DefaultApplicationBootstrapper - Revision: 4fa3c210ec857493f68848cd14f4789fc9b35caa
[Thread-9] INFO org.codehaus.griffon.runtime.core.DefaultApplicationBootstrapper - JVM: 1.8.0_111 (Oracle Corporation 25.111-b14)
[Thread-9] INFO org.codehaus.griffon.runtime.core.DefaultApplicationBootstrapper - OS: Linux 3.13.0-103-generic amd64
[Thread-9] DEBUG org.codehaus.griffon.runtime.core.DefaultApplicationBootstrapper - Creating module bindings
[Thread-9] DEBUG griffon.util.ServiceLoaderUtils - Reading definitions from file:/home/travis/build/griffon/griffon/samples/sample-javafx-groovy/build/classes/main/META-INF/griffon
[Thread-9] DEBUG griffon.util.AnnotationUtils - Current module order is [core, groovy, javafx-groovy, javafx, application, testApplicationBootstrapper$InnerClasses, testApplicationBootstrapper$Fields, testJavaFXGriffonApplicationBootstrapper$1]
[Thread-9] TRACE griffon.util.AnnotationUtils - Processing module 'core'
[Thread-9] TRACE griffon.util.AnnotationUtils -   depends on '[]'
[Thread-9] TRACE griffon.util.AnnotationUtils -   adding module 'core', since all dependencies have been added
[Thread-9] TRACE griffon.util.AnnotationUtils - Processing module 'groovy'
[Thread-9] TRACE griffon.util.AnnotationUtils -   depends on '[]'
[Thread-9] TRACE griffon.util.AnnotationUtils -   adding module 'groovy', since all dependencies have been added
[Thread-9] TRACE griffon.util.AnnotationUtils - Processing module 'javafx-groovy'
[Thread-9] TRACE griffon.util.AnnotationUtils -   depends on '[javafx]'
[Thread-9] TRACE griffon.util.AnnotationUtils -   checking module 'javafx-groovy' dependencies (1)
[Thread-9] TRACE griffon.util.AnnotationUtils -   checking module 'javafx-groovy' dependencies: 
[Thread-9] TRACE griffon.util.AnnotationUtils -   skipped module 'javafx-groovy', since dependency 'javafx' not yet added
[Thread-9] TRACE griffon.util.AnnotationUtils - Processing module 'javafx'
[Thread-9] TRACE griffon.util.AnnotationUtils -   depends on '[]'
[Thread-9] TRACE griffon.util.AnnotationUtils -   adding module 'javafx', since all dependencies have been added
[Thread-9] TRACE griffon.util.AnnotationUtils - Processing module 'application'
[Thread-9] TRACE griffon.util.AnnotationUtils -   depends on '[]'
[Thread-9] TRACE griffon.util.AnnotationUtils -   adding module 'application', since all dependencies have been added
[Thread-9] TRACE griffon.util.AnnotationUtils - Processing module 'testApplicationBootstrapper$InnerClasses'
[Thread-9] TRACE griffon.util.AnnotationUtils -   depends on '[]'
[Thread-9] TRACE griffon.util.AnnotationUtils -   adding module 'testApplicationBootstrapper$InnerClasses', since all dependencies have been added
[Thread-9] TRACE griffon.util.AnnotationUtils - Processing module 'testApplicationBootstrapper$Fields'
[Thread-9] TRACE griffon.util.AnnotationUtils -   depends on '[]'
[Thread-9] TRACE griffon.util.AnnotationUtils -   adding module 'testApplicationBootstrapper$Fields', since all dependencies have been added
[Thread-9] TRACE griffon.util.AnnotationUtils - Processing module 'testJavaFXGriffonApplicationBootstrapper$1'
[Thread-9] TRACE griffon.util.AnnotationUtils -   depends on '[]'
[Thread-9] TRACE griffon.util.AnnotationUtils -   adding module 'testJavaFXGriffonApplicationBootstrapper$1', since all dependencies have been added
[Thread-9] DEBUG griffon.util.AnnotationUtils - Current module order is [core, groovy, javafx-groovy, javafx, application, testApplicationBootstrapper$InnerClasses, testApplicationBootstrapper$Fields, testJavaFXGriffonApplicationBootstrapper$1]
[Thread-9] TRACE griffon.util.AnnotationUtils - Processing module 'javafx-groovy'
[Thread-9] TRACE griffon.util.AnnotationUtils -   depends on '[javafx]'
[Thread-9] TRACE griffon.util.AnnotationUtils -   checking module 'javafx-groovy' dependencies (1)
[Thread-9] TRACE griffon.util.AnnotationUtils -   checking module 'javafx-groovy' dependencies: 
[Thread-9] TRACE griffon.util.AnnotationUtils -   module 'javafx-groovy' dependency 'javafx' already added
[Thread-9] TRACE griffon.util.AnnotationUtils -   adding module 'javafx-groovy', since all dependencies have been added
[Thread-9] TRACE griffon.util.AnnotationUtils - module dependency ordering complete
[Thread-9] DEBUG griffon.util.AnnotationUtils - computed module order is [core, groovy, javafx, application, testApplicationBootstrapper$InnerClasses, testApplicationBootstrapper$Fields, testJavaFXGriffonApplicationBootstrapper$1, javafx-groovy]
[Thread-9] DEBUG org.codehaus.griffon.runtime.core.TestApplicationBootstrapper - computed Module order is [core, groovy, javafx, application, testJavaFXGriffonApplicationBootstrapper$1, javafx-groovy, testApplicationBootstrapper$InnerClasses, testApplicationBootstrapper$Fields]
[Thread-9] DEBUG org.codehaus.griffon.runtime.core.DefaultApplicationBootstrapper - Loading module bindings from core:org.codehaus.griffon.runtime.core.DefaultApplicationModule@dfa1bad
[Thread-9] DEBUG org.codehaus.griffon.runtime.core.DefaultApplicationBootstrapper - Loading module bindings from groovy:org.codehaus.griffon.runtime.groovy.GroovyModule@7cb7a70f
[Thread-9] DEBUG org.codehaus.griffon.runtime.core.DefaultApplicationBootstrapper - Loading module bindings from javafx:org.codehaus.griffon.runtime.javafx.JavaFXModule@81a6c71
[Thread-9] DEBUG org.codehaus.griffon.runtime.core.DefaultApplicationBootstrapper - Loading module bindings from application:sample.javafx.groovy.ApplicationModule@67b3b0f6
[Thread-9] DEBUG org.codehaus.griffon.runtime.core.DefaultApplicationBootstrapper - Loading module bindings from testJavaFXGriffonApplicationBootstrapper$1:org.codehaus.griffon.runtime.javafx.TestJavaFXGriffonApplicationBootstrapper$1@3ac9e8de
[Thread-9] DEBUG org.codehaus.griffon.runtime.core.DefaultApplicationBootstrapper - Loading module bindings from javafx-groovy:org.codehaus.griffon.runtime.javafx.JavafxBuilderModule@7b87bf57
[Thread-9] DEBUG org.codehaus.griffon.runtime.core.DefaultApplicationBootstrapper - Loading module bindings from testApplicationBootstrapper$InnerClasses:org.codehaus.griffon.runtime.core.TestApplicationBootstrapper$InnerClassesModule@20a53db2
[Thread-9] DEBUG org.codehaus.griffon.runtime.core.DefaultApplicationBootstrapper - Loading module bindings from testApplicationBootstrapper$Fields:org.codehaus.griffon.runtime.core.TestApplicationBootstrapper$FieldsModule@5a6b1d50
[Thread-9] TRACE org.codehaus.griffon.runtime.core.DefaultApplicationBootstrapper - InstanceBinding[source=griffon.core.GriffonApplication, instance=org.codehaus.griffon.runtime.javafx.TestJavaFXGriffonApplication@59a5985b, singleton=true]
[Thread-9] TRACE org.codehaus.griffon.runtime.core.DefaultApplicationBootstrapper - TargetBinding[source=sample.javafx.groovy.SampleView, target=sample.javafx.groovy.SampleView, singleton=false]
[Thread-9] TRACE org.codehaus.griffon.runtime.core.DefaultApplicationBootstrapper - TargetBinding[source=sample.javafx.groovy.SampleController, target=sample.javafx.groovy.SampleController, singleton=false]
[Thread-9] TRACE org.codehaus.griffon.runtime.core.DefaultApplicationBootstrapper - TargetBinding[source=sample.javafx.groovy.SampleModel, target=sample.javafx.groovy.SampleModel, singleton=false]
[Thread-9] TRACE org.codehaus.griffon.runtime.core.DefaultApplicationBootstrapper - TargetBinding[source=sample.javafx.groovy.SampleService, target=sample.javafx.groovy.SampleService, singleton=true]
[Thread-9] TRACE org.codehaus.griffon.runtime.core.DefaultApplicationBootstrapper - TargetBinding[source=griffon.core.ApplicationClassLoader, target=org.codehaus.griffon.runtime.core.DefaultApplicationClassLoader, singleton=true]
[Thread-9] TRACE org.codehaus.griffon.runtime.core.DefaultApplicationBootstrapper - ProviderTypeBinding[source=griffon.core.env.Metadata, providerType=org.codehaus.griffon.runtime.core.env.MetadataProvider, singleton=true]
[Thread-9] TRACE org.codehaus.griffon.runtime.core.DefaultApplicationBootstrapper - ProviderTypeBinding[source=griffon.core.env.RunMode, providerType=org.codehaus.griffon.runtime.core.env.RunModeProvider, singleton=true]
[Thread-9] TRACE org.codehaus.griffon.runtime.core.DefaultApplicationBootstrapper - ProviderTypeBinding[source=griffon.core.env.Environment, providerType=org.codehaus.griffon.runtime.core.env.EnvironmentProvider, singleton=true]
[Thread-9] TRACE org.codehaus.griffon.runtime.core.DefaultApplicationBootstrapper - TargetBinding[source=griffon.core.ContextFactory, target=org.codehaus.griffon.runtime.core.DefaultContextFactory, singleton=true]
[Thread-9] TRACE org.codehaus.griffon.runtime.core.DefaultApplicationBootstrapper - ProviderTypeBinding[source=griffon.util.PropertiesReader, providerType=griffon.util.PropertiesReader$Provider, singleton=true]
[Thread-9] TRACE org.codehaus.griffon.runtime.core.DefaultApplicationBootstrapper - ProviderTypeBinding[source=griffon.core.Context, classifier=@javax.inject.Named(value=applicationContext), providerType=org.codehaus.griffon.runtime.core.DefaultContextProvider, singleton=true]
[Thread-9] TRACE org.codehaus.griffon.runtime.core.DefaultApplicationBootstrapper - TargetBinding[source=griffon.core.ApplicationConfigurer, target=org.codehaus.griffon.runtime.core.DefaultApplicationConfigurer, singleton=true]
[Thread-9] TRACE org.codehaus.griffon.runtime.core.DefaultApplicationBootstrapper - TargetBinding[source=griffon.core.resources.ResourceHandler, target=org.codehaus.griffon.runtime.core.resources.DefaultResourceHandler, singleton=true]
[Thread-9] TRACE org.codehaus.griffon.runtime.core.DefaultApplicationBootstrapper - TargetBinding[source=griffon.util.CompositeResourceBundleBuilder, target=org.codehaus.griffon.runtime.groovy.util.GroovyAwareCompositeResourceBundleBuilder, singleton=true]
[Thread-9] TRACE org.codehaus.griffon.runtime.core.DefaultApplicationBootstrapper - ProviderBinding[source=java.util.ResourceBundle, classifier=@javax.inject.Named(value=applicationResourceBundle), provider=org.codehaus.griffon.runtime.util.ResourceBundleProvider@60eb0643, singleton=true]
[Thread-9] TRACE org.codehaus.griffon.runtime.core.DefaultApplicationBootstrapper - TargetBinding[source=org.codehaus.griffon.runtime.core.ConfigurationDecoratorFactory, target=org.codehaus.griffon.runtime.core.DefaultConfigurationDecoratorFactory, singleton=false]
[Thread-9] TRACE org.codehaus.griffon.runtime.core.DefaultApplicationBootstrapper - ProviderTypeBinding[source=griffon.core.Configuration, providerType=org.codehaus.griffon.runtime.core.ResourceBundleConfigurationProvider, singleton=true]
[Thread-9] TRACE org.codehaus.griffon.runtime.core.DefaultApplicationBootstrapper - TargetBinding[source=griffon.core.ExecutorServiceManager, target=org.codehaus.griffon.runtime.core.DefaultExecutorServiceManager, singleton=true]
[Thread-9] TRACE org.codehaus.griffon.runtime.core.DefaultApplicationBootstrapper - TargetBinding[source=griffon.core.event.EventRouter, classifier=@javax.inject.Named(value=applicationEventRouter), target=org.codehaus.griffon.runtime.groovy.event.GroovyAwareDefaultEventRouter, singleton=true]
[Thread-9] TRACE org.codehaus.griffon.runtime.core.DefaultApplicationBootstrapper - TargetBinding[source=griffon.core.event.EventRouter, target=org.codehaus.griffon.runtime.groovy.event.GroovyAwareDefaultEventRouter, singleton=false]
[Thread-9] TRACE org.codehaus.griffon.runtime.core.DefaultApplicationBootstrapper - TargetBinding[source=org.codehaus.griffon.runtime.core.resources.ResourceResolverDecoratorFactory, target=org.codehaus.griffon.runtime.groovy.resources.GroovyAwareResourceResolverDecoratorFactory, singleton=false]
[Thread-9] TRACE org.codehaus.griffon.runtime.core.DefaultApplicationBootstrapper - TargetBinding[source=org.codehaus.griffon.runtime.core.i18n.MessageSourceDecoratorFactory, target=org.codehaus.griffon.runtime.groovy.i18n.GroovyAwareMessageSourceDecoratorFactory, singleton=false]
[Thread-9] TRACE org.codehaus.griffon.runtime.core.DefaultApplicationBootstrapper - ProviderBinding[source=griffon.core.resources.ResourceResolver, classifier=@javax.inject.Named(value=applicationResourceResolver), provider=org.codehaus.griffon.runtime.core.resources.ResourceResolverProvider@62681693, singleton=true]
[Thread-9] TRACE org.codehaus.griffon.runtime.core.DefaultApplicationBootstrapper - ProviderBinding[source=griffon.core.i18n.MessageSource, classifier=@javax.inject.Named(value=applicationMessageSource), provider=org.codehaus.griffon.runtime.core.i18n.MessageSourceProvider@4154dc5c, singleton=true]
[Thread-9] TRACE org.codehaus.griffon.runtime.core.DefaultApplicationBootstrapper - TargetBinding[source=griffon.core.resources.ResourceInjector, classifier=@javax.inject.Named(value=applicationResourceInjector), target=org.codehaus.griffon.runtime.core.resources.DefaultApplicationResourceInjector, singleton=true]
[Thread-9] TRACE org.codehaus.griffon.runtime.core.DefaultApplicationBootstrapper - ProviderTypeBinding[source=java.util.concurrent.ExecutorService, classifier=@javax.inject.Named(value=defaultExecutorService), providerType=org.codehaus.griffon.runtime.core.threading.DefaultExecutorServiceProvider, singleton=true]
[Thread-9] TRACE org.codehaus.griffon.runtime.core.DefaultApplicationBootstrapper - TargetBinding[source=griffon.core.threading.UIThreadManager, target=org.codehaus.griffon.runtime.javafx.JavaFXUIThreadManager, singleton=true]
[Thread-9] TRACE org.codehaus.griffon.runtime.core.DefaultApplicationBootstrapper - TargetBinding[source=griffon.core.mvc.MVCGroupConfigurationFactory, target=org.codehaus.griffon.runtime.core.mvc.DefaultMVCGroupConfigurationFactory, singleton=true]
[Thread-9] TRACE org.codehaus.griffon.runtime.core.DefaultApplicationBootstrapper - TargetBinding[source=griffon.core.mvc.MVCGroupFactory, target=org.codehaus.griffon.runtime.groovy.mvc.GroovyAwareMVCGroupFactory, singleton=true]
[Thread-9] TRACE org.codehaus.griffon.runtime.core.DefaultApplicationBootstrapper - TargetBinding[source=griffon.core.mvc.MVCGroupManager, target=org.codehaus.griffon.runtime.groovy.mvc.GroovyAwareMVCGroupManager, singleton=true]
[Thread-9] TRACE org.codehaus.griffon.runtime.core.DefaultApplicationBootstrapper - ProviderBinding[source=griffon.core.LifecycleHandler, classifier=@javax.inject.Named(value=Initialize), provider=org.codehaus.griffon.runtime.core.LifecycleHandlerProvider@7f332b39, singleton=true]
[Thread-9] TRACE org.codehaus.griffon.runtime.core.DefaultApplicationBootstrapper - ProviderBinding[source=griffon.core.LifecycleHandler, classifier=@javax.inject.Named(value=Startup), provider=org.codehaus.griffon.runtime.core.LifecycleHandlerProvider@47d2e382, singleton=true]
[Thread-9] TRACE org.codehaus.griffon.runtime.core.DefaultApplicationBootstrapper - ProviderBinding[source=griffon.core.LifecycleHandler, classifier=@javax.inject.Named(value=Ready), provider=org.codehaus.griffon.runtime.core.LifecycleHandlerProvider@652cb965, singleton=true]
[Thread-9] TRACE org.codehaus.griffon.runtime.core.DefaultApplicationBootstrapper - ProviderBinding[source=griffon.core.LifecycleHandler, classifier=@javax.inject.Named(value=Shutdown), provider=org.codehaus.griffon.runtime.core.LifecycleHandlerProvider@2fd3fa0, singleton=true]
[Thread-9] TRACE org.codehaus.griffon.runtime.core.DefaultApplicationBootstrapper - ProviderBinding[source=griffon.core.LifecycleHandler, classifier=@javax.inject.Named(value=Stop), provider=org.codehaus.griffon.runtime.core.LifecycleHandlerProvider@6471b625, singleton=true]
[Thread-9] TRACE org.codehaus.griffon.runtime.core.DefaultApplicationBootstrapper - ProviderBinding[source=griffon.core.view.WindowManager, provider=org.codehaus.griffon.runtime.javafx.TestJavaFXWindowManagerProvider@346f97da, singleton=true]
[Thread-9] TRACE org.codehaus.griffon.runtime.core.DefaultApplicationBootstrapper - TargetBinding[source=griffon.core.controller.ActionManager, target=org.codehaus.griffon.runtime.javafx.controller.JavaFXActionManager, singleton=true]
[Thread-9] TRACE org.codehaus.griffon.runtime.core.DefaultApplicationBootstrapper - TargetBinding[source=griffon.core.artifact.ArtifactManager, target=org.codehaus.griffon.runtime.core.artifact.DefaultArtifactManager, singleton=true]
[Thread-9] TRACE org.codehaus.griffon.runtime.core.DefaultApplicationBootstrapper - TargetBinding[source=griffon.core.artifact.ArtifactHandler, classifier=@griffon.inject.Typed(value=interface griffon.core.artifact.GriffonModel), target=org.codehaus.griffon.runtime.core.artifact.ModelArtifactHandler, singleton=true]
[Thread-9] TRACE org.codehaus.griffon.runtime.core.DefaultApplicationBootstrapper - TargetBinding[source=griffon.core.artifact.ArtifactHandler, classifier=@griffon.inject.Typed(value=interface griffon.core.artifact.GriffonView), target=org.codehaus.griffon.runtime.core.artifact.ViewArtifactHandler, singleton=true]
[Thread-9] TRACE org.codehaus.griffon.runtime.core.DefaultApplicationBootstrapper - TargetBinding[source=griffon.core.artifact.ArtifactHandler, classifier=@griffon.inject.Typed(value=interface griffon.core.artifact.GriffonController), target=org.codehaus.griffon.runtime.core.artifact.ControllerArtifactHandler, singleton=true]
[Thread-9] TRACE org.codehaus.griffon.runtime.core.DefaultApplicationBootstrapper - TargetBinding[source=griffon.core.artifact.ArtifactHandler, classifier=@griffon.inject.Typed(value=interface griffon.core.artifact.GriffonService), target=org.codehaus.griffon.runtime.core.artifact.ServiceArtifactHandler, singleton=true]
[Thread-9] TRACE org.codehaus.griffon.runtime.core.DefaultApplicationBootstrapper - ProviderTypeBinding[source=griffon.core.PlatformHandler, providerType=org.codehaus.griffon.runtime.core.PlatformHandlerProvider, singleton=true]
[Thread-9] TRACE org.codehaus.griffon.runtime.core.DefaultApplicationBootstrapper - TargetBinding[source=griffon.core.addon.AddonManager, target=org.codehaus.griffon.runtime.core.addon.DefaultAddonManager, singleton=true]
[Thread-9] TRACE org.codehaus.griffon.runtime.core.DefaultApplicationBootstrapper - TargetBinding[source=griffon.core.event.EventHandler, target=org.codehaus.griffon.runtime.core.event.DefaultEventHandler, singleton=true]
[Thread-9] TRACE org.codehaus.griffon.runtime.core.DefaultApplicationBootstrapper - ProviderTypeBinding[source=griffon.core.ExceptionHandler, providerType=org.codehaus.griffon.runtime.core.GriffonExceptionHandlerProvider, singleton=true]
[Thread-9] TRACE org.codehaus.griffon.runtime.core.DefaultApplicationBootstrapper - ProviderTypeBinding[source=griffon.util.ConfigReader, providerType=griffon.util.ConfigReader$Provider, singleton=true]
[Thread-9] TRACE org.codehaus.griffon.runtime.core.DefaultApplicationBootstrapper - TargetBinding[source=griffon.core.addon.GriffonAddon, classifier=@javax.inject.Named(value=groovy), target=org.codehaus.griffon.runtime.groovy.GroovyAddon, singleton=true]
[Thread-9] TRACE org.codehaus.griffon.runtime.core.DefaultApplicationBootstrapper - TargetBinding[source=griffon.util.BuilderCustomizer, classifier=@javax.inject.Named(value=core), target=griffon.builder.core.CoreBuilderCustomizer, singleton=true]
[Thread-9] TRACE org.codehaus.griffon.runtime.core.DefaultApplicationBootstrapper - TargetBinding[source=griffon.javafx.JavaFXWindowDisplayHandler, classifier=@javax.inject.Named(value=defaultWindowDisplayHandler), target=org.codehaus.griffon.runtime.javafx.DefaultJavaFXWindowDisplayHandler, singleton=true]
[Thread-9] TRACE org.codehaus.griffon.runtime.core.DefaultApplicationBootstrapper - TargetBinding[source=griffon.javafx.JavaFXWindowDisplayHandler, classifier=@javax.inject.Named(value=windowDisplayHandler), target=org.codehaus.griffon.runtime.javafx.GroovyAwareConfigurableJavaFXWindowDisplayHandler, singleton=true]
[Thread-9] TRACE org.codehaus.griffon.runtime.core.DefaultApplicationBootstrapper - TargetBinding[source=griffon.util.BuilderCustomizer, classifier=@javax.inject.Named(value=javafx), target=griffon.builder.javafx.JavafxBuilderCustomizer, singleton=true]
[Thread-9] DEBUG org.codehaus.griffon.runtime.core.DefaultApplicationBootstrapper - Creating application injector
[Thread-9] DEBUG org.codehaus.griffon.runtime.core.DefaultApplicationBootstrapper - Injector will be created by org.codehaus.griffon.runtime.injection.GuiceInjectorFactory@36ca9bfa
[Thread-9] DEBUG griffon.util.AnnotationUtils - computed module order is []
[Thread-9] TRACE griffon.util.CompositeResourceBundle - Searching key=application
[Thread-9] TRACE griffon.util.CompositeResourceBundle - Bundle griffon.util.ExpandableResourceBundle@f961448; key=application; value='{title=JavaFX + Groovy, startupGroups=[sample], autoShutdown=true}'
[Thread-9] TRACE griffon.util.CompositeResourceBundle - Searching key=application.title
[Thread-9] TRACE griffon.util.CompositeResourceBundle - Bundle griffon.util.ExpandableResourceBundle@f961448; key=application.title; value='JavaFX + Groovy'
[Thread-9] TRACE griffon.util.CompositeResourceBundle - Searching key=application.startupGroups
[Thread-9] TRACE griffon.util.CompositeResourceBundle - Bundle griffon.util.ExpandableResourceBundle@f961448; key=application.startupGroups; value='[sample]'
[Thread-9] TRACE griffon.util.CompositeResourceBundle - Searching key=application.autoShutdown
[Thread-9] TRACE griffon.util.CompositeResourceBundle - Bundle griffon.util.ExpandableResourceBundle@f961448; key=application.autoShutdown; value='true'
[Thread-9] TRACE griffon.util.CompositeResourceBundle - Searching key=mvcGroups
[Thread-9] TRACE griffon.util.CompositeResourceBundle - Bundle griffon.util.ExpandableResourceBundle@f961448; key=mvcGroups; value='{sample={model=sample.javafx.groovy.SampleModel, view=sample.javafx.groovy.SampleView, controller=sample.javafx.groovy.SampleController}}'
[Thread-9] TRACE griffon.util.CompositeResourceBundle - Searching key=mvcGroups.sample.model
[Thread-9] TRACE griffon.util.CompositeResourceBundle - Bundle griffon.util.ExpandableResourceBundle@f961448; key=mvcGroups.sample.model; value='sample.javafx.groovy.SampleModel'
[Thread-9] TRACE griffon.util.CompositeResourceBundle - Searching key=mvcGroups.sample.view
[Thread-9] TRACE griffon.util.CompositeResourceBundle - Bundle griffon.util.ExpandableResourceBundle@f961448; key=mvcGroups.sample.view; value='sample.javafx.groovy.SampleView'
[Thread-9] TRACE griffon.util.CompositeResourceBundle - Searching key=mvcGroups.sample.controller
[Thread-9] TRACE griffon.util.CompositeResourceBundle - Bundle griffon.util.ExpandableResourceBundle@f961448; key=mvcGroups.sample.controller; value='sample.javafx.groovy.SampleController'
[Thread-9] DEBUG org.codehaus.griffon.runtime.core.event.AbstractEventRouter - Adding listener org.codehaus.griffon.runtime.core.MVCGroupExceptionHandler on UncaughtMVCGroupConfigurationException
[Thread-9] DEBUG org.codehaus.griffon.runtime.core.event.AbstractEventRouter - Adding listener org.codehaus.griffon.runtime.core.MVCGroupExceptionHandler on UncaughtMVCGroupInstantiationException
[Thread-9] DEBUG griffon.util.AnnotationUtils - Current handler order is [default]
[Thread-9] TRACE griffon.util.AnnotationUtils - Processing handler 'default'
[Thread-9] TRACE griffon.util.AnnotationUtils -   depends on '[]'
[Thread-9] TRACE griffon.util.AnnotationUtils -   adding handler 'default', since all dependencies have been added
[Thread-9] TRACE griffon.util.AnnotationUtils - handler dependency ordering complete
[Thread-9] DEBUG griffon.util.AnnotationUtils - computed handler order is [default]
[Thread-9] DEBUG org.codehaus.griffon.runtime.core.event.AbstractEventRouter - Triggering event 'BootstrapStart' synchronously
[Thread-9] DEBUG griffon.util.ServiceLoaderUtils - Reading java.beans.PropertyEditor definitions from jar:file:/home/travis/build/griffon/griffon/subprojects/griffon-core/build/libs/griffon-core-2.10.0-SNAPSHOT.jar!/META-INF/editors/java.beans.PropertyEditor
[Thread-9] DEBUG org.codehaus.griffon.runtime.core.DefaultApplicationConfigurer - Registering griffon.core.editors.StringPropertyEditor as editor for java.lang.String
[Thread-9] DEBUG org.codehaus.griffon.runtime.core.DefaultApplicationConfigurer - Registering griffon.core.editors.FilePropertyEditor as editor for java.io.File
[Thread-9] DEBUG org.codehaus.griffon.runtime.core.DefaultApplicationConfigurer - Registering griffon.core.editors.URLPropertyEditor as editor for java.net.URL
[Thread-9] DEBUG org.codehaus.griffon.runtime.core.DefaultApplicationConfigurer - Registering griffon.core.editors.URIPropertyEditor as editor for java.net.URI
[Thread-9] DEBUG org.codehaus.griffon.runtime.core.DefaultApplicationConfigurer - Registering griffon.core.editors.BigDecimalPropertyEditor as editor for java.math.BigDecimal
[Thread-9] DEBUG org.codehaus.griffon.runtime.core.DefaultApplicationConfigurer - Registering griffon.core.editors.BigIntegerPropertyEditor as editor for java.math.BigInteger
[Thread-9] DEBUG org.codehaus.griffon.runtime.core.DefaultApplicationConfigurer - Registering griffon.core.editors.BooleanPropertyEditor as editor for java.lang.Boolean
[Thread-9] DEBUG org.codehaus.griffon.runtime.core.DefaultApplicationConfigurer - Registering griffon.core.editors.BytePropertyEditor as editor for java.lang.Byte
[Thread-9] DEBUG org.codehaus.griffon.runtime.core.DefaultApplicationConfigurer - Registering griffon.core.editors.ShortPropertyEditor as editor for java.lang.Short
[Thread-9] DEBUG org.codehaus.griffon.runtime.core.DefaultApplicationConfigurer - Registering griffon.core.editors.IntegerPropertyEditor as editor for java.lang.Integer
[Thread-9] DEBUG org.codehaus.griffon.runtime.core.DefaultApplicationConfigurer - Registering griffon.core.editors.LongPropertyEditor as editor for java.lang.Long
[Thread-9] DEBUG org.codehaus.griffon.runtime.core.DefaultApplicationConfigurer - Registering griffon.core.editors.FloatPropertyEditor as editor for java.lang.Float
[Thread-9] DEBUG org.codehaus.griffon.runtime.core.DefaultApplicationConfigurer - Registering griffon.core.editors.DoublePropertyEditor as editor for java.lang.Double
[Thread-9] DEBUG org.codehaus.griffon.runtime.core.DefaultApplicationConfigurer - Registering griffon.core.editors.CalendarPropertyEditor as editor for java.util.Calendar
[Thread-9] DEBUG org.codehaus.griffon.runtime.core.DefaultApplicationConfigurer - Registering griffon.core.editors.DatePropertyEditor as editor for java.util.Date
[Thread-9] DEBUG org.codehaus.griffon.runtime.core.DefaultApplicationConfigurer - Registering griffon.core.editors.LocalePropertyEditor as editor for java.util.Locale
[Thread-9] DEBUG griffon.util.ServiceLoaderUtils - Reading java.beans.PropertyEditor definitions from jar:file:/home/travis/build/griffon/griffon/subprojects/griffon-javafx/build/libs/griffon-javafx-2.10.0-SNAPSHOT.jar!/META-INF/editors/java.beans.PropertyEditor
[Thread-9] DEBUG org.codehaus.griffon.runtime.core.DefaultApplicationConfigurer - Registering griffon.javafx.editors.Dimension2DPropertyEditor as editor for javafx.geometry.Dimension2D
[Thread-9] DEBUG org.codehaus.griffon.runtime.core.DefaultApplicationConfigurer - Registering griffon.javafx.editors.InsetsPropertyEditor as editor for javafx.geometry.Insets
[Thread-9] DEBUG org.codehaus.griffon.runtime.core.DefaultApplicationConfigurer - Registering griffon.javafx.editors.Point2DPropertyEditor as editor for javafx.geometry.Point2D
[Thread-9] DEBUG org.codehaus.griffon.runtime.core.DefaultApplicationConfigurer - Registering griffon.javafx.editors.Rectangle2DPropertyEditor as editor for javafx.geometry.Rectangle2D
[Thread-9] DEBUG org.codehaus.griffon.runtime.core.DefaultApplicationConfigurer - Registering griffon.javafx.editors.GraphicPropertyEditor as editor for javafx.scene.Node
[Thread-9] DEBUG org.codehaus.griffon.runtime.core.DefaultApplicationConfigurer - Registering griffon.javafx.editors.ImagePropertyEditor as editor for javafx.scene.image.Image
[Thread-9] DEBUG org.codehaus.griffon.runtime.core.DefaultApplicationConfigurer - Registering griffon.javafx.editors.ColorPropertyEditor as editor for javafx.scene.paint.Color
[Thread-9] DEBUG org.codehaus.griffon.runtime.core.DefaultApplicationConfigurer - Registering griffon.javafx.editors.LinearGradientPropertyEditor as editor for javafx.scene.paint.LinearGradient
[Thread-9] DEBUG org.codehaus.griffon.runtime.core.DefaultApplicationConfigurer - Registering griffon.javafx.editors.PaintPropertyEditor as editor for javafx.scene.paint.Paint
[Thread-9] DEBUG org.codehaus.griffon.runtime.core.DefaultApplicationConfigurer - Registering griffon.javafx.editors.RadialGradientPropertyEditor as editor for javafx.scene.paint.RadialGradient
[Thread-9] TRACE griffon.core.editors.PropertyEditorResolver - Searching PropertyEditor for java.lang.Boolean
[Thread-9] TRACE griffon.core.editors.PropertyEditorResolver - PropertyEditor for java.lang.Boolean is griffon.core.editors.BooleanPropertyEditor
[Thread-9] DEBUG org.codehaus.griffon.runtime.core.DefaultApplicationConfigurer - Registering griffon.core.editors.BooleanPropertyEditor as editor for boolean
[Thread-9] TRACE griffon.core.editors.PropertyEditorResolver - Searching PropertyEditor for java.lang.Byte
[Thread-9] TRACE griffon.core.editors.PropertyEditorResolver - PropertyEditor for java.lang.Byte is griffon.core.editors.BytePropertyEditor
[Thread-9] DEBUG org.codehaus.griffon.runtime.core.DefaultApplicationConfigurer - Registering griffon.core.editors.BytePropertyEditor as editor for byte
[Thread-9] TRACE griffon.core.editors.PropertyEditorResolver - Searching PropertyEditor for java.lang.Short
[Thread-9] TRACE griffon.core.editors.PropertyEditorResolver - PropertyEditor for java.lang.Short is griffon.core.editors.ShortPropertyEditor
[Thread-9] DEBUG org.codehaus.griffon.runtime.core.DefaultApplicationConfigurer - Registering griffon.core.editors.ShortPropertyEditor as editor for short
[Thread-9] TRACE griffon.core.editors.PropertyEditorResolver - Searching PropertyEditor for java.lang.Integer
[Thread-9] TRACE griffon.core.editors.PropertyEditorResolver - PropertyEditor for java.lang.Integer is griffon.core.editors.IntegerPropertyEditor
[Thread-9] DEBUG org.codehaus.griffon.runtime.core.DefaultApplicationConfigurer - Registering griffon.core.editors.IntegerPropertyEditor as editor for int
[Thread-9] TRACE griffon.core.editors.PropertyEditorResolver - Searching PropertyEditor for java.lang.Long
[Thread-9] TRACE griffon.core.editors.PropertyEditorResolver - PropertyEditor for java.lang.Long is griffon.core.editors.LongPropertyEditor
[Thread-9] DEBUG org.codehaus.griffon.runtime.core.DefaultApplicationConfigurer - Registering griffon.core.editors.LongPropertyEditor as editor for long
[Thread-9] TRACE griffon.core.editors.PropertyEditorResolver - Searching PropertyEditor for java.lang.Float
[Thread-9] TRACE griffon.core.editors.PropertyEditorResolver - PropertyEditor for java.lang.Float is griffon.core.editors.FloatPropertyEditor
[Thread-9] DEBUG org.codehaus.griffon.runtime.core.DefaultApplicationConfigurer - Registering griffon.core.editors.FloatPropertyEditor as editor for float
[Thread-9] TRACE griffon.core.editors.PropertyEditorResolver - Searching PropertyEditor for java.lang.Double
[Thread-9] TRACE griffon.core.editors.PropertyEditorResolver - PropertyEditor for java.lang.Double is griffon.core.editors.DoublePropertyEditor
[Thread-9] DEBUG org.codehaus.griffon.runtime.core.DefaultApplicationConfigurer - Registering griffon.core.editors.DoublePropertyEditor as editor for double
[Thread-9] DEBUG org.codehaus.griffon.runtime.core.event.AbstractEventRouter - Adding listener org.codehaus.griffon.runtime.core.DefaultApplicationConfigurer$2 on NewInstance
[Thread-9] TRACE griffon.util.CompositeResourceBundle - Searching key=application.lifecycle.handler.disable
[Thread-9] TRACE griffon.util.CompositeResourceBundle - Searching key=application
[Thread-9] TRACE griffon.util.CompositeResourceBundle - Bundle griffon.util.ExpandableResourceBundle@f961448; key=application; value='{title=JavaFX + Groovy, startupGroups=[sample], autoShutdown=true}'
[Thread-9] TRACE griffon.util.CompositeResourceBundle - Searching key=platform.handler.linux64
[Thread-9] TRACE griffon.util.CompositeResourceBundle - Searching key=platform
[Thread-9] DEBUG org.codehaus.griffon.runtime.core.PlatformHandlerProvider - Using org.codehaus.griffon.runtime.core.DefaultPlatformHandler as PlatformHandler
[Thread-9] DEBUG org.codehaus.griffon.runtime.core.addon.AbstractAddonManager - Loading addons [START]
[Thread-9] DEBUG griffon.util.AnnotationUtils - Current addon order is [groovy]
[Thread-9] TRACE griffon.util.AnnotationUtils - Processing addon 'groovy'
[Thread-9] TRACE griffon.util.AnnotationUtils -   depends on '[]'
[Thread-9] TRACE griffon.util.AnnotationUtils -   adding addon 'groovy', since all dependencies have been added
[Thread-9] TRACE griffon.util.AnnotationUtils - addon dependency ordering complete
[Thread-9] DEBUG griffon.util.AnnotationUtils - computed addon order is [groovy]
[Thread-9] DEBUG org.codehaus.griffon.runtime.core.event.AbstractEventRouter - Triggering event 'LoadAddonsStart' synchronously
[Thread-9] DEBUG org.codehaus.griffon.runtime.core.addon.AbstractAddonManager - Loading addon groovy with class org.codehaus.griffon.runtime.groovy.GroovyAddon
[Thread-9] DEBUG org.codehaus.griffon.runtime.core.event.AbstractEventRouter - Triggering event 'LoadAddonStart' synchronously
[Thread-9] DEBUG org.codehaus.griffon.runtime.core.event.AbstractEventRouter - Adding listener org.codehaus.griffon.runtime.groovy.GroovyAddon@61c42764
[Thread-9] DEBUG org.codehaus.griffon.runtime.core.event.AbstractEventRouter - Triggering event 'LoadAddonEnd' synchronously
[Thread-9] DEBUG org.codehaus.griffon.runtime.core.addon.AbstractAddonManager - Loaded addon groovy
[Thread-9] DEBUG org.codehaus.griffon.runtime.core.addon.AbstractAddonManager - Loading addons [END]
[Thread-9] DEBUG org.codehaus.griffon.runtime.core.event.AbstractEventRouter - Triggering event 'LoadAddonsEnd' synchronously
[Thread-9] TRACE griffon.util.CompositeResourceBundle - Searching key=mvcGroups
[Thread-9] TRACE griffon.util.CompositeResourceBundle - Bundle griffon.util.ExpandableResourceBundle@f961448; key=mvcGroups; value='{sample={model=sample.javafx.groovy.SampleModel, view=sample.javafx.groovy.SampleView, controller=sample.javafx.groovy.SampleController}}'
[Thread-9] DEBUG org.codehaus.griffon.runtime.core.DefaultApplicationConfigurer - Adding MVC group sample
[Thread-9] DEBUG org.codehaus.griffon.runtime.core.event.AbstractEventRouter - Adding listener org.codehaus.griffon.runtime.core.DefaultApplicationConfigurer$3 on NewInstance
[Thread-9] TRACE griffon.util.CompositeResourceBundle - Searching key=griffon.controller.action.handler.order
[Thread-9] TRACE griffon.util.CompositeResourceBundle - Searching key=griffon
[Thread-9] DEBUG griffon.util.AnnotationUtils - computed handler order is []
[Thread-9] DEBUG org.codehaus.griffon.runtime.core.artifact.AbstractArtifactManager - Registering artifact handler for type 'model': org.codehaus.griffon.runtime.core.artifact.ModelArtifactHandler@e99c369
[Thread-9] DEBUG org.codehaus.griffon.runtime.core.artifact.AbstractArtifactManager - Registering artifact handler for type 'view': org.codehaus.griffon.runtime.core.artifact.ViewArtifactHandler@4ba8941d
[Thread-9] DEBUG org.codehaus.griffon.runtime.core.artifact.AbstractArtifactManager - Registering artifact handler for type 'controller': org.codehaus.griffon.runtime.core.artifact.ControllerArtifactHandler@be2e479
[Thread-9] DEBUG org.codehaus.griffon.runtime.core.artifact.AbstractArtifactManager - Registering artifact handler for type 'service': org.codehaus.griffon.runtime.core.artifact.ServiceArtifactHandler@6136aa44
[Thread-9] DEBUG griffon.util.ServiceLoaderUtils - Reading griffon.core.artifact.GriffonView definitions from file:/home/travis/build/griffon/griffon/samples/sample-javafx-groovy/build/classes/main/META-INF/griffon/griffon.core.artifact.GriffonView
[Thread-9] DEBUG griffon.util.ServiceLoaderUtils - Reading griffon.core.artifact.GriffonController definitions from file:/home/travis/build/griffon/griffon/samples/sample-javafx-groovy/build/classes/main/META-INF/griffon/griffon.core.artifact.GriffonController
[Thread-9] DEBUG griffon.util.ServiceLoaderUtils - Reading griffon.core.artifact.GriffonService definitions from file:/home/travis/build/griffon/griffon/samples/sample-javafx-groovy/build/classes/main/META-INF/griffon/griffon.core.artifact.GriffonService
[Thread-9] DEBUG griffon.util.ServiceLoaderUtils - Reading griffon.core.artifact.GriffonModel definitions from file:/home/travis/build/griffon/griffon/samples/sample-javafx-groovy/build/classes/main/META-INF/griffon/griffon.core.artifact.GriffonModel
[Thread-9] DEBUG org.codehaus.griffon.runtime.core.artifact.DefaultArtifactManager - Artifacts of type 'view' = 1
[Thread-9] DEBUG org.codehaus.griffon.runtime.core.artifact.DefaultArtifactManager - Artifacts of type 'controller' = 1
[Thread-9] DEBUG org.codehaus.griffon.runtime.core.artifact.DefaultArtifactManager - Artifacts of type 'service' = 1
[Thread-9] DEBUG org.codehaus.griffon.runtime.core.artifact.DefaultArtifactManager - Artifacts of type 'model' = 1
[Thread-9] DEBUG org.codehaus.griffon.runtime.core.event.AbstractEventRouter - Triggering event 'BootstrapEnd' synchronously
[Test worker] DEBUG org.codehaus.griffon.runtime.core.event.AbstractEventRouter - Adding listener griffon.javafx.test.GriffonTestFXRule$WindowShownHandler on WindowShown
[griffon-pool-2-thread-1] DEBUG org.codehaus.griffon.runtime.core.event.AbstractEventRouter - Triggering event 'StartupStart' synchronously
[griffon-pool-2-thread-1] TRACE griffon.util.CompositeResourceBundle - Searching key=application.startupGroups
[griffon-pool-2-thread-1] TRACE griffon.util.CompositeResourceBundle - Bundle griffon.util.ExpandableResourceBundle@f961448; key=application.startupGroups; value='[sample]'
[griffon-pool-2-thread-1] INFO org.codehaus.griffon.runtime.javafx.TestJavaFXGriffonApplication - Initializing all startup groups: [sample]
[griffon-pool-2-thread-1] DEBUG org.codehaus.griffon.runtime.core.mvc.AbstractMVCGroupManager - Searching group sample
[griffon-pool-2-thread-1] DEBUG org.codehaus.griffon.runtime.core.mvc.DefaultMVCGroupManager - Building MVC group 'sample' with name 'sample'
[griffon-pool-2-thread-1] DEBUG org.codehaus.griffon.runtime.core.artifact.AbstractArtifactManager - Searching for griffonClass of sample.javafx.groovy.SampleModel
[griffon-pool-2-thread-1] DEBUG org.codehaus.griffon.runtime.core.artifact.AbstractArtifactManager - Searching for griffonClass of sample.javafx.groovy.SampleView
[griffon-pool-2-thread-1] DEBUG org.codehaus.griffon.runtime.core.artifact.AbstractArtifactManager - Searching for griffonClass of sample.javafx.groovy.SampleController
[griffon-pool-2-thread-1] DEBUG org.codehaus.griffon.runtime.core.artifact.AbstractArtifactManager - Searching for griffonClass of sample.javafx.groovy.SampleModel
[griffon-pool-2-thread-1] DEBUG org.codehaus.griffon.runtime.core.artifact.AbstractArtifactManager - Searching for griffonClass of sample.javafx.groovy.SampleModel
[griffon-pool-2-thread-1] DEBUG org.codehaus.griffon.runtime.core.event.AbstractEventRouter - Triggering event 'NewInstance' synchronously
[griffon-pool-2-thread-1] DEBUG org.codehaus.griffon.runtime.core.artifact.AbstractArtifactManager - Searching for griffonClass of sample.javafx.groovy.SampleView
[griffon-pool-2-thread-1] DEBUG org.codehaus.griffon.runtime.core.artifact.AbstractArtifactManager - Searching for griffonClass of sample.javafx.groovy.SampleView
[JavaFX Application Thread] DEBUG org.codehaus.griffon.runtime.core.event.AbstractEventRouter - Triggering event 'NewInstance' synchronously
[griffon-pool-2-thread-1] DEBUG org.codehaus.griffon.runtime.core.artifact.AbstractArtifactManager - Searching for griffonClass of sample.javafx.groovy.SampleController
[griffon-pool-2-thread-1] DEBUG org.codehaus.griffon.runtime.core.artifact.AbstractArtifactManager - Searching for griffonClass of sample.javafx.groovy.SampleController
[griffon-pool-2-thread-1] DEBUG org.codehaus.griffon.runtime.core.event.AbstractEventRouter - Triggering event 'NewInstance' synchronously
[griffon-pool-2-thread-1] DEBUG org.codehaus.griffon.runtime.core.event.AbstractEventRouter - Triggering event 'NewInstance' synchronously
[griffon-pool-2-thread-1] DEBUG org.codehaus.griffon.runtime.core.artifact.AbstractArtifactManager - Searching for griffonClass of sample.javafx.groovy.SampleController
[griffon-pool-2-thread-1] TRACE griffon.util.CompositeResourceBundle - Searching key=sample.javafx.groovy.SampleController.action.SayHello.name
[griffon-pool-2-thread-1] TRACE griffon.util.CompositeResourceBundle - Searching key=application.action.SayHello.name
[griffon-pool-2-thread-1] TRACE org.codehaus.griffon.runtime.javafx.controller.JavaFXActionManager - sample.javafx.groovy.SampleController.action.SayHello.name = Say Hello
[griffon-pool-2-thread-1] TRACE griffon.util.CompositeResourceBundle - Searching key=sample.javafx.groovy.SampleController.action.SayHello.accelerator
[griffon-pool-2-thread-1] TRACE griffon.util.CompositeResourceBundle - Searching key=application.action.SayHello.accelerator
[griffon-pool-2-thread-1] TRACE griffon.util.CompositeResourceBundle - Searching key=sample.javafx.groovy.SampleController.action.SayHello.description
[griffon-pool-2-thread-1] TRACE griffon.util.CompositeResourceBundle - Searching key=application.action.SayHello.description
[griffon-pool-2-thread-1] TRACE griffon.util.CompositeResourceBundle - Searching key=sample.javafx.groovy.SampleController.action.SayHello.icon
[griffon-pool-2-thread-1] TRACE griffon.util.CompositeResourceBundle - Searching key=application.action.SayHello.icon
[griffon-pool-2-thread-1] TRACE griffon.util.CompositeResourceBundle - Searching key=sample.javafx.groovy.SampleController.action.SayHello.image
[griffon-pool-2-thread-1] TRACE griffon.util.CompositeResourceBundle - Searching key=application.action.SayHello.image
[griffon-pool-2-thread-1] TRACE griffon.util.CompositeResourceBundle - Searching key=sample.javafx.groovy.SampleController.action.SayHello.enabled
[griffon-pool-2-thread-1] TRACE griffon.util.CompositeResourceBundle - Searching key=application.action.SayHello.enabled
[griffon-pool-2-thread-1] TRACE org.codehaus.griffon.runtime.javafx.controller.JavaFXActionManager - sample.javafx.groovy.SampleController.action.SayHello.enabled = true
[griffon-pool-2-thread-1] TRACE griffon.util.CompositeResourceBundle - Searching key=sample.javafx.groovy.SampleController.action.SayHello.selected
[griffon-pool-2-thread-1] TRACE griffon.util.CompositeResourceBundle - Searching key=application.action.SayHello.selected
[griffon-pool-2-thread-1] TRACE org.codehaus.griffon.runtime.javafx.controller.JavaFXActionManager - sample.javafx.groovy.SampleController.action.SayHello.selected = false
[griffon-pool-2-thread-1] TRACE griffon.util.CompositeResourceBundle - Searching key=sample.javafx.groovy.SampleController.action.SayHello.visible
[griffon-pool-2-thread-1] TRACE griffon.util.CompositeResourceBundle - Searching key=application.action.SayHello.visible
[griffon-pool-2-thread-1] TRACE org.codehaus.griffon.runtime.javafx.controller.JavaFXActionManager - sample.javafx.groovy.SampleController.action.SayHello.visible = true
[griffon-pool-2-thread-1] TRACE griffon.util.CompositeResourceBundle - Searching key=sample.javafx.groovy.SampleController.action.SayHello.styleclass
[griffon-pool-2-thread-1] TRACE griffon.util.CompositeResourceBundle - Searching key=application.action.SayHello.styleclass
[griffon-pool-2-thread-1] TRACE griffon.util.CompositeResourceBundle - Searching key=sample.javafx.groovy.SampleController.action.SayHello.style
[griffon-pool-2-thread-1] TRACE griffon.util.CompositeResourceBundle - Searching key=application.action.SayHello.style
[griffon-pool-2-thread-1] TRACE griffon.util.CompositeResourceBundle - Searching key=sample.javafx.groovy.SampleController.action.SayHello.graphic_styleclass
[griffon-pool-2-thread-1] TRACE griffon.util.CompositeResourceBundle - Searching key=application.action.SayHello.graphic_styleclass
[griffon-pool-2-thread-1] TRACE griffon.util.CompositeResourceBundle - Searching key=sample.javafx.groovy.SampleController.action.SayHello.graphic_style
[griffon-pool-2-thread-1] TRACE griffon.util.CompositeResourceBundle - Searching key=application.action.SayHello.graphic_style
[griffon-pool-2-thread-1] TRACE griffon.core.editors.PropertyEditorResolver - Searching PropertyEditor for javafx.scene.image.Image
[griffon-pool-2-thread-1] TRACE griffon.core.editors.PropertyEditorResolver - PropertyEditor for javafx.scene.image.Image is griffon.javafx.editors.ImagePropertyEditor
[griffon-pool-2-thread-1] TRACE org.codehaus.griffon.runtime.core.controller.AbstractActionManager - Action for sample.javafx.groovy.SampleController.sayHello stored as sayHello
[griffon-pool-2-thread-1] DEBUG griffon.util.AnnotationUtils - Current customizer order is [core, javafx]
[griffon-pool-2-thread-1] TRACE griffon.util.AnnotationUtils - Processing customizer 'core'
[griffon-pool-2-thread-1] TRACE griffon.util.AnnotationUtils -   depends on '[]'
[griffon-pool-2-thread-1] TRACE griffon.util.AnnotationUtils -   adding customizer 'core', since all dependencies have been added
[griffon-pool-2-thread-1] TRACE griffon.util.AnnotationUtils - Processing customizer 'javafx'
[griffon-pool-2-thread-1] TRACE griffon.util.AnnotationUtils -   depends on '[core]'
[griffon-pool-2-thread-1] TRACE griffon.util.AnnotationUtils -   checking customizer 'javafx' dependencies (1)
[griffon-pool-2-thread-1] TRACE griffon.util.AnnotationUtils -   checking customizer 'javafx' dependencies: 
[griffon-pool-2-thread-1] TRACE griffon.util.AnnotationUtils -   customizer 'javafx' dependency 'core' already added
[griffon-pool-2-thread-1] TRACE griffon.util.AnnotationUtils -   adding customizer 'javafx', since all dependencies have been added
[griffon-pool-2-thread-1] TRACE griffon.util.AnnotationUtils - customizer dependency ordering complete
[griffon-pool-2-thread-1] DEBUG griffon.util.AnnotationUtils - computed customizer order is [core, javafx]
[griffon-pool-2-thread-1] DEBUG org.codehaus.griffon.runtime.core.event.AbstractEventRouter - Triggering event 'InitializeMVCGroup' synchronously
[griffon-pool-2-thread-1] TRACE griffon.addon.GroovyAddon - Adding action sayHelloAction to sample:sample:builder
[griffon-pool-2-thread-1] DEBUG org.codehaus.griffon.runtime.core.mvc.AbstractMVCGroupManager - Adding group sample:org.codehaus.griffon.runtime.groovy.mvc.GroovyAwareMVCGroup@62991437[sample:sample]
[griffon-pool-2-thread-1] DEBUG org.codehaus.griffon.runtime.core.mvc.DefaultMVCGroupManager - Initializing each MVC member of group 'sample'
[JavaFX Application Thread] TRACE griffon.util.CompositeResourceBundle - Searching key=application.title
[JavaFX Application Thread] TRACE griffon.util.CompositeResourceBundle - Bundle griffon.util.ExpandableResourceBundle@f961448; key=application.title; value='JavaFX + Groovy'
[JavaFX Application Thread] DEBUG org.codehaus.griffon.runtime.core.view.AbstractWindowManager - Attaching window with name: 'mainWindow' at index 0 javafx.stage.Stage@1bb0b195
[JavaFX Application Thread] DEBUG org.codehaus.griffon.runtime.core.event.AbstractEventRouter - Triggering event 'WindowAttached' synchronously
[JavaFX Application Thread] TRACE griffon.util.CompositeResourceBundle - Searching key=name.label
[JavaFX Application Thread] TRACE griffon.util.CompositeResourceBundle - Bundle griffon.util.ExpandableResourceBundle@329826c5; key=name.label; value='Please enter your name'
[griffon-pool-2-thread-1] DEBUG org.codehaus.griffon.runtime.core.event.AbstractEventRouter - Triggering event 'CreateMVCGroup' synchronously
[griffon-pool-2-thread-1] TRACE griffon.util.CompositeResourceBundle - Searching key=application.lifecycle.handler.disable
[griffon-pool-2-thread-1] TRACE griffon.util.CompositeResourceBundle - Searching key=application
[griffon-pool-2-thread-1] TRACE griffon.util.CompositeResourceBundle - Bundle griffon.util.ExpandableResourceBundle@f961448; key=application; value='{title=JavaFX + Groovy, startupGroups=[sample], autoShutdown=true}'
[griffon-pool-2-thread-1] DEBUG org.codehaus.griffon.runtime.core.event.AbstractEventRouter - Triggering event 'StartupEnd' synchronously
[griffon-pool-2-thread-1] DEBUG org.codehaus.griffon.runtime.core.view.AbstractWindowManager - windowManager.startingWindow configured to mainWindow
[griffon-pool-2-thread-1] DEBUG org.codehaus.griffon.runtime.core.view.AbstractWindowManager - Selecting window mainWindow as starting window
[griffon-pool-2-thread-1] DEBUG org.codehaus.griffon.runtime.core.view.AbstractWindowManager - Starting Window is javafx.stage.Stage@1bb0b195
[griffon-pool-2-thread-1] DEBUG org.codehaus.griffon.runtime.core.event.AbstractEventRouter - Triggering event 'ReadyStart' synchronously
[griffon-pool-2-thread-1] TRACE griffon.util.CompositeResourceBundle - Searching key=application.lifecycle.handler.disable
[griffon-pool-2-thread-1] TRACE griffon.util.CompositeResourceBundle - Searching key=application
[griffon-pool-2-thread-1] TRACE griffon.util.CompositeResourceBundle - Bundle griffon.util.ExpandableResourceBundle@f961448; key=application; value='{title=JavaFX + Groovy, startupGroups=[sample], autoShutdown=true}'
[griffon-pool-2-thread-1] DEBUG org.codehaus.griffon.runtime.core.event.AbstractEventRouter - Triggering event 'ReadyEnd' synchronously
[JavaFX Application Thread] DEBUG org.codehaus.griffon.runtime.core.view.AbstractWindowManager - Showing window with name: 'mainWindow' at index 0 javafx.stage.Stage@1bb0b195
[JavaFX Application Thread] TRACE griffon.util.CompositeResourceBundle - Searching key=windowManager
[JavaFX Application Thread] TRACE griffon.util.CompositeResourceBundle - Searching key=windowManager
[JavaFX Application Thread] TRACE griffon.util.CompositeResourceBundle - Searching key=windowManager
[JavaFX Application Thread] TRACE griffon.util.CompositeResourceBundle - Searching key=windowManager
[JavaFX Application Thread] TRACE org.codehaus.griffon.runtime.core.view.ConfigurableWindowDisplayHandler - Showing mainWindow with default handler
[JavaFX Application Thread] TRACE griffon.util.CompositeResourceBundle - Searching key=windowManager
[JavaFX Application Thread] TRACE griffon.util.CompositeResourceBundle - Searching key=windowManager
[JavaFX Application Thread] DEBUG org.codehaus.griffon.runtime.core.event.AbstractEventRouter - Triggering event 'WindowShown' synchronously
[JavaFX Application Thread] TRACE griffon.util.CompositeResourceBundle - Searching key=griffon.disable.threading.injection
[JavaFX Application Thread] TRACE griffon.util.CompositeResourceBundle - Searching key=griffon
[JavaFX Application Thread] TRACE griffon.util.CompositeResourceBundle - Searching key=controller.threading.default
[JavaFX Application Thread] TRACE griffon.util.CompositeResourceBundle - Searching key=controller
[JavaFX Application Thread] DEBUG org.codehaus.griffon.runtime.core.controller.AbstractActionManager - Executing sample.javafx.groovy.SampleController.sayHello with policy OUTSIDE_UITHREAD
[griffon-pool-2-thread-2] TRACE org.codehaus.griffon.runtime.core.controller.AbstractActionManager - Resolving contextual arguments for sample.javafx.groovy.SampleController.sayHello
[griffon-pool-2-thread-2] DEBUG org.codehaus.griffon.runtime.core.controller.AbstractActionManager - Executing 0 handlers for sample.javafx.groovy.SampleController.sayHello
[griffon-pool-2-thread-2] TRACE org.codehaus.griffon.runtime.core.controller.AbstractActionManager - Status before execution of sample.javafx.groovy.SampleController.sayHello is OK
[griffon-pool-2-thread-2] TRACE griffon.util.CompositeResourceBundle - Searching key=greeting.default
[griffon-pool-2-thread-2] TRACE griffon.util.CompositeResourceBundle - Bundle griffon.util.ExpandableResourceBundle@329826c5; key=greeting.default; value='Howdy stranger!'
[griffon-pool-2-thread-2] TRACE org.codehaus.griffon.runtime.core.controller.AbstractActionManager - Status after execution of sample.javafx.groovy.SampleController.sayHello is OK
[Test worker] DEBUG org.codehaus.griffon.runtime.core.event.AbstractEventRouter - Triggering event 'ShutdownRequested' synchronously
[Test worker] INFO org.codehaus.griffon.runtime.javafx.TestJavaFXGriffonApplication - Shutdown is in process
[Test worker] DEBUG org.codehaus.griffon.runtime.javafx.TestJavaFXGriffonApplication - Shutdown stage 1: notify all event listeners
[Test worker] DEBUG org.codehaus.griffon.runtime.core.event.AbstractEventRouter - Adding listener griffon.javafx.AbstractJavaFXGriffonApplication$$Lambda$185/1659135254 on ShutdownStart
[Test worker] DEBUG org.codehaus.griffon.runtime.core.event.AbstractEventRouter - Triggering event 'ShutdownStart' synchronously
[Test worker] DEBUG org.codehaus.griffon.runtime.javafx.TestJavaFXGriffonApplication - Shutdown stage 2: notify all shutdown handlers
[Test worker] DEBUG org.codehaus.griffon.runtime.javafx.TestJavaFXGriffonApplication - Shutdown stage 3: destroy all MVC groups
[Test worker] DEBUG org.codehaus.griffon.runtime.core.mvc.AbstractMVCGroupManager - Searching group sample
[Test worker] DEBUG org.codehaus.griffon.runtime.core.mvc.DefaultMVCGroupManager - Group 'sample' points to org.codehaus.griffon.runtime.groovy.mvc.GroovyAwareMVCGroup@62991437[sample:sample]
[Test worker] DEBUG org.codehaus.griffon.runtime.core.mvc.DefaultMVCGroupManager - Destroying MVC group identified by 'sample'
[JavaFX Application Thread] DEBUG org.codehaus.griffon.runtime.core.view.AbstractWindowManager - Hiding window with name: 'mainWindow' at index 0 javafx.stage.Stage@1bb0b195
[JavaFX Application Thread] TRACE griffon.util.CompositeResourceBundle - Searching key=windowManager
[JavaFX Application Thread] TRACE griffon.util.CompositeResourceBundle - Searching key=windowManager
[JavaFX Application Thread] TRACE griffon.util.CompositeResourceBundle - Searching key=windowManager
[JavaFX Application Thread] TRACE griffon.util.CompositeResourceBundle - Searching key=windowManager
[JavaFX Application Thread] TRACE org.codehaus.griffon.runtime.core.view.ConfigurableWindowDisplayHandler - Hiding mainWindow with default handler
[JavaFX Application Thread] TRACE griffon.util.CompositeResourceBundle - Searching key=windowManager
[JavaFX Application Thread] TRACE griffon.util.CompositeResourceBundle - Searching key=windowManager
[JavaFX Application Thread] DEBUG org.codehaus.griffon.runtime.core.event.AbstractEventRouter - Triggering event 'WindowHidden' synchronously
[Test worker] DEBUG org.codehaus.griffon.runtime.core.event.AbstractEventRouter - Triggering event 'DestroyInstance' synchronously
[Test worker] DEBUG org.codehaus.griffon.runtime.core.event.AbstractEventRouter - Triggering event 'DestroyInstance' synchronously
[JavaFX Application Thread] DEBUG org.codehaus.griffon.runtime.core.view.AbstractWindowManager - Hiding window with name: 'mainWindow' at index 0 javafx.stage.Stage@1bb0b195
[JavaFX Application Thread] TRACE griffon.util.CompositeResourceBundle - Searching key=windowManager
[JavaFX Application Thread] TRACE griffon.util.CompositeResourceBundle - Searching key=windowManager
[JavaFX Application Thread] TRACE griffon.util.CompositeResourceBundle - Searching key=windowManager
[JavaFX Application Thread] TRACE griffon.util.CompositeResourceBundle - Searching key=windowManager
[JavaFX Application Thread] TRACE org.codehaus.griffon.runtime.core.view.ConfigurableWindowDisplayHandler - Hiding mainWindow with default handler
[JavaFX Application Thread] TRACE griffon.util.CompositeResourceBundle - Searching key=windowManager
[JavaFX Application Thread] TRACE griffon.util.CompositeResourceBundle - Searching key=windowManager
[Test worker] DEBUG org.codehaus.griffon.runtime.core.event.AbstractEventRouter - Triggering event 'DestroyInstance' synchronously
[Test worker] DEBUG org.codehaus.griffon.runtime.core.mvc.AbstractMVCGroupManager - Removing group sample:org.codehaus.griffon.runtime.groovy.mvc.GroovyAwareMVCGroup@62991437[sample:sample]
[Test worker] DEBUG org.codehaus.griffon.runtime.core.mvc.AbstractMVCGroupManager - Searching group sample
[Test worker] DEBUG org.codehaus.griffon.runtime.core.mvc.DefaultMVCGroupManager - Group 'sample' points to null
[Test worker] DEBUG org.codehaus.griffon.runtime.core.event.AbstractEventRouter - Triggering event 'DestroyMVCGroup' synchronously
[Test worker] DEBUG org.codehaus.griffon.runtime.javafx.TestJavaFXGriffonApplication - Shutdown stage 4: execute Shutdown script
[Test worker] TRACE griffon.util.CompositeResourceBundle - Searching key=application.lifecycle.handler.disable
[Test worker] TRACE griffon.util.CompositeResourceBundle - Searching key=application
[Test worker] TRACE griffon.util.CompositeResourceBundle - Bundle griffon.util.ExpandableResourceBundle@f961448; key=application; value='{title=JavaFX + Groovy, startupGroups=[sample], autoShutdown=true}'
]]></system-err>
</testsuite>
