<?xml version="1.0" encoding="UTF-8"?>
<testsuite name="sample.javafx.groovy.SampleIntegrationTest" tests="2" skipped="0" failures="0" errors="0" timestamp="2017-04-21T14:31:31" hostname="testing-gce-709d8ada-b351-4ad2-a8d4-b7f3d8ef1725" time="9.155">
  <properties/>
  <testcase name="typeNameAndClickButton" classname="sample.javafx.groovy.SampleIntegrationTest" time="8.26"/>
  <testcase name="doNotTypeNameAndClickButton" classname="sample.javafx.groovy.SampleIntegrationTest" time="0.891"/>
  <system-out><![CDATA[]]></system-out>
  <system-err><![CDATA[[pool-1-thread-2] INFO org.codehaus.griffon.runtime.core.DefaultApplicationBootstrapper - Griffon 2.11.0-SNAPSHOT
[pool-1-thread-2] INFO org.codehaus.griffon.runtime.core.DefaultApplicationBootstrapper - Build: 2017-04-21T14:26:59.218+0000
[pool-1-thread-2] INFO org.codehaus.griffon.runtime.core.DefaultApplicationBootstrapper - Revision: 80670b3ef57479792630c920ef983468189d6e48
[pool-1-thread-2] INFO org.codehaus.griffon.runtime.core.DefaultApplicationBootstrapper - JVM: 1.8.0_121 (Oracle Corporation 25.121-b13)
[pool-1-thread-2] INFO org.codehaus.griffon.runtime.core.DefaultApplicationBootstrapper - OS: Linux 3.13.0-103-generic amd64
[pool-1-thread-2] DEBUG org.codehaus.griffon.runtime.core.DefaultApplicationBootstrapper - Creating module bindings
[pool-1-thread-2] DEBUG griffon.util.ServiceLoaderUtils - Reading definitions from file:/home/travis/build/griffon/griffon/samples/sample-javafx-groovy/build/classes/main/META-INF/griffon
[pool-1-thread-2] DEBUG griffon.util.AnnotationUtils - Current module order is [core, groovy, javafx-groovy, javafx, application, testApplicationBootstrapper$InnerClasses, testApplicationBootstrapper$Fields, testJavaFXGriffonApplicationBootstrapper$1]
[pool-1-thread-2] TRACE griffon.util.AnnotationUtils - Processing module 'core'
[pool-1-thread-2] TRACE griffon.util.AnnotationUtils -   depends on '[]'
[pool-1-thread-2] TRACE griffon.util.AnnotationUtils -   adding module 'core', since all dependencies have been added
[pool-1-thread-2] TRACE griffon.util.AnnotationUtils - Processing module 'groovy'
[pool-1-thread-2] TRACE griffon.util.AnnotationUtils -   depends on '[]'
[pool-1-thread-2] TRACE griffon.util.AnnotationUtils -   adding module 'groovy', since all dependencies have been added
[pool-1-thread-2] TRACE griffon.util.AnnotationUtils - Processing module 'javafx-groovy'
[pool-1-thread-2] TRACE griffon.util.AnnotationUtils -   depends on '[javafx]'
[pool-1-thread-2] TRACE griffon.util.AnnotationUtils -   checking module 'javafx-groovy' dependencies (1)
[pool-1-thread-2] TRACE griffon.util.AnnotationUtils -   checking module 'javafx-groovy' dependencies: 
[pool-1-thread-2] TRACE griffon.util.AnnotationUtils -   skipped module 'javafx-groovy', since dependency 'javafx' not yet added
[pool-1-thread-2] TRACE griffon.util.AnnotationUtils - Processing module 'javafx'
[pool-1-thread-2] TRACE griffon.util.AnnotationUtils -   depends on '[]'
[pool-1-thread-2] TRACE griffon.util.AnnotationUtils -   adding module 'javafx', since all dependencies have been added
[pool-1-thread-2] TRACE griffon.util.AnnotationUtils - Processing module 'application'
[pool-1-thread-2] TRACE griffon.util.AnnotationUtils -   depends on '[]'
[pool-1-thread-2] TRACE griffon.util.AnnotationUtils -   adding module 'application', since all dependencies have been added
[pool-1-thread-2] TRACE griffon.util.AnnotationUtils - Processing module 'testApplicationBootstrapper$InnerClasses'
[pool-1-thread-2] TRACE griffon.util.AnnotationUtils -   depends on '[]'
[pool-1-thread-2] TRACE griffon.util.AnnotationUtils -   adding module 'testApplicationBootstrapper$InnerClasses', since all dependencies have been added
[pool-1-thread-2] TRACE griffon.util.AnnotationUtils - Processing module 'testApplicationBootstrapper$Fields'
[pool-1-thread-2] TRACE griffon.util.AnnotationUtils -   depends on '[]'
[pool-1-thread-2] TRACE griffon.util.AnnotationUtils -   adding module 'testApplicationBootstrapper$Fields', since all dependencies have been added
[pool-1-thread-2] TRACE griffon.util.AnnotationUtils - Processing module 'testJavaFXGriffonApplicationBootstrapper$1'
[pool-1-thread-2] TRACE griffon.util.AnnotationUtils -   depends on '[]'
[pool-1-thread-2] TRACE griffon.util.AnnotationUtils -   adding module 'testJavaFXGriffonApplicationBootstrapper$1', since all dependencies have been added
[pool-1-thread-2] DEBUG griffon.util.AnnotationUtils - Current module order is [core, groovy, javafx-groovy, javafx, application, testApplicationBootstrapper$InnerClasses, testApplicationBootstrapper$Fields, testJavaFXGriffonApplicationBootstrapper$1]
[pool-1-thread-2] TRACE griffon.util.AnnotationUtils - Processing module 'javafx-groovy'
[pool-1-thread-2] TRACE griffon.util.AnnotationUtils -   depends on '[javafx]'
[pool-1-thread-2] TRACE griffon.util.AnnotationUtils -   checking module 'javafx-groovy' dependencies (1)
[pool-1-thread-2] TRACE griffon.util.AnnotationUtils -   checking module 'javafx-groovy' dependencies: 
[pool-1-thread-2] TRACE griffon.util.AnnotationUtils -   module 'javafx-groovy' dependency 'javafx' already added
[pool-1-thread-2] TRACE griffon.util.AnnotationUtils -   adding module 'javafx-groovy', since all dependencies have been added
[pool-1-thread-2] TRACE griffon.util.AnnotationUtils - module dependency ordering complete
[pool-1-thread-2] DEBUG griffon.util.AnnotationUtils - computed module order is [core, groovy, javafx, application, testApplicationBootstrapper$InnerClasses, testApplicationBootstrapper$Fields, testJavaFXGriffonApplicationBootstrapper$1, javafx-groovy]
[pool-1-thread-2] DEBUG org.codehaus.griffon.runtime.core.TestApplicationBootstrapper - computed Module order is [core, groovy, javafx, application, testJavaFXGriffonApplicationBootstrapper$1, javafx-groovy, testApplicationBootstrapper$InnerClasses, testApplicationBootstrapper$Fields]
[pool-1-thread-2] DEBUG org.codehaus.griffon.runtime.core.DefaultApplicationBootstrapper - Loading module bindings from core:org.codehaus.griffon.runtime.core.DefaultApplicationModule@285c2ef6
[pool-1-thread-2] DEBUG org.codehaus.griffon.runtime.core.DefaultApplicationBootstrapper - Loading module bindings from groovy:org.codehaus.griffon.runtime.groovy.GroovyModule@2d023125
[pool-1-thread-2] DEBUG org.codehaus.griffon.runtime.core.DefaultApplicationBootstrapper - Loading module bindings from javafx:org.codehaus.griffon.runtime.javafx.JavaFXModule@522b478
[pool-1-thread-2] DEBUG org.codehaus.griffon.runtime.core.DefaultApplicationBootstrapper - Loading module bindings from application:sample.javafx.groovy.ApplicationModule@5ed4dc01
[pool-1-thread-2] DEBUG org.codehaus.griffon.runtime.core.DefaultApplicationBootstrapper - Loading module bindings from testJavaFXGriffonApplicationBootstrapper$1:org.codehaus.griffon.runtime.javafx.TestJavaFXGriffonApplicationBootstrapper$1@17b672b3
[pool-1-thread-2] DEBUG org.codehaus.griffon.runtime.core.DefaultApplicationBootstrapper - Loading module bindings from javafx-groovy:org.codehaus.griffon.runtime.javafx.JavafxBuilderModule@2b01f279
[pool-1-thread-2] DEBUG org.codehaus.griffon.runtime.core.DefaultApplicationBootstrapper - Loading module bindings from testApplicationBootstrapper$InnerClasses:org.codehaus.griffon.runtime.core.TestApplicationBootstrapper$InnerClassesModule@3b101215
[pool-1-thread-2] DEBUG org.codehaus.griffon.runtime.core.DefaultApplicationBootstrapper - Loading module bindings from testApplicationBootstrapper$Fields:org.codehaus.griffon.runtime.core.TestApplicationBootstrapper$FieldsModule@435cf5a2
[pool-1-thread-2] TRACE org.codehaus.griffon.runtime.core.DefaultApplicationBootstrapper - InstanceBinding[source=griffon.core.GriffonApplication, instance=org.codehaus.griffon.runtime.javafx.TestJavaFXGriffonApplication@2bbc8b1c, singleton=true]
[pool-1-thread-2] TRACE org.codehaus.griffon.runtime.core.DefaultApplicationBootstrapper - TargetBinding[source=sample.javafx.groovy.SampleView, target=sample.javafx.groovy.SampleView, singleton=false]
[pool-1-thread-2] TRACE org.codehaus.griffon.runtime.core.DefaultApplicationBootstrapper - TargetBinding[source=sample.javafx.groovy.SampleController, target=sample.javafx.groovy.SampleController, singleton=false]
[pool-1-thread-2] TRACE org.codehaus.griffon.runtime.core.DefaultApplicationBootstrapper - TargetBinding[source=sample.javafx.groovy.SampleModel, target=sample.javafx.groovy.SampleModel, singleton=false]
[pool-1-thread-2] TRACE org.codehaus.griffon.runtime.core.DefaultApplicationBootstrapper - TargetBinding[source=sample.javafx.groovy.SampleService, target=sample.javafx.groovy.SampleService, singleton=true]
[pool-1-thread-2] TRACE org.codehaus.griffon.runtime.core.DefaultApplicationBootstrapper - TargetBinding[source=griffon.core.ApplicationClassLoader, target=org.codehaus.griffon.runtime.core.DefaultApplicationClassLoader, singleton=true]
[pool-1-thread-2] TRACE org.codehaus.griffon.runtime.core.DefaultApplicationBootstrapper - ProviderTypeBinding[source=griffon.core.env.Metadata, providerType=org.codehaus.griffon.runtime.core.env.MetadataProvider, singleton=true]
[pool-1-thread-2] TRACE org.codehaus.griffon.runtime.core.DefaultApplicationBootstrapper - ProviderTypeBinding[source=griffon.core.env.RunMode, providerType=org.codehaus.griffon.runtime.core.env.RunModeProvider, singleton=true]
[pool-1-thread-2] TRACE org.codehaus.griffon.runtime.core.DefaultApplicationBootstrapper - ProviderTypeBinding[source=griffon.core.env.Environment, providerType=org.codehaus.griffon.runtime.core.env.EnvironmentProvider, singleton=true]
[pool-1-thread-2] TRACE org.codehaus.griffon.runtime.core.DefaultApplicationBootstrapper - TargetBinding[source=griffon.core.ContextFactory, target=org.codehaus.griffon.runtime.core.DefaultContextFactory, singleton=true]
[pool-1-thread-2] TRACE org.codehaus.griffon.runtime.core.DefaultApplicationBootstrapper - TargetBinding[source=griffon.util.Instantiator, target=org.codehaus.griffon.runtime.util.DefaultInstantiator, singleton=true]
[pool-1-thread-2] TRACE org.codehaus.griffon.runtime.core.DefaultApplicationBootstrapper - ProviderTypeBinding[source=griffon.util.PropertiesReader, providerType=griffon.util.PropertiesReader$Provider, singleton=true]
[pool-1-thread-2] TRACE org.codehaus.griffon.runtime.core.DefaultApplicationBootstrapper - ProviderTypeBinding[source=griffon.util.ResourceBundleReader, providerType=griffon.util.ResourceBundleReader$Provider, singleton=true]
[pool-1-thread-2] TRACE org.codehaus.griffon.runtime.core.DefaultApplicationBootstrapper - ProviderTypeBinding[source=griffon.core.Context, classifier=@javax.inject.Named(value=applicationContext), providerType=org.codehaus.griffon.runtime.core.DefaultContextProvider, singleton=true]
[pool-1-thread-2] TRACE org.codehaus.griffon.runtime.core.DefaultApplicationBootstrapper - TargetBinding[source=griffon.core.ApplicationConfigurer, target=org.codehaus.griffon.runtime.core.DefaultApplicationConfigurer, singleton=true]
[pool-1-thread-2] TRACE org.codehaus.griffon.runtime.core.DefaultApplicationBootstrapper - TargetBinding[source=griffon.core.resources.ResourceHandler, target=org.codehaus.griffon.runtime.core.resources.DefaultResourceHandler, singleton=true]
[pool-1-thread-2] TRACE org.codehaus.griffon.runtime.core.DefaultApplicationBootstrapper - TargetBinding[source=griffon.util.ResourceBundleLoader, classifier=@javax.inject.Named(value=class), target=org.codehaus.griffon.runtime.util.ClassResourceBundleLoader, singleton=true]
[pool-1-thread-2] TRACE org.codehaus.griffon.runtime.core.DefaultApplicationBootstrapper - TargetBinding[source=griffon.util.ResourceBundleLoader, classifier=@javax.inject.Named(value=properties), target=org.codehaus.griffon.runtime.util.PropertiesResourceBundleLoader, singleton=true]
[pool-1-thread-2] TRACE org.codehaus.griffon.runtime.core.DefaultApplicationBootstrapper - TargetBinding[source=griffon.util.ResourceBundleLoader, classifier=@javax.inject.Named(value=xml), target=org.codehaus.griffon.runtime.util.XmlResourceBundleLoader, singleton=true]
[pool-1-thread-2] TRACE org.codehaus.griffon.runtime.core.DefaultApplicationBootstrapper - TargetBinding[source=griffon.util.CompositeResourceBundleBuilder, target=org.codehaus.griffon.runtime.util.DefaultCompositeResourceBundleBuilder, singleton=true]
[pool-1-thread-2] TRACE org.codehaus.griffon.runtime.core.DefaultApplicationBootstrapper - ProviderBinding[source=java.util.ResourceBundle, classifier=@javax.inject.Named(value=applicationResourceBundle), provider=org.codehaus.griffon.runtime.util.ResourceBundleProvider@b64ac24, singleton=true]
[pool-1-thread-2] TRACE org.codehaus.griffon.runtime.core.DefaultApplicationBootstrapper - TargetBinding[source=griffon.core.configuration.ConfigurationManager, target=org.codehaus.griffon.runtime.core.configuration.DefaultConfigurationManager, singleton=true]
[pool-1-thread-2] TRACE org.codehaus.griffon.runtime.core.DefaultApplicationBootstrapper - TargetBinding[source=org.codehaus.griffon.runtime.core.configuration.ConfigurationDecoratorFactory, target=org.codehaus.griffon.runtime.core.configuration.DefaultConfigurationDecoratorFactory, singleton=false]
[pool-1-thread-2] TRACE org.codehaus.griffon.runtime.core.DefaultApplicationBootstrapper - ProviderTypeBinding[source=griffon.core.Configuration, providerType=org.codehaus.griffon.runtime.core.configuration.ResourceBundleConfigurationProvider, singleton=true]
[pool-1-thread-2] TRACE org.codehaus.griffon.runtime.core.DefaultApplicationBootstrapper - TargetBinding[source=griffon.core.ExecutorServiceManager, target=org.codehaus.griffon.runtime.core.DefaultExecutorServiceManager, singleton=true]
[pool-1-thread-2] TRACE org.codehaus.griffon.runtime.core.DefaultApplicationBootstrapper - TargetBinding[source=griffon.core.event.EventRouter, classifier=@javax.inject.Named(value=applicationEventRouter), target=org.codehaus.griffon.runtime.groovy.event.GroovyAwareDefaultEventRouter, singleton=true]
[pool-1-thread-2] TRACE org.codehaus.griffon.runtime.core.DefaultApplicationBootstrapper - TargetBinding[source=griffon.core.event.EventRouter, target=org.codehaus.griffon.runtime.groovy.event.GroovyAwareDefaultEventRouter, singleton=false]
[pool-1-thread-2] TRACE org.codehaus.griffon.runtime.core.DefaultApplicationBootstrapper - TargetBinding[source=org.codehaus.griffon.runtime.core.resources.ResourceResolverDecoratorFactory, target=org.codehaus.griffon.runtime.groovy.resources.GroovyAwareResourceResolverDecoratorFactory, singleton=false]
[pool-1-thread-2] TRACE org.codehaus.griffon.runtime.core.DefaultApplicationBootstrapper - TargetBinding[source=org.codehaus.griffon.runtime.core.i18n.MessageSourceDecoratorFactory, target=org.codehaus.griffon.runtime.groovy.i18n.GroovyAwareMessageSourceDecoratorFactory, singleton=false]
[pool-1-thread-2] TRACE org.codehaus.griffon.runtime.core.DefaultApplicationBootstrapper - ProviderBinding[source=griffon.core.resources.ResourceResolver, classifier=@javax.inject.Named(value=applicationResourceResolver), provider=org.codehaus.griffon.runtime.core.resources.ResourceResolverProvider@5f806347, singleton=true]
[pool-1-thread-2] TRACE org.codehaus.griffon.runtime.core.DefaultApplicationBootstrapper - ProviderBinding[source=griffon.core.i18n.MessageSource, classifier=@javax.inject.Named(value=applicationMessageSource), provider=org.codehaus.griffon.runtime.core.i18n.MessageSourceProvider@3314790d, singleton=true]
[pool-1-thread-2] TRACE org.codehaus.griffon.runtime.core.DefaultApplicationBootstrapper - TargetBinding[source=griffon.core.resources.ResourceInjector, classifier=@javax.inject.Named(value=applicationResourceInjector), target=org.codehaus.griffon.runtime.core.resources.DefaultApplicationResourceInjector, singleton=true]
[pool-1-thread-2] TRACE org.codehaus.griffon.runtime.core.DefaultApplicationBootstrapper - ProviderTypeBinding[source=java.util.concurrent.ExecutorService, classifier=@javax.inject.Named(value=defaultExecutorService), providerType=org.codehaus.griffon.runtime.core.threading.DefaultExecutorServiceProvider, singleton=true]
[pool-1-thread-2] TRACE org.codehaus.griffon.runtime.core.DefaultApplicationBootstrapper - TargetBinding[source=griffon.core.threading.UIThreadManager, target=org.codehaus.griffon.runtime.javafx.JavaFXUIThreadManager, singleton=true]
[pool-1-thread-2] TRACE org.codehaus.griffon.runtime.core.DefaultApplicationBootstrapper - TargetBinding[source=griffon.core.mvc.MVCGroupConfigurationFactory, target=org.codehaus.griffon.runtime.core.mvc.DefaultMVCGroupConfigurationFactory, singleton=true]
[pool-1-thread-2] TRACE org.codehaus.griffon.runtime.core.DefaultApplicationBootstrapper - TargetBinding[source=griffon.core.mvc.MVCGroupFactory, target=org.codehaus.griffon.runtime.groovy.mvc.GroovyAwareMVCGroupFactory, singleton=true]
[pool-1-thread-2] TRACE org.codehaus.griffon.runtime.core.DefaultApplicationBootstrapper - TargetBinding[source=griffon.core.mvc.MVCGroupManager, target=org.codehaus.griffon.runtime.groovy.mvc.GroovyAwareMVCGroupManager, singleton=true]
[pool-1-thread-2] TRACE org.codehaus.griffon.runtime.core.DefaultApplicationBootstrapper - ProviderBinding[source=griffon.core.LifecycleHandler, classifier=@javax.inject.Named(value=Initialize), provider=org.codehaus.griffon.runtime.core.LifecycleHandlerProvider@7c3ff018, singleton=true]
[pool-1-thread-2] TRACE org.codehaus.griffon.runtime.core.DefaultApplicationBootstrapper - ProviderBinding[source=griffon.core.LifecycleHandler, classifier=@javax.inject.Named(value=Startup), provider=org.codehaus.griffon.runtime.core.LifecycleHandlerProvider@52146637, singleton=true]
[pool-1-thread-2] TRACE org.codehaus.griffon.runtime.core.DefaultApplicationBootstrapper - ProviderBinding[source=griffon.core.LifecycleHandler, classifier=@javax.inject.Named(value=Ready), provider=org.codehaus.griffon.runtime.core.LifecycleHandlerProvider@ed2bd69, singleton=true]
[pool-1-thread-2] TRACE org.codehaus.griffon.runtime.core.DefaultApplicationBootstrapper - ProviderBinding[source=griffon.core.LifecycleHandler, classifier=@javax.inject.Named(value=Shutdown), provider=org.codehaus.griffon.runtime.core.LifecycleHandlerProvider@1e9e61af, singleton=true]
[pool-1-thread-2] TRACE org.codehaus.griffon.runtime.core.DefaultApplicationBootstrapper - ProviderBinding[source=griffon.core.LifecycleHandler, classifier=@javax.inject.Named(value=Stop), provider=org.codehaus.griffon.runtime.core.LifecycleHandlerProvider@1d22ed54, singleton=true]
[pool-1-thread-2] TRACE org.codehaus.griffon.runtime.core.DefaultApplicationBootstrapper - ProviderBinding[source=griffon.core.view.WindowManager, provider=org.codehaus.griffon.runtime.javafx.TestJavaFXWindowManagerProvider@6c761519, singleton=true]
[pool-1-thread-2] TRACE org.codehaus.griffon.runtime.core.DefaultApplicationBootstrapper - TargetBinding[source=griffon.core.controller.ActionManager, target=org.codehaus.griffon.runtime.javafx.controller.JavaFXActionManager, singleton=true]
[pool-1-thread-2] TRACE org.codehaus.griffon.runtime.core.DefaultApplicationBootstrapper - TargetBinding[source=griffon.core.controller.ActionFactory, target=org.codehaus.griffon.runtime.javafx.controller.JavaFXActionFactory, singleton=true]
[pool-1-thread-2] TRACE org.codehaus.griffon.runtime.core.DefaultApplicationBootstrapper - TargetBinding[source=griffon.core.controller.ActionMetadataFactory, target=org.codehaus.griffon.runtime.core.controller.DefaultActionMetadataFactory, singleton=true]
[pool-1-thread-2] TRACE org.codehaus.griffon.runtime.core.DefaultApplicationBootstrapper - TargetBinding[source=griffon.core.artifact.ArtifactManager, target=org.codehaus.griffon.runtime.core.artifact.DefaultArtifactManager, singleton=true]
[pool-1-thread-2] TRACE org.codehaus.griffon.runtime.core.DefaultApplicationBootstrapper - TargetBinding[source=griffon.core.artifact.ArtifactHandler, classifier=@griffon.inject.Typed(value=interface griffon.core.artifact.GriffonModel), target=org.codehaus.griffon.runtime.core.artifact.ModelArtifactHandler, singleton=true]
[pool-1-thread-2] TRACE org.codehaus.griffon.runtime.core.DefaultApplicationBootstrapper - TargetBinding[source=griffon.core.artifact.ArtifactHandler, classifier=@griffon.inject.Typed(value=interface griffon.core.artifact.GriffonView), target=org.codehaus.griffon.runtime.core.artifact.ViewArtifactHandler, singleton=true]
[pool-1-thread-2] TRACE org.codehaus.griffon.runtime.core.DefaultApplicationBootstrapper - TargetBinding[source=griffon.core.artifact.ArtifactHandler, classifier=@griffon.inject.Typed(value=interface griffon.core.artifact.GriffonController), target=org.codehaus.griffon.runtime.core.artifact.ControllerArtifactHandler, singleton=true]
[pool-1-thread-2] TRACE org.codehaus.griffon.runtime.core.DefaultApplicationBootstrapper - TargetBinding[source=griffon.core.artifact.ArtifactHandler, classifier=@griffon.inject.Typed(value=interface griffon.core.artifact.GriffonService), target=org.codehaus.griffon.runtime.core.artifact.ServiceArtifactHandler, singleton=true]
[pool-1-thread-2] TRACE org.codehaus.griffon.runtime.core.DefaultApplicationBootstrapper - ProviderTypeBinding[source=griffon.core.PlatformHandler, providerType=org.codehaus.griffon.runtime.core.PlatformHandlerProvider, singleton=true]
[pool-1-thread-2] TRACE org.codehaus.griffon.runtime.core.DefaultApplicationBootstrapper - TargetBinding[source=griffon.core.addon.AddonManager, target=org.codehaus.griffon.runtime.core.addon.DefaultAddonManager, singleton=true]
[pool-1-thread-2] TRACE org.codehaus.griffon.runtime.core.DefaultApplicationBootstrapper - TargetBinding[source=griffon.core.event.EventHandler, target=org.codehaus.griffon.runtime.core.event.DefaultEventHandler, singleton=true]
[pool-1-thread-2] TRACE org.codehaus.griffon.runtime.core.DefaultApplicationBootstrapper - ProviderTypeBinding[source=griffon.core.ExceptionHandler, providerType=org.codehaus.griffon.runtime.core.GriffonExceptionHandlerProvider, singleton=true]
[pool-1-thread-2] TRACE org.codehaus.griffon.runtime.core.DefaultApplicationBootstrapper - ProviderTypeBinding[source=griffon.util.ConfigReader, providerType=griffon.util.ConfigReader$Provider, singleton=true]
[pool-1-thread-2] TRACE org.codehaus.griffon.runtime.core.DefaultApplicationBootstrapper - TargetBinding[source=griffon.util.ResourceBundleLoader, classifier=@javax.inject.Named(value=groovy), target=org.codehaus.griffon.runtime.groovy.util.GroovyScriptResourceBundleLoader, singleton=true]
[pool-1-thread-2] TRACE org.codehaus.griffon.runtime.core.DefaultApplicationBootstrapper - TargetBinding[source=griffon.core.addon.GriffonAddon, classifier=@javax.inject.Named(value=groovy), target=org.codehaus.griffon.runtime.groovy.GroovyAddon, singleton=true]
[pool-1-thread-2] TRACE org.codehaus.griffon.runtime.core.DefaultApplicationBootstrapper - TargetBinding[source=griffon.util.BuilderCustomizer, classifier=@javax.inject.Named(value=core), target=griffon.builder.core.CoreBuilderCustomizer, singleton=true]
[pool-1-thread-2] TRACE org.codehaus.griffon.runtime.core.DefaultApplicationBootstrapper - TargetBinding[source=griffon.javafx.JavaFXWindowDisplayHandler, classifier=@javax.inject.Named(value=defaultWindowDisplayHandler), target=org.codehaus.griffon.runtime.javafx.DefaultJavaFXWindowDisplayHandler, singleton=true]
[pool-1-thread-2] TRACE org.codehaus.griffon.runtime.core.DefaultApplicationBootstrapper - TargetBinding[source=griffon.javafx.JavaFXWindowDisplayHandler, classifier=@javax.inject.Named(value=windowDisplayHandler), target=org.codehaus.griffon.runtime.javafx.GroovyAwareConfigurableJavaFXWindowDisplayHandler, singleton=true]
[pool-1-thread-2] TRACE org.codehaus.griffon.runtime.core.DefaultApplicationBootstrapper - InstanceBinding[source=griffon.javafx.support.ActionMatcher, instance=griffon.javafx.support.ActionMatcher$1@7754d40b, singleton=true]
[pool-1-thread-2] TRACE org.codehaus.griffon.runtime.core.DefaultApplicationBootstrapper - TargetBinding[source=griffon.util.BuilderCustomizer, classifier=@javax.inject.Named(value=javafx), target=griffon.builder.javafx.JavafxBuilderCustomizer, singleton=true]
[pool-1-thread-2] DEBUG org.codehaus.griffon.runtime.core.DefaultApplicationBootstrapper - Creating application injector
[pool-1-thread-2] DEBUG org.codehaus.griffon.runtime.core.DefaultApplicationBootstrapper - Injector will be created by org.codehaus.griffon.runtime.injection.GuiceInjectorFactory@3ad9b74d
[pool-1-thread-2] DEBUG griffon.util.AnnotationUtils - computed module order is []
[pool-1-thread-2] DEBUG org.codehaus.griffon.runtime.core.event.AbstractEventRouter - Adding listener org.codehaus.griffon.runtime.core.configuration.AbstractConfigurationManager$1 on NewInstance
[pool-1-thread-2] INFO griffon.util.AnnotationUtils - resource bundle loader class with instance org.codehaus.griffon.runtime.util.ClassResourceBundleLoader@1276fd3f evicted by org.codehaus.griffon.runtime.groovy.util.GroovyScriptResourceBundleLoader@1e296eed
[pool-1-thread-2] DEBUG griffon.util.AnnotationUtils - Current resource bundle loader order is [class, properties, xml]
[pool-1-thread-2] TRACE griffon.util.AnnotationUtils - Processing resource bundle loader 'class'
[pool-1-thread-2] TRACE griffon.util.AnnotationUtils -   depends on '[]'
[pool-1-thread-2] TRACE griffon.util.AnnotationUtils -   adding resource bundle loader 'class', since all dependencies have been added
[pool-1-thread-2] TRACE griffon.util.AnnotationUtils - Processing resource bundle loader 'properties'
[pool-1-thread-2] TRACE griffon.util.AnnotationUtils -   depends on '[]'
[pool-1-thread-2] TRACE griffon.util.AnnotationUtils -   adding resource bundle loader 'properties', since all dependencies have been added
[pool-1-thread-2] TRACE griffon.util.AnnotationUtils - Processing resource bundle loader 'xml'
[pool-1-thread-2] TRACE griffon.util.AnnotationUtils -   depends on '[]'
[pool-1-thread-2] TRACE griffon.util.AnnotationUtils -   adding resource bundle loader 'xml', since all dependencies have been added
[pool-1-thread-2] TRACE griffon.util.AnnotationUtils - resource bundle loader dependency ordering complete
[pool-1-thread-2] DEBUG griffon.util.AnnotationUtils - computed resource bundle loader order is [groovy, properties, xml]
[pool-1-thread-2] TRACE griffon.util.CompositeResourceBundle - Searching key=application
[pool-1-thread-2] TRACE griffon.util.CompositeResourceBundle - Bundle griffon.util.ExpandableResourceBundle@7619cd69; key=application; value='{title=JavaFX + Groovy, startupGroups=[sample], autoShutdown=true}'
[pool-1-thread-2] TRACE griffon.util.CompositeResourceBundle - Searching key=application.title
[pool-1-thread-2] TRACE griffon.util.CompositeResourceBundle - Bundle griffon.util.ExpandableResourceBundle@7619cd69; key=application.title; value='JavaFX + Groovy'
[pool-1-thread-2] TRACE griffon.util.CompositeResourceBundle - Searching key=application.startupGroups
[pool-1-thread-2] TRACE griffon.util.CompositeResourceBundle - Bundle griffon.util.ExpandableResourceBundle@7619cd69; key=application.startupGroups; value='[sample]'
[pool-1-thread-2] TRACE griffon.util.CompositeResourceBundle - Searching key=application.autoShutdown
[pool-1-thread-2] TRACE griffon.util.CompositeResourceBundle - Bundle griffon.util.ExpandableResourceBundle@7619cd69; key=application.autoShutdown; value='true'
[pool-1-thread-2] TRACE griffon.util.CompositeResourceBundle - Searching key=mvcGroups
[pool-1-thread-2] TRACE griffon.util.CompositeResourceBundle - Bundle griffon.util.ExpandableResourceBundle@7619cd69; key=mvcGroups; value='{sample={model=sample.javafx.groovy.SampleModel, view=sample.javafx.groovy.SampleView, controller=sample.javafx.groovy.SampleController}}'
[pool-1-thread-2] TRACE griffon.util.CompositeResourceBundle - Searching key=mvcGroups.sample.model
[pool-1-thread-2] TRACE griffon.util.CompositeResourceBundle - Bundle griffon.util.ExpandableResourceBundle@7619cd69; key=mvcGroups.sample.model; value='sample.javafx.groovy.SampleModel'
[pool-1-thread-2] TRACE griffon.util.CompositeResourceBundle - Searching key=mvcGroups.sample.view
[pool-1-thread-2] TRACE griffon.util.CompositeResourceBundle - Bundle griffon.util.ExpandableResourceBundle@7619cd69; key=mvcGroups.sample.view; value='sample.javafx.groovy.SampleView'
[pool-1-thread-2] TRACE griffon.util.CompositeResourceBundle - Searching key=mvcGroups.sample.controller
[pool-1-thread-2] TRACE griffon.util.CompositeResourceBundle - Bundle griffon.util.ExpandableResourceBundle@7619cd69; key=mvcGroups.sample.controller; value='sample.javafx.groovy.SampleController'
[pool-1-thread-2] DEBUG org.codehaus.griffon.runtime.core.event.AbstractEventRouter - Adding listener org.codehaus.griffon.runtime.core.MVCGroupExceptionHandler on UncaughtMVCGroupConfigurationException
[pool-1-thread-2] DEBUG org.codehaus.griffon.runtime.core.event.AbstractEventRouter - Adding listener org.codehaus.griffon.runtime.core.MVCGroupExceptionHandler on UncaughtMVCGroupInstantiationException
[pool-1-thread-2] DEBUG griffon.util.AnnotationUtils - Current handler order is [default]
[pool-1-thread-2] TRACE griffon.util.AnnotationUtils - Processing handler 'default'
[pool-1-thread-2] TRACE griffon.util.AnnotationUtils -   depends on '[]'
[pool-1-thread-2] TRACE griffon.util.AnnotationUtils -   adding handler 'default', since all dependencies have been added
[pool-1-thread-2] TRACE griffon.util.AnnotationUtils - handler dependency ordering complete
[pool-1-thread-2] DEBUG griffon.util.AnnotationUtils - computed handler order is [default]
[pool-1-thread-2] DEBUG org.codehaus.griffon.runtime.core.event.AbstractEventRouter - Triggering event 'BootstrapStart' synchronously
[pool-1-thread-2] DEBUG griffon.util.ServiceLoaderUtils - Reading java.beans.PropertyEditor definitions from jar:file:/home/travis/build/griffon/griffon/subprojects/griffon-core/build/libs/griffon-core-2.11.0-SNAPSHOT.jar!/META-INF/editors/java.beans.PropertyEditor
[pool-1-thread-2] DEBUG org.codehaus.griffon.runtime.core.DefaultApplicationConfigurer - Registering griffon.core.editors.StringPropertyEditor as editor for java.lang.String
[pool-1-thread-2] DEBUG org.codehaus.griffon.runtime.core.DefaultApplicationConfigurer - Registering griffon.core.editors.FilePropertyEditor as editor for java.io.File
[pool-1-thread-2] DEBUG org.codehaus.griffon.runtime.core.DefaultApplicationConfigurer - Registering griffon.core.editors.URLPropertyEditor as editor for java.net.URL
[pool-1-thread-2] DEBUG org.codehaus.griffon.runtime.core.DefaultApplicationConfigurer - Registering griffon.core.editors.URIPropertyEditor as editor for java.net.URI
[pool-1-thread-2] DEBUG org.codehaus.griffon.runtime.core.DefaultApplicationConfigurer - Registering griffon.core.editors.BigDecimalPropertyEditor as editor for java.math.BigDecimal
[pool-1-thread-2] DEBUG org.codehaus.griffon.runtime.core.DefaultApplicationConfigurer - Registering griffon.core.editors.BigIntegerPropertyEditor as editor for java.math.BigInteger
[pool-1-thread-2] DEBUG org.codehaus.griffon.runtime.core.DefaultApplicationConfigurer - Registering griffon.core.editors.BooleanPropertyEditor as editor for java.lang.Boolean
[pool-1-thread-2] DEBUG org.codehaus.griffon.runtime.core.DefaultApplicationConfigurer - Registering griffon.core.editors.BytePropertyEditor as editor for java.lang.Byte
[pool-1-thread-2] DEBUG org.codehaus.griffon.runtime.core.DefaultApplicationConfigurer - Registering griffon.core.editors.ShortPropertyEditor as editor for java.lang.Short
[pool-1-thread-2] DEBUG org.codehaus.griffon.runtime.core.DefaultApplicationConfigurer - Registering griffon.core.editors.IntegerPropertyEditor as editor for java.lang.Integer
[pool-1-thread-2] DEBUG org.codehaus.griffon.runtime.core.DefaultApplicationConfigurer - Registering griffon.core.editors.LongPropertyEditor as editor for java.lang.Long
[pool-1-thread-2] DEBUG org.codehaus.griffon.runtime.core.DefaultApplicationConfigurer - Registering griffon.core.editors.FloatPropertyEditor as editor for java.lang.Float
[pool-1-thread-2] DEBUG org.codehaus.griffon.runtime.core.DefaultApplicationConfigurer - Registering griffon.core.editors.DoublePropertyEditor as editor for java.lang.Double
[pool-1-thread-2] DEBUG org.codehaus.griffon.runtime.core.DefaultApplicationConfigurer - Registering griffon.core.editors.CalendarPropertyEditor as editor for java.util.Calendar
[pool-1-thread-2] DEBUG org.codehaus.griffon.runtime.core.DefaultApplicationConfigurer - Registering griffon.core.editors.DatePropertyEditor as editor for java.util.Date
[pool-1-thread-2] DEBUG org.codehaus.griffon.runtime.core.DefaultApplicationConfigurer - Registering griffon.core.editors.LocalePropertyEditor as editor for java.util.Locale
[pool-1-thread-2] DEBUG griffon.util.ServiceLoaderUtils - Reading java.beans.PropertyEditor definitions from jar:file:/home/travis/build/griffon/griffon/subprojects/griffon-javafx/build/libs/griffon-javafx-2.11.0-SNAPSHOT.jar!/META-INF/editors/java.beans.PropertyEditor
[pool-1-thread-2] DEBUG org.codehaus.griffon.runtime.core.DefaultApplicationConfigurer - Registering griffon.javafx.editors.Dimension2DPropertyEditor as editor for javafx.geometry.Dimension2D
[pool-1-thread-2] DEBUG org.codehaus.griffon.runtime.core.DefaultApplicationConfigurer - Registering griffon.javafx.editors.InsetsPropertyEditor as editor for javafx.geometry.Insets
[pool-1-thread-2] DEBUG org.codehaus.griffon.runtime.core.DefaultApplicationConfigurer - Registering griffon.javafx.editors.Point2DPropertyEditor as editor for javafx.geometry.Point2D
[pool-1-thread-2] DEBUG org.codehaus.griffon.runtime.core.DefaultApplicationConfigurer - Registering griffon.javafx.editors.Rectangle2DPropertyEditor as editor for javafx.geometry.Rectangle2D
[pool-1-thread-2] DEBUG org.codehaus.griffon.runtime.core.DefaultApplicationConfigurer - Registering griffon.javafx.editors.GraphicPropertyEditor as editor for javafx.scene.Node
[pool-1-thread-2] DEBUG org.codehaus.griffon.runtime.core.DefaultApplicationConfigurer - Registering griffon.javafx.editors.ImagePropertyEditor as editor for javafx.scene.image.Image
[pool-1-thread-2] DEBUG org.codehaus.griffon.runtime.core.DefaultApplicationConfigurer - Registering griffon.javafx.editors.ColorPropertyEditor as editor for javafx.scene.paint.Color
[pool-1-thread-2] DEBUG org.codehaus.griffon.runtime.core.DefaultApplicationConfigurer - Registering griffon.javafx.editors.LinearGradientPropertyEditor as editor for javafx.scene.paint.LinearGradient
[pool-1-thread-2] DEBUG org.codehaus.griffon.runtime.core.DefaultApplicationConfigurer - Registering griffon.javafx.editors.PaintPropertyEditor as editor for javafx.scene.paint.Paint
[pool-1-thread-2] DEBUG org.codehaus.griffon.runtime.core.DefaultApplicationConfigurer - Registering griffon.javafx.editors.RadialGradientPropertyEditor as editor for javafx.scene.paint.RadialGradient
[pool-1-thread-2] TRACE griffon.core.editors.PropertyEditorResolver - Searching PropertyEditor for java.lang.Boolean
[pool-1-thread-2] TRACE griffon.core.editors.PropertyEditorResolver - PropertyEditor for java.lang.Boolean is griffon.core.editors.BooleanPropertyEditor
[pool-1-thread-2] DEBUG org.codehaus.griffon.runtime.core.DefaultApplicationConfigurer - Registering griffon.core.editors.BooleanPropertyEditor as editor for boolean
[pool-1-thread-2] TRACE griffon.core.editors.PropertyEditorResolver - Searching PropertyEditor for java.lang.Byte
[pool-1-thread-2] TRACE griffon.core.editors.PropertyEditorResolver - PropertyEditor for java.lang.Byte is griffon.core.editors.BytePropertyEditor
[pool-1-thread-2] DEBUG org.codehaus.griffon.runtime.core.DefaultApplicationConfigurer - Registering griffon.core.editors.BytePropertyEditor as editor for byte
[pool-1-thread-2] TRACE griffon.core.editors.PropertyEditorResolver - Searching PropertyEditor for java.lang.Short
[pool-1-thread-2] TRACE griffon.core.editors.PropertyEditorResolver - PropertyEditor for java.lang.Short is griffon.core.editors.ShortPropertyEditor
[pool-1-thread-2] DEBUG org.codehaus.griffon.runtime.core.DefaultApplicationConfigurer - Registering griffon.core.editors.ShortPropertyEditor as editor for short
[pool-1-thread-2] TRACE griffon.core.editors.PropertyEditorResolver - Searching PropertyEditor for java.lang.Integer
[pool-1-thread-2] TRACE griffon.core.editors.PropertyEditorResolver - PropertyEditor for java.lang.Integer is griffon.core.editors.IntegerPropertyEditor
[pool-1-thread-2] DEBUG org.codehaus.griffon.runtime.core.DefaultApplicationConfigurer - Registering griffon.core.editors.IntegerPropertyEditor as editor for int
[pool-1-thread-2] TRACE griffon.core.editors.PropertyEditorResolver - Searching PropertyEditor for java.lang.Long
[pool-1-thread-2] TRACE griffon.core.editors.PropertyEditorResolver - PropertyEditor for java.lang.Long is griffon.core.editors.LongPropertyEditor
[pool-1-thread-2] DEBUG org.codehaus.griffon.runtime.core.DefaultApplicationConfigurer - Registering griffon.core.editors.LongPropertyEditor as editor for long
[pool-1-thread-2] TRACE griffon.core.editors.PropertyEditorResolver - Searching PropertyEditor for java.lang.Float
[pool-1-thread-2] TRACE griffon.core.editors.PropertyEditorResolver - PropertyEditor for java.lang.Float is griffon.core.editors.FloatPropertyEditor
[pool-1-thread-2] DEBUG org.codehaus.griffon.runtime.core.DefaultApplicationConfigurer - Registering griffon.core.editors.FloatPropertyEditor as editor for float
[pool-1-thread-2] TRACE griffon.core.editors.PropertyEditorResolver - Searching PropertyEditor for java.lang.Double
[pool-1-thread-2] TRACE griffon.core.editors.PropertyEditorResolver - PropertyEditor for java.lang.Double is griffon.core.editors.DoublePropertyEditor
[pool-1-thread-2] DEBUG org.codehaus.griffon.runtime.core.DefaultApplicationConfigurer - Registering griffon.core.editors.DoublePropertyEditor as editor for double
[pool-1-thread-2] DEBUG org.codehaus.griffon.runtime.core.event.AbstractEventRouter - Adding listener org.codehaus.griffon.runtime.core.DefaultApplicationConfigurer$2 on NewInstance
[pool-1-thread-2] TRACE griffon.util.CompositeResourceBundle - Searching key=application.lifecycle.handler.disable
[pool-1-thread-2] TRACE griffon.util.CompositeResourceBundle - Searching key=application
[pool-1-thread-2] TRACE griffon.util.CompositeResourceBundle - Bundle griffon.util.ExpandableResourceBundle@7619cd69; key=application; value='{title=JavaFX + Groovy, startupGroups=[sample], autoShutdown=true}'
[pool-1-thread-2] TRACE griffon.util.CompositeResourceBundle - Searching key=platform.handler.linux64
[pool-1-thread-2] TRACE griffon.util.CompositeResourceBundle - Searching key=platform
[pool-1-thread-2] DEBUG org.codehaus.griffon.runtime.core.PlatformHandlerProvider - Using org.codehaus.griffon.runtime.core.DefaultPlatformHandler as PlatformHandler
[pool-1-thread-2] DEBUG org.codehaus.griffon.runtime.core.addon.AbstractAddonManager - Loading addons [START]
[pool-1-thread-2] DEBUG griffon.util.AnnotationUtils - Current addon order is [groovy]
[pool-1-thread-2] TRACE griffon.util.AnnotationUtils - Processing addon 'groovy'
[pool-1-thread-2] TRACE griffon.util.AnnotationUtils -   depends on '[]'
[pool-1-thread-2] TRACE griffon.util.AnnotationUtils -   adding addon 'groovy', since all dependencies have been added
[pool-1-thread-2] TRACE griffon.util.AnnotationUtils - addon dependency ordering complete
[pool-1-thread-2] DEBUG griffon.util.AnnotationUtils - computed addon order is [groovy]
[pool-1-thread-2] DEBUG org.codehaus.griffon.runtime.core.event.AbstractEventRouter - Triggering event 'LoadAddonsStart' synchronously
[pool-1-thread-2] DEBUG org.codehaus.griffon.runtime.core.addon.AbstractAddonManager - Loading addon groovy with class org.codehaus.griffon.runtime.groovy.GroovyAddon
[pool-1-thread-2] DEBUG org.codehaus.griffon.runtime.core.event.AbstractEventRouter - Triggering event 'LoadAddonStart' synchronously
[pool-1-thread-2] DEBUG org.codehaus.griffon.runtime.core.event.AbstractEventRouter - Adding listener org.codehaus.griffon.runtime.groovy.GroovyAddon@6cfa3706
[pool-1-thread-2] DEBUG org.codehaus.griffon.runtime.core.event.AbstractEventRouter - Triggering event 'LoadAddonEnd' synchronously
[pool-1-thread-2] DEBUG org.codehaus.griffon.runtime.core.addon.AbstractAddonManager - Loaded addon groovy
[pool-1-thread-2] DEBUG org.codehaus.griffon.runtime.core.addon.AbstractAddonManager - Loading addons [END]
[pool-1-thread-2] DEBUG org.codehaus.griffon.runtime.core.event.AbstractEventRouter - Triggering event 'LoadAddonsEnd' synchronously
[pool-1-thread-2] TRACE griffon.util.CompositeResourceBundle - Searching key=mvcGroups
[pool-1-thread-2] TRACE griffon.util.CompositeResourceBundle - Bundle griffon.util.ExpandableResourceBundle@7619cd69; key=mvcGroups; value='{sample={model=sample.javafx.groovy.SampleModel, view=sample.javafx.groovy.SampleView, controller=sample.javafx.groovy.SampleController}}'
[pool-1-thread-2] DEBUG org.codehaus.griffon.runtime.core.DefaultApplicationConfigurer - Adding MVC group sample
[pool-1-thread-2] DEBUG org.codehaus.griffon.runtime.core.event.AbstractEventRouter - Adding listener org.codehaus.griffon.runtime.core.DefaultApplicationConfigurer$3 on NewInstance
[pool-1-thread-2] TRACE griffon.util.CompositeResourceBundle - Searching key=griffon.controller.action.handler.order
[pool-1-thread-2] TRACE griffon.util.CompositeResourceBundle - Searching key=griffon
[pool-1-thread-2] DEBUG griffon.util.AnnotationUtils - computed handler order is []
[pool-1-thread-2] DEBUG org.codehaus.griffon.runtime.core.artifact.AbstractArtifactManager - Registering artifact handler for type 'model': org.codehaus.griffon.runtime.core.artifact.ModelArtifactHandler@40926a55
[pool-1-thread-2] DEBUG org.codehaus.griffon.runtime.core.artifact.AbstractArtifactManager - Registering artifact handler for type 'view': org.codehaus.griffon.runtime.core.artifact.ViewArtifactHandler@69285316
[pool-1-thread-2] DEBUG org.codehaus.griffon.runtime.core.artifact.AbstractArtifactManager - Registering artifact handler for type 'controller': org.codehaus.griffon.runtime.core.artifact.ControllerArtifactHandler@7103923e
[pool-1-thread-2] DEBUG org.codehaus.griffon.runtime.core.artifact.AbstractArtifactManager - Registering artifact handler for type 'service': org.codehaus.griffon.runtime.core.artifact.ServiceArtifactHandler@fc434d1
[pool-1-thread-2] DEBUG griffon.util.ServiceLoaderUtils - Reading griffon.core.artifact.GriffonView definitions from file:/home/travis/build/griffon/griffon/samples/sample-javafx-groovy/build/classes/main/META-INF/griffon/griffon.core.artifact.GriffonView
[pool-1-thread-2] DEBUG griffon.util.ServiceLoaderUtils - Reading griffon.core.artifact.GriffonController definitions from file:/home/travis/build/griffon/griffon/samples/sample-javafx-groovy/build/classes/main/META-INF/griffon/griffon.core.artifact.GriffonController
[pool-1-thread-2] DEBUG griffon.util.ServiceLoaderUtils - Reading griffon.core.artifact.GriffonService definitions from file:/home/travis/build/griffon/griffon/samples/sample-javafx-groovy/build/classes/main/META-INF/griffon/griffon.core.artifact.GriffonService
[pool-1-thread-2] DEBUG griffon.util.ServiceLoaderUtils - Reading griffon.core.artifact.GriffonModel definitions from file:/home/travis/build/griffon/griffon/samples/sample-javafx-groovy/build/classes/main/META-INF/griffon/griffon.core.artifact.GriffonModel
[pool-1-thread-2] DEBUG org.codehaus.griffon.runtime.core.artifact.DefaultArtifactManager - Artifacts of type 'view' = 1
[pool-1-thread-2] DEBUG org.codehaus.griffon.runtime.core.artifact.DefaultArtifactManager - Artifacts of type 'controller' = 1
[pool-1-thread-2] DEBUG org.codehaus.griffon.runtime.core.artifact.DefaultArtifactManager - Artifacts of type 'service' = 1
[pool-1-thread-2] DEBUG org.codehaus.griffon.runtime.core.artifact.DefaultArtifactManager - Artifacts of type 'model' = 1
[pool-1-thread-2] DEBUG org.codehaus.griffon.runtime.core.event.AbstractEventRouter - Triggering event 'BootstrapEnd' synchronously
[griffon-pool-1-thread-1] DEBUG org.codehaus.griffon.runtime.core.event.AbstractEventRouter - Triggering event 'StartupStart' synchronously
[griffon-pool-1-thread-1] TRACE griffon.util.CompositeResourceBundle - Searching key=application.startupGroups
[griffon-pool-1-thread-1] TRACE griffon.util.CompositeResourceBundle - Bundle griffon.util.ExpandableResourceBundle@7619cd69; key=application.startupGroups; value='[sample]'
[griffon-pool-1-thread-1] INFO org.codehaus.griffon.runtime.javafx.TestJavaFXGriffonApplication - Initializing all startup groups: [sample]
[griffon-pool-1-thread-1] DEBUG org.codehaus.griffon.runtime.core.mvc.AbstractMVCGroupManager - Searching group sample
[griffon-pool-1-thread-1] DEBUG org.codehaus.griffon.runtime.core.mvc.DefaultMVCGroupManager - Building MVC group 'sample' with name 'sample'
[griffon-pool-1-thread-1] DEBUG org.codehaus.griffon.runtime.core.artifact.AbstractArtifactManager - Searching for griffonClass of sample.javafx.groovy.SampleModel
[griffon-pool-1-thread-1] DEBUG org.codehaus.griffon.runtime.core.artifact.AbstractArtifactManager - Searching for griffonClass of sample.javafx.groovy.SampleView
[griffon-pool-1-thread-1] DEBUG org.codehaus.griffon.runtime.core.artifact.AbstractArtifactManager - Searching for griffonClass of sample.javafx.groovy.SampleController
[griffon-pool-1-thread-1] DEBUG org.codehaus.griffon.runtime.core.artifact.AbstractArtifactManager - Searching for griffonClass of sample.javafx.groovy.SampleModel
[griffon-pool-1-thread-1] DEBUG org.codehaus.griffon.runtime.core.artifact.AbstractArtifactManager - Searching for griffonClass of sample.javafx.groovy.SampleModel
[griffon-pool-1-thread-1] DEBUG org.codehaus.griffon.runtime.core.event.AbstractEventRouter - Triggering event 'NewInstance' synchronously
[griffon-pool-1-thread-1] DEBUG org.codehaus.griffon.runtime.core.artifact.AbstractArtifactManager - Searching for griffonClass of sample.javafx.groovy.SampleView
[griffon-pool-1-thread-1] DEBUG org.codehaus.griffon.runtime.core.artifact.AbstractArtifactManager - Searching for griffonClass of sample.javafx.groovy.SampleView
[Test worker] DEBUG org.codehaus.griffon.runtime.core.event.AbstractEventRouter - Adding listener griffon.javafx.test.GriffonTestFXRule$WindowShownHandler on WindowShown
[JavaFX Application Thread] DEBUG org.codehaus.griffon.runtime.core.event.AbstractEventRouter - Triggering event 'NewInstance' synchronously
[griffon-pool-1-thread-1] DEBUG org.codehaus.griffon.runtime.core.artifact.AbstractArtifactManager - Searching for griffonClass of sample.javafx.groovy.SampleController
[griffon-pool-1-thread-1] DEBUG org.codehaus.griffon.runtime.core.artifact.AbstractArtifactManager - Searching for griffonClass of sample.javafx.groovy.SampleController
[griffon-pool-1-thread-1] DEBUG org.codehaus.griffon.runtime.core.event.AbstractEventRouter - Triggering event 'NewInstance' synchronously
[griffon-pool-1-thread-1] DEBUG org.codehaus.griffon.runtime.core.event.AbstractEventRouter - Triggering event 'NewInstance' synchronously
[griffon-pool-1-thread-1] DEBUG org.codehaus.griffon.runtime.core.artifact.AbstractArtifactManager - Searching for griffonClass of sample.javafx.groovy.SampleController
[griffon-pool-1-thread-1] TRACE griffon.util.CompositeResourceBundle - Searching key=sample.javafx.groovy.SampleController.action.SayHello.name
[griffon-pool-1-thread-1] TRACE griffon.util.CompositeResourceBundle - Searching key=application.action.SayHello.name
[griffon-pool-1-thread-1] TRACE org.codehaus.griffon.runtime.javafx.controller.JavaFXActionManager - sample.javafx.groovy.SampleController.action.SayHello.name = Say Hello
[griffon-pool-1-thread-1] TRACE griffon.util.CompositeResourceBundle - Searching key=sample.javafx.groovy.SampleController.action.SayHello.accelerator
[griffon-pool-1-thread-1] TRACE griffon.util.CompositeResourceBundle - Searching key=application.action.SayHello.accelerator
[griffon-pool-1-thread-1] TRACE griffon.util.CompositeResourceBundle - Searching key=sample.javafx.groovy.SampleController.action.SayHello.description
[griffon-pool-1-thread-1] TRACE griffon.util.CompositeResourceBundle - Searching key=application.action.SayHello.description
[griffon-pool-1-thread-1] TRACE griffon.util.CompositeResourceBundle - Searching key=sample.javafx.groovy.SampleController.action.SayHello.icon
[griffon-pool-1-thread-1] TRACE griffon.util.CompositeResourceBundle - Searching key=application.action.SayHello.icon
[griffon-pool-1-thread-1] TRACE griffon.util.CompositeResourceBundle - Searching key=sample.javafx.groovy.SampleController.action.SayHello.image
[griffon-pool-1-thread-1] TRACE griffon.util.CompositeResourceBundle - Searching key=application.action.SayHello.image
[griffon-pool-1-thread-1] TRACE griffon.util.CompositeResourceBundle - Searching key=sample.javafx.groovy.SampleController.action.SayHello.enabled
[griffon-pool-1-thread-1] TRACE griffon.util.CompositeResourceBundle - Searching key=application.action.SayHello.enabled
[griffon-pool-1-thread-1] TRACE org.codehaus.griffon.runtime.javafx.controller.JavaFXActionManager - sample.javafx.groovy.SampleController.action.SayHello.enabled = true
[griffon-pool-1-thread-1] TRACE griffon.util.CompositeResourceBundle - Searching key=sample.javafx.groovy.SampleController.action.SayHello.selected
[griffon-pool-1-thread-1] TRACE griffon.util.CompositeResourceBundle - Searching key=application.action.SayHello.selected
[griffon-pool-1-thread-1] TRACE org.codehaus.griffon.runtime.javafx.controller.JavaFXActionManager - sample.javafx.groovy.SampleController.action.SayHello.selected = false
[griffon-pool-1-thread-1] TRACE griffon.util.CompositeResourceBundle - Searching key=sample.javafx.groovy.SampleController.action.SayHello.visible
[griffon-pool-1-thread-1] TRACE griffon.util.CompositeResourceBundle - Searching key=application.action.SayHello.visible
[griffon-pool-1-thread-1] TRACE org.codehaus.griffon.runtime.javafx.controller.JavaFXActionManager - sample.javafx.groovy.SampleController.action.SayHello.visible = true
[griffon-pool-1-thread-1] TRACE griffon.util.CompositeResourceBundle - Searching key=sample.javafx.groovy.SampleController.action.SayHello.styleclass
[griffon-pool-1-thread-1] TRACE griffon.util.CompositeResourceBundle - Searching key=application.action.SayHello.styleclass
[griffon-pool-1-thread-1] TRACE griffon.util.CompositeResourceBundle - Searching key=sample.javafx.groovy.SampleController.action.SayHello.style
[griffon-pool-1-thread-1] TRACE griffon.util.CompositeResourceBundle - Searching key=application.action.SayHello.style
[griffon-pool-1-thread-1] TRACE griffon.util.CompositeResourceBundle - Searching key=sample.javafx.groovy.SampleController.action.SayHello.graphic_styleclass
[griffon-pool-1-thread-1] TRACE griffon.util.CompositeResourceBundle - Searching key=application.action.SayHello.graphic_styleclass
[griffon-pool-1-thread-1] TRACE griffon.util.CompositeResourceBundle - Searching key=sample.javafx.groovy.SampleController.action.SayHello.graphic_style
[griffon-pool-1-thread-1] TRACE griffon.util.CompositeResourceBundle - Searching key=application.action.SayHello.graphic_style
[griffon-pool-1-thread-1] TRACE griffon.core.editors.PropertyEditorResolver - Searching PropertyEditor for javafx.scene.image.Image
[griffon-pool-1-thread-1] TRACE griffon.core.editors.PropertyEditorResolver - PropertyEditor for javafx.scene.image.Image is griffon.javafx.editors.ImagePropertyEditor
[griffon-pool-1-thread-1] TRACE org.codehaus.griffon.runtime.core.controller.AbstractActionManager - Action for sample.javafx.groovy.SampleController.sayHello stored as sayHello
[griffon-pool-1-thread-1] DEBUG griffon.util.AnnotationUtils - Current customizer order is [core, javafx]
[griffon-pool-1-thread-1] TRACE griffon.util.AnnotationUtils - Processing customizer 'core'
[griffon-pool-1-thread-1] TRACE griffon.util.AnnotationUtils -   depends on '[]'
[griffon-pool-1-thread-1] TRACE griffon.util.AnnotationUtils -   adding customizer 'core', since all dependencies have been added
[griffon-pool-1-thread-1] TRACE griffon.util.AnnotationUtils - Processing customizer 'javafx'
[griffon-pool-1-thread-1] TRACE griffon.util.AnnotationUtils -   depends on '[core]'
[griffon-pool-1-thread-1] TRACE griffon.util.AnnotationUtils -   checking customizer 'javafx' dependencies (1)
[griffon-pool-1-thread-1] TRACE griffon.util.AnnotationUtils -   checking customizer 'javafx' dependencies: 
[griffon-pool-1-thread-1] TRACE griffon.util.AnnotationUtils -   customizer 'javafx' dependency 'core' already added
[griffon-pool-1-thread-1] TRACE griffon.util.AnnotationUtils -   adding customizer 'javafx', since all dependencies have been added
[griffon-pool-1-thread-1] TRACE griffon.util.AnnotationUtils - customizer dependency ordering complete
[griffon-pool-1-thread-1] DEBUG griffon.util.AnnotationUtils - computed customizer order is [core, javafx]
[griffon-pool-1-thread-1] DEBUG org.codehaus.griffon.runtime.core.event.AbstractEventRouter - Triggering event 'InitializeMVCGroup' synchronously
[griffon-pool-1-thread-1] TRACE griffon.addon.GroovyAddon - Adding action sayHelloAction to sample:sample:builder
[griffon-pool-1-thread-1] DEBUG org.codehaus.griffon.runtime.core.mvc.AbstractMVCGroupManager - Adding group sample:org.codehaus.griffon.runtime.groovy.mvc.GroovyAwareMVCGroup@3a811e2f[sample:sample]
[griffon-pool-1-thread-1] DEBUG org.codehaus.griffon.runtime.core.mvc.DefaultMVCGroupManager - Initializing each MVC member of group 'sample'
[JavaFX Application Thread] TRACE griffon.util.CompositeResourceBundle - Searching key=application.title
[JavaFX Application Thread] TRACE griffon.util.CompositeResourceBundle - Bundle griffon.util.ExpandableResourceBundle@7619cd69; key=application.title; value='JavaFX + Groovy'
[JavaFX Application Thread] DEBUG org.codehaus.griffon.runtime.core.view.AbstractWindowManager - Attaching window with name: 'mainWindow' at index 0 javafx.stage.Stage@534395e
[JavaFX Application Thread] DEBUG org.codehaus.griffon.runtime.core.event.AbstractEventRouter - Triggering event 'WindowAttached' synchronously
[JavaFX Application Thread] TRACE griffon.util.CompositeResourceBundle - Searching key=name.label
[JavaFX Application Thread] TRACE griffon.util.CompositeResourceBundle - Bundle griffon.util.ExpandableResourceBundle@27e165c7; key=name.label; value='Please enter your name'
[griffon-pool-1-thread-1] DEBUG org.codehaus.griffon.runtime.core.event.AbstractEventRouter - Triggering event 'CreateMVCGroup' synchronously
[griffon-pool-1-thread-1] TRACE griffon.util.CompositeResourceBundle - Searching key=application.lifecycle.handler.disable
[griffon-pool-1-thread-1] TRACE griffon.util.CompositeResourceBundle - Searching key=application
[griffon-pool-1-thread-1] TRACE griffon.util.CompositeResourceBundle - Bundle griffon.util.ExpandableResourceBundle@7619cd69; key=application; value='{title=JavaFX + Groovy, startupGroups=[sample], autoShutdown=true}'
[griffon-pool-1-thread-1] DEBUG org.codehaus.griffon.runtime.core.event.AbstractEventRouter - Triggering event 'StartupEnd' synchronously
[griffon-pool-1-thread-1] DEBUG org.codehaus.griffon.runtime.core.view.AbstractWindowManager - windowManager.startingWindow configured to mainWindow
[griffon-pool-1-thread-1] DEBUG org.codehaus.griffon.runtime.core.view.AbstractWindowManager - Selecting window mainWindow as starting window
[griffon-pool-1-thread-1] DEBUG org.codehaus.griffon.runtime.core.view.AbstractWindowManager - Starting Window is javafx.stage.Stage@534395e
[griffon-pool-1-thread-1] DEBUG org.codehaus.griffon.runtime.core.event.AbstractEventRouter - Triggering event 'ReadyStart' synchronously
[griffon-pool-1-thread-1] TRACE griffon.util.CompositeResourceBundle - Searching key=application.lifecycle.handler.disable
[griffon-pool-1-thread-1] TRACE griffon.util.CompositeResourceBundle - Searching key=application
[griffon-pool-1-thread-1] TRACE griffon.util.CompositeResourceBundle - Bundle griffon.util.ExpandableResourceBundle@7619cd69; key=application; value='{title=JavaFX + Groovy, startupGroups=[sample], autoShutdown=true}'
[griffon-pool-1-thread-1] DEBUG org.codehaus.griffon.runtime.core.event.AbstractEventRouter - Triggering event 'ReadyEnd' synchronously
[JavaFX Application Thread] DEBUG org.codehaus.griffon.runtime.core.view.AbstractWindowManager - Showing window with name: 'mainWindow' at index 0 javafx.stage.Stage@534395e
[JavaFX Application Thread] TRACE griffon.util.CompositeResourceBundle - Searching key=windowManager
[JavaFX Application Thread] TRACE griffon.util.CompositeResourceBundle - Searching key=windowManager
[JavaFX Application Thread] TRACE griffon.util.CompositeResourceBundle - Searching key=windowManager
[JavaFX Application Thread] TRACE griffon.util.CompositeResourceBundle - Searching key=windowManager
[JavaFX Application Thread] TRACE org.codehaus.griffon.runtime.core.view.ConfigurableWindowDisplayHandler - Showing mainWindow with default handler
[JavaFX Application Thread] TRACE griffon.util.CompositeResourceBundle - Searching key=windowManager
[JavaFX Application Thread] TRACE griffon.util.CompositeResourceBundle - Searching key=windowManager
[JavaFX Application Thread] DEBUG org.codehaus.griffon.runtime.core.event.AbstractEventRouter - Triggering event 'WindowShown' synchronously
[JavaFX Application Thread] TRACE griffon.util.CompositeResourceBundle - Searching key=griffon.disable.threading.injection
[JavaFX Application Thread] TRACE griffon.util.CompositeResourceBundle - Searching key=griffon
[JavaFX Application Thread] TRACE griffon.util.CompositeResourceBundle - Searching key=controller.threading.default
[JavaFX Application Thread] TRACE griffon.util.CompositeResourceBundle - Searching key=controller
[JavaFX Application Thread] DEBUG org.codehaus.griffon.runtime.core.controller.AbstractActionManager - Executing sample.javafx.groovy.SampleController.sayHello with policy OUTSIDE_UITHREAD
[griffon-pool-1-thread-2] TRACE org.codehaus.griffon.runtime.core.controller.AbstractActionManager - Resolving contextual arguments for sample.javafx.groovy.SampleController.sayHello
[griffon-pool-1-thread-2] DEBUG org.codehaus.griffon.runtime.core.controller.AbstractActionManager - Executing 0 handlers for sample.javafx.groovy.SampleController.sayHello
[griffon-pool-1-thread-2] TRACE org.codehaus.griffon.runtime.core.controller.AbstractActionManager - Status before execution of sample.javafx.groovy.SampleController.sayHello is OK
[griffon-pool-1-thread-2] TRACE griffon.util.CompositeResourceBundle - Searching key=greeting.parameterized
[griffon-pool-1-thread-2] TRACE griffon.util.CompositeResourceBundle - Bundle griffon.util.ExpandableResourceBundle@27e165c7; key=greeting.parameterized; value='Hello {0}'
[griffon-pool-1-thread-2] TRACE org.codehaus.griffon.runtime.core.controller.AbstractActionManager - Status after execution of sample.javafx.groovy.SampleController.sayHello is OK
[Test worker] DEBUG org.codehaus.griffon.runtime.core.event.AbstractEventRouter - Triggering event 'ShutdownRequested' synchronously
[Test worker] INFO org.codehaus.griffon.runtime.javafx.TestJavaFXGriffonApplication - Shutdown is in process
[Test worker] DEBUG org.codehaus.griffon.runtime.javafx.TestJavaFXGriffonApplication - Shutdown stage 1: notify all event listeners
[Test worker] DEBUG org.codehaus.griffon.runtime.core.event.AbstractEventRouter - Adding listener griffon.javafx.AbstractJavaFXGriffonApplication$$Lambda$196/1729303337 on ShutdownStart
[Test worker] DEBUG org.codehaus.griffon.runtime.core.event.AbstractEventRouter - Triggering event 'ShutdownStart' synchronously
[Test worker] DEBUG org.codehaus.griffon.runtime.javafx.TestJavaFXGriffonApplication - Shutdown stage 2: notify all shutdown handlers
[Test worker] DEBUG org.codehaus.griffon.runtime.javafx.TestJavaFXGriffonApplication - Shutdown stage 3: destroy all MVC groups
[JavaFX Application Thread] DEBUG org.codehaus.griffon.runtime.core.view.AbstractWindowManager - Hiding window with name: 'mainWindow' at index 0 javafx.stage.Stage@534395e
[Test worker] DEBUG org.codehaus.griffon.runtime.core.mvc.AbstractMVCGroupManager - Searching group sample
[JavaFX Application Thread] TRACE griffon.util.CompositeResourceBundle - Searching key=windowManager
[Test worker] DEBUG org.codehaus.griffon.runtime.core.mvc.DefaultMVCGroupManager - Group 'sample' points to org.codehaus.griffon.runtime.groovy.mvc.GroovyAwareMVCGroup@3a811e2f[sample:sample]
[JavaFX Application Thread] TRACE griffon.util.CompositeResourceBundle - Searching key=windowManager
[Test worker] DEBUG org.codehaus.griffon.runtime.core.mvc.DefaultMVCGroupManager - Destroying MVC group identified by 'sample'
[JavaFX Application Thread] TRACE griffon.util.CompositeResourceBundle - Searching key=windowManager
[Test worker] DEBUG org.codehaus.griffon.runtime.core.event.AbstractEventRouter - Triggering event 'DestroyInstance' synchronously
[JavaFX Application Thread] TRACE griffon.util.CompositeResourceBundle - Searching key=windowManager
[JavaFX Application Thread] TRACE org.codehaus.griffon.runtime.core.view.ConfigurableWindowDisplayHandler - Hiding mainWindow with default handler
[JavaFX Application Thread] TRACE griffon.util.CompositeResourceBundle - Searching key=windowManager
[JavaFX Application Thread] TRACE griffon.util.CompositeResourceBundle - Searching key=windowManager
[Test worker] DEBUG org.codehaus.griffon.runtime.core.event.AbstractEventRouter - Triggering event 'DestroyInstance' synchronously
[JavaFX Application Thread] DEBUG org.codehaus.griffon.runtime.core.event.AbstractEventRouter - Triggering event 'WindowHidden' synchronously
[JavaFX Application Thread] DEBUG org.codehaus.griffon.runtime.core.view.AbstractWindowManager - Hiding window with name: 'mainWindow' at index 0 javafx.stage.Stage@534395e
[JavaFX Application Thread] TRACE griffon.util.CompositeResourceBundle - Searching key=windowManager
[JavaFX Application Thread] TRACE griffon.util.CompositeResourceBundle - Searching key=windowManager
[JavaFX Application Thread] TRACE griffon.util.CompositeResourceBundle - Searching key=windowManager
[JavaFX Application Thread] TRACE griffon.util.CompositeResourceBundle - Searching key=windowManager
[JavaFX Application Thread] TRACE org.codehaus.griffon.runtime.core.view.ConfigurableWindowDisplayHandler - Hiding mainWindow with default handler
[JavaFX Application Thread] TRACE griffon.util.CompositeResourceBundle - Searching key=windowManager
[JavaFX Application Thread] TRACE griffon.util.CompositeResourceBundle - Searching key=windowManager
[Test worker] DEBUG org.codehaus.griffon.runtime.core.event.AbstractEventRouter - Triggering event 'DestroyInstance' synchronously
[Test worker] DEBUG org.codehaus.griffon.runtime.core.mvc.AbstractMVCGroupManager - Removing group sample:org.codehaus.griffon.runtime.groovy.mvc.GroovyAwareMVCGroup@3a811e2f[sample:sample]
[Test worker] DEBUG org.codehaus.griffon.runtime.core.mvc.AbstractMVCGroupManager - Searching group sample
[Test worker] DEBUG org.codehaus.griffon.runtime.core.mvc.DefaultMVCGroupManager - Group 'sample' points to null
[Test worker] DEBUG org.codehaus.griffon.runtime.core.event.AbstractEventRouter - Triggering event 'DestroyMVCGroup' synchronously
[Test worker] DEBUG org.codehaus.griffon.runtime.javafx.TestJavaFXGriffonApplication - Shutdown stage 4: execute Shutdown script
[Test worker] TRACE griffon.util.CompositeResourceBundle - Searching key=application.lifecycle.handler.disable
[Test worker] TRACE griffon.util.CompositeResourceBundle - Searching key=application
[Test worker] TRACE griffon.util.CompositeResourceBundle - Bundle griffon.util.ExpandableResourceBundle@7619cd69; key=application; value='{title=JavaFX + Groovy, startupGroups=[sample], autoShutdown=true}'
[pool-1-thread-2] INFO org.codehaus.griffon.runtime.core.DefaultApplicationBootstrapper - Griffon 2.11.0-SNAPSHOT
[pool-1-thread-2] INFO org.codehaus.griffon.runtime.core.DefaultApplicationBootstrapper - Build: 2017-04-21T14:26:59.218+0000
[pool-1-thread-2] INFO org.codehaus.griffon.runtime.core.DefaultApplicationBootstrapper - Revision: 80670b3ef57479792630c920ef983468189d6e48
[pool-1-thread-2] INFO org.codehaus.griffon.runtime.core.DefaultApplicationBootstrapper - JVM: 1.8.0_121 (Oracle Corporation 25.121-b13)
[pool-1-thread-2] INFO org.codehaus.griffon.runtime.core.DefaultApplicationBootstrapper - OS: Linux 3.13.0-103-generic amd64
[pool-1-thread-2] DEBUG org.codehaus.griffon.runtime.core.DefaultApplicationBootstrapper - Creating module bindings
[pool-1-thread-2] DEBUG griffon.util.ServiceLoaderUtils - Reading definitions from file:/home/travis/build/griffon/griffon/samples/sample-javafx-groovy/build/classes/main/META-INF/griffon
[pool-1-thread-2] DEBUG griffon.util.AnnotationUtils - Current module order is [core, groovy, javafx-groovy, javafx, application, testApplicationBootstrapper$InnerClasses, testApplicationBootstrapper$Fields, testJavaFXGriffonApplicationBootstrapper$1]
[pool-1-thread-2] TRACE griffon.util.AnnotationUtils - Processing module 'core'
[pool-1-thread-2] TRACE griffon.util.AnnotationUtils -   depends on '[]'
[pool-1-thread-2] TRACE griffon.util.AnnotationUtils -   adding module 'core', since all dependencies have been added
[pool-1-thread-2] TRACE griffon.util.AnnotationUtils - Processing module 'groovy'
[pool-1-thread-2] TRACE griffon.util.AnnotationUtils -   depends on '[]'
[pool-1-thread-2] TRACE griffon.util.AnnotationUtils -   adding module 'groovy', since all dependencies have been added
[pool-1-thread-2] TRACE griffon.util.AnnotationUtils - Processing module 'javafx-groovy'
[pool-1-thread-2] TRACE griffon.util.AnnotationUtils -   depends on '[javafx]'
[pool-1-thread-2] TRACE griffon.util.AnnotationUtils -   checking module 'javafx-groovy' dependencies (1)
[pool-1-thread-2] TRACE griffon.util.AnnotationUtils -   checking module 'javafx-groovy' dependencies: 
[pool-1-thread-2] TRACE griffon.util.AnnotationUtils -   skipped module 'javafx-groovy', since dependency 'javafx' not yet added
[pool-1-thread-2] TRACE griffon.util.AnnotationUtils - Processing module 'javafx'
[pool-1-thread-2] TRACE griffon.util.AnnotationUtils -   depends on '[]'
[pool-1-thread-2] TRACE griffon.util.AnnotationUtils -   adding module 'javafx', since all dependencies have been added
[pool-1-thread-2] TRACE griffon.util.AnnotationUtils - Processing module 'application'
[pool-1-thread-2] TRACE griffon.util.AnnotationUtils -   depends on '[]'
[pool-1-thread-2] TRACE griffon.util.AnnotationUtils -   adding module 'application', since all dependencies have been added
[pool-1-thread-2] TRACE griffon.util.AnnotationUtils - Processing module 'testApplicationBootstrapper$InnerClasses'
[pool-1-thread-2] TRACE griffon.util.AnnotationUtils -   depends on '[]'
[pool-1-thread-2] TRACE griffon.util.AnnotationUtils -   adding module 'testApplicationBootstrapper$InnerClasses', since all dependencies have been added
[pool-1-thread-2] TRACE griffon.util.AnnotationUtils - Processing module 'testApplicationBootstrapper$Fields'
[pool-1-thread-2] TRACE griffon.util.AnnotationUtils -   depends on '[]'
[pool-1-thread-2] TRACE griffon.util.AnnotationUtils -   adding module 'testApplicationBootstrapper$Fields', since all dependencies have been added
[pool-1-thread-2] TRACE griffon.util.AnnotationUtils - Processing module 'testJavaFXGriffonApplicationBootstrapper$1'
[pool-1-thread-2] TRACE griffon.util.AnnotationUtils -   depends on '[]'
[pool-1-thread-2] TRACE griffon.util.AnnotationUtils -   adding module 'testJavaFXGriffonApplicationBootstrapper$1', since all dependencies have been added
[pool-1-thread-2] DEBUG griffon.util.AnnotationUtils - Current module order is [core, groovy, javafx-groovy, javafx, application, testApplicationBootstrapper$InnerClasses, testApplicationBootstrapper$Fields, testJavaFXGriffonApplicationBootstrapper$1]
[pool-1-thread-2] TRACE griffon.util.AnnotationUtils - Processing module 'javafx-groovy'
[pool-1-thread-2] TRACE griffon.util.AnnotationUtils -   depends on '[javafx]'
[pool-1-thread-2] TRACE griffon.util.AnnotationUtils -   checking module 'javafx-groovy' dependencies (1)
[pool-1-thread-2] TRACE griffon.util.AnnotationUtils -   checking module 'javafx-groovy' dependencies: 
[pool-1-thread-2] TRACE griffon.util.AnnotationUtils -   module 'javafx-groovy' dependency 'javafx' already added
[pool-1-thread-2] TRACE griffon.util.AnnotationUtils -   adding module 'javafx-groovy', since all dependencies have been added
[pool-1-thread-2] TRACE griffon.util.AnnotationUtils - module dependency ordering complete
[pool-1-thread-2] DEBUG griffon.util.AnnotationUtils - computed module order is [core, groovy, javafx, application, testApplicationBootstrapper$InnerClasses, testApplicationBootstrapper$Fields, testJavaFXGriffonApplicationBootstrapper$1, javafx-groovy]
[pool-1-thread-2] DEBUG org.codehaus.griffon.runtime.core.TestApplicationBootstrapper - computed Module order is [core, groovy, javafx, application, testJavaFXGriffonApplicationBootstrapper$1, javafx-groovy, testApplicationBootstrapper$InnerClasses, testApplicationBootstrapper$Fields]
[pool-1-thread-2] DEBUG org.codehaus.griffon.runtime.core.DefaultApplicationBootstrapper - Loading module bindings from core:org.codehaus.griffon.runtime.core.DefaultApplicationModule@7fdd3e46
[pool-1-thread-2] DEBUG org.codehaus.griffon.runtime.core.DefaultApplicationBootstrapper - Loading module bindings from groovy:org.codehaus.griffon.runtime.groovy.GroovyModule@472822f3
[pool-1-thread-2] DEBUG org.codehaus.griffon.runtime.core.DefaultApplicationBootstrapper - Loading module bindings from javafx:org.codehaus.griffon.runtime.javafx.JavaFXModule@7bf74a7a
[pool-1-thread-2] DEBUG org.codehaus.griffon.runtime.core.DefaultApplicationBootstrapper - Loading module bindings from application:sample.javafx.groovy.ApplicationModule@27bc5763
[pool-1-thread-2] DEBUG org.codehaus.griffon.runtime.core.DefaultApplicationBootstrapper - Loading module bindings from testJavaFXGriffonApplicationBootstrapper$1:org.codehaus.griffon.runtime.javafx.TestJavaFXGriffonApplicationBootstrapper$1@318572dc
[pool-1-thread-2] DEBUG org.codehaus.griffon.runtime.core.DefaultApplicationBootstrapper - Loading module bindings from javafx-groovy:org.codehaus.griffon.runtime.javafx.JavafxBuilderModule@37bcf1a5
[pool-1-thread-2] DEBUG org.codehaus.griffon.runtime.core.DefaultApplicationBootstrapper - Loading module bindings from testApplicationBootstrapper$InnerClasses:org.codehaus.griffon.runtime.core.TestApplicationBootstrapper$InnerClassesModule@7659c9b2
[pool-1-thread-2] DEBUG org.codehaus.griffon.runtime.core.DefaultApplicationBootstrapper - Loading module bindings from testApplicationBootstrapper$Fields:org.codehaus.griffon.runtime.core.TestApplicationBootstrapper$FieldsModule@339b8f55
[pool-1-thread-2] TRACE org.codehaus.griffon.runtime.core.DefaultApplicationBootstrapper - InstanceBinding[source=griffon.core.GriffonApplication, instance=org.codehaus.griffon.runtime.javafx.TestJavaFXGriffonApplication@41dfa7e3, singleton=true]
[pool-1-thread-2] TRACE org.codehaus.griffon.runtime.core.DefaultApplicationBootstrapper - TargetBinding[source=sample.javafx.groovy.SampleView, target=sample.javafx.groovy.SampleView, singleton=false]
[pool-1-thread-2] TRACE org.codehaus.griffon.runtime.core.DefaultApplicationBootstrapper - TargetBinding[source=sample.javafx.groovy.SampleController, target=sample.javafx.groovy.SampleController, singleton=false]
[pool-1-thread-2] TRACE org.codehaus.griffon.runtime.core.DefaultApplicationBootstrapper - TargetBinding[source=sample.javafx.groovy.SampleModel, target=sample.javafx.groovy.SampleModel, singleton=false]
[pool-1-thread-2] TRACE org.codehaus.griffon.runtime.core.DefaultApplicationBootstrapper - TargetBinding[source=sample.javafx.groovy.SampleService, target=sample.javafx.groovy.SampleService, singleton=true]
[pool-1-thread-2] TRACE org.codehaus.griffon.runtime.core.DefaultApplicationBootstrapper - TargetBinding[source=griffon.core.ApplicationClassLoader, target=org.codehaus.griffon.runtime.core.DefaultApplicationClassLoader, singleton=true]
[pool-1-thread-2] TRACE org.codehaus.griffon.runtime.core.DefaultApplicationBootstrapper - ProviderTypeBinding[source=griffon.core.env.Metadata, providerType=org.codehaus.griffon.runtime.core.env.MetadataProvider, singleton=true]
[pool-1-thread-2] TRACE org.codehaus.griffon.runtime.core.DefaultApplicationBootstrapper - ProviderTypeBinding[source=griffon.core.env.RunMode, providerType=org.codehaus.griffon.runtime.core.env.RunModeProvider, singleton=true]
[pool-1-thread-2] TRACE org.codehaus.griffon.runtime.core.DefaultApplicationBootstrapper - ProviderTypeBinding[source=griffon.core.env.Environment, providerType=org.codehaus.griffon.runtime.core.env.EnvironmentProvider, singleton=true]
[pool-1-thread-2] TRACE org.codehaus.griffon.runtime.core.DefaultApplicationBootstrapper - TargetBinding[source=griffon.core.ContextFactory, target=org.codehaus.griffon.runtime.core.DefaultContextFactory, singleton=true]
[pool-1-thread-2] TRACE org.codehaus.griffon.runtime.core.DefaultApplicationBootstrapper - TargetBinding[source=griffon.util.Instantiator, target=org.codehaus.griffon.runtime.util.DefaultInstantiator, singleton=true]
[pool-1-thread-2] TRACE org.codehaus.griffon.runtime.core.DefaultApplicationBootstrapper - ProviderTypeBinding[source=griffon.util.PropertiesReader, providerType=griffon.util.PropertiesReader$Provider, singleton=true]
[pool-1-thread-2] TRACE org.codehaus.griffon.runtime.core.DefaultApplicationBootstrapper - ProviderTypeBinding[source=griffon.util.ResourceBundleReader, providerType=griffon.util.ResourceBundleReader$Provider, singleton=true]
[pool-1-thread-2] TRACE org.codehaus.griffon.runtime.core.DefaultApplicationBootstrapper - ProviderTypeBinding[source=griffon.core.Context, classifier=@javax.inject.Named(value=applicationContext), providerType=org.codehaus.griffon.runtime.core.DefaultContextProvider, singleton=true]
[pool-1-thread-2] TRACE org.codehaus.griffon.runtime.core.DefaultApplicationBootstrapper - TargetBinding[source=griffon.core.ApplicationConfigurer, target=org.codehaus.griffon.runtime.core.DefaultApplicationConfigurer, singleton=true]
[pool-1-thread-2] TRACE org.codehaus.griffon.runtime.core.DefaultApplicationBootstrapper - TargetBinding[source=griffon.core.resources.ResourceHandler, target=org.codehaus.griffon.runtime.core.resources.DefaultResourceHandler, singleton=true]
[pool-1-thread-2] TRACE org.codehaus.griffon.runtime.core.DefaultApplicationBootstrapper - TargetBinding[source=griffon.util.ResourceBundleLoader, classifier=@javax.inject.Named(value=class), target=org.codehaus.griffon.runtime.util.ClassResourceBundleLoader, singleton=true]
[pool-1-thread-2] TRACE org.codehaus.griffon.runtime.core.DefaultApplicationBootstrapper - TargetBinding[source=griffon.util.ResourceBundleLoader, classifier=@javax.inject.Named(value=properties), target=org.codehaus.griffon.runtime.util.PropertiesResourceBundleLoader, singleton=true]
[pool-1-thread-2] TRACE org.codehaus.griffon.runtime.core.DefaultApplicationBootstrapper - TargetBinding[source=griffon.util.ResourceBundleLoader, classifier=@javax.inject.Named(value=xml), target=org.codehaus.griffon.runtime.util.XmlResourceBundleLoader, singleton=true]
[pool-1-thread-2] TRACE org.codehaus.griffon.runtime.core.DefaultApplicationBootstrapper - TargetBinding[source=griffon.util.CompositeResourceBundleBuilder, target=org.codehaus.griffon.runtime.util.DefaultCompositeResourceBundleBuilder, singleton=true]
[pool-1-thread-2] TRACE org.codehaus.griffon.runtime.core.DefaultApplicationBootstrapper - ProviderBinding[source=java.util.ResourceBundle, classifier=@javax.inject.Named(value=applicationResourceBundle), provider=org.codehaus.griffon.runtime.util.ResourceBundleProvider@2e5179aa, singleton=true]
[pool-1-thread-2] TRACE org.codehaus.griffon.runtime.core.DefaultApplicationBootstrapper - TargetBinding[source=griffon.core.configuration.ConfigurationManager, target=org.codehaus.griffon.runtime.core.configuration.DefaultConfigurationManager, singleton=true]
[pool-1-thread-2] TRACE org.codehaus.griffon.runtime.core.DefaultApplicationBootstrapper - TargetBinding[source=org.codehaus.griffon.runtime.core.configuration.ConfigurationDecoratorFactory, target=org.codehaus.griffon.runtime.core.configuration.DefaultConfigurationDecoratorFactory, singleton=false]
[pool-1-thread-2] TRACE org.codehaus.griffon.runtime.core.DefaultApplicationBootstrapper - ProviderTypeBinding[source=griffon.core.Configuration, providerType=org.codehaus.griffon.runtime.core.configuration.ResourceBundleConfigurationProvider, singleton=true]
[pool-1-thread-2] TRACE org.codehaus.griffon.runtime.core.DefaultApplicationBootstrapper - TargetBinding[source=griffon.core.ExecutorServiceManager, target=org.codehaus.griffon.runtime.core.DefaultExecutorServiceManager, singleton=true]
[pool-1-thread-2] TRACE org.codehaus.griffon.runtime.core.DefaultApplicationBootstrapper - TargetBinding[source=griffon.core.event.EventRouter, classifier=@javax.inject.Named(value=applicationEventRouter), target=org.codehaus.griffon.runtime.groovy.event.GroovyAwareDefaultEventRouter, singleton=true]
[pool-1-thread-2] TRACE org.codehaus.griffon.runtime.core.DefaultApplicationBootstrapper - TargetBinding[source=griffon.core.event.EventRouter, target=org.codehaus.griffon.runtime.groovy.event.GroovyAwareDefaultEventRouter, singleton=false]
[pool-1-thread-2] TRACE org.codehaus.griffon.runtime.core.DefaultApplicationBootstrapper - TargetBinding[source=org.codehaus.griffon.runtime.core.resources.ResourceResolverDecoratorFactory, target=org.codehaus.griffon.runtime.groovy.resources.GroovyAwareResourceResolverDecoratorFactory, singleton=false]
[pool-1-thread-2] TRACE org.codehaus.griffon.runtime.core.DefaultApplicationBootstrapper - TargetBinding[source=org.codehaus.griffon.runtime.core.i18n.MessageSourceDecoratorFactory, target=org.codehaus.griffon.runtime.groovy.i18n.GroovyAwareMessageSourceDecoratorFactory, singleton=false]
[pool-1-thread-2] TRACE org.codehaus.griffon.runtime.core.DefaultApplicationBootstrapper - ProviderBinding[source=griffon.core.resources.ResourceResolver, classifier=@javax.inject.Named(value=applicationResourceResolver), provider=org.codehaus.griffon.runtime.core.resources.ResourceResolverProvider@17396550, singleton=true]
[pool-1-thread-2] TRACE org.codehaus.griffon.runtime.core.DefaultApplicationBootstrapper - ProviderBinding[source=griffon.core.i18n.MessageSource, classifier=@javax.inject.Named(value=applicationMessageSource), provider=org.codehaus.griffon.runtime.core.i18n.MessageSourceProvider@7185f844, singleton=true]
[pool-1-thread-2] TRACE org.codehaus.griffon.runtime.core.DefaultApplicationBootstrapper - TargetBinding[source=griffon.core.resources.ResourceInjector, classifier=@javax.inject.Named(value=applicationResourceInjector), target=org.codehaus.griffon.runtime.core.resources.DefaultApplicationResourceInjector, singleton=true]
[pool-1-thread-2] TRACE org.codehaus.griffon.runtime.core.DefaultApplicationBootstrapper - ProviderTypeBinding[source=java.util.concurrent.ExecutorService, classifier=@javax.inject.Named(value=defaultExecutorService), providerType=org.codehaus.griffon.runtime.core.threading.DefaultExecutorServiceProvider, singleton=true]
[pool-1-thread-2] TRACE org.codehaus.griffon.runtime.core.DefaultApplicationBootstrapper - TargetBinding[source=griffon.core.threading.UIThreadManager, target=org.codehaus.griffon.runtime.javafx.JavaFXUIThreadManager, singleton=true]
[pool-1-thread-2] TRACE org.codehaus.griffon.runtime.core.DefaultApplicationBootstrapper - TargetBinding[source=griffon.core.mvc.MVCGroupConfigurationFactory, target=org.codehaus.griffon.runtime.core.mvc.DefaultMVCGroupConfigurationFactory, singleton=true]
[pool-1-thread-2] TRACE org.codehaus.griffon.runtime.core.DefaultApplicationBootstrapper - TargetBinding[source=griffon.core.mvc.MVCGroupFactory, target=org.codehaus.griffon.runtime.groovy.mvc.GroovyAwareMVCGroupFactory, singleton=true]
[pool-1-thread-2] TRACE org.codehaus.griffon.runtime.core.DefaultApplicationBootstrapper - TargetBinding[source=griffon.core.mvc.MVCGroupManager, target=org.codehaus.griffon.runtime.groovy.mvc.GroovyAwareMVCGroupManager, singleton=true]
[pool-1-thread-2] TRACE org.codehaus.griffon.runtime.core.DefaultApplicationBootstrapper - ProviderBinding[source=griffon.core.LifecycleHandler, classifier=@javax.inject.Named(value=Initialize), provider=org.codehaus.griffon.runtime.core.LifecycleHandlerProvider@4d59a928, singleton=true]
[pool-1-thread-2] TRACE org.codehaus.griffon.runtime.core.DefaultApplicationBootstrapper - ProviderBinding[source=griffon.core.LifecycleHandler, classifier=@javax.inject.Named(value=Startup), provider=org.codehaus.griffon.runtime.core.LifecycleHandlerProvider@68e01500, singleton=true]
[pool-1-thread-2] TRACE org.codehaus.griffon.runtime.core.DefaultApplicationBootstrapper - ProviderBinding[source=griffon.core.LifecycleHandler, classifier=@javax.inject.Named(value=Ready), provider=org.codehaus.griffon.runtime.core.LifecycleHandlerProvider@34afeea9, singleton=true]
[pool-1-thread-2] TRACE org.codehaus.griffon.runtime.core.DefaultApplicationBootstrapper - ProviderBinding[source=griffon.core.LifecycleHandler, classifier=@javax.inject.Named(value=Shutdown), provider=org.codehaus.griffon.runtime.core.LifecycleHandlerProvider@6ab677a0, singleton=true]
[pool-1-thread-2] TRACE org.codehaus.griffon.runtime.core.DefaultApplicationBootstrapper - ProviderBinding[source=griffon.core.LifecycleHandler, classifier=@javax.inject.Named(value=Stop), provider=org.codehaus.griffon.runtime.core.LifecycleHandlerProvider@6a268337, singleton=true]
[pool-1-thread-2] TRACE org.codehaus.griffon.runtime.core.DefaultApplicationBootstrapper - ProviderBinding[source=griffon.core.view.WindowManager, provider=org.codehaus.griffon.runtime.javafx.TestJavaFXWindowManagerProvider@206c366, singleton=true]
[pool-1-thread-2] TRACE org.codehaus.griffon.runtime.core.DefaultApplicationBootstrapper - TargetBinding[source=griffon.core.controller.ActionManager, target=org.codehaus.griffon.runtime.javafx.controller.JavaFXActionManager, singleton=true]
[pool-1-thread-2] TRACE org.codehaus.griffon.runtime.core.DefaultApplicationBootstrapper - TargetBinding[source=griffon.core.controller.ActionFactory, target=org.codehaus.griffon.runtime.javafx.controller.JavaFXActionFactory, singleton=true]
[pool-1-thread-2] TRACE org.codehaus.griffon.runtime.core.DefaultApplicationBootstrapper - TargetBinding[source=griffon.core.controller.ActionMetadataFactory, target=org.codehaus.griffon.runtime.core.controller.DefaultActionMetadataFactory, singleton=true]
[pool-1-thread-2] TRACE org.codehaus.griffon.runtime.core.DefaultApplicationBootstrapper - TargetBinding[source=griffon.core.artifact.ArtifactManager, target=org.codehaus.griffon.runtime.core.artifact.DefaultArtifactManager, singleton=true]
[pool-1-thread-2] TRACE org.codehaus.griffon.runtime.core.DefaultApplicationBootstrapper - TargetBinding[source=griffon.core.artifact.ArtifactHandler, classifier=@griffon.inject.Typed(value=interface griffon.core.artifact.GriffonModel), target=org.codehaus.griffon.runtime.core.artifact.ModelArtifactHandler, singleton=true]
[pool-1-thread-2] TRACE org.codehaus.griffon.runtime.core.DefaultApplicationBootstrapper - TargetBinding[source=griffon.core.artifact.ArtifactHandler, classifier=@griffon.inject.Typed(value=interface griffon.core.artifact.GriffonView), target=org.codehaus.griffon.runtime.core.artifact.ViewArtifactHandler, singleton=true]
[pool-1-thread-2] TRACE org.codehaus.griffon.runtime.core.DefaultApplicationBootstrapper - TargetBinding[source=griffon.core.artifact.ArtifactHandler, classifier=@griffon.inject.Typed(value=interface griffon.core.artifact.GriffonController), target=org.codehaus.griffon.runtime.core.artifact.ControllerArtifactHandler, singleton=true]
[pool-1-thread-2] TRACE org.codehaus.griffon.runtime.core.DefaultApplicationBootstrapper - TargetBinding[source=griffon.core.artifact.ArtifactHandler, classifier=@griffon.inject.Typed(value=interface griffon.core.artifact.GriffonService), target=org.codehaus.griffon.runtime.core.artifact.ServiceArtifactHandler, singleton=true]
[pool-1-thread-2] TRACE org.codehaus.griffon.runtime.core.DefaultApplicationBootstrapper - ProviderTypeBinding[source=griffon.core.PlatformHandler, providerType=org.codehaus.griffon.runtime.core.PlatformHandlerProvider, singleton=true]
[pool-1-thread-2] TRACE org.codehaus.griffon.runtime.core.DefaultApplicationBootstrapper - TargetBinding[source=griffon.core.addon.AddonManager, target=org.codehaus.griffon.runtime.core.addon.DefaultAddonManager, singleton=true]
[pool-1-thread-2] TRACE org.codehaus.griffon.runtime.core.DefaultApplicationBootstrapper - TargetBinding[source=griffon.core.event.EventHandler, target=org.codehaus.griffon.runtime.core.event.DefaultEventHandler, singleton=true]
[pool-1-thread-2] TRACE org.codehaus.griffon.runtime.core.DefaultApplicationBootstrapper - ProviderTypeBinding[source=griffon.core.ExceptionHandler, providerType=org.codehaus.griffon.runtime.core.GriffonExceptionHandlerProvider, singleton=true]
[pool-1-thread-2] TRACE org.codehaus.griffon.runtime.core.DefaultApplicationBootstrapper - ProviderTypeBinding[source=griffon.util.ConfigReader, providerType=griffon.util.ConfigReader$Provider, singleton=true]
[pool-1-thread-2] TRACE org.codehaus.griffon.runtime.core.DefaultApplicationBootstrapper - TargetBinding[source=griffon.util.ResourceBundleLoader, classifier=@javax.inject.Named(value=groovy), target=org.codehaus.griffon.runtime.groovy.util.GroovyScriptResourceBundleLoader, singleton=true]
[pool-1-thread-2] TRACE org.codehaus.griffon.runtime.core.DefaultApplicationBootstrapper - TargetBinding[source=griffon.core.addon.GriffonAddon, classifier=@javax.inject.Named(value=groovy), target=org.codehaus.griffon.runtime.groovy.GroovyAddon, singleton=true]
[pool-1-thread-2] TRACE org.codehaus.griffon.runtime.core.DefaultApplicationBootstrapper - TargetBinding[source=griffon.util.BuilderCustomizer, classifier=@javax.inject.Named(value=core), target=griffon.builder.core.CoreBuilderCustomizer, singleton=true]
[pool-1-thread-2] TRACE org.codehaus.griffon.runtime.core.DefaultApplicationBootstrapper - TargetBinding[source=griffon.javafx.JavaFXWindowDisplayHandler, classifier=@javax.inject.Named(value=defaultWindowDisplayHandler), target=org.codehaus.griffon.runtime.javafx.DefaultJavaFXWindowDisplayHandler, singleton=true]
[pool-1-thread-2] TRACE org.codehaus.griffon.runtime.core.DefaultApplicationBootstrapper - TargetBinding[source=griffon.javafx.JavaFXWindowDisplayHandler, classifier=@javax.inject.Named(value=windowDisplayHandler), target=org.codehaus.griffon.runtime.javafx.GroovyAwareConfigurableJavaFXWindowDisplayHandler, singleton=true]
[pool-1-thread-2] TRACE org.codehaus.griffon.runtime.core.DefaultApplicationBootstrapper - InstanceBinding[source=griffon.javafx.support.ActionMatcher, instance=griffon.javafx.support.ActionMatcher$1@7754d40b, singleton=true]
[pool-1-thread-2] TRACE org.codehaus.griffon.runtime.core.DefaultApplicationBootstrapper - TargetBinding[source=griffon.util.BuilderCustomizer, classifier=@javax.inject.Named(value=javafx), target=griffon.builder.javafx.JavafxBuilderCustomizer, singleton=true]
[pool-1-thread-2] DEBUG org.codehaus.griffon.runtime.core.DefaultApplicationBootstrapper - Creating application injector
[pool-1-thread-2] DEBUG org.codehaus.griffon.runtime.core.DefaultApplicationBootstrapper - Injector will be created by org.codehaus.griffon.runtime.injection.GuiceInjectorFactory@4ea4ccc8
[pool-1-thread-2] DEBUG griffon.util.AnnotationUtils - computed module order is []
[pool-1-thread-2] DEBUG org.codehaus.griffon.runtime.core.event.AbstractEventRouter - Adding listener org.codehaus.griffon.runtime.core.configuration.AbstractConfigurationManager$1 on NewInstance
[pool-1-thread-2] INFO griffon.util.AnnotationUtils - resource bundle loader class with instance org.codehaus.griffon.runtime.util.ClassResourceBundleLoader@24871130 evicted by org.codehaus.griffon.runtime.groovy.util.GroovyScriptResourceBundleLoader@10f95116
[pool-1-thread-2] DEBUG griffon.util.AnnotationUtils - Current resource bundle loader order is [class, properties, xml]
[pool-1-thread-2] TRACE griffon.util.AnnotationUtils - Processing resource bundle loader 'class'
[pool-1-thread-2] TRACE griffon.util.AnnotationUtils -   depends on '[]'
[pool-1-thread-2] TRACE griffon.util.AnnotationUtils -   adding resource bundle loader 'class', since all dependencies have been added
[pool-1-thread-2] TRACE griffon.util.AnnotationUtils - Processing resource bundle loader 'properties'
[pool-1-thread-2] TRACE griffon.util.AnnotationUtils -   depends on '[]'
[pool-1-thread-2] TRACE griffon.util.AnnotationUtils -   adding resource bundle loader 'properties', since all dependencies have been added
[pool-1-thread-2] TRACE griffon.util.AnnotationUtils - Processing resource bundle loader 'xml'
[pool-1-thread-2] TRACE griffon.util.AnnotationUtils -   depends on '[]'
[pool-1-thread-2] TRACE griffon.util.AnnotationUtils -   adding resource bundle loader 'xml', since all dependencies have been added
[pool-1-thread-2] TRACE griffon.util.AnnotationUtils - resource bundle loader dependency ordering complete
[pool-1-thread-2] DEBUG griffon.util.AnnotationUtils - computed resource bundle loader order is [groovy, properties, xml]
[pool-1-thread-2] TRACE griffon.util.CompositeResourceBundle - Searching key=application
[pool-1-thread-2] TRACE griffon.util.CompositeResourceBundle - Bundle griffon.util.ExpandableResourceBundle@4ae9f94a; key=application; value='{title=JavaFX + Groovy, startupGroups=[sample], autoShutdown=true}'
[pool-1-thread-2] TRACE griffon.util.CompositeResourceBundle - Searching key=application.title
[pool-1-thread-2] TRACE griffon.util.CompositeResourceBundle - Bundle griffon.util.ExpandableResourceBundle@4ae9f94a; key=application.title; value='JavaFX + Groovy'
[pool-1-thread-2] TRACE griffon.util.CompositeResourceBundle - Searching key=application.startupGroups
[pool-1-thread-2] TRACE griffon.util.CompositeResourceBundle - Bundle griffon.util.ExpandableResourceBundle@4ae9f94a; key=application.startupGroups; value='[sample]'
[pool-1-thread-2] TRACE griffon.util.CompositeResourceBundle - Searching key=application.autoShutdown
[pool-1-thread-2] TRACE griffon.util.CompositeResourceBundle - Bundle griffon.util.ExpandableResourceBundle@4ae9f94a; key=application.autoShutdown; value='true'
[pool-1-thread-2] TRACE griffon.util.CompositeResourceBundle - Searching key=mvcGroups
[pool-1-thread-2] TRACE griffon.util.CompositeResourceBundle - Bundle griffon.util.ExpandableResourceBundle@4ae9f94a; key=mvcGroups; value='{sample={model=sample.javafx.groovy.SampleModel, view=sample.javafx.groovy.SampleView, controller=sample.javafx.groovy.SampleController}}'
[pool-1-thread-2] TRACE griffon.util.CompositeResourceBundle - Searching key=mvcGroups.sample.model
[pool-1-thread-2] TRACE griffon.util.CompositeResourceBundle - Bundle griffon.util.ExpandableResourceBundle@4ae9f94a; key=mvcGroups.sample.model; value='sample.javafx.groovy.SampleModel'
[pool-1-thread-2] TRACE griffon.util.CompositeResourceBundle - Searching key=mvcGroups.sample.view
[pool-1-thread-2] TRACE griffon.util.CompositeResourceBundle - Bundle griffon.util.ExpandableResourceBundle@4ae9f94a; key=mvcGroups.sample.view; value='sample.javafx.groovy.SampleView'
[pool-1-thread-2] TRACE griffon.util.CompositeResourceBundle - Searching key=mvcGroups.sample.controller
[pool-1-thread-2] TRACE griffon.util.CompositeResourceBundle - Bundle griffon.util.ExpandableResourceBundle@4ae9f94a; key=mvcGroups.sample.controller; value='sample.javafx.groovy.SampleController'
[pool-1-thread-2] DEBUG org.codehaus.griffon.runtime.core.event.AbstractEventRouter - Adding listener org.codehaus.griffon.runtime.core.MVCGroupExceptionHandler on UncaughtMVCGroupConfigurationException
[pool-1-thread-2] DEBUG org.codehaus.griffon.runtime.core.event.AbstractEventRouter - Adding listener org.codehaus.griffon.runtime.core.MVCGroupExceptionHandler on UncaughtMVCGroupInstantiationException
[pool-1-thread-2] DEBUG griffon.util.AnnotationUtils - Current handler order is [default]
[pool-1-thread-2] TRACE griffon.util.AnnotationUtils - Processing handler 'default'
[pool-1-thread-2] TRACE griffon.util.AnnotationUtils -   depends on '[]'
[pool-1-thread-2] TRACE griffon.util.AnnotationUtils -   adding handler 'default', since all dependencies have been added
[pool-1-thread-2] TRACE griffon.util.AnnotationUtils - handler dependency ordering complete
[pool-1-thread-2] DEBUG griffon.util.AnnotationUtils - computed handler order is [default]
[pool-1-thread-2] DEBUG org.codehaus.griffon.runtime.core.event.AbstractEventRouter - Triggering event 'BootstrapStart' synchronously
[pool-1-thread-2] DEBUG griffon.util.ServiceLoaderUtils - Reading java.beans.PropertyEditor definitions from jar:file:/home/travis/build/griffon/griffon/subprojects/griffon-core/build/libs/griffon-core-2.11.0-SNAPSHOT.jar!/META-INF/editors/java.beans.PropertyEditor
[pool-1-thread-2] DEBUG org.codehaus.griffon.runtime.core.DefaultApplicationConfigurer - Registering griffon.core.editors.StringPropertyEditor as editor for java.lang.String
[pool-1-thread-2] DEBUG org.codehaus.griffon.runtime.core.DefaultApplicationConfigurer - Registering griffon.core.editors.FilePropertyEditor as editor for java.io.File
[pool-1-thread-2] DEBUG org.codehaus.griffon.runtime.core.DefaultApplicationConfigurer - Registering griffon.core.editors.URLPropertyEditor as editor for java.net.URL
[pool-1-thread-2] DEBUG org.codehaus.griffon.runtime.core.DefaultApplicationConfigurer - Registering griffon.core.editors.URIPropertyEditor as editor for java.net.URI
[pool-1-thread-2] DEBUG org.codehaus.griffon.runtime.core.DefaultApplicationConfigurer - Registering griffon.core.editors.BigDecimalPropertyEditor as editor for java.math.BigDecimal
[pool-1-thread-2] DEBUG org.codehaus.griffon.runtime.core.DefaultApplicationConfigurer - Registering griffon.core.editors.BigIntegerPropertyEditor as editor for java.math.BigInteger
[pool-1-thread-2] DEBUG org.codehaus.griffon.runtime.core.DefaultApplicationConfigurer - Registering griffon.core.editors.BooleanPropertyEditor as editor for java.lang.Boolean
[pool-1-thread-2] DEBUG org.codehaus.griffon.runtime.core.DefaultApplicationConfigurer - Registering griffon.core.editors.BytePropertyEditor as editor for java.lang.Byte
[pool-1-thread-2] DEBUG org.codehaus.griffon.runtime.core.DefaultApplicationConfigurer - Registering griffon.core.editors.ShortPropertyEditor as editor for java.lang.Short
[pool-1-thread-2] DEBUG org.codehaus.griffon.runtime.core.DefaultApplicationConfigurer - Registering griffon.core.editors.IntegerPropertyEditor as editor for java.lang.Integer
[pool-1-thread-2] DEBUG org.codehaus.griffon.runtime.core.DefaultApplicationConfigurer - Registering griffon.core.editors.LongPropertyEditor as editor for java.lang.Long
[pool-1-thread-2] DEBUG org.codehaus.griffon.runtime.core.DefaultApplicationConfigurer - Registering griffon.core.editors.FloatPropertyEditor as editor for java.lang.Float
[pool-1-thread-2] DEBUG org.codehaus.griffon.runtime.core.DefaultApplicationConfigurer - Registering griffon.core.editors.DoublePropertyEditor as editor for java.lang.Double
[pool-1-thread-2] DEBUG org.codehaus.griffon.runtime.core.DefaultApplicationConfigurer - Registering griffon.core.editors.CalendarPropertyEditor as editor for java.util.Calendar
[pool-1-thread-2] DEBUG org.codehaus.griffon.runtime.core.DefaultApplicationConfigurer - Registering griffon.core.editors.DatePropertyEditor as editor for java.util.Date
[pool-1-thread-2] DEBUG org.codehaus.griffon.runtime.core.DefaultApplicationConfigurer - Registering griffon.core.editors.LocalePropertyEditor as editor for java.util.Locale
[pool-1-thread-2] DEBUG griffon.util.ServiceLoaderUtils - Reading java.beans.PropertyEditor definitions from jar:file:/home/travis/build/griffon/griffon/subprojects/griffon-javafx/build/libs/griffon-javafx-2.11.0-SNAPSHOT.jar!/META-INF/editors/java.beans.PropertyEditor
[pool-1-thread-2] DEBUG org.codehaus.griffon.runtime.core.DefaultApplicationConfigurer - Registering griffon.javafx.editors.Dimension2DPropertyEditor as editor for javafx.geometry.Dimension2D
[pool-1-thread-2] DEBUG org.codehaus.griffon.runtime.core.DefaultApplicationConfigurer - Registering griffon.javafx.editors.InsetsPropertyEditor as editor for javafx.geometry.Insets
[pool-1-thread-2] DEBUG org.codehaus.griffon.runtime.core.DefaultApplicationConfigurer - Registering griffon.javafx.editors.Point2DPropertyEditor as editor for javafx.geometry.Point2D
[pool-1-thread-2] DEBUG org.codehaus.griffon.runtime.core.DefaultApplicationConfigurer - Registering griffon.javafx.editors.Rectangle2DPropertyEditor as editor for javafx.geometry.Rectangle2D
[pool-1-thread-2] DEBUG org.codehaus.griffon.runtime.core.DefaultApplicationConfigurer - Registering griffon.javafx.editors.GraphicPropertyEditor as editor for javafx.scene.Node
[pool-1-thread-2] DEBUG org.codehaus.griffon.runtime.core.DefaultApplicationConfigurer - Registering griffon.javafx.editors.ImagePropertyEditor as editor for javafx.scene.image.Image
[pool-1-thread-2] DEBUG org.codehaus.griffon.runtime.core.DefaultApplicationConfigurer - Registering griffon.javafx.editors.ColorPropertyEditor as editor for javafx.scene.paint.Color
[pool-1-thread-2] DEBUG org.codehaus.griffon.runtime.core.DefaultApplicationConfigurer - Registering griffon.javafx.editors.LinearGradientPropertyEditor as editor for javafx.scene.paint.LinearGradient
[pool-1-thread-2] DEBUG org.codehaus.griffon.runtime.core.DefaultApplicationConfigurer - Registering griffon.javafx.editors.PaintPropertyEditor as editor for javafx.scene.paint.Paint
[pool-1-thread-2] DEBUG org.codehaus.griffon.runtime.core.DefaultApplicationConfigurer - Registering griffon.javafx.editors.RadialGradientPropertyEditor as editor for javafx.scene.paint.RadialGradient
[pool-1-thread-2] TRACE griffon.core.editors.PropertyEditorResolver - Searching PropertyEditor for java.lang.Boolean
[pool-1-thread-2] TRACE griffon.core.editors.PropertyEditorResolver - PropertyEditor for java.lang.Boolean is griffon.core.editors.BooleanPropertyEditor
[pool-1-thread-2] DEBUG org.codehaus.griffon.runtime.core.DefaultApplicationConfigurer - Registering griffon.core.editors.BooleanPropertyEditor as editor for boolean
[pool-1-thread-2] TRACE griffon.core.editors.PropertyEditorResolver - Searching PropertyEditor for java.lang.Byte
[pool-1-thread-2] TRACE griffon.core.editors.PropertyEditorResolver - PropertyEditor for java.lang.Byte is griffon.core.editors.BytePropertyEditor
[pool-1-thread-2] DEBUG org.codehaus.griffon.runtime.core.DefaultApplicationConfigurer - Registering griffon.core.editors.BytePropertyEditor as editor for byte
[pool-1-thread-2] TRACE griffon.core.editors.PropertyEditorResolver - Searching PropertyEditor for java.lang.Short
[pool-1-thread-2] TRACE griffon.core.editors.PropertyEditorResolver - PropertyEditor for java.lang.Short is griffon.core.editors.ShortPropertyEditor
[pool-1-thread-2] DEBUG org.codehaus.griffon.runtime.core.DefaultApplicationConfigurer - Registering griffon.core.editors.ShortPropertyEditor as editor for short
[pool-1-thread-2] TRACE griffon.core.editors.PropertyEditorResolver - Searching PropertyEditor for java.lang.Integer
[pool-1-thread-2] TRACE griffon.core.editors.PropertyEditorResolver - PropertyEditor for java.lang.Integer is griffon.core.editors.IntegerPropertyEditor
[pool-1-thread-2] DEBUG org.codehaus.griffon.runtime.core.DefaultApplicationConfigurer - Registering griffon.core.editors.IntegerPropertyEditor as editor for int
[pool-1-thread-2] TRACE griffon.core.editors.PropertyEditorResolver - Searching PropertyEditor for java.lang.Long
[pool-1-thread-2] TRACE griffon.core.editors.PropertyEditorResolver - PropertyEditor for java.lang.Long is griffon.core.editors.LongPropertyEditor
[pool-1-thread-2] DEBUG org.codehaus.griffon.runtime.core.DefaultApplicationConfigurer - Registering griffon.core.editors.LongPropertyEditor as editor for long
[pool-1-thread-2] TRACE griffon.core.editors.PropertyEditorResolver - Searching PropertyEditor for java.lang.Float
[pool-1-thread-2] TRACE griffon.core.editors.PropertyEditorResolver - PropertyEditor for java.lang.Float is griffon.core.editors.FloatPropertyEditor
[pool-1-thread-2] DEBUG org.codehaus.griffon.runtime.core.DefaultApplicationConfigurer - Registering griffon.core.editors.FloatPropertyEditor as editor for float
[pool-1-thread-2] TRACE griffon.core.editors.PropertyEditorResolver - Searching PropertyEditor for java.lang.Double
[pool-1-thread-2] TRACE griffon.core.editors.PropertyEditorResolver - PropertyEditor for java.lang.Double is griffon.core.editors.DoublePropertyEditor
[pool-1-thread-2] DEBUG org.codehaus.griffon.runtime.core.DefaultApplicationConfigurer - Registering griffon.core.editors.DoublePropertyEditor as editor for double
[pool-1-thread-2] DEBUG org.codehaus.griffon.runtime.core.event.AbstractEventRouter - Adding listener org.codehaus.griffon.runtime.core.DefaultApplicationConfigurer$2 on NewInstance
[pool-1-thread-2] TRACE griffon.util.CompositeResourceBundle - Searching key=application.lifecycle.handler.disable
[pool-1-thread-2] TRACE griffon.util.CompositeResourceBundle - Searching key=application
[pool-1-thread-2] TRACE griffon.util.CompositeResourceBundle - Bundle griffon.util.ExpandableResourceBundle@4ae9f94a; key=application; value='{title=JavaFX + Groovy, startupGroups=[sample], autoShutdown=true}'
[pool-1-thread-2] TRACE griffon.util.CompositeResourceBundle - Searching key=platform.handler.linux64
[pool-1-thread-2] TRACE griffon.util.CompositeResourceBundle - Searching key=platform
[pool-1-thread-2] DEBUG org.codehaus.griffon.runtime.core.PlatformHandlerProvider - Using org.codehaus.griffon.runtime.core.DefaultPlatformHandler as PlatformHandler
[pool-1-thread-2] DEBUG org.codehaus.griffon.runtime.core.addon.AbstractAddonManager - Loading addons [START]
[pool-1-thread-2] DEBUG griffon.util.AnnotationUtils - Current addon order is [groovy]
[pool-1-thread-2] TRACE griffon.util.AnnotationUtils - Processing addon 'groovy'
[pool-1-thread-2] TRACE griffon.util.AnnotationUtils -   depends on '[]'
[pool-1-thread-2] TRACE griffon.util.AnnotationUtils -   adding addon 'groovy', since all dependencies have been added
[pool-1-thread-2] TRACE griffon.util.AnnotationUtils - addon dependency ordering complete
[pool-1-thread-2] DEBUG griffon.util.AnnotationUtils - computed addon order is [groovy]
[pool-1-thread-2] DEBUG org.codehaus.griffon.runtime.core.event.AbstractEventRouter - Triggering event 'LoadAddonsStart' synchronously
[pool-1-thread-2] DEBUG org.codehaus.griffon.runtime.core.addon.AbstractAddonManager - Loading addon groovy with class org.codehaus.griffon.runtime.groovy.GroovyAddon
[pool-1-thread-2] DEBUG org.codehaus.griffon.runtime.core.event.AbstractEventRouter - Triggering event 'LoadAddonStart' synchronously
[pool-1-thread-2] DEBUG org.codehaus.griffon.runtime.core.event.AbstractEventRouter - Adding listener org.codehaus.griffon.runtime.groovy.GroovyAddon@574b79cf
[pool-1-thread-2] DEBUG org.codehaus.griffon.runtime.core.event.AbstractEventRouter - Triggering event 'LoadAddonEnd' synchronously
[pool-1-thread-2] DEBUG org.codehaus.griffon.runtime.core.addon.AbstractAddonManager - Loaded addon groovy
[pool-1-thread-2] DEBUG org.codehaus.griffon.runtime.core.addon.AbstractAddonManager - Loading addons [END]
[pool-1-thread-2] DEBUG org.codehaus.griffon.runtime.core.event.AbstractEventRouter - Triggering event 'LoadAddonsEnd' synchronously
[pool-1-thread-2] TRACE griffon.util.CompositeResourceBundle - Searching key=mvcGroups
[pool-1-thread-2] TRACE griffon.util.CompositeResourceBundle - Bundle griffon.util.ExpandableResourceBundle@4ae9f94a; key=mvcGroups; value='{sample={model=sample.javafx.groovy.SampleModel, view=sample.javafx.groovy.SampleView, controller=sample.javafx.groovy.SampleController}}'
[pool-1-thread-2] DEBUG org.codehaus.griffon.runtime.core.DefaultApplicationConfigurer - Adding MVC group sample
[pool-1-thread-2] DEBUG org.codehaus.griffon.runtime.core.event.AbstractEventRouter - Adding listener org.codehaus.griffon.runtime.core.DefaultApplicationConfigurer$3 on NewInstance
[pool-1-thread-2] TRACE griffon.util.CompositeResourceBundle - Searching key=griffon.controller.action.handler.order
[pool-1-thread-2] TRACE griffon.util.CompositeResourceBundle - Searching key=griffon
[pool-1-thread-2] DEBUG griffon.util.AnnotationUtils - computed handler order is []
[pool-1-thread-2] DEBUG org.codehaus.griffon.runtime.core.artifact.AbstractArtifactManager - Registering artifact handler for type 'model': org.codehaus.griffon.runtime.core.artifact.ModelArtifactHandler@5f2e2c3
[pool-1-thread-2] DEBUG org.codehaus.griffon.runtime.core.artifact.AbstractArtifactManager - Registering artifact handler for type 'view': org.codehaus.griffon.runtime.core.artifact.ViewArtifactHandler@37ac057f
[pool-1-thread-2] DEBUG org.codehaus.griffon.runtime.core.artifact.AbstractArtifactManager - Registering artifact handler for type 'controller': org.codehaus.griffon.runtime.core.artifact.ControllerArtifactHandler@57318161
[pool-1-thread-2] DEBUG org.codehaus.griffon.runtime.core.artifact.AbstractArtifactManager - Registering artifact handler for type 'service': org.codehaus.griffon.runtime.core.artifact.ServiceArtifactHandler@3c5e5cfa
[pool-1-thread-2] DEBUG griffon.util.ServiceLoaderUtils - Reading griffon.core.artifact.GriffonView definitions from file:/home/travis/build/griffon/griffon/samples/sample-javafx-groovy/build/classes/main/META-INF/griffon/griffon.core.artifact.GriffonView
[pool-1-thread-2] DEBUG griffon.util.ServiceLoaderUtils - Reading griffon.core.artifact.GriffonController definitions from file:/home/travis/build/griffon/griffon/samples/sample-javafx-groovy/build/classes/main/META-INF/griffon/griffon.core.artifact.GriffonController
[pool-1-thread-2] DEBUG griffon.util.ServiceLoaderUtils - Reading griffon.core.artifact.GriffonService definitions from file:/home/travis/build/griffon/griffon/samples/sample-javafx-groovy/build/classes/main/META-INF/griffon/griffon.core.artifact.GriffonService
[pool-1-thread-2] DEBUG griffon.util.ServiceLoaderUtils - Reading griffon.core.artifact.GriffonModel definitions from file:/home/travis/build/griffon/griffon/samples/sample-javafx-groovy/build/classes/main/META-INF/griffon/griffon.core.artifact.GriffonModel
[pool-1-thread-2] DEBUG org.codehaus.griffon.runtime.core.artifact.DefaultArtifactManager - Artifacts of type 'view' = 1
[pool-1-thread-2] DEBUG org.codehaus.griffon.runtime.core.artifact.DefaultArtifactManager - Artifacts of type 'controller' = 1
[pool-1-thread-2] DEBUG org.codehaus.griffon.runtime.core.artifact.DefaultArtifactManager - Artifacts of type 'service' = 1
[pool-1-thread-2] DEBUG org.codehaus.griffon.runtime.core.artifact.DefaultArtifactManager - Artifacts of type 'model' = 1
[pool-1-thread-2] DEBUG org.codehaus.griffon.runtime.core.event.AbstractEventRouter - Triggering event 'BootstrapEnd' synchronously
[griffon-pool-2-thread-1] DEBUG org.codehaus.griffon.runtime.core.event.AbstractEventRouter - Triggering event 'StartupStart' synchronously
[griffon-pool-2-thread-1] TRACE griffon.util.CompositeResourceBundle - Searching key=application.startupGroups
[griffon-pool-2-thread-1] TRACE griffon.util.CompositeResourceBundle - Bundle griffon.util.ExpandableResourceBundle@4ae9f94a; key=application.startupGroups; value='[sample]'
[griffon-pool-2-thread-1] INFO org.codehaus.griffon.runtime.javafx.TestJavaFXGriffonApplication - Initializing all startup groups: [sample]
[griffon-pool-2-thread-1] DEBUG org.codehaus.griffon.runtime.core.mvc.AbstractMVCGroupManager - Searching group sample
[griffon-pool-2-thread-1] DEBUG org.codehaus.griffon.runtime.core.mvc.DefaultMVCGroupManager - Building MVC group 'sample' with name 'sample'
[griffon-pool-2-thread-1] DEBUG org.codehaus.griffon.runtime.core.artifact.AbstractArtifactManager - Searching for griffonClass of sample.javafx.groovy.SampleModel
[griffon-pool-2-thread-1] DEBUG org.codehaus.griffon.runtime.core.artifact.AbstractArtifactManager - Searching for griffonClass of sample.javafx.groovy.SampleView
[griffon-pool-2-thread-1] DEBUG org.codehaus.griffon.runtime.core.artifact.AbstractArtifactManager - Searching for griffonClass of sample.javafx.groovy.SampleController
[griffon-pool-2-thread-1] DEBUG org.codehaus.griffon.runtime.core.artifact.AbstractArtifactManager - Searching for griffonClass of sample.javafx.groovy.SampleModel
[griffon-pool-2-thread-1] DEBUG org.codehaus.griffon.runtime.core.artifact.AbstractArtifactManager - Searching for griffonClass of sample.javafx.groovy.SampleModel
[griffon-pool-2-thread-1] DEBUG org.codehaus.griffon.runtime.core.event.AbstractEventRouter - Triggering event 'NewInstance' synchronously
[griffon-pool-2-thread-1] DEBUG org.codehaus.griffon.runtime.core.artifact.AbstractArtifactManager - Searching for griffonClass of sample.javafx.groovy.SampleView
[griffon-pool-2-thread-1] DEBUG org.codehaus.griffon.runtime.core.artifact.AbstractArtifactManager - Searching for griffonClass of sample.javafx.groovy.SampleView
[JavaFX Application Thread] DEBUG org.codehaus.griffon.runtime.core.event.AbstractEventRouter - Triggering event 'NewInstance' synchronously
[griffon-pool-2-thread-1] DEBUG org.codehaus.griffon.runtime.core.artifact.AbstractArtifactManager - Searching for griffonClass of sample.javafx.groovy.SampleController
[griffon-pool-2-thread-1] DEBUG org.codehaus.griffon.runtime.core.artifact.AbstractArtifactManager - Searching for griffonClass of sample.javafx.groovy.SampleController
[griffon-pool-2-thread-1] DEBUG org.codehaus.griffon.runtime.core.event.AbstractEventRouter - Triggering event 'NewInstance' synchronously
[griffon-pool-2-thread-1] DEBUG org.codehaus.griffon.runtime.core.event.AbstractEventRouter - Triggering event 'NewInstance' synchronously
[griffon-pool-2-thread-1] DEBUG org.codehaus.griffon.runtime.core.artifact.AbstractArtifactManager - Searching for griffonClass of sample.javafx.groovy.SampleController
[griffon-pool-2-thread-1] TRACE griffon.util.CompositeResourceBundle - Searching key=sample.javafx.groovy.SampleController.action.SayHello.name
[griffon-pool-2-thread-1] TRACE griffon.util.CompositeResourceBundle - Searching key=application.action.SayHello.name
[griffon-pool-2-thread-1] TRACE org.codehaus.griffon.runtime.javafx.controller.JavaFXActionManager - sample.javafx.groovy.SampleController.action.SayHello.name = Say Hello
[griffon-pool-2-thread-1] TRACE griffon.util.CompositeResourceBundle - Searching key=sample.javafx.groovy.SampleController.action.SayHello.accelerator
[griffon-pool-2-thread-1] TRACE griffon.util.CompositeResourceBundle - Searching key=application.action.SayHello.accelerator
[griffon-pool-2-thread-1] TRACE griffon.util.CompositeResourceBundle - Searching key=sample.javafx.groovy.SampleController.action.SayHello.description
[griffon-pool-2-thread-1] TRACE griffon.util.CompositeResourceBundle - Searching key=application.action.SayHello.description
[griffon-pool-2-thread-1] TRACE griffon.util.CompositeResourceBundle - Searching key=sample.javafx.groovy.SampleController.action.SayHello.icon
[griffon-pool-2-thread-1] TRACE griffon.util.CompositeResourceBundle - Searching key=application.action.SayHello.icon
[griffon-pool-2-thread-1] TRACE griffon.util.CompositeResourceBundle - Searching key=sample.javafx.groovy.SampleController.action.SayHello.image
[griffon-pool-2-thread-1] TRACE griffon.util.CompositeResourceBundle - Searching key=application.action.SayHello.image
[griffon-pool-2-thread-1] TRACE griffon.util.CompositeResourceBundle - Searching key=sample.javafx.groovy.SampleController.action.SayHello.enabled
[griffon-pool-2-thread-1] TRACE griffon.util.CompositeResourceBundle - Searching key=application.action.SayHello.enabled
[griffon-pool-2-thread-1] TRACE org.codehaus.griffon.runtime.javafx.controller.JavaFXActionManager - sample.javafx.groovy.SampleController.action.SayHello.enabled = true
[griffon-pool-2-thread-1] TRACE griffon.util.CompositeResourceBundle - Searching key=sample.javafx.groovy.SampleController.action.SayHello.selected
[griffon-pool-2-thread-1] TRACE griffon.util.CompositeResourceBundle - Searching key=application.action.SayHello.selected
[griffon-pool-2-thread-1] TRACE org.codehaus.griffon.runtime.javafx.controller.JavaFXActionManager - sample.javafx.groovy.SampleController.action.SayHello.selected = false
[griffon-pool-2-thread-1] TRACE griffon.util.CompositeResourceBundle - Searching key=sample.javafx.groovy.SampleController.action.SayHello.visible
[griffon-pool-2-thread-1] TRACE griffon.util.CompositeResourceBundle - Searching key=application.action.SayHello.visible
[griffon-pool-2-thread-1] TRACE org.codehaus.griffon.runtime.javafx.controller.JavaFXActionManager - sample.javafx.groovy.SampleController.action.SayHello.visible = true
[griffon-pool-2-thread-1] TRACE griffon.util.CompositeResourceBundle - Searching key=sample.javafx.groovy.SampleController.action.SayHello.styleclass
[griffon-pool-2-thread-1] TRACE griffon.util.CompositeResourceBundle - Searching key=application.action.SayHello.styleclass
[griffon-pool-2-thread-1] TRACE griffon.util.CompositeResourceBundle - Searching key=sample.javafx.groovy.SampleController.action.SayHello.style
[griffon-pool-2-thread-1] TRACE griffon.util.CompositeResourceBundle - Searching key=application.action.SayHello.style
[griffon-pool-2-thread-1] TRACE griffon.util.CompositeResourceBundle - Searching key=sample.javafx.groovy.SampleController.action.SayHello.graphic_styleclass
[griffon-pool-2-thread-1] TRACE griffon.util.CompositeResourceBundle - Searching key=application.action.SayHello.graphic_styleclass
[griffon-pool-2-thread-1] TRACE griffon.util.CompositeResourceBundle - Searching key=sample.javafx.groovy.SampleController.action.SayHello.graphic_style
[griffon-pool-2-thread-1] TRACE griffon.util.CompositeResourceBundle - Searching key=application.action.SayHello.graphic_style
[griffon-pool-2-thread-1] TRACE griffon.core.editors.PropertyEditorResolver - Searching PropertyEditor for javafx.scene.image.Image
[griffon-pool-2-thread-1] TRACE griffon.core.editors.PropertyEditorResolver - PropertyEditor for javafx.scene.image.Image is griffon.javafx.editors.ImagePropertyEditor
[griffon-pool-2-thread-1] TRACE org.codehaus.griffon.runtime.core.controller.AbstractActionManager - Action for sample.javafx.groovy.SampleController.sayHello stored as sayHello
[griffon-pool-2-thread-1] DEBUG griffon.util.AnnotationUtils - Current customizer order is [core, javafx]
[griffon-pool-2-thread-1] TRACE griffon.util.AnnotationUtils - Processing customizer 'core'
[griffon-pool-2-thread-1] TRACE griffon.util.AnnotationUtils -   depends on '[]'
[griffon-pool-2-thread-1] TRACE griffon.util.AnnotationUtils -   adding customizer 'core', since all dependencies have been added
[griffon-pool-2-thread-1] TRACE griffon.util.AnnotationUtils - Processing customizer 'javafx'
[griffon-pool-2-thread-1] TRACE griffon.util.AnnotationUtils -   depends on '[core]'
[griffon-pool-2-thread-1] TRACE griffon.util.AnnotationUtils -   checking customizer 'javafx' dependencies (1)
[griffon-pool-2-thread-1] TRACE griffon.util.AnnotationUtils -   checking customizer 'javafx' dependencies: 
[griffon-pool-2-thread-1] TRACE griffon.util.AnnotationUtils -   customizer 'javafx' dependency 'core' already added
[griffon-pool-2-thread-1] TRACE griffon.util.AnnotationUtils -   adding customizer 'javafx', since all dependencies have been added
[griffon-pool-2-thread-1] TRACE griffon.util.AnnotationUtils - customizer dependency ordering complete
[griffon-pool-2-thread-1] DEBUG griffon.util.AnnotationUtils - computed customizer order is [core, javafx]
[griffon-pool-2-thread-1] DEBUG org.codehaus.griffon.runtime.core.event.AbstractEventRouter - Triggering event 'InitializeMVCGroup' synchronously
[griffon-pool-2-thread-1] TRACE griffon.addon.GroovyAddon - Adding action sayHelloAction to sample:sample:builder
[griffon-pool-2-thread-1] DEBUG org.codehaus.griffon.runtime.core.mvc.AbstractMVCGroupManager - Adding group sample:org.codehaus.griffon.runtime.groovy.mvc.GroovyAwareMVCGroup@755c50d1[sample:sample]
[griffon-pool-2-thread-1] DEBUG org.codehaus.griffon.runtime.core.mvc.DefaultMVCGroupManager - Initializing each MVC member of group 'sample'
[JavaFX Application Thread] TRACE griffon.util.CompositeResourceBundle - Searching key=application.title
[JavaFX Application Thread] TRACE griffon.util.CompositeResourceBundle - Bundle griffon.util.ExpandableResourceBundle@4ae9f94a; key=application.title; value='JavaFX + Groovy'
[JavaFX Application Thread] DEBUG org.codehaus.griffon.runtime.core.view.AbstractWindowManager - Attaching window with name: 'mainWindow' at index 0 javafx.stage.Stage@534395e
[JavaFX Application Thread] DEBUG org.codehaus.griffon.runtime.core.event.AbstractEventRouter - Triggering event 'WindowAttached' synchronously
[JavaFX Application Thread] TRACE griffon.util.CompositeResourceBundle - Searching key=name.label
[JavaFX Application Thread] TRACE griffon.util.CompositeResourceBundle - Bundle griffon.util.ExpandableResourceBundle@7c2e39d; key=name.label; value='Please enter your name'
[Test worker] DEBUG org.codehaus.griffon.runtime.core.event.AbstractEventRouter - Adding listener griffon.javafx.test.GriffonTestFXRule$WindowShownHandler on WindowShown
[griffon-pool-2-thread-1] DEBUG org.codehaus.griffon.runtime.core.event.AbstractEventRouter - Triggering event 'CreateMVCGroup' synchronously
[griffon-pool-2-thread-1] TRACE griffon.util.CompositeResourceBundle - Searching key=application.lifecycle.handler.disable
[griffon-pool-2-thread-1] TRACE griffon.util.CompositeResourceBundle - Searching key=application
[griffon-pool-2-thread-1] TRACE griffon.util.CompositeResourceBundle - Bundle griffon.util.ExpandableResourceBundle@4ae9f94a; key=application; value='{title=JavaFX + Groovy, startupGroups=[sample], autoShutdown=true}'
[griffon-pool-2-thread-1] DEBUG org.codehaus.griffon.runtime.core.event.AbstractEventRouter - Triggering event 'StartupEnd' synchronously
[griffon-pool-2-thread-1] DEBUG org.codehaus.griffon.runtime.core.view.AbstractWindowManager - windowManager.startingWindow configured to mainWindow
[griffon-pool-2-thread-1] DEBUG org.codehaus.griffon.runtime.core.view.AbstractWindowManager - Selecting window mainWindow as starting window
[griffon-pool-2-thread-1] DEBUG org.codehaus.griffon.runtime.core.view.AbstractWindowManager - Starting Window is javafx.stage.Stage@534395e
[griffon-pool-2-thread-1] DEBUG org.codehaus.griffon.runtime.core.event.AbstractEventRouter - Triggering event 'ReadyStart' synchronously
[griffon-pool-2-thread-1] TRACE griffon.util.CompositeResourceBundle - Searching key=application.lifecycle.handler.disable
[griffon-pool-2-thread-1] TRACE griffon.util.CompositeResourceBundle - Searching key=application
[griffon-pool-2-thread-1] TRACE griffon.util.CompositeResourceBundle - Bundle griffon.util.ExpandableResourceBundle@4ae9f94a; key=application; value='{title=JavaFX + Groovy, startupGroups=[sample], autoShutdown=true}'
[griffon-pool-2-thread-1] DEBUG org.codehaus.griffon.runtime.core.event.AbstractEventRouter - Triggering event 'ReadyEnd' synchronously
[JavaFX Application Thread] DEBUG org.codehaus.griffon.runtime.core.view.AbstractWindowManager - Showing window with name: 'mainWindow' at index 0 javafx.stage.Stage@534395e
[JavaFX Application Thread] TRACE griffon.util.CompositeResourceBundle - Searching key=windowManager
[JavaFX Application Thread] TRACE griffon.util.CompositeResourceBundle - Searching key=windowManager
[JavaFX Application Thread] TRACE griffon.util.CompositeResourceBundle - Searching key=windowManager
[JavaFX Application Thread] TRACE griffon.util.CompositeResourceBundle - Searching key=windowManager
[JavaFX Application Thread] TRACE org.codehaus.griffon.runtime.core.view.ConfigurableWindowDisplayHandler - Showing mainWindow with default handler
[JavaFX Application Thread] TRACE griffon.util.CompositeResourceBundle - Searching key=windowManager
[JavaFX Application Thread] TRACE griffon.util.CompositeResourceBundle - Searching key=windowManager
[JavaFX Application Thread] DEBUG org.codehaus.griffon.runtime.core.event.AbstractEventRouter - Triggering event 'WindowShown' synchronously
[JavaFX Application Thread] TRACE griffon.util.CompositeResourceBundle - Searching key=griffon.disable.threading.injection
[JavaFX Application Thread] TRACE griffon.util.CompositeResourceBundle - Searching key=griffon
[JavaFX Application Thread] TRACE griffon.util.CompositeResourceBundle - Searching key=controller.threading.default
[JavaFX Application Thread] TRACE griffon.util.CompositeResourceBundle - Searching key=controller
[JavaFX Application Thread] DEBUG org.codehaus.griffon.runtime.core.controller.AbstractActionManager - Executing sample.javafx.groovy.SampleController.sayHello with policy OUTSIDE_UITHREAD
[griffon-pool-2-thread-2] TRACE org.codehaus.griffon.runtime.core.controller.AbstractActionManager - Resolving contextual arguments for sample.javafx.groovy.SampleController.sayHello
[griffon-pool-2-thread-2] DEBUG org.codehaus.griffon.runtime.core.controller.AbstractActionManager - Executing 0 handlers for sample.javafx.groovy.SampleController.sayHello
[griffon-pool-2-thread-2] TRACE org.codehaus.griffon.runtime.core.controller.AbstractActionManager - Status before execution of sample.javafx.groovy.SampleController.sayHello is OK
[griffon-pool-2-thread-2] TRACE griffon.util.CompositeResourceBundle - Searching key=greeting.default
[griffon-pool-2-thread-2] TRACE griffon.util.CompositeResourceBundle - Bundle griffon.util.ExpandableResourceBundle@7c2e39d; key=greeting.default; value='Howdy stranger!'
[griffon-pool-2-thread-2] TRACE org.codehaus.griffon.runtime.core.controller.AbstractActionManager - Status after execution of sample.javafx.groovy.SampleController.sayHello is OK
[Test worker] DEBUG org.codehaus.griffon.runtime.core.event.AbstractEventRouter - Triggering event 'ShutdownRequested' synchronously
[Test worker] INFO org.codehaus.griffon.runtime.javafx.TestJavaFXGriffonApplication - Shutdown is in process
[Test worker] DEBUG org.codehaus.griffon.runtime.javafx.TestJavaFXGriffonApplication - Shutdown stage 1: notify all event listeners
[Test worker] DEBUG org.codehaus.griffon.runtime.core.event.AbstractEventRouter - Adding listener griffon.javafx.AbstractJavaFXGriffonApplication$$Lambda$196/1729303337 on ShutdownStart
[Test worker] DEBUG org.codehaus.griffon.runtime.core.event.AbstractEventRouter - Triggering event 'ShutdownStart' synchronously
[Test worker] DEBUG org.codehaus.griffon.runtime.javafx.TestJavaFXGriffonApplication - Shutdown stage 2: notify all shutdown handlers
[Test worker] DEBUG org.codehaus.griffon.runtime.javafx.TestJavaFXGriffonApplication - Shutdown stage 3: destroy all MVC groups
[Test worker] DEBUG org.codehaus.griffon.runtime.core.mvc.AbstractMVCGroupManager - Searching group sample
[Test worker] DEBUG org.codehaus.griffon.runtime.core.mvc.DefaultMVCGroupManager - Group 'sample' points to org.codehaus.griffon.runtime.groovy.mvc.GroovyAwareMVCGroup@755c50d1[sample:sample]
[Test worker] DEBUG org.codehaus.griffon.runtime.core.mvc.DefaultMVCGroupManager - Destroying MVC group identified by 'sample'
[Test worker] DEBUG org.codehaus.griffon.runtime.core.event.AbstractEventRouter - Triggering event 'DestroyInstance' synchronously
[Test worker] DEBUG org.codehaus.griffon.runtime.core.event.AbstractEventRouter - Triggering event 'DestroyInstance' synchronously
[JavaFX Application Thread] DEBUG org.codehaus.griffon.runtime.core.view.AbstractWindowManager - Hiding window with name: 'mainWindow' at index 0 javafx.stage.Stage@534395e
[JavaFX Application Thread] TRACE griffon.util.CompositeResourceBundle - Searching key=windowManager
[JavaFX Application Thread] TRACE griffon.util.CompositeResourceBundle - Searching key=windowManager
[JavaFX Application Thread] TRACE griffon.util.CompositeResourceBundle - Searching key=windowManager
[JavaFX Application Thread] TRACE griffon.util.CompositeResourceBundle - Searching key=windowManager
[JavaFX Application Thread] TRACE org.codehaus.griffon.runtime.core.view.ConfigurableWindowDisplayHandler - Hiding mainWindow with default handler
[JavaFX Application Thread] TRACE griffon.util.CompositeResourceBundle - Searching key=windowManager
[JavaFX Application Thread] TRACE griffon.util.CompositeResourceBundle - Searching key=windowManager
[JavaFX Application Thread] DEBUG org.codehaus.griffon.runtime.core.event.AbstractEventRouter - Triggering event 'WindowHidden' synchronously
[Test worker] DEBUG org.codehaus.griffon.runtime.core.event.AbstractEventRouter - Triggering event 'DestroyInstance' synchronously
[Test worker] DEBUG org.codehaus.griffon.runtime.core.mvc.AbstractMVCGroupManager - Removing group sample:org.codehaus.griffon.runtime.groovy.mvc.GroovyAwareMVCGroup@755c50d1[sample:sample]
[Test worker] DEBUG org.codehaus.griffon.runtime.core.mvc.AbstractMVCGroupManager - Searching group sample
[Test worker] DEBUG org.codehaus.griffon.runtime.core.mvc.DefaultMVCGroupManager - Group 'sample' points to null
[Test worker] DEBUG org.codehaus.griffon.runtime.core.event.AbstractEventRouter - Triggering event 'DestroyMVCGroup' synchronously
[Test worker] DEBUG org.codehaus.griffon.runtime.javafx.TestJavaFXGriffonApplication - Shutdown stage 4: execute Shutdown script
[Test worker] TRACE griffon.util.CompositeResourceBundle - Searching key=application.lifecycle.handler.disable
[Test worker] TRACE griffon.util.CompositeResourceBundle - Searching key=application
[Test worker] TRACE griffon.util.CompositeResourceBundle - Bundle griffon.util.ExpandableResourceBundle@4ae9f94a; key=application; value='{title=JavaFX + Groovy, startupGroups=[sample], autoShutdown=true}'
[JavaFX Application Thread] DEBUG org.codehaus.griffon.runtime.core.view.AbstractWindowManager - Hiding window with name: 'mainWindow' at index 0 javafx.stage.Stage@534395e
]]></system-err>
</testsuite>
