<?xml version="1.0" encoding="UTF-8"?>
<testsuite name="griffon.javafx.beans.property.ResetableDoublePropertyTest" tests="4" skipped="0" failures="0" errors="0" timestamp="2017-05-04T09:06:01" hostname="testing-docker-ace0605b-7337-48a1-8fdb-4d5d4cfd489f" time="0.036">
  <properties/>
  <testcase name="rebasingPropertyAffectsBaseValue" classname="griffon.javafx.beans.property.ResetableDoublePropertyTest" time="0.025"/>
  <testcase name="dirtyChecks" classname="griffon.javafx.beans.property.ResetableDoublePropertyTest" time="0.008"/>
  <testcase name="resetingPropertyAffectsValue" classname="griffon.javafx.beans.property.ResetableDoublePropertyTest" time="0.0"/>
  <testcase name="updatingValueDoesNotAffectBaseValue" classname="griffon.javafx.beans.property.ResetableDoublePropertyTest" time="0.0"/>
  <system-out><![CDATA[]]></system-out>
  <system-err><![CDATA[]]></system-err>
</testsuite>
