<?xml version="1.0" encoding="UTF-8"?>
<testsuite name="griffon.javafx.support.JavaFXUtilsSpec" tests="32" skipped="0" failures="0" errors="0" timestamp="2017-03-13T20:09:35" hostname="testing-gce-5c6f6730-f713-4b79-bb0b-2c95a726fbf5" time="0.792">
  <properties/>
  <testcase name="Find the button on class javafx.scene.layout.BorderPane using findNode method" classname="griffon.javafx.support.JavaFXUtilsSpec" time="0.106"/>
  <testcase name="Find the button on class javafx.scene.control.TabPane using findNode method" classname="griffon.javafx.support.JavaFXUtilsSpec" time="0.001"/>
  <testcase name="Find the button on class javafx.scene.control.TitledPane using findNode method" classname="griffon.javafx.support.JavaFXUtilsSpec" time="0.001"/>
  <testcase name="Find the button on class javafx.scene.control.SplitPane using findNode method" classname="griffon.javafx.support.JavaFXUtilsSpec" time="0.0"/>
  <testcase name="Find the button on class javafx.scene.control.Accordion using findNode method" classname="griffon.javafx.support.JavaFXUtilsSpec" time="0.0"/>
  <testcase name="Find the button on class javafx.scene.control.ScrollPane using findNode method" classname="griffon.javafx.support.JavaFXUtilsSpec" time="0.001"/>
  <testcase name="Find the button on class javafx.scene.control.ToolBar using findNode method" classname="griffon.javafx.support.JavaFXUtilsSpec" time="0.002"/>
  <testcase name="Find the button on class javafx.scene.control.ButtonBar using findNode method" classname="griffon.javafx.support.JavaFXUtilsSpec" time="0.001"/>
  <testcase name="Find the button on class javafx.scene.layout.BorderPane using findElement method" classname="griffon.javafx.support.JavaFXUtilsSpec" time="0.039"/>
  <testcase name="Find the button on class javafx.scene.control.TabPane using findElement method" classname="griffon.javafx.support.JavaFXUtilsSpec" time="0.009"/>
  <testcase name="Find the button on class javafx.scene.control.TitledPane using findElement method" classname="griffon.javafx.support.JavaFXUtilsSpec" time="0.001"/>
  <testcase name="Find the button on class javafx.scene.control.SplitPane using findElement method" classname="griffon.javafx.support.JavaFXUtilsSpec" time="0.0"/>
  <testcase name="Find the button on class javafx.scene.control.Accordion using findElement method" classname="griffon.javafx.support.JavaFXUtilsSpec" time="0.001"/>
  <testcase name="Find the button on class javafx.scene.control.ScrollPane using findElement method" classname="griffon.javafx.support.JavaFXUtilsSpec" time="0.0"/>
  <testcase name="Find the button on class javafx.scene.control.ToolBar using findElement method" classname="griffon.javafx.support.JavaFXUtilsSpec" time="0.0"/>
  <testcase name="Find the button on class javafx.scene.control.ContextMenu using findElement method" classname="griffon.javafx.support.JavaFXUtilsSpec" time="0.002"/>
  <testcase name="Find the button on class javafx.scene.control.MenuBar using findElement method" classname="griffon.javafx.support.JavaFXUtilsSpec" time="0.0"/>
  <testcase name="Find the button on class javafx.scene.control.ButtonBar using findElement method" classname="griffon.javafx.support.JavaFXUtilsSpec" time="0.0"/>
  <testcase name="Find the button on class javafx.scene.control.Button using findElement method" classname="griffon.javafx.support.JavaFXUtilsSpec" time="0.001"/>
  <testcase name="Find the button on class javafx.scene.control.Button using findElement method" classname="griffon.javafx.support.JavaFXUtilsSpec" time="0.0"/>
  <testcase name="Find the buttons on class javafx.scene.layout.BorderPane using findElements method" classname="griffon.javafx.support.JavaFXUtilsSpec" time="0.019"/>
  <testcase name="Find the buttons on class javafx.scene.control.TabPane using findElements method" classname="griffon.javafx.support.JavaFXUtilsSpec" time="0.001"/>
  <testcase name="Find the buttons on class javafx.scene.control.TitledPane using findElements method" classname="griffon.javafx.support.JavaFXUtilsSpec" time="0.001"/>
  <testcase name="Find the buttons on class javafx.scene.control.SplitPane using findElements method" classname="griffon.javafx.support.JavaFXUtilsSpec" time="0.001"/>
  <testcase name="Find the buttons on class javafx.scene.control.Accordion using findElements method" classname="griffon.javafx.support.JavaFXUtilsSpec" time="0.001"/>
  <testcase name="Find the buttons on class javafx.scene.control.ScrollPane using findElements method" classname="griffon.javafx.support.JavaFXUtilsSpec" time="0.001"/>
  <testcase name="Find the buttons on class javafx.scene.control.ToolBar using findElements method" classname="griffon.javafx.support.JavaFXUtilsSpec" time="0.0"/>
  <testcase name="Find the buttons on class javafx.scene.control.ContextMenu using findElements method" classname="griffon.javafx.support.JavaFXUtilsSpec" time="0.0"/>
  <testcase name="Find the buttons on class javafx.scene.control.MenuBar using findElements method" classname="griffon.javafx.support.JavaFXUtilsSpec" time="0.001"/>
  <testcase name="Find the buttons on class javafx.scene.control.ButtonBar using findElements method" classname="griffon.javafx.support.JavaFXUtilsSpec" time="0.001"/>
  <testcase name="Find the buttons on class javafx.scene.control.Button using findElements method" classname="griffon.javafx.support.JavaFXUtilsSpec" time="0.001"/>
  <testcase name="Find the buttons on class javafx.scene.control.Button using findElements method" classname="griffon.javafx.support.JavaFXUtilsSpec" time="0.0"/>
  <system-out><![CDATA[]]></system-out>
  <system-err><![CDATA[]]></system-err>
</testsuite>
