<?xml version="1.0" encoding="UTF-8"?>
<testsuite name="griffon.javafx.beans.property.ResetableIntegerPropertyTest" tests="4" skipped="0" failures="0" errors="0" timestamp="2017-02-21T18:13:12" hostname="testing-gce-635704e8-b0eb-4898-b5e6-8d1f90074792" time="0.073">
  <properties/>
  <testcase name="rebasingPropertyAffectsBaseValue" classname="griffon.javafx.beans.property.ResetableIntegerPropertyTest" time="0.067"/>
  <testcase name="dirtyChecks" classname="griffon.javafx.beans.property.ResetableIntegerPropertyTest" time="0.003"/>
  <testcase name="resetingPropertyAffectsValue" classname="griffon.javafx.beans.property.ResetableIntegerPropertyTest" time="0.0"/>
  <testcase name="updatingValueDoesNotAffectBaseValue" classname="griffon.javafx.beans.property.ResetableIntegerPropertyTest" time="0.0"/>
  <system-out><![CDATA[]]></system-out>
  <system-err><![CDATA[]]></system-err>
</testsuite>
