<?xml version="1.0" encoding="UTF-8"?>
<testsuite name="griffon.javafx.collections.GriffonFXCollectionsSpec" tests="6" skipped="0" failures="0" errors="0" timestamp="2017-02-21T19:51:55" hostname="testing-gce-199a013b-897d-440d-8d76-fec598ea2858" time="0.821">
  <properties/>
  <testcase name="Trigger list events inside UI thread (source) " classname="griffon.javafx.collections.GriffonFXCollectionsSpec" time="0.172"/>
  <testcase name="Trigger list events inside UI thread (target) " classname="griffon.javafx.collections.GriffonFXCollectionsSpec" time="0.119"/>
  <testcase name="Trigger set events inside UI thread (source) " classname="griffon.javafx.collections.GriffonFXCollectionsSpec" time="0.117"/>
  <testcase name="Trigger set events inside UI thread (target) " classname="griffon.javafx.collections.GriffonFXCollectionsSpec" time="0.109"/>
  <testcase name="Trigger map events inside UI thread (source) " classname="griffon.javafx.collections.GriffonFXCollectionsSpec" time="0.122"/>
  <testcase name="Trigger map events inside UI thread (target) " classname="griffon.javafx.collections.GriffonFXCollectionsSpec" time="0.182"/>
  <system-out><![CDATA[]]></system-out>
  <system-err><![CDATA[]]></system-err>
</testsuite>
