<?xml version="1.0" encoding="UTF-8"?>
<testsuite name="griffon.javafx.beans.property.ResetableBooleanPropertyTest" tests="4" skipped="0" failures="0" errors="0" timestamp="2017-02-27T16:57:52" hostname="testing-gce-42c31fda-833f-42ec-a8cd-e409c16e7131" time="0.003">
  <properties/>
  <testcase name="rebasingPropertyAffectsBaseValue" classname="griffon.javafx.beans.property.ResetableBooleanPropertyTest" time="0.001"/>
  <testcase name="dirtyChecks" classname="griffon.javafx.beans.property.ResetableBooleanPropertyTest" time="0.0"/>
  <testcase name="resetingPropertyAffectsValue" classname="griffon.javafx.beans.property.ResetableBooleanPropertyTest" time="0.0"/>
  <testcase name="updatingValueDoesNotAffectBaseValue" classname="griffon.javafx.beans.property.ResetableBooleanPropertyTest" time="0.0"/>
  <system-out><![CDATA[]]></system-out>
  <system-err><![CDATA[]]></system-err>
</testsuite>
