<?xml version="1.0" encoding="UTF-8"?>
<testsuite name="griffon.javafx.editors.ImagePropertyEditorSpec" tests="19" skipped="0" failures="0" errors="0" timestamp="2016-11-17T21:57:06" hostname="testing-gce-a500a3b7-3e8b-4697-b127-d17b45a2fbc5" time="0.034">
  <properties/>
  <testcase name="Image format 'null' should be equal to null" classname="griffon.javafx.editors.ImagePropertyEditorSpec" time="0.008"/>
  <testcase name="Image format '' should be equal to null" classname="griffon.javafx.editors.ImagePropertyEditorSpec" time="0.0"/>
  <testcase name="Image format ' ' should be equal to null" classname="griffon.javafx.editors.ImagePropertyEditorSpec" time="0.001"/>
  <testcase name="Image format 'javafx.scene.image.Image@754d508c' should be equal to javafx.scene.image.Image@754d508c" classname="griffon.javafx.editors.ImagePropertyEditorSpec" time="0.0"/>
  <testcase name="Valid image format 'build/resources/test/griffon-icon-16x16.png'" classname="griffon.javafx.editors.ImagePropertyEditorSpec" time="0.002"/>
  <testcase name="Valid image format 'file:/home/travis/build/griffon/griffon/subprojects/griffon-javafx/build/resources/test/griffon-icon-16x16.png'" classname="griffon.javafx.editors.ImagePropertyEditorSpec" time="0.001"/>
  <testcase name="Valid image format 'file:/home/travis/build/griffon/griffon/subprojects/griffon-javafx/build/resources/test/griffon-icon-16x16.png'" classname="griffon.javafx.editors.ImagePropertyEditorSpec" time="0.001"/>
  <testcase name="Valid image format 'java.io.FileInputStream@31fd9986'" classname="griffon.javafx.editors.ImagePropertyEditorSpec" time="0.001"/>
  <testcase name="Invalid image format 'garbage'" classname="griffon.javafx.editors.ImagePropertyEditorSpec" time="0.001"/>
  <testcase name="Invalid image format '[]'" classname="griffon.javafx.editors.ImagePropertyEditorSpec" time="0.001"/>
  <testcase name="Invalid image format '[1]'" classname="griffon.javafx.editors.ImagePropertyEditorSpec" time="0.0"/>
  <testcase name="Invalid image format '[1, 2]'" classname="griffon.javafx.editors.ImagePropertyEditorSpec" time="0.001"/>
  <testcase name="Invalid image format '[1, 2, 3, 4, 5]'" classname="griffon.javafx.editors.ImagePropertyEditorSpec" time="0.0"/>
  <testcase name="Invalid image format 'F00'" classname="griffon.javafx.editors.ImagePropertyEditorSpec" time="0.0"/>
  <testcase name="Invalid image format '#F0'" classname="griffon.javafx.editors.ImagePropertyEditorSpec" time="0.001"/>
  <testcase name="Invalid image format '#FF0000FF00'" classname="griffon.javafx.editors.ImagePropertyEditorSpec" time="0.001"/>
  <testcase name="Invalid image format '[HH, FF, 00]'" classname="griffon.javafx.editors.ImagePropertyEditorSpec" time="0.001"/>
  <testcase name="Invalid image format 'java.lang.Object@2f7b4d87'" classname="griffon.javafx.editors.ImagePropertyEditorSpec" time="0.0"/>
  <testcase name="Invalid image format '[java.lang.Object@61cedd82]'" classname="griffon.javafx.editors.ImagePropertyEditorSpec" time="0.001"/>
  <system-out><![CDATA[]]></system-out>
  <system-err><![CDATA[]]></system-err>
</testsuite>
