<?xml version="1.0" encoding="UTF-8"?>
<testsuite name="griffon.javafx.beans.binding.ReducingBindingsSpec" tests="144" skipped="0" failures="0" errors="0" timestamp="2016-12-28T19:53:42" hostname="testing-gce-2e4b170c-448d-4fcb-9f72-d211cbd4e202" time="1.648">
  <properties/>
  <testcase name="ReduceThenMapToBoolean list with functions and default value" classname="griffon.javafx.beans.binding.ReducingBindingsSpec" time="0.274"/>
  <testcase name="ReduceThenMapToInteger list with functions and default value" classname="griffon.javafx.beans.binding.ReducingBindingsSpec" time="0.076"/>
  <testcase name="ReduceThenMapToLong list with functions and default value" classname="griffon.javafx.beans.binding.ReducingBindingsSpec" time="0.044"/>
  <testcase name="ReduceThenMapToFloat list with functions and default value" classname="griffon.javafx.beans.binding.ReducingBindingsSpec" time="0.052"/>
  <testcase name="ReduceThenMapToDouble list with functions and default value" classname="griffon.javafx.beans.binding.ReducingBindingsSpec" time="0.023"/>
  <testcase name="ReduceThenMapToString list with functions and default value" classname="griffon.javafx.beans.binding.ReducingBindingsSpec" time="0.012"/>
  <testcase name="ReduceThenMapToBoolean list with functions and supplier" classname="griffon.javafx.beans.binding.ReducingBindingsSpec" time="0.003"/>
  <testcase name="ReduceThenMapToInteger list with functions and supplier" classname="griffon.javafx.beans.binding.ReducingBindingsSpec" time="0.001"/>
  <testcase name="ReduceThenMapToLong list with functions and supplier" classname="griffon.javafx.beans.binding.ReducingBindingsSpec" time="0.002"/>
  <testcase name="ReduceThenMapToFloat list with functions and supplier" classname="griffon.javafx.beans.binding.ReducingBindingsSpec" time="0.002"/>
  <testcase name="ReduceThenMapToDouble list with functions and supplier" classname="griffon.javafx.beans.binding.ReducingBindingsSpec" time="0.001"/>
  <testcase name="ReduceThenMapToString list with functions and supplier" classname="griffon.javafx.beans.binding.ReducingBindingsSpec" time="0.011"/>
  <testcase name="ReduceThenMapToBoolean list with observable functions and default value" classname="griffon.javafx.beans.binding.ReducingBindingsSpec" time="0.049"/>
  <testcase name="ReduceThenMapToInteger list with observable functions and default value" classname="griffon.javafx.beans.binding.ReducingBindingsSpec" time="0.005"/>
  <testcase name="ReduceThenMapToLong list with observable functions and default value" classname="griffon.javafx.beans.binding.ReducingBindingsSpec" time="0.004"/>
  <testcase name="ReduceThenMapToFloat list with observable functions and default value" classname="griffon.javafx.beans.binding.ReducingBindingsSpec" time="0.005"/>
  <testcase name="ReduceThenMapToDouble list with observable functions and default value" classname="griffon.javafx.beans.binding.ReducingBindingsSpec" time="0.003"/>
  <testcase name="ReduceThenMapToString list with observable functions and default value" classname="griffon.javafx.beans.binding.ReducingBindingsSpec" time="0.003"/>
  <testcase name="ReduceThenMapToBoolean list with observable functions and supplier" classname="griffon.javafx.beans.binding.ReducingBindingsSpec" time="0.006"/>
  <testcase name="ReduceThenMapToInteger list with observable functions and supplier" classname="griffon.javafx.beans.binding.ReducingBindingsSpec" time="0.003"/>
  <testcase name="ReduceThenMapToLong list with observable functions and supplier" classname="griffon.javafx.beans.binding.ReducingBindingsSpec" time="0.002"/>
  <testcase name="ReduceThenMapToFloat list with observable functions and supplier" classname="griffon.javafx.beans.binding.ReducingBindingsSpec" time="0.01"/>
  <testcase name="ReduceThenMapToDouble list with observable functions and supplier" classname="griffon.javafx.beans.binding.ReducingBindingsSpec" time="0.002"/>
  <testcase name="ReduceThenMapToString list with observable functions and supplier" classname="griffon.javafx.beans.binding.ReducingBindingsSpec" time="0.002"/>
  <testcase name="ReduceThenMapToBoolean set with functions and default value" classname="griffon.javafx.beans.binding.ReducingBindingsSpec" time="0.012"/>
  <testcase name="ReduceThenMapToInteger set with functions and default value" classname="griffon.javafx.beans.binding.ReducingBindingsSpec" time="0.003"/>
  <testcase name="ReduceThenMapToLong set with functions and default value" classname="griffon.javafx.beans.binding.ReducingBindingsSpec" time="0.002"/>
  <testcase name="ReduceThenMapToFloat set with functions and default value" classname="griffon.javafx.beans.binding.ReducingBindingsSpec" time="0.001"/>
  <testcase name="ReduceThenMapToDouble set with functions and default value" classname="griffon.javafx.beans.binding.ReducingBindingsSpec" time="0.002"/>
  <testcase name="ReduceThenMapToString set with functions and default value" classname="griffon.javafx.beans.binding.ReducingBindingsSpec" time="0.002"/>
  <testcase name="ReduceThenMapToBoolean set with functions and supplier" classname="griffon.javafx.beans.binding.ReducingBindingsSpec" time="0.002"/>
  <testcase name="ReduceThenMapToInteger set with functions and supplier" classname="griffon.javafx.beans.binding.ReducingBindingsSpec" time="0.001"/>
  <testcase name="ReduceThenMapToLong set with functions and supplier" classname="griffon.javafx.beans.binding.ReducingBindingsSpec" time="0.002"/>
  <testcase name="ReduceThenMapToFloat set with functions and supplier" classname="griffon.javafx.beans.binding.ReducingBindingsSpec" time="0.003"/>
  <testcase name="ReduceThenMapToDouble set with functions and supplier" classname="griffon.javafx.beans.binding.ReducingBindingsSpec" time="0.005"/>
  <testcase name="ReduceThenMapToString set with functions and supplier" classname="griffon.javafx.beans.binding.ReducingBindingsSpec" time="0.002"/>
  <testcase name="ReduceThenMapToBoolean set with observable functions and default value" classname="griffon.javafx.beans.binding.ReducingBindingsSpec" time="0.004"/>
  <testcase name="ReduceThenMapToInteger set with observable functions and default value" classname="griffon.javafx.beans.binding.ReducingBindingsSpec" time="0.004"/>
  <testcase name="ReduceThenMapToLong set with observable functions and default value" classname="griffon.javafx.beans.binding.ReducingBindingsSpec" time="0.003"/>
  <testcase name="ReduceThenMapToFloat set with observable functions and default value" classname="griffon.javafx.beans.binding.ReducingBindingsSpec" time="0.002"/>
  <testcase name="ReduceThenMapToDouble set with observable functions and default value" classname="griffon.javafx.beans.binding.ReducingBindingsSpec" time="0.001"/>
  <testcase name="ReduceThenMapToString set with observable functions and default value" classname="griffon.javafx.beans.binding.ReducingBindingsSpec" time="0.001"/>
  <testcase name="ReduceThenMapToBoolean set with observable functions and supplier" classname="griffon.javafx.beans.binding.ReducingBindingsSpec" time="0.005"/>
  <testcase name="ReduceThenMapToInteger set with observable functions and supplier" classname="griffon.javafx.beans.binding.ReducingBindingsSpec" time="0.004"/>
  <testcase name="ReduceThenMapToLong set with observable functions and supplier" classname="griffon.javafx.beans.binding.ReducingBindingsSpec" time="0.008"/>
  <testcase name="ReduceThenMapToFloat set with observable functions and supplier" classname="griffon.javafx.beans.binding.ReducingBindingsSpec" time="0.003"/>
  <testcase name="ReduceThenMapToDouble set with observable functions and supplier" classname="griffon.javafx.beans.binding.ReducingBindingsSpec" time="0.004"/>
  <testcase name="ReduceThenMapToString set with observable functions and supplier" classname="griffon.javafx.beans.binding.ReducingBindingsSpec" time="0.001"/>
  <testcase name="ReduceThenMapToBoolean map with functions and default value" classname="griffon.javafx.beans.binding.ReducingBindingsSpec" time="0.005"/>
  <testcase name="ReduceThenMapToInteger map with functions and default value" classname="griffon.javafx.beans.binding.ReducingBindingsSpec" time="0.004"/>
  <testcase name="ReduceThenMapToLong map with functions and default value" classname="griffon.javafx.beans.binding.ReducingBindingsSpec" time="0.002"/>
  <testcase name="ReduceThenMapToFloat map with functions and default value" classname="griffon.javafx.beans.binding.ReducingBindingsSpec" time="0.002"/>
  <testcase name="ReduceThenMapToDouble map with functions and default value" classname="griffon.javafx.beans.binding.ReducingBindingsSpec" time="0.001"/>
  <testcase name="ReduceThenMapToString map with functions and default value" classname="griffon.javafx.beans.binding.ReducingBindingsSpec" time="0.001"/>
  <testcase name="ReduceThenMapToBoolean map with functions and supplier" classname="griffon.javafx.beans.binding.ReducingBindingsSpec" time="0.004"/>
  <testcase name="ReduceThenMapToInteger map with functions and supplier" classname="griffon.javafx.beans.binding.ReducingBindingsSpec" time="0.002"/>
  <testcase name="ReduceThenMapToLong map with functions and supplier" classname="griffon.javafx.beans.binding.ReducingBindingsSpec" time="0.002"/>
  <testcase name="ReduceThenMapToFloat map with functions and supplier" classname="griffon.javafx.beans.binding.ReducingBindingsSpec" time="0.002"/>
  <testcase name="ReduceThenMapToDouble map with functions and supplier" classname="griffon.javafx.beans.binding.ReducingBindingsSpec" time="0.002"/>
  <testcase name="ReduceThenMapToString map with functions and supplier" classname="griffon.javafx.beans.binding.ReducingBindingsSpec" time="0.001"/>
  <testcase name="ReduceThenMapToBoolean map with observable functions and default value" classname="griffon.javafx.beans.binding.ReducingBindingsSpec" time="0.003"/>
  <testcase name="ReduceThenMapToInteger map with observable functions and default value" classname="griffon.javafx.beans.binding.ReducingBindingsSpec" time="0.002"/>
  <testcase name="ReduceThenMapToLong map with observable functions and default value" classname="griffon.javafx.beans.binding.ReducingBindingsSpec" time="0.002"/>
  <testcase name="ReduceThenMapToFloat map with observable functions and default value" classname="griffon.javafx.beans.binding.ReducingBindingsSpec" time="0.003"/>
  <testcase name="ReduceThenMapToDouble map with observable functions and default value" classname="griffon.javafx.beans.binding.ReducingBindingsSpec" time="0.002"/>
  <testcase name="ReduceThenMapToString map with observable functions and default value" classname="griffon.javafx.beans.binding.ReducingBindingsSpec" time="0.006"/>
  <testcase name="ReduceThenMapToBoolean map with observable functions and supplier" classname="griffon.javafx.beans.binding.ReducingBindingsSpec" time="0.004"/>
  <testcase name="ReduceThenMapToInteger map with observable functions and supplier" classname="griffon.javafx.beans.binding.ReducingBindingsSpec" time="0.005"/>
  <testcase name="ReduceThenMapToLong map with observable functions and supplier" classname="griffon.javafx.beans.binding.ReducingBindingsSpec" time="0.004"/>
  <testcase name="ReduceThenMapToFloat map with observable functions and supplier" classname="griffon.javafx.beans.binding.ReducingBindingsSpec" time="0.003"/>
  <testcase name="ReduceThenMapToDouble map with observable functions and supplier" classname="griffon.javafx.beans.binding.ReducingBindingsSpec" time="0.005"/>
  <testcase name="ReduceThenMapToString map with observable functions and supplier" classname="griffon.javafx.beans.binding.ReducingBindingsSpec" time="0.002"/>
  <testcase name="MapToBoolean then reduce list with functions and default value" classname="griffon.javafx.beans.binding.ReducingBindingsSpec" time="0.002"/>
  <testcase name="MapToInteger then reduce list with functions and default value" classname="griffon.javafx.beans.binding.ReducingBindingsSpec" time="0.008"/>
  <testcase name="MapToLong then reduce list with functions and default value" classname="griffon.javafx.beans.binding.ReducingBindingsSpec" time="0.002"/>
  <testcase name="MapToFloat then reduce list with functions and default value" classname="griffon.javafx.beans.binding.ReducingBindingsSpec" time="0.001"/>
  <testcase name="MapToDouble then reduce list with functions and default value" classname="griffon.javafx.beans.binding.ReducingBindingsSpec" time="0.001"/>
  <testcase name="MapToString then reduce list with functions and default value" classname="griffon.javafx.beans.binding.ReducingBindingsSpec" time="0.001"/>
  <testcase name="MapToBoolean then reduce list with functions and supplier" classname="griffon.javafx.beans.binding.ReducingBindingsSpec" time="0.002"/>
  <testcase name="MapToInteger then reduce list with functions and supplier" classname="griffon.javafx.beans.binding.ReducingBindingsSpec" time="0.001"/>
  <testcase name="MapToLong then reduce list with functions and supplier" classname="griffon.javafx.beans.binding.ReducingBindingsSpec" time="0.002"/>
  <testcase name="MapToFloat then reduce list with functions and supplier" classname="griffon.javafx.beans.binding.ReducingBindingsSpec" time="0.002"/>
  <testcase name="MapToDouble then reduce list with functions and supplier" classname="griffon.javafx.beans.binding.ReducingBindingsSpec" time="0.001"/>
  <testcase name="MapToString then reduce list with functions and supplier" classname="griffon.javafx.beans.binding.ReducingBindingsSpec" time="0.002"/>
  <testcase name="MapToBoolean then reduce list with observable functions and default value" classname="griffon.javafx.beans.binding.ReducingBindingsSpec" time="0.002"/>
  <testcase name="MapToInteger then reduce list with observable functions and default value" classname="griffon.javafx.beans.binding.ReducingBindingsSpec" time="0.002"/>
  <testcase name="MapToLong then reduce list with observable functions and default value" classname="griffon.javafx.beans.binding.ReducingBindingsSpec" time="0.002"/>
  <testcase name="MapToFloat then reduce list with observable functions and default value" classname="griffon.javafx.beans.binding.ReducingBindingsSpec" time="0.004"/>
  <testcase name="MapToDouble then reduce list with observable functions and default value" classname="griffon.javafx.beans.binding.ReducingBindingsSpec" time="0.007"/>
  <testcase name="MapToString then reduce list with observable functions and default value" classname="griffon.javafx.beans.binding.ReducingBindingsSpec" time="0.006"/>
  <testcase name="MapToBoolean then reduce list with observable functions and supplier" classname="griffon.javafx.beans.binding.ReducingBindingsSpec" time="0.003"/>
  <testcase name="MapToInteger then reduce list with observable functions and supplier" classname="griffon.javafx.beans.binding.ReducingBindingsSpec" time="0.002"/>
  <testcase name="MapToLong then reduce list with observable functions and supplier" classname="griffon.javafx.beans.binding.ReducingBindingsSpec" time="0.002"/>
  <testcase name="MapToFloat then reduce list with observable functions and supplier" classname="griffon.javafx.beans.binding.ReducingBindingsSpec" time="0.001"/>
  <testcase name="MapToDouble then reduce list with observable functions and supplier" classname="griffon.javafx.beans.binding.ReducingBindingsSpec" time="0.002"/>
  <testcase name="MapToString then reduce list with observable functions and supplier" classname="griffon.javafx.beans.binding.ReducingBindingsSpec" time="0.006"/>
  <testcase name="MapToBoolean then reduce set with functions and default value" classname="griffon.javafx.beans.binding.ReducingBindingsSpec" time="0.001"/>
  <testcase name="MapToInteger then reduce set with functions and default value" classname="griffon.javafx.beans.binding.ReducingBindingsSpec" time="0.001"/>
  <testcase name="MapToLong then reduce set with functions and default value" classname="griffon.javafx.beans.binding.ReducingBindingsSpec" time="0.001"/>
  <testcase name="MapToFloat then reduce set with functions and default value" classname="griffon.javafx.beans.binding.ReducingBindingsSpec" time="0.001"/>
  <testcase name="MapToDouble then reduce set with functions and default value" classname="griffon.javafx.beans.binding.ReducingBindingsSpec" time="0.002"/>
  <testcase name="MapToString then reduce set with functions and default value" classname="griffon.javafx.beans.binding.ReducingBindingsSpec" time="0.001"/>
  <testcase name="MapToBoolean then reduce set with functions and supplier" classname="griffon.javafx.beans.binding.ReducingBindingsSpec" time="0.003"/>
  <testcase name="MapToInteger then reduce set with functions and supplier" classname="griffon.javafx.beans.binding.ReducingBindingsSpec" time="0.005"/>
  <testcase name="MapToLong then reduce set with functions and supplier" classname="griffon.javafx.beans.binding.ReducingBindingsSpec" time="0.001"/>
  <testcase name="MapToFloat then reduce set with functions and supplier" classname="griffon.javafx.beans.binding.ReducingBindingsSpec" time="0.001"/>
  <testcase name="MapToDouble then reduce set with functions and supplier" classname="griffon.javafx.beans.binding.ReducingBindingsSpec" time="0.001"/>
  <testcase name="MapToString then reduce set with functions and supplier" classname="griffon.javafx.beans.binding.ReducingBindingsSpec" time="0.001"/>
  <testcase name="MapToBoolean then reduce set with observable functions and default value" classname="griffon.javafx.beans.binding.ReducingBindingsSpec" time="0.003"/>
  <testcase name="MapToInteger then reduce set with observable functions and default value" classname="griffon.javafx.beans.binding.ReducingBindingsSpec" time="0.002"/>
  <testcase name="MapToLong then reduce set with observable functions and default value" classname="griffon.javafx.beans.binding.ReducingBindingsSpec" time="0.001"/>
  <testcase name="MapToFloat then reduce set with observable functions and default value" classname="griffon.javafx.beans.binding.ReducingBindingsSpec" time="0.005"/>
  <testcase name="MapToDouble then reduce set with observable functions and default value" classname="griffon.javafx.beans.binding.ReducingBindingsSpec" time="0.001"/>
  <testcase name="MapToString then reduce set with observable functions and default value" classname="griffon.javafx.beans.binding.ReducingBindingsSpec" time="0.001"/>
  <testcase name="MapToBoolean then reduce set with observable functions and supplier" classname="griffon.javafx.beans.binding.ReducingBindingsSpec" time="0.001"/>
  <testcase name="MapToInteger then reduce set with observable functions and supplier" classname="griffon.javafx.beans.binding.ReducingBindingsSpec" time="0.004"/>
  <testcase name="MapToLong then reduce set with observable functions and supplier" classname="griffon.javafx.beans.binding.ReducingBindingsSpec" time="0.003"/>
  <testcase name="MapToFloat then reduce set with observable functions and supplier" classname="griffon.javafx.beans.binding.ReducingBindingsSpec" time="0.002"/>
  <testcase name="MapToDouble then reduce set with observable functions and supplier" classname="griffon.javafx.beans.binding.ReducingBindingsSpec" time="0.001"/>
  <testcase name="MapToString then reduce set with observable functions and supplier" classname="griffon.javafx.beans.binding.ReducingBindingsSpec" time="0.004"/>
  <testcase name="MapToBoolean then reduce map with functions and default value" classname="griffon.javafx.beans.binding.ReducingBindingsSpec" time="0.002"/>
  <testcase name="MapToInteger then reduce map with functions and default value" classname="griffon.javafx.beans.binding.ReducingBindingsSpec" time="0.001"/>
  <testcase name="MapToLong then reduce map with functions and default value" classname="griffon.javafx.beans.binding.ReducingBindingsSpec" time="0.0"/>
  <testcase name="MapToFloat then reduce map with functions and default value" classname="griffon.javafx.beans.binding.ReducingBindingsSpec" time="0.001"/>
  <testcase name="MapToDouble then reduce map with functions and default value" classname="griffon.javafx.beans.binding.ReducingBindingsSpec" time="0.001"/>
  <testcase name="MapToString then reduce map with functions and default value" classname="griffon.javafx.beans.binding.ReducingBindingsSpec" time="0.001"/>
  <testcase name="MapToBoolean then reduce map with functions and supplier" classname="griffon.javafx.beans.binding.ReducingBindingsSpec" time="0.002"/>
  <testcase name="MapToInteger then reduce map with functions and supplier" classname="griffon.javafx.beans.binding.ReducingBindingsSpec" time="0.001"/>
  <testcase name="MapToLong then reduce map with functions and supplier" classname="griffon.javafx.beans.binding.ReducingBindingsSpec" time="0.002"/>
  <testcase name="MapToFloat then reduce map with functions and supplier" classname="griffon.javafx.beans.binding.ReducingBindingsSpec" time="0.001"/>
  <testcase name="MapToDouble then reduce map with functions and supplier" classname="griffon.javafx.beans.binding.ReducingBindingsSpec" time="0.001"/>
  <testcase name="MapToString then reduce map with functions and supplier" classname="griffon.javafx.beans.binding.ReducingBindingsSpec" time="0.002"/>
  <testcase name="MapToBoolean then reduce map with observable functions and default value" classname="griffon.javafx.beans.binding.ReducingBindingsSpec" time="0.002"/>
  <testcase name="MapToInteger then reduce map with observable functions and default value" classname="griffon.javafx.beans.binding.ReducingBindingsSpec" time="0.009"/>
  <testcase name="MapToLong then reduce map with observable functions and default value" classname="griffon.javafx.beans.binding.ReducingBindingsSpec" time="0.001"/>
  <testcase name="MapToFloat then reduce map with observable functions and default value" classname="griffon.javafx.beans.binding.ReducingBindingsSpec" time="0.001"/>
  <testcase name="MapToDouble then reduce map with observable functions and default value" classname="griffon.javafx.beans.binding.ReducingBindingsSpec" time="0.001"/>
  <testcase name="MapToString then reduce map with observable functions and default value" classname="griffon.javafx.beans.binding.ReducingBindingsSpec" time="0.003"/>
  <testcase name="MapToBoolean then reduce map with observable functions and supplier" classname="griffon.javafx.beans.binding.ReducingBindingsSpec" time="0.002"/>
  <testcase name="MapToInteger then reduce map with observable functions and supplier" classname="griffon.javafx.beans.binding.ReducingBindingsSpec" time="0.001"/>
  <testcase name="MapToLong then reduce map with observable functions and supplier" classname="griffon.javafx.beans.binding.ReducingBindingsSpec" time="0.003"/>
  <testcase name="MapToFloat then reduce map with observable functions and supplier" classname="griffon.javafx.beans.binding.ReducingBindingsSpec" time="0.002"/>
  <testcase name="MapToDouble then reduce map with observable functions and supplier" classname="griffon.javafx.beans.binding.ReducingBindingsSpec" time="0.001"/>
  <testcase name="MapToString then reduce map with observable functions and supplier" classname="griffon.javafx.beans.binding.ReducingBindingsSpec" time="0.001"/>
  <system-out><![CDATA[]]></system-out>
  <system-err><![CDATA[]]></system-err>
</testsuite>
