<?xml version="1.0" encoding="UTF-8"?>
<testsuite name="griffon.javafx.beans.property.ResetableBooleanPropertyTest" tests="4" skipped="0" failures="0" errors="0" timestamp="2016-12-07T11:32:20" hostname="testing-gce-18702692-515d-4fb2-b554-869b19883cee" time="0.006">
  <properties/>
  <testcase name="rebasingPropertyAffectsBaseValue" classname="griffon.javafx.beans.property.ResetableBooleanPropertyTest" time="0.002"/>
  <testcase name="dirtyChecks" classname="griffon.javafx.beans.property.ResetableBooleanPropertyTest" time="0.001"/>
  <testcase name="resetingPropertyAffectsValue" classname="griffon.javafx.beans.property.ResetableBooleanPropertyTest" time="0.0"/>
  <testcase name="updatingValueDoesNotAffectBaseValue" classname="griffon.javafx.beans.property.ResetableBooleanPropertyTest" time="0.001"/>
  <system-out><![CDATA[]]></system-out>
  <system-err><![CDATA[]]></system-err>
</testsuite>
