<?xml version="1.0" encoding="UTF-8"?>
<testsuite name="griffon.javafx.beans.property.ResetableDoublePropertyTest" tests="4" skipped="0" failures="0" errors="0" timestamp="2017-05-03T08:32:10" hostname="testing-docker-6017ac84-a99f-499e-bd8d-5921f67c64fd" time="0.064">
  <properties/>
  <testcase name="rebasingPropertyAffectsBaseValue" classname="griffon.javafx.beans.property.ResetableDoublePropertyTest" time="0.058"/>
  <testcase name="dirtyChecks" classname="griffon.javafx.beans.property.ResetableDoublePropertyTest" time="0.0"/>
  <testcase name="resetingPropertyAffectsValue" classname="griffon.javafx.beans.property.ResetableDoublePropertyTest" time="0.001"/>
  <testcase name="updatingValueDoesNotAffectBaseValue" classname="griffon.javafx.beans.property.ResetableDoublePropertyTest" time="0.0"/>
  <system-out><![CDATA[]]></system-out>
  <system-err><![CDATA[]]></system-err>
</testsuite>
