<?xml version="1.0" encoding="UTF-8"?>
<testsuite name="griffon.javafx.collections.MappingObservableListTest" tests="2" skipped="0" failures="0" errors="0" timestamp="2017-02-11T08:58:23" hostname="testing-gce-27845af9-feac-4362-84ac-35f334160d45" time="0.01">
  <properties/>
  <testcase name="testOperations" classname="griffon.javafx.collections.MappingObservableListTest" time="0.007"/>
  <testcase name="testOperationsWithObservable" classname="griffon.javafx.collections.MappingObservableListTest" time="0.002"/>
  <system-out><![CDATA[[1, 5]
[2, 10]
]]></system-out>
  <system-err><![CDATA[]]></system-err>
</testsuite>
