<?xml version="1.0" encoding="UTF-8"?>
<testsuite name="griffon.javafx.beans.property.ResetableLongPropertyTest" tests="4" skipped="0" failures="0" errors="0" timestamp="2017-04-28T07:24:53" hostname="testing-gce-92d646c6-cf51-4dbd-882b-b4558f585f69" time="0.009">
  <properties/>
  <testcase name="rebasingPropertyAffectsBaseValue" classname="griffon.javafx.beans.property.ResetableLongPropertyTest" time="0.008"/>
  <testcase name="dirtyChecks" classname="griffon.javafx.beans.property.ResetableLongPropertyTest" time="0.0"/>
  <testcase name="resetingPropertyAffectsValue" classname="griffon.javafx.beans.property.ResetableLongPropertyTest" time="0.0"/>
  <testcase name="updatingValueDoesNotAffectBaseValue" classname="griffon.javafx.beans.property.ResetableLongPropertyTest" time="0.0"/>
  <system-out><![CDATA[]]></system-out>
  <system-err><![CDATA[]]></system-err>
</testsuite>
