<?xml version="1.0" encoding="UTF-8"?>
<testsuite name="griffon.javafx.collections.ElementObservableListTest" tests="1" skipped="0" failures="0" errors="0" timestamp="2017-03-11T18:01:40" hostname="testing-gce-cd3301c2-d098-4e73-b7ac-0b4668f8bf6d" time="0.006">
  <properties/>
  <testcase name="testOperations" classname="griffon.javafx.collections.ElementObservableListTest" time="0.006"/>
  <system-out><![CDATA[]]></system-out>
  <system-err><![CDATA[]]></system-err>
</testsuite>
