<?xml version="1.0" encoding="UTF-8"?>
<testsuite name="griffon.javafx.beans.binding.CollectionBindingsTest" tests="12" skipped="0" failures="0" errors="0" timestamp="2017-02-27T16:57:54" hostname="testing-gce-42c31fda-833f-42ec-a8cd-e409c16e7131" time="0.125">
  <properties/>
  <testcase name="Join list with string delimiter and mapper" classname="griffon.javafx.beans.binding.CollectionBindingsTest" time="0.064"/>
  <testcase name="Join list with string delimiter" classname="griffon.javafx.beans.binding.CollectionBindingsTest" time="0.002"/>
  <testcase name="Join list with observable delimiter" classname="griffon.javafx.beans.binding.CollectionBindingsTest" time="0.003"/>
  <testcase name="Join map with string delimiter and mapper" classname="griffon.javafx.beans.binding.CollectionBindingsTest" time="0.012"/>
  <testcase name="Join map with string delimiter" classname="griffon.javafx.beans.binding.CollectionBindingsTest" time="0.002"/>
  <testcase name="Join list with observable delimiter and mapper" classname="griffon.javafx.beans.binding.CollectionBindingsTest" time="0.007"/>
  <testcase name="Join set with string delimiter and mapper" classname="griffon.javafx.beans.binding.CollectionBindingsTest" time="0.006"/>
  <testcase name="Join set with observable delimiter and mapper" classname="griffon.javafx.beans.binding.CollectionBindingsTest" time="0.005"/>
  <testcase name="Join set with observable delimiter" classname="griffon.javafx.beans.binding.CollectionBindingsTest" time="0.003"/>
  <testcase name="Join set with string delimiter" classname="griffon.javafx.beans.binding.CollectionBindingsTest" time="0.003"/>
  <testcase name="Join map with observable delimiter and mapper" classname="griffon.javafx.beans.binding.CollectionBindingsTest" time="0.008"/>
  <testcase name="Join map with observable delimiter" classname="griffon.javafx.beans.binding.CollectionBindingsTest" time="0.003"/>
  <system-out><![CDATA[]]></system-out>
  <system-err><![CDATA[]]></system-err>
</testsuite>
