<?xml version="1.0" encoding="UTF-8"?>
<testsuite name="griffon.javafx.support.MappingObservableListTest" tests="2" skipped="0" failures="0" errors="0" timestamp="2016-12-02T13:06:18" hostname="testing-gce-cc5ab124-7f74-4323-a4b5-4e8dc3b1534d" time="0.044">
  <properties/>
  <testcase name="testOperations" classname="griffon.javafx.support.MappingObservableListTest" time="0.024"/>
  <testcase name="testOperationsWithObservable" classname="griffon.javafx.support.MappingObservableListTest" time="0.02"/>
  <system-out><![CDATA[[1, 5]
[2, 10]
]]></system-out>
  <system-err><![CDATA[]]></system-err>
</testsuite>
