<?xml version="1.0" encoding="UTF-8"?>
<testsuite name="griffon.javafx.beans.binding.CollectionBindingsTest" tests="12" skipped="0" failures="0" errors="0" timestamp="2017-02-03T08:43:07" hostname="testing-gce-028e3132-944c-44d8-aca7-00110a5ea2b2" time="0.099">
  <properties/>
  <testcase name="Join list with string delimiter and mapper" classname="griffon.javafx.beans.binding.CollectionBindingsTest" time="0.048"/>
  <testcase name="Join list with string delimiter" classname="griffon.javafx.beans.binding.CollectionBindingsTest" time="0.003"/>
  <testcase name="Join list with observable delimiter" classname="griffon.javafx.beans.binding.CollectionBindingsTest" time="0.003"/>
  <testcase name="Join map with string delimiter and mapper" classname="griffon.javafx.beans.binding.CollectionBindingsTest" time="0.011"/>
  <testcase name="Join map with string delimiter" classname="griffon.javafx.beans.binding.CollectionBindingsTest" time="0.002"/>
  <testcase name="Join list with observable delimiter and mapper" classname="griffon.javafx.beans.binding.CollectionBindingsTest" time="0.006"/>
  <testcase name="Join set with string delimiter and mapper" classname="griffon.javafx.beans.binding.CollectionBindingsTest" time="0.005"/>
  <testcase name="Join set with observable delimiter and mapper" classname="griffon.javafx.beans.binding.CollectionBindingsTest" time="0.005"/>
  <testcase name="Join set with observable delimiter" classname="griffon.javafx.beans.binding.CollectionBindingsTest" time="0.002"/>
  <testcase name="Join set with string delimiter" classname="griffon.javafx.beans.binding.CollectionBindingsTest" time="0.001"/>
  <testcase name="Join map with observable delimiter and mapper" classname="griffon.javafx.beans.binding.CollectionBindingsTest" time="0.006"/>
  <testcase name="Join map with observable delimiter" classname="griffon.javafx.beans.binding.CollectionBindingsTest" time="0.004"/>
  <system-out><![CDATA[]]></system-out>
  <system-err><![CDATA[]]></system-err>
</testsuite>
