<?xml version="1.0" encoding="UTF-8"?>
<testsuite name="griffon.javafx.beans.property.ResetableFloatPropertyTest" tests="4" skipped="0" failures="0" errors="0" timestamp="2016-12-11T15:50:47" hostname="testing-gce-18adfb53-c7e7-4c64-b9fb-dc55c9634d20" time="0.011">
  <properties/>
  <testcase name="rebasingPropertyAffectsBaseValue" classname="griffon.javafx.beans.property.ResetableFloatPropertyTest" time="0.008"/>
  <testcase name="dirtyChecks" classname="griffon.javafx.beans.property.ResetableFloatPropertyTest" time="0.0"/>
  <testcase name="resetingPropertyAffectsValue" classname="griffon.javafx.beans.property.ResetableFloatPropertyTest" time="0.0"/>
  <testcase name="updatingValueDoesNotAffectBaseValue" classname="griffon.javafx.beans.property.ResetableFloatPropertyTest" time="0.001"/>
  <system-out><![CDATA[]]></system-out>
  <system-err><![CDATA[]]></system-err>
</testsuite>
