<?xml version="1.0" encoding="UTF-8"?>
<testsuite name="griffon.javafx.beans.binding.ReducingBindingsSpec" tests="144" skipped="0" failures="0" errors="0" timestamp="2017-01-09T08:04:32" hostname="testing-gce-21936cb8-f165-4118-9ac0-d77ae1d8d6f1" time="1.471">
  <properties/>
  <testcase name="ReduceThenMapToBoolean list with functions and default value" classname="griffon.javafx.beans.binding.ReducingBindingsSpec" time="0.181"/>
  <testcase name="ReduceThenMapToInteger list with functions and default value" classname="griffon.javafx.beans.binding.ReducingBindingsSpec" time="0.053"/>
  <testcase name="ReduceThenMapToLong list with functions and default value" classname="griffon.javafx.beans.binding.ReducingBindingsSpec" time="0.018"/>
  <testcase name="ReduceThenMapToFloat list with functions and default value" classname="griffon.javafx.beans.binding.ReducingBindingsSpec" time="0.025"/>
  <testcase name="ReduceThenMapToDouble list with functions and default value" classname="griffon.javafx.beans.binding.ReducingBindingsSpec" time="0.024"/>
  <testcase name="ReduceThenMapToString list with functions and default value" classname="griffon.javafx.beans.binding.ReducingBindingsSpec" time="0.021"/>
  <testcase name="ReduceThenMapToBoolean list with functions and supplier" classname="griffon.javafx.beans.binding.ReducingBindingsSpec" time="0.004"/>
  <testcase name="ReduceThenMapToInteger list with functions and supplier" classname="griffon.javafx.beans.binding.ReducingBindingsSpec" time="0.001"/>
  <testcase name="ReduceThenMapToLong list with functions and supplier" classname="griffon.javafx.beans.binding.ReducingBindingsSpec" time="0.002"/>
  <testcase name="ReduceThenMapToFloat list with functions and supplier" classname="griffon.javafx.beans.binding.ReducingBindingsSpec" time="0.01"/>
  <testcase name="ReduceThenMapToDouble list with functions and supplier" classname="griffon.javafx.beans.binding.ReducingBindingsSpec" time="0.002"/>
  <testcase name="ReduceThenMapToString list with functions and supplier" classname="griffon.javafx.beans.binding.ReducingBindingsSpec" time="0.001"/>
  <testcase name="ReduceThenMapToBoolean list with observable functions and default value" classname="griffon.javafx.beans.binding.ReducingBindingsSpec" time="0.031"/>
  <testcase name="ReduceThenMapToInteger list with observable functions and default value" classname="griffon.javafx.beans.binding.ReducingBindingsSpec" time="0.005"/>
  <testcase name="ReduceThenMapToLong list with observable functions and default value" classname="griffon.javafx.beans.binding.ReducingBindingsSpec" time="0.004"/>
  <testcase name="ReduceThenMapToFloat list with observable functions and default value" classname="griffon.javafx.beans.binding.ReducingBindingsSpec" time="0.003"/>
  <testcase name="ReduceThenMapToDouble list with observable functions and default value" classname="griffon.javafx.beans.binding.ReducingBindingsSpec" time="0.003"/>
  <testcase name="ReduceThenMapToString list with observable functions and default value" classname="griffon.javafx.beans.binding.ReducingBindingsSpec" time="0.005"/>
  <testcase name="ReduceThenMapToBoolean list with observable functions and supplier" classname="griffon.javafx.beans.binding.ReducingBindingsSpec" time="0.006"/>
  <testcase name="ReduceThenMapToInteger list with observable functions and supplier" classname="griffon.javafx.beans.binding.ReducingBindingsSpec" time="0.003"/>
  <testcase name="ReduceThenMapToLong list with observable functions and supplier" classname="griffon.javafx.beans.binding.ReducingBindingsSpec" time="0.002"/>
  <testcase name="ReduceThenMapToFloat list with observable functions and supplier" classname="griffon.javafx.beans.binding.ReducingBindingsSpec" time="0.002"/>
  <testcase name="ReduceThenMapToDouble list with observable functions and supplier" classname="griffon.javafx.beans.binding.ReducingBindingsSpec" time="0.002"/>
  <testcase name="ReduceThenMapToString list with observable functions and supplier" classname="griffon.javafx.beans.binding.ReducingBindingsSpec" time="0.004"/>
  <testcase name="ReduceThenMapToBoolean set with functions and default value" classname="griffon.javafx.beans.binding.ReducingBindingsSpec" time="0.014"/>
  <testcase name="ReduceThenMapToInteger set with functions and default value" classname="griffon.javafx.beans.binding.ReducingBindingsSpec" time="0.003"/>
  <testcase name="ReduceThenMapToLong set with functions and default value" classname="griffon.javafx.beans.binding.ReducingBindingsSpec" time="0.002"/>
  <testcase name="ReduceThenMapToFloat set with functions and default value" classname="griffon.javafx.beans.binding.ReducingBindingsSpec" time="0.001"/>
  <testcase name="ReduceThenMapToDouble set with functions and default value" classname="griffon.javafx.beans.binding.ReducingBindingsSpec" time="0.002"/>
  <testcase name="ReduceThenMapToString set with functions and default value" classname="griffon.javafx.beans.binding.ReducingBindingsSpec" time="0.002"/>
  <testcase name="ReduceThenMapToBoolean set with functions and supplier" classname="griffon.javafx.beans.binding.ReducingBindingsSpec" time="0.002"/>
  <testcase name="ReduceThenMapToInteger set with functions and supplier" classname="griffon.javafx.beans.binding.ReducingBindingsSpec" time="0.002"/>
  <testcase name="ReduceThenMapToLong set with functions and supplier" classname="griffon.javafx.beans.binding.ReducingBindingsSpec" time="0.002"/>
  <testcase name="ReduceThenMapToFloat set with functions and supplier" classname="griffon.javafx.beans.binding.ReducingBindingsSpec" time="0.004"/>
  <testcase name="ReduceThenMapToDouble set with functions and supplier" classname="griffon.javafx.beans.binding.ReducingBindingsSpec" time="0.005"/>
  <testcase name="ReduceThenMapToString set with functions and supplier" classname="griffon.javafx.beans.binding.ReducingBindingsSpec" time="0.002"/>
  <testcase name="ReduceThenMapToBoolean set with observable functions and default value" classname="griffon.javafx.beans.binding.ReducingBindingsSpec" time="0.004"/>
  <testcase name="ReduceThenMapToInteger set with observable functions and default value" classname="griffon.javafx.beans.binding.ReducingBindingsSpec" time="0.003"/>
  <testcase name="ReduceThenMapToLong set with observable functions and default value" classname="griffon.javafx.beans.binding.ReducingBindingsSpec" time="0.005"/>
  <testcase name="ReduceThenMapToFloat set with observable functions and default value" classname="griffon.javafx.beans.binding.ReducingBindingsSpec" time="0.002"/>
  <testcase name="ReduceThenMapToDouble set with observable functions and default value" classname="griffon.javafx.beans.binding.ReducingBindingsSpec" time="0.002"/>
  <testcase name="ReduceThenMapToString set with observable functions and default value" classname="griffon.javafx.beans.binding.ReducingBindingsSpec" time="0.002"/>
  <testcase name="ReduceThenMapToBoolean set with observable functions and supplier" classname="griffon.javafx.beans.binding.ReducingBindingsSpec" time="0.005"/>
  <testcase name="ReduceThenMapToInteger set with observable functions and supplier" classname="griffon.javafx.beans.binding.ReducingBindingsSpec" time="0.004"/>
  <testcase name="ReduceThenMapToLong set with observable functions and supplier" classname="griffon.javafx.beans.binding.ReducingBindingsSpec" time="0.002"/>
  <testcase name="ReduceThenMapToFloat set with observable functions and supplier" classname="griffon.javafx.beans.binding.ReducingBindingsSpec" time="0.003"/>
  <testcase name="ReduceThenMapToDouble set with observable functions and supplier" classname="griffon.javafx.beans.binding.ReducingBindingsSpec" time="0.004"/>
  <testcase name="ReduceThenMapToString set with observable functions and supplier" classname="griffon.javafx.beans.binding.ReducingBindingsSpec" time="0.002"/>
  <testcase name="ReduceThenMapToBoolean map with functions and default value" classname="griffon.javafx.beans.binding.ReducingBindingsSpec" time="0.015"/>
  <testcase name="ReduceThenMapToInteger map with functions and default value" classname="griffon.javafx.beans.binding.ReducingBindingsSpec" time="0.002"/>
  <testcase name="ReduceThenMapToLong map with functions and default value" classname="griffon.javafx.beans.binding.ReducingBindingsSpec" time="0.001"/>
  <testcase name="ReduceThenMapToFloat map with functions and default value" classname="griffon.javafx.beans.binding.ReducingBindingsSpec" time="0.008"/>
  <testcase name="ReduceThenMapToDouble map with functions and default value" classname="griffon.javafx.beans.binding.ReducingBindingsSpec" time="0.002"/>
  <testcase name="ReduceThenMapToString map with functions and default value" classname="griffon.javafx.beans.binding.ReducingBindingsSpec" time="0.001"/>
  <testcase name="ReduceThenMapToBoolean map with functions and supplier" classname="griffon.javafx.beans.binding.ReducingBindingsSpec" time="0.004"/>
  <testcase name="ReduceThenMapToInteger map with functions and supplier" classname="griffon.javafx.beans.binding.ReducingBindingsSpec" time="0.002"/>
  <testcase name="ReduceThenMapToLong map with functions and supplier" classname="griffon.javafx.beans.binding.ReducingBindingsSpec" time="0.001"/>
  <testcase name="ReduceThenMapToFloat map with functions and supplier" classname="griffon.javafx.beans.binding.ReducingBindingsSpec" time="0.001"/>
  <testcase name="ReduceThenMapToDouble map with functions and supplier" classname="griffon.javafx.beans.binding.ReducingBindingsSpec" time="0.001"/>
  <testcase name="ReduceThenMapToString map with functions and supplier" classname="griffon.javafx.beans.binding.ReducingBindingsSpec" time="0.001"/>
  <testcase name="ReduceThenMapToBoolean map with observable functions and default value" classname="griffon.javafx.beans.binding.ReducingBindingsSpec" time="0.003"/>
  <testcase name="ReduceThenMapToInteger map with observable functions and default value" classname="griffon.javafx.beans.binding.ReducingBindingsSpec" time="0.002"/>
  <testcase name="ReduceThenMapToLong map with observable functions and default value" classname="griffon.javafx.beans.binding.ReducingBindingsSpec" time="0.002"/>
  <testcase name="ReduceThenMapToFloat map with observable functions and default value" classname="griffon.javafx.beans.binding.ReducingBindingsSpec" time="0.004"/>
  <testcase name="ReduceThenMapToDouble map with observable functions and default value" classname="griffon.javafx.beans.binding.ReducingBindingsSpec" time="0.002"/>
  <testcase name="ReduceThenMapToString map with observable functions and default value" classname="griffon.javafx.beans.binding.ReducingBindingsSpec" time="0.006"/>
  <testcase name="ReduceThenMapToBoolean map with observable functions and supplier" classname="griffon.javafx.beans.binding.ReducingBindingsSpec" time="0.004"/>
  <testcase name="ReduceThenMapToInteger map with observable functions and supplier" classname="griffon.javafx.beans.binding.ReducingBindingsSpec" time="0.004"/>
  <testcase name="ReduceThenMapToLong map with observable functions and supplier" classname="griffon.javafx.beans.binding.ReducingBindingsSpec" time="0.003"/>
  <testcase name="ReduceThenMapToFloat map with observable functions and supplier" classname="griffon.javafx.beans.binding.ReducingBindingsSpec" time="0.003"/>
  <testcase name="ReduceThenMapToDouble map with observable functions and supplier" classname="griffon.javafx.beans.binding.ReducingBindingsSpec" time="0.005"/>
  <testcase name="ReduceThenMapToString map with observable functions and supplier" classname="griffon.javafx.beans.binding.ReducingBindingsSpec" time="0.002"/>
  <testcase name="MapToBoolean then reduce list with functions and default value" classname="griffon.javafx.beans.binding.ReducingBindingsSpec" time="0.002"/>
  <testcase name="MapToInteger then reduce list with functions and default value" classname="griffon.javafx.beans.binding.ReducingBindingsSpec" time="0.008"/>
  <testcase name="MapToLong then reduce list with functions and default value" classname="griffon.javafx.beans.binding.ReducingBindingsSpec" time="0.001"/>
  <testcase name="MapToFloat then reduce list with functions and default value" classname="griffon.javafx.beans.binding.ReducingBindingsSpec" time="0.001"/>
  <testcase name="MapToDouble then reduce list with functions and default value" classname="griffon.javafx.beans.binding.ReducingBindingsSpec" time="0.003"/>
  <testcase name="MapToString then reduce list with functions and default value" classname="griffon.javafx.beans.binding.ReducingBindingsSpec" time="0.002"/>
  <testcase name="MapToBoolean then reduce list with functions and supplier" classname="griffon.javafx.beans.binding.ReducingBindingsSpec" time="0.002"/>
  <testcase name="MapToInteger then reduce list with functions and supplier" classname="griffon.javafx.beans.binding.ReducingBindingsSpec" time="0.002"/>
  <testcase name="MapToLong then reduce list with functions and supplier" classname="griffon.javafx.beans.binding.ReducingBindingsSpec" time="0.002"/>
  <testcase name="MapToFloat then reduce list with functions and supplier" classname="griffon.javafx.beans.binding.ReducingBindingsSpec" time="0.001"/>
  <testcase name="MapToDouble then reduce list with functions and supplier" classname="griffon.javafx.beans.binding.ReducingBindingsSpec" time="0.001"/>
  <testcase name="MapToString then reduce list with functions and supplier" classname="griffon.javafx.beans.binding.ReducingBindingsSpec" time="0.002"/>
  <testcase name="MapToBoolean then reduce list with observable functions and default value" classname="griffon.javafx.beans.binding.ReducingBindingsSpec" time="0.002"/>
  <testcase name="MapToInteger then reduce list with observable functions and default value" classname="griffon.javafx.beans.binding.ReducingBindingsSpec" time="0.002"/>
  <testcase name="MapToLong then reduce list with observable functions and default value" classname="griffon.javafx.beans.binding.ReducingBindingsSpec" time="0.002"/>
  <testcase name="MapToFloat then reduce list with observable functions and default value" classname="griffon.javafx.beans.binding.ReducingBindingsSpec" time="0.004"/>
  <testcase name="MapToDouble then reduce list with observable functions and default value" classname="griffon.javafx.beans.binding.ReducingBindingsSpec" time="0.005"/>
  <testcase name="MapToString then reduce list with observable functions and default value" classname="griffon.javafx.beans.binding.ReducingBindingsSpec" time="0.002"/>
  <testcase name="MapToBoolean then reduce list with observable functions and supplier" classname="griffon.javafx.beans.binding.ReducingBindingsSpec" time="0.002"/>
  <testcase name="MapToInteger then reduce list with observable functions and supplier" classname="griffon.javafx.beans.binding.ReducingBindingsSpec" time="0.001"/>
  <testcase name="MapToLong then reduce list with observable functions and supplier" classname="griffon.javafx.beans.binding.ReducingBindingsSpec" time="0.002"/>
  <testcase name="MapToFloat then reduce list with observable functions and supplier" classname="griffon.javafx.beans.binding.ReducingBindingsSpec" time="0.001"/>
  <testcase name="MapToDouble then reduce list with observable functions and supplier" classname="griffon.javafx.beans.binding.ReducingBindingsSpec" time="0.001"/>
  <testcase name="MapToString then reduce list with observable functions and supplier" classname="griffon.javafx.beans.binding.ReducingBindingsSpec" time="0.005"/>
  <testcase name="MapToBoolean then reduce set with functions and default value" classname="griffon.javafx.beans.binding.ReducingBindingsSpec" time="0.002"/>
  <testcase name="MapToInteger then reduce set with functions and default value" classname="griffon.javafx.beans.binding.ReducingBindingsSpec" time="0.002"/>
  <testcase name="MapToLong then reduce set with functions and default value" classname="griffon.javafx.beans.binding.ReducingBindingsSpec" time="0.001"/>
  <testcase name="MapToFloat then reduce set with functions and default value" classname="griffon.javafx.beans.binding.ReducingBindingsSpec" time="0.001"/>
  <testcase name="MapToDouble then reduce set with functions and default value" classname="griffon.javafx.beans.binding.ReducingBindingsSpec" time="0.001"/>
  <testcase name="MapToString then reduce set with functions and default value" classname="griffon.javafx.beans.binding.ReducingBindingsSpec" time="0.001"/>
  <testcase name="MapToBoolean then reduce set with functions and supplier" classname="griffon.javafx.beans.binding.ReducingBindingsSpec" time="0.002"/>
  <testcase name="MapToInteger then reduce set with functions and supplier" classname="griffon.javafx.beans.binding.ReducingBindingsSpec" time="0.001"/>
  <testcase name="MapToLong then reduce set with functions and supplier" classname="griffon.javafx.beans.binding.ReducingBindingsSpec" time="0.001"/>
  <testcase name="MapToFloat then reduce set with functions and supplier" classname="griffon.javafx.beans.binding.ReducingBindingsSpec" time="0.002"/>
  <testcase name="MapToDouble then reduce set with functions and supplier" classname="griffon.javafx.beans.binding.ReducingBindingsSpec" time="0.001"/>
  <testcase name="MapToString then reduce set with functions and supplier" classname="griffon.javafx.beans.binding.ReducingBindingsSpec" time="0.001"/>
  <testcase name="MapToBoolean then reduce set with observable functions and default value" classname="griffon.javafx.beans.binding.ReducingBindingsSpec" time="0.004"/>
  <testcase name="MapToInteger then reduce set with observable functions and default value" classname="griffon.javafx.beans.binding.ReducingBindingsSpec" time="0.003"/>
  <testcase name="MapToLong then reduce set with observable functions and default value" classname="griffon.javafx.beans.binding.ReducingBindingsSpec" time="0.002"/>
  <testcase name="MapToFloat then reduce set with observable functions and default value" classname="griffon.javafx.beans.binding.ReducingBindingsSpec" time="0.005"/>
  <testcase name="MapToDouble then reduce set with observable functions and default value" classname="griffon.javafx.beans.binding.ReducingBindingsSpec" time="0.001"/>
  <testcase name="MapToString then reduce set with observable functions and default value" classname="griffon.javafx.beans.binding.ReducingBindingsSpec" time="0.002"/>
  <testcase name="MapToBoolean then reduce set with observable functions and supplier" classname="griffon.javafx.beans.binding.ReducingBindingsSpec" time="0.002"/>
  <testcase name="MapToInteger then reduce set with observable functions and supplier" classname="griffon.javafx.beans.binding.ReducingBindingsSpec" time="0.003"/>
  <testcase name="MapToLong then reduce set with observable functions and supplier" classname="griffon.javafx.beans.binding.ReducingBindingsSpec" time="0.002"/>
  <testcase name="MapToFloat then reduce set with observable functions and supplier" classname="griffon.javafx.beans.binding.ReducingBindingsSpec" time="0.002"/>
  <testcase name="MapToDouble then reduce set with observable functions and supplier" classname="griffon.javafx.beans.binding.ReducingBindingsSpec" time="0.002"/>
  <testcase name="MapToString then reduce set with observable functions and supplier" classname="griffon.javafx.beans.binding.ReducingBindingsSpec" time="0.004"/>
  <testcase name="MapToBoolean then reduce map with functions and default value" classname="griffon.javafx.beans.binding.ReducingBindingsSpec" time="0.003"/>
  <testcase name="MapToInteger then reduce map with functions and default value" classname="griffon.javafx.beans.binding.ReducingBindingsSpec" time="0.001"/>
  <testcase name="MapToLong then reduce map with functions and default value" classname="griffon.javafx.beans.binding.ReducingBindingsSpec" time="0.001"/>
  <testcase name="MapToFloat then reduce map with functions and default value" classname="griffon.javafx.beans.binding.ReducingBindingsSpec" time="0.001"/>
  <testcase name="MapToDouble then reduce map with functions and default value" classname="griffon.javafx.beans.binding.ReducingBindingsSpec" time="0.001"/>
  <testcase name="MapToString then reduce map with functions and default value" classname="griffon.javafx.beans.binding.ReducingBindingsSpec" time="0.001"/>
  <testcase name="MapToBoolean then reduce map with functions and supplier" classname="griffon.javafx.beans.binding.ReducingBindingsSpec" time="0.002"/>
  <testcase name="MapToInteger then reduce map with functions and supplier" classname="griffon.javafx.beans.binding.ReducingBindingsSpec" time="0.002"/>
  <testcase name="MapToLong then reduce map with functions and supplier" classname="griffon.javafx.beans.binding.ReducingBindingsSpec" time="0.001"/>
  <testcase name="MapToFloat then reduce map with functions and supplier" classname="griffon.javafx.beans.binding.ReducingBindingsSpec" time="0.002"/>
  <testcase name="MapToDouble then reduce map with functions and supplier" classname="griffon.javafx.beans.binding.ReducingBindingsSpec" time="0.001"/>
  <testcase name="MapToString then reduce map with functions and supplier" classname="griffon.javafx.beans.binding.ReducingBindingsSpec" time="0.001"/>
  <testcase name="MapToBoolean then reduce map with observable functions and default value" classname="griffon.javafx.beans.binding.ReducingBindingsSpec" time="0.002"/>
  <testcase name="MapToInteger then reduce map with observable functions and default value" classname="griffon.javafx.beans.binding.ReducingBindingsSpec" time="0.009"/>
  <testcase name="MapToLong then reduce map with observable functions and default value" classname="griffon.javafx.beans.binding.ReducingBindingsSpec" time="0.003"/>
  <testcase name="MapToFloat then reduce map with observable functions and default value" classname="griffon.javafx.beans.binding.ReducingBindingsSpec" time="0.001"/>
  <testcase name="MapToDouble then reduce map with observable functions and default value" classname="griffon.javafx.beans.binding.ReducingBindingsSpec" time="0.001"/>
  <testcase name="MapToString then reduce map with observable functions and default value" classname="griffon.javafx.beans.binding.ReducingBindingsSpec" time="0.001"/>
  <testcase name="MapToBoolean then reduce map with observable functions and supplier" classname="griffon.javafx.beans.binding.ReducingBindingsSpec" time="0.002"/>
  <testcase name="MapToInteger then reduce map with observable functions and supplier" classname="griffon.javafx.beans.binding.ReducingBindingsSpec" time="0.002"/>
  <testcase name="MapToLong then reduce map with observable functions and supplier" classname="griffon.javafx.beans.binding.ReducingBindingsSpec" time="0.006"/>
  <testcase name="MapToFloat then reduce map with observable functions and supplier" classname="griffon.javafx.beans.binding.ReducingBindingsSpec" time="0.002"/>
  <testcase name="MapToDouble then reduce map with observable functions and supplier" classname="griffon.javafx.beans.binding.ReducingBindingsSpec" time="0.001"/>
  <testcase name="MapToString then reduce map with observable functions and supplier" classname="griffon.javafx.beans.binding.ReducingBindingsSpec" time="0.002"/>
  <system-out><![CDATA[]]></system-out>
  <system-err><![CDATA[]]></system-err>
</testsuite>
