<?xml version="1.0" encoding="UTF-8"?>
<testsuite name="griffon.javafx.editors.Point2DPropertyEditorSpec" tests="29" skipped="0" failures="0" errors="0" timestamp="2017-03-19T09:41:07" hostname="testing-gce-285b8751-6141-4ab9-a69c-ed70f9132185" time="0.128">
  <properties/>
  <testcase name="Point2D format 'null' should be equal to #Error:point" classname="griffon.javafx.editors.Point2DPropertyEditorSpec" time="0.059"/>
  <testcase name="Point2D format '' should be equal to #Error:point" classname="griffon.javafx.editors.Point2DPropertyEditorSpec" time="0.004"/>
  <testcase name="Point2D format ' ' should be equal to #Error:point" classname="griffon.javafx.editors.Point2DPropertyEditorSpec" time="0.001"/>
  <testcase name="Point2D format '[]' should be equal to #Error:point" classname="griffon.javafx.editors.Point2DPropertyEditorSpec" time="0.0"/>
  <testcase name="Point2D format '[:]' should be equal to #Error:point" classname="griffon.javafx.editors.Point2DPropertyEditorSpec" time="0.001"/>
  <testcase name="Point2D format '10,20' should be equal to #Error:point" classname="griffon.javafx.editors.Point2DPropertyEditorSpec" time="0.001"/>
  <testcase name="Point2D format '10, 20' should be equal to #Error:point" classname="griffon.javafx.editors.Point2DPropertyEditorSpec" time="0.001"/>
  <testcase name="Point2D format ' 10, 20' should be equal to #Error:point" classname="griffon.javafx.editors.Point2DPropertyEditorSpec" time="0.0"/>
  <testcase name="Point2D format ' 10, 20 ' should be equal to #Error:point" classname="griffon.javafx.editors.Point2DPropertyEditorSpec" time="0.001"/>
  <testcase name="Point2D format '[10, 20]' should be equal to #Error:point" classname="griffon.javafx.editors.Point2DPropertyEditorSpec" time="0.0"/>
  <testcase name="Point2D format '[10, 20]' should be equal to #Error:point" classname="griffon.javafx.editors.Point2DPropertyEditorSpec" time="0.0"/>
  <testcase name="Point2D format '10' should be equal to #Error:point" classname="griffon.javafx.editors.Point2DPropertyEditorSpec" time="0.001"/>
  <testcase name="Point2D format '10' should be equal to #Error:point" classname="griffon.javafx.editors.Point2DPropertyEditorSpec" time="0.001"/>
  <testcase name="Point2D format '[10]' should be equal to #Error:point" classname="griffon.javafx.editors.Point2DPropertyEditorSpec" time="0.001"/>
  <testcase name="Point2D format '[10]' should be equal to #Error:point" classname="griffon.javafx.editors.Point2DPropertyEditorSpec" time="0.001"/>
  <testcase name="Point2D format '[x:10, y:20]' should be equal to #Error:point" classname="griffon.javafx.editors.Point2DPropertyEditorSpec" time="0.003"/>
  <testcase name="Point2D format '[x:10, y:20]' should be equal to #Error:point" classname="griffon.javafx.editors.Point2DPropertyEditorSpec" time="0.001"/>
  <testcase name="Point2D format 'Point2D [x = 10.0, y = 20.0]' should be equal to #Error:point" classname="griffon.javafx.editors.Point2DPropertyEditorSpec" time="0.0"/>
  <testcase name="Point2D format '[foo:10, bar:20]' should be equal to #Error:point" classname="griffon.javafx.editors.Point2DPropertyEditorSpec" time="0.001"/>
  <testcase name="Invalid point format 'garbage'" classname="griffon.javafx.editors.Point2DPropertyEditorSpec" time="0.008"/>
  <testcase name="Invalid point format '1, 2, 3'" classname="griffon.javafx.editors.Point2DPropertyEditorSpec" time="0.0"/>
  <testcase name="Invalid point format '[1, 2, 3]'" classname="griffon.javafx.editors.Point2DPropertyEditorSpec" time="0.0"/>
  <testcase name="Invalid point format '[x:a]'" classname="griffon.javafx.editors.Point2DPropertyEditorSpec" time="0.0"/>
  <testcase name="Invalid point format '[y:b]'" classname="griffon.javafx.editors.Point2DPropertyEditorSpec" time="0.001"/>
  <testcase name="Invalid point format '[java.lang.Object@17c6b051]'" classname="griffon.javafx.editors.Point2DPropertyEditorSpec" time="0.0"/>
  <testcase name="Invalid point format '[x:java.lang.Object@24384b05]'" classname="griffon.javafx.editors.Point2DPropertyEditorSpec" time="0.001"/>
  <testcase name="Invalid point format 'java.lang.Object@255c166d'" classname="griffon.javafx.editors.Point2DPropertyEditorSpec" time="0.001"/>
  <testcase name="Formatted point 'null'" classname="griffon.javafx.editors.Point2DPropertyEditorSpec" time="0.001"/>
  <testcase name="Formatted point '10.0, 20.0'" classname="griffon.javafx.editors.Point2DPropertyEditorSpec" time="0.0"/>
  <system-out><![CDATA[]]></system-out>
  <system-err><![CDATA[]]></system-err>
</testsuite>
