<?xml version="1.0" encoding="UTF-8"?>
<testsuite name="griffon.javafx.support.CollectionBindingsTest" tests="12" skipped="0" failures="0" errors="0" timestamp="2016-12-06T13:49:15" hostname="testing-gce-88c17399-7e1a-4bbc-b795-695967a3f3cc" time="0.128">
  <properties/>
  <testcase name="Join list with string delimiter and mapper" classname="griffon.javafx.support.CollectionBindingsTest" time="0.054"/>
  <testcase name="Join list with string delimiter" classname="griffon.javafx.support.CollectionBindingsTest" time="0.003"/>
  <testcase name="Join list with observable delimiter" classname="griffon.javafx.support.CollectionBindingsTest" time="0.005"/>
  <testcase name="Join map with string delimiter and mapper" classname="griffon.javafx.support.CollectionBindingsTest" time="0.012"/>
  <testcase name="Join map with string delimiter" classname="griffon.javafx.support.CollectionBindingsTest" time="0.004"/>
  <testcase name="Join list with observable delimiter and mapper" classname="griffon.javafx.support.CollectionBindingsTest" time="0.006"/>
  <testcase name="Join set with string delimiter and mapper" classname="griffon.javafx.support.CollectionBindingsTest" time="0.004"/>
  <testcase name="Join set with observable delimiter and mapper" classname="griffon.javafx.support.CollectionBindingsTest" time="0.007"/>
  <testcase name="Join set with observable delimiter" classname="griffon.javafx.support.CollectionBindingsTest" time="0.004"/>
  <testcase name="Join set with string delimiter" classname="griffon.javafx.support.CollectionBindingsTest" time="0.003"/>
  <testcase name="Join map with observable delimiter and mapper" classname="griffon.javafx.support.CollectionBindingsTest" time="0.007"/>
  <testcase name="Join map with observable delimiter" classname="griffon.javafx.support.CollectionBindingsTest" time="0.002"/>
  <system-out><![CDATA[]]></system-out>
  <system-err><![CDATA[]]></system-err>
</testsuite>
