<?xml version="1.0" encoding="UTF-8"?>
<testsuite name="griffon.javafx.support.MappingObservableListTest" tests="2" skipped="0" failures="0" errors="0" timestamp="2016-12-01T09:19:13" hostname="testing-gce-1c7b4cd7-f8b4-49a0-b9fd-66abade42537" time="0.038">
  <properties/>
  <testcase name="testOperations" classname="griffon.javafx.support.MappingObservableListTest" time="0.024"/>
  <testcase name="testOperationsWithObservable" classname="griffon.javafx.support.MappingObservableListTest" time="0.013"/>
  <system-out><![CDATA[[1, 5]
[2, 10]
]]></system-out>
  <system-err><![CDATA[]]></system-err>
</testsuite>
