<?xml version="1.0" encoding="UTF-8"?>
<testsuite name="griffon.javafx.beans.binding.MatchingBindingsSpec" tests="36" skipped="0" failures="0" errors="0" timestamp="2017-05-04T09:06:06" hostname="testing-docker-ace0605b-7337-48a1-8fdb-4d5d4cfd489f" time="0.203">
  <properties/>
  <testcase name="AnyMatch in List" classname="griffon.javafx.beans.binding.MatchingBindingsSpec" time="0.022"/>
  <testcase name="AnyMatch in List with mapper" classname="griffon.javafx.beans.binding.MatchingBindingsSpec" time="0.01"/>
  <testcase name="AnyMatch in List with observable predicate" classname="griffon.javafx.beans.binding.MatchingBindingsSpec" time="0.006"/>
  <testcase name="AnyMatch in List with observable predicate and mapper" classname="griffon.javafx.beans.binding.MatchingBindingsSpec" time="0.008"/>
  <testcase name="AnyMatch in Set" classname="griffon.javafx.beans.binding.MatchingBindingsSpec" time="0.004"/>
  <testcase name="AnyMatch in Set with mapper" classname="griffon.javafx.beans.binding.MatchingBindingsSpec" time="0.005"/>
  <testcase name="AnyMatch in Set with observable predicate" classname="griffon.javafx.beans.binding.MatchingBindingsSpec" time="0.003"/>
  <testcase name="AnyMatch in Set with observable predicate and mapper" classname="griffon.javafx.beans.binding.MatchingBindingsSpec" time="0.007"/>
  <testcase name="AnyMatch in Map" classname="griffon.javafx.beans.binding.MatchingBindingsSpec" time="0.006"/>
  <testcase name="AnyMatch in Map with mapper" classname="griffon.javafx.beans.binding.MatchingBindingsSpec" time="0.004"/>
  <testcase name="AnyMatch in Map with observable predicate" classname="griffon.javafx.beans.binding.MatchingBindingsSpec" time="0.004"/>
  <testcase name="AnyMatch in Map with observable predicate and mapper" classname="griffon.javafx.beans.binding.MatchingBindingsSpec" time="0.005"/>
  <testcase name="AllMatch in List" classname="griffon.javafx.beans.binding.MatchingBindingsSpec" time="0.004"/>
  <testcase name="AllMatch in List with mapper" classname="griffon.javafx.beans.binding.MatchingBindingsSpec" time="0.005"/>
  <testcase name="AllMatch in List with observable predicate" classname="griffon.javafx.beans.binding.MatchingBindingsSpec" time="0.005"/>
  <testcase name="AllMatch in List with observable predicate and mapper" classname="griffon.javafx.beans.binding.MatchingBindingsSpec" time="0.011"/>
  <testcase name="AllMatch in Set" classname="griffon.javafx.beans.binding.MatchingBindingsSpec" time="0.004"/>
  <testcase name="AllMatch in Set with mapper" classname="griffon.javafx.beans.binding.MatchingBindingsSpec" time="0.003"/>
  <testcase name="AllMatch in Set with observable predicate" classname="griffon.javafx.beans.binding.MatchingBindingsSpec" time="0.003"/>
  <testcase name="AllMatch in Set with observable predicate and mapper" classname="griffon.javafx.beans.binding.MatchingBindingsSpec" time="0.007"/>
  <testcase name="AllMatch in Map" classname="griffon.javafx.beans.binding.MatchingBindingsSpec" time="0.004"/>
  <testcase name="AllMatch in Map with mapper" classname="griffon.javafx.beans.binding.MatchingBindingsSpec" time="0.004"/>
  <testcase name="AllMatch in Map with observable predicate" classname="griffon.javafx.beans.binding.MatchingBindingsSpec" time="0.005"/>
  <testcase name="AllMatch in Map with observable predicate and mapper" classname="griffon.javafx.beans.binding.MatchingBindingsSpec" time="0.005"/>
  <testcase name="NoneMatch in List" classname="griffon.javafx.beans.binding.MatchingBindingsSpec" time="0.003"/>
  <testcase name="NoneMatch in List with mapper" classname="griffon.javafx.beans.binding.MatchingBindingsSpec" time="0.003"/>
  <testcase name="NoneMatch in List with observable predicate" classname="griffon.javafx.beans.binding.MatchingBindingsSpec" time="0.006"/>
  <testcase name="NoneMatch in List with observable predicate and mapper" classname="griffon.javafx.beans.binding.MatchingBindingsSpec" time="0.007"/>
  <testcase name="NoneMatch in Set" classname="griffon.javafx.beans.binding.MatchingBindingsSpec" time="0.003"/>
  <testcase name="NoneMatch in Set with mapper" classname="griffon.javafx.beans.binding.MatchingBindingsSpec" time="0.005"/>
  <testcase name="NoneMatch in Set with observable predicate" classname="griffon.javafx.beans.binding.MatchingBindingsSpec" time="0.005"/>
  <testcase name="NoneMatch in Set with observable predicate and mapper" classname="griffon.javafx.beans.binding.MatchingBindingsSpec" time="0.007"/>
  <testcase name="NoneMatch in Map" classname="griffon.javafx.beans.binding.MatchingBindingsSpec" time="0.003"/>
  <testcase name="NoneMatch in Map with mapper" classname="griffon.javafx.beans.binding.MatchingBindingsSpec" time="0.004"/>
  <testcase name="NoneMatch in Map with observable predicate" classname="griffon.javafx.beans.binding.MatchingBindingsSpec" time="0.003"/>
  <testcase name="NoneMatch in Map with observable predicate and mapper" classname="griffon.javafx.beans.binding.MatchingBindingsSpec" time="0.005"/>
  <system-out><![CDATA[]]></system-out>
  <system-err><![CDATA[]]></system-err>
</testsuite>
