<?xml version="1.0" encoding="UTF-8"?>
<testsuite name="griffon.javafx.collections.GriffonFXCollectionsSpec" tests="6" skipped="0" failures="0" errors="0" timestamp="2017-04-23T11:15:45" hostname="testing-gce-800131f0-e76c-47bc-8935-b4db1ec986af" time="1.204">
  <properties/>
  <testcase name="Trigger list events inside UI thread (source) " classname="griffon.javafx.collections.GriffonFXCollectionsSpec" time="0.565"/>
  <testcase name="Trigger list events inside UI thread (target) " classname="griffon.javafx.collections.GriffonFXCollectionsSpec" time="0.111"/>
  <testcase name="Trigger set events inside UI thread (source) " classname="griffon.javafx.collections.GriffonFXCollectionsSpec" time="0.162"/>
  <testcase name="Trigger set events inside UI thread (target) " classname="griffon.javafx.collections.GriffonFXCollectionsSpec" time="0.111"/>
  <testcase name="Trigger map events inside UI thread (source) " classname="griffon.javafx.collections.GriffonFXCollectionsSpec" time="0.141"/>
  <testcase name="Trigger map events inside UI thread (target) " classname="griffon.javafx.collections.GriffonFXCollectionsSpec" time="0.112"/>
  <system-out><![CDATA[]]></system-out>
  <system-err><![CDATA[]]></system-err>
</testsuite>
