<?xml version="1.0" encoding="UTF-8"?>
<testsuite name="griffon.javafx.support.BindingUtilsTest" tests="12" skipped="0" failures="0" errors="0" timestamp="2016-11-16T19:17:23" hostname="testing-gce-d09898f4-2ba9-4f95-9da7-e09d875e226a" time="0.863">
  <properties/>
  <testcase name="Join list with string delimiter and mapper" classname="griffon.javafx.support.BindingUtilsTest" time="0.717"/>
  <testcase name="Join list with string delimiter" classname="griffon.javafx.support.BindingUtilsTest" time="0.006"/>
  <testcase name="Join list with observable delimiter" classname="griffon.javafx.support.BindingUtilsTest" time="0.032"/>
  <testcase name="Join map with string delimiter and mapper" classname="griffon.javafx.support.BindingUtilsTest" time="0.027"/>
  <testcase name="Join map with string delimiter" classname="griffon.javafx.support.BindingUtilsTest" time="0.003"/>
  <testcase name="Join list with observable delimiter and mapper" classname="griffon.javafx.support.BindingUtilsTest" time="0.031"/>
  <testcase name="Join set with string delimiter and mapper" classname="griffon.javafx.support.BindingUtilsTest" time="0.016"/>
  <testcase name="Join set with observable delimiter and mapper" classname="griffon.javafx.support.BindingUtilsTest" time="0.008"/>
  <testcase name="Join set with observable delimiter" classname="griffon.javafx.support.BindingUtilsTest" time="0.004"/>
  <testcase name="Join set with string delimiter" classname="griffon.javafx.support.BindingUtilsTest" time="0.003"/>
  <testcase name="Join map with observable delimiter and mapper" classname="griffon.javafx.support.BindingUtilsTest" time="0.007"/>
  <testcase name="Join map with observable delimiter" classname="griffon.javafx.support.BindingUtilsTest" time="0.003"/>
  <system-out><![CDATA[]]></system-out>
  <system-err><![CDATA[]]></system-err>
</testsuite>
