<?xml version="1.0" encoding="UTF-8"?>
<testsuite name="griffon.javafx.beans.property.ResetableLongPropertyTest" tests="4" skipped="0" failures="0" errors="0" timestamp="2017-02-03T08:43:05" hostname="testing-gce-028e3132-944c-44d8-aca7-00110a5ea2b2" time="0.01">
  <properties/>
  <testcase name="rebasingPropertyAffectsBaseValue" classname="griffon.javafx.beans.property.ResetableLongPropertyTest" time="0.008"/>
  <testcase name="dirtyChecks" classname="griffon.javafx.beans.property.ResetableLongPropertyTest" time="0.001"/>
  <testcase name="resetingPropertyAffectsValue" classname="griffon.javafx.beans.property.ResetableLongPropertyTest" time="0.0"/>
  <testcase name="updatingValueDoesNotAffectBaseValue" classname="griffon.javafx.beans.property.ResetableLongPropertyTest" time="0.0"/>
  <system-out><![CDATA[]]></system-out>
  <system-err><![CDATA[]]></system-err>
</testsuite>
