<?xml version="1.0" encoding="UTF-8"?>
<testsuite name="griffon.javafx.beans.property.ResetableStringPropertyTest" tests="4" skipped="0" failures="0" errors="0" timestamp="2017-01-18T09:31:52" hostname="testing-gce-10e466f0-264b-4ed4-9fdb-b63b18108c1e" time="0.013">
  <properties/>
  <testcase name="rebasingPropertyAffectsBaseValue" classname="griffon.javafx.beans.property.ResetableStringPropertyTest" time="0.009"/>
  <testcase name="dirtyChecks" classname="griffon.javafx.beans.property.ResetableStringPropertyTest" time="0.001"/>
  <testcase name="resetingPropertyAffectsValue" classname="griffon.javafx.beans.property.ResetableStringPropertyTest" time="0.001"/>
  <testcase name="updatingValueDoesNotAffectBaseValue" classname="griffon.javafx.beans.property.ResetableStringPropertyTest" time="0.001"/>
  <system-out><![CDATA[]]></system-out>
  <system-err><![CDATA[]]></system-err>
</testsuite>
