<?xml version="1.0" encoding="UTF-8"?>
<testsuite name="griffon.javafx.support.MappingObservableListTest" tests="2" skipped="0" failures="0" errors="0" timestamp="2016-11-17T21:57:04" hostname="testing-gce-a500a3b7-3e8b-4697-b127-d17b45a2fbc5" time="0.015">
  <properties/>
  <testcase name="testOperations" classname="griffon.javafx.support.MappingObservableListTest" time="0.01"/>
  <testcase name="testOperationsWithObservable" classname="griffon.javafx.support.MappingObservableListTest" time="0.005"/>
  <system-out><![CDATA[[1, 5]
[2, 10]
]]></system-out>
  <system-err><![CDATA[]]></system-err>
</testsuite>
