<?xml version="1.0" encoding="UTF-8"?>
<testsuite name="griffon.javafx.beans.property.ResetableLongPropertyTest" tests="4" skipped="0" failures="0" errors="0" timestamp="2017-04-17T14:55:51" hostname="testing-gce-7bf6deec-e5d4-4766-bf77-6fb58608b635" time="0.01">
  <properties/>
  <testcase name="rebasingPropertyAffectsBaseValue" classname="griffon.javafx.beans.property.ResetableLongPropertyTest" time="0.009"/>
  <testcase name="dirtyChecks" classname="griffon.javafx.beans.property.ResetableLongPropertyTest" time="0.0"/>
  <testcase name="resetingPropertyAffectsValue" classname="griffon.javafx.beans.property.ResetableLongPropertyTest" time="0.001"/>
  <testcase name="updatingValueDoesNotAffectBaseValue" classname="griffon.javafx.beans.property.ResetableLongPropertyTest" time="0.0"/>
  <system-out><![CDATA[]]></system-out>
  <system-err><![CDATA[]]></system-err>
</testsuite>
