<?xml version="1.0" encoding="UTF-8"?>
<testsuite name="griffon.javafx.editors.ImagePropertyEditorSpec" tests="19" skipped="0" failures="0" errors="0" timestamp="2017-04-17T14:56:22" hostname="testing-gce-7bf6deec-e5d4-4766-bf77-6fb58608b635" time="0.119">
  <properties/>
  <testcase name="Image format 'null' should be equal to null" classname="griffon.javafx.editors.ImagePropertyEditorSpec" time="0.056"/>
  <testcase name="Image format '' should be equal to null" classname="griffon.javafx.editors.ImagePropertyEditorSpec" time="0.004"/>
  <testcase name="Image format ' ' should be equal to null" classname="griffon.javafx.editors.ImagePropertyEditorSpec" time="0.001"/>
  <testcase name="Image format 'javafx.scene.image.Image@4eeaa89a' should be equal to javafx.scene.image.Image@4eeaa89a" classname="griffon.javafx.editors.ImagePropertyEditorSpec" time="0.001"/>
  <testcase name="Valid image format 'build/resources/test/griffon-icon-16x16.png'" classname="griffon.javafx.editors.ImagePropertyEditorSpec" time="0.004"/>
  <testcase name="Valid image format 'file:/home/travis/build/griffon/griffon/subprojects/griffon-javafx/build/resources/test/griffon-icon-16x16.png'" classname="griffon.javafx.editors.ImagePropertyEditorSpec" time="0.002"/>
  <testcase name="Valid image format 'file:/home/travis/build/griffon/griffon/subprojects/griffon-javafx/build/resources/test/griffon-icon-16x16.png'" classname="griffon.javafx.editors.ImagePropertyEditorSpec" time="0.001"/>
  <testcase name="Valid image format 'java.io.FileInputStream@148ed7f6'" classname="griffon.javafx.editors.ImagePropertyEditorSpec" time="0.001"/>
  <testcase name="Invalid image format 'garbage'" classname="griffon.javafx.editors.ImagePropertyEditorSpec" time="0.006"/>
  <testcase name="Invalid image format '[]'" classname="griffon.javafx.editors.ImagePropertyEditorSpec" time="0.001"/>
  <testcase name="Invalid image format '[1]'" classname="griffon.javafx.editors.ImagePropertyEditorSpec" time="0.001"/>
  <testcase name="Invalid image format '[1, 2]'" classname="griffon.javafx.editors.ImagePropertyEditorSpec" time="0.001"/>
  <testcase name="Invalid image format '[1, 2, 3, 4, 5]'" classname="griffon.javafx.editors.ImagePropertyEditorSpec" time="0.002"/>
  <testcase name="Invalid image format 'F00'" classname="griffon.javafx.editors.ImagePropertyEditorSpec" time="0.001"/>
  <testcase name="Invalid image format '#F0'" classname="griffon.javafx.editors.ImagePropertyEditorSpec" time="0.001"/>
  <testcase name="Invalid image format '#FF0000FF00'" classname="griffon.javafx.editors.ImagePropertyEditorSpec" time="0.002"/>
  <testcase name="Invalid image format '[HH, FF, 00]'" classname="griffon.javafx.editors.ImagePropertyEditorSpec" time="0.001"/>
  <testcase name="Invalid image format 'java.lang.Object@2f4c0dce'" classname="griffon.javafx.editors.ImagePropertyEditorSpec" time="0.001"/>
  <testcase name="Invalid image format '[java.lang.Object@11d498e9]'" classname="griffon.javafx.editors.ImagePropertyEditorSpec" time="0.0"/>
  <system-out><![CDATA[]]></system-out>
  <system-err><![CDATA[]]></system-err>
</testsuite>
