<?xml version="1.0" encoding="UTF-8"?>
<testsuite name="griffon.javafx.collections.ElementObservableListTest" tests="1" skipped="0" failures="0" errors="0" timestamp="2017-03-13T20:09:41" hostname="testing-gce-5c6f6730-f713-4b79-bb0b-2c95a726fbf5" time="0.01">
  <properties/>
  <testcase name="testOperations" classname="griffon.javafx.collections.ElementObservableListTest" time="0.01"/>
  <system-out><![CDATA[]]></system-out>
  <system-err><![CDATA[]]></system-err>
</testsuite>
