<?xml version="1.0" encoding="UTF-8"?>
<testsuite name="griffon.javafx.editors.Dimension2DPropertyEditorSpec" tests="31" skipped="0" failures="0" errors="0" timestamp="2017-04-18T07:10:58" hostname="testing-gce-002cfebe-ce3e-40e2-ac44-84a0ecf46dae" time="0.162">
  <properties/>
  <testcase name="Dimension2D format 'null' should be equal to #Error:dimension" classname="griffon.javafx.editors.Dimension2DPropertyEditorSpec" time="0.08"/>
  <testcase name="Dimension2D format '' should be equal to #Error:dimension" classname="griffon.javafx.editors.Dimension2DPropertyEditorSpec" time="0.005"/>
  <testcase name="Dimension2D format ' ' should be equal to #Error:dimension" classname="griffon.javafx.editors.Dimension2DPropertyEditorSpec" time="0.001"/>
  <testcase name="Dimension2D format '[]' should be equal to #Error:dimension" classname="griffon.javafx.editors.Dimension2DPropertyEditorSpec" time="0.001"/>
  <testcase name="Dimension2D format '[:]' should be equal to #Error:dimension" classname="griffon.javafx.editors.Dimension2DPropertyEditorSpec" time="0.001"/>
  <testcase name="Dimension2D format '10,20' should be equal to #Error:dimension" classname="griffon.javafx.editors.Dimension2DPropertyEditorSpec" time="0.002"/>
  <testcase name="Dimension2D format '10, 20' should be equal to #Error:dimension" classname="griffon.javafx.editors.Dimension2DPropertyEditorSpec" time="0.0"/>
  <testcase name="Dimension2D format ' 10, 20' should be equal to #Error:dimension" classname="griffon.javafx.editors.Dimension2DPropertyEditorSpec" time="0.001"/>
  <testcase name="Dimension2D format ' 10, 20 ' should be equal to #Error:dimension" classname="griffon.javafx.editors.Dimension2DPropertyEditorSpec" time="0.002"/>
  <testcase name="Dimension2D format '[10, 20]' should be equal to #Error:dimension" classname="griffon.javafx.editors.Dimension2DPropertyEditorSpec" time="0.001"/>
  <testcase name="Dimension2D format '[10, 20]' should be equal to #Error:dimension" classname="griffon.javafx.editors.Dimension2DPropertyEditorSpec" time="0.001"/>
  <testcase name="Dimension2D format '10' should be equal to #Error:dimension" classname="griffon.javafx.editors.Dimension2DPropertyEditorSpec" time="0.001"/>
  <testcase name="Dimension2D format '10' should be equal to #Error:dimension" classname="griffon.javafx.editors.Dimension2DPropertyEditorSpec" time="0.001"/>
  <testcase name="Dimension2D format '[10]' should be equal to #Error:dimension" classname="griffon.javafx.editors.Dimension2DPropertyEditorSpec" time="0.001"/>
  <testcase name="Dimension2D format '[10]' should be equal to #Error:dimension" classname="griffon.javafx.editors.Dimension2DPropertyEditorSpec" time="0.001"/>
  <testcase name="Dimension2D format '[width:10, height:20]' should be equal to #Error:dimension" classname="griffon.javafx.editors.Dimension2DPropertyEditorSpec" time="0.003"/>
  <testcase name="Dimension2D format '[width:10, height:20]' should be equal to #Error:dimension" classname="griffon.javafx.editors.Dimension2DPropertyEditorSpec" time="0.001"/>
  <testcase name="Dimension2D format '[w:10, h:20]' should be equal to #Error:dimension" classname="griffon.javafx.editors.Dimension2DPropertyEditorSpec" time="0.001"/>
  <testcase name="Dimension2D format '[w:10, h:20]' should be equal to #Error:dimension" classname="griffon.javafx.editors.Dimension2DPropertyEditorSpec" time="0.001"/>
  <testcase name="Dimension2D format 'Dimension2D [width = 10.0, height = 20.0]' should be equal to #Error:dimension" classname="griffon.javafx.editors.Dimension2DPropertyEditorSpec" time="0.0"/>
  <testcase name="Dimension2D format '[foo:10, bar:20]' should be equal to #Error:dimension" classname="griffon.javafx.editors.Dimension2DPropertyEditorSpec" time="0.001"/>
  <testcase name="Invalid dimension format 'garbage'" classname="griffon.javafx.editors.Dimension2DPropertyEditorSpec" time="0.01"/>
  <testcase name="Invalid dimension format '1, 2, 3'" classname="griffon.javafx.editors.Dimension2DPropertyEditorSpec" time="0.0"/>
  <testcase name="Invalid dimension format '[1, 2, 3]'" classname="griffon.javafx.editors.Dimension2DPropertyEditorSpec" time="0.0"/>
  <testcase name="Invalid dimension format '[width:a]'" classname="griffon.javafx.editors.Dimension2DPropertyEditorSpec" time="0.002"/>
  <testcase name="Invalid dimension format '[w:b]'" classname="griffon.javafx.editors.Dimension2DPropertyEditorSpec" time="0.001"/>
  <testcase name="Invalid dimension format '[java.lang.Object@6152c3bc]'" classname="griffon.javafx.editors.Dimension2DPropertyEditorSpec" time="0.001"/>
  <testcase name="Invalid dimension format '[w:java.lang.Object@49b021c8]'" classname="griffon.javafx.editors.Dimension2DPropertyEditorSpec" time="0.001"/>
  <testcase name="Invalid dimension format 'java.lang.Object@4b4478af'" classname="griffon.javafx.editors.Dimension2DPropertyEditorSpec" time="0.001"/>
  <testcase name="Formatted dimension 'null'" classname="griffon.javafx.editors.Dimension2DPropertyEditorSpec" time="0.002"/>
  <testcase name="Formatted dimension '10.0, 20.0'" classname="griffon.javafx.editors.Dimension2DPropertyEditorSpec" time="0.0"/>
  <system-out><![CDATA[]]></system-out>
  <system-err><![CDATA[]]></system-err>
</testsuite>
