<?xml version="1.0" encoding="UTF-8"?>
<testsuite name="griffon.javafx.editors.InsetsPropertyEditorSpec" tests="34" skipped="0" failures="0" errors="0" timestamp="2017-04-24T08:43:21" hostname="testing-gce-5d7d77d1-ab44-4e29-9f52-aa2a647d6215" time="0.078">
  <properties/>
  <testcase name="Insets format 'null' should be equal to null" classname="griffon.javafx.editors.InsetsPropertyEditorSpec" time="0.012"/>
  <testcase name="Insets format '' should be equal to null" classname="griffon.javafx.editors.InsetsPropertyEditorSpec" time="0.001"/>
  <testcase name="Insets format ' ' should be equal to null" classname="griffon.javafx.editors.InsetsPropertyEditorSpec" time="0.0"/>
  <testcase name="Insets format '[]' should be equal to null" classname="griffon.javafx.editors.InsetsPropertyEditorSpec" time="0.002"/>
  <testcase name="Insets format '[:]' should be equal to null" classname="griffon.javafx.editors.InsetsPropertyEditorSpec" time="0.0"/>
  <testcase name="Insets format '1' should be equal to Insets [top=1.0, right=0.0, bottom=0.0, left=0.0]" classname="griffon.javafx.editors.InsetsPropertyEditorSpec" time="0.0"/>
  <testcase name="Insets format '1,2' should be equal to Insets [top=1.0, right=2.0, bottom=0.0, left=0.0]" classname="griffon.javafx.editors.InsetsPropertyEditorSpec" time="0.001"/>
  <testcase name="Insets format '1,2,3' should be equal to Insets [top=1.0, right=2.0, bottom=3.0, left=0.0]" classname="griffon.javafx.editors.InsetsPropertyEditorSpec" time="0.0"/>
  <testcase name="Insets format '1,2,3,4' should be equal to Insets [top=1.0, right=2.0, bottom=3.0, left=4.0]" classname="griffon.javafx.editors.InsetsPropertyEditorSpec" time="0.0"/>
  <testcase name="Insets format '1, 2, 3, 4' should be equal to Insets [top=1.0, right=2.0, bottom=3.0, left=4.0]" classname="griffon.javafx.editors.InsetsPropertyEditorSpec" time="0.001"/>
  <testcase name="Insets format ' 1, 2, 3, 4' should be equal to Insets [top=1.0, right=2.0, bottom=3.0, left=4.0]" classname="griffon.javafx.editors.InsetsPropertyEditorSpec" time="0.001"/>
  <testcase name="Insets format ' 1, 2,3 , 4 ' should be equal to Insets [top=1.0, right=2.0, bottom=3.0, left=4.0]" classname="griffon.javafx.editors.InsetsPropertyEditorSpec" time="0.0"/>
  <testcase name="Insets format '[1, 2, 3, 4]' should be equal to Insets [top=1.0, right=2.0, bottom=3.0, left=4.0]" classname="griffon.javafx.editors.InsetsPropertyEditorSpec" time="0.001"/>
  <testcase name="Insets format '[1, 2, 3, 4]' should be equal to Insets [top=1.0, right=2.0, bottom=3.0, left=4.0]" classname="griffon.javafx.editors.InsetsPropertyEditorSpec" time="0.0"/>
  <testcase name="Insets format '1' should be equal to Insets [top=1.0, right=1.0, bottom=1.0, left=1.0]" classname="griffon.javafx.editors.InsetsPropertyEditorSpec" time="0.001"/>
  <testcase name="Insets format '[1]' should be equal to Insets [top=1.0, right=0.0, bottom=0.0, left=0.0]" classname="griffon.javafx.editors.InsetsPropertyEditorSpec" time="0.001"/>
  <testcase name="Insets format '[1]' should be equal to Insets [top=1.0, right=0.0, bottom=0.0, left=0.0]" classname="griffon.javafx.editors.InsetsPropertyEditorSpec" time="0.001"/>
  <testcase name="Insets format '[top:1, right:2, bottom:3, left:4]' should be equal to Insets [top=1.0, right=2.0, bottom=3.0, left=4.0]" classname="griffon.javafx.editors.InsetsPropertyEditorSpec" time="0.001"/>
  <testcase name="Insets format '[top:1, right:2, bottom:3, left:4]' should be equal to Insets [top=1.0, right=2.0, bottom=3.0, left=4.0]" classname="griffon.javafx.editors.InsetsPropertyEditorSpec" time="0.0"/>
  <testcase name="Insets format '[t:1, r:2, b:3, l:4]' should be equal to Insets [top=1.0, right=2.0, bottom=3.0, left=4.0]" classname="griffon.javafx.editors.InsetsPropertyEditorSpec" time="0.0"/>
  <testcase name="Insets format '[t:1, r:2, b:3, l:4]' should be equal to Insets [top=1.0, right=2.0, bottom=3.0, left=4.0]" classname="griffon.javafx.editors.InsetsPropertyEditorSpec" time="0.001"/>
  <testcase name="Insets format 'Insets [top=1.0, right=2.0, bottom=3.0, left=4.0]' should be equal to Insets [top=1.0, right=2.0, bottom=3.0, left=4.0]" classname="griffon.javafx.editors.InsetsPropertyEditorSpec" time="0.0"/>
  <testcase name="Insets format '[foo:1, bar:2]' should be equal to Insets [top=0.0, right=0.0, bottom=0.0, left=0.0]" classname="griffon.javafx.editors.InsetsPropertyEditorSpec" time="0.0"/>
  <testcase name="Invalid insets format 'garbage'" classname="griffon.javafx.editors.InsetsPropertyEditorSpec" time="0.006"/>
  <testcase name="Invalid insets format '1, 2, 3,4 ,5'" classname="griffon.javafx.editors.InsetsPropertyEditorSpec" time="0.001"/>
  <testcase name="Invalid insets format '1, a'" classname="griffon.javafx.editors.InsetsPropertyEditorSpec" time="0.006"/>
  <testcase name="Invalid insets format '[1, 2, 3, 4, 5]'" classname="griffon.javafx.editors.InsetsPropertyEditorSpec" time="0.0"/>
  <testcase name="Invalid insets format '[top:a]'" classname="griffon.javafx.editors.InsetsPropertyEditorSpec" time="0.001"/>
  <testcase name="Invalid insets format '[t:b]'" classname="griffon.javafx.editors.InsetsPropertyEditorSpec" time="0.0"/>
  <testcase name="Invalid insets format '[java.lang.Object@564dfe56]'" classname="griffon.javafx.editors.InsetsPropertyEditorSpec" time="0.001"/>
  <testcase name="Invalid insets format '[t:java.lang.Object@51b2d614]'" classname="griffon.javafx.editors.InsetsPropertyEditorSpec" time="0.001"/>
  <testcase name="Invalid insets format 'java.lang.Object@37f31f1b'" classname="griffon.javafx.editors.InsetsPropertyEditorSpec" time="0.0"/>
  <testcase name="Formatted insets 'null'" classname="griffon.javafx.editors.InsetsPropertyEditorSpec" time="0.004"/>
  <testcase name="Formatted insets '1.0, 2.0, 3.0, 4.0'" classname="griffon.javafx.editors.InsetsPropertyEditorSpec" time="0.002"/>
  <system-out><![CDATA[null
Insets [top=1.0, right=2.0, bottom=3.0, left=4.0]
]]></system-out>
  <system-err><![CDATA[]]></system-err>
</testsuite>
