<?xml version="1.0" encoding="UTF-8"?>
<testsuite name="griffon.javafx.beans.property.ResetableFloatPropertyTest" tests="4" skipped="0" failures="0" errors="0" timestamp="2017-05-06T14:15:30" hostname="testing-docker-90b60644-8177-4130-972e-463f2d1984bb" time="0.072">
  <properties/>
  <testcase name="rebasingPropertyAffectsBaseValue" classname="griffon.javafx.beans.property.ResetableFloatPropertyTest" time="0.054"/>
  <testcase name="dirtyChecks" classname="griffon.javafx.beans.property.ResetableFloatPropertyTest" time="0.002"/>
  <testcase name="resetingPropertyAffectsValue" classname="griffon.javafx.beans.property.ResetableFloatPropertyTest" time="0.002"/>
  <testcase name="updatingValueDoesNotAffectBaseValue" classname="griffon.javafx.beans.property.ResetableFloatPropertyTest" time="0.0"/>
  <system-out><![CDATA[]]></system-out>
  <system-err><![CDATA[]]></system-err>
</testsuite>
