<?xml version="1.0" encoding="UTF-8"?>
<testsuite name="griffon.javafx.support.CollectionBindingsTest" tests="12" skipped="0" failures="0" errors="0" timestamp="2016-12-05T10:41:00" hostname="testing-gce-189093d2-39ca-4652-aec9-ff08f5b8a81f" time="0.13">
  <properties/>
  <testcase name="Join list with string delimiter and mapper" classname="griffon.javafx.support.CollectionBindingsTest" time="0.059"/>
  <testcase name="Join list with string delimiter" classname="griffon.javafx.support.CollectionBindingsTest" time="0.004"/>
  <testcase name="Join list with observable delimiter" classname="griffon.javafx.support.CollectionBindingsTest" time="0.005"/>
  <testcase name="Join map with string delimiter and mapper" classname="griffon.javafx.support.CollectionBindingsTest" time="0.011"/>
  <testcase name="Join map with string delimiter" classname="griffon.javafx.support.CollectionBindingsTest" time="0.004"/>
  <testcase name="Join list with observable delimiter and mapper" classname="griffon.javafx.support.CollectionBindingsTest" time="0.005"/>
  <testcase name="Join set with string delimiter and mapper" classname="griffon.javafx.support.CollectionBindingsTest" time="0.005"/>
  <testcase name="Join set with observable delimiter and mapper" classname="griffon.javafx.support.CollectionBindingsTest" time="0.007"/>
  <testcase name="Join set with observable delimiter" classname="griffon.javafx.support.CollectionBindingsTest" time="0.003"/>
  <testcase name="Join set with string delimiter" classname="griffon.javafx.support.CollectionBindingsTest" time="0.003"/>
  <testcase name="Join map with observable delimiter and mapper" classname="griffon.javafx.support.CollectionBindingsTest" time="0.008"/>
  <testcase name="Join map with observable delimiter" classname="griffon.javafx.support.CollectionBindingsTest" time="0.003"/>
  <system-out><![CDATA[]]></system-out>
  <system-err><![CDATA[]]></system-err>
</testsuite>
