<?xml version="1.0" encoding="UTF-8"?>
<testsuite name="griffon.javafx.support.BindingUtilsTest" tests="12" skipped="0" failures="0" errors="0" timestamp="2016-11-16T18:51:53" hostname="testing-gce-a8eb0744-142d-4aa3-aea8-752a56f8e7a5" time="0.89">
  <properties/>
  <testcase name="Join list with string delimiter and mapper" classname="griffon.javafx.support.BindingUtilsTest" time="0.705"/>
  <testcase name="Join list with string delimiter" classname="griffon.javafx.support.BindingUtilsTest" time="0.006"/>
  <testcase name="Join list with observable delimiter" classname="griffon.javafx.support.BindingUtilsTest" time="0.035"/>
  <testcase name="Join map with string delimiter and mapper" classname="griffon.javafx.support.BindingUtilsTest" time="0.041"/>
  <testcase name="Join map with string delimiter" classname="griffon.javafx.support.BindingUtilsTest" time="0.003"/>
  <testcase name="Join list with observable delimiter and mapper" classname="griffon.javafx.support.BindingUtilsTest" time="0.049"/>
  <testcase name="Join set with string delimiter and mapper" classname="griffon.javafx.support.BindingUtilsTest" time="0.021"/>
  <testcase name="Join set with observable delimiter and mapper" classname="griffon.javafx.support.BindingUtilsTest" time="0.008"/>
  <testcase name="Join set with observable delimiter" classname="griffon.javafx.support.BindingUtilsTest" time="0.003"/>
  <testcase name="Join set with string delimiter" classname="griffon.javafx.support.BindingUtilsTest" time="0.002"/>
  <testcase name="Join map with observable delimiter and mapper" classname="griffon.javafx.support.BindingUtilsTest" time="0.008"/>
  <testcase name="Join map with observable delimiter" classname="griffon.javafx.support.BindingUtilsTest" time="0.003"/>
  <system-out><![CDATA[]]></system-out>
  <system-err><![CDATA[]]></system-err>
</testsuite>
