<?xml version="1.0" encoding="UTF-8"?>
<testsuite name="griffon.javafx.beans.property.ResetableFloatPropertyTest" tests="4" skipped="0" failures="0" errors="0" timestamp="2017-02-22T15:15:58" hostname="testing-gce-7d3042d1-6783-44c6-8859-669d03f901ba" time="0.01">
  <properties/>
  <testcase name="rebasingPropertyAffectsBaseValue" classname="griffon.javafx.beans.property.ResetableFloatPropertyTest" time="0.008"/>
  <testcase name="dirtyChecks" classname="griffon.javafx.beans.property.ResetableFloatPropertyTest" time="0.0"/>
  <testcase name="resetingPropertyAffectsValue" classname="griffon.javafx.beans.property.ResetableFloatPropertyTest" time="0.001"/>
  <testcase name="updatingValueDoesNotAffectBaseValue" classname="griffon.javafx.beans.property.ResetableFloatPropertyTest" time="0.0"/>
  <system-out><![CDATA[]]></system-out>
  <system-err><![CDATA[]]></system-err>
</testsuite>
