<?xml version="1.0" encoding="UTF-8"?>
<testsuite name="griffon.javafx.beans.property.ResetableLongPropertyTest" tests="4" skipped="0" failures="0" errors="0" timestamp="2016-12-08T10:48:16" hostname="testing-gce-ca57fc1e-ec7c-44b4-8576-00554cba6b12" time="0.013">
  <properties/>
  <testcase name="rebasingPropertyAffectsBaseValue" classname="griffon.javafx.beans.property.ResetableLongPropertyTest" time="0.01"/>
  <testcase name="dirtyChecks" classname="griffon.javafx.beans.property.ResetableLongPropertyTest" time="0.0"/>
  <testcase name="resetingPropertyAffectsValue" classname="griffon.javafx.beans.property.ResetableLongPropertyTest" time="0.0"/>
  <testcase name="updatingValueDoesNotAffectBaseValue" classname="griffon.javafx.beans.property.ResetableLongPropertyTest" time="0.001"/>
  <system-out><![CDATA[]]></system-out>
  <system-err><![CDATA[]]></system-err>
</testsuite>
