<?xml version="1.0" encoding="UTF-8"?>
<testsuite name="griffon.javafx.beans.property.ResetableLongPropertyTest" tests="4" skipped="0" failures="0" errors="0" timestamp="2017-04-18T07:10:33" hostname="testing-gce-002cfebe-ce3e-40e2-ac44-84a0ecf46dae" time="0.012">
  <properties/>
  <testcase name="rebasingPropertyAffectsBaseValue" classname="griffon.javafx.beans.property.ResetableLongPropertyTest" time="0.009"/>
  <testcase name="dirtyChecks" classname="griffon.javafx.beans.property.ResetableLongPropertyTest" time="0.0"/>
  <testcase name="resetingPropertyAffectsValue" classname="griffon.javafx.beans.property.ResetableLongPropertyTest" time="0.0"/>
  <testcase name="updatingValueDoesNotAffectBaseValue" classname="griffon.javafx.beans.property.ResetableLongPropertyTest" time="0.001"/>
  <system-out><![CDATA[]]></system-out>
  <system-err><![CDATA[]]></system-err>
</testsuite>
