<?xml version="1.0" encoding="UTF-8"?>
<testsuite name="griffon.javafx.beans.property.ResetableStringPropertyTest" tests="4" skipped="0" failures="0" errors="0" timestamp="2017-02-21T18:13:12" hostname="testing-gce-635704e8-b0eb-4898-b5e6-8d1f90074792" time="0.005">
  <properties/>
  <testcase name="rebasingPropertyAffectsBaseValue" classname="griffon.javafx.beans.property.ResetableStringPropertyTest" time="0.002"/>
  <testcase name="dirtyChecks" classname="griffon.javafx.beans.property.ResetableStringPropertyTest" time="0.001"/>
  <testcase name="resetingPropertyAffectsValue" classname="griffon.javafx.beans.property.ResetableStringPropertyTest" time="0.001"/>
  <testcase name="updatingValueDoesNotAffectBaseValue" classname="griffon.javafx.beans.property.ResetableStringPropertyTest" time="0.001"/>
  <system-out><![CDATA[]]></system-out>
  <system-err><![CDATA[]]></system-err>
</testsuite>
