<?xml version="1.0" encoding="UTF-8"?>
<testsuite name="griffon.javafx.editors.InsetsPropertyEditorSpec" tests="34" skipped="0" failures="0" errors="0" timestamp="2017-05-06T14:15:50" hostname="testing-docker-90b60644-8177-4130-972e-463f2d1984bb" time="0.063">
  <properties/>
  <testcase name="Insets format 'null' should be equal to #Error:insets" classname="griffon.javafx.editors.InsetsPropertyEditorSpec" time="0.014"/>
  <testcase name="Insets format '' should be equal to #Error:insets" classname="griffon.javafx.editors.InsetsPropertyEditorSpec" time="0.0"/>
  <testcase name="Insets format ' ' should be equal to #Error:insets" classname="griffon.javafx.editors.InsetsPropertyEditorSpec" time="0.0"/>
  <testcase name="Insets format '[]' should be equal to #Error:insets" classname="griffon.javafx.editors.InsetsPropertyEditorSpec" time="0.0"/>
  <testcase name="Insets format '[:]' should be equal to #Error:insets" classname="griffon.javafx.editors.InsetsPropertyEditorSpec" time="0.0"/>
  <testcase name="Insets format '1' should be equal to #Error:insets" classname="griffon.javafx.editors.InsetsPropertyEditorSpec" time="0.001"/>
  <testcase name="Insets format '1,2' should be equal to #Error:insets" classname="griffon.javafx.editors.InsetsPropertyEditorSpec" time="0.001"/>
  <testcase name="Insets format '1,2,3' should be equal to #Error:insets" classname="griffon.javafx.editors.InsetsPropertyEditorSpec" time="0.0"/>
  <testcase name="Insets format '1,2,3,4' should be equal to #Error:insets" classname="griffon.javafx.editors.InsetsPropertyEditorSpec" time="0.0"/>
  <testcase name="Insets format '1, 2, 3, 4' should be equal to #Error:insets" classname="griffon.javafx.editors.InsetsPropertyEditorSpec" time="0.0"/>
  <testcase name="Insets format ' 1, 2, 3, 4' should be equal to #Error:insets" classname="griffon.javafx.editors.InsetsPropertyEditorSpec" time="0.001"/>
  <testcase name="Insets format ' 1, 2,3 , 4 ' should be equal to #Error:insets" classname="griffon.javafx.editors.InsetsPropertyEditorSpec" time="0.003"/>
  <testcase name="Insets format '[1, 2, 3, 4]' should be equal to #Error:insets" classname="griffon.javafx.editors.InsetsPropertyEditorSpec" time="0.0"/>
  <testcase name="Insets format '[1, 2, 3, 4]' should be equal to #Error:insets" classname="griffon.javafx.editors.InsetsPropertyEditorSpec" time="0.0"/>
  <testcase name="Insets format '1' should be equal to #Error:insets" classname="griffon.javafx.editors.InsetsPropertyEditorSpec" time="0.001"/>
  <testcase name="Insets format '[1]' should be equal to #Error:insets" classname="griffon.javafx.editors.InsetsPropertyEditorSpec" time="0.002"/>
  <testcase name="Insets format '[1]' should be equal to #Error:insets" classname="griffon.javafx.editors.InsetsPropertyEditorSpec" time="0.002"/>
  <testcase name="Insets format '[top:1, right:2, bottom:3, left:4]' should be equal to #Error:insets" classname="griffon.javafx.editors.InsetsPropertyEditorSpec" time="0.001"/>
  <testcase name="Insets format '[top:1, right:2, bottom:3, left:4]' should be equal to #Error:insets" classname="griffon.javafx.editors.InsetsPropertyEditorSpec" time="0.0"/>
  <testcase name="Insets format '[t:1, r:2, b:3, l:4]' should be equal to #Error:insets" classname="griffon.javafx.editors.InsetsPropertyEditorSpec" time="0.0"/>
  <testcase name="Insets format '[t:1, r:2, b:3, l:4]' should be equal to #Error:insets" classname="griffon.javafx.editors.InsetsPropertyEditorSpec" time="0.002"/>
  <testcase name="Insets format 'Insets [top=1.0, right=2.0, bottom=3.0, left=4.0]' should be equal to #Error:insets" classname="griffon.javafx.editors.InsetsPropertyEditorSpec" time="0.001"/>
  <testcase name="Insets format '[foo:1, bar:2]' should be equal to #Error:insets" classname="griffon.javafx.editors.InsetsPropertyEditorSpec" time="0.001"/>
  <testcase name="Invalid insets format 'garbage'" classname="griffon.javafx.editors.InsetsPropertyEditorSpec" time="0.001"/>
  <testcase name="Invalid insets format '1, 2, 3,4 ,5'" classname="griffon.javafx.editors.InsetsPropertyEditorSpec" time="0.0"/>
  <testcase name="Invalid insets format '1, a'" classname="griffon.javafx.editors.InsetsPropertyEditorSpec" time="0.0"/>
  <testcase name="Invalid insets format '[1, 2, 3, 4, 5]'" classname="griffon.javafx.editors.InsetsPropertyEditorSpec" time="0.001"/>
  <testcase name="Invalid insets format '[top:a]'" classname="griffon.javafx.editors.InsetsPropertyEditorSpec" time="0.001"/>
  <testcase name="Invalid insets format '[t:b]'" classname="griffon.javafx.editors.InsetsPropertyEditorSpec" time="0.0"/>
  <testcase name="Invalid insets format '[java.lang.Object@6e3fd67d]'" classname="griffon.javafx.editors.InsetsPropertyEditorSpec" time="0.0"/>
  <testcase name="Invalid insets format '[t:java.lang.Object@54418ac9]'" classname="griffon.javafx.editors.InsetsPropertyEditorSpec" time="0.0"/>
  <testcase name="Invalid insets format 'java.lang.Object@3723232c'" classname="griffon.javafx.editors.InsetsPropertyEditorSpec" time="0.0"/>
  <testcase name="Formatted insets 'null'" classname="griffon.javafx.editors.InsetsPropertyEditorSpec" time="0.0"/>
  <testcase name="Formatted insets '1.0, 2.0, 3.0, 4.0'" classname="griffon.javafx.editors.InsetsPropertyEditorSpec" time="0.0"/>
  <system-out><![CDATA[]]></system-out>
  <system-err><![CDATA[]]></system-err>
</testsuite>
