<?xml version="1.0" encoding="UTF-8"?>
<testsuite name="griffon.javafx.beans.property.ResetableObjectPropertyTest" tests="4" skipped="0" failures="0" errors="0" timestamp="2017-02-11T08:58:17" hostname="testing-gce-27845af9-feac-4362-84ac-35f334160d45" time="0.004">
  <properties/>
  <testcase name="rebasingPropertyAffectsBaseValue" classname="griffon.javafx.beans.property.ResetableObjectPropertyTest" time="0.002"/>
  <testcase name="dirtyChecks" classname="griffon.javafx.beans.property.ResetableObjectPropertyTest" time="0.001"/>
  <testcase name="resetingPropertyAffectsValue" classname="griffon.javafx.beans.property.ResetableObjectPropertyTest" time="0.0"/>
  <testcase name="updatingValueDoesNotAffectBaseValue" classname="griffon.javafx.beans.property.ResetableObjectPropertyTest" time="0.0"/>
  <system-out><![CDATA[]]></system-out>
  <system-err><![CDATA[]]></system-err>
</testsuite>
