<?xml version="1.0" encoding="UTF-8"?>
<testsuite name="griffon.javafx.collections.ElementObservableListTest" tests="3" skipped="0" failures="0" errors="0" timestamp="2017-05-04T14:14:52" hostname="testing-docker-ecc2246c-0b8e-4707-add3-97d74ea6771b" time="0.011">
  <properties/>
  <testcase name="testWithElementAsObservableValueContainer" classname="griffon.javafx.collections.ElementObservableListTest" time="0.01"/>
  <testcase name="testWithDefaultObservableValueExtractor" classname="griffon.javafx.collections.ElementObservableListTest" time="0.001"/>
  <testcase name="testWithCustomObservableValueExtractor" classname="griffon.javafx.collections.ElementObservableListTest" time="0.0"/>
  <system-out><![CDATA[]]></system-out>
  <system-err><![CDATA[]]></system-err>
</testsuite>
