<?xml version="1.0" encoding="UTF-8"?>
<testsuite name="griffon.javafx.collections.ElementObservableListTest" tests="1" skipped="0" failures="0" errors="0" timestamp="2017-01-24T15:10:03" hostname="testing-gce-c5816687-57b7-485e-9092-6db662983d3d" time="0.006">
  <properties/>
  <testcase name="testOperations" classname="griffon.javafx.collections.ElementObservableListTest" time="0.006"/>
  <system-out><![CDATA[]]></system-out>
  <system-err><![CDATA[]]></system-err>
</testsuite>
