<?xml version="1.0" encoding="UTF-8"?>
<testsuite name="griffon.javafx.beans.property.ResetableIntegerPropertyTest" tests="4" skipped="0" failures="0" errors="0" timestamp="2017-04-24T08:42:42" hostname="testing-gce-5d7d77d1-ab44-4e29-9f52-aa2a647d6215" time="0.152">
  <properties/>
  <testcase name="rebasingPropertyAffectsBaseValue" classname="griffon.javafx.beans.property.ResetableIntegerPropertyTest" time="0.141"/>
  <testcase name="dirtyChecks" classname="griffon.javafx.beans.property.ResetableIntegerPropertyTest" time="0.009"/>
  <testcase name="resetingPropertyAffectsValue" classname="griffon.javafx.beans.property.ResetableIntegerPropertyTest" time="0.0"/>
  <testcase name="updatingValueDoesNotAffectBaseValue" classname="griffon.javafx.beans.property.ResetableIntegerPropertyTest" time="0.001"/>
  <system-out><![CDATA[]]></system-out>
  <system-err><![CDATA[]]></system-err>
</testsuite>
