<?xml version="1.0" encoding="UTF-8"?>
<testsuite name="griffon.javafx.collections.ElementObservableListTest" tests="3" skipped="0" failures="0" errors="0" timestamp="2017-05-06T14:15:47" hostname="testing-docker-90b60644-8177-4130-972e-463f2d1984bb" time="0.027">
  <properties/>
  <testcase name="testWithElementAsObservableValueContainer" classname="griffon.javafx.collections.ElementObservableListTest" time="0.021"/>
  <testcase name="testWithDefaultObservableValueExtractor" classname="griffon.javafx.collections.ElementObservableListTest" time="0.002"/>
  <testcase name="testWithCustomObservableValueExtractor" classname="griffon.javafx.collections.ElementObservableListTest" time="0.002"/>
  <system-out><![CDATA[]]></system-out>
  <system-err><![CDATA[]]></system-err>
</testsuite>
