<?xml version="1.0" encoding="UTF-8"?>
<testsuite name="griffon.javafx.beans.property.ResetableBooleanPropertyTest" tests="4" skipped="0" failures="0" errors="0" timestamp="2017-04-11T08:38:48" hostname="testing-gce-c87b0d7a-842c-4073-abeb-1a1a45e4e432" time="0.149">
  <properties/>
  <testcase name="rebasingPropertyAffectsBaseValue" classname="griffon.javafx.beans.property.ResetableBooleanPropertyTest" time="0.14"/>
  <testcase name="dirtyChecks" classname="griffon.javafx.beans.property.ResetableBooleanPropertyTest" time="0.007"/>
  <testcase name="resetingPropertyAffectsValue" classname="griffon.javafx.beans.property.ResetableBooleanPropertyTest" time="0.0"/>
  <testcase name="updatingValueDoesNotAffectBaseValue" classname="griffon.javafx.beans.property.ResetableBooleanPropertyTest" time="0.0"/>
  <system-out><![CDATA[]]></system-out>
  <system-err><![CDATA[]]></system-err>
</testsuite>
