<?xml version="1.0" encoding="UTF-8"?>
<testsuite name="griffon.javafx.beans.binding.FilteringBindingsSpec" tests="252" skipped="0" failures="0" errors="0" timestamp="2017-03-17T14:25:10" hostname="testing-gce-75ed6e9d-e4b3-4b02-8ab7-c4f1ce2024ac" time="3.807">
  <properties/>
  <testcase name="Filter then findFirst in list with defaultValue" classname="griffon.javafx.beans.binding.FilteringBindingsSpec" time="1.355"/>
  <testcase name="Filter then findFirst in list with supplier" classname="griffon.javafx.beans.binding.FilteringBindingsSpec" time="0.02"/>
  <testcase name="Filter then findFirst in list with defaultValue (observable)" classname="griffon.javafx.beans.binding.FilteringBindingsSpec" time="0.045"/>
  <testcase name="Filter then findFirst in list with supplier (observable)" classname="griffon.javafx.beans.binding.FilteringBindingsSpec" time="0.012"/>
  <testcase name="Filter then findFirst Boolean in list with defaultValue" classname="griffon.javafx.beans.binding.FilteringBindingsSpec" time="0.037"/>
  <testcase name="Filter then findFirst Integer in list with defaultValue" classname="griffon.javafx.beans.binding.FilteringBindingsSpec" time="0.034"/>
  <testcase name="Filter then findFirst Long in list with defaultValue" classname="griffon.javafx.beans.binding.FilteringBindingsSpec" time="0.032"/>
  <testcase name="Filter then findFirst Float in list with defaultValue" classname="griffon.javafx.beans.binding.FilteringBindingsSpec" time="0.027"/>
  <testcase name="Filter then findFirst Double in list with defaultValue" classname="griffon.javafx.beans.binding.FilteringBindingsSpec" time="0.025"/>
  <testcase name="Filter then findFirst String in list with defaultValue" classname="griffon.javafx.beans.binding.FilteringBindingsSpec" time="0.058"/>
  <testcase name="Filter then findFirst Boolean in list with supplier" classname="griffon.javafx.beans.binding.FilteringBindingsSpec" time="0.002"/>
  <testcase name="Filter then findFirst Integer in list with supplier" classname="griffon.javafx.beans.binding.FilteringBindingsSpec" time="0.001"/>
  <testcase name="Filter then findFirst Long in list with supplier" classname="griffon.javafx.beans.binding.FilteringBindingsSpec" time="0.002"/>
  <testcase name="Filter then findFirst Float in list with supplier" classname="griffon.javafx.beans.binding.FilteringBindingsSpec" time="0.002"/>
  <testcase name="Filter then findFirst Double in list with supplier" classname="griffon.javafx.beans.binding.FilteringBindingsSpec" time="0.001"/>
  <testcase name="Filter then findFirst String in list with supplier" classname="griffon.javafx.beans.binding.FilteringBindingsSpec" time="0.002"/>
  <testcase name="Filter then findFirst Boolean in list with defaultValue (observables)" classname="griffon.javafx.beans.binding.FilteringBindingsSpec" time="0.002"/>
  <testcase name="Filter then findFirst Integer in list with defaultValue (observables)" classname="griffon.javafx.beans.binding.FilteringBindingsSpec" time="0.001"/>
  <testcase name="Filter then findFirst Long in list with defaultValue (observables)" classname="griffon.javafx.beans.binding.FilteringBindingsSpec" time="0.001"/>
  <testcase name="Filter then findFirst Float in list with defaultValue (observables)" classname="griffon.javafx.beans.binding.FilteringBindingsSpec" time="0.001"/>
  <testcase name="Filter then findFirst Double in list with defaultValue (observables)" classname="griffon.javafx.beans.binding.FilteringBindingsSpec" time="0.001"/>
  <testcase name="Filter then findFirst String in list with defaultValue (observables)" classname="griffon.javafx.beans.binding.FilteringBindingsSpec" time="0.002"/>
  <testcase name="Filter then findFirst Boolean in list with supplier (observables)" classname="griffon.javafx.beans.binding.FilteringBindingsSpec" time="0.005"/>
  <testcase name="Filter then findFirst Integer in list with supplier (observables)" classname="griffon.javafx.beans.binding.FilteringBindingsSpec" time="0.005"/>
  <testcase name="Filter then findFirst Long in list with supplier (observables)" classname="griffon.javafx.beans.binding.FilteringBindingsSpec" time="0.002"/>
  <testcase name="Filter then findFirst Float in list with supplier (observables)" classname="griffon.javafx.beans.binding.FilteringBindingsSpec" time="0.002"/>
  <testcase name="Filter then findFirst Double in list with supplier (observables)" classname="griffon.javafx.beans.binding.FilteringBindingsSpec" time="0.001"/>
  <testcase name="Filter then findFirst String in list with supplier (observables)" classname="griffon.javafx.beans.binding.FilteringBindingsSpec" time="0.002"/>
  <testcase name="Filter then findFirst in set with defaultValue" classname="griffon.javafx.beans.binding.FilteringBindingsSpec" time="0.031"/>
  <testcase name="Filter then findFirst in set with supplier" classname="griffon.javafx.beans.binding.FilteringBindingsSpec" time="0.01"/>
  <testcase name="Filter then findFirst in set with defaultValue (observable)" classname="griffon.javafx.beans.binding.FilteringBindingsSpec" time="0.008"/>
  <testcase name="Filter then findFirst in set with supplier (observable)" classname="griffon.javafx.beans.binding.FilteringBindingsSpec" time="0.014"/>
  <testcase name="Filter then findFirst Boolean in set with defaultValue" classname="griffon.javafx.beans.binding.FilteringBindingsSpec" time="0.002"/>
  <testcase name="Filter then findFirst Integer in set with defaultValue" classname="griffon.javafx.beans.binding.FilteringBindingsSpec" time="0.003"/>
  <testcase name="Filter then findFirst Long in set with defaultValue" classname="griffon.javafx.beans.binding.FilteringBindingsSpec" time="0.005"/>
  <testcase name="Filter then findFirst Float in set with defaultValue" classname="griffon.javafx.beans.binding.FilteringBindingsSpec" time="0.001"/>
  <testcase name="Filter then findFirst Double in set with defaultValue" classname="griffon.javafx.beans.binding.FilteringBindingsSpec" time="0.002"/>
  <testcase name="Filter then findFirst String in set with defaultValue" classname="griffon.javafx.beans.binding.FilteringBindingsSpec" time="0.002"/>
  <testcase name="Filter then findFirst Boolean in set with supplier" classname="griffon.javafx.beans.binding.FilteringBindingsSpec" time="0.002"/>
  <testcase name="Filter then findFirst Integer in set with supplier" classname="griffon.javafx.beans.binding.FilteringBindingsSpec" time="0.003"/>
  <testcase name="Filter then findFirst Long in set with supplier" classname="griffon.javafx.beans.binding.FilteringBindingsSpec" time="0.003"/>
  <testcase name="Filter then findFirst Float in set with supplier" classname="griffon.javafx.beans.binding.FilteringBindingsSpec" time="0.002"/>
  <testcase name="Filter then findFirst Double in set with supplier" classname="griffon.javafx.beans.binding.FilteringBindingsSpec" time="0.004"/>
  <testcase name="Filter then findFirst String in set with supplier" classname="griffon.javafx.beans.binding.FilteringBindingsSpec" time="0.003"/>
  <testcase name="Filter then findFirst Boolean in set with defaultValue (observables)" classname="griffon.javafx.beans.binding.FilteringBindingsSpec" time="0.003"/>
  <testcase name="Filter then findFirst Integer in set with defaultValue (observables)" classname="griffon.javafx.beans.binding.FilteringBindingsSpec" time="0.003"/>
  <testcase name="Filter then findFirst Long in set with defaultValue (observables)" classname="griffon.javafx.beans.binding.FilteringBindingsSpec" time="0.003"/>
  <testcase name="Filter then findFirst Float in set with defaultValue (observables)" classname="griffon.javafx.beans.binding.FilteringBindingsSpec" time="0.012"/>
  <testcase name="Filter then findFirst Double in set with defaultValue (observables)" classname="griffon.javafx.beans.binding.FilteringBindingsSpec" time="0.002"/>
  <testcase name="Filter then findFirst String in set with defaultValue (observables)" classname="griffon.javafx.beans.binding.FilteringBindingsSpec" time="0.001"/>
  <testcase name="Filter then findFirst Boolean in set with supplier (observables)" classname="griffon.javafx.beans.binding.FilteringBindingsSpec" time="0.005"/>
  <testcase name="Filter then findFirst Integer in set with supplier (observables)" classname="griffon.javafx.beans.binding.FilteringBindingsSpec" time="0.005"/>
  <testcase name="Filter then findFirst Long in set with supplier (observables)" classname="griffon.javafx.beans.binding.FilteringBindingsSpec" time="0.002"/>
  <testcase name="Filter then findFirst Float in set with supplier (observables)" classname="griffon.javafx.beans.binding.FilteringBindingsSpec" time="0.01"/>
  <testcase name="Filter then findFirst Double in set with supplier (observables)" classname="griffon.javafx.beans.binding.FilteringBindingsSpec" time="0.002"/>
  <testcase name="Filter then findFirst String in set with supplier (observables)" classname="griffon.javafx.beans.binding.FilteringBindingsSpec" time="0.002"/>
  <testcase name="Filter then findFirst in map with defaultValue" classname="griffon.javafx.beans.binding.FilteringBindingsSpec" time="0.043"/>
  <testcase name="Filter then findFirst in map with supplier" classname="griffon.javafx.beans.binding.FilteringBindingsSpec" time="0.011"/>
  <testcase name="Filter then findFirst in map with defaultValue (observable)" classname="griffon.javafx.beans.binding.FilteringBindingsSpec" time="0.01"/>
  <testcase name="Filter then findFirst in map with supplier (observable)" classname="griffon.javafx.beans.binding.FilteringBindingsSpec" time="0.016"/>
  <testcase name="Filter then findFirst Boolean in map with defaultValue" classname="griffon.javafx.beans.binding.FilteringBindingsSpec" time="0.004"/>
  <testcase name="Filter then findFirst Integer in map with defaultValue" classname="griffon.javafx.beans.binding.FilteringBindingsSpec" time="0.001"/>
  <testcase name="Filter then findFirst Long in map with defaultValue" classname="griffon.javafx.beans.binding.FilteringBindingsSpec" time="0.001"/>
  <testcase name="Filter then findFirst Float in map with defaultValue" classname="griffon.javafx.beans.binding.FilteringBindingsSpec" time="0.001"/>
  <testcase name="Filter then findFirst Double in map with defaultValue" classname="griffon.javafx.beans.binding.FilteringBindingsSpec" time="0.004"/>
  <testcase name="Filter then findFirst String in map with defaultValue" classname="griffon.javafx.beans.binding.FilteringBindingsSpec" time="0.002"/>
  <testcase name="Filter then findFirst Boolean in map with supplier" classname="griffon.javafx.beans.binding.FilteringBindingsSpec" time="0.002"/>
  <testcase name="Filter then findFirst Integer in map with supplier" classname="griffon.javafx.beans.binding.FilteringBindingsSpec" time="0.004"/>
  <testcase name="Filter then findFirst Long in map with supplier" classname="griffon.javafx.beans.binding.FilteringBindingsSpec" time="0.003"/>
  <testcase name="Filter then findFirst Float in map with supplier" classname="griffon.javafx.beans.binding.FilteringBindingsSpec" time="0.01"/>
  <testcase name="Filter then findFirst Double in map with supplier" classname="griffon.javafx.beans.binding.FilteringBindingsSpec" time="0.002"/>
  <testcase name="Filter then findFirst String in map with supplier" classname="griffon.javafx.beans.binding.FilteringBindingsSpec" time="0.001"/>
  <testcase name="Filter then findFirst Boolean in map with defaultValue (observables)" classname="griffon.javafx.beans.binding.FilteringBindingsSpec" time="0.01"/>
  <testcase name="Filter then findFirst Integer in map with defaultValue (observables)" classname="griffon.javafx.beans.binding.FilteringBindingsSpec" time="0.002"/>
  <testcase name="Filter then findFirst Long in map with defaultValue (observables)" classname="griffon.javafx.beans.binding.FilteringBindingsSpec" time="0.004"/>
  <testcase name="Filter then findFirst Float in map with defaultValue (observables)" classname="griffon.javafx.beans.binding.FilteringBindingsSpec" time="0.003"/>
  <testcase name="Filter then findFirst Double in map with defaultValue (observables)" classname="griffon.javafx.beans.binding.FilteringBindingsSpec" time="0.002"/>
  <testcase name="Filter then findFirst String in map with defaultValue (observables)" classname="griffon.javafx.beans.binding.FilteringBindingsSpec" time="0.002"/>
  <testcase name="Filter then findFirst Boolean in map with supplier (observables)" classname="griffon.javafx.beans.binding.FilteringBindingsSpec" time="0.002"/>
  <testcase name="Filter then findFirst Integer in map with supplier (observables)" classname="griffon.javafx.beans.binding.FilteringBindingsSpec" time="0.002"/>
  <testcase name="Filter then findFirst Long in map with supplier (observables)" classname="griffon.javafx.beans.binding.FilteringBindingsSpec" time="0.001"/>
  <testcase name="Filter then findFirst Float in map with supplier (observables)" classname="griffon.javafx.beans.binding.FilteringBindingsSpec" time="0.006"/>
  <testcase name="Filter then findFirst Double in map with supplier (observables)" classname="griffon.javafx.beans.binding.FilteringBindingsSpec" time="0.004"/>
  <testcase name="Filter then findFirst String in map with supplier (observables)" classname="griffon.javafx.beans.binding.FilteringBindingsSpec" time="0.002"/>
  <testcase name="Map then filter then findFirst in list with defaultValue" classname="griffon.javafx.beans.binding.FilteringBindingsSpec" time="0.012"/>
  <testcase name="Map then filter then findFirst in list with supplier" classname="griffon.javafx.beans.binding.FilteringBindingsSpec" time="0.009"/>
  <testcase name="Map then filter then findFirst in list with defaultValue (observable)" classname="griffon.javafx.beans.binding.FilteringBindingsSpec" time="0.012"/>
  <testcase name="Map then filter then findFirst in list with supplier (observable)" classname="griffon.javafx.beans.binding.FilteringBindingsSpec" time="0.012"/>
  <testcase name="Map then then findFirst Boolean in list with defaultValue" classname="griffon.javafx.beans.binding.FilteringBindingsSpec" time="0.003"/>
  <testcase name="Map then then findFirst Integer in list with defaultValue" classname="griffon.javafx.beans.binding.FilteringBindingsSpec" time="0.006"/>
  <testcase name="Map then then findFirst Long in list with defaultValue" classname="griffon.javafx.beans.binding.FilteringBindingsSpec" time="0.003"/>
  <testcase name="Map then then findFirst Float in list with defaultValue" classname="griffon.javafx.beans.binding.FilteringBindingsSpec" time="0.001"/>
  <testcase name="Map then then findFirst Double in list with defaultValue" classname="griffon.javafx.beans.binding.FilteringBindingsSpec" time="0.002"/>
  <testcase name="Map then then findFirst String in list with defaultValue" classname="griffon.javafx.beans.binding.FilteringBindingsSpec" time="0.003"/>
  <testcase name="Map then then findFirst Boolean in list with supplier" classname="griffon.javafx.beans.binding.FilteringBindingsSpec" time="0.005"/>
  <testcase name="Map then then findFirst Integer in list with supplier" classname="griffon.javafx.beans.binding.FilteringBindingsSpec" time="0.001"/>
  <testcase name="Map then then findFirst Long in list with supplier" classname="griffon.javafx.beans.binding.FilteringBindingsSpec" time="0.002"/>
  <testcase name="Map then then findFirst Float in list with supplier" classname="griffon.javafx.beans.binding.FilteringBindingsSpec" time="0.004"/>
  <testcase name="Map then then findFirst Double in list with supplier" classname="griffon.javafx.beans.binding.FilteringBindingsSpec" time="0.002"/>
  <testcase name="Map then then findFirst String in list with supplier" classname="griffon.javafx.beans.binding.FilteringBindingsSpec" time="0.004"/>
  <testcase name="Map then then findFirst Boolean in list with defaultValue (observables)" classname="griffon.javafx.beans.binding.FilteringBindingsSpec" time="0.003"/>
  <testcase name="Map then then findFirst Integer in list with defaultValue (observables)" classname="griffon.javafx.beans.binding.FilteringBindingsSpec" time="0.003"/>
  <testcase name="Map then then findFirst Long in list with defaultValue (observables)" classname="griffon.javafx.beans.binding.FilteringBindingsSpec" time="0.008"/>
  <testcase name="Map then then findFirst Float in list with defaultValue (observables)" classname="griffon.javafx.beans.binding.FilteringBindingsSpec" time="0.005"/>
  <testcase name="Map then then findFirst Double in list with defaultValue (observables)" classname="griffon.javafx.beans.binding.FilteringBindingsSpec" time="0.003"/>
  <testcase name="Map then then findFirst String in list with defaultValue (observables)" classname="griffon.javafx.beans.binding.FilteringBindingsSpec" time="0.002"/>
  <testcase name="Map then then findFirst Boolean in list with supplier (observables)" classname="griffon.javafx.beans.binding.FilteringBindingsSpec" time="0.003"/>
  <testcase name="Map then then findFirst Integer in list with supplier (observables)" classname="griffon.javafx.beans.binding.FilteringBindingsSpec" time="0.001"/>
  <testcase name="Map then then findFirst Long in list with supplier (observables)" classname="griffon.javafx.beans.binding.FilteringBindingsSpec" time="0.002"/>
  <testcase name="Map then then findFirst Float in list with supplier (observables)" classname="griffon.javafx.beans.binding.FilteringBindingsSpec" time="0.002"/>
  <testcase name="Map then then findFirst Double in list with supplier (observables)" classname="griffon.javafx.beans.binding.FilteringBindingsSpec" time="0.002"/>
  <testcase name="Map then then findFirst String in list with supplier (observables)" classname="griffon.javafx.beans.binding.FilteringBindingsSpec" time="0.002"/>
  <testcase name="Map then filter then findFirst in set with defaultValue" classname="griffon.javafx.beans.binding.FilteringBindingsSpec" time="0.006"/>
  <testcase name="Map then filter then findFirst in set with supplier" classname="griffon.javafx.beans.binding.FilteringBindingsSpec" time="0.006"/>
  <testcase name="Map then filter then findFirst in set with defaultValue (observable)" classname="griffon.javafx.beans.binding.FilteringBindingsSpec" time="0.008"/>
  <testcase name="Map then filter then findFirst in set with supplier (observable)" classname="griffon.javafx.beans.binding.FilteringBindingsSpec" time="0.009"/>
  <testcase name="Map then then findFirst Boolean in set with defaultValue" classname="griffon.javafx.beans.binding.FilteringBindingsSpec" time="0.002"/>
  <testcase name="Map then then findFirst Integer in set with defaultValue" classname="griffon.javafx.beans.binding.FilteringBindingsSpec" time="0.002"/>
  <testcase name="Map then then findFirst Long in set with defaultValue" classname="griffon.javafx.beans.binding.FilteringBindingsSpec" time="0.001"/>
  <testcase name="Map then then findFirst Float in set with defaultValue" classname="griffon.javafx.beans.binding.FilteringBindingsSpec" time="0.001"/>
  <testcase name="Map then then findFirst Double in set with defaultValue" classname="griffon.javafx.beans.binding.FilteringBindingsSpec" time="0.001"/>
  <testcase name="Map then then findFirst String in set with defaultValue" classname="griffon.javafx.beans.binding.FilteringBindingsSpec" time="0.001"/>
  <testcase name="Map then then findFirst Boolean in set with supplier" classname="griffon.javafx.beans.binding.FilteringBindingsSpec" time="0.002"/>
  <testcase name="Map then then findFirst Integer in set with supplier" classname="griffon.javafx.beans.binding.FilteringBindingsSpec" time="0.002"/>
  <testcase name="Map then then findFirst Long in set with supplier" classname="griffon.javafx.beans.binding.FilteringBindingsSpec" time="0.001"/>
  <testcase name="Map then then findFirst Float in set with supplier" classname="griffon.javafx.beans.binding.FilteringBindingsSpec" time="0.001"/>
  <testcase name="Map then then findFirst Double in set with supplier" classname="griffon.javafx.beans.binding.FilteringBindingsSpec" time="0.001"/>
  <testcase name="Map then then findFirst String in set with supplier" classname="griffon.javafx.beans.binding.FilteringBindingsSpec" time="0.001"/>
  <testcase name="Map then then findFirst Boolean in set with defaultValue (observables)" classname="griffon.javafx.beans.binding.FilteringBindingsSpec" time="0.002"/>
  <testcase name="Map then then findFirst Integer in set with defaultValue (observables)" classname="griffon.javafx.beans.binding.FilteringBindingsSpec" time="0.001"/>
  <testcase name="Map then then findFirst Long in set with defaultValue (observables)" classname="griffon.javafx.beans.binding.FilteringBindingsSpec" time="0.001"/>
  <testcase name="Map then then findFirst Float in set with defaultValue (observables)" classname="griffon.javafx.beans.binding.FilteringBindingsSpec" time="0.001"/>
  <testcase name="Map then then findFirst Double in set with defaultValue (observables)" classname="griffon.javafx.beans.binding.FilteringBindingsSpec" time="0.001"/>
  <testcase name="Map then then findFirst String in set with defaultValue (observables)" classname="griffon.javafx.beans.binding.FilteringBindingsSpec" time="0.002"/>
  <testcase name="Map then then findFirst Boolean in set with supplier (observables)" classname="griffon.javafx.beans.binding.FilteringBindingsSpec" time="0.004"/>
  <testcase name="Map then then findFirst Integer in set with supplier (observables)" classname="griffon.javafx.beans.binding.FilteringBindingsSpec" time="0.002"/>
  <testcase name="Map then then findFirst Long in set with supplier (observables)" classname="griffon.javafx.beans.binding.FilteringBindingsSpec" time="0.002"/>
  <testcase name="Map then then findFirst Float in set with supplier (observables)" classname="griffon.javafx.beans.binding.FilteringBindingsSpec" time="0.003"/>
  <testcase name="Map then then findFirst Double in set with supplier (observables)" classname="griffon.javafx.beans.binding.FilteringBindingsSpec" time="0.003"/>
  <testcase name="Map then then findFirst String in set with supplier (observables)" classname="griffon.javafx.beans.binding.FilteringBindingsSpec" time="0.003"/>
  <testcase name="Map then filter then findFirst in map with defaultValue" classname="griffon.javafx.beans.binding.FilteringBindingsSpec" time="0.006"/>
  <testcase name="Map then filter then findFirst in map with supplier" classname="griffon.javafx.beans.binding.FilteringBindingsSpec" time="0.012"/>
  <testcase name="Map then filter then findFirst in map with defaultValue (observable)" classname="griffon.javafx.beans.binding.FilteringBindingsSpec" time="0.017"/>
  <testcase name="Map then filter then findFirst in map with supplier (observable)" classname="griffon.javafx.beans.binding.FilteringBindingsSpec" time="0.01"/>
  <testcase name="Map then then findFirst Boolean in map with defaultValue" classname="griffon.javafx.beans.binding.FilteringBindingsSpec" time="0.006"/>
  <testcase name="Map then then findFirst Integer in map with defaultValue" classname="griffon.javafx.beans.binding.FilteringBindingsSpec" time="0.003"/>
  <testcase name="Map then then findFirst Long in map with defaultValue" classname="griffon.javafx.beans.binding.FilteringBindingsSpec" time="0.002"/>
  <testcase name="Map then then findFirst Float in map with defaultValue" classname="griffon.javafx.beans.binding.FilteringBindingsSpec" time="0.004"/>
  <testcase name="Map then then findFirst Double in map with defaultValue" classname="griffon.javafx.beans.binding.FilteringBindingsSpec" time="0.003"/>
  <testcase name="Map then then findFirst String in map with defaultValue" classname="griffon.javafx.beans.binding.FilteringBindingsSpec" time="0.001"/>
  <testcase name="Map then then findFirst Boolean in map with supplier" classname="griffon.javafx.beans.binding.FilteringBindingsSpec" time="0.002"/>
  <testcase name="Map then then findFirst Integer in map with supplier" classname="griffon.javafx.beans.binding.FilteringBindingsSpec" time="0.002"/>
  <testcase name="Map then then findFirst Long in map with supplier" classname="griffon.javafx.beans.binding.FilteringBindingsSpec" time="0.002"/>
  <testcase name="Map then then findFirst Float in map with supplier" classname="griffon.javafx.beans.binding.FilteringBindingsSpec" time="0.003"/>
  <testcase name="Map then then findFirst Double in map with supplier" classname="griffon.javafx.beans.binding.FilteringBindingsSpec" time="0.002"/>
  <testcase name="Map then then findFirst String in map with supplier" classname="griffon.javafx.beans.binding.FilteringBindingsSpec" time="0.002"/>
  <testcase name="Map then then findFirst Boolean in map with defaultValue (observables)" classname="griffon.javafx.beans.binding.FilteringBindingsSpec" time="0.003"/>
  <testcase name="Map then then findFirst Integer in map with defaultValue (observables)" classname="griffon.javafx.beans.binding.FilteringBindingsSpec" time="0.002"/>
  <testcase name="Map then then findFirst Long in map with defaultValue (observables)" classname="griffon.javafx.beans.binding.FilteringBindingsSpec" time="0.003"/>
  <testcase name="Map then then findFirst Float in map with defaultValue (observables)" classname="griffon.javafx.beans.binding.FilteringBindingsSpec" time="0.003"/>
  <testcase name="Map then then findFirst Double in map with defaultValue (observables)" classname="griffon.javafx.beans.binding.FilteringBindingsSpec" time="0.002"/>
  <testcase name="Map then then findFirst String in map with defaultValue (observables)" classname="griffon.javafx.beans.binding.FilteringBindingsSpec" time="0.004"/>
  <testcase name="Map then then findFirst Boolean in map with supplier (observables)" classname="griffon.javafx.beans.binding.FilteringBindingsSpec" time="0.008"/>
  <testcase name="Map then then findFirst Integer in map with supplier (observables)" classname="griffon.javafx.beans.binding.FilteringBindingsSpec" time="0.002"/>
  <testcase name="Map then then findFirst Long in map with supplier (observables)" classname="griffon.javafx.beans.binding.FilteringBindingsSpec" time="0.004"/>
  <testcase name="Map then then findFirst Float in map with supplier (observables)" classname="griffon.javafx.beans.binding.FilteringBindingsSpec" time="0.002"/>
  <testcase name="Map then then findFirst Double in map with supplier (observables)" classname="griffon.javafx.beans.binding.FilteringBindingsSpec" time="0.001"/>
  <testcase name="Map then then findFirst String in map with supplier (observables)" classname="griffon.javafx.beans.binding.FilteringBindingsSpec" time="0.006"/>
  <testcase name="Filter then map then findFirst in list with defaultValue" classname="griffon.javafx.beans.binding.FilteringBindingsSpec" time="0.007"/>
  <testcase name="Filter then map then findFirst in list with supplier" classname="griffon.javafx.beans.binding.FilteringBindingsSpec" time="0.008"/>
  <testcase name="Filter then map then filter then findFirst in list with defaultValue (observable)" classname="griffon.javafx.beans.binding.FilteringBindingsSpec" time="0.008"/>
  <testcase name="Filter then map then filter then findFirst in list with supplier (observable)" classname="griffon.javafx.beans.binding.FilteringBindingsSpec" time="0.018"/>
  <testcase name="Filter then map then findFirst Boolean in list with defaultValue" classname="griffon.javafx.beans.binding.FilteringBindingsSpec" time="0.001"/>
  <testcase name="Filter then map then findFirst Integer in list with defaultValue" classname="griffon.javafx.beans.binding.FilteringBindingsSpec" time="0.003"/>
  <testcase name="Filter then map then findFirst Long in list with defaultValue" classname="griffon.javafx.beans.binding.FilteringBindingsSpec" time="0.001"/>
  <testcase name="Filter then map then findFirst Float in list with defaultValue" classname="griffon.javafx.beans.binding.FilteringBindingsSpec" time="0.001"/>
  <testcase name="Filter then map then findFirst Double in list with defaultValue" classname="griffon.javafx.beans.binding.FilteringBindingsSpec" time="0.001"/>
  <testcase name="Filter then map then findFirst String in list with defaultValue" classname="griffon.javafx.beans.binding.FilteringBindingsSpec" time="0.001"/>
  <testcase name="Filter then map then findFirst Boolean in list with supplier" classname="griffon.javafx.beans.binding.FilteringBindingsSpec" time="0.002"/>
  <testcase name="Filter then map then findFirst Integer in list with supplier" classname="griffon.javafx.beans.binding.FilteringBindingsSpec" time="0.001"/>
  <testcase name="Filter then map then findFirst Long in list with supplier" classname="griffon.javafx.beans.binding.FilteringBindingsSpec" time="0.001"/>
  <testcase name="Filter then map then findFirst Float in list with supplier" classname="griffon.javafx.beans.binding.FilteringBindingsSpec" time="0.001"/>
  <testcase name="Filter then map then findFirst Double in list with supplier" classname="griffon.javafx.beans.binding.FilteringBindingsSpec" time="0.002"/>
  <testcase name="Filter then map then findFirst String in list with supplier" classname="griffon.javafx.beans.binding.FilteringBindingsSpec" time="0.002"/>
  <testcase name="Filter then map then findFirst Boolean in list with defaultValue (observables)" classname="griffon.javafx.beans.binding.FilteringBindingsSpec" time="0.004"/>
  <testcase name="Filter then map then findFirst Integer in list with defaultValue (observables)" classname="griffon.javafx.beans.binding.FilteringBindingsSpec" time="0.003"/>
  <testcase name="Filter then map then findFirst Long in list with defaultValue (observables)" classname="griffon.javafx.beans.binding.FilteringBindingsSpec" time="0.002"/>
  <testcase name="Filter then map then findFirst Float in list with defaultValue (observables)" classname="griffon.javafx.beans.binding.FilteringBindingsSpec" time="0.002"/>
  <testcase name="Filter then map then findFirst Double in list with defaultValue (observables)" classname="griffon.javafx.beans.binding.FilteringBindingsSpec" time="0.001"/>
  <testcase name="Filter then map then findFirst String in list with defaultValue (observables)" classname="griffon.javafx.beans.binding.FilteringBindingsSpec" time="0.004"/>
  <testcase name="Filter then map then findFirst Boolean in list with supplier (observables)" classname="griffon.javafx.beans.binding.FilteringBindingsSpec" time="0.004"/>
  <testcase name="Filter then map then findFirst Integer in list with supplier (observables)" classname="griffon.javafx.beans.binding.FilteringBindingsSpec" time="0.003"/>
  <testcase name="Filter then map then findFirst Long in list with supplier (observables)" classname="griffon.javafx.beans.binding.FilteringBindingsSpec" time="0.004"/>
  <testcase name="Filter then map then findFirst Float in list with supplier (observables)" classname="griffon.javafx.beans.binding.FilteringBindingsSpec" time="0.002"/>
  <testcase name="Filter then map then findFirst Double in list with supplier (observables)" classname="griffon.javafx.beans.binding.FilteringBindingsSpec" time="0.001"/>
  <testcase name="Filter then map then findFirst String in list with supplier (observables)" classname="griffon.javafx.beans.binding.FilteringBindingsSpec" time="0.004"/>
  <testcase name="Filter then map then findFirst in set with defaultValue" classname="griffon.javafx.beans.binding.FilteringBindingsSpec" time="0.009"/>
  <testcase name="Filter then map then findFirst in set with supplier" classname="griffon.javafx.beans.binding.FilteringBindingsSpec" time="0.006"/>
  <testcase name="Filter then map then filter then findFirst in set with defaultValue (observable)" classname="griffon.javafx.beans.binding.FilteringBindingsSpec" time="0.007"/>
  <testcase name="Filter then map then filter then findFirst in set with supplier (observable)" classname="griffon.javafx.beans.binding.FilteringBindingsSpec" time="0.01"/>
  <testcase name="Filter then map then findFirst Boolean in set with defaultValue" classname="griffon.javafx.beans.binding.FilteringBindingsSpec" time="0.002"/>
  <testcase name="Filter then map then findFirst Integer in set with defaultValue" classname="griffon.javafx.beans.binding.FilteringBindingsSpec" time="0.001"/>
  <testcase name="Filter then map then findFirst Long in set with defaultValue" classname="griffon.javafx.beans.binding.FilteringBindingsSpec" time="0.001"/>
  <testcase name="Filter then map then findFirst Float in set with defaultValue" classname="griffon.javafx.beans.binding.FilteringBindingsSpec" time="0.001"/>
  <testcase name="Filter then map then findFirst Double in set with defaultValue" classname="griffon.javafx.beans.binding.FilteringBindingsSpec" time="0.001"/>
  <testcase name="Filter then map then findFirst String in set with defaultValue" classname="griffon.javafx.beans.binding.FilteringBindingsSpec" time="0.001"/>
  <testcase name="Filter then map then findFirst Boolean in set with supplier" classname="griffon.javafx.beans.binding.FilteringBindingsSpec" time="0.002"/>
  <testcase name="Filter then map then findFirst Integer in set with supplier" classname="griffon.javafx.beans.binding.FilteringBindingsSpec" time="0.006"/>
  <testcase name="Filter then map then findFirst Long in set with supplier" classname="griffon.javafx.beans.binding.FilteringBindingsSpec" time="0.001"/>
  <testcase name="Filter then map then findFirst Float in set with supplier" classname="griffon.javafx.beans.binding.FilteringBindingsSpec" time="0.001"/>
  <testcase name="Filter then map then findFirst Double in set with supplier" classname="griffon.javafx.beans.binding.FilteringBindingsSpec" time="0.001"/>
  <testcase name="Filter then map then findFirst String in set with supplier" classname="griffon.javafx.beans.binding.FilteringBindingsSpec" time="0.001"/>
  <testcase name="Filter then map then findFirst Boolean in set with defaultValue (observables)" classname="griffon.javafx.beans.binding.FilteringBindingsSpec" time="0.002"/>
  <testcase name="Filter then map then findFirst Integer in set with defaultValue (observables)" classname="griffon.javafx.beans.binding.FilteringBindingsSpec" time="0.002"/>
  <testcase name="Filter then map then findFirst Long in set with defaultValue (observables)" classname="griffon.javafx.beans.binding.FilteringBindingsSpec" time="0.004"/>
  <testcase name="Filter then map then findFirst Float in set with defaultValue (observables)" classname="griffon.javafx.beans.binding.FilteringBindingsSpec" time="0.002"/>
  <testcase name="Filter then map then findFirst Double in set with defaultValue (observables)" classname="griffon.javafx.beans.binding.FilteringBindingsSpec" time="0.002"/>
  <testcase name="Filter then map then findFirst String in set with defaultValue (observables)" classname="griffon.javafx.beans.binding.FilteringBindingsSpec" time="0.001"/>
  <testcase name="Filter then map then findFirst Boolean in set with supplier (observables)" classname="griffon.javafx.beans.binding.FilteringBindingsSpec" time="0.002"/>
  <testcase name="Filter then map then findFirst Integer in set with supplier (observables)" classname="griffon.javafx.beans.binding.FilteringBindingsSpec" time="0.002"/>
  <testcase name="Filter then map then findFirst Long in set with supplier (observables)" classname="griffon.javafx.beans.binding.FilteringBindingsSpec" time="0.001"/>
  <testcase name="Filter then map then findFirst Float in set with supplier (observables)" classname="griffon.javafx.beans.binding.FilteringBindingsSpec" time="0.004"/>
  <testcase name="Filter then map then findFirst Double in set with supplier (observables)" classname="griffon.javafx.beans.binding.FilteringBindingsSpec" time="0.002"/>
  <testcase name="Filter then map then findFirst String in set with supplier (observables)" classname="griffon.javafx.beans.binding.FilteringBindingsSpec" time="0.001"/>
  <testcase name="Filter then map then findFirst in map with defaultValue" classname="griffon.javafx.beans.binding.FilteringBindingsSpec" time="0.007"/>
  <testcase name="Filter then map then findFirst in map with supplier" classname="griffon.javafx.beans.binding.FilteringBindingsSpec" time="0.008"/>
  <testcase name="Filter then map then filter then findFirst in map with defaultValue (observable)" classname="griffon.javafx.beans.binding.FilteringBindingsSpec" time="0.008"/>
  <testcase name="Filter then map then filter then findFirst in map with supplier (observable)" classname="griffon.javafx.beans.binding.FilteringBindingsSpec" time="0.013"/>
  <testcase name="Filter then map then findFirst Boolean in map with defaultValue" classname="griffon.javafx.beans.binding.FilteringBindingsSpec" time="0.004"/>
  <testcase name="Filter then map then findFirst Integer in map with defaultValue" classname="griffon.javafx.beans.binding.FilteringBindingsSpec" time="0.001"/>
  <testcase name="Filter then map then findFirst Long in map with defaultValue" classname="griffon.javafx.beans.binding.FilteringBindingsSpec" time="0.001"/>
  <testcase name="Filter then map then findFirst Float in map with defaultValue" classname="griffon.javafx.beans.binding.FilteringBindingsSpec" time="0.002"/>
  <testcase name="Filter then map then findFirst Double in map with defaultValue" classname="griffon.javafx.beans.binding.FilteringBindingsSpec" time="0.001"/>
  <testcase name="Filter then map then findFirst String in map with defaultValue" classname="griffon.javafx.beans.binding.FilteringBindingsSpec" time="0.001"/>
  <testcase name="Filter then map then findFirst Boolean in map with supplier" classname="griffon.javafx.beans.binding.FilteringBindingsSpec" time="0.003"/>
  <testcase name="Filter then map then findFirst Integer in map with supplier" classname="griffon.javafx.beans.binding.FilteringBindingsSpec" time="0.001"/>
  <testcase name="Filter then map then findFirst Long in map with supplier" classname="griffon.javafx.beans.binding.FilteringBindingsSpec" time="0.003"/>
  <testcase name="Filter then map then findFirst Float in map with supplier" classname="griffon.javafx.beans.binding.FilteringBindingsSpec" time="0.001"/>
  <testcase name="Filter then map then findFirst Double in map with supplier" classname="griffon.javafx.beans.binding.FilteringBindingsSpec" time="0.002"/>
  <testcase name="Filter then map then findFirst String in map with supplier" classname="griffon.javafx.beans.binding.FilteringBindingsSpec" time="0.001"/>
  <testcase name="Filter then map then findFirst Boolean in map with defaultValue (observables)" classname="griffon.javafx.beans.binding.FilteringBindingsSpec" time="0.002"/>
  <testcase name="Filter then map then findFirst Integer in map with defaultValue (observables)" classname="griffon.javafx.beans.binding.FilteringBindingsSpec" time="0.001"/>
  <testcase name="Filter then map then findFirst Long in map with defaultValue (observables)" classname="griffon.javafx.beans.binding.FilteringBindingsSpec" time="0.002"/>
  <testcase name="Filter then map then findFirst Float in map with defaultValue (observables)" classname="griffon.javafx.beans.binding.FilteringBindingsSpec" time="0.001"/>
  <testcase name="Filter then map then findFirst Double in map with defaultValue (observables)" classname="griffon.javafx.beans.binding.FilteringBindingsSpec" time="0.002"/>
  <testcase name="Filter then map then findFirst String in map with defaultValue (observables)" classname="griffon.javafx.beans.binding.FilteringBindingsSpec" time="0.003"/>
  <testcase name="Filter then map then findFirst Boolean in map with supplier (observables)" classname="griffon.javafx.beans.binding.FilteringBindingsSpec" time="0.003"/>
  <testcase name="Filter then map then findFirst Integer in map with supplier (observables)" classname="griffon.javafx.beans.binding.FilteringBindingsSpec" time="0.003"/>
  <testcase name="Filter then map then findFirst Long in map with supplier (observables)" classname="griffon.javafx.beans.binding.FilteringBindingsSpec" time="0.011"/>
  <testcase name="Filter then map then findFirst Float in map with supplier (observables)" classname="griffon.javafx.beans.binding.FilteringBindingsSpec" time="0.005"/>
  <testcase name="Filter then map then findFirst Double in map with supplier (observables)" classname="griffon.javafx.beans.binding.FilteringBindingsSpec" time="0.001"/>
  <testcase name="Filter then map then findFirst String in map with supplier (observables)" classname="griffon.javafx.beans.binding.FilteringBindingsSpec" time="0.001"/>
  <system-out><![CDATA[]]></system-out>
  <system-err><![CDATA[]]></system-err>
</testsuite>
