<?xml version="1.0" encoding="UTF-8"?>
<testsuite name="griffon.javafx.beans.binding.CollectionBindingsTest" tests="12" skipped="0" failures="0" errors="0" timestamp="2017-03-17T14:49:24" hostname="testing-gce-2cba042c-7dfa-40c6-8050-1b9f1390cf9f" time="0.288">
  <properties/>
  <testcase name="Join list with string delimiter and mapper" classname="griffon.javafx.beans.binding.CollectionBindingsTest" time="0.163"/>
  <testcase name="Join list with string delimiter" classname="griffon.javafx.beans.binding.CollectionBindingsTest" time="0.003"/>
  <testcase name="Join list with observable delimiter" classname="griffon.javafx.beans.binding.CollectionBindingsTest" time="0.006"/>
  <testcase name="Join map with string delimiter and mapper" classname="griffon.javafx.beans.binding.CollectionBindingsTest" time="0.034"/>
  <testcase name="Join map with string delimiter" classname="griffon.javafx.beans.binding.CollectionBindingsTest" time="0.01"/>
  <testcase name="Join list with observable delimiter and mapper" classname="griffon.javafx.beans.binding.CollectionBindingsTest" time="0.009"/>
  <testcase name="Join set with string delimiter and mapper" classname="griffon.javafx.beans.binding.CollectionBindingsTest" time="0.021"/>
  <testcase name="Join set with observable delimiter and mapper" classname="griffon.javafx.beans.binding.CollectionBindingsTest" time="0.012"/>
  <testcase name="Join set with observable delimiter" classname="griffon.javafx.beans.binding.CollectionBindingsTest" time="0.007"/>
  <testcase name="Join set with string delimiter" classname="griffon.javafx.beans.binding.CollectionBindingsTest" time="0.004"/>
  <testcase name="Join map with observable delimiter and mapper" classname="griffon.javafx.beans.binding.CollectionBindingsTest" time="0.009"/>
  <testcase name="Join map with observable delimiter" classname="griffon.javafx.beans.binding.CollectionBindingsTest" time="0.005"/>
  <system-out><![CDATA[]]></system-out>
  <system-err><![CDATA[]]></system-err>
</testsuite>
