<?xml version="1.0" encoding="UTF-8"?>
<testsuite name="griffon.javafx.collections.ElementObservableListTest" tests="3" skipped="0" failures="0" errors="0" timestamp="2017-04-28T12:51:01" hostname="testing-docker-929acd7b-76bf-4253-9fc4-85722f6f076e" time="0.015">
  <properties/>
  <testcase name="testWithElementAsObservableValueContainer" classname="griffon.javafx.collections.ElementObservableListTest" time="0.013"/>
  <testcase name="testWithDefaultObservableValueExtractor" classname="griffon.javafx.collections.ElementObservableListTest" time="0.001"/>
  <testcase name="testWithCustomObservableValueExtractor" classname="griffon.javafx.collections.ElementObservableListTest" time="0.001"/>
  <system-out><![CDATA[]]></system-out>
  <system-err><![CDATA[]]></system-err>
</testsuite>
