<?xml version="1.0" encoding="UTF-8"?>
<testsuite name="griffon.javafx.collections.ElementObservableListTest" tests="3" skipped="0" failures="0" errors="0" timestamp="2017-04-24T08:43:08" hostname="testing-gce-5d7d77d1-ab44-4e29-9f52-aa2a647d6215" time="0.141">
  <properties/>
  <testcase name="testWithCustomPropertyExtractor" classname="griffon.javafx.collections.ElementObservableListTest" time="0.109"/>
  <testcase name="testWithElementAsPropertyContainer" classname="griffon.javafx.collections.ElementObservableListTest" time="0.028"/>
  <testcase name="testWithDefaultPropertyExtractor" classname="griffon.javafx.collections.ElementObservableListTest" time="0.002"/>
  <system-out><![CDATA[]]></system-out>
  <system-err><![CDATA[]]></system-err>
</testsuite>
