<?xml version="1.0" encoding="UTF-8"?>
<testsuite name="griffon.javafx.beans.property.ResetableStringPropertyTest" tests="4" skipped="0" failures="0" errors="0" timestamp="2017-03-13T20:19:44" hostname="testing-gce-5deeb444-989e-4d84-a4f8-95fc960493bd" time="0.003">
  <properties/>
  <testcase name="rebasingPropertyAffectsBaseValue" classname="griffon.javafx.beans.property.ResetableStringPropertyTest" time="0.001"/>
  <testcase name="dirtyChecks" classname="griffon.javafx.beans.property.ResetableStringPropertyTest" time="0.001"/>
  <testcase name="resetingPropertyAffectsValue" classname="griffon.javafx.beans.property.ResetableStringPropertyTest" time="0.001"/>
  <testcase name="updatingValueDoesNotAffectBaseValue" classname="griffon.javafx.beans.property.ResetableStringPropertyTest" time="0.0"/>
  <system-out><![CDATA[]]></system-out>
  <system-err><![CDATA[]]></system-err>
</testsuite>
