<?xml version="1.0" encoding="UTF-8"?>
<testsuite name="griffon.javafx.beans.property.ResetableIntegerPropertyTest" tests="4" skipped="0" failures="0" errors="0" timestamp="2017-02-21T19:51:50" hostname="testing-gce-199a013b-897d-440d-8d76-fec598ea2858" time="0.069">
  <properties/>
  <testcase name="rebasingPropertyAffectsBaseValue" classname="griffon.javafx.beans.property.ResetableIntegerPropertyTest" time="0.065"/>
  <testcase name="dirtyChecks" classname="griffon.javafx.beans.property.ResetableIntegerPropertyTest" time="0.003"/>
  <testcase name="resetingPropertyAffectsValue" classname="griffon.javafx.beans.property.ResetableIntegerPropertyTest" time="0.0"/>
  <testcase name="updatingValueDoesNotAffectBaseValue" classname="griffon.javafx.beans.property.ResetableIntegerPropertyTest" time="0.0"/>
  <system-out><![CDATA[]]></system-out>
  <system-err><![CDATA[]]></system-err>
</testsuite>
