<?xml version="1.0" encoding="UTF-8"?>
<testsuite name="griffon.javafx.beans.property.ResetableDoublePropertyTest" tests="4" skipped="0" failures="0" errors="0" timestamp="2017-03-13T20:05:45" hostname="testing-gce-b8b399cf-2944-40b7-9ac2-ba08b6394ae0" time="0.003">
  <properties/>
  <testcase name="rebasingPropertyAffectsBaseValue" classname="griffon.javafx.beans.property.ResetableDoublePropertyTest" time="0.001"/>
  <testcase name="dirtyChecks" classname="griffon.javafx.beans.property.ResetableDoublePropertyTest" time="0.001"/>
  <testcase name="resetingPropertyAffectsValue" classname="griffon.javafx.beans.property.ResetableDoublePropertyTest" time="0.0"/>
  <testcase name="updatingValueDoesNotAffectBaseValue" classname="griffon.javafx.beans.property.ResetableDoublePropertyTest" time="0.0"/>
  <system-out><![CDATA[]]></system-out>
  <system-err><![CDATA[]]></system-err>
</testsuite>
