<?xml version="1.0" encoding="UTF-8"?>
<testsuite name="griffon.javafx.collections.ElementObservableListTest" tests="1" skipped="0" failures="0" errors="0" timestamp="2017-04-11T08:39:06" hostname="testing-gce-c87b0d7a-842c-4073-abeb-1a1a45e4e432" time="0.029">
  <properties/>
  <testcase name="testOperations" classname="griffon.javafx.collections.ElementObservableListTest" time="0.029"/>
  <system-out><![CDATA[]]></system-out>
  <system-err><![CDATA[]]></system-err>
</testsuite>
