<?xml version="1.0" encoding="UTF-8"?>
<testsuite name="griffon.javafx.beans.property.ResetableObjectPropertyTest" tests="4" skipped="0" failures="0" errors="0" timestamp="2017-04-23T11:15:26" hostname="testing-gce-800131f0-e76c-47bc-8935-b4db1ec986af" time="0.136">
  <properties/>
  <testcase name="rebasingPropertyAffectsBaseValue" classname="griffon.javafx.beans.property.ResetableObjectPropertyTest" time="0.127"/>
  <testcase name="dirtyChecks" classname="griffon.javafx.beans.property.ResetableObjectPropertyTest" time="0.006"/>
  <testcase name="resetingPropertyAffectsValue" classname="griffon.javafx.beans.property.ResetableObjectPropertyTest" time="0.0"/>
  <testcase name="updatingValueDoesNotAffectBaseValue" classname="griffon.javafx.beans.property.ResetableObjectPropertyTest" time="0.0"/>
  <system-out><![CDATA[]]></system-out>
  <system-err><![CDATA[]]></system-err>
</testsuite>
