<?xml version="1.0" encoding="UTF-8"?>
<testsuite name="griffon.javafx.scene.layout.NamedCardPaneTest" tests="1" skipped="0" failures="0" errors="0" timestamp="2017-03-17T14:24:45" hostname="testing-gce-75ed6e9d-e4b3-4b02-8ab7-c4f1ce2024ac" time="4.604">
  <properties/>
  <testcase name="browseCards" classname="griffon.javafx.scene.layout.NamedCardPaneTest" time="4.604"/>
  <system-out><![CDATA[]]></system-out>
  <system-err><![CDATA[]]></system-err>
</testsuite>
