<?xml version="1.0" encoding="UTF-8"?>
<testsuite name="griffon.javafx.beans.binding.CollectionBindingsTest" tests="12" skipped="0" failures="0" errors="0" timestamp="2017-03-13T20:09:38" hostname="testing-gce-5c6f6730-f713-4b79-bb0b-2c95a726fbf5" time="0.14">
  <properties/>
  <testcase name="Join list with string delimiter and mapper" classname="griffon.javafx.beans.binding.CollectionBindingsTest" time="0.07"/>
  <testcase name="Join list with string delimiter" classname="griffon.javafx.beans.binding.CollectionBindingsTest" time="0.003"/>
  <testcase name="Join list with observable delimiter" classname="griffon.javafx.beans.binding.CollectionBindingsTest" time="0.005"/>
  <testcase name="Join map with string delimiter and mapper" classname="griffon.javafx.beans.binding.CollectionBindingsTest" time="0.012"/>
  <testcase name="Join map with string delimiter" classname="griffon.javafx.beans.binding.CollectionBindingsTest" time="0.003"/>
  <testcase name="Join list with observable delimiter and mapper" classname="griffon.javafx.beans.binding.CollectionBindingsTest" time="0.007"/>
  <testcase name="Join set with string delimiter and mapper" classname="griffon.javafx.beans.binding.CollectionBindingsTest" time="0.004"/>
  <testcase name="Join set with observable delimiter and mapper" classname="griffon.javafx.beans.binding.CollectionBindingsTest" time="0.006"/>
  <testcase name="Join set with observable delimiter" classname="griffon.javafx.beans.binding.CollectionBindingsTest" time="0.004"/>
  <testcase name="Join set with string delimiter" classname="griffon.javafx.beans.binding.CollectionBindingsTest" time="0.003"/>
  <testcase name="Join map with observable delimiter and mapper" classname="griffon.javafx.beans.binding.CollectionBindingsTest" time="0.007"/>
  <testcase name="Join map with observable delimiter" classname="griffon.javafx.beans.binding.CollectionBindingsTest" time="0.003"/>
  <system-out><![CDATA[]]></system-out>
  <system-err><![CDATA[]]></system-err>
</testsuite>
