<?xml version="1.0" encoding="UTF-8"?>
<testsuite name="griffon.javafx.support.BindingUtilsTest" tests="12" skipped="0" failures="0" errors="0" timestamp="2016-11-16T19:23:56" hostname="testing-gce-e8e4a2cb-d54d-4bd1-a631-062743865535" time="0.809">
  <properties/>
  <testcase name="Join list with string delimiter and mapper" classname="griffon.javafx.support.BindingUtilsTest" time="0.621"/>
  <testcase name="Join list with string delimiter" classname="griffon.javafx.support.BindingUtilsTest" time="0.006"/>
  <testcase name="Join list with observable delimiter" classname="griffon.javafx.support.BindingUtilsTest" time="0.035"/>
  <testcase name="Join map with string delimiter and mapper" classname="griffon.javafx.support.BindingUtilsTest" time="0.037"/>
  <testcase name="Join map with string delimiter" classname="griffon.javafx.support.BindingUtilsTest" time="0.003"/>
  <testcase name="Join list with observable delimiter and mapper" classname="griffon.javafx.support.BindingUtilsTest" time="0.045"/>
  <testcase name="Join set with string delimiter and mapper" classname="griffon.javafx.support.BindingUtilsTest" time="0.02"/>
  <testcase name="Join set with observable delimiter and mapper" classname="griffon.javafx.support.BindingUtilsTest" time="0.011"/>
  <testcase name="Join set with observable delimiter" classname="griffon.javafx.support.BindingUtilsTest" time="0.007"/>
  <testcase name="Join set with string delimiter" classname="griffon.javafx.support.BindingUtilsTest" time="0.002"/>
  <testcase name="Join map with observable delimiter and mapper" classname="griffon.javafx.support.BindingUtilsTest" time="0.012"/>
  <testcase name="Join map with observable delimiter" classname="griffon.javafx.support.BindingUtilsTest" time="0.006"/>
  <system-out><![CDATA[]]></system-out>
  <system-err><![CDATA[]]></system-err>
</testsuite>
