<?xml version="1.0" encoding="UTF-8"?>
<testsuite name="griffon.javafx.beans.binding.CollectionBindingsTest" tests="12" skipped="0" failures="0" errors="0" timestamp="2017-04-28T12:50:55" hostname="testing-docker-929acd7b-76bf-4253-9fc4-85722f6f076e" time="0.848">
  <properties/>
  <testcase name="Join list with string delimiter and mapper" classname="griffon.javafx.beans.binding.CollectionBindingsTest" time="0.529"/>
  <testcase name="Join list with string delimiter" classname="griffon.javafx.beans.binding.CollectionBindingsTest" time="0.007"/>
  <testcase name="Join list with observable delimiter" classname="griffon.javafx.beans.binding.CollectionBindingsTest" time="0.103"/>
  <testcase name="Join map with string delimiter and mapper" classname="griffon.javafx.beans.binding.CollectionBindingsTest" time="0.041"/>
  <testcase name="Join map with string delimiter" classname="griffon.javafx.beans.binding.CollectionBindingsTest" time="0.003"/>
  <testcase name="Join list with observable delimiter and mapper" classname="griffon.javafx.beans.binding.CollectionBindingsTest" time="0.069"/>
  <testcase name="Join set with string delimiter and mapper" classname="griffon.javafx.beans.binding.CollectionBindingsTest" time="0.066"/>
  <testcase name="Join set with observable delimiter and mapper" classname="griffon.javafx.beans.binding.CollectionBindingsTest" time="0.007"/>
  <testcase name="Join set with observable delimiter" classname="griffon.javafx.beans.binding.CollectionBindingsTest" time="0.003"/>
  <testcase name="Join set with string delimiter" classname="griffon.javafx.beans.binding.CollectionBindingsTest" time="0.002"/>
  <testcase name="Join map with observable delimiter and mapper" classname="griffon.javafx.beans.binding.CollectionBindingsTest" time="0.006"/>
  <testcase name="Join map with observable delimiter" classname="griffon.javafx.beans.binding.CollectionBindingsTest" time="0.003"/>
  <system-out><![CDATA[]]></system-out>
  <system-err><![CDATA[]]></system-err>
</testsuite>
