<?xml version="1.0" encoding="UTF-8"?>
<testsuite name="griffon.javafx.support.BindingUtilsSpec" tests="22" skipped="0" failures="0" errors="0" timestamp="2016-11-15T19:50:10" hostname="testing-gce-0a7091f9-5a3d-42d2-bba2-f82cd72fbd72" time="0.343">
  <properties/>
  <testcase name="Map String to object literal" classname="griffon.javafx.support.BindingUtilsSpec" time="0.035"/>
  <testcase name="Map Boolean to object literal" classname="griffon.javafx.support.BindingUtilsSpec" time="0.011"/>
  <testcase name="Map Integer to object literal" classname="griffon.javafx.support.BindingUtilsSpec" time="0.036"/>
  <testcase name="Map Long to object literal" classname="griffon.javafx.support.BindingUtilsSpec" time="0.114"/>
  <testcase name="Map Float to object literal" classname="griffon.javafx.support.BindingUtilsSpec" time="0.013"/>
  <testcase name="Map Double to object literal" classname="griffon.javafx.support.BindingUtilsSpec" time="0.006"/>
  <testcase name="Map object observable to String binding" classname="griffon.javafx.support.BindingUtilsSpec" time="0.015"/>
  <testcase name="Map object observable to Boolean binding" classname="griffon.javafx.support.BindingUtilsSpec" time="0.008"/>
  <testcase name="Map object observable to Integer binding" classname="griffon.javafx.support.BindingUtilsSpec" time="0.011"/>
  <testcase name="Map object observable to Long binding" classname="griffon.javafx.support.BindingUtilsSpec" time="0.01"/>
  <testcase name="Map object observable to Float binding" classname="griffon.javafx.support.BindingUtilsSpec" time="0.011"/>
  <testcase name="Map object observable to Double binding" classname="griffon.javafx.support.BindingUtilsSpec" time="0.01"/>
  <testcase name="MapInteger with function" classname="griffon.javafx.support.BindingUtilsSpec" time="0.004"/>
  <testcase name="MapLong with function" classname="griffon.javafx.support.BindingUtilsSpec" time="0.002"/>
  <testcase name="MapFloat with function" classname="griffon.javafx.support.BindingUtilsSpec" time="0.003"/>
  <testcase name="MapDouble with function" classname="griffon.javafx.support.BindingUtilsSpec" time="0.003"/>
  <testcase name="MapString with function" classname="griffon.javafx.support.BindingUtilsSpec" time="0.002"/>
  <testcase name="MapInteger with observable function" classname="griffon.javafx.support.BindingUtilsSpec" time="0.004"/>
  <testcase name="MapLong with observable function" classname="griffon.javafx.support.BindingUtilsSpec" time="0.002"/>
  <testcase name="MapFloat with observable function" classname="griffon.javafx.support.BindingUtilsSpec" time="0.003"/>
  <testcase name="MapDouble with observable function" classname="griffon.javafx.support.BindingUtilsSpec" time="0.002"/>
  <testcase name="MapString with observable function" classname="griffon.javafx.support.BindingUtilsSpec" time="0.001"/>
  <system-out><![CDATA[]]></system-out>
  <system-err><![CDATA[]]></system-err>
</testsuite>
