<?xml version="1.0" encoding="UTF-8"?>
<testsuite name="griffon.javafx.collections.GriffonFXCollectionsSpec" tests="6" skipped="0" failures="0" errors="0" timestamp="2017-03-17T14:49:33" hostname="testing-gce-2cba042c-7dfa-40c6-8050-1b9f1390cf9f" time="1.244">
  <properties/>
  <testcase name="Trigger list events inside UI thread (source) " classname="griffon.javafx.collections.GriffonFXCollectionsSpec" time="0.595"/>
  <testcase name="Trigger list events inside UI thread (target) " classname="griffon.javafx.collections.GriffonFXCollectionsSpec" time="0.111"/>
  <testcase name="Trigger set events inside UI thread (source) " classname="griffon.javafx.collections.GriffonFXCollectionsSpec" time="0.173"/>
  <testcase name="Trigger set events inside UI thread (target) " classname="griffon.javafx.collections.GriffonFXCollectionsSpec" time="0.116"/>
  <testcase name="Trigger map events inside UI thread (source) " classname="griffon.javafx.collections.GriffonFXCollectionsSpec" time="0.139"/>
  <testcase name="Trigger map events inside UI thread (target) " classname="griffon.javafx.collections.GriffonFXCollectionsSpec" time="0.109"/>
  <system-out><![CDATA[]]></system-out>
  <system-err><![CDATA[]]></system-err>
</testsuite>
