<?xml version="1.0" encoding="UTF-8"?>
<testsuite name="griffon.javafx.support.MappingBindingsSpec" tests="66" skipped="0" failures="0" errors="0" timestamp="2016-11-29T18:39:43" hostname="testing-gce-697e48c8-ccfd-425a-9024-c068db3ba60c" time="1.127">
  <properties/>
  <testcase name="Map String to object literal" classname="griffon.javafx.support.MappingBindingsSpec" time="0.468"/>
  <testcase name="Map Boolean to object literal" classname="griffon.javafx.support.MappingBindingsSpec" time="0.012"/>
  <testcase name="Map Integer to object literal" classname="griffon.javafx.support.MappingBindingsSpec" time="0.036"/>
  <testcase name="Map Long to object literal" classname="griffon.javafx.support.MappingBindingsSpec" time="0.012"/>
  <testcase name="Map Float to object literal" classname="griffon.javafx.support.MappingBindingsSpec" time="0.016"/>
  <testcase name="Map Double to object literal" classname="griffon.javafx.support.MappingBindingsSpec" time="0.01"/>
  <testcase name="Map object observable to String binding" classname="griffon.javafx.support.MappingBindingsSpec" time="0.046"/>
  <testcase name="Map object observable to Boolean binding" classname="griffon.javafx.support.MappingBindingsSpec" time="0.014"/>
  <testcase name="Map object observable to Integer binding" classname="griffon.javafx.support.MappingBindingsSpec" time="0.01"/>
  <testcase name="Map object observable to Long binding" classname="griffon.javafx.support.MappingBindingsSpec" time="0.017"/>
  <testcase name="Map object observable to Float binding" classname="griffon.javafx.support.MappingBindingsSpec" time="0.01"/>
  <testcase name="Map object observable to Double binding" classname="griffon.javafx.support.MappingBindingsSpec" time="0.011"/>
  <testcase name="MapInteger with function" classname="griffon.javafx.support.MappingBindingsSpec" time="0.018"/>
  <testcase name="MapLong with function" classname="griffon.javafx.support.MappingBindingsSpec" time="0.002"/>
  <testcase name="MapFloat with function" classname="griffon.javafx.support.MappingBindingsSpec" time="0.004"/>
  <testcase name="MapDouble with function" classname="griffon.javafx.support.MappingBindingsSpec" time="0.002"/>
  <testcase name="MapString with function" classname="griffon.javafx.support.MappingBindingsSpec" time="0.004"/>
  <testcase name="MapBoolean with function" classname="griffon.javafx.support.MappingBindingsSpec" time="0.002"/>
  <testcase name="MapObject with function" classname="griffon.javafx.support.MappingBindingsSpec" time="0.01"/>
  <testcase name="MapInteger with observable function" classname="griffon.javafx.support.MappingBindingsSpec" time="0.005"/>
  <testcase name="MapLong with observable function" classname="griffon.javafx.support.MappingBindingsSpec" time="0.004"/>
  <testcase name="MapFloat with observable function" classname="griffon.javafx.support.MappingBindingsSpec" time="0.005"/>
  <testcase name="MapDouble with observable function" classname="griffon.javafx.support.MappingBindingsSpec" time="0.003"/>
  <testcase name="MapString with observable function" classname="griffon.javafx.support.MappingBindingsSpec" time="0.006"/>
  <testcase name="MapBoolean with observable function" classname="griffon.javafx.support.MappingBindingsSpec" time="0.003"/>
  <testcase name="MapObject with observable function" classname="griffon.javafx.support.MappingBindingsSpec" time="0.001"/>
  <testcase name="MapInteger with function (observables) value1=1 value2=2" classname="griffon.javafx.support.MappingBindingsSpec" time="0.005"/>
  <testcase name="MapLong with function (observables) value1=1 value2=2" classname="griffon.javafx.support.MappingBindingsSpec" time="0.002"/>
  <testcase name="MapFloat with function (observables) value1=1.0 value2=2.0" classname="griffon.javafx.support.MappingBindingsSpec" time="0.001"/>
  <testcase name="MapDouble with function (observables) value1=1.0 value2=2.0" classname="griffon.javafx.support.MappingBindingsSpec" time="0.003"/>
  <testcase name="MapBoolean with function (observables) value1=false value2=true" classname="griffon.javafx.support.MappingBindingsSpec" time="0.002"/>
  <testcase name="MapString with function (observables) value1=1 value2=2" classname="griffon.javafx.support.MappingBindingsSpec" time="0.002"/>
  <testcase name="MapObject with function (observables) value1=null value2=null" classname="griffon.javafx.support.MappingBindingsSpec" time="0.004"/>
  <testcase name="MapObject with function (observables) value1=griffon.javafx.support.MappingBindingsSpec$Box(1) value2=null" classname="griffon.javafx.support.MappingBindingsSpec" time="0.001"/>
  <testcase name="MapObject with function (observables) value1=null value2=griffon.javafx.support.MappingBindingsSpec$Box(2)" classname="griffon.javafx.support.MappingBindingsSpec" time="0.001"/>
  <testcase name="MapObject with function (observables) value1=griffon.javafx.support.MappingBindingsSpec$Box(1) value2=griffon.javafx.support.MappingBindingsSpec$Box(2)" classname="griffon.javafx.support.MappingBindingsSpec" time="0.0"/>
  <testcase name="MapInteger with observable function (observables)" classname="griffon.javafx.support.MappingBindingsSpec" time="0.007"/>
  <testcase name="MapLong with observable function (observables)" classname="griffon.javafx.support.MappingBindingsSpec" time="0.004"/>
  <testcase name="MapFloat with observable function (observables)" classname="griffon.javafx.support.MappingBindingsSpec" time="0.01"/>
  <testcase name="MapDouble with observable function (observables)" classname="griffon.javafx.support.MappingBindingsSpec" time="0.003"/>
  <testcase name="MapBoolean with observable function (observables)" classname="griffon.javafx.support.MappingBindingsSpec" time="0.004"/>
  <testcase name="MapString with observable function (observables)" classname="griffon.javafx.support.MappingBindingsSpec" time="0.003"/>
  <testcase name="MapObject with observable function (observables)" classname="griffon.javafx.support.MappingBindingsSpec" time="0.003"/>
  <testcase name="MapObject with observable function (observables)" classname="griffon.javafx.support.MappingBindingsSpec" time="0.001"/>
  <testcase name="MapObject with observable function (observables)" classname="griffon.javafx.support.MappingBindingsSpec" time="0.001"/>
  <testcase name="MapObject with observable function (observables)" classname="griffon.javafx.support.MappingBindingsSpec" time="0.001"/>
  <testcase name="MapInteger with function and supplier (observables) value1=1 value2=2" classname="griffon.javafx.support.MappingBindingsSpec" time="0.003"/>
  <testcase name="MapLong with function and supplier (observables) value1=1 value2=2" classname="griffon.javafx.support.MappingBindingsSpec" time="0.001"/>
  <testcase name="MapFloat with function and supplier (observables) value1=1.0 value2=2.0" classname="griffon.javafx.support.MappingBindingsSpec" time="0.001"/>
  <testcase name="MapDouble with function and supplier (observables) value1=1.0 value2=2.0" classname="griffon.javafx.support.MappingBindingsSpec" time="0.003"/>
  <testcase name="MapBoolean with function and supplier (observables) value1=false value2=true" classname="griffon.javafx.support.MappingBindingsSpec" time="0.002"/>
  <testcase name="MapString with function and supplier (observables) value1=1 value2=2" classname="griffon.javafx.support.MappingBindingsSpec" time="0.001"/>
  <testcase name="MapObject with function and supplier (observables) value1=null value2=null" classname="griffon.javafx.support.MappingBindingsSpec" time="0.003"/>
  <testcase name="MapObject with function and supplier (observables) value1=griffon.javafx.support.MappingBindingsSpec$Box(1) value2=null" classname="griffon.javafx.support.MappingBindingsSpec" time="0.001"/>
  <testcase name="MapObject with function and supplier (observables) value1=null value2=griffon.javafx.support.MappingBindingsSpec$Box(2)" classname="griffon.javafx.support.MappingBindingsSpec" time="0.001"/>
  <testcase name="MapObject with function and supplier (observables) value1=griffon.javafx.support.MappingBindingsSpec$Box(1) value2=griffon.javafx.support.MappingBindingsSpec$Box(2)" classname="griffon.javafx.support.MappingBindingsSpec" time="0.001"/>
  <testcase name="MapInteger with observable function and supplier (observables)" classname="griffon.javafx.support.MappingBindingsSpec" time="0.004"/>
  <testcase name="MapLong with observable function and supplier (observables)" classname="griffon.javafx.support.MappingBindingsSpec" time="0.003"/>
  <testcase name="MapFloat with observable function and supplier (observables)" classname="griffon.javafx.support.MappingBindingsSpec" time="0.005"/>
  <testcase name="MapDouble with observable function and supplier (observables)" classname="griffon.javafx.support.MappingBindingsSpec" time="0.002"/>
  <testcase name="MapBoolean with observable function and supplier (observables)" classname="griffon.javafx.support.MappingBindingsSpec" time="0.002"/>
  <testcase name="MapString with observable function and supplier (observables)" classname="griffon.javafx.support.MappingBindingsSpec" time="0.002"/>
  <testcase name="MapObject with observable function and supplier (observables)" classname="griffon.javafx.support.MappingBindingsSpec" time="0.002"/>
  <testcase name="MapObject with observable function and supplier (observables)" classname="griffon.javafx.support.MappingBindingsSpec" time="0.001"/>
  <testcase name="MapObject with observable function and supplier (observables)" classname="griffon.javafx.support.MappingBindingsSpec" time="0.001"/>
  <testcase name="MapObject with observable function and supplier (observables)" classname="griffon.javafx.support.MappingBindingsSpec" time="0.001"/>
  <system-out><![CDATA[]]></system-out>
  <system-err><![CDATA[]]></system-err>
</testsuite>
