<?xml version="1.0" encoding="UTF-8"?>
<testsuite name="griffon.javafx.collections.ElementObservableListTest" tests="3" skipped="0" failures="0" errors="0" timestamp="2017-05-04T09:19:47" hostname="testing-docker-90703794-a676-4191-81e0-3d1951fbc1fe" time="0.012">
  <properties/>
  <testcase name="testWithElementAsObservableValueContainer" classname="griffon.javafx.collections.ElementObservableListTest" time="0.01"/>
  <testcase name="testWithDefaultObservableValueExtractor" classname="griffon.javafx.collections.ElementObservableListTest" time="0.001"/>
  <testcase name="testWithCustomObservableValueExtractor" classname="griffon.javafx.collections.ElementObservableListTest" time="0.001"/>
  <system-out><![CDATA[]]></system-out>
  <system-err><![CDATA[]]></system-err>
</testsuite>
