<?xml version="1.0" encoding="UTF-8"?>
<testsuite name="griffon.javafx.support.CollectionBindingsTest" tests="12" skipped="0" failures="0" errors="0" timestamp="2016-12-01T09:19:17" hostname="testing-gce-1c7b4cd7-f8b4-49a0-b9fd-66abade42537" time="0.121">
  <properties/>
  <testcase name="Join list with string delimiter and mapper" classname="griffon.javafx.support.CollectionBindingsTest" time="0.042"/>
  <testcase name="Join list with string delimiter" classname="griffon.javafx.support.CollectionBindingsTest" time="0.004"/>
  <testcase name="Join list with observable delimiter" classname="griffon.javafx.support.CollectionBindingsTest" time="0.004"/>
  <testcase name="Join map with string delimiter and mapper" classname="griffon.javafx.support.CollectionBindingsTest" time="0.016"/>
  <testcase name="Join map with string delimiter" classname="griffon.javafx.support.CollectionBindingsTest" time="0.003"/>
  <testcase name="Join list with observable delimiter and mapper" classname="griffon.javafx.support.CollectionBindingsTest" time="0.009"/>
  <testcase name="Join set with string delimiter and mapper" classname="griffon.javafx.support.CollectionBindingsTest" time="0.007"/>
  <testcase name="Join set with observable delimiter and mapper" classname="griffon.javafx.support.CollectionBindingsTest" time="0.008"/>
  <testcase name="Join set with observable delimiter" classname="griffon.javafx.support.CollectionBindingsTest" time="0.003"/>
  <testcase name="Join set with string delimiter" classname="griffon.javafx.support.CollectionBindingsTest" time="0.007"/>
  <testcase name="Join map with observable delimiter and mapper" classname="griffon.javafx.support.CollectionBindingsTest" time="0.009"/>
  <testcase name="Join map with observable delimiter" classname="griffon.javafx.support.CollectionBindingsTest" time="0.005"/>
  <system-out><![CDATA[]]></system-out>
  <system-err><![CDATA[]]></system-err>
</testsuite>
