<?xml version="1.0" encoding="UTF-8"?>
<testsuite name="griffon.javafx.support.BindingUtilsTest" tests="12" skipped="0" failures="0" errors="0" timestamp="2016-11-18T14:46:43" hostname="testing-gce-32b998c0-1c86-42c0-92eb-71cbad2128a4" time="0.873">
  <properties/>
  <testcase name="Join list with string delimiter and mapper" classname="griffon.javafx.support.BindingUtilsTest" time="0.678"/>
  <testcase name="Join list with string delimiter" classname="griffon.javafx.support.BindingUtilsTest" time="0.006"/>
  <testcase name="Join list with observable delimiter" classname="griffon.javafx.support.BindingUtilsTest" time="0.033"/>
  <testcase name="Join map with string delimiter and mapper" classname="griffon.javafx.support.BindingUtilsTest" time="0.041"/>
  <testcase name="Join map with string delimiter" classname="griffon.javafx.support.BindingUtilsTest" time="0.003"/>
  <testcase name="Join list with observable delimiter and mapper" classname="griffon.javafx.support.BindingUtilsTest" time="0.046"/>
  <testcase name="Join set with string delimiter and mapper" classname="griffon.javafx.support.BindingUtilsTest" time="0.02"/>
  <testcase name="Join set with observable delimiter and mapper" classname="griffon.javafx.support.BindingUtilsTest" time="0.011"/>
  <testcase name="Join set with observable delimiter" classname="griffon.javafx.support.BindingUtilsTest" time="0.005"/>
  <testcase name="Join set with string delimiter" classname="griffon.javafx.support.BindingUtilsTest" time="0.002"/>
  <testcase name="Join map with observable delimiter and mapper" classname="griffon.javafx.support.BindingUtilsTest" time="0.011"/>
  <testcase name="Join map with observable delimiter" classname="griffon.javafx.support.BindingUtilsTest" time="0.006"/>
  <system-out><![CDATA[]]></system-out>
  <system-err><![CDATA[]]></system-err>
</testsuite>
