<?xml version="1.0" encoding="UTF-8"?>
<testsuite name="griffon.javafx.support.MappingObservableListTest" tests="2" skipped="0" failures="0" errors="0" timestamp="2016-11-21T12:47:00" hostname="testing-gce-3f7e0214-5b6a-4a9e-a833-72c85fa03669" time="0.016">
  <properties/>
  <testcase name="testOperations" classname="griffon.javafx.support.MappingObservableListTest" time="0.013"/>
  <testcase name="testOperationsWithObservable" classname="griffon.javafx.support.MappingObservableListTest" time="0.003"/>
  <system-out><![CDATA[[1, 5]
[2, 10]
]]></system-out>
  <system-err><![CDATA[]]></system-err>
</testsuite>
