<?xml version="1.0" encoding="UTF-8"?>
<testsuite name="griffon.javafx.editors.Point2DPropertyEditorSpec" tests="29" skipped="0" failures="0" errors="0" timestamp="2016-11-18T14:46:48" hostname="testing-gce-32b998c0-1c86-42c0-92eb-71cbad2128a4" time="0.023">
  <properties/>
  <testcase name="Point2D format 'null' should be equal to #Error:point" classname="griffon.javafx.editors.Point2DPropertyEditorSpec" time="0.003"/>
  <testcase name="Point2D format '' should be equal to #Error:point" classname="griffon.javafx.editors.Point2DPropertyEditorSpec" time="0.001"/>
  <testcase name="Point2D format ' ' should be equal to #Error:point" classname="griffon.javafx.editors.Point2DPropertyEditorSpec" time="0.0"/>
  <testcase name="Point2D format '[]' should be equal to #Error:point" classname="griffon.javafx.editors.Point2DPropertyEditorSpec" time="0.0"/>
  <testcase name="Point2D format '[:]' should be equal to #Error:point" classname="griffon.javafx.editors.Point2DPropertyEditorSpec" time="0.0"/>
  <testcase name="Point2D format '10,20' should be equal to #Error:point" classname="griffon.javafx.editors.Point2DPropertyEditorSpec" time="0.0"/>
  <testcase name="Point2D format '10, 20' should be equal to #Error:point" classname="griffon.javafx.editors.Point2DPropertyEditorSpec" time="0.001"/>
  <testcase name="Point2D format ' 10, 20' should be equal to #Error:point" classname="griffon.javafx.editors.Point2DPropertyEditorSpec" time="0.0"/>
  <testcase name="Point2D format ' 10, 20 ' should be equal to #Error:point" classname="griffon.javafx.editors.Point2DPropertyEditorSpec" time="0.0"/>
  <testcase name="Point2D format '[10, 20]' should be equal to #Error:point" classname="griffon.javafx.editors.Point2DPropertyEditorSpec" time="0.001"/>
  <testcase name="Point2D format '[10, 20]' should be equal to #Error:point" classname="griffon.javafx.editors.Point2DPropertyEditorSpec" time="0.0"/>
  <testcase name="Point2D format '10' should be equal to #Error:point" classname="griffon.javafx.editors.Point2DPropertyEditorSpec" time="0.0"/>
  <testcase name="Point2D format '10' should be equal to #Error:point" classname="griffon.javafx.editors.Point2DPropertyEditorSpec" time="0.0"/>
  <testcase name="Point2D format '[10]' should be equal to #Error:point" classname="griffon.javafx.editors.Point2DPropertyEditorSpec" time="0.0"/>
  <testcase name="Point2D format '[10]' should be equal to #Error:point" classname="griffon.javafx.editors.Point2DPropertyEditorSpec" time="0.0"/>
  <testcase name="Point2D format '[x:10, y:20]' should be equal to #Error:point" classname="griffon.javafx.editors.Point2DPropertyEditorSpec" time="0.001"/>
  <testcase name="Point2D format '[x:10, y:20]' should be equal to #Error:point" classname="griffon.javafx.editors.Point2DPropertyEditorSpec" time="0.0"/>
  <testcase name="Point2D format 'Point2D [x = 10.0, y = 20.0]' should be equal to #Error:point" classname="griffon.javafx.editors.Point2DPropertyEditorSpec" time="0.001"/>
  <testcase name="Point2D format '[foo:10, bar:20]' should be equal to #Error:point" classname="griffon.javafx.editors.Point2DPropertyEditorSpec" time="0.0"/>
  <testcase name="Invalid point format 'garbage'" classname="griffon.javafx.editors.Point2DPropertyEditorSpec" time="0.0"/>
  <testcase name="Invalid point format '1, 2, 3'" classname="griffon.javafx.editors.Point2DPropertyEditorSpec" time="0.0"/>
  <testcase name="Invalid point format '[1, 2, 3]'" classname="griffon.javafx.editors.Point2DPropertyEditorSpec" time="0.0"/>
  <testcase name="Invalid point format '[x:a]'" classname="griffon.javafx.editors.Point2DPropertyEditorSpec" time="0.001"/>
  <testcase name="Invalid point format '[y:b]'" classname="griffon.javafx.editors.Point2DPropertyEditorSpec" time="0.0"/>
  <testcase name="Invalid point format '[java.lang.Object@5de6617f]'" classname="griffon.javafx.editors.Point2DPropertyEditorSpec" time="0.0"/>
  <testcase name="Invalid point format '[x:java.lang.Object@7db3c828]'" classname="griffon.javafx.editors.Point2DPropertyEditorSpec" time="0.0"/>
  <testcase name="Invalid point format 'java.lang.Object@72b67719'" classname="griffon.javafx.editors.Point2DPropertyEditorSpec" time="0.0"/>
  <testcase name="Formatted point 'null'" classname="griffon.javafx.editors.Point2DPropertyEditorSpec" time="0.0"/>
  <testcase name="Formatted point '10.0, 20.0'" classname="griffon.javafx.editors.Point2DPropertyEditorSpec" time="0.001"/>
  <system-out><![CDATA[]]></system-out>
  <system-err><![CDATA[]]></system-err>
</testsuite>
