<?xml version="1.0" encoding="UTF-8"?>
<testsuite name="griffon.javafx.beans.property.ResetableIntegerPropertyTest" tests="4" skipped="0" failures="0" errors="0" timestamp="2016-12-12T17:11:15" hostname="testing-gce-4786cd4f-7658-4bd4-ae1d-55546974e6b0" time="0.08">
  <properties/>
  <testcase name="rebasingPropertyAffectsBaseValue" classname="griffon.javafx.beans.property.ResetableIntegerPropertyTest" time="0.071"/>
  <testcase name="dirtyChecks" classname="griffon.javafx.beans.property.ResetableIntegerPropertyTest" time="0.003"/>
  <testcase name="resetingPropertyAffectsValue" classname="griffon.javafx.beans.property.ResetableIntegerPropertyTest" time="0.002"/>
  <testcase name="updatingValueDoesNotAffectBaseValue" classname="griffon.javafx.beans.property.ResetableIntegerPropertyTest" time="0.001"/>
  <system-out><![CDATA[]]></system-out>
  <system-err><![CDATA[]]></system-err>
</testsuite>
