<?xml version="1.0" encoding="UTF-8"?>
<testsuite name="griffon.javafx.beans.binding.CollectionBindingsSpec" tests="84" skipped="0" failures="0" errors="0" timestamp="2017-02-22T11:04:00" hostname="testing-gce-b8b6801a-53e2-4480-af61-c20b9a592141" time="0.137">
  <properties/>
  <testcase name="MinInList of Integer with default value" classname="griffon.javafx.beans.binding.CollectionBindingsSpec" time="0.006"/>
  <testcase name="MinInList of Long with default value" classname="griffon.javafx.beans.binding.CollectionBindingsSpec" time="0.0"/>
  <testcase name="MinInList of Float with default value" classname="griffon.javafx.beans.binding.CollectionBindingsSpec" time="0.001"/>
  <testcase name="MinInList of Double with default value" classname="griffon.javafx.beans.binding.CollectionBindingsSpec" time="0.0"/>
  <testcase name="MinInList of Integer with supplier" classname="griffon.javafx.beans.binding.CollectionBindingsSpec" time="0.003"/>
  <testcase name="MinInList of Long with supplier" classname="griffon.javafx.beans.binding.CollectionBindingsSpec" time="0.0"/>
  <testcase name="MinInList of Float with supplier" classname="griffon.javafx.beans.binding.CollectionBindingsSpec" time="0.0"/>
  <testcase name="MinInList of Double with supplier" classname="griffon.javafx.beans.binding.CollectionBindingsSpec" time="0.003"/>
  <testcase name="MaxInList of Integer with default value" classname="griffon.javafx.beans.binding.CollectionBindingsSpec" time="0.002"/>
  <testcase name="MaxInList of Long with default value" classname="griffon.javafx.beans.binding.CollectionBindingsSpec" time="0.001"/>
  <testcase name="MaxInList of Float with default value" classname="griffon.javafx.beans.binding.CollectionBindingsSpec" time="0.0"/>
  <testcase name="MaxInList of Double with default value" classname="griffon.javafx.beans.binding.CollectionBindingsSpec" time="0.0"/>
  <testcase name="MaxInList of Integer with supplier" classname="griffon.javafx.beans.binding.CollectionBindingsSpec" time="0.001"/>
  <testcase name="MaxInList of Long with supplier" classname="griffon.javafx.beans.binding.CollectionBindingsSpec" time="0.0"/>
  <testcase name="MaxInList of Float with supplier" classname="griffon.javafx.beans.binding.CollectionBindingsSpec" time="0.0"/>
  <testcase name="MaxInList of Double with supplier" classname="griffon.javafx.beans.binding.CollectionBindingsSpec" time="0.004"/>
  <testcase name="AverageInList of Integer with default value" classname="griffon.javafx.beans.binding.CollectionBindingsSpec" time="0.004"/>
  <testcase name="AverageInList of Long with default value" classname="griffon.javafx.beans.binding.CollectionBindingsSpec" time="0.0"/>
  <testcase name="AverageInList of Float with default value" classname="griffon.javafx.beans.binding.CollectionBindingsSpec" time="0.0"/>
  <testcase name="AverageInList of Double with default value" classname="griffon.javafx.beans.binding.CollectionBindingsSpec" time="0.001"/>
  <testcase name="AverageInList of Integer with supplier" classname="griffon.javafx.beans.binding.CollectionBindingsSpec" time="0.001"/>
  <testcase name="AverageInList of Long with supplier" classname="griffon.javafx.beans.binding.CollectionBindingsSpec" time="0.002"/>
  <testcase name="AverageInList of Float with supplier" classname="griffon.javafx.beans.binding.CollectionBindingsSpec" time="0.0"/>
  <testcase name="AverageInList of Double with supplier" classname="griffon.javafx.beans.binding.CollectionBindingsSpec" time="0.001"/>
  <testcase name="SumOfList of Integer" classname="griffon.javafx.beans.binding.CollectionBindingsSpec" time="0.008"/>
  <testcase name="SumOfList of Long" classname="griffon.javafx.beans.binding.CollectionBindingsSpec" time="0.0"/>
  <testcase name="SumOfList of Float" classname="griffon.javafx.beans.binding.CollectionBindingsSpec" time="0.0"/>
  <testcase name="SumOfList of Double" classname="griffon.javafx.beans.binding.CollectionBindingsSpec" time="0.0"/>
  <testcase name="MinInSet of Integer with default value" classname="griffon.javafx.beans.binding.CollectionBindingsSpec" time="0.002"/>
  <testcase name="MinInSet of Long with default value" classname="griffon.javafx.beans.binding.CollectionBindingsSpec" time="0.001"/>
  <testcase name="MinInSet of Float with default value" classname="griffon.javafx.beans.binding.CollectionBindingsSpec" time="0.0"/>
  <testcase name="MinInSet of Double with default value" classname="griffon.javafx.beans.binding.CollectionBindingsSpec" time="0.001"/>
  <testcase name="MinInSet of Integer with supplier" classname="griffon.javafx.beans.binding.CollectionBindingsSpec" time="0.001"/>
  <testcase name="MinInSet of Long with supplier" classname="griffon.javafx.beans.binding.CollectionBindingsSpec" time="0.0"/>
  <testcase name="MinInSet of Float with supplier" classname="griffon.javafx.beans.binding.CollectionBindingsSpec" time="0.001"/>
  <testcase name="MinInSet of Double with supplier" classname="griffon.javafx.beans.binding.CollectionBindingsSpec" time="0.0"/>
  <testcase name="MaxInSet of Integer with default value" classname="griffon.javafx.beans.binding.CollectionBindingsSpec" time="0.004"/>
  <testcase name="MaxInSet of Long with default value" classname="griffon.javafx.beans.binding.CollectionBindingsSpec" time="0.0"/>
  <testcase name="MaxInSet of Float with default value" classname="griffon.javafx.beans.binding.CollectionBindingsSpec" time="0.001"/>
  <testcase name="MaxInSet of Double with default value" classname="griffon.javafx.beans.binding.CollectionBindingsSpec" time="0.0"/>
  <testcase name="MaxInSet of Integer with supplier" classname="griffon.javafx.beans.binding.CollectionBindingsSpec" time="0.001"/>
  <testcase name="MaxInSet of Long with supplier" classname="griffon.javafx.beans.binding.CollectionBindingsSpec" time="0.0"/>
  <testcase name="MaxInSet of Float with supplier" classname="griffon.javafx.beans.binding.CollectionBindingsSpec" time="0.0"/>
  <testcase name="MaxInSet of Double with supplier" classname="griffon.javafx.beans.binding.CollectionBindingsSpec" time="0.001"/>
  <testcase name="AverageInSet of Integer with default value" classname="griffon.javafx.beans.binding.CollectionBindingsSpec" time="0.002"/>
  <testcase name="AverageInSet of Long with default value" classname="griffon.javafx.beans.binding.CollectionBindingsSpec" time="0.0"/>
  <testcase name="AverageInSet of Float with default value" classname="griffon.javafx.beans.binding.CollectionBindingsSpec" time="0.001"/>
  <testcase name="AverageInSet of Double with default value" classname="griffon.javafx.beans.binding.CollectionBindingsSpec" time="0.0"/>
  <testcase name="AverageInSet of Integer with supplier" classname="griffon.javafx.beans.binding.CollectionBindingsSpec" time="0.001"/>
  <testcase name="AverageInSet of Long with supplier" classname="griffon.javafx.beans.binding.CollectionBindingsSpec" time="0.001"/>
  <testcase name="AverageInSet of Float with supplier" classname="griffon.javafx.beans.binding.CollectionBindingsSpec" time="0.0"/>
  <testcase name="AverageInSet of Double with supplier" classname="griffon.javafx.beans.binding.CollectionBindingsSpec" time="0.001"/>
  <testcase name="SumOfSet of Integer" classname="griffon.javafx.beans.binding.CollectionBindingsSpec" time="0.002"/>
  <testcase name="SumOfSet of Long" classname="griffon.javafx.beans.binding.CollectionBindingsSpec" time="0.0"/>
  <testcase name="SumOfSet of Float" classname="griffon.javafx.beans.binding.CollectionBindingsSpec" time="0.001"/>
  <testcase name="SumOfSet of Double" classname="griffon.javafx.beans.binding.CollectionBindingsSpec" time="0.0"/>
  <testcase name="MinInMap of Integer with default value" classname="griffon.javafx.beans.binding.CollectionBindingsSpec" time="0.003"/>
  <testcase name="MinInMap of Long with default value" classname="griffon.javafx.beans.binding.CollectionBindingsSpec" time="0.001"/>
  <testcase name="MinInMap of Float with default value" classname="griffon.javafx.beans.binding.CollectionBindingsSpec" time="0.0"/>
  <testcase name="MinInMap of Double with default value" classname="griffon.javafx.beans.binding.CollectionBindingsSpec" time="0.001"/>
  <testcase name="MinInMap of Integer with supplier" classname="griffon.javafx.beans.binding.CollectionBindingsSpec" time="0.001"/>
  <testcase name="MinInMap of Long with supplier" classname="griffon.javafx.beans.binding.CollectionBindingsSpec" time="0.0"/>
  <testcase name="MinInMap of Float with supplier" classname="griffon.javafx.beans.binding.CollectionBindingsSpec" time="0.001"/>
  <testcase name="MinInMap of Double with supplier" classname="griffon.javafx.beans.binding.CollectionBindingsSpec" time="0.0"/>
  <testcase name="MaxInMap of Integer with default value" classname="griffon.javafx.beans.binding.CollectionBindingsSpec" time="0.002"/>
  <testcase name="MaxInMap of Long with default value" classname="griffon.javafx.beans.binding.CollectionBindingsSpec" time="0.001"/>
  <testcase name="MaxInMap of Float with default value" classname="griffon.javafx.beans.binding.CollectionBindingsSpec" time="0.0"/>
  <testcase name="MaxInMap of Double with default value" classname="griffon.javafx.beans.binding.CollectionBindingsSpec" time="0.001"/>
  <testcase name="MaxInMap of Integer with supplier" classname="griffon.javafx.beans.binding.CollectionBindingsSpec" time="0.002"/>
  <testcase name="MaxInMap of Long with supplier" classname="griffon.javafx.beans.binding.CollectionBindingsSpec" time="0.0"/>
  <testcase name="MaxInMap of Float with supplier" classname="griffon.javafx.beans.binding.CollectionBindingsSpec" time="0.0"/>
  <testcase name="MaxInMap of Double with supplier" classname="griffon.javafx.beans.binding.CollectionBindingsSpec" time="0.001"/>
  <testcase name="AverageInMap of Integer with default value" classname="griffon.javafx.beans.binding.CollectionBindingsSpec" time="0.002"/>
  <testcase name="AverageInMap of Long with default value" classname="griffon.javafx.beans.binding.CollectionBindingsSpec" time="0.0"/>
  <testcase name="AverageInMap of Float with default value" classname="griffon.javafx.beans.binding.CollectionBindingsSpec" time="0.0"/>
  <testcase name="AverageInMap of Double with default value" classname="griffon.javafx.beans.binding.CollectionBindingsSpec" time="0.0"/>
  <testcase name="AverageInMap of Integer with supplier" classname="griffon.javafx.beans.binding.CollectionBindingsSpec" time="0.001"/>
  <testcase name="AverageInMap of Long with supplier" classname="griffon.javafx.beans.binding.CollectionBindingsSpec" time="0.001"/>
  <testcase name="AverageInMap of Float with supplier" classname="griffon.javafx.beans.binding.CollectionBindingsSpec" time="0.0"/>
  <testcase name="AverageInMap of Double with supplier" classname="griffon.javafx.beans.binding.CollectionBindingsSpec" time="0.001"/>
  <testcase name="SumOfMap of Integer" classname="griffon.javafx.beans.binding.CollectionBindingsSpec" time="0.001"/>
  <testcase name="SumOfMap of Long" classname="griffon.javafx.beans.binding.CollectionBindingsSpec" time="0.0"/>
  <testcase name="SumOfMap of Float" classname="griffon.javafx.beans.binding.CollectionBindingsSpec" time="0.0"/>
  <testcase name="SumOfMap of Double" classname="griffon.javafx.beans.binding.CollectionBindingsSpec" time="0.0"/>
  <system-out><![CDATA[]]></system-out>
  <system-err><![CDATA[]]></system-err>
</testsuite>
