<?xml version="1.0" encoding="UTF-8"?>
<testsuite name="griffon.javafx.support.CollectionBindingsTest" tests="12" skipped="0" failures="0" errors="0" timestamp="2016-11-28T10:04:41" hostname="testing-gce-4b658ec9-df58-4f0e-bf36-b86ff5d94b0e" time="0.066">
  <properties/>
  <testcase name="Join list with string delimiter and mapper" classname="griffon.javafx.support.CollectionBindingsTest" time="0.027"/>
  <testcase name="Join list with string delimiter" classname="griffon.javafx.support.CollectionBindingsTest" time="0.002"/>
  <testcase name="Join list with observable delimiter" classname="griffon.javafx.support.CollectionBindingsTest" time="0.002"/>
  <testcase name="Join map with string delimiter and mapper" classname="griffon.javafx.support.CollectionBindingsTest" time="0.008"/>
  <testcase name="Join map with string delimiter" classname="griffon.javafx.support.CollectionBindingsTest" time="0.002"/>
  <testcase name="Join list with observable delimiter and mapper" classname="griffon.javafx.support.CollectionBindingsTest" time="0.004"/>
  <testcase name="Join set with string delimiter and mapper" classname="griffon.javafx.support.CollectionBindingsTest" time="0.003"/>
  <testcase name="Join set with observable delimiter and mapper" classname="griffon.javafx.support.CollectionBindingsTest" time="0.004"/>
  <testcase name="Join set with observable delimiter" classname="griffon.javafx.support.CollectionBindingsTest" time="0.002"/>
  <testcase name="Join set with string delimiter" classname="griffon.javafx.support.CollectionBindingsTest" time="0.002"/>
  <testcase name="Join map with observable delimiter and mapper" classname="griffon.javafx.support.CollectionBindingsTest" time="0.005"/>
  <testcase name="Join map with observable delimiter" classname="griffon.javafx.support.CollectionBindingsTest" time="0.002"/>
  <system-out><![CDATA[]]></system-out>
  <system-err><![CDATA[]]></system-err>
</testsuite>
