<?xml version="1.0" encoding="UTF-8"?>
<testsuite name="griffon.javafx.support.BindingUtilsSpec" tests="22" skipped="0" failures="0" errors="0" timestamp="2016-11-16T18:51:55" hostname="testing-gce-a8eb0744-142d-4aa3-aea8-752a56f8e7a5" time="0.38">
  <properties/>
  <testcase name="Map String to object literal" classname="griffon.javafx.support.BindingUtilsSpec" time="0.034"/>
  <testcase name="Map Boolean to object literal" classname="griffon.javafx.support.BindingUtilsSpec" time="0.011"/>
  <testcase name="Map Integer to object literal" classname="griffon.javafx.support.BindingUtilsSpec" time="0.028"/>
  <testcase name="Map Long to object literal" classname="griffon.javafx.support.BindingUtilsSpec" time="0.01"/>
  <testcase name="Map Float to object literal" classname="griffon.javafx.support.BindingUtilsSpec" time="0.124"/>
  <testcase name="Map Double to object literal" classname="griffon.javafx.support.BindingUtilsSpec" time="0.011"/>
  <testcase name="Map object observable to String binding" classname="griffon.javafx.support.BindingUtilsSpec" time="0.014"/>
  <testcase name="Map object observable to Boolean binding" classname="griffon.javafx.support.BindingUtilsSpec" time="0.012"/>
  <testcase name="Map object observable to Integer binding" classname="griffon.javafx.support.BindingUtilsSpec" time="0.01"/>
  <testcase name="Map object observable to Long binding" classname="griffon.javafx.support.BindingUtilsSpec" time="0.012"/>
  <testcase name="Map object observable to Float binding" classname="griffon.javafx.support.BindingUtilsSpec" time="0.012"/>
  <testcase name="Map object observable to Double binding" classname="griffon.javafx.support.BindingUtilsSpec" time="0.015"/>
  <testcase name="MapInteger with function" classname="griffon.javafx.support.BindingUtilsSpec" time="0.004"/>
  <testcase name="MapLong with function" classname="griffon.javafx.support.BindingUtilsSpec" time="0.003"/>
  <testcase name="MapFloat with function" classname="griffon.javafx.support.BindingUtilsSpec" time="0.005"/>
  <testcase name="MapDouble with function" classname="griffon.javafx.support.BindingUtilsSpec" time="0.003"/>
  <testcase name="MapString with function" classname="griffon.javafx.support.BindingUtilsSpec" time="0.002"/>
  <testcase name="MapInteger with observable function" classname="griffon.javafx.support.BindingUtilsSpec" time="0.007"/>
  <testcase name="MapLong with observable function" classname="griffon.javafx.support.BindingUtilsSpec" time="0.004"/>
  <testcase name="MapFloat with observable function" classname="griffon.javafx.support.BindingUtilsSpec" time="0.004"/>
  <testcase name="MapDouble with observable function" classname="griffon.javafx.support.BindingUtilsSpec" time="0.002"/>
  <testcase name="MapString with observable function" classname="griffon.javafx.support.BindingUtilsSpec" time="0.002"/>
  <system-out><![CDATA[]]></system-out>
  <system-err><![CDATA[]]></system-err>
</testsuite>
