<?xml version="1.0" encoding="UTF-8"?>
<testsuite name="griffon.javafx.collections.MappingObservableListTest" tests="2" skipped="0" failures="0" errors="0" timestamp="2017-01-09T08:04:38" hostname="testing-gce-21936cb8-f165-4118-9ac0-d77ae1d8d6f1" time="0.01">
  <properties/>
  <testcase name="testOperations" classname="griffon.javafx.collections.MappingObservableListTest" time="0.008"/>
  <testcase name="testOperationsWithObservable" classname="griffon.javafx.collections.MappingObservableListTest" time="0.002"/>
  <system-out><![CDATA[[1, 5]
[2, 10]
]]></system-out>
  <system-err><![CDATA[]]></system-err>
</testsuite>
