<?xml version="1.0" encoding="UTF-8"?>
<testsuite name="griffon.javafx.beans.property.ResetableObjectPropertyTest" tests="4" skipped="0" failures="0" errors="0" timestamp="2017-04-07T21:44:59" hostname="testing-gce-648e5267-8028-453c-896a-9b2edc21c03a" time="0.107">
  <properties/>
  <testcase name="rebasingPropertyAffectsBaseValue" classname="griffon.javafx.beans.property.ResetableObjectPropertyTest" time="0.102"/>
  <testcase name="dirtyChecks" classname="griffon.javafx.beans.property.ResetableObjectPropertyTest" time="0.002"/>
  <testcase name="resetingPropertyAffectsValue" classname="griffon.javafx.beans.property.ResetableObjectPropertyTest" time="0.0"/>
  <testcase name="updatingValueDoesNotAffectBaseValue" classname="griffon.javafx.beans.property.ResetableObjectPropertyTest" time="0.001"/>
  <system-out><![CDATA[]]></system-out>
  <system-err><![CDATA[]]></system-err>
</testsuite>
