<?xml version="1.0" encoding="UTF-8"?>
<testsuite name="griffon.javafx.collections.MappingObservableListTest" tests="2" skipped="0" failures="0" errors="0" timestamp="2017-03-13T20:19:49" hostname="testing-gce-5deeb444-989e-4d84-a4f8-95fc960493bd" time="0.011">
  <properties/>
  <testcase name="testOperations" classname="griffon.javafx.collections.MappingObservableListTest" time="0.008"/>
  <testcase name="testOperationsWithObservable" classname="griffon.javafx.collections.MappingObservableListTest" time="0.003"/>
  <system-out><![CDATA[[1, 5]
[2, 10]
]]></system-out>
  <system-err><![CDATA[]]></system-err>
</testsuite>
