<?xml version="1.0" encoding="UTF-8"?>
<testsuite name="griffon.javafx.support.CollectionBindingsTest" tests="12" skipped="0" failures="0" errors="0" timestamp="2016-11-30T21:35:53" hostname="testing-gce-7b284da2-1dfc-4486-9403-0c3889a84a74" time="0.087">
  <properties/>
  <testcase name="Join list with string delimiter and mapper" classname="griffon.javafx.support.CollectionBindingsTest" time="0.035"/>
  <testcase name="Join list with string delimiter" classname="griffon.javafx.support.CollectionBindingsTest" time="0.003"/>
  <testcase name="Join list with observable delimiter" classname="griffon.javafx.support.CollectionBindingsTest" time="0.003"/>
  <testcase name="Join map with string delimiter and mapper" classname="griffon.javafx.support.CollectionBindingsTest" time="0.009"/>
  <testcase name="Join map with string delimiter" classname="griffon.javafx.support.CollectionBindingsTest" time="0.002"/>
  <testcase name="Join list with observable delimiter and mapper" classname="griffon.javafx.support.CollectionBindingsTest" time="0.005"/>
  <testcase name="Join set with string delimiter and mapper" classname="griffon.javafx.support.CollectionBindingsTest" time="0.003"/>
  <testcase name="Join set with observable delimiter and mapper" classname="griffon.javafx.support.CollectionBindingsTest" time="0.004"/>
  <testcase name="Join set with observable delimiter" classname="griffon.javafx.support.CollectionBindingsTest" time="0.003"/>
  <testcase name="Join set with string delimiter" classname="griffon.javafx.support.CollectionBindingsTest" time="0.005"/>
  <testcase name="Join map with observable delimiter and mapper" classname="griffon.javafx.support.CollectionBindingsTest" time="0.005"/>
  <testcase name="Join map with observable delimiter" classname="griffon.javafx.support.CollectionBindingsTest" time="0.003"/>
  <system-out><![CDATA[]]></system-out>
  <system-err><![CDATA[]]></system-err>
</testsuite>
