<?xml version="1.0" encoding="UTF-8"?>
<testsuite name="griffon.javafx.support.MappingObservableListTest" tests="2" skipped="0" failures="0" errors="0" timestamp="2016-12-02T17:44:24" hostname="testing-gce-f9e98b43-93c9-42c8-afdb-eab9b83f6b2a" time="0.011">
  <properties/>
  <testcase name="testOperations" classname="griffon.javafx.support.MappingObservableListTest" time="0.008"/>
  <testcase name="testOperationsWithObservable" classname="griffon.javafx.support.MappingObservableListTest" time="0.003"/>
  <system-out><![CDATA[[1, 5]
[2, 10]
]]></system-out>
  <system-err><![CDATA[]]></system-err>
</testsuite>
