<?xml version="1.0" encoding="UTF-8"?>
<testsuite name="griffon.javafx.beans.property.ResetableFloatPropertyTest" tests="4" skipped="0" failures="0" errors="0" timestamp="2017-04-28T07:21:29" hostname="testing-gce-d418c672-e417-4758-9132-06e50a90cdc7" time="0.136">
  <properties/>
  <testcase name="rebasingPropertyAffectsBaseValue" classname="griffon.javafx.beans.property.ResetableFloatPropertyTest" time="0.127"/>
  <testcase name="dirtyChecks" classname="griffon.javafx.beans.property.ResetableFloatPropertyTest" time="0.008"/>
  <testcase name="resetingPropertyAffectsValue" classname="griffon.javafx.beans.property.ResetableFloatPropertyTest" time="0.001"/>
  <testcase name="updatingValueDoesNotAffectBaseValue" classname="griffon.javafx.beans.property.ResetableFloatPropertyTest" time="0.0"/>
  <system-out><![CDATA[]]></system-out>
  <system-err><![CDATA[]]></system-err>
</testsuite>
