<?xml version="1.0" encoding="UTF-8"?>
<testsuite name="griffon.javafx.collections.MappingObservableListTest" tests="2" skipped="0" failures="0" errors="0" timestamp="2017-03-29T07:32:06" hostname="testing-gce-66c09752-be5b-4dc1-8b4c-7bf7aedc91bc" time="0.075">
  <properties/>
  <testcase name="testOperations" classname="griffon.javafx.collections.MappingObservableListTest" time="0.058"/>
  <testcase name="testOperationsWithObservable" classname="griffon.javafx.collections.MappingObservableListTest" time="0.016"/>
  <system-out><![CDATA[[1, 5]
[2, 10]
]]></system-out>
  <system-err><![CDATA[]]></system-err>
</testsuite>
