<?xml version="1.0" encoding="UTF-8"?>
<testsuite name="griffon.javafx.support.BindingUtilsSpec" tests="190" skipped="0" failures="0" errors="0" timestamp="2016-11-18T14:46:44" hostname="testing-gce-32b998c0-1c86-42c0-92eb-71cbad2128a4" time="1.52">
  <properties/>
  <testcase name="Map String to object literal" classname="griffon.javafx.support.BindingUtilsSpec" time="0.147"/>
  <testcase name="Map Boolean to object literal" classname="griffon.javafx.support.BindingUtilsSpec" time="0.01"/>
  <testcase name="Map Integer to object literal" classname="griffon.javafx.support.BindingUtilsSpec" time="0.03"/>
  <testcase name="Map Long to object literal" classname="griffon.javafx.support.BindingUtilsSpec" time="0.011"/>
  <testcase name="Map Float to object literal" classname="griffon.javafx.support.BindingUtilsSpec" time="0.014"/>
  <testcase name="Map Double to object literal" classname="griffon.javafx.support.BindingUtilsSpec" time="0.01"/>
  <testcase name="Map object observable to String binding" classname="griffon.javafx.support.BindingUtilsSpec" time="0.014"/>
  <testcase name="Map object observable to Boolean binding" classname="griffon.javafx.support.BindingUtilsSpec" time="0.01"/>
  <testcase name="Map object observable to Integer binding" classname="griffon.javafx.support.BindingUtilsSpec" time="0.01"/>
  <testcase name="Map object observable to Long binding" classname="griffon.javafx.support.BindingUtilsSpec" time="0.011"/>
  <testcase name="Map object observable to Float binding" classname="griffon.javafx.support.BindingUtilsSpec" time="0.011"/>
  <testcase name="Map object observable to Double binding" classname="griffon.javafx.support.BindingUtilsSpec" time="0.015"/>
  <testcase name="MapInteger with function" classname="griffon.javafx.support.BindingUtilsSpec" time="0.005"/>
  <testcase name="MapLong with function" classname="griffon.javafx.support.BindingUtilsSpec" time="0.003"/>
  <testcase name="MapFloat with function" classname="griffon.javafx.support.BindingUtilsSpec" time="0.003"/>
  <testcase name="MapDouble with function" classname="griffon.javafx.support.BindingUtilsSpec" time="0.004"/>
  <testcase name="MapString with function" classname="griffon.javafx.support.BindingUtilsSpec" time="0.003"/>
  <testcase name="MapBoolean with function" classname="griffon.javafx.support.BindingUtilsSpec" time="0.003"/>
  <testcase name="MapObject with function" classname="griffon.javafx.support.BindingUtilsSpec" time="0.009"/>
  <testcase name="MapInteger with observable function" classname="griffon.javafx.support.BindingUtilsSpec" time="0.004"/>
  <testcase name="MapLong with observable function" classname="griffon.javafx.support.BindingUtilsSpec" time="0.006"/>
  <testcase name="MapFloat with observable function" classname="griffon.javafx.support.BindingUtilsSpec" time="0.004"/>
  <testcase name="MapDouble with observable function" classname="griffon.javafx.support.BindingUtilsSpec" time="0.003"/>
  <testcase name="MapString with observable function" classname="griffon.javafx.support.BindingUtilsSpec" time="0.001"/>
  <testcase name="MapBoolean with observable function" classname="griffon.javafx.support.BindingUtilsSpec" time="0.001"/>
  <testcase name="MapObject with observable function" classname="griffon.javafx.support.BindingUtilsSpec" time="0.001"/>
  <testcase name="MapInteger with function (observables) value1=1 value2=2" classname="griffon.javafx.support.BindingUtilsSpec" time="0.003"/>
  <testcase name="MapLong with function (observables) value1=1 value2=2" classname="griffon.javafx.support.BindingUtilsSpec" time="0.003"/>
  <testcase name="MapFloat with function (observables) value1=1.0 value2=2.0" classname="griffon.javafx.support.BindingUtilsSpec" time="0.003"/>
  <testcase name="MapDouble with function (observables) value1=1.0 value2=2.0" classname="griffon.javafx.support.BindingUtilsSpec" time="0.004"/>
  <testcase name="MapBoolean with function (observables) value1=false value2=true" classname="griffon.javafx.support.BindingUtilsSpec" time="0.009"/>
  <testcase name="MapString with function (observables) value1=1 value2=2" classname="griffon.javafx.support.BindingUtilsSpec" time="0.001"/>
  <testcase name="MapObject with function (observables) value1=null value2=null" classname="griffon.javafx.support.BindingUtilsSpec" time="0.003"/>
  <testcase name="MapObject with function (observables) value1=griffon.javafx.support.BindingUtilsSpec$Box(1) value2=null" classname="griffon.javafx.support.BindingUtilsSpec" time="0.001"/>
  <testcase name="MapObject with function (observables) value1=null value2=griffon.javafx.support.BindingUtilsSpec$Box(2)" classname="griffon.javafx.support.BindingUtilsSpec" time="0.002"/>
  <testcase name="MapObject with function (observables) value1=griffon.javafx.support.BindingUtilsSpec$Box(1) value2=griffon.javafx.support.BindingUtilsSpec$Box(2)" classname="griffon.javafx.support.BindingUtilsSpec" time="0.001"/>
  <testcase name="MapInteger with observable function (observables)" classname="griffon.javafx.support.BindingUtilsSpec" time="0.004"/>
  <testcase name="MapLong with observable function (observables)" classname="griffon.javafx.support.BindingUtilsSpec" time="0.004"/>
  <testcase name="MapFloat with observable function (observables)" classname="griffon.javafx.support.BindingUtilsSpec" time="0.003"/>
  <testcase name="MapDouble with observable function (observables)" classname="griffon.javafx.support.BindingUtilsSpec" time="0.005"/>
  <testcase name="MapBoolean with observable function (observables)" classname="griffon.javafx.support.BindingUtilsSpec" time="0.003"/>
  <testcase name="MapString with observable function (observables)" classname="griffon.javafx.support.BindingUtilsSpec" time="0.003"/>
  <testcase name="MapObject with observable function (observables)" classname="griffon.javafx.support.BindingUtilsSpec" time="0.002"/>
  <testcase name="MapObject with observable function (observables)" classname="griffon.javafx.support.BindingUtilsSpec" time="0.0"/>
  <testcase name="MapObject with observable function (observables)" classname="griffon.javafx.support.BindingUtilsSpec" time="0.001"/>
  <testcase name="MapObject with observable function (observables)" classname="griffon.javafx.support.BindingUtilsSpec" time="0.002"/>
  <testcase name="ReduceThenMapToBoolean list with functions and default value" classname="griffon.javafx.support.BindingUtilsSpec" time="0.011"/>
  <testcase name="ReduceThenMapToInteger list with functions and default value" classname="griffon.javafx.support.BindingUtilsSpec" time="0.004"/>
  <testcase name="ReduceThenMapToLong list with functions and default value" classname="griffon.javafx.support.BindingUtilsSpec" time="0.003"/>
  <testcase name="ReduceThenMapToFloat list with functions and default value" classname="griffon.javafx.support.BindingUtilsSpec" time="0.01"/>
  <testcase name="ReduceThenMapToDouble list with functions and default value" classname="griffon.javafx.support.BindingUtilsSpec" time="0.005"/>
  <testcase name="ReduceThenMapToString list with functions and default value" classname="griffon.javafx.support.BindingUtilsSpec" time="0.002"/>
  <testcase name="ReduceThenMapToBoolean list with functions and supplier" classname="griffon.javafx.support.BindingUtilsSpec" time="0.005"/>
  <testcase name="ReduceThenMapToInteger list with functions and supplier" classname="griffon.javafx.support.BindingUtilsSpec" time="0.003"/>
  <testcase name="ReduceThenMapToLong list with functions and supplier" classname="griffon.javafx.support.BindingUtilsSpec" time="0.003"/>
  <testcase name="ReduceThenMapToFloat list with functions and supplier" classname="griffon.javafx.support.BindingUtilsSpec" time="0.002"/>
  <testcase name="ReduceThenMapToDouble list with functions and supplier" classname="griffon.javafx.support.BindingUtilsSpec" time="0.002"/>
  <testcase name="ReduceThenMapToString list with functions and supplier" classname="griffon.javafx.support.BindingUtilsSpec" time="0.003"/>
  <testcase name="ReduceThenMapToBoolean list with observable functions and default value" classname="griffon.javafx.support.BindingUtilsSpec" time="0.013"/>
  <testcase name="ReduceThenMapToInteger list with observable functions and default value" classname="griffon.javafx.support.BindingUtilsSpec" time="0.003"/>
  <testcase name="ReduceThenMapToLong list with observable functions and default value" classname="griffon.javafx.support.BindingUtilsSpec" time="0.006"/>
  <testcase name="ReduceThenMapToFloat list with observable functions and default value" classname="griffon.javafx.support.BindingUtilsSpec" time="0.004"/>
  <testcase name="ReduceThenMapToDouble list with observable functions and default value" classname="griffon.javafx.support.BindingUtilsSpec" time="0.004"/>
  <testcase name="ReduceThenMapToString list with observable functions and default value" classname="griffon.javafx.support.BindingUtilsSpec" time="0.003"/>
  <testcase name="ReduceThenMapToBoolean list with observable functions and supplier" classname="griffon.javafx.support.BindingUtilsSpec" time="0.005"/>
  <testcase name="ReduceThenMapToInteger list with observable functions and supplier" classname="griffon.javafx.support.BindingUtilsSpec" time="0.002"/>
  <testcase name="ReduceThenMapToLong list with observable functions and supplier" classname="griffon.javafx.support.BindingUtilsSpec" time="0.004"/>
  <testcase name="ReduceThenMapToFloat list with observable functions and supplier" classname="griffon.javafx.support.BindingUtilsSpec" time="0.008"/>
  <testcase name="ReduceThenMapToDouble list with observable functions and supplier" classname="griffon.javafx.support.BindingUtilsSpec" time="0.004"/>
  <testcase name="ReduceThenMapToString list with observable functions and supplier" classname="griffon.javafx.support.BindingUtilsSpec" time="0.003"/>
  <testcase name="ReduceThenMapToBoolean set with functions and default value" classname="griffon.javafx.support.BindingUtilsSpec" time="0.002"/>
  <testcase name="ReduceThenMapToInteger set with functions and default value" classname="griffon.javafx.support.BindingUtilsSpec" time="0.002"/>
  <testcase name="ReduceThenMapToLong set with functions and default value" classname="griffon.javafx.support.BindingUtilsSpec" time="0.002"/>
  <testcase name="ReduceThenMapToFloat set with functions and default value" classname="griffon.javafx.support.BindingUtilsSpec" time="0.004"/>
  <testcase name="ReduceThenMapToDouble set with functions and default value" classname="griffon.javafx.support.BindingUtilsSpec" time="0.002"/>
  <testcase name="ReduceThenMapToString set with functions and default value" classname="griffon.javafx.support.BindingUtilsSpec" time="0.002"/>
  <testcase name="ReduceThenMapToBoolean set with functions and supplier" classname="griffon.javafx.support.BindingUtilsSpec" time="0.002"/>
  <testcase name="ReduceThenMapToInteger set with functions and supplier" classname="griffon.javafx.support.BindingUtilsSpec" time="0.001"/>
  <testcase name="ReduceThenMapToLong set with functions and supplier" classname="griffon.javafx.support.BindingUtilsSpec" time="0.002"/>
  <testcase name="ReduceThenMapToFloat set with functions and supplier" classname="griffon.javafx.support.BindingUtilsSpec" time="0.002"/>
  <testcase name="ReduceThenMapToDouble set with functions and supplier" classname="griffon.javafx.support.BindingUtilsSpec" time="0.001"/>
  <testcase name="ReduceThenMapToString set with functions and supplier" classname="griffon.javafx.support.BindingUtilsSpec" time="0.002"/>
  <testcase name="ReduceThenMapToBoolean set with observable functions and default value" classname="griffon.javafx.support.BindingUtilsSpec" time="0.003"/>
  <testcase name="ReduceThenMapToInteger set with observable functions and default value" classname="griffon.javafx.support.BindingUtilsSpec" time="0.002"/>
  <testcase name="ReduceThenMapToLong set with observable functions and default value" classname="griffon.javafx.support.BindingUtilsSpec" time="0.002"/>
  <testcase name="ReduceThenMapToFloat set with observable functions and default value" classname="griffon.javafx.support.BindingUtilsSpec" time="0.001"/>
  <testcase name="ReduceThenMapToDouble set with observable functions and default value" classname="griffon.javafx.support.BindingUtilsSpec" time="0.005"/>
  <testcase name="ReduceThenMapToString set with observable functions and default value" classname="griffon.javafx.support.BindingUtilsSpec" time="0.003"/>
  <testcase name="ReduceThenMapToBoolean set with observable functions and supplier" classname="griffon.javafx.support.BindingUtilsSpec" time="0.002"/>
  <testcase name="ReduceThenMapToInteger set with observable functions and supplier" classname="griffon.javafx.support.BindingUtilsSpec" time="0.002"/>
  <testcase name="ReduceThenMapToLong set with observable functions and supplier" classname="griffon.javafx.support.BindingUtilsSpec" time="0.002"/>
  <testcase name="ReduceThenMapToFloat set with observable functions and supplier" classname="griffon.javafx.support.BindingUtilsSpec" time="0.002"/>
  <testcase name="ReduceThenMapToDouble set with observable functions and supplier" classname="griffon.javafx.support.BindingUtilsSpec" time="0.001"/>
  <testcase name="ReduceThenMapToString set with observable functions and supplier" classname="griffon.javafx.support.BindingUtilsSpec" time="0.001"/>
  <testcase name="ReduceThenMapToBoolean map with functions and default value" classname="griffon.javafx.support.BindingUtilsSpec" time="0.002"/>
  <testcase name="ReduceThenMapToInteger map with functions and default value" classname="griffon.javafx.support.BindingUtilsSpec" time="0.001"/>
  <testcase name="ReduceThenMapToLong map with functions and default value" classname="griffon.javafx.support.BindingUtilsSpec" time="0.001"/>
  <testcase name="ReduceThenMapToFloat map with functions and default value" classname="griffon.javafx.support.BindingUtilsSpec" time="0.002"/>
  <testcase name="ReduceThenMapToDouble map with functions and default value" classname="griffon.javafx.support.BindingUtilsSpec" time="0.001"/>
  <testcase name="ReduceThenMapToString map with functions and default value" classname="griffon.javafx.support.BindingUtilsSpec" time="0.001"/>
  <testcase name="ReduceThenMapToBoolean map with functions and supplier" classname="griffon.javafx.support.BindingUtilsSpec" time="0.002"/>
  <testcase name="ReduceThenMapToInteger map with functions and supplier" classname="griffon.javafx.support.BindingUtilsSpec" time="0.001"/>
  <testcase name="ReduceThenMapToLong map with functions and supplier" classname="griffon.javafx.support.BindingUtilsSpec" time="0.001"/>
  <testcase name="ReduceThenMapToFloat map with functions and supplier" classname="griffon.javafx.support.BindingUtilsSpec" time="0.001"/>
  <testcase name="ReduceThenMapToDouble map with functions and supplier" classname="griffon.javafx.support.BindingUtilsSpec" time="0.001"/>
  <testcase name="ReduceThenMapToString map with functions and supplier" classname="griffon.javafx.support.BindingUtilsSpec" time="0.003"/>
  <testcase name="ReduceThenMapToBoolean map with observable functions and default value" classname="griffon.javafx.support.BindingUtilsSpec" time="0.002"/>
  <testcase name="ReduceThenMapToInteger map with observable functions and default value" classname="griffon.javafx.support.BindingUtilsSpec" time="0.002"/>
  <testcase name="ReduceThenMapToLong map with observable functions and default value" classname="griffon.javafx.support.BindingUtilsSpec" time="0.002"/>
  <testcase name="ReduceThenMapToFloat map with observable functions and default value" classname="griffon.javafx.support.BindingUtilsSpec" time="0.002"/>
  <testcase name="ReduceThenMapToDouble map with observable functions and default value" classname="griffon.javafx.support.BindingUtilsSpec" time="0.002"/>
  <testcase name="ReduceThenMapToString map with observable functions and default value" classname="griffon.javafx.support.BindingUtilsSpec" time="0.002"/>
  <testcase name="ReduceThenMapToBoolean map with observable functions and supplier" classname="griffon.javafx.support.BindingUtilsSpec" time="0.002"/>
  <testcase name="ReduceThenMapToInteger map with observable functions and supplier" classname="griffon.javafx.support.BindingUtilsSpec" time="0.001"/>
  <testcase name="ReduceThenMapToLong map with observable functions and supplier" classname="griffon.javafx.support.BindingUtilsSpec" time="0.001"/>
  <testcase name="ReduceThenMapToFloat map with observable functions and supplier" classname="griffon.javafx.support.BindingUtilsSpec" time="0.002"/>
  <testcase name="ReduceThenMapToDouble map with observable functions and supplier" classname="griffon.javafx.support.BindingUtilsSpec" time="0.002"/>
  <testcase name="ReduceThenMapToString map with observable functions and supplier" classname="griffon.javafx.support.BindingUtilsSpec" time="0.002"/>
  <testcase name="MapToBoolean then reduce list with functions and default value" classname="griffon.javafx.support.BindingUtilsSpec" time="0.002"/>
  <testcase name="MapToInteger then reduce list with functions and default value" classname="griffon.javafx.support.BindingUtilsSpec" time="0.001"/>
  <testcase name="MapToLong then reduce list with functions and default value" classname="griffon.javafx.support.BindingUtilsSpec" time="0.001"/>
  <testcase name="MapToFloat then reduce list with functions and default value" classname="griffon.javafx.support.BindingUtilsSpec" time="0.001"/>
  <testcase name="MapToDouble then reduce list with functions and default value" classname="griffon.javafx.support.BindingUtilsSpec" time="0.001"/>
  <testcase name="MapToString then reduce list with functions and default value" classname="griffon.javafx.support.BindingUtilsSpec" time="0.001"/>
  <testcase name="MapToBoolean then reduce list with functions and supplier" classname="griffon.javafx.support.BindingUtilsSpec" time="0.002"/>
  <testcase name="MapToInteger then reduce list with functions and supplier" classname="griffon.javafx.support.BindingUtilsSpec" time="0.001"/>
  <testcase name="MapToLong then reduce list with functions and supplier" classname="griffon.javafx.support.BindingUtilsSpec" time="0.001"/>
  <testcase name="MapToFloat then reduce list with functions and supplier" classname="griffon.javafx.support.BindingUtilsSpec" time="0.001"/>
  <testcase name="MapToDouble then reduce list with functions and supplier" classname="griffon.javafx.support.BindingUtilsSpec" time="0.001"/>
  <testcase name="MapToString then reduce list with functions and supplier" classname="griffon.javafx.support.BindingUtilsSpec" time="0.001"/>
  <testcase name="MapToBoolean then reduce list with observable functions and default value" classname="griffon.javafx.support.BindingUtilsSpec" time="0.002"/>
  <testcase name="MapToInteger then reduce list with observable functions and default value" classname="griffon.javafx.support.BindingUtilsSpec" time="0.001"/>
  <testcase name="MapToLong then reduce list with observable functions and default value" classname="griffon.javafx.support.BindingUtilsSpec" time="0.002"/>
  <testcase name="MapToFloat then reduce list with observable functions and default value" classname="griffon.javafx.support.BindingUtilsSpec" time="0.003"/>
  <testcase name="MapToDouble then reduce list with observable functions and default value" classname="griffon.javafx.support.BindingUtilsSpec" time="0.001"/>
  <testcase name="MapToString then reduce list with observable functions and default value" classname="griffon.javafx.support.BindingUtilsSpec" time="0.001"/>
  <testcase name="MapToBoolean then reduce list with observable functions and supplier" classname="griffon.javafx.support.BindingUtilsSpec" time="0.003"/>
  <testcase name="MapToInteger then reduce list with observable functions and supplier" classname="griffon.javafx.support.BindingUtilsSpec" time="0.002"/>
  <testcase name="MapToLong then reduce list with observable functions and supplier" classname="griffon.javafx.support.BindingUtilsSpec" time="0.002"/>
  <testcase name="MapToFloat then reduce list with observable functions and supplier" classname="griffon.javafx.support.BindingUtilsSpec" time="0.002"/>
  <testcase name="MapToDouble then reduce list with observable functions and supplier" classname="griffon.javafx.support.BindingUtilsSpec" time="0.001"/>
  <testcase name="MapToString then reduce list with observable functions and supplier" classname="griffon.javafx.support.BindingUtilsSpec" time="0.001"/>
  <testcase name="MapToBoolean then reduce set with functions and default value" classname="griffon.javafx.support.BindingUtilsSpec" time="0.002"/>
  <testcase name="MapToInteger then reduce set with functions and default value" classname="griffon.javafx.support.BindingUtilsSpec" time="0.001"/>
  <testcase name="MapToLong then reduce set with functions and default value" classname="griffon.javafx.support.BindingUtilsSpec" time="0.001"/>
  <testcase name="MapToFloat then reduce set with functions and default value" classname="griffon.javafx.support.BindingUtilsSpec" time="0.001"/>
  <testcase name="MapToDouble then reduce set with functions and default value" classname="griffon.javafx.support.BindingUtilsSpec" time="0.001"/>
  <testcase name="MapToString then reduce set with functions and default value" classname="griffon.javafx.support.BindingUtilsSpec" time="0.001"/>
  <testcase name="MapToBoolean then reduce set with functions and supplier" classname="griffon.javafx.support.BindingUtilsSpec" time="0.002"/>
  <testcase name="MapToInteger then reduce set with functions and supplier" classname="griffon.javafx.support.BindingUtilsSpec" time="0.001"/>
  <testcase name="MapToLong then reduce set with functions and supplier" classname="griffon.javafx.support.BindingUtilsSpec" time="0.001"/>
  <testcase name="MapToFloat then reduce set with functions and supplier" classname="griffon.javafx.support.BindingUtilsSpec" time="0.001"/>
  <testcase name="MapToDouble then reduce set with functions and supplier" classname="griffon.javafx.support.BindingUtilsSpec" time="0.001"/>
  <testcase name="MapToString then reduce set with functions and supplier" classname="griffon.javafx.support.BindingUtilsSpec" time="0.001"/>
  <testcase name="MapToBoolean then reduce set with observable functions and default value" classname="griffon.javafx.support.BindingUtilsSpec" time="0.002"/>
  <testcase name="MapToInteger then reduce set with observable functions and default value" classname="griffon.javafx.support.BindingUtilsSpec" time="0.001"/>
  <testcase name="MapToLong then reduce set with observable functions and default value" classname="griffon.javafx.support.BindingUtilsSpec" time="0.001"/>
  <testcase name="MapToFloat then reduce set with observable functions and default value" classname="griffon.javafx.support.BindingUtilsSpec" time="0.002"/>
  <testcase name="MapToDouble then reduce set with observable functions and default value" classname="griffon.javafx.support.BindingUtilsSpec" time="0.002"/>
  <testcase name="MapToString then reduce set with observable functions and default value" classname="griffon.javafx.support.BindingUtilsSpec" time="0.001"/>
  <testcase name="MapToBoolean then reduce set with observable functions and supplier" classname="griffon.javafx.support.BindingUtilsSpec" time="0.002"/>
  <testcase name="MapToInteger then reduce set with observable functions and supplier" classname="griffon.javafx.support.BindingUtilsSpec" time="0.001"/>
  <testcase name="MapToLong then reduce set with observable functions and supplier" classname="griffon.javafx.support.BindingUtilsSpec" time="0.001"/>
  <testcase name="MapToFloat then reduce set with observable functions and supplier" classname="griffon.javafx.support.BindingUtilsSpec" time="0.001"/>
  <testcase name="MapToDouble then reduce set with observable functions and supplier" classname="griffon.javafx.support.BindingUtilsSpec" time="0.001"/>
  <testcase name="MapToString then reduce set with observable functions and supplier" classname="griffon.javafx.support.BindingUtilsSpec" time="0.002"/>
  <testcase name="MapToBoolean then reduce map with functions and default value" classname="griffon.javafx.support.BindingUtilsSpec" time="0.002"/>
  <testcase name="MapToInteger then reduce map with functions and default value" classname="griffon.javafx.support.BindingUtilsSpec" time="0.001"/>
  <testcase name="MapToLong then reduce map with functions and default value" classname="griffon.javafx.support.BindingUtilsSpec" time="0.001"/>
  <testcase name="MapToFloat then reduce map with functions and default value" classname="griffon.javafx.support.BindingUtilsSpec" time="0.001"/>
  <testcase name="MapToDouble then reduce map with functions and default value" classname="griffon.javafx.support.BindingUtilsSpec" time="0.001"/>
  <testcase name="MapToString then reduce map with functions and default value" classname="griffon.javafx.support.BindingUtilsSpec" time="0.001"/>
  <testcase name="MapToBoolean then reduce map with functions and supplier" classname="griffon.javafx.support.BindingUtilsSpec" time="0.002"/>
  <testcase name="MapToInteger then reduce map with functions and supplier" classname="griffon.javafx.support.BindingUtilsSpec" time="0.001"/>
  <testcase name="MapToLong then reduce map with functions and supplier" classname="griffon.javafx.support.BindingUtilsSpec" time="0.001"/>
  <testcase name="MapToFloat then reduce map with functions and supplier" classname="griffon.javafx.support.BindingUtilsSpec" time="0.001"/>
  <testcase name="MapToDouble then reduce map with functions and supplier" classname="griffon.javafx.support.BindingUtilsSpec" time="0.001"/>
  <testcase name="MapToString then reduce map with functions and supplier" classname="griffon.javafx.support.BindingUtilsSpec" time="0.001"/>
  <testcase name="MapToBoolean then reduce map with observable functions and default value" classname="griffon.javafx.support.BindingUtilsSpec" time="0.002"/>
  <testcase name="MapToInteger then reduce map with observable functions and default value" classname="griffon.javafx.support.BindingUtilsSpec" time="0.002"/>
  <testcase name="MapToLong then reduce map with observable functions and default value" classname="griffon.javafx.support.BindingUtilsSpec" time="0.001"/>
  <testcase name="MapToFloat then reduce map with observable functions and default value" classname="griffon.javafx.support.BindingUtilsSpec" time="0.001"/>
  <testcase name="MapToDouble then reduce map with observable functions and default value" classname="griffon.javafx.support.BindingUtilsSpec" time="0.002"/>
  <testcase name="MapToString then reduce map with observable functions and default value" classname="griffon.javafx.support.BindingUtilsSpec" time="0.001"/>
  <testcase name="MapToBoolean then reduce map with observable functions and supplier" classname="griffon.javafx.support.BindingUtilsSpec" time="0.002"/>
  <testcase name="MapToInteger then reduce map with observable functions and supplier" classname="griffon.javafx.support.BindingUtilsSpec" time="0.001"/>
  <testcase name="MapToLong then reduce map with observable functions and supplier" classname="griffon.javafx.support.BindingUtilsSpec" time="0.001"/>
  <testcase name="MapToFloat then reduce map with observable functions and supplier" classname="griffon.javafx.support.BindingUtilsSpec" time="0.002"/>
  <testcase name="MapToDouble then reduce map with observable functions and supplier" classname="griffon.javafx.support.BindingUtilsSpec" time="0.002"/>
  <testcase name="MapToString then reduce map with observable functions and supplier" classname="griffon.javafx.support.BindingUtilsSpec" time="0.001"/>
  <system-out><![CDATA[]]></system-out>
  <system-err><![CDATA[]]></system-err>
</testsuite>
