<?xml version="1.0" encoding="UTF-8"?>
<testsuite name="griffon.javafx.collections.GriffonFXCollectionsSpec" tests="6" skipped="0" failures="0" errors="0" timestamp="2017-05-04T14:14:52" hostname="testing-docker-ecc2246c-0b8e-4707-add3-97d74ea6771b" time="0.719">
  <properties/>
  <testcase name="Trigger list events inside UI thread (source) " classname="griffon.javafx.collections.GriffonFXCollectionsSpec" time="0.162"/>
  <testcase name="Trigger list events inside UI thread (target) " classname="griffon.javafx.collections.GriffonFXCollectionsSpec" time="0.107"/>
  <testcase name="Trigger set events inside UI thread (source) " classname="griffon.javafx.collections.GriffonFXCollectionsSpec" time="0.12"/>
  <testcase name="Trigger set events inside UI thread (target) " classname="griffon.javafx.collections.GriffonFXCollectionsSpec" time="0.106"/>
  <testcase name="Trigger map events inside UI thread (source) " classname="griffon.javafx.collections.GriffonFXCollectionsSpec" time="0.118"/>
  <testcase name="Trigger map events inside UI thread (target) " classname="griffon.javafx.collections.GriffonFXCollectionsSpec" time="0.105"/>
  <system-out><![CDATA[]]></system-out>
  <system-err><![CDATA[]]></system-err>
</testsuite>
