<?xml version="1.0" encoding="UTF-8"?>
<testsuite name="griffon.javafx.collections.GriffonFXCollectionsSpec" tests="6" skipped="0" failures="0" errors="0" timestamp="2017-02-21T18:13:17" hostname="testing-gce-635704e8-b0eb-4898-b5e6-8d1f90074792" time="0.768">
  <properties/>
  <testcase name="Trigger list events inside UI thread (source) " classname="griffon.javafx.collections.GriffonFXCollectionsSpec" time="0.163"/>
  <testcase name="Trigger list events inside UI thread (target) " classname="griffon.javafx.collections.GriffonFXCollectionsSpec" time="0.115"/>
  <testcase name="Trigger set events inside UI thread (source) " classname="griffon.javafx.collections.GriffonFXCollectionsSpec" time="0.126"/>
  <testcase name="Trigger set events inside UI thread (target) " classname="griffon.javafx.collections.GriffonFXCollectionsSpec" time="0.111"/>
  <testcase name="Trigger map events inside UI thread (source) " classname="griffon.javafx.collections.GriffonFXCollectionsSpec" time="0.12"/>
  <testcase name="Trigger map events inside UI thread (target) " classname="griffon.javafx.collections.GriffonFXCollectionsSpec" time="0.133"/>
  <system-out><![CDATA[]]></system-out>
  <system-err><![CDATA[]]></system-err>
</testsuite>
