<?xml version="1.0" encoding="UTF-8"?>
<testsuite name="griffon.javafx.support.BindingUtilsTest" tests="12" skipped="0" failures="0" errors="0" timestamp="2016-11-15T19:50:09" hostname="testing-gce-0a7091f9-5a3d-42d2-bba2-f82cd72fbd72" time="0.818">
  <properties/>
  <testcase name="Join list with string delimiter and mapper" classname="griffon.javafx.support.BindingUtilsTest" time="0.631"/>
  <testcase name="Join list with string delimiter" classname="griffon.javafx.support.BindingUtilsTest" time="0.006"/>
  <testcase name="Join list with observable delimiter" classname="griffon.javafx.support.BindingUtilsTest" time="0.033"/>
  <testcase name="Join map with string delimiter and mapper" classname="griffon.javafx.support.BindingUtilsTest" time="0.038"/>
  <testcase name="Join map with string delimiter" classname="griffon.javafx.support.BindingUtilsTest" time="0.003"/>
  <testcase name="Join list with observable delimiter and mapper" classname="griffon.javafx.support.BindingUtilsTest" time="0.042"/>
  <testcase name="Join set with string delimiter and mapper" classname="griffon.javafx.support.BindingUtilsTest" time="0.021"/>
  <testcase name="Join set with observable delimiter and mapper" classname="griffon.javafx.support.BindingUtilsTest" time="0.012"/>
  <testcase name="Join set with observable delimiter" classname="griffon.javafx.support.BindingUtilsTest" time="0.007"/>
  <testcase name="Join set with string delimiter" classname="griffon.javafx.support.BindingUtilsTest" time="0.002"/>
  <testcase name="Join map with observable delimiter and mapper" classname="griffon.javafx.support.BindingUtilsTest" time="0.01"/>
  <testcase name="Join map with observable delimiter" classname="griffon.javafx.support.BindingUtilsTest" time="0.006"/>
  <system-out><![CDATA[]]></system-out>
  <system-err><![CDATA[]]></system-err>
</testsuite>
