<?xml version="1.0" encoding="UTF-8"?>
<testsuite name="griffon.javafx.editors.PaintPropertyEditorSpec" tests="43" skipped="0" failures="0" errors="0" timestamp="2017-01-16T09:20:00" hostname="testing-gce-4c618c2c-437c-402b-9bda-43779c2508ed" time="0.043">
  <properties/>
  <testcase name="Paint format 'null' is supported" classname="griffon.javafx.editors.PaintPropertyEditorSpec" time="0.009"/>
  <testcase name="Paint format '' is supported" classname="griffon.javafx.editors.PaintPropertyEditorSpec" time="0.001"/>
  <testcase name="Paint format ' ' is supported" classname="griffon.javafx.editors.PaintPropertyEditorSpec" time="0.001"/>
  <testcase name="Paint format '[]' is supported" classname="griffon.javafx.editors.PaintPropertyEditorSpec" time="0.0"/>
  <testcase name="Paint format '[:]' is supported" classname="griffon.javafx.editors.PaintPropertyEditorSpec" time="0.001"/>
  <testcase name="Paint format 'red' is supported" classname="griffon.javafx.editors.PaintPropertyEditorSpec" time="0.0"/>
  <testcase name="Paint format 'RED' is supported" classname="griffon.javafx.editors.PaintPropertyEditorSpec" time="0.0"/>
  <testcase name="Paint format '#F00' is supported" classname="griffon.javafx.editors.PaintPropertyEditorSpec" time="0.0"/>
  <testcase name="Paint format '#F00F' is supported" classname="griffon.javafx.editors.PaintPropertyEditorSpec" time="0.0"/>
  <testcase name="Paint format '#FF0000' is supported" classname="griffon.javafx.editors.PaintPropertyEditorSpec" time="0.001"/>
  <testcase name="Paint format '#FF0000FF' is supported" classname="griffon.javafx.editors.PaintPropertyEditorSpec" time="0.0"/>
  <testcase name="Paint format '[FF, 00, 00]' is supported" classname="griffon.javafx.editors.PaintPropertyEditorSpec" time="0.001"/>
  <testcase name="Paint format '[FF, 00, 00, FF]' is supported" classname="griffon.javafx.editors.PaintPropertyEditorSpec" time="0.0"/>
  <testcase name="Paint format '[1, 0, 0]' is supported" classname="griffon.javafx.editors.PaintPropertyEditorSpec" time="0.0"/>
  <testcase name="Paint format '[1, 0, 0, 1]' is supported" classname="griffon.javafx.editors.PaintPropertyEditorSpec" time="0.001"/>
  <testcase name="Paint format '[FF, 0, 0, FF]' is supported" classname="griffon.javafx.editors.PaintPropertyEditorSpec" time="0.002"/>
  <testcase name="Paint format '[red:1]' is supported" classname="griffon.javafx.editors.PaintPropertyEditorSpec" time="0.001"/>
  <testcase name="Paint format '[red:FF]' is supported" classname="griffon.javafx.editors.PaintPropertyEditorSpec" time="0.0"/>
  <testcase name="Paint format '[red:FF, green:0, blue:0]' is supported" classname="griffon.javafx.editors.PaintPropertyEditorSpec" time="0.001"/>
  <testcase name="Paint format '[r:1]' is supported" classname="griffon.javafx.editors.PaintPropertyEditorSpec" time="0.0"/>
  <testcase name="Paint format '[r:FF]' is supported" classname="griffon.javafx.editors.PaintPropertyEditorSpec" time="0.0"/>
  <testcase name="Paint format '[r:FF, g:00, b:00]' is supported" classname="griffon.javafx.editors.PaintPropertyEditorSpec" time="0.001"/>
  <testcase name="Paint format '[0.25, 0.5, 0.75, 1]' is supported" classname="griffon.javafx.editors.PaintPropertyEditorSpec" time="0.0"/>
  <testcase name="Paint format '[r:0.25, g:0.5, b:0.75, a:1]' is supported" classname="griffon.javafx.editors.PaintPropertyEditorSpec" time="0.0"/>
  <testcase name="Paint format '#4080BF' is supported" classname="griffon.javafx.editors.PaintPropertyEditorSpec" time="0.0"/>
  <testcase name="Paint format '#4080BFFF' is supported" classname="griffon.javafx.editors.PaintPropertyEditorSpec" time="0.0"/>
  <testcase name="Paint format '[40, 80, BF, FF]' is supported" classname="griffon.javafx.editors.PaintPropertyEditorSpec" time="0.001"/>
  <testcase name="Paint format '[r:40, g:80, b:BF, a:FF]' is supported" classname="griffon.javafx.editors.PaintPropertyEditorSpec" time="0.0"/>
  <testcase name="Paint format '0x4080bfff' is supported" classname="griffon.javafx.editors.PaintPropertyEditorSpec" time="0.001"/>
  <testcase name="Paint format '[1, 2, 3, 4, 5, false, [0x000000ff 0.0%, 0xffffffff 100.0%]]' is supported" classname="griffon.javafx.editors.PaintPropertyEditorSpec" time="0.001"/>
  <testcase name="Paint format '[1, 2, 3, 4, 5, false, [0x000000ff 0.0%, 0xffffffff 100.0%], REPEAT]' is supported" classname="griffon.javafx.editors.PaintPropertyEditorSpec" time="0.0"/>
  <testcase name="Paint format '[1, 2, 3, 4, 5, false, [0x000000ff 0.0%, 0xffffffff 100.0%], REPEAT]' is supported" classname="griffon.javafx.editors.PaintPropertyEditorSpec" time="0.0"/>
  <testcase name="Paint format '[fa:1, fd:2, cx:3, cy:4, r:5, stops:[0x000000ff 0.0%, 0xffffffff 100.0%]]' is supported" classname="griffon.javafx.editors.PaintPropertyEditorSpec" time="0.0"/>
  <testcase name="Paint format '[fa:1, fd:2, cx:3, cy:4, r:5, stops:[0x000000ff 0.0%, 0xffffffff 100.0%], cycle:REPEAT]' is supported" classname="griffon.javafx.editors.PaintPropertyEditorSpec" time="0.0"/>
  <testcase name="Paint format '[fa:1, fd:2, cx:3, cy:4, r:5, stops:[0x000000ff 0.0%, 0xffffffff 100.0%], cycle:REPEAT]' is supported" classname="griffon.javafx.editors.PaintPropertyEditorSpec" time="0.0"/>
  <testcase name="Paint format 'radial-gradient(focus-angle 1.0deg, focus-distance 200.0% , center 3.0px 4.0px, radius 5.0px, 0x000000ff 0.0%, 0xffffffff 100.0%)' is supported" classname="griffon.javafx.editors.PaintPropertyEditorSpec" time="0.001"/>
  <testcase name="Paint format '[1, 2, 3, 4, 5, false, [0x000000ff 0.0%, 0xffffffff 100.0%]]' is supported" classname="griffon.javafx.editors.PaintPropertyEditorSpec" time="0.002"/>
  <testcase name="Paint format '[1, 2, 3, 4, 5, false, [0x000000ff 0.0%, 0xffffffff 100.0%], REPEAT]' is supported" classname="griffon.javafx.editors.PaintPropertyEditorSpec" time="0.001"/>
  <testcase name="Paint format '[1, 2, 3, 4, 5, false, [0x000000ff 0.0%, 0xffffffff 100.0%], REPEAT]' is supported" classname="griffon.javafx.editors.PaintPropertyEditorSpec" time="0.001"/>
  <testcase name="Paint format '[fa:1, fd:2, cx:3, cy:4, r:5, stops:[0x000000ff 0.0%, 0xffffffff 100.0%]]' is supported" classname="griffon.javafx.editors.PaintPropertyEditorSpec" time="0.001"/>
  <testcase name="Paint format '[fa:1, fd:2, cx:3, cy:4, r:5, stops:[0x000000ff 0.0%, 0xffffffff 100.0%], cycle:REPEAT]' is supported" classname="griffon.javafx.editors.PaintPropertyEditorSpec" time="0.001"/>
  <testcase name="Paint format '[fa:1, fd:2, cx:3, cy:4, r:5, stops:[0x000000ff 0.0%, 0xffffffff 100.0%], cycle:REPEAT]' is supported" classname="griffon.javafx.editors.PaintPropertyEditorSpec" time="0.001"/>
  <testcase name="Paint format 'radial-gradient(focus-angle 1.0deg, focus-distance 200.0% , center 3.0px 4.0px, radius 5.0px, 0x000000ff 0.0%, 0xffffffff 100.0%)' is supported" classname="griffon.javafx.editors.PaintPropertyEditorSpec" time="0.0"/>
  <system-out><![CDATA[]]></system-out>
  <system-err><![CDATA[]]></system-err>
</testsuite>
