<?xml version="1.0" encoding="UTF-8"?>
<testsuite name="griffon.javafx.beans.property.ResetableStringPropertyTest" tests="4" skipped="0" failures="0" errors="0" timestamp="2017-01-16T09:19:55" hostname="testing-gce-4c618c2c-437c-402b-9bda-43779c2508ed" time="0.012">
  <properties/>
  <testcase name="rebasingPropertyAffectsBaseValue" classname="griffon.javafx.beans.property.ResetableStringPropertyTest" time="0.008"/>
  <testcase name="dirtyChecks" classname="griffon.javafx.beans.property.ResetableStringPropertyTest" time="0.002"/>
  <testcase name="resetingPropertyAffectsValue" classname="griffon.javafx.beans.property.ResetableStringPropertyTest" time="0.0"/>
  <testcase name="updatingValueDoesNotAffectBaseValue" classname="griffon.javafx.beans.property.ResetableStringPropertyTest" time="0.0"/>
  <system-out><![CDATA[]]></system-out>
  <system-err><![CDATA[]]></system-err>
</testsuite>
