<?xml version="1.0" encoding="UTF-8"?>
<testsuite name="griffon.javafx.beans.property.ResetableBooleanPropertyTest" tests="4" skipped="0" failures="0" errors="0" timestamp="2017-04-28T15:59:40" hostname="testing-docker-ea4d5413-61ad-4e77-9778-eb4ed0744b0f" time="0.131">
  <properties/>
  <testcase name="rebasingPropertyAffectsBaseValue" classname="griffon.javafx.beans.property.ResetableBooleanPropertyTest" time="0.111"/>
  <testcase name="dirtyChecks" classname="griffon.javafx.beans.property.ResetableBooleanPropertyTest" time="0.005"/>
  <testcase name="resetingPropertyAffectsValue" classname="griffon.javafx.beans.property.ResetableBooleanPropertyTest" time="0.0"/>
  <testcase name="updatingValueDoesNotAffectBaseValue" classname="griffon.javafx.beans.property.ResetableBooleanPropertyTest" time="0.0"/>
  <system-out><![CDATA[]]></system-out>
  <system-err><![CDATA[]]></system-err>
</testsuite>
