<?xml version="1.0" encoding="UTF-8"?>
<testsuite name="org.codehaus.griffon.gradle.tasks.GenerateBomTaskTest" tests="1" skipped="0" failures="0" errors="0" timestamp="2017-02-03T23:11:54" hostname="testing-gce-c989e91a-8098-4289-92ac-816f6fdc71ac" time="5.89">
  <properties/>
  <testcase name="GenerateBomTask creates a BOM" classname="org.codehaus.griffon.gradle.tasks.GenerateBomTaskTest" time="5.89"/>
  <system-out><![CDATA[]]></system-out>
  <system-err><![CDATA[SLF4J: Class path contains multiple SLF4J bindings.
SLF4J: Found binding in [jar:file:/home/travis/.gradle/caches/3.3/generated-gradle-jars/gradle-api-3.3.jar!/org/slf4j/impl/StaticLoggerBinder.class]
SLF4J: Found binding in [jar:file:/home/travis/.gradle/caches/modules-2/files-2.1/org.slf4j/slf4j-simple/1.7.22/595058a6ec00a6e58f2f48113e8708f036a19cf7/slf4j-simple-1.7.22.jar!/org/slf4j/impl/StaticLoggerBinder.class]
SLF4J: Found binding in [jar:file:/home/travis/.gradle/caches/modules-2/files-2.1/ch.qos.logback/logback-classic/1.0.13/6b56ec752b42ccfa1415c0361fb54b1ed7ca3db6/logback-classic-1.0.13.jar!/org/slf4j/impl/StaticLoggerBinder.class]
SLF4J: See http://www.slf4j.org/codes.html#multiple_bindings for an explanation.
SLF4J: Actual binding is of type [org.gradle.internal.logging.slf4j.OutputEventListenerBackedLoggerContext]
]]></system-err>
</testsuite>
