<?xml version="1.0" encoding="UTF-8"?>
<testsuite name="org.codehaus.griffon.gradle.tasks.GenerateBomTaskTest" tests="1" skipped="0" failures="0" errors="0" timestamp="2017-04-28T12:48:55" hostname="testing-docker-929acd7b-76bf-4253-9fc4-85722f6f076e" time="5.319">
  <properties/>
  <testcase name="GenerateBomTask creates a BOM" classname="org.codehaus.griffon.gradle.tasks.GenerateBomTaskTest" time="5.319"/>
  <system-out><![CDATA[]]></system-out>
  <system-err><![CDATA[SLF4J: Class path contains multiple SLF4J bindings.
SLF4J: Found binding in [jar:file:/home/travis/.gradle/caches/3.5/generated-gradle-jars/gradle-api-3.5.jar!/org/slf4j/impl/StaticLoggerBinder.class]
SLF4J: Found binding in [jar:file:/home/travis/.gradle/caches/modules-2/files-2.1/org.slf4j/slf4j-simple/1.7.25/8dacf9514f0c707cbbcdd6fd699e8940d42fb54e/slf4j-simple-1.7.25.jar!/org/slf4j/impl/StaticLoggerBinder.class]
SLF4J: Found binding in [jar:file:/home/travis/.gradle/caches/modules-2/files-2.1/ch.qos.logback/logback-classic/1.0.13/6b56ec752b42ccfa1415c0361fb54b1ed7ca3db6/logback-classic-1.0.13.jar!/org/slf4j/impl/StaticLoggerBinder.class]
SLF4J: See http://www.slf4j.org/codes.html#multiple_bindings for an explanation.
SLF4J: Actual binding is of type [org.gradle.internal.logging.slf4j.OutputEventListenerBackedLoggerContext]
]]></system-err>
</testsuite>
