<?xml version="1.0" encoding="UTF-8"?>
<testsuite name="org.codehaus.griffon.gradle.tasks.GenerateBomTaskTest" tests="1" skipped="0" failures="0" errors="0" timestamp="2017-03-11T17:59:31" hostname="testing-gce-cd3301c2-d098-4e73-b7ac-0b4668f8bf6d" time="6.096">
  <properties/>
  <testcase name="GenerateBomTask creates a BOM" classname="org.codehaus.griffon.gradle.tasks.GenerateBomTaskTest" time="6.096"/>
  <system-out><![CDATA[]]></system-out>
  <system-err><![CDATA[SLF4J: Class path contains multiple SLF4J bindings.
SLF4J: Found binding in [jar:file:/home/travis/.gradle/caches/3.4/generated-gradle-jars/gradle-api-3.4.jar!/org/slf4j/impl/StaticLoggerBinder.class]
SLF4J: Found binding in [jar:file:/home/travis/.gradle/caches/modules-2/files-2.1/org.slf4j/slf4j-simple/1.7.24/d9841ffd9d794ab26446df2c46a2ab2b8d2a183e/slf4j-simple-1.7.24.jar!/org/slf4j/impl/StaticLoggerBinder.class]
SLF4J: Found binding in [jar:file:/home/travis/.gradle/caches/modules-2/files-2.1/ch.qos.logback/logback-classic/1.0.13/6b56ec752b42ccfa1415c0361fb54b1ed7ca3db6/logback-classic-1.0.13.jar!/org/slf4j/impl/StaticLoggerBinder.class]
SLF4J: See http://www.slf4j.org/codes.html#multiple_bindings for an explanation.
SLF4J: Actual binding is of type [org.gradle.internal.logging.slf4j.OutputEventListenerBackedLoggerContext]
]]></system-err>
</testsuite>
