<?xml version="1.0" encoding="UTF-8"?>
<testsuite name="DummySpec" tests="1" skipped="0" failures="0" errors="0" timestamp="2017-02-21T19:52:11" hostname="testing-gce-199a013b-897d-440d-8d76-fec598ea2858" time="0.164">
  <properties/>
  <testcase name="Dummy spec" classname="DummySpec" time="0.164"/>
  <system-out><![CDATA[]]></system-out>
  <system-err><![CDATA[]]></system-err>
</testsuite>
