<?xml version="1.0" encoding="UTF-8"?>
<testsuite name="DummySpec" tests="1" skipped="0" failures="0" errors="0" timestamp="2017-02-24T11:28:47" hostname="testing-gce-74d2f9bb-b51a-479d-a49c-205e2856a55c" time="0.153">
  <properties/>
  <testcase name="Dummy spec" classname="DummySpec" time="0.153"/>
  <system-out><![CDATA[]]></system-out>
  <system-err><![CDATA[]]></system-err>
</testsuite>
