<?xml version="1.0" encoding="UTF-8"?>
<testsuite name="DummySpec" tests="1" skipped="0" failures="0" errors="0" timestamp="2017-01-20T08:38:21" hostname="testing-gce-7a9bbf15-27be-4fe1-b344-89097b4b1abf" time="0.137">
  <properties/>
  <testcase name="Dummy spec" classname="DummySpec" time="0.137"/>
  <system-out><![CDATA[]]></system-out>
  <system-err><![CDATA[]]></system-err>
</testsuite>
