<?xml version="1.0" encoding="UTF-8"?>
<testsuite name="DummySpec" tests="1" skipped="0" failures="0" errors="0" timestamp="2016-12-01T10:32:07" hostname="testing-gce-25a07c9d-cae8-4716-a125-946036b08bb3" time="0.147">
  <properties/>
  <testcase name="Dummy spec" classname="DummySpec" time="0.147"/>
  <system-out><![CDATA[]]></system-out>
  <system-err><![CDATA[]]></system-err>
</testsuite>
