<?xml version="1.0" encoding="UTF-8"?>
<testsuite name="DummySpec" tests="1" skipped="0" failures="0" errors="0" timestamp="2016-12-06T13:49:33" hostname="testing-gce-88c17399-7e1a-4bbc-b795-695967a3f3cc" time="0.144">
  <properties/>
  <testcase name="Dummy spec" classname="DummySpec" time="0.144"/>
  <system-out><![CDATA[]]></system-out>
  <system-err><![CDATA[]]></system-err>
</testsuite>
