<?xml version="1.0" encoding="UTF-8"?>
<testsuite name="DummySpec" tests="1" skipped="0" failures="0" errors="0" timestamp="2017-04-28T07:25:46" hostname="testing-gce-92d646c6-cf51-4dbd-882b-b4558f585f69" time="0.146">
  <properties/>
  <testcase name="Dummy spec" classname="DummySpec" time="0.146"/>
  <system-out><![CDATA[]]></system-out>
  <system-err><![CDATA[]]></system-err>
</testsuite>
