<?xml version="1.0" encoding="UTF-8"?>
<testsuite name="DummySpec" tests="1" skipped="0" failures="0" errors="0" timestamp="2016-11-08T11:10:04" hostname="testing-gce-d4f11642-8c80-4fe0-a764-92366f6764c9" time="0.138">
  <properties/>
  <testcase name="Dummy spec" classname="DummySpec" time="0.138"/>
  <system-out><![CDATA[]]></system-out>
  <system-err><![CDATA[]]></system-err>
</testsuite>
