<?xml version="1.0" encoding="UTF-8"?>
<testsuite name="DummySpec" tests="1" skipped="0" failures="0" errors="0" timestamp="2016-12-05T10:41:18" hostname="testing-gce-189093d2-39ca-4652-aec9-ff08f5b8a81f" time="0.136">
  <properties/>
  <testcase name="Dummy spec" classname="DummySpec" time="0.136"/>
  <system-out><![CDATA[]]></system-out>
  <system-err><![CDATA[]]></system-err>
</testsuite>
