<?xml version="1.0" encoding="UTF-8"?>
<testsuite name="DummySpec" tests="1" skipped="0" failures="0" errors="0" timestamp="2017-01-24T15:10:18" hostname="testing-gce-c5816687-57b7-485e-9092-6db662983d3d" time="0.141">
  <properties/>
  <testcase name="Dummy spec" classname="DummySpec" time="0.141"/>
  <system-out><![CDATA[]]></system-out>
  <system-err><![CDATA[]]></system-err>
</testsuite>
