<?xml version="1.0" encoding="UTF-8"?>
<testsuite name="DummySpec" tests="1" skipped="0" failures="0" errors="0" timestamp="2016-11-29T18:40:06" hostname="testing-gce-697e48c8-ccfd-425a-9024-c068db3ba60c" time="0.15">
  <properties/>
  <testcase name="Dummy spec" classname="DummySpec" time="0.15"/>
  <system-out><![CDATA[]]></system-out>
  <system-err><![CDATA[]]></system-err>
</testsuite>
