<?xml version="1.0" encoding="UTF-8"?>
<testsuite name="DummySpec" tests="1" skipped="0" failures="0" errors="0" timestamp="2017-02-22T15:16:17" hostname="testing-gce-7d3042d1-6783-44c6-8859-669d03f901ba" time="0.126">
  <properties/>
  <testcase name="Dummy spec" classname="DummySpec" time="0.126"/>
  <system-out><![CDATA[]]></system-out>
  <system-err><![CDATA[]]></system-err>
</testsuite>
