<?xml version="1.0" encoding="UTF-8"?>
<testsuite name="DummySpec" tests="1" skipped="0" failures="0" errors="0" timestamp="2017-04-28T07:22:22" hostname="testing-gce-d418c672-e417-4758-9132-06e50a90cdc7" time="0.116">
  <properties/>
  <testcase name="Dummy spec" classname="DummySpec" time="0.116"/>
  <system-out><![CDATA[]]></system-out>
  <system-err><![CDATA[]]></system-err>
</testsuite>
