<?xml version="1.0" encoding="UTF-8"?>
<testsuite name="DummySpec" tests="1" skipped="0" failures="0" errors="0" timestamp="2016-12-12T18:15:03" hostname="testing-gce-b8b33b65-f9aa-43f6-82c8-a8f17f90840a" time="0.134">
  <properties/>
  <testcase name="Dummy spec" classname="DummySpec" time="0.134"/>
  <system-out><![CDATA[]]></system-out>
  <system-err><![CDATA[]]></system-err>
</testsuite>
