<?xml version="1.0" encoding="UTF-8"?>
<testsuite name="DummySpec" tests="1" skipped="0" failures="0" errors="0" timestamp="2016-11-30T21:59:07" hostname="testing-gce-56334b88-24b1-400f-a148-1c5d8919e344" time="0.139">
  <properties/>
  <testcase name="Dummy spec" classname="DummySpec" time="0.139"/>
  <system-out><![CDATA[]]></system-out>
  <system-err><![CDATA[]]></system-err>
</testsuite>
