<?xml version="1.0" encoding="UTF-8"?>
<testsuite name="DummySpec" tests="1" skipped="0" failures="0" errors="0" timestamp="2016-12-01T09:19:37" hostname="testing-gce-1c7b4cd7-f8b4-49a0-b9fd-66abade42537" time="0.2">
  <properties/>
  <testcase name="Dummy spec" classname="DummySpec" time="0.2"/>
  <system-out><![CDATA[]]></system-out>
  <system-err><![CDATA[]]></system-err>
</testsuite>
