<?xml version="1.0" encoding="UTF-8"?>
<testsuite name="DummySpec" tests="1" skipped="0" failures="0" errors="0" timestamp="2017-05-04T09:20:02" hostname="testing-docker-90703794-a676-4191-81e0-3d1951fbc1fe" time="0.152">
  <properties/>
  <testcase name="Dummy spec" classname="DummySpec" time="0.152"/>
  <system-out><![CDATA[]]></system-out>
  <system-err><![CDATA[]]></system-err>
</testsuite>
