<?xml version="1.0" encoding="UTF-8"?>
<testsuite name="DummySpec" tests="1" skipped="0" failures="0" errors="0" timestamp="2016-11-30T21:36:09" hostname="testing-gce-7b284da2-1dfc-4486-9403-0c3889a84a74" time="0.155">
  <properties/>
  <testcase name="Dummy spec" classname="DummySpec" time="0.155"/>
  <system-out><![CDATA[]]></system-out>
  <system-err><![CDATA[]]></system-err>
</testsuite>
