<?xml version="1.0" encoding="UTF-8"?>
<testsuite name="DummySpec" tests="1" skipped="0" failures="0" errors="0" timestamp="2016-12-08T10:48:38" hostname="testing-gce-ca57fc1e-ec7c-44b4-8576-00554cba6b12" time="0.152">
  <properties/>
  <testcase name="Dummy spec" classname="DummySpec" time="0.152"/>
  <system-out><![CDATA[]]></system-out>
  <system-err><![CDATA[]]></system-err>
</testsuite>
