<?xml version="1.0" encoding="UTF-8"?>
<testsuite name="DummySpec" tests="1" skipped="0" failures="0" errors="0" timestamp="2017-05-04T14:15:07" hostname="testing-docker-ecc2246c-0b8e-4707-add3-97d74ea6771b" time="0.085">
  <properties/>
  <testcase name="Dummy spec" classname="DummySpec" time="0.085"/>
  <system-out><![CDATA[]]></system-out>
  <system-err><![CDATA[]]></system-err>
</testsuite>
