<?xml version="1.0" encoding="UTF-8"?>
<testsuite name="DummySpec" tests="1" skipped="0" failures="0" errors="0" timestamp="2017-02-03T08:43:25" hostname="testing-gce-028e3132-944c-44d8-aca7-00110a5ea2b2" time="0.146">
  <properties/>
  <testcase name="Dummy spec" classname="DummySpec" time="0.146"/>
  <system-out><![CDATA[]]></system-out>
  <system-err><![CDATA[]]></system-err>
</testsuite>
