<?xml version="1.0" encoding="UTF-8"?>
<testsuite name="DummySpec" tests="1" skipped="0" failures="0" errors="0" timestamp="2016-11-30T19:23:45" hostname="testing-gce-a869d1a4-1603-4102-8e5d-778a0cbc1838" time="0.143">
  <properties/>
  <testcase name="Dummy spec" classname="DummySpec" time="0.143"/>
  <system-out><![CDATA[]]></system-out>
  <system-err><![CDATA[]]></system-err>
</testsuite>
