<?xml version="1.0" encoding="UTF-8"?>
<testsuite name="DummySpec" tests="1" skipped="0" failures="0" errors="0" timestamp="2017-05-03T08:32:37" hostname="testing-docker-6017ac84-a99f-499e-bd8d-5921f67c64fd" time="0.11">
  <properties/>
  <testcase name="Dummy spec" classname="DummySpec" time="0.11"/>
  <system-out><![CDATA[]]></system-out>
  <system-err><![CDATA[]]></system-err>
</testsuite>
