<?xml version="1.0" encoding="UTF-8"?>
<testsuite name="DummySpec" tests="1" skipped="0" failures="0" errors="0" timestamp="2017-05-02T08:36:30" hostname="testing-docker-f5468bb5-c282-4c60-9f7e-ab0b1a158756" time="0.218">
  <properties/>
  <testcase name="Dummy spec" classname="DummySpec" time="0.218"/>
  <system-out><![CDATA[]]></system-out>
  <system-err><![CDATA[]]></system-err>
</testsuite>
