<?xml version="1.0" encoding="UTF-8"?>
<testsuite name="DummySpec" tests="1" skipped="0" failures="0" errors="0" timestamp="2016-11-18T14:47:02" hostname="testing-gce-32b998c0-1c86-42c0-92eb-71cbad2128a4" time="0.135">
  <properties/>
  <testcase name="Dummy spec" classname="DummySpec" time="0.135"/>
  <system-out><![CDATA[]]></system-out>
  <system-err><![CDATA[]]></system-err>
</testsuite>
