<?xml version="1.0" encoding="UTF-8"?>
<testsuite name="DummySpec" tests="1" skipped="0" failures="0" errors="0" timestamp="2016-12-26T01:43:56" hostname="testing-gce-685b893e-8dcc-4e98-831a-c87f37484b94" time="0.141">
  <properties/>
  <testcase name="Dummy spec" classname="DummySpec" time="0.141"/>
  <system-out><![CDATA[]]></system-out>
  <system-err><![CDATA[]]></system-err>
</testsuite>
