<?xml version="1.0" encoding="UTF-8"?>
<testsuite name="DummySpec" tests="1" skipped="0" failures="0" errors="0" timestamp="2016-12-01T10:05:11" hostname="testing-gce-eaf68bd0-c1b6-4661-a4ef-407d21883631" time="0.139">
  <properties/>
  <testcase name="Dummy spec" classname="DummySpec" time="0.139"/>
  <system-out><![CDATA[]]></system-out>
  <system-err><![CDATA[]]></system-err>
</testsuite>
