<?xml version="1.0" encoding="UTF-8"?>
<testsuite name="DummySpec" tests="1" skipped="0" failures="0" errors="0" timestamp="2017-04-18T07:09:34" hostname="testing-gce-002cfebe-ce3e-40e2-ac44-84a0ecf46dae" time="0.133">
  <properties/>
  <testcase name="Dummy spec" classname="DummySpec" time="0.133"/>
  <system-out><![CDATA[]]></system-out>
  <system-err><![CDATA[]]></system-err>
</testsuite>
