<?xml version="1.0" encoding="UTF-8"?>
<testsuite name="DummySpec" tests="1" skipped="0" failures="0" errors="0" timestamp="2017-05-06T14:13:59" hostname="testing-docker-90b60644-8177-4130-972e-463f2d1984bb" time="0.257">
  <properties/>
  <testcase name="Dummy spec" classname="DummySpec" time="0.257"/>
  <system-out><![CDATA[]]></system-out>
  <system-err><![CDATA[]]></system-err>
</testsuite>
