<?xml version="1.0" encoding="UTF-8"?>
<testsuite name="DummySpec" tests="1" skipped="0" failures="0" errors="0" timestamp="2016-11-30T09:54:07" hostname="testing-gce-c2900045-70c9-418d-a9de-7fb1968f26a4" time="0.151">
  <properties/>
  <testcase name="Dummy spec" classname="DummySpec" time="0.151"/>
  <system-out><![CDATA[]]></system-out>
  <system-err><![CDATA[]]></system-err>
</testsuite>
