<?xml version="1.0" encoding="UTF-8"?>
<testsuite name="DummySpec" tests="1" skipped="0" failures="0" errors="0" timestamp="2016-11-16T19:23:22" hostname="testing-gce-e8e4a2cb-d54d-4bd1-a631-062743865535" time="0.133">
  <properties/>
  <testcase name="Dummy spec" classname="DummySpec" time="0.133"/>
  <system-out><![CDATA[]]></system-out>
  <system-err><![CDATA[]]></system-err>
</testsuite>
