<?xml version="1.0" encoding="UTF-8"?>
<testsuite name="DummySpec" tests="1" skipped="0" failures="0" errors="0" timestamp="2016-12-01T10:21:47" hostname="testing-gce-65efd9a5-47b0-4d44-adfe-0451176406f1" time="0.151">
  <properties/>
  <testcase name="Dummy spec" classname="DummySpec" time="0.151"/>
  <system-out><![CDATA[]]></system-out>
  <system-err><![CDATA[]]></system-err>
</testsuite>
