<?xml version="1.0" encoding="UTF-8"?>
<testsuite name="DummySpec" tests="1" skipped="0" failures="0" errors="0" timestamp="2016-12-08T10:34:01" hostname="testing-gce-c5c17d49-1c5c-429f-bb8e-a78af4de3275" time="0.132">
  <properties/>
  <testcase name="Dummy spec" classname="DummySpec" time="0.132"/>
  <system-out><![CDATA[]]></system-out>
  <system-err><![CDATA[]]></system-err>
</testsuite>
