<?xml version="1.0" encoding="UTF-8"?>
<testsuite name="DummySpec" tests="1" skipped="0" failures="0" errors="0" timestamp="2017-03-13T20:08:49" hostname="testing-gce-5c6f6730-f713-4b79-bb0b-2c95a726fbf5" time="0.151">
  <properties/>
  <testcase name="Dummy spec" classname="DummySpec" time="0.151"/>
  <system-out><![CDATA[]]></system-out>
  <system-err><![CDATA[]]></system-err>
</testsuite>
