<?xml version="1.0" encoding="UTF-8"?>
<testsuite name="DummySpec" tests="1" skipped="0" failures="0" errors="0" timestamp="2016-11-02T15:18:01" hostname="testing-gce-ebe1e2ab-5243-4a05-8a72-5c053e509e3c" time="0.137">
  <properties/>
  <testcase name="Dummy spec" classname="DummySpec" time="0.137"/>
  <system-out><![CDATA[]]></system-out>
  <system-err><![CDATA[]]></system-err>
</testsuite>
