<?xml version="1.0" encoding="UTF-8"?>
<testsuite name="DummySpec" tests="1" skipped="0" failures="0" errors="0" timestamp="2017-03-17T14:48:19" hostname="testing-gce-2cba042c-7dfa-40c6-8050-1b9f1390cf9f" time="0.134">
  <properties/>
  <testcase name="Dummy spec" classname="DummySpec" time="0.134"/>
  <system-out><![CDATA[]]></system-out>
  <system-err><![CDATA[]]></system-err>
</testsuite>
