<?xml version="1.0" encoding="UTF-8"?>
<testsuite name="DummySpec" tests="1" skipped="0" failures="0" errors="0" timestamp="2017-01-31T08:38:42" hostname="testing-gce-57986ab7-74ef-4daa-8794-66bd035d9f10" time="0.151">
  <properties/>
  <testcase name="Dummy spec" classname="DummySpec" time="0.151"/>
  <system-out><![CDATA[]]></system-out>
  <system-err><![CDATA[]]></system-err>
</testsuite>
