<?xml version="1.0" encoding="UTF-8"?>
<testsuite name="DummySpec" tests="1" skipped="0" failures="0" errors="0" timestamp="2017-01-02T03:00:54" hostname="testing-gce-680137c7-17b8-4669-933f-d1be09a2a8ab" time="0.216">
  <properties/>
  <testcase name="Dummy spec" classname="DummySpec" time="0.216"/>
  <system-out><![CDATA[]]></system-out>
  <system-err><![CDATA[]]></system-err>
</testsuite>
