<?xml version="1.0" encoding="UTF-8"?>
<testsuite name="DummySpec" tests="1" skipped="0" failures="0" errors="0" timestamp="2017-04-23T11:14:35" hostname="testing-gce-800131f0-e76c-47bc-8935-b4db1ec986af" time="0.135">
  <properties/>
  <testcase name="Dummy spec" classname="DummySpec" time="0.135"/>
  <system-out><![CDATA[]]></system-out>
  <system-err><![CDATA[]]></system-err>
</testsuite>
