<?xml version="1.0" encoding="UTF-8"?>
<testsuite name="DummySpec" tests="1" skipped="0" failures="0" errors="0" timestamp="2017-04-28T15:59:04" hostname="testing-docker-ea4d5413-61ad-4e77-9778-eb4ed0744b0f" time="0.116">
  <properties/>
  <testcase name="Dummy spec" classname="DummySpec" time="0.116"/>
  <system-out><![CDATA[]]></system-out>
  <system-err><![CDATA[]]></system-err>
</testsuite>
