<?xml version="1.0" encoding="UTF-8"?>
<testsuite name="DummySpec" tests="1" skipped="0" failures="0" errors="0" timestamp="2017-05-06T14:34:40" hostname="testing-docker-61402520-d4dd-4f1f-ac93-0a4d284e0ebf" time="0.17">
  <properties/>
  <testcase name="Dummy spec" classname="DummySpec" time="0.17"/>
  <system-out><![CDATA[]]></system-out>
  <system-err><![CDATA[]]></system-err>
</testsuite>
