<?xml version="1.0" encoding="UTF-8"?>
<testsuite name="DummySpec" tests="1" skipped="0" failures="0" errors="0" timestamp="2017-05-05T07:55:34" hostname="testing-docker-de2156a6-c5c8-4a10-9b49-92161b928698" time="0.267">
  <properties/>
  <testcase name="Dummy spec" classname="DummySpec" time="0.267"/>
  <system-out><![CDATA[]]></system-out>
  <system-err><![CDATA[]]></system-err>
</testsuite>
