<?xml version="1.0" encoding="UTF-8"?>
<testsuite name="DummySpec" tests="1" skipped="0" failures="0" errors="0" timestamp="2017-03-02T16:38:07" hostname="testing-gce-15546362-e4d0-449b-b9dd-ab0b76bbd52d" time="0.133">
  <properties/>
  <testcase name="Dummy spec" classname="DummySpec" time="0.133"/>
  <system-out><![CDATA[]]></system-out>
  <system-err><![CDATA[]]></system-err>
</testsuite>
