<?xml version="1.0" encoding="UTF-8"?>
<testsuite name="DummySpec" tests="1" skipped="0" failures="0" errors="0" timestamp="2017-01-24T16:10:33" hostname="testing-gce-1aad4636-e653-4bc2-aa18-88ff82246238" time="0.143">
  <properties/>
  <testcase name="Dummy spec" classname="DummySpec" time="0.143"/>
  <system-out><![CDATA[]]></system-out>
  <system-err><![CDATA[]]></system-err>
</testsuite>
