<?xml version="1.0" encoding="UTF-8"?>
<testsuite name="DummySpec" tests="1" skipped="0" failures="0" errors="0" timestamp="2017-03-02T16:47:34" hostname="testing-gce-f09c6cf3-9eef-492b-8b24-98aa233c6cfa" time="0.14">
  <properties/>
  <testcase name="Dummy spec" classname="DummySpec" time="0.14"/>
  <system-out><![CDATA[]]></system-out>
  <system-err><![CDATA[]]></system-err>
</testsuite>
