<?xml version="1.0" encoding="UTF-8"?>
<testsuite name="DummySpec" tests="1" skipped="0" failures="0" errors="0" timestamp="2017-04-28T12:50:13" hostname="testing-docker-929acd7b-76bf-4253-9fc4-85722f6f076e" time="0.134">
  <properties/>
  <testcase name="Dummy spec" classname="DummySpec" time="0.134"/>
  <system-out><![CDATA[]]></system-out>
  <system-err><![CDATA[]]></system-err>
</testsuite>
