<?xml version="1.0" encoding="UTF-8"?>
<testsuite name="DummySpec" tests="1" skipped="0" failures="0" errors="0" timestamp="2017-02-21T18:12:27" hostname="testing-gce-635704e8-b0eb-4898-b5e6-8d1f90074792" time="0.144">
  <properties/>
  <testcase name="Dummy spec" classname="DummySpec" time="0.144"/>
  <system-out><![CDATA[]]></system-out>
  <system-err><![CDATA[]]></system-err>
</testsuite>
