<?xml version="1.0" encoding="UTF-8"?>
<testsuite name="griffon.core.formatters.LocalTimeFormatterSpec" tests="5" skipped="0" failures="0" errors="0" timestamp="2016-11-16T18:51:11" hostname="testing-gce-a8eb0744-142d-4aa3-aea8-752a56f8e7a5" time="0.029">
  <properties/>
  <testcase name="LocalTime '01:02:03.101' produces literal '01:02:03.101'" classname="griffon.core.formatters.LocalTimeFormatterSpec" time="0.011"/>
  <testcase name="LocalTime 'null' with pattern 'HH mm ss.SSS' produces literal 'null'" classname="griffon.core.formatters.LocalTimeFormatterSpec" time="0.001"/>
  <testcase name="LocalTime '01:02:03.400' with pattern 'HH mm ss.SSS' produces literal '01 02 03.400'" classname="griffon.core.formatters.LocalTimeFormatterSpec" time="0.002"/>
  <testcase name="Parse error for pattern 'HH::mm:SS' with literal 'abc'" classname="griffon.core.formatters.LocalTimeFormatterSpec" time="0.001"/>
  <testcase name="Illegal pattern ';garbage*@%&amp;'" classname="griffon.core.formatters.LocalTimeFormatterSpec" time="0.002"/>
  <system-out><![CDATA[]]></system-out>
  <system-err><![CDATA[]]></system-err>
</testsuite>
