<?xml version="1.0" encoding="UTF-8"?>
<testsuite name="griffon.core.formatters.LocalTimeFormatterSpec" tests="5" skipped="0" failures="0" errors="0" timestamp="2017-01-24T16:10:25" hostname="testing-gce-1aad4636-e653-4bc2-aa18-88ff82246238" time="0.02">
  <properties/>
  <testcase name="LocalTime '01:02:03.101' produces literal '01:02:03.101'" classname="griffon.core.formatters.LocalTimeFormatterSpec" time="0.008"/>
  <testcase name="LocalTime 'null' with pattern 'HH mm ss.SSS' produces literal 'null'" classname="griffon.core.formatters.LocalTimeFormatterSpec" time="0.001"/>
  <testcase name="LocalTime '01:02:03.400' with pattern 'HH mm ss.SSS' produces literal '01 02 03.400'" classname="griffon.core.formatters.LocalTimeFormatterSpec" time="0.001"/>
  <testcase name="Parse error for pattern 'HH::mm:SS' with literal 'abc'" classname="griffon.core.formatters.LocalTimeFormatterSpec" time="0.001"/>
  <testcase name="Illegal pattern ';garbage*@%&amp;'" classname="griffon.core.formatters.LocalTimeFormatterSpec" time="0.002"/>
  <system-out><![CDATA[]]></system-out>
  <system-err><![CDATA[]]></system-err>
</testsuite>
