<?xml version="1.0" encoding="UTF-8"?>
<testsuite name="griffon.core.editors.LocalTimePropertyEditorSpec" tests="27" skipped="0" failures="0" errors="0" timestamp="2017-03-02T16:56:24" hostname="testing-gce-51eca2f7-a957-44ee-bd4e-cdf1e50e5add" time="0.068">
  <properties/>
  <testcase name="LocalTime literal 'null' with format 'null' should be equal to null" classname="griffon.core.editors.LocalTimePropertyEditorSpec" time="0.007"/>
  <testcase name="LocalTime literal '' with format 'null' should be equal to null" classname="griffon.core.editors.LocalTimePropertyEditorSpec" time="0.001"/>
  <testcase name="LocalTime literal '[]' with format 'null' should be equal to null" classname="griffon.core.editors.LocalTimePropertyEditorSpec" time="0.001"/>
  <testcase name="LocalTime literal '01:02:03.400' with format 'null' should be equal to 01:02:03.400" classname="griffon.core.editors.LocalTimePropertyEditorSpec" time="0.004"/>
  <testcase name="LocalTime literal '0' with format 'null' should be equal to 00:00" classname="griffon.core.editors.LocalTimePropertyEditorSpec" time="0.001"/>
  <testcase name="LocalTime literal 'Thu Jan 01 00:00:00 GMT 1970' with format 'null' should be equal to 00:00" classname="griffon.core.editors.LocalTimePropertyEditorSpec" time="0.001"/>
  <testcase name="LocalTime literal 'java.util.GregorianCalendar[time=0,areFieldsSet=true,areAllFieldsSet=true,lenient=true,zone=sun.util.calendar.ZoneInfo[id=&quot;Etc/GMT&quot;,offset=0,dstSavings=0,useDaylight=false,transitions=0,lastRule=null],firstDayOfWeek=1,minimalDaysInFirstWeek=1,ERA=1,YEAR=1970,MONTH=0,WEEK_OF_YEAR=1,WEEK_OF_MONTH=1,DAY_OF_MONTH=1,DAY_OF_YEAR=1,DAY_OF_WEEK=5,DAY_OF_WEEK_IN_MONTH=1,AM_PM=0,HOUR=0,HOUR_OF_DAY=0,MINUTE=0,SECOND=0,MILLISECOND=0,ZONE_OFFSET=0,DST_OFFSET=0]' with format 'null' should be equal to 00:00" classname="griffon.core.editors.LocalTimePropertyEditorSpec" time="0.001"/>
  <testcase name="LocalTime literal '[1, 2, 3]' with format 'null' should be equal to 01:02:03" classname="griffon.core.editors.LocalTimePropertyEditorSpec" time="0.002"/>
  <testcase name="LocalTime literal '[1, 2, 3, 400000000]' with format 'null' should be equal to 01:02:03.400" classname="griffon.core.editors.LocalTimePropertyEditorSpec" time="0.001"/>
  <testcase name="LocalTime literal '[1, 2, 3, 400000000]' with format 'null' should be equal to 01:02:03.400" classname="griffon.core.editors.LocalTimePropertyEditorSpec" time="0.001"/>
  <testcase name="LocalTime literal '01:02:03.400' with format 'null' should be equal to 01:02:03.400" classname="griffon.core.editors.LocalTimePropertyEditorSpec" time="0.001"/>
  <testcase name="LocalTime literal '1970-01-01T01:02:03.400' with format 'null' should be equal to 01:02:03.400" classname="griffon.core.editors.LocalTimePropertyEditorSpec" time="0.002"/>
  <testcase name="LocalTime literal '' with format 'HH:mm:ss.SSS' should be equal to null" classname="griffon.core.editors.LocalTimePropertyEditorSpec" time="0.005"/>
  <testcase name="LocalTime literal '01:02:03.400' with format 'HH:mm:ss.SSS' should be equal to 01:02:03.400" classname="griffon.core.editors.LocalTimePropertyEditorSpec" time="0.001"/>
  <testcase name="LocalTime literal '0' with format 'HH:mm:ss.SSS' should be equal to 00:00" classname="griffon.core.editors.LocalTimePropertyEditorSpec" time="0.001"/>
  <testcase name="LocalTime literal 'Thu Jan 01 00:00:00 GMT 1970' with format 'HH:mm:ss.SSS' should be equal to 00:00" classname="griffon.core.editors.LocalTimePropertyEditorSpec" time="0.002"/>
  <testcase name="LocalTime literal 'java.util.GregorianCalendar[time=0,areFieldsSet=true,areAllFieldsSet=true,lenient=true,zone=sun.util.calendar.ZoneInfo[id=&quot;Etc/GMT&quot;,offset=0,dstSavings=0,useDaylight=false,transitions=0,lastRule=null],firstDayOfWeek=1,minimalDaysInFirstWeek=1,ERA=1,YEAR=1970,MONTH=0,WEEK_OF_YEAR=1,WEEK_OF_MONTH=1,DAY_OF_MONTH=1,DAY_OF_YEAR=1,DAY_OF_WEEK=5,DAY_OF_WEEK_IN_MONTH=1,AM_PM=0,HOUR=0,HOUR_OF_DAY=0,MINUTE=0,SECOND=0,MILLISECOND=0,ZONE_OFFSET=0,DST_OFFSET=0]' with format 'HH:mm:ss.SSS' should be equal to 00:00" classname="griffon.core.editors.LocalTimePropertyEditorSpec" time="0.001"/>
  <testcase name="LocalTime literal '[1, 2, 3]' with format 'HH:mm:ss.SSS' should be equal to 01:02:03" classname="griffon.core.editors.LocalTimePropertyEditorSpec" time="0.001"/>
  <testcase name="LocalTime literal '[1, 2, 3, 400000000]' with format 'HH:mm:ss.SSS' should be equal to 01:02:03.400" classname="griffon.core.editors.LocalTimePropertyEditorSpec" time="0.0"/>
  <testcase name="LocalTime literal '[1, 2, 3, 400000000]' with format 'HH:mm:ss.SSS' should be equal to 01:02:03.400" classname="griffon.core.editors.LocalTimePropertyEditorSpec" time="0.001"/>
  <testcase name="LocalTime literal '01:02:03.400' with format 'HH:mm:ss.SSS' should be equal to 01:02:03.400" classname="griffon.core.editors.LocalTimePropertyEditorSpec" time="0.001"/>
  <testcase name="LocalTime literal '1970-01-01T01:02:03.400' with format 'HH:mm:ss.SSS' should be equal to 01:02:03.400" classname="griffon.core.editors.LocalTimePropertyEditorSpec" time="0.001"/>
  <testcase name="Invalid date literal 'garbage'" classname="griffon.core.editors.LocalTimePropertyEditorSpec" time="0.001"/>
  <testcase name="Invalid date literal '[:]'" classname="griffon.core.editors.LocalTimePropertyEditorSpec" time="0.0"/>
  <testcase name="Invalid date literal '[1, 2]'" classname="griffon.core.editors.LocalTimePropertyEditorSpec" time="0.001"/>
  <testcase name="Invalid date literal '[1, 2, 3, 4, 5]'" classname="griffon.core.editors.LocalTimePropertyEditorSpec" time="0.0"/>
  <testcase name="Invalid date literal 'java.lang.Object@714f63aa'" classname="griffon.core.editors.LocalTimePropertyEditorSpec" time="0.001"/>
  <system-out><![CDATA[]]></system-out>
  <system-err><![CDATA[]]></system-err>
</testsuite>
