<?xml version="1.0" encoding="UTF-8"?>
<testsuite name="griffon.core.formatters.LocalDateTimeFormatterSpec" tests="5" skipped="0" failures="0" errors="0" timestamp="2017-01-28T06:55:25" hostname="testing-gce-34b544d7-3af4-46d5-bba3-c20da92e4b9d" time="0.148">
  <properties/>
  <testcase name="LocalDateTime '1970-01-01T00:00' produces literal '1970-01-01T00:00:00'" classname="griffon.core.formatters.LocalDateTimeFormatterSpec" time="0.105"/>
  <testcase name="LocalDateTime 'null' with pattern 'yyyy-MM-dd HH:mm:ss' produces literal 'null'" classname="griffon.core.formatters.LocalDateTimeFormatterSpec" time="0.006"/>
  <testcase name="LocalDateTime '1970-01-01T00:00' with pattern 'yyyy-MM-dd HH:mm:ss' produces literal '1970-01-01 00:00:00'" classname="griffon.core.formatters.LocalDateTimeFormatterSpec" time="0.002"/>
  <testcase name="Parse error for pattern 'yyyy-MM-dd HH:mm:ss' with literal 'abc'" classname="griffon.core.formatters.LocalDateTimeFormatterSpec" time="0.012"/>
  <testcase name="Illegal pattern ';garbage*@%&amp;'" classname="griffon.core.formatters.LocalDateTimeFormatterSpec" time="0.0"/>
  <system-out><![CDATA[]]></system-out>
  <system-err><![CDATA[]]></system-err>
</testsuite>
