<?xml version="1.0" encoding="UTF-8"?>
<testsuite name="griffon.core.formatters.LocalDateFormatterSpec" tests="5" skipped="0" failures="0" errors="0" timestamp="2017-04-07T21:31:25" hostname="testing-gce-5d4cb8fc-d966-46b1-be13-5dd5cd7e3fa9" time="0.018">
  <properties/>
  <testcase name="LocalDate '1970-01-01' produces literal '1970-01-01'" classname="griffon.core.formatters.LocalDateFormatterSpec" time="0.008"/>
  <testcase name="LocalDate 'null' with pattern 'yyyy-MM-dd' produces literal 'null'" classname="griffon.core.formatters.LocalDateFormatterSpec" time="0.002"/>
  <testcase name="LocalDate '1970-01-01' with pattern 'yyyy-MM-dd' produces literal '1970-01-01'" classname="griffon.core.formatters.LocalDateFormatterSpec" time="0.002"/>
  <testcase name="Parse error for pattern 'yyyy-MM-dd' with literal 'abc'" classname="griffon.core.formatters.LocalDateFormatterSpec" time="0.001"/>
  <testcase name="Illegal pattern ';garbage*@%&amp;'" classname="griffon.core.formatters.LocalDateFormatterSpec" time="0.001"/>
  <system-out><![CDATA[]]></system-out>
  <system-err><![CDATA[]]></system-err>
</testsuite>
