<?xml version="1.0" encoding="UTF-8"?>
<testsuite name="griffon.core.formatters.LocalDateFormatterSpec" tests="5" skipped="0" failures="0" errors="0" timestamp="2017-05-04T09:05:14" hostname="testing-docker-ace0605b-7337-48a1-8fdb-4d5d4cfd489f" time="0.013">
  <properties/>
  <testcase name="LocalDate '1970-01-01' produces literal '1970-01-01'" classname="griffon.core.formatters.LocalDateFormatterSpec" time="0.009"/>
  <testcase name="LocalDate 'null' with pattern 'yyyy-MM-dd' produces literal 'null'" classname="griffon.core.formatters.LocalDateFormatterSpec" time="0.001"/>
  <testcase name="LocalDate '1970-01-01' with pattern 'yyyy-MM-dd' produces literal '1970-01-01'" classname="griffon.core.formatters.LocalDateFormatterSpec" time="0.001"/>
  <testcase name="Parse error for pattern 'yyyy-MM-dd' with literal 'abc'" classname="griffon.core.formatters.LocalDateFormatterSpec" time="0.0"/>
  <testcase name="Illegal pattern ';garbage*@%&amp;'" classname="griffon.core.formatters.LocalDateFormatterSpec" time="0.0"/>
  <system-out><![CDATA[]]></system-out>
  <system-err><![CDATA[]]></system-err>
</testsuite>
