<?xml version="1.0" encoding="UTF-8"?>
<testsuite name="griffon.core.formatters.LocalDateTimeFormatterSpec" tests="5" skipped="0" failures="0" errors="0" timestamp="2017-03-13T20:08:42" hostname="testing-gce-5c6f6730-f713-4b79-bb0b-2c95a726fbf5" time="0.11">
  <properties/>
  <testcase name="LocalDateTime '1970-01-01T00:00' produces literal '1970-01-01T00:00:00'" classname="griffon.core.formatters.LocalDateTimeFormatterSpec" time="0.08"/>
  <testcase name="LocalDateTime 'null' with pattern 'yyyy-MM-dd HH:mm:ss' produces literal 'null'" classname="griffon.core.formatters.LocalDateTimeFormatterSpec" time="0.004"/>
  <testcase name="LocalDateTime '1970-01-01T00:00' with pattern 'yyyy-MM-dd HH:mm:ss' produces literal '1970-01-01 00:00:00'" classname="griffon.core.formatters.LocalDateTimeFormatterSpec" time="0.001"/>
  <testcase name="Parse error for pattern 'yyyy-MM-dd HH:mm:ss' with literal 'abc'" classname="griffon.core.formatters.LocalDateTimeFormatterSpec" time="0.005"/>
  <testcase name="Illegal pattern ';garbage*@%&amp;'" classname="griffon.core.formatters.LocalDateTimeFormatterSpec" time="0.001"/>
  <system-out><![CDATA[]]></system-out>
  <system-err><![CDATA[]]></system-err>
</testsuite>
