<?xml version="1.0" encoding="UTF-8"?>
<testsuite name="griffon.core.formatters.LocalDateTimeFormatterSpec" tests="5" skipped="0" failures="0" errors="0" timestamp="2017-04-21T07:18:11" hostname="testing-gce-72751c4c-7ce1-4b4e-91f9-6e8b54fcffb5" time="0.112">
  <properties/>
  <testcase name="LocalDateTime '1970-01-01T00:00' produces literal '1970-01-01T00:00:00'" classname="griffon.core.formatters.LocalDateTimeFormatterSpec" time="0.075"/>
  <testcase name="LocalDateTime 'null' with pattern 'yyyy-MM-dd HH:mm:ss' produces literal 'null'" classname="griffon.core.formatters.LocalDateTimeFormatterSpec" time="0.004"/>
  <testcase name="LocalDateTime '1970-01-01T00:00' with pattern 'yyyy-MM-dd HH:mm:ss' produces literal '1970-01-01 00:00:00'" classname="griffon.core.formatters.LocalDateTimeFormatterSpec" time="0.002"/>
  <testcase name="Parse error for pattern 'yyyy-MM-dd HH:mm:ss' with literal 'abc'" classname="griffon.core.formatters.LocalDateTimeFormatterSpec" time="0.006"/>
  <testcase name="Illegal pattern ';garbage*@%&amp;'" classname="griffon.core.formatters.LocalDateTimeFormatterSpec" time="0.002"/>
  <system-out><![CDATA[]]></system-out>
  <system-err><![CDATA[]]></system-err>
</testsuite>
