<?xml version="1.0" encoding="UTF-8"?>
<testsuite name="griffon.core.formatters.LocalDateTimeFormatterSpec" tests="5" skipped="0" failures="0" errors="0" timestamp="2016-12-28T19:52:52" hostname="testing-gce-2e4b170c-448d-4fcb-9f72-d211cbd4e202" time="0.119">
  <properties/>
  <testcase name="LocalDateTime '1970-01-01T00:00' produces literal '1970-01-01T00:00:00'" classname="griffon.core.formatters.LocalDateTimeFormatterSpec" time="0.088"/>
  <testcase name="LocalDateTime 'null' with pattern 'yyyy-MM-dd HH:mm:ss' produces literal 'null'" classname="griffon.core.formatters.LocalDateTimeFormatterSpec" time="0.004"/>
  <testcase name="LocalDateTime '1970-01-01T00:00' with pattern 'yyyy-MM-dd HH:mm:ss' produces literal '1970-01-01 00:00:00'" classname="griffon.core.formatters.LocalDateTimeFormatterSpec" time="0.001"/>
  <testcase name="Parse error for pattern 'yyyy-MM-dd HH:mm:ss' with literal 'abc'" classname="griffon.core.formatters.LocalDateTimeFormatterSpec" time="0.005"/>
  <testcase name="Illegal pattern ';garbage*@%&amp;'" classname="griffon.core.formatters.LocalDateTimeFormatterSpec" time="0.001"/>
  <system-out><![CDATA[]]></system-out>
  <system-err><![CDATA[]]></system-err>
</testsuite>
