<?xml version="1.0" encoding="UTF-8"?>
<testsuite name="griffon.core.editors.LocalDateTimePropertyEditorSpec" tests="35" skipped="0" failures="0" errors="0" timestamp="2017-01-24T15:09:07" hostname="testing-gce-c5816687-57b7-485e-9092-6db662983d3d" time="0.056">
  <properties/>
  <testcase name="LocalDateTime literal 'null' with format 'null' should be equal to null" classname="griffon.core.editors.LocalDateTimePropertyEditorSpec" time="0.01"/>
  <testcase name="LocalDateTime literal '[]' with format 'null' should be equal to null" classname="griffon.core.editors.LocalDateTimePropertyEditorSpec" time="0.0"/>
  <testcase name="LocalDateTime literal '' with format 'null' should be equal to null" classname="griffon.core.editors.LocalDateTimePropertyEditorSpec" time="0.0"/>
  <testcase name="LocalDateTime literal '1970-01-01T12:13:14' with format 'null' should be equal to 1970-01-01T12:13:14" classname="griffon.core.editors.LocalDateTimePropertyEditorSpec" time="0.0"/>
  <testcase name="LocalDateTime literal '0' with format 'null' should be equal to 1970-01-01T00:00" classname="griffon.core.editors.LocalDateTimePropertyEditorSpec" time="0.001"/>
  <testcase name="LocalDateTime literal 'Thu Jan 01 00:00:00 GMT 1970' with format 'null' should be equal to 1970-01-01T00:00" classname="griffon.core.editors.LocalDateTimePropertyEditorSpec" time="0.0"/>
  <testcase name="LocalDateTime literal 'java.util.GregorianCalendar[time=0,areFieldsSet=true,areAllFieldsSet=true,lenient=true,zone=sun.util.calendar.ZoneInfo[id=&quot;Etc/GMT&quot;,offset=0,dstSavings=0,useDaylight=false,transitions=0,lastRule=null],firstDayOfWeek=1,minimalDaysInFirstWeek=1,ERA=1,YEAR=1970,MONTH=0,WEEK_OF_YEAR=1,WEEK_OF_MONTH=1,DAY_OF_MONTH=1,DAY_OF_YEAR=1,DAY_OF_WEEK=5,DAY_OF_WEEK_IN_MONTH=1,AM_PM=0,HOUR=0,HOUR_OF_DAY=0,MINUTE=0,SECOND=0,MILLISECOND=0,ZONE_OFFSET=0,DST_OFFSET=0]' with format 'null' should be equal to 1970-01-01T00:00" classname="griffon.core.editors.LocalDateTimePropertyEditorSpec" time="0.0"/>
  <testcase name="LocalDateTime literal '[1970, 1, 1]' with format 'null' should be equal to 1970-01-01T00:00" classname="griffon.core.editors.LocalDateTimePropertyEditorSpec" time="0.001"/>
  <testcase name="LocalDateTime literal '1970-01-01' with format 'null' should be equal to 1970-01-01T00:00" classname="griffon.core.editors.LocalDateTimePropertyEditorSpec" time="0.0"/>
  <testcase name="LocalDateTime literal '[1970, 1, 1, 12]' with format 'null' should be equal to 1970-01-01T12:00" classname="griffon.core.editors.LocalDateTimePropertyEditorSpec" time="0.0"/>
  <testcase name="LocalDateTime literal '[1970, 1, 1, 12, 13]' with format 'null' should be equal to 1970-01-01T12:13" classname="griffon.core.editors.LocalDateTimePropertyEditorSpec" time="0.0"/>
  <testcase name="LocalDateTime literal '[1970, 1, 1, 12, 13, 14]' with format 'null' should be equal to 1970-01-01T12:13:14" classname="griffon.core.editors.LocalDateTimePropertyEditorSpec" time="0.0"/>
  <testcase name="LocalDateTime literal '[1970, 1, 1, 12, 13, 14, 0]' with format 'null' should be equal to 1970-01-01T12:13:14" classname="griffon.core.editors.LocalDateTimePropertyEditorSpec" time="0.0"/>
  <testcase name="LocalDateTime literal '[1970, 1, 1, 12, 13, 14]' with format 'null' should be equal to 1970-01-01T12:13:14" classname="griffon.core.editors.LocalDateTimePropertyEditorSpec" time="0.0"/>
  <testcase name="LocalDateTime literal '1970-01-01T12:13:14' with format 'null' should be equal to 1970-01-01T12:13:14" classname="griffon.core.editors.LocalDateTimePropertyEditorSpec" time="0.016"/>
  <testcase name="LocalDateTime literal '1970-01-01T12:13:14' with format 'null' should be equal to 1970-01-01T12:13:14" classname="griffon.core.editors.LocalDateTimePropertyEditorSpec" time="0.0"/>
  <testcase name="LocalDateTime literal '' with format 'yyyy-MM-dd HH:mm:ss' should be equal to null" classname="griffon.core.editors.LocalDateTimePropertyEditorSpec" time="0.0"/>
  <testcase name="LocalDateTime literal '1970-01-01 12:13:14' with format 'yyyy-MM-dd HH:mm:ss' should be equal to 1970-01-01T12:13:14" classname="griffon.core.editors.LocalDateTimePropertyEditorSpec" time="0.001"/>
  <testcase name="LocalDateTime literal '0' with format 'yyyy-MM-dd HH:mm:ss' should be equal to 1970-01-01T00:00" classname="griffon.core.editors.LocalDateTimePropertyEditorSpec" time="0.0"/>
  <testcase name="LocalDateTime literal 'Thu Jan 01 00:00:00 GMT 1970' with format 'yyyy-MM-dd HH:mm:ss' should be equal to 1970-01-01T00:00" classname="griffon.core.editors.LocalDateTimePropertyEditorSpec" time="0.0"/>
  <testcase name="LocalDateTime literal 'java.util.GregorianCalendar[time=0,areFieldsSet=true,areAllFieldsSet=true,lenient=true,zone=sun.util.calendar.ZoneInfo[id=&quot;Etc/GMT&quot;,offset=0,dstSavings=0,useDaylight=false,transitions=0,lastRule=null],firstDayOfWeek=1,minimalDaysInFirstWeek=1,ERA=1,YEAR=1970,MONTH=0,WEEK_OF_YEAR=1,WEEK_OF_MONTH=1,DAY_OF_MONTH=1,DAY_OF_YEAR=1,DAY_OF_WEEK=5,DAY_OF_WEEK_IN_MONTH=1,AM_PM=0,HOUR=0,HOUR_OF_DAY=0,MINUTE=0,SECOND=0,MILLISECOND=0,ZONE_OFFSET=0,DST_OFFSET=0]' with format 'yyyy-MM-dd HH:mm:ss' should be equal to 1970-01-01T00:00" classname="griffon.core.editors.LocalDateTimePropertyEditorSpec" time="0.001"/>
  <testcase name="LocalDateTime literal '1970-01-01' with format 'yyyy-MM-dd HH:mm:ss' should be equal to 1970-01-01T00:00" classname="griffon.core.editors.LocalDateTimePropertyEditorSpec" time="0.0"/>
  <testcase name="LocalDateTime literal '[1970, 1, 1]' with format 'yyyy-MM-dd HH:mm:ss' should be equal to 1970-01-01T00:00" classname="griffon.core.editors.LocalDateTimePropertyEditorSpec" time="0.001"/>
  <testcase name="LocalDateTime literal '[1970, 1, 1, 12]' with format 'yyyy-MM-dd HH:mm:ss' should be equal to 1970-01-01T12:00" classname="griffon.core.editors.LocalDateTimePropertyEditorSpec" time="0.0"/>
  <testcase name="LocalDateTime literal '[1970, 1, 1, 12, 13]' with format 'yyyy-MM-dd HH:mm:ss' should be equal to 1970-01-01T12:13" classname="griffon.core.editors.LocalDateTimePropertyEditorSpec" time="0.0"/>
  <testcase name="LocalDateTime literal '[1970, 1, 1, 12, 13, 14]' with format 'yyyy-MM-dd HH:mm:ss' should be equal to 1970-01-01T12:13:14" classname="griffon.core.editors.LocalDateTimePropertyEditorSpec" time="0.0"/>
  <testcase name="LocalDateTime literal '[1970, 1, 1, 12, 13, 14, 0]' with format 'yyyy-MM-dd HH:mm:ss' should be equal to 1970-01-01T12:13:14" classname="griffon.core.editors.LocalDateTimePropertyEditorSpec" time="0.0"/>
  <testcase name="LocalDateTime literal '[1970, 1, 1, 12, 13, 14]' with format 'yyyy-MM-dd HH:mm:ss' should be equal to 1970-01-01T12:13:14" classname="griffon.core.editors.LocalDateTimePropertyEditorSpec" time="0.0"/>
  <testcase name="LocalDateTime literal '1970-01-01T12:13:14' with format 'yyyy-MM-dd HH:mm:ss' should be equal to 1970-01-01T12:13:14" classname="griffon.core.editors.LocalDateTimePropertyEditorSpec" time="0.0"/>
  <testcase name="LocalDateTime literal '1970-01-01T12:13:14' with format 'yyyy-MM-dd HH:mm:ss' should be equal to 1970-01-01T12:13:14" classname="griffon.core.editors.LocalDateTimePropertyEditorSpec" time="0.0"/>
  <testcase name="Invalid date literal 'garbage'" classname="griffon.core.editors.LocalDateTimePropertyEditorSpec" time="0.001"/>
  <testcase name="Invalid date literal '[1, 2]'" classname="griffon.core.editors.LocalDateTimePropertyEditorSpec" time="0.0"/>
  <testcase name="Invalid date literal '[1, 2, 3, 4, 5, 6, 7, 8]'" classname="griffon.core.editors.LocalDateTimePropertyEditorSpec" time="0.0"/>
  <testcase name="Invalid date literal '[:]'" classname="griffon.core.editors.LocalDateTimePropertyEditorSpec" time="0.0"/>
  <testcase name="Invalid date literal 'java.lang.Object@373cbf10'" classname="griffon.core.editors.LocalDateTimePropertyEditorSpec" time="0.001"/>
  <system-out><![CDATA[]]></system-out>
  <system-err><![CDATA[]]></system-err>
</testsuite>
