<?xml version="1.0" encoding="UTF-8"?>
<testsuite name="griffon.core.formatters.LocalDateFormatterSpec" tests="5" skipped="0" failures="0" errors="0" timestamp="2016-12-05T12:19:11" hostname="testing-gce-7db6f5a7-5649-469a-8795-d671c719877a" time="0.039">
  <properties/>
  <testcase name="LocalDate '1970-01-01' produces literal '1970-01-01'" classname="griffon.core.formatters.LocalDateFormatterSpec" time="0.021"/>
  <testcase name="LocalDate 'null' with pattern 'yyyy-MM-dd' produces literal 'null'" classname="griffon.core.formatters.LocalDateFormatterSpec" time="0.011"/>
  <testcase name="LocalDate '1970-01-01' with pattern 'yyyy-MM-dd' produces literal '1970-01-01'" classname="griffon.core.formatters.LocalDateFormatterSpec" time="0.001"/>
  <testcase name="Parse error for pattern 'yyyy-MM-dd' with literal 'abc'" classname="griffon.core.formatters.LocalDateFormatterSpec" time="0.001"/>
  <testcase name="Illegal pattern ';garbage*@%&amp;'" classname="griffon.core.formatters.LocalDateFormatterSpec" time="0.0"/>
  <system-out><![CDATA[]]></system-out>
  <system-err><![CDATA[]]></system-err>
</testsuite>
