<?xml version="1.0" encoding="UTF-8"?>
<testsuite name="org.codehaus.griffon.gradle.GriffonPluginWithAppliedGroovyPluginSpecification" tests="6" skipped="0" failures="6" errors="0" timestamp="2016-12-05T09:59:01" hostname="testing-gce-f7c0f0c2-18da-4e7c-9988-699bcecb6c26" time="0.341">
  <properties/>
  <testcase name="sourceSets.main.groovy contains griffon-app/models" classname="org.codehaus.griffon.gradle.GriffonPluginWithAppliedGroovyPluginSpecification" time="0.267">
    <failure message="Condition not satisfied:&#10;&#10;project.sourceSets.main.groovy.srcDirs.contains(project.file(&quot;griffon-app/${srcDir}&quot;))&#10;|       |          |    |      |       |        |       |                  |&#10;|       |          |    |      |       false    |       |                  models&#10;|       |          |    |      |                |       /tmp/gradle3831917581569976130projectDir/griffon-app/models&#10;|       |          |    |      |                root project 'test'&#10;|       |          |    |      [/tmp/gradle3831917581569976130projectDir/src/main/groovy]&#10;|       |          |    main Groovy source&#10;|       |          source set 'main'&#10;|       [source set 'main', source set 'test']&#10;root project 'test'&#10;" type="org.spockframework.runtime.ConditionNotSatisfiedError">Condition not satisfied:

project.sourceSets.main.groovy.srcDirs.contains(project.file(&quot;griffon-app/${srcDir}&quot;))
|       |          |    |      |       |        |       |                  |
|       |          |    |      |       false    |       |                  models
|       |          |    |      |                |       /tmp/gradle3831917581569976130projectDir/griffon-app/models
|       |          |    |      |                root project 'test'
|       |          |    |      [/tmp/gradle3831917581569976130projectDir/src/main/groovy]
|       |          |    main Groovy source
|       |          source set 'main'
|       [source set 'main', source set 'test']
root project 'test'

	at org.codehaus.griffon.gradle.GriffonPluginWithAppliedGroovyPluginSpecification.sourceSets.main.groovy contains griffon-app/#srcDir(GriffonPluginWithAppliedGroovyPluginSpecification.groovy:34)
</failure>
  </testcase>
  <testcase name="sourceSets.main.groovy contains griffon-app/views" classname="org.codehaus.griffon.gradle.GriffonPluginWithAppliedGroovyPluginSpecification" time="0.019">
    <failure message="Condition not satisfied:&#10;&#10;project.sourceSets.main.groovy.srcDirs.contains(project.file(&quot;griffon-app/${srcDir}&quot;))&#10;|       |          |    |      |       |        |       |                  |&#10;|       |          |    |      |       false    |       |                  views&#10;|       |          |    |      |                |       /tmp/gradle3831917581569976130projectDir/griffon-app/views&#10;|       |          |    |      |                root project 'test'&#10;|       |          |    |      [/tmp/gradle3831917581569976130projectDir/src/main/groovy]&#10;|       |          |    main Groovy source&#10;|       |          source set 'main'&#10;|       [source set 'main', source set 'test']&#10;root project 'test'&#10;" type="org.spockframework.runtime.ConditionNotSatisfiedError">Condition not satisfied:

project.sourceSets.main.groovy.srcDirs.contains(project.file(&quot;griffon-app/${srcDir}&quot;))
|       |          |    |      |       |        |       |                  |
|       |          |    |      |       false    |       |                  views
|       |          |    |      |                |       /tmp/gradle3831917581569976130projectDir/griffon-app/views
|       |          |    |      |                root project 'test'
|       |          |    |      [/tmp/gradle3831917581569976130projectDir/src/main/groovy]
|       |          |    main Groovy source
|       |          source set 'main'
|       [source set 'main', source set 'test']
root project 'test'

	at org.codehaus.griffon.gradle.GriffonPluginWithAppliedGroovyPluginSpecification.sourceSets.main.groovy contains griffon-app/#srcDir(GriffonPluginWithAppliedGroovyPluginSpecification.groovy:34)
</failure>
  </testcase>
  <testcase name="sourceSets.main.groovy contains griffon-app/controllers" classname="org.codehaus.griffon.gradle.GriffonPluginWithAppliedGroovyPluginSpecification" time="0.01">
    <failure message="Condition not satisfied:&#10;&#10;project.sourceSets.main.groovy.srcDirs.contains(project.file(&quot;griffon-app/${srcDir}&quot;))&#10;|       |          |    |      |       |        |       |                  |&#10;|       |          |    |      |       false    |       |                  controllers&#10;|       |          |    |      |                |       /tmp/gradle3831917581569976130projectDir/griffon-app/controllers&#10;|       |          |    |      |                root project 'test'&#10;|       |          |    |      [/tmp/gradle3831917581569976130projectDir/src/main/groovy]&#10;|       |          |    main Groovy source&#10;|       |          source set 'main'&#10;|       [source set 'main', source set 'test']&#10;root project 'test'&#10;" type="org.spockframework.runtime.ConditionNotSatisfiedError">Condition not satisfied:

project.sourceSets.main.groovy.srcDirs.contains(project.file(&quot;griffon-app/${srcDir}&quot;))
|       |          |    |      |       |        |       |                  |
|       |          |    |      |       false    |       |                  controllers
|       |          |    |      |                |       /tmp/gradle3831917581569976130projectDir/griffon-app/controllers
|       |          |    |      |                root project 'test'
|       |          |    |      [/tmp/gradle3831917581569976130projectDir/src/main/groovy]
|       |          |    main Groovy source
|       |          source set 'main'
|       [source set 'main', source set 'test']
root project 'test'

	at org.codehaus.griffon.gradle.GriffonPluginWithAppliedGroovyPluginSpecification.sourceSets.main.groovy contains griffon-app/#srcDir(GriffonPluginWithAppliedGroovyPluginSpecification.groovy:34)
</failure>
  </testcase>
  <testcase name="sourceSets.main.groovy contains griffon-app/services" classname="org.codehaus.griffon.gradle.GriffonPluginWithAppliedGroovyPluginSpecification" time="0.003">
    <failure message="Condition not satisfied:&#10;&#10;project.sourceSets.main.groovy.srcDirs.contains(project.file(&quot;griffon-app/${srcDir}&quot;))&#10;|       |          |    |      |       |        |       |                  |&#10;|       |          |    |      |       false    |       |                  services&#10;|       |          |    |      |                |       /tmp/gradle3831917581569976130projectDir/griffon-app/services&#10;|       |          |    |      |                root project 'test'&#10;|       |          |    |      [/tmp/gradle3831917581569976130projectDir/src/main/groovy]&#10;|       |          |    main Groovy source&#10;|       |          source set 'main'&#10;|       [source set 'main', source set 'test']&#10;root project 'test'&#10;" type="org.spockframework.runtime.ConditionNotSatisfiedError">Condition not satisfied:

project.sourceSets.main.groovy.srcDirs.contains(project.file(&quot;griffon-app/${srcDir}&quot;))
|       |          |    |      |       |        |       |                  |
|       |          |    |      |       false    |       |                  services
|       |          |    |      |                |       /tmp/gradle3831917581569976130projectDir/griffon-app/services
|       |          |    |      |                root project 'test'
|       |          |    |      [/tmp/gradle3831917581569976130projectDir/src/main/groovy]
|       |          |    main Groovy source
|       |          source set 'main'
|       [source set 'main', source set 'test']
root project 'test'

	at org.codehaus.griffon.gradle.GriffonPluginWithAppliedGroovyPluginSpecification.sourceSets.main.groovy contains griffon-app/#srcDir(GriffonPluginWithAppliedGroovyPluginSpecification.groovy:34)
</failure>
  </testcase>
  <testcase name="sourceSets.main.groovy contains griffon-app/conf" classname="org.codehaus.griffon.gradle.GriffonPluginWithAppliedGroovyPluginSpecification" time="0.019">
    <failure message="Condition not satisfied:&#10;&#10;project.sourceSets.main.groovy.srcDirs.contains(project.file(&quot;griffon-app/${srcDir}&quot;))&#10;|       |          |    |      |       |        |       |                  |&#10;|       |          |    |      |       false    |       |                  conf&#10;|       |          |    |      |                |       /tmp/gradle3831917581569976130projectDir/griffon-app/conf&#10;|       |          |    |      |                root project 'test'&#10;|       |          |    |      [/tmp/gradle3831917581569976130projectDir/src/main/groovy]&#10;|       |          |    main Groovy source&#10;|       |          source set 'main'&#10;|       [source set 'main', source set 'test']&#10;root project 'test'&#10;" type="org.spockframework.runtime.ConditionNotSatisfiedError">Condition not satisfied:

project.sourceSets.main.groovy.srcDirs.contains(project.file(&quot;griffon-app/${srcDir}&quot;))
|       |          |    |      |       |        |       |                  |
|       |          |    |      |       false    |       |                  conf
|       |          |    |      |                |       /tmp/gradle3831917581569976130projectDir/griffon-app/conf
|       |          |    |      |                root project 'test'
|       |          |    |      [/tmp/gradle3831917581569976130projectDir/src/main/groovy]
|       |          |    main Groovy source
|       |          source set 'main'
|       [source set 'main', source set 'test']
root project 'test'

	at org.codehaus.griffon.gradle.GriffonPluginWithAppliedGroovyPluginSpecification.sourceSets.main.groovy contains griffon-app/#srcDir(GriffonPluginWithAppliedGroovyPluginSpecification.groovy:34)
</failure>
  </testcase>
  <testcase name="sourceSets.main.groovy contains griffon-app/lifecycle" classname="org.codehaus.griffon.gradle.GriffonPluginWithAppliedGroovyPluginSpecification" time="0.019">
    <failure message="Condition not satisfied:&#10;&#10;project.sourceSets.main.groovy.srcDirs.contains(project.file(&quot;griffon-app/${srcDir}&quot;))&#10;|       |          |    |      |       |        |       |                  |&#10;|       |          |    |      |       false    |       |                  lifecycle&#10;|       |          |    |      |                |       /tmp/gradle3831917581569976130projectDir/griffon-app/lifecycle&#10;|       |          |    |      |                root project 'test'&#10;|       |          |    |      [/tmp/gradle3831917581569976130projectDir/src/main/groovy]&#10;|       |          |    main Groovy source&#10;|       |          source set 'main'&#10;|       [source set 'main', source set 'test']&#10;root project 'test'&#10;" type="org.spockframework.runtime.ConditionNotSatisfiedError">Condition not satisfied:

project.sourceSets.main.groovy.srcDirs.contains(project.file(&quot;griffon-app/${srcDir}&quot;))
|       |          |    |      |       |        |       |                  |
|       |          |    |      |       false    |       |                  lifecycle
|       |          |    |      |                |       /tmp/gradle3831917581569976130projectDir/griffon-app/lifecycle
|       |          |    |      |                root project 'test'
|       |          |    |      [/tmp/gradle3831917581569976130projectDir/src/main/groovy]
|       |          |    main Groovy source
|       |          source set 'main'
|       [source set 'main', source set 'test']
root project 'test'

	at org.codehaus.griffon.gradle.GriffonPluginWithAppliedGroovyPluginSpecification.sourceSets.main.groovy contains griffon-app/#srcDir(GriffonPluginWithAppliedGroovyPluginSpecification.groovy:34)
</failure>
  </testcase>
  <system-out><![CDATA[]]></system-out>
  <system-err><![CDATA[SLF4J: Class path contains multiple SLF4J bindings.
SLF4J: Found binding in [jar:file:/home/travis/.gradle/caches/3.2/generated-gradle-jars/gradle-api-3.2.jar!/org/slf4j/impl/StaticLoggerBinder.class]
SLF4J: Found binding in [jar:file:/home/travis/.gradle/caches/modules-2/files-2.1/org.slf4j/slf4j-simple/1.7.21/be4b3c560a37e69b6c58278116740db28832232c/slf4j-simple-1.7.21.jar!/org/slf4j/impl/StaticLoggerBinder.class]
SLF4J: See http://www.slf4j.org/codes.html#multiple_bindings for an explanation.
SLF4J: Actual binding is of type [org.gradle.internal.logging.slf4j.OutputEventListenerBackedLoggerContext]
]]></system-err>
</testsuite>
