<?xml version="1.0" encoding="UTF-8"?>
<testsuite name="org.codehaus.griffon.gradle.GriffonPluginWithAppliedGroovyPluginSpecification" tests="1" skipped="1" failures="0" errors="0" timestamp="2017-02-24T11:26:37" hostname="testing-gce-74d2f9bb-b51a-479d-a49c-205e2856a55c" time="0.0">
  <properties/>
  <testcase name="sourceSets.main.groovy contains griffon-app/#srcDir" classname="org.codehaus.griffon.gradle.GriffonPluginWithAppliedGroovyPluginSpecification" time="0.0">
    <skipped/>
  </testcase>
  <system-out><![CDATA[]]></system-out>
  <system-err><![CDATA[SLF4J: Class path contains multiple SLF4J bindings.
SLF4J: Found binding in [jar:file:/home/travis/.gradle/caches/3.4/generated-gradle-jars/gradle-api-3.4.jar!/org/slf4j/impl/StaticLoggerBinder.class]
SLF4J: Found binding in [jar:file:/home/travis/.gradle/caches/modules-2/files-2.1/org.slf4j/slf4j-simple/1.7.23/ed114279b980db2c7d5fde0873fb93b43612bd03/slf4j-simple-1.7.23.jar!/org/slf4j/impl/StaticLoggerBinder.class]
SLF4J: See http://www.slf4j.org/codes.html#multiple_bindings for an explanation.
SLF4J: Actual binding is of type [org.gradle.internal.logging.slf4j.OutputEventListenerBackedLoggerContext]
]]></system-err>
</testsuite>
