<?xml version="1.0" encoding="UTF-8"?>
<testsuite name="org.codehaus.griffon.gradle.GriffonPluginWithAppliedGroovyPluginSpecification" tests="1" skipped="1" failures="0" errors="0" timestamp="2016-12-26T01:41:53" hostname="testing-gce-685b893e-8dcc-4e98-831a-c87f37484b94" time="0.001">
  <properties/>
  <testcase name="sourceSets.main.groovy contains griffon-app/#srcDir" classname="org.codehaus.griffon.gradle.GriffonPluginWithAppliedGroovyPluginSpecification" time="0.001">
    <skipped/>
  </testcase>
  <system-out><![CDATA[]]></system-out>
  <system-err><![CDATA[SLF4J: Class path contains multiple SLF4J bindings.
SLF4J: Found binding in [jar:file:/home/travis/.gradle/caches/3.2/generated-gradle-jars/gradle-api-3.2.jar!/org/slf4j/impl/StaticLoggerBinder.class]
SLF4J: Found binding in [jar:file:/home/travis/.gradle/caches/modules-2/files-2.1/org.slf4j/slf4j-simple/1.7.21/be4b3c560a37e69b6c58278116740db28832232c/slf4j-simple-1.7.21.jar!/org/slf4j/impl/StaticLoggerBinder.class]
SLF4J: See http://www.slf4j.org/codes.html#multiple_bindings for an explanation.
SLF4J: Actual binding is of type [org.gradle.internal.logging.slf4j.OutputEventListenerBackedLoggerContext]
]]></system-err>
</testsuite>
