<?xml version="1.0" encoding="UTF-8"?>
<testsuite name="griffon.lanterna.widgets.MutableButtonSpec" tests="1" skipped="0" failures="0" errors="0" timestamp="2016-12-26T17:58:45" hostname="testing-gce-c7073926-9797-4451-aa22-4ee5ff1af0c2" time="0.328">
  <properties/>
  <testcase name="Can initialize button using an Action" classname="griffon.lanterna.widgets.MutableButtonSpec" time="0.328"/>
  <system-out><![CDATA[]]></system-out>
  <system-err><![CDATA[]]></system-err>
</testsuite>
