<?xml version="1.0" encoding="UTF-8"?>
<testsuite name="griffon.lanterna.widgets.MutableButtonSpec" tests="1" skipped="0" failures="0" errors="0" timestamp="2016-12-08T10:48:41" hostname="testing-gce-ca57fc1e-ec7c-44b4-8576-00554cba6b12" time="0.369">
  <properties/>
  <testcase name="Can initialize button using an Action" classname="griffon.lanterna.widgets.MutableButtonSpec" time="0.369"/>
  <system-out><![CDATA[]]></system-out>
  <system-err><![CDATA[]]></system-err>
</testsuite>
