<?xml version="1.0" encoding="UTF-8"?>
<testsuite name="griffon.lanterna.widgets.MutableButtonSpec" tests="1" skipped="0" failures="0" errors="0" timestamp="2017-04-07T21:45:52" hostname="testing-gce-648e5267-8028-453c-896a-9b2edc21c03a" time="0.358">
  <properties/>
  <testcase name="Can initialize button using an Action" classname="griffon.lanterna.widgets.MutableButtonSpec" time="0.358"/>
  <system-out><![CDATA[]]></system-out>
  <system-err><![CDATA[]]></system-err>
</testsuite>
