<?xml version="1.0" encoding="UTF-8"?>
<testsuite name="griffon.lanterna.widgets.MutableButtonSpec" tests="1" skipped="0" failures="0" errors="0" timestamp="2016-12-02T13:06:37" hostname="testing-gce-cc5ab124-7f74-4323-a4b5-4e8dc3b1534d" time="0.335">
  <properties/>
  <testcase name="Can initialize button using an Action" classname="griffon.lanterna.widgets.MutableButtonSpec" time="0.335"/>
  <system-out><![CDATA[]]></system-out>
  <system-err><![CDATA[]]></system-err>
</testsuite>
