<?xml version="1.0" encoding="UTF-8"?>
<testsuite name="griffon.core.formatters.BooleanFormatterSpec" tests="27" skipped="0" failures="0" errors="0" timestamp="2017-05-04T14:13:43" hostname="testing-docker-ecc2246c-0b8e-4707-add3-97d74ea6771b" time="0.017">
  <properties/>
  <testcase name="Boolean 'false' produces literal 'false'" classname="griffon.core.formatters.BooleanFormatterSpec" time="0.005"/>
  <testcase name="Boolean 'true' produces literal 'true'" classname="griffon.core.formatters.BooleanFormatterSpec" time="0.0"/>
  <testcase name="Boolean 'null' produces 'null'" classname="griffon.core.formatters.BooleanFormatterSpec" time="0.001"/>
  <testcase name="Boolean 'null' produces ''" classname="griffon.core.formatters.BooleanFormatterSpec" time="0.0"/>
  <testcase name="Boolean 'false' produces 'false'" classname="griffon.core.formatters.BooleanFormatterSpec" time="0.0"/>
  <testcase name="Boolean 'true' produces 'true'" classname="griffon.core.formatters.BooleanFormatterSpec" time="0.0"/>
  <testcase name="Boolean 'false' produces 'no'" classname="griffon.core.formatters.BooleanFormatterSpec" time="0.0"/>
  <testcase name="Boolean 'true' produces 'yes'" classname="griffon.core.formatters.BooleanFormatterSpec" time="0.0"/>
  <testcase name="Boolean 'false' produces 'off'" classname="griffon.core.formatters.BooleanFormatterSpec" time="0.0"/>
  <testcase name="Boolean 'true' produces 'on'" classname="griffon.core.formatters.BooleanFormatterSpec" time="0.0"/>
  <testcase name="Boolean 'null' with pattern 'null' produces literal 'null'" classname="griffon.core.formatters.BooleanFormatterSpec" time="0.002"/>
  <testcase name="Boolean 'false' with pattern 'null' produces literal 'false'" classname="griffon.core.formatters.BooleanFormatterSpec" time="0.001"/>
  <testcase name="Boolean 'true' with pattern 'null' produces literal 'true'" classname="griffon.core.formatters.BooleanFormatterSpec" time="0.0"/>
  <testcase name="Boolean 'null' with pattern 'boolean' produces literal 'null'" classname="griffon.core.formatters.BooleanFormatterSpec" time="0.001"/>
  <testcase name="Boolean 'false' with pattern 'boolean' produces literal 'false'" classname="griffon.core.formatters.BooleanFormatterSpec" time="0.0"/>
  <testcase name="Boolean 'true' with pattern 'boolean' produces literal 'true'" classname="griffon.core.formatters.BooleanFormatterSpec" time="0.0"/>
  <testcase name="Boolean 'null' with pattern 'query' produces literal 'null'" classname="griffon.core.formatters.BooleanFormatterSpec" time="0.0"/>
  <testcase name="Boolean 'false' with pattern 'query' produces literal 'no'" classname="griffon.core.formatters.BooleanFormatterSpec" time="0.0"/>
  <testcase name="Boolean 'true' with pattern 'query' produces literal 'yes'" classname="griffon.core.formatters.BooleanFormatterSpec" time="0.0"/>
  <testcase name="Boolean 'null' with pattern 'switch' produces literal 'null'" classname="griffon.core.formatters.BooleanFormatterSpec" time="0.0"/>
  <testcase name="Boolean 'false' with pattern 'switch' produces literal 'off'" classname="griffon.core.formatters.BooleanFormatterSpec" time="0.0"/>
  <testcase name="Boolean 'true' with pattern 'switch' produces literal 'on'" classname="griffon.core.formatters.BooleanFormatterSpec" time="0.0"/>
  <testcase name="Parse error for pattern 'boolean' with literal 'abc'" classname="griffon.core.formatters.BooleanFormatterSpec" time="0.001"/>
  <testcase name="Parse error for pattern 'query' with literal 'abc'" classname="griffon.core.formatters.BooleanFormatterSpec" time="0.0"/>
  <testcase name="Parse error for pattern 'switch' with literal 'abc'" classname="griffon.core.formatters.BooleanFormatterSpec" time="0.0"/>
  <testcase name="Illegal pattern 'garbage'" classname="griffon.core.formatters.BooleanFormatterSpec" time="0.0"/>
  <testcase name="Illegal literal 'garbage'" classname="griffon.core.formatters.BooleanFormatterSpec" time="0.0"/>
  <system-out><![CDATA[]]></system-out>
  <system-err><![CDATA[]]></system-err>
</testsuite>
