<?xml version="1.0" encoding="UTF-8"?>
<testsuite name="org.codehaus.griffon.runtime.core.artifact.GriffonModelClassSpec" tests="1" skipped="0" failures="0" errors="0" timestamp="2016-12-01T09:17:39" hostname="testing-gce-1c7b4cd7-f8b4-49a0-b9fd-66abade42537" time="0.011">
  <properties/>
  <testcase name="Get and Set properties on model instance" classname="org.codehaus.griffon.runtime.core.artifact.GriffonModelClassSpec" time="0.011"/>
  <system-out><![CDATA[]]></system-out>
  <system-err><![CDATA[]]></system-err>
</testsuite>
