<?xml version="1.0" encoding="UTF-8"?>
<testsuite name="griffon.util.PropertiesReaderSpec" tests="10" skipped="0" failures="0" errors="0" timestamp="2017-04-07T21:31:04" hostname="testing-gce-5d4cb8fc-d966-46b1-be13-5dd5cd7e3fa9" time="0.085">
  <properties/>
  <testcase name="Load properties without active conditional blocks" classname="griffon.util.PropertiesReaderSpec" time="0.069"/>
  <testcase name="Load properties with environments = development" classname="griffon.util.PropertiesReaderSpec" time="0.001"/>
  <testcase name="Load properties with environments = test" classname="griffon.util.PropertiesReaderSpec" time="0.001"/>
  <testcase name="Load properties with environments = production" classname="griffon.util.PropertiesReaderSpec" time="0.001"/>
  <testcase name="Load properties with environments = development and variables = foo" classname="griffon.util.PropertiesReaderSpec" time="0.0"/>
  <testcase name="Load properties with environments = development and variables = bar" classname="griffon.util.PropertiesReaderSpec" time="0.003"/>
  <testcase name="Load properties with environments = test and variables = foo" classname="griffon.util.PropertiesReaderSpec" time="0.0"/>
  <testcase name="Load properties with environments = test and variables = bar" classname="griffon.util.PropertiesReaderSpec" time="0.0"/>
  <testcase name="Load properties with environments = production and variables = foo" classname="griffon.util.PropertiesReaderSpec" time="0.0"/>
  <testcase name="Load properties with environments = production and variables = bar" classname="griffon.util.PropertiesReaderSpec" time="0.001"/>
  <system-out><![CDATA[]]></system-out>
  <system-err><![CDATA[]]></system-err>
</testsuite>
