<?xml version="1.0" encoding="UTF-8"?>
<testsuite name="griffon.util.PropertiesReaderSpec" tests="10" skipped="0" failures="0" errors="0" timestamp="2017-04-21T14:28:13" hostname="testing-gce-709d8ada-b351-4ad2-a8d4-b7f3d8ef1725" time="0.083">
  <properties/>
  <testcase name="Load properties without active conditional blocks" classname="griffon.util.PropertiesReaderSpec" time="0.072"/>
  <testcase name="Load properties with environments = development" classname="griffon.util.PropertiesReaderSpec" time="0.003"/>
  <testcase name="Load properties with environments = test" classname="griffon.util.PropertiesReaderSpec" time="0.001"/>
  <testcase name="Load properties with environments = production" classname="griffon.util.PropertiesReaderSpec" time="0.001"/>
  <testcase name="Load properties with environments = development and variables = foo" classname="griffon.util.PropertiesReaderSpec" time="0.001"/>
  <testcase name="Load properties with environments = development and variables = bar" classname="griffon.util.PropertiesReaderSpec" time="0.001"/>
  <testcase name="Load properties with environments = test and variables = foo" classname="griffon.util.PropertiesReaderSpec" time="0.001"/>
  <testcase name="Load properties with environments = test and variables = bar" classname="griffon.util.PropertiesReaderSpec" time="0.001"/>
  <testcase name="Load properties with environments = production and variables = foo" classname="griffon.util.PropertiesReaderSpec" time="0.0"/>
  <testcase name="Load properties with environments = production and variables = bar" classname="griffon.util.PropertiesReaderSpec" time="0.0"/>
  <system-out><![CDATA[]]></system-out>
  <system-err><![CDATA[]]></system-err>
</testsuite>
