<?xml version="1.0" encoding="UTF-8"?>
<testsuite name="griffon.exceptions.ArtifactHandlerNotFoundExceptionSpec" tests="2" skipped="0" failures="0" errors="0" timestamp="2017-03-02T19:55:14" hostname="testing-gce-65511b51-6214-41a1-96d0-e786045f2f13" time="0.002">
  <properties/>
  <testcase name="Exception should have proper formatted message[0]" classname="griffon.exceptions.ArtifactHandlerNotFoundExceptionSpec" time="0.002"/>
  <testcase name="Exception should have proper formatted message[1]" classname="griffon.exceptions.ArtifactHandlerNotFoundExceptionSpec" time="0.0"/>
  <system-out><![CDATA[]]></system-out>
  <system-err><![CDATA[]]></system-err>
</testsuite>
