<?xml version="1.0" encoding="UTF-8"?>
<testsuite name="griffon.exceptions.TypeNotFoundExceptionSpec" tests="3" skipped="0" failures="0" errors="0" timestamp="2016-11-30T19:22:24" hostname="testing-gce-a869d1a4-1603-4102-8e5d-778a0cbc1838" time="0.002">
  <properties/>
  <testcase name="Exception should have proper formatted message[0]" classname="griffon.exceptions.TypeNotFoundExceptionSpec" time="0.001"/>
  <testcase name="Exception should have proper formatted message[1]" classname="griffon.exceptions.TypeNotFoundExceptionSpec" time="0.001"/>
  <testcase name="Exception should have proper formatted message[2]" classname="griffon.exceptions.TypeNotFoundExceptionSpec" time="0.0"/>
  <system-out><![CDATA[]]></system-out>
  <system-err><![CDATA[]]></system-err>
</testsuite>
