<?xml version="1.0" encoding="UTF-8"?>
<testsuite name="org.codehaus.griffon.runtime.core.storage.DefaultObjectFactorySpec" tests="6" skipped="0" failures="0" errors="0" timestamp="2016-12-02T17:22:43" hostname="testing-gce-b7bef7dc-c5f5-4a45-999f-a3a47e3215e0" time="0.037">
  <properties/>
  <testcase name="Find config under default" classname="org.codehaus.griffon.runtime.core.storage.DefaultObjectFactorySpec" time="0.031"/>
  <testcase name="Find config under internal" classname="org.codehaus.griffon.runtime.core.storage.DefaultObjectFactorySpec" time="0.0"/>
  <testcase name="Find config under nonexistant" classname="org.codehaus.griffon.runtime.core.storage.DefaultObjectFactorySpec" time="0.001"/>
  <testcase name="Find config under default" classname="org.codehaus.griffon.runtime.core.storage.DefaultObjectFactorySpec" time="0.001"/>
  <testcase name="Find config under internal" classname="org.codehaus.griffon.runtime.core.storage.DefaultObjectFactorySpec" time="0.0"/>
  <testcase name="Find config under nonexistant" classname="org.codehaus.griffon.runtime.core.storage.DefaultObjectFactorySpec" time="0.001"/>
  <system-out><![CDATA[]]></system-out>
  <system-err><![CDATA[[Test worker] DEBUG org.codehaus.griffon.runtime.core.event.AbstractEventRouter - Triggering event 'RandomEvent' synchronously
[Test worker] DEBUG org.codehaus.griffon.runtime.core.event.AbstractEventRouter - Triggering event 'RandomEvent' synchronously
[Test worker] DEBUG org.codehaus.griffon.runtime.core.event.AbstractEventRouter - Triggering event 'RandomEvent' synchronously
[Test worker] DEBUG org.codehaus.griffon.runtime.core.event.AbstractEventRouter - Triggering event 'RandomEvent' synchronously
[Test worker] DEBUG org.codehaus.griffon.runtime.core.event.AbstractEventRouter - Triggering event 'RandomEvent' synchronously
[Test worker] DEBUG org.codehaus.griffon.runtime.core.event.AbstractEventRouter - Triggering event 'RandomEvent' synchronously
]]></system-err>
</testsuite>
