<?xml version="1.0" encoding="UTF-8"?>
<testsuite name="org.codehaus.griffon.runtime.util.DefaultCompositeResourceBundleBuilderSpec" tests="6" skipped="0" failures="0" errors="0" timestamp="2017-03-13T20:08:23" hostname="testing-gce-5c6f6730-f713-4b79-bb0b-2c95a726fbf5" time="1.026">
  <properties/>
  <testcase name="Create throws class java.lang.IllegalArgumentException" classname="org.codehaus.griffon.runtime.util.DefaultCompositeResourceBundleBuilderSpec" time="1.002"/>
  <testcase name="Create throws class java.lang.NullPointerException" classname="org.codehaus.griffon.runtime.util.DefaultCompositeResourceBundleBuilderSpec" time="0.001"/>
  <testcase name="Create throws class java.lang.IllegalArgumentException" classname="org.codehaus.griffon.runtime.util.DefaultCompositeResourceBundleBuilderSpec" time="0.014"/>
  <testcase name="Excercise bundle creation with org.codehaus.griffon.runtime.util.NotFoundBundle" classname="org.codehaus.griffon.runtime.util.DefaultCompositeResourceBundleBuilderSpec" time="0.003"/>
  <testcase name="Excercise bundle creation with org.codehaus.griffon.runtime.util.NotABundle" classname="org.codehaus.griffon.runtime.util.DefaultCompositeResourceBundleBuilderSpec" time="0.001"/>
  <testcase name="Excercise bundle creation with org.codehaus.griffon.runtime.util.BrokenBundle" classname="org.codehaus.griffon.runtime.util.DefaultCompositeResourceBundleBuilderSpec" time="0.001"/>
  <system-out><![CDATA[]]></system-out>
  <system-err><![CDATA[[Test worker] DEBUG griffon.util.AnnotationUtils - computed resource bundle loader order is []
[Test worker] DEBUG griffon.util.AnnotationUtils - computed resource bundle loader order is []
[Test worker] DEBUG griffon.util.AnnotationUtils - computed resource bundle loader order is []
[Test worker] DEBUG griffon.util.AnnotationUtils - computed resource bundle loader order is []
]]></system-err>
</testsuite>
