<?xml version="1.0" encoding="UTF-8"?>
<testsuite name="org.codehaus.griffon.runtime.core.storage.DefaultObjectFactorySpec" tests="6" skipped="0" failures="0" errors="0" timestamp="2016-11-15T19:49:12" hostname="testing-gce-0a7091f9-5a3d-42d2-bba2-f82cd72fbd72" time="0.036">
  <properties/>
  <testcase name="Find config under default" classname="org.codehaus.griffon.runtime.core.storage.DefaultObjectFactorySpec" time="0.03"/>
  <testcase name="Find config under internal" classname="org.codehaus.griffon.runtime.core.storage.DefaultObjectFactorySpec" time="0.001"/>
  <testcase name="Find config under nonexistant" classname="org.codehaus.griffon.runtime.core.storage.DefaultObjectFactorySpec" time="0.001"/>
  <testcase name="Find config under default" classname="org.codehaus.griffon.runtime.core.storage.DefaultObjectFactorySpec" time="0.0"/>
  <testcase name="Find config under internal" classname="org.codehaus.griffon.runtime.core.storage.DefaultObjectFactorySpec" time="0.001"/>
  <testcase name="Find config under nonexistant" classname="org.codehaus.griffon.runtime.core.storage.DefaultObjectFactorySpec" time="0.001"/>
  <system-out><![CDATA[]]></system-out>
  <system-err><![CDATA[]]></system-err>
</testsuite>
