<?xml version="1.0" encoding="UTF-8"?>
<testsuite name="org.codehaus.griffon.runtime.util.DefaultCompositeResourceBundleBuilderSpec" tests="6" skipped="0" failures="0" errors="0" timestamp="2017-04-11T08:37:24" hostname="testing-gce-c87b0d7a-842c-4073-abeb-1a1a45e4e432" time="1.146">
  <properties/>
  <testcase name="Create throws class java.lang.IllegalArgumentException" classname="org.codehaus.griffon.runtime.util.DefaultCompositeResourceBundleBuilderSpec" time="1.124"/>
  <testcase name="Create throws class java.lang.NullPointerException" classname="org.codehaus.griffon.runtime.util.DefaultCompositeResourceBundleBuilderSpec" time="0.001"/>
  <testcase name="Create throws class java.lang.IllegalArgumentException" classname="org.codehaus.griffon.runtime.util.DefaultCompositeResourceBundleBuilderSpec" time="0.015"/>
  <testcase name="Excercise bundle creation with org.codehaus.griffon.runtime.util.NotFoundBundle" classname="org.codehaus.griffon.runtime.util.DefaultCompositeResourceBundleBuilderSpec" time="0.003"/>
  <testcase name="Excercise bundle creation with org.codehaus.griffon.runtime.util.NotABundle" classname="org.codehaus.griffon.runtime.util.DefaultCompositeResourceBundleBuilderSpec" time="0.001"/>
  <testcase name="Excercise bundle creation with org.codehaus.griffon.runtime.util.BrokenBundle" classname="org.codehaus.griffon.runtime.util.DefaultCompositeResourceBundleBuilderSpec" time="0.001"/>
  <system-out><![CDATA[]]></system-out>
  <system-err><![CDATA[[Test worker] DEBUG griffon.util.AnnotationUtils - computed resource bundle loader order is []
[Test worker] DEBUG griffon.util.AnnotationUtils - computed resource bundle loader order is []
[Test worker] DEBUG griffon.util.AnnotationUtils - computed resource bundle loader order is []
[Test worker] DEBUG griffon.util.AnnotationUtils - computed resource bundle loader order is []
]]></system-err>
</testsuite>
