<?xml version="1.0" encoding="UTF-8"?>
<testsuite name="org.codehaus.griffon.runtime.core.AbstractVetoableTest" tests="1" skipped="0" failures="0" errors="0" timestamp="2016-12-05T10:39:54" hostname="testing-gce-189093d2-39ca-4652-aec9-ff08f5b8a81f" time="0.019">
  <properties/>
  <testcase name="vetoableSetup" classname="org.codehaus.griffon.runtime.core.AbstractVetoableTest" time="0.019"/>
  <system-out><![CDATA[]]></system-out>
  <system-err><![CDATA[]]></system-err>
</testsuite>
