<?xml version="1.0" encoding="UTF-8"?>
<testsuite name="griffon.util.ResourceBundleReaderSpec" tests="10" skipped="0" failures="0" errors="0" timestamp="2017-05-04T09:04:55" hostname="testing-docker-ace0605b-7337-48a1-8fdb-4d5d4cfd489f" time="0.083">
  <properties/>
  <testcase name="Load bundle without active conditional blocks" classname="griffon.util.ResourceBundleReaderSpec" time="0.064"/>
  <testcase name="Load bundle with environments = development" classname="griffon.util.ResourceBundleReaderSpec" time="0.002"/>
  <testcase name="Load bundle with environments = test" classname="griffon.util.ResourceBundleReaderSpec" time="0.001"/>
  <testcase name="Load bundle with environments = production" classname="griffon.util.ResourceBundleReaderSpec" time="0.001"/>
  <testcase name="Load bundle with environments = development and variables = foo" classname="griffon.util.ResourceBundleReaderSpec" time="0.006"/>
  <testcase name="Load bundle with environments = development and variables = bar" classname="griffon.util.ResourceBundleReaderSpec" time="0.001"/>
  <testcase name="Load bundle with environments = test and variables = foo" classname="griffon.util.ResourceBundleReaderSpec" time="0.001"/>
  <testcase name="Load bundle with environments = test and variables = bar" classname="griffon.util.ResourceBundleReaderSpec" time="0.001"/>
  <testcase name="Load bundle with environments = production and variables = foo" classname="griffon.util.ResourceBundleReaderSpec" time="0.001"/>
  <testcase name="Load bundle with environments = production and variables = bar" classname="griffon.util.ResourceBundleReaderSpec" time="0.001"/>
  <system-out><![CDATA[]]></system-out>
  <system-err><![CDATA[]]></system-err>
</testsuite>
