<?xml version="1.0" encoding="UTF-8"?>
<testsuite name="org.codehaus.griffon.runtime.core.ExecutorServiceManagerSpec" tests="1" skipped="0" failures="0" errors="0" timestamp="2017-01-16T09:18:54" hostname="testing-gce-4c618c2c-437c-402b-9bda-43779c2508ed" time="0.017">
  <properties/>
  <testcase name="Excercise API" classname="org.codehaus.griffon.runtime.core.ExecutorServiceManagerSpec" time="0.017"/>
  <system-out><![CDATA[]]></system-out>
  <system-err><![CDATA[]]></system-err>
</testsuite>
