<?xml version="1.0" encoding="UTF-8"?>
<testsuite name="griffon.exceptions.PropertyExceptionSpec" tests="3" skipped="0" failures="0" errors="0" timestamp="2017-02-24T11:27:11" hostname="testing-gce-74d2f9bb-b51a-479d-a49c-205e2856a55c" time="0.005">
  <properties/>
  <testcase name="Exception should have proper formatted message[0]" classname="griffon.exceptions.PropertyExceptionSpec" time="0.002"/>
  <testcase name="Exception should have proper formatted message[1]" classname="griffon.exceptions.PropertyExceptionSpec" time="0.003"/>
  <testcase name="Exception should have proper formatted message[2]" classname="griffon.exceptions.PropertyExceptionSpec" time="0.0"/>
  <system-out><![CDATA[]]></system-out>
  <system-err><![CDATA[]]></system-err>
</testsuite>
