<?xml version="1.0" encoding="UTF-8"?>
<testsuite name="org.codehaus.griffon.runtime.core.artifact.GriffonModelTest" tests="2" skipped="0" failures="0" errors="0" timestamp="2016-11-17T21:55:59" hostname="testing-gce-a500a3b7-3e8b-4697-b127-d17b45a2fbc5" time="0.054">
  <properties/>
  <testcase name="modelAsObservable" classname="org.codehaus.griffon.runtime.core.artifact.GriffonModelTest" time="0.042"/>
  <testcase name="modelAsVetoable" classname="org.codehaus.griffon.runtime.core.artifact.GriffonModelTest" time="0.011"/>
  <system-out><![CDATA[]]></system-out>
  <system-err><![CDATA[]]></system-err>
</testsuite>
