<?xml version="1.0" encoding="UTF-8"?>
<testsuite name="org.codehaus.griffon.runtime.core.controller.NoopActionManagerSpec" tests="1" skipped="0" failures="0" errors="0" timestamp="2017-04-28T07:20:10" hostname="testing-gce-d418c672-e417-4758-9132-06e50a90cdc7" time="0.019">
  <properties/>
  <testcase name="Verify NoopActionManager" classname="org.codehaus.griffon.runtime.core.controller.NoopActionManagerSpec" time="0.019"/>
  <system-out><![CDATA[]]></system-out>
  <system-err><![CDATA[]]></system-err>
</testsuite>
