<?xml version="1.0" encoding="UTF-8"?>
<testsuite name="griffon.util.CollectionUtilsTest" tests="4" skipped="0" failures="0" errors="0" timestamp="2017-01-20T08:36:53" hostname="testing-gce-7a9bbf15-27be-4fe1-b344-89097b4b1abf" time="0.099">
  <properties/>
  <testcase name="testListBuilderAndDelegate" classname="griffon.util.CollectionUtilsTest" time="0.013"/>
  <testcase name="testMapBuilderAdDelegate" classname="griffon.util.CollectionUtilsTest" time="0.048"/>
  <testcase name="testSetBuilderAndDelegate" classname="griffon.util.CollectionUtilsTest" time="0.027"/>
  <testcase name="testToPropertiesDeep" classname="griffon.util.CollectionUtilsTest" time="0.01"/>
  <system-out><![CDATA[]]></system-out>
  <system-err><![CDATA[]]></system-err>
</testsuite>
