<?xml version="1.0" encoding="UTF-8"?>
<testsuite name="griffon.util.CollectionUtilsTest" tests="3" skipped="0" failures="0" errors="0" timestamp="2016-11-17T21:56:06" hostname="testing-gce-a500a3b7-3e8b-4697-b127-d17b45a2fbc5" time="0.065">
  <properties/>
  <testcase name="testListBuilderAndDelegate" classname="griffon.util.CollectionUtilsTest" time="0.026"/>
  <testcase name="testMapBuilderAdDelegate" classname="griffon.util.CollectionUtilsTest" time="0.008"/>
  <testcase name="testSetBuilderAndDelegate" classname="griffon.util.CollectionUtilsTest" time="0.024"/>
  <system-out><![CDATA[]]></system-out>
  <system-err><![CDATA[]]></system-err>
</testsuite>
