<?xml version="1.0" encoding="UTF-8"?>
<testsuite name="griffon.util.ResourceBundleReaderSpec" tests="10" skipped="0" failures="0" errors="0" timestamp="2017-03-11T18:00:23" hostname="testing-gce-cd3301c2-d098-4e73-b7ac-0b4668f8bf6d" time="0.039">
  <properties/>
  <testcase name="Load bundle without active conditional blocks" classname="griffon.util.ResourceBundleReaderSpec" time="0.028"/>
  <testcase name="Load bundle with environments = development" classname="griffon.util.ResourceBundleReaderSpec" time="0.002"/>
  <testcase name="Load bundle with environments = test" classname="griffon.util.ResourceBundleReaderSpec" time="0.001"/>
  <testcase name="Load bundle with environments = production" classname="griffon.util.ResourceBundleReaderSpec" time="0.0"/>
  <testcase name="Load bundle with environments = development and variables = foo" classname="griffon.util.ResourceBundleReaderSpec" time="0.001"/>
  <testcase name="Load bundle with environments = development and variables = bar" classname="griffon.util.ResourceBundleReaderSpec" time="0.0"/>
  <testcase name="Load bundle with environments = test and variables = foo" classname="griffon.util.ResourceBundleReaderSpec" time="0.001"/>
  <testcase name="Load bundle with environments = test and variables = bar" classname="griffon.util.ResourceBundleReaderSpec" time="0.001"/>
  <testcase name="Load bundle with environments = production and variables = foo" classname="griffon.util.ResourceBundleReaderSpec" time="0.001"/>
  <testcase name="Load bundle with environments = production and variables = bar" classname="griffon.util.ResourceBundleReaderSpec" time="0.001"/>
  <system-out><![CDATA[]]></system-out>
  <system-err><![CDATA[]]></system-err>
</testsuite>
