<?xml version="1.0" encoding="UTF-8"?>
<testsuite name="org.codehaus.griffon.runtime.core.artifact.GriffonModelTest" tests="2" skipped="0" failures="0" errors="0" timestamp="2017-04-28T07:33:59" hostname="testing-gce-bb15f2b8-b6ea-4bfb-8616-2279e2bebb3d" time="0.01">
  <properties/>
  <testcase name="modelAsObservable" classname="org.codehaus.griffon.runtime.core.artifact.GriffonModelTest" time="0.005"/>
  <testcase name="modelAsVetoable" classname="org.codehaus.griffon.runtime.core.artifact.GriffonModelTest" time="0.005"/>
  <system-out><![CDATA[]]></system-out>
  <system-err><![CDATA[]]></system-err>
</testsuite>
