<?xml version="1.0" encoding="UTF-8"?>
<testsuite name="org.codehaus.griffon.runtime.core.artifact.GriffonArtifactSpec" tests="25" skipped="0" failures="0" errors="0" timestamp="2016-11-30T21:34:35" hostname="testing-gce-7b284da2-1dfc-4486-9403-0c3889a84a74" time="1.11">
  <properties/>
  <testcase name="Bootstrap application" classname="org.codehaus.griffon.runtime.core.artifact.GriffonArtifactSpec" time="0.786"/>
  <testcase name="Verify withMvcGroup(type , handler)" classname="org.codehaus.griffon.runtime.core.artifact.GriffonArtifactSpec" time="0.045"/>
  <testcase name="Verify withMvcGroup(type, id , handler)" classname="org.codehaus.griffon.runtime.core.artifact.GriffonArtifactSpec" time="0.016"/>
  <testcase name="Verify withMvcGroup(type, id, map , handler)" classname="org.codehaus.griffon.runtime.core.artifact.GriffonArtifactSpec" time="0.017"/>
  <testcase name="Verify withMvcGroup(type, map , handler)" classname="org.codehaus.griffon.runtime.core.artifact.GriffonArtifactSpec" time="0.017"/>
  <testcase name="Verify withMvcGroup(map, type, id , handler)" classname="org.codehaus.griffon.runtime.core.artifact.GriffonArtifactSpec" time="0.016"/>
  <testcase name="Verify withMvcGroup(map, type , handler)" classname="org.codehaus.griffon.runtime.core.artifact.GriffonArtifactSpec" time="0.018"/>
  <testcase name="Verify createMVCGroup(type)" classname="org.codehaus.griffon.runtime.core.artifact.GriffonArtifactSpec" time="0.011"/>
  <testcase name="Verify createMVCGroup(type, id)" classname="org.codehaus.griffon.runtime.core.artifact.GriffonArtifactSpec" time="0.01"/>
  <testcase name="Verify createMVCGroup(type, map)" classname="org.codehaus.griffon.runtime.core.artifact.GriffonArtifactSpec" time="0.012"/>
  <testcase name="Verify createMVCGroup(map, type)" classname="org.codehaus.griffon.runtime.core.artifact.GriffonArtifactSpec" time="0.009"/>
  <testcase name="Verify createMVCGroup(type, id, map)" classname="org.codehaus.griffon.runtime.core.artifact.GriffonArtifactSpec" time="0.01"/>
  <testcase name="Verify createMVCGroup(map, type, id)" classname="org.codehaus.griffon.runtime.core.artifact.GriffonArtifactSpec" time="0.011"/>
  <testcase name="Verify createMVC(type)" classname="org.codehaus.griffon.runtime.core.artifact.GriffonArtifactSpec" time="0.016"/>
  <testcase name="Verify createMVC(type, id)" classname="org.codehaus.griffon.runtime.core.artifact.GriffonArtifactSpec" time="0.009"/>
  <testcase name="Verify createMVC(type, map)" classname="org.codehaus.griffon.runtime.core.artifact.GriffonArtifactSpec" time="0.015"/>
  <testcase name="Verify createMVC(map, type)" classname="org.codehaus.griffon.runtime.core.artifact.GriffonArtifactSpec" time="0.019"/>
  <testcase name="Verify createMVC(type, id, map)" classname="org.codehaus.griffon.runtime.core.artifact.GriffonArtifactSpec" time="0.01"/>
  <testcase name="Verify createMVC(map, type, id)" classname="org.codehaus.griffon.runtime.core.artifact.GriffonArtifactSpec" time="0.011"/>
  <testcase name="Verify destroyMVCGroup(id)" classname="org.codehaus.griffon.runtime.core.artifact.GriffonArtifactSpec" time="0.009"/>
  <testcase name="Execute runnable inside UI sync" classname="org.codehaus.griffon.runtime.core.artifact.GriffonArtifactSpec" time="0.003"/>
  <testcase name="Execute runnable inside UI async" classname="org.codehaus.griffon.runtime.core.artifact.GriffonArtifactSpec" time="0.002"/>
  <testcase name="Execute runnable outside UI" classname="org.codehaus.griffon.runtime.core.artifact.GriffonArtifactSpec" time="0.002"/>
  <testcase name="Execute future" classname="org.codehaus.griffon.runtime.core.artifact.GriffonArtifactSpec" time="0.002"/>
  <testcase name="Execute future with ExecutorService" classname="org.codehaus.griffon.runtime.core.artifact.GriffonArtifactSpec" time="0.009"/>
  <system-out><![CDATA[]]></system-out>
  <system-err><![CDATA[[Test worker] INFO org.codehaus.griffon.runtime.core.DefaultApplicationBootstrapper - Griffon 2.9.0-SNAPSHOT
[Test worker] INFO org.codehaus.griffon.runtime.core.DefaultApplicationBootstrapper - Build: 2016-11-30T21:33:28.949+0000
[Test worker] INFO org.codehaus.griffon.runtime.core.DefaultApplicationBootstrapper - Revision: b115ac5d0a443612f965832155f31f4c5fb26b49
[Test worker] INFO org.codehaus.griffon.runtime.core.DefaultApplicationBootstrapper - JVM: 1.8.0_111 (Oracle Corporation 25.111-b14)
[Test worker] INFO org.codehaus.griffon.runtime.core.DefaultApplicationBootstrapper - OS: Linux 3.13.0-92-generic amd64
[Test worker] INFO integration.TestGriffonApplication - Initializing all startup groups: [integration]
[Test worker] INFO integration.TestGriffonApplication - Initializing all integration startup groups: [sample]
[Test worker] WARN org.codehaus.griffon.runtime.core.mvc.DefaultMVCGroupManager - Property 'key' in controller (integration.SimpleController) must be annotated with @griffon.inject.MVCMember.
[Test worker] WARN org.codehaus.griffon.runtime.core.mvc.DefaultMVCGroupManager - Property 'key' in controller (integration.SimpleController) must be annotated with @griffon.inject.MVCMember.
[Test worker] WARN org.codehaus.griffon.runtime.core.mvc.DefaultMVCGroupManager - Property 'key' in controller (integration.SimpleController) must be annotated with @griffon.inject.MVCMember.
[Test worker] WARN org.codehaus.griffon.runtime.core.mvc.DefaultMVCGroupManager - Property 'key' in controller (integration.SimpleController) must be annotated with @griffon.inject.MVCMember.
[Test worker] WARN org.codehaus.griffon.runtime.core.mvc.DefaultMVCGroupManager - Property 'key' in controller (integration.SimpleController) must be annotated with @griffon.inject.MVCMember.
[Test worker] WARN org.codehaus.griffon.runtime.core.mvc.DefaultMVCGroupManager - Property 'key' in controller (integration.SimpleController) must be annotated with @griffon.inject.MVCMember.
[Test worker] WARN org.codehaus.griffon.runtime.core.mvc.DefaultMVCGroupManager - Property 'key' in controller (integration.SimpleController) must be annotated with @griffon.inject.MVCMember.
[Test worker] WARN org.codehaus.griffon.runtime.core.mvc.DefaultMVCGroupManager - Property 'key' in controller (integration.SimpleController) must be annotated with @griffon.inject.MVCMember.
[Test worker] WARN org.codehaus.griffon.runtime.core.mvc.DefaultMVCGroupManager - Property 'key' in controller (integration.SimpleController) must be annotated with @griffon.inject.MVCMember.
[Test worker] WARN org.codehaus.griffon.runtime.core.mvc.DefaultMVCGroupManager - Property 'key' in controller (integration.SimpleController) must be annotated with @griffon.inject.MVCMember.
[Test worker] WARN org.codehaus.griffon.runtime.core.mvc.DefaultMVCGroupManager - Property 'key' in controller (integration.SimpleController) must be annotated with @griffon.inject.MVCMember.
[Test worker] WARN org.codehaus.griffon.runtime.core.mvc.DefaultMVCGroupManager - Property 'key' in controller (integration.SimpleController) must be annotated with @griffon.inject.MVCMember.
[Test worker] INFO integration.TestGriffonApplication - Shutdown is in process
]]></system-err>
</testsuite>
