<?xml version="1.0" encoding="UTF-8"?>
<testsuite name="org.codehaus.griffon.runtime.core.resources.DefaultResourceInjectorTests" tests="1" skipped="0" failures="0" errors="0" timestamp="2016-11-17T21:55:59" hostname="testing-gce-a500a3b7-3e8b-4697-b127-d17b45a2fbc5" time="0.044">
  <properties/>
  <testcase name="resolveAllFormatsByProperties" classname="org.codehaus.griffon.runtime.core.resources.DefaultResourceInjectorTests" time="0.044"/>
  <system-out><![CDATA[]]></system-out>
  <system-err><![CDATA[]]></system-err>
</testsuite>
