<?xml version="1.0" encoding="UTF-8"?>
<testsuite name="griffon.core.injection.QualifierSpec" tests="1" skipped="0" failures="0" errors="0" timestamp="2016-12-07T11:31:12" hostname="testing-gce-18702692-515d-4fb2-b554-869b19883cee" time="0.008">
  <properties/>
  <testcase name="Test Qualified settings" classname="griffon.core.injection.QualifierSpec" time="0.008"/>
  <system-out><![CDATA[]]></system-out>
  <system-err><![CDATA[]]></system-err>
</testsuite>
