<?xml version="1.0" encoding="UTF-8"?>
<testsuite name="griffon.util.ExpandableResourceBundleSpec" tests="5" skipped="0" failures="0" errors="0" timestamp="2016-12-05T10:39:48" hostname="testing-gce-189093d2-39ca-4652-aec9-ff08f5b8a81f" time="0.046">
  <properties/>
  <testcase name="Calling bundle.getObject(single, #Error:defaultValue) gives single as result" classname="griffon.util.ExpandableResourceBundleSpec" time="0.038"/>
  <testcase name="Calling bundle.getObject(key.string, #Error:defaultValue) gives string as result" classname="griffon.util.ExpandableResourceBundleSpec" time="0.001"/>
  <testcase name="Calling bundle.getObject(key.number, #Error:defaultValue) gives number as result" classname="griffon.util.ExpandableResourceBundleSpec" time="0.0"/>
  <testcase name="Calling bundle.getObject(key, #Error:defaultValue) gives [string:string, number:number] as result" classname="griffon.util.ExpandableResourceBundleSpec" time="0.001"/>
  <testcase name="Test wrapping modes" classname="griffon.util.ExpandableResourceBundleSpec" time="0.001"/>
  <system-out><![CDATA[]]></system-out>
  <system-err><![CDATA[]]></system-err>
</testsuite>
