<?xml version="1.0" encoding="UTF-8"?>
<testsuite name="org.codehaus.griffon.runtime.core.ConfigurationSpec" tests="16" skipped="0" failures="0" errors="0" timestamp="2017-02-27T16:56:46" hostname="testing-gce-42c31fda-833f-42ec-a8cd-e409c16e7131" time="0.055">
  <properties/>
  <testcase name="Calling configuration.get(key.string, null) returns string" classname="org.codehaus.griffon.runtime.core.ConfigurationSpec" time="0.034"/>
  <testcase name="Calling configuration.get(key.string, foo) returns string" classname="org.codehaus.griffon.runtime.core.ConfigurationSpec" time="0.001"/>
  <testcase name="Calling configuration.get(key.int.type, null) returns 42" classname="org.codehaus.griffon.runtime.core.ConfigurationSpec" time="0.0"/>
  <testcase name="Calling configuration.get(key.int.type, foo) returns 42" classname="org.codehaus.griffon.runtime.core.ConfigurationSpec" time="0.001"/>
  <testcase name="Calling configuration.get(key.foo, null) returns null" classname="org.codehaus.griffon.runtime.core.ConfigurationSpec" time="0.0"/>
  <testcase name="Calling configuration.get(key.foo, foo) returns foo" classname="org.codehaus.griffon.runtime.core.ConfigurationSpec" time="0.001"/>
  <testcase name="Calling configuration.getAs(key.int.type) returns blindly casted 42" classname="org.codehaus.griffon.runtime.core.ConfigurationSpec" time="0.003"/>
  <testcase name="Calling configuration.getAsConverted(key.int.null) returns converted null" classname="org.codehaus.griffon.runtime.core.ConfigurationSpec" time="0.001"/>
  <testcase name="Calling configuration.getAsConverted(key.int.type) returns converted 42" classname="org.codehaus.griffon.runtime.core.ConfigurationSpec" time="0.001"/>
  <testcase name="Calling configuration.getAsConverted(key.int.string) returns converted 21" classname="org.codehaus.griffon.runtime.core.ConfigurationSpec" time="0.0"/>
  <testcase name="Calling configuration.getAsString(key.string, null) returns string" classname="org.codehaus.griffon.runtime.core.ConfigurationSpec" time="0.0"/>
  <testcase name="Calling configuration.getAsString(key.string, foo) returns string" classname="org.codehaus.griffon.runtime.core.ConfigurationSpec" time="0.0"/>
  <testcase name="Calling configuration.getAsString(key.int.type, null) returns 42" classname="org.codehaus.griffon.runtime.core.ConfigurationSpec" time="0.009"/>
  <testcase name="Calling configuration.getAsString(key.int.type, foo) returns 42" classname="org.codehaus.griffon.runtime.core.ConfigurationSpec" time="0.0"/>
  <testcase name="Calling configuration.getAsString(key.foo, null) returns null" classname="org.codehaus.griffon.runtime.core.ConfigurationSpec" time="0.001"/>
  <testcase name="Calling configuration.getAsString(key.foo, foo) returns foo" classname="org.codehaus.griffon.runtime.core.ConfigurationSpec" time="0.0"/>
  <system-out><![CDATA[]]></system-out>
  <system-err><![CDATA[[Test worker] TRACE griffon.core.editors.PropertyEditorResolver - Searching PropertyEditor for java.lang.Integer
[Test worker] TRACE griffon.core.editors.PropertyEditorResolver - PropertyEditor for java.lang.Integer is griffon.core.editors.IntegerPropertyEditor
]]></system-err>
</testsuite>
