<?xml version="1.0" encoding="UTF-8"?>
<testsuite name="griffon.core.editors.URIPropertyEditorSpec" tests="12" skipped="0" failures="0" errors="0" timestamp="2017-01-02T03:00:27" hostname="testing-gce-680137c7-17b8-4669-933f-d1be09a2a8ab" time="0.01">
  <properties/>
  <testcase name="URI literal 'null' should be equal to null" classname="griffon.core.editors.URIPropertyEditorSpec" time="0.004"/>
  <testcase name="URI literal '' should be equal to null" classname="griffon.core.editors.URIPropertyEditorSpec" time="0.0"/>
  <testcase name="URI literal ' ' should be equal to null" classname="griffon.core.editors.URIPropertyEditorSpec" time="0.0"/>
  <testcase name="URI literal 'http://localhost' should be equal to http://localhost" classname="griffon.core.editors.URIPropertyEditorSpec" time="0.0"/>
  <testcase name="URI literal '/' should be equal to file:/" classname="griffon.core.editors.URIPropertyEditorSpec" time="0.0"/>
  <testcase name="URI literal 'http://localhost' should be equal to http://localhost" classname="griffon.core.editors.URIPropertyEditorSpec" time="0.0"/>
  <testcase name="Invalid uri literal 'http://localhost/&amp;?_&lt;&gt;'" classname="griffon.core.editors.URIPropertyEditorSpec" time="0.001"/>
  <testcase name="Invalid uri literal '[]'" classname="griffon.core.editors.URIPropertyEditorSpec" time="0.0"/>
  <testcase name="Invalid uri literal '[1, 2, 3]'" classname="griffon.core.editors.URIPropertyEditorSpec" time="0.0"/>
  <testcase name="Invalid uri literal '[:]'" classname="griffon.core.editors.URIPropertyEditorSpec" time="0.0"/>
  <testcase name="Invalid uri literal '[key:value]'" classname="griffon.core.editors.URIPropertyEditorSpec" time="0.0"/>
  <testcase name="Invalid uri literal 'java.lang.Object@353ce295'" classname="griffon.core.editors.URIPropertyEditorSpec" time="0.0"/>
  <system-out><![CDATA[]]></system-out>
  <system-err><![CDATA[]]></system-err>
</testsuite>
