<?xml version="1.0" encoding="UTF-8"?>
<testsuite name="org.codehaus.griffon.runtime.util.PropertiesResourceBundleLoaderSpec" tests="4" skipped="0" failures="0" errors="0" timestamp="2017-05-04T14:13:51" hostname="testing-docker-ecc2246c-0b8e-4707-add3-97d74ea6771b" time="0.021">
  <properties/>
  <testcase name="Load bundle and check string = string" classname="org.codehaus.griffon.runtime.util.PropertiesResourceBundleLoaderSpec" time="0.018"/>
  <testcase name="Load bundle and check integer = 42" classname="org.codehaus.griffon.runtime.util.PropertiesResourceBundleLoaderSpec" time="0.001"/>
  <testcase name="Load bundle and check keys.bar = bar" classname="org.codehaus.griffon.runtime.util.PropertiesResourceBundleLoaderSpec" time="0.001"/>
  <testcase name="Load bundle and check foo = dev" classname="org.codehaus.griffon.runtime.util.PropertiesResourceBundleLoaderSpec" time="0.001"/>
  <system-out><![CDATA[[keys.bar, string, foo, integer]
[keys.bar, string, foo, integer]
[keys.bar, string, foo, integer]
[keys.bar, string, foo, integer]
]]></system-out>
  <system-err><![CDATA[]]></system-err>
</testsuite>
