<?xml version="1.0" encoding="UTF-8"?>
<testsuite name="griffon.core.editors.FloatPropertyEditorSpec" tests="13" skipped="0" failures="0" errors="0" timestamp="2017-04-07T21:31:06" hostname="testing-gce-5d4cb8fc-d966-46b1-be13-5dd5cd7e3fa9" time="0.007">
  <properties/>
  <testcase name="Float literal 'null' with format 'null' should be equal to null" classname="griffon.core.editors.FloatPropertyEditorSpec" time="0.002"/>
  <testcase name="Float literal '' with format 'null' should be equal to null" classname="griffon.core.editors.FloatPropertyEditorSpec" time="0.0"/>
  <testcase name="Float literal '0.1' with format 'null' should be equal to 0.1" classname="griffon.core.editors.FloatPropertyEditorSpec" time="0.001"/>
  <testcase name="Float literal '10%' with format 'percent' should be equal to 0.1" classname="griffon.core.editors.FloatPropertyEditorSpec" time="0.0"/>
  <testcase name="Float literal '$0.10' with format 'currency' should be equal to 0.1" classname="griffon.core.editors.FloatPropertyEditorSpec" time="0.0"/>
  <testcase name="Float literal '0.1' with format 'null' should be equal to 0.1" classname="griffon.core.editors.FloatPropertyEditorSpec" time="0.0"/>
  <testcase name="Invalid float literal 'garbage'" classname="griffon.core.editors.FloatPropertyEditorSpec" time="0.0"/>
  <testcase name="Invalid float literal '1, 2, 3'" classname="griffon.core.editors.FloatPropertyEditorSpec" time="0.001"/>
  <testcase name="Invalid float literal '[]'" classname="griffon.core.editors.FloatPropertyEditorSpec" time="0.0"/>
  <testcase name="Invalid float literal '[1, 2, 3]'" classname="griffon.core.editors.FloatPropertyEditorSpec" time="0.0"/>
  <testcase name="Invalid float literal '[:]'" classname="griffon.core.editors.FloatPropertyEditorSpec" time="0.001"/>
  <testcase name="Invalid float literal '[key:value]'" classname="griffon.core.editors.FloatPropertyEditorSpec" time="0.0"/>
  <testcase name="Invalid float literal 'java.lang.Object@334b5262'" classname="griffon.core.editors.FloatPropertyEditorSpec" time="0.001"/>
  <system-out><![CDATA[]]></system-out>
  <system-err><![CDATA[]]></system-err>
</testsuite>
