<?xml version="1.0" encoding="UTF-8"?>
<testsuite name="org.codehaus.griffon.runtime.core.ExecutorServiceManagerSpec" tests="1" skipped="0" failures="0" errors="0" timestamp="2017-04-07T21:43:47" hostname="testing-gce-648e5267-8028-453c-896a-9b2edc21c03a" time="0.026">
  <properties/>
  <testcase name="Excercise API" classname="org.codehaus.griffon.runtime.core.ExecutorServiceManagerSpec" time="0.026"/>
  <system-out><![CDATA[]]></system-out>
  <system-err><![CDATA[]]></system-err>
</testsuite>
