<?xml version="1.0" encoding="UTF-8"?>
<testsuite name="org.codehaus.griffon.runtime.core.storage.DefaultObjectFactorySpec" tests="6" skipped="0" failures="0" errors="0" timestamp="2016-11-30T21:57:41" hostname="testing-gce-56334b88-24b1-400f-a148-1c5d8919e344" time="0.031">
  <properties/>
  <testcase name="Find config under default" classname="org.codehaus.griffon.runtime.core.storage.DefaultObjectFactorySpec" time="0.025"/>
  <testcase name="Find config under internal" classname="org.codehaus.griffon.runtime.core.storage.DefaultObjectFactorySpec" time="0.001"/>
  <testcase name="Find config under nonexistant" classname="org.codehaus.griffon.runtime.core.storage.DefaultObjectFactorySpec" time="0.002"/>
  <testcase name="Find config under default" classname="org.codehaus.griffon.runtime.core.storage.DefaultObjectFactorySpec" time="0.0"/>
  <testcase name="Find config under internal" classname="org.codehaus.griffon.runtime.core.storage.DefaultObjectFactorySpec" time="0.0"/>
  <testcase name="Find config under nonexistant" classname="org.codehaus.griffon.runtime.core.storage.DefaultObjectFactorySpec" time="0.001"/>
  <system-out><![CDATA[]]></system-out>
  <system-err><![CDATA[]]></system-err>
</testsuite>
