<?xml version="1.0" encoding="UTF-8"?>
<testsuite name="griffon.util.ResourceBundleReaderSpec" tests="10" skipped="0" failures="0" errors="0" timestamp="2017-03-27T07:07:20" hostname="testing-gce-d34322b1-0cd8-46fa-b9ad-ce676731692c" time="0.031">
  <properties/>
  <testcase name="Load bundle without active conditional blocks" classname="griffon.util.ResourceBundleReaderSpec" time="0.02"/>
  <testcase name="Load bundle with environments = development" classname="griffon.util.ResourceBundleReaderSpec" time="0.002"/>
  <testcase name="Load bundle with environments = test" classname="griffon.util.ResourceBundleReaderSpec" time="0.001"/>
  <testcase name="Load bundle with environments = production" classname="griffon.util.ResourceBundleReaderSpec" time="0.001"/>
  <testcase name="Load bundle with environments = development and variables = foo" classname="griffon.util.ResourceBundleReaderSpec" time="0.001"/>
  <testcase name="Load bundle with environments = development and variables = bar" classname="griffon.util.ResourceBundleReaderSpec" time="0.001"/>
  <testcase name="Load bundle with environments = test and variables = foo" classname="griffon.util.ResourceBundleReaderSpec" time="0.001"/>
  <testcase name="Load bundle with environments = test and variables = bar" classname="griffon.util.ResourceBundleReaderSpec" time="0.0"/>
  <testcase name="Load bundle with environments = production and variables = foo" classname="griffon.util.ResourceBundleReaderSpec" time="0.0"/>
  <testcase name="Load bundle with environments = production and variables = bar" classname="griffon.util.ResourceBundleReaderSpec" time="0.0"/>
  <system-out><![CDATA[]]></system-out>
  <system-err><![CDATA[]]></system-err>
</testsuite>
