<?xml version="1.0" encoding="UTF-8"?>
<testsuite name="org.codehaus.griffon.runtime.core.ExecutorServiceManagerSpec" tests="1" skipped="0" failures="0" errors="0" timestamp="2016-11-30T09:53:37" hostname="testing-gce-c2900045-70c9-418d-a9de-7fb1968f26a4" time="0.105">
  <properties/>
  <testcase name="Excercise API" classname="org.codehaus.griffon.runtime.core.ExecutorServiceManagerSpec" time="0.105"/>
  <system-out><![CDATA[]]></system-out>
  <system-err><![CDATA[]]></system-err>
</testsuite>
