<?xml version="1.0" encoding="UTF-8"?>
<testsuite name="org.codehaus.griffon.runtime.core.controller.NoopActionManagerSpec" tests="1" skipped="0" failures="0" errors="0" timestamp="2016-11-18T14:45:44" hostname="testing-gce-32b998c0-1c86-42c0-92eb-71cbad2128a4" time="0.012">
  <properties/>
  <testcase name="Verify NoopActionManager" classname="org.codehaus.griffon.runtime.core.controller.NoopActionManagerSpec" time="0.012"/>
  <system-out><![CDATA[]]></system-out>
  <system-err><![CDATA[]]></system-err>
</testsuite>
