<?xml version="1.0" encoding="UTF-8"?>
<testsuite name="org.codehaus.griffon.runtime.util.XmlResourceBundleLoaderSpec" tests="4" skipped="0" failures="0" errors="0" timestamp="2017-03-29T07:30:26" hostname="testing-gce-66c09752-be5b-4dc1-8b4c-7bf7aedc91bc" time="0.364">
  <properties/>
  <testcase name="Load bundle and check string = string" classname="org.codehaus.griffon.runtime.util.XmlResourceBundleLoaderSpec" time="0.349"/>
  <testcase name="Load bundle and check integer = 42" classname="org.codehaus.griffon.runtime.util.XmlResourceBundleLoaderSpec" time="0.002"/>
  <testcase name="Load bundle and check keys.bar = bar" classname="org.codehaus.griffon.runtime.util.XmlResourceBundleLoaderSpec" time="0.003"/>
  <testcase name="Load bundle and check foo = dev" classname="org.codehaus.griffon.runtime.util.XmlResourceBundleLoaderSpec" time="0.005"/>
  <system-out><![CDATA[]]></system-out>
  <system-err><![CDATA[]]></system-err>
</testsuite>
