<?xml version="1.0" encoding="UTF-8"?>
<testsuite name="griffon.core.env.FeatureTests" tests="2" skipped="0" failures="0" errors="0" timestamp="2016-11-14T15:58:35" hostname="testing-gce-262b1400-de9e-4b35-b7a9-cd4d4f40eb7e" time="0.007">
  <properties/>
  <testcase name="testExecuteFeatureBlockIfEnabled" classname="griffon.core.env.FeatureTests" time="0.006"/>
  <testcase name="testSystemPropertyHasPrecedenceOverMetadata" classname="griffon.core.env.FeatureTests" time="0.001"/>
  <system-out><![CDATA[]]></system-out>
  <system-err><![CDATA[]]></system-err>
</testsuite>
