<?xml version="1.0" encoding="UTF-8"?>
<testsuite name="griffon.exceptions.InstanceMethodInvocationExceptionSpec" tests="3" skipped="0" failures="0" errors="0" timestamp="2017-04-07T21:31:06" hostname="testing-gce-5d4cb8fc-d966-46b1-be13-5dd5cd7e3fa9" time="0.023">
  <properties/>
  <testcase name="Exception should have proper formatted message (1)[0]" classname="griffon.exceptions.InstanceMethodInvocationExceptionSpec" time="0.01"/>
  <testcase name="Exception should have proper formatted message (1)[1]" classname="griffon.exceptions.InstanceMethodInvocationExceptionSpec" time="0.0"/>
  <testcase name="Exception should have proper formatted message (2)[0]" classname="griffon.exceptions.InstanceMethodInvocationExceptionSpec" time="0.013"/>
  <system-out><![CDATA[]]></system-out>
  <system-err><![CDATA[]]></system-err>
</testsuite>
