<?xml version="1.0" encoding="UTF-8"?>
<testsuite name="griffon.core.editors.IntegerPropertyEditorSpec" tests="13" skipped="0" failures="0" errors="0" timestamp="2017-02-24T11:27:11" hostname="testing-gce-74d2f9bb-b51a-479d-a49c-205e2856a55c" time="0.012">
  <properties/>
  <testcase name="Integer literal 'null' with format 'null' should be equal to null" classname="griffon.core.editors.IntegerPropertyEditorSpec" time="0.005"/>
  <testcase name="Integer literal '' with format 'null' should be equal to null" classname="griffon.core.editors.IntegerPropertyEditorSpec" time="0.0"/>
  <testcase name="Integer literal '1' with format 'null' should be equal to 1" classname="griffon.core.editors.IntegerPropertyEditorSpec" time="0.0"/>
  <testcase name="Integer literal '100%' with format 'percent' should be equal to 1" classname="griffon.core.editors.IntegerPropertyEditorSpec" time="0.001"/>
  <testcase name="Integer literal '$1.00' with format 'currency' should be equal to 1" classname="griffon.core.editors.IntegerPropertyEditorSpec" time="0.0"/>
  <testcase name="Integer literal '1' with format 'null' should be equal to 1" classname="griffon.core.editors.IntegerPropertyEditorSpec" time="0.0"/>
  <testcase name="Invalid integer literal 'garbage'" classname="griffon.core.editors.IntegerPropertyEditorSpec" time="0.001"/>
  <testcase name="Invalid integer literal '1, 2, 3'" classname="griffon.core.editors.IntegerPropertyEditorSpec" time="0.0"/>
  <testcase name="Invalid integer literal '[]'" classname="griffon.core.editors.IntegerPropertyEditorSpec" time="0.001"/>
  <testcase name="Invalid integer literal '[1, 2, 3]'" classname="griffon.core.editors.IntegerPropertyEditorSpec" time="0.001"/>
  <testcase name="Invalid integer literal '[:]'" classname="griffon.core.editors.IntegerPropertyEditorSpec" time="0.0"/>
  <testcase name="Invalid integer literal '[key:value]'" classname="griffon.core.editors.IntegerPropertyEditorSpec" time="0.001"/>
  <testcase name="Invalid integer literal 'java.lang.Object@77ff7d67'" classname="griffon.core.editors.IntegerPropertyEditorSpec" time="0.0"/>
  <system-out><![CDATA[]]></system-out>
  <system-err><![CDATA[]]></system-err>
</testsuite>
