<?xml version="1.0" encoding="UTF-8"?>
<testsuite name="griffon.util.ExpandableResourceBundleSpec" tests="5" skipped="0" failures="0" errors="0" timestamp="2017-05-06T14:34:14" hostname="testing-docker-61402520-d4dd-4f1f-ac93-0a4d284e0ebf" time="0.007">
  <properties/>
  <testcase name="Calling bundle.getObject(single, #Error:defaultValue) gives single as result" classname="griffon.util.ExpandableResourceBundleSpec" time="0.003"/>
  <testcase name="Calling bundle.getObject(key.string, #Error:defaultValue) gives string as result" classname="griffon.util.ExpandableResourceBundleSpec" time="0.0"/>
  <testcase name="Calling bundle.getObject(key.number, #Error:defaultValue) gives number as result" classname="griffon.util.ExpandableResourceBundleSpec" time="0.001"/>
  <testcase name="Calling bundle.getObject(key, #Error:defaultValue) gives [string:string, number:number] as result" classname="griffon.util.ExpandableResourceBundleSpec" time="0.001"/>
  <testcase name="Test wrapping modes" classname="griffon.util.ExpandableResourceBundleSpec" time="0.0"/>
  <system-out><![CDATA[]]></system-out>
  <system-err><![CDATA[]]></system-err>
</testsuite>
