<?xml version="1.0" encoding="UTF-8"?>
<testsuite name="griffon.util.AnnotationUtilsSpec" tests="19" skipped="0" failures="0" errors="0" timestamp="2017-04-28T07:23:27" hostname="testing-gce-92d646c6-cf51-4dbd-882b-b4558f585f69" time="0.151">
  <properties/>
  <testcase name="Test setup of interface javax.inject.Named annotation" classname="griffon.util.AnnotationUtilsSpec" time="0.022"/>
  <testcase name="Test setup of interface griffon.inject.Typed annotation" classname="griffon.util.AnnotationUtilsSpec" time="0.004"/>
  <testcase name="Test setup of interface griffon.inject.BindTo annotation" classname="griffon.util.AnnotationUtilsSpec" time="0.004"/>
  <testcase name="Find out if class java.lang.Object is annotated wit @javax.inject.Named" classname="griffon.util.AnnotationUtilsSpec" time="0.001"/>
  <testcase name="Find out if java.lang.Object@427f4728 is annotated wit @javax.inject.Named" classname="griffon.util.AnnotationUtilsSpec" time="0.001"/>
  <testcase name="Find out if class griffon.util.AnnotationUtilsSpec$Bean is annotated wit @javax.inject.Named" classname="griffon.util.AnnotationUtilsSpec" time="0.001"/>
  <testcase name="Find out if griffon.util.AnnotationUtilsSpec$Bean@28d49815 is annotated wit @javax.inject.Named" classname="griffon.util.AnnotationUtilsSpec" time="0.001"/>
  <testcase name="Find out if class griffon.util.AnnotationUtilsSpec$Bean is annotated wit @griffon.inject.Typed" classname="griffon.util.AnnotationUtilsSpec" time="0.001"/>
  <testcase name="Find out if griffon.util.AnnotationUtilsSpec$Bean@67375aa8 is annotated wit @griffon.inject.Typed" classname="griffon.util.AnnotationUtilsSpec" time="0.0"/>
  <testcase name="Enforce that class java.lang.Object is annotated with @javax.inject.Named" classname="griffon.util.AnnotationUtilsSpec" time="0.002"/>
  <testcase name="Enforce that java.lang.Object@67c29811 is annotated with @javax.inject.Named" classname="griffon.util.AnnotationUtilsSpec" time="0.002"/>
  <testcase name="Enforce that class griffon.util.AnnotationUtilsSpec$Bean is annotated with @griffon.inject.Typed" classname="griffon.util.AnnotationUtilsSpec" time="0.001"/>
  <testcase name="Enforce that griffon.util.AnnotationUtilsSpec$Bean@179ca405 is annotated with @griffon.inject.Typed" classname="griffon.util.AnnotationUtilsSpec" time="0.002"/>
  <testcase name="Instances are mapped by their names" classname="griffon.util.AnnotationUtilsSpec" time="0.031"/>
  <testcase name="Instances are evicted and mapped by their names" classname="griffon.util.AnnotationUtilsSpec" time="0.013"/>
  <testcase name="Multiple instances with same name should cause an exception" classname="griffon.util.AnnotationUtilsSpec" time="0.005"/>
  <testcase name="Multiple evictions with same name should cause an exception" classname="griffon.util.AnnotationUtilsSpec" time="0.006"/>
  <testcase name="Instances are sorted by their dependencies" classname="griffon.util.AnnotationUtilsSpec" time="0.015"/>
  <testcase name="Cyclic dependencies yield empty result" classname="griffon.util.AnnotationUtilsSpec" time="0.011"/>
  <system-out><![CDATA[]]></system-out>
  <system-err><![CDATA[[Test worker] INFO griffon.util.AnnotationUtils - Object foo with instance griffon.util.AnnotationUtilsSpec$Foo@21bdd0aa evicted by griffon.util.AnnotationUtilsSpec$FooEvictor@1a7a104e
[Test worker] INFO griffon.util.AnnotationUtils - Object foo with instance griffon.util.AnnotationUtilsSpec$Foo@4b877c2d evicted by griffon.util.AnnotationUtilsSpec$FooEvictor@3d32df2d
[Test worker] DEBUG griffon.util.AnnotationUtils - Current bean order is [three, two, one]
[Test worker] TRACE griffon.util.AnnotationUtils - Processing bean 'three'
[Test worker] TRACE griffon.util.AnnotationUtils -   depends on '[two]'
[Test worker] TRACE griffon.util.AnnotationUtils -   checking bean 'three' dependencies (1)
[Test worker] TRACE griffon.util.AnnotationUtils -   checking bean 'three' dependencies: 
[Test worker] TRACE griffon.util.AnnotationUtils -   skipped bean 'three', since dependency 'two' not yet added
[Test worker] TRACE griffon.util.AnnotationUtils - Processing bean 'two'
[Test worker] TRACE griffon.util.AnnotationUtils -   depends on '[one]'
[Test worker] TRACE griffon.util.AnnotationUtils -   checking bean 'two' dependencies (1)
[Test worker] TRACE griffon.util.AnnotationUtils -   checking bean 'two' dependencies: 
[Test worker] TRACE griffon.util.AnnotationUtils -   skipped bean 'two', since dependency 'one' not yet added
[Test worker] TRACE griffon.util.AnnotationUtils - Processing bean 'one'
[Test worker] TRACE griffon.util.AnnotationUtils -   depends on '[]'
[Test worker] TRACE griffon.util.AnnotationUtils -   adding bean 'one', since all dependencies have been added
[Test worker] DEBUG griffon.util.AnnotationUtils - Current bean order is [three, two, one]
[Test worker] TRACE griffon.util.AnnotationUtils - Processing bean 'three'
[Test worker] TRACE griffon.util.AnnotationUtils -   depends on '[two]'
[Test worker] TRACE griffon.util.AnnotationUtils -   checking bean 'three' dependencies (1)
[Test worker] TRACE griffon.util.AnnotationUtils -   checking bean 'three' dependencies: 
[Test worker] TRACE griffon.util.AnnotationUtils -   skipped bean 'three', since dependency 'two' not yet added
[Test worker] TRACE griffon.util.AnnotationUtils - Processing bean 'two'
[Test worker] TRACE griffon.util.AnnotationUtils -   depends on '[one]'
[Test worker] TRACE griffon.util.AnnotationUtils -   checking bean 'two' dependencies (1)
[Test worker] TRACE griffon.util.AnnotationUtils -   checking bean 'two' dependencies: 
[Test worker] TRACE griffon.util.AnnotationUtils -   bean 'two' dependency 'one' already added
[Test worker] TRACE griffon.util.AnnotationUtils -   adding bean 'two', since all dependencies have been added
[Test worker] DEBUG griffon.util.AnnotationUtils - Current bean order is [three, two, one]
[Test worker] TRACE griffon.util.AnnotationUtils - Processing bean 'three'
[Test worker] TRACE griffon.util.AnnotationUtils -   depends on '[two]'
[Test worker] TRACE griffon.util.AnnotationUtils -   checking bean 'three' dependencies (1)
[Test worker] TRACE griffon.util.AnnotationUtils -   checking bean 'three' dependencies: 
[Test worker] TRACE griffon.util.AnnotationUtils -   bean 'three' dependency 'two' already added
[Test worker] TRACE griffon.util.AnnotationUtils -   adding bean 'three', since all dependencies have been added
[Test worker] TRACE griffon.util.AnnotationUtils - bean dependency ordering complete
[Test worker] DEBUG griffon.util.AnnotationUtils - computed bean order is [one, two, three]
[Test worker] DEBUG griffon.util.AnnotationUtils - Current bean order is [cycle2, cycle1]
[Test worker] TRACE griffon.util.AnnotationUtils - Processing bean 'cycle2'
[Test worker] TRACE griffon.util.AnnotationUtils -   depends on '[cycle1]'
[Test worker] TRACE griffon.util.AnnotationUtils -   checking bean 'cycle2' dependencies (1)
[Test worker] TRACE griffon.util.AnnotationUtils -   checking bean 'cycle2' dependencies: 
[Test worker] TRACE griffon.util.AnnotationUtils -   skipped bean 'cycle2', since dependency 'cycle1' not yet added
[Test worker] TRACE griffon.util.AnnotationUtils - Processing bean 'cycle1'
[Test worker] TRACE griffon.util.AnnotationUtils -   depends on '[cycle2]'
[Test worker] TRACE griffon.util.AnnotationUtils -   checking bean 'cycle1' dependencies (1)
[Test worker] TRACE griffon.util.AnnotationUtils -   checking bean 'cycle1' dependencies: 
[Test worker] TRACE griffon.util.AnnotationUtils -   skipped bean 'cycle1', since dependency 'cycle2' not yet added
[Test worker] WARN griffon.util.AnnotationUtils -   unresolved bean dependencies detected
[Test worker] WARN griffon.util.AnnotationUtils -   continuing with original bean order
[Test worker] WARN griffon.util.AnnotationUtils -   bean cycle2 
[Test worker] WARN griffon.util.AnnotationUtils -     depends on cycle1
[Test worker] WARN griffon.util.AnnotationUtils -   bean cycle1 
[Test worker] WARN griffon.util.AnnotationUtils -     depends on cycle2
[Test worker] DEBUG griffon.util.AnnotationUtils - computed bean order is []
]]></system-err>
</testsuite>
