<?xml version="1.0" encoding="UTF-8"?>
<testsuite name="griffon.core.editors.PropertyEditorResolverSpec" tests="7" skipped="0" failures="0" errors="0" timestamp="2016-11-30T10:26:57" hostname="testing-gce-9cd93739-2c6e-4dd0-ae61-7a6d878d61a2" time="0.016">
  <properties/>
  <testcase name="PropertyEditor for type class griffon.core.editors.Numbers should be class griffon.core.editors.EnumPropertyEditor" classname="griffon.core.editors.PropertyEditorResolverSpec" time="0.002"/>
  <testcase name="PropertyEditor for type class java.lang.String should be class griffon.core.editors.StringPropertyEditor" classname="griffon.core.editors.PropertyEditorResolverSpec" time="0.0"/>
  <testcase name="PropertyEditor at index 0 is called (value)" classname="griffon.core.editors.PropertyEditorResolverSpec" time="0.01"/>
  <testcase name="PropertyEditor at index 1 is called (value)" classname="griffon.core.editors.PropertyEditorResolverSpec" time="0.001"/>
  <testcase name="PropertyEditor at index 0 is called (text)" classname="griffon.core.editors.PropertyEditorResolverSpec" time="0.0"/>
  <testcase name="Register and unregister an editor class" classname="griffon.core.editors.PropertyEditorResolverSpec" time="0.002"/>
  <testcase name="Register non-null and null editor for the same target class" classname="griffon.core.editors.PropertyEditorResolverSpec" time="0.0"/>
  <system-out><![CDATA[]]></system-out>
  <system-err><![CDATA[]]></system-err>
</testsuite>
