<?xml version="1.0" encoding="UTF-8"?>
<testsuite name="org.codehaus.griffon.runtime.core.event.DefaultEventPublisherSpec" tests="38" skipped="0" failures="0" errors="0" timestamp="2017-05-04T09:05:00" hostname="testing-docker-ace0605b-7337-48a1-8fdb-4d5d4cfd489f" time="2.002">
  <properties/>
  <testcase name="Invoking an event by name in synchronous mode with a callable listener" classname="org.codehaus.griffon.runtime.core.event.DefaultEventPublisherSpec" time="0.071"/>
  <testcase name="Invoking an event by name in asynchronous mode with a callable listener" classname="org.codehaus.griffon.runtime.core.event.DefaultEventPublisherSpec" time="0.215"/>
  <testcase name="Invoking an event by name in outside mode with a callable listener" classname="org.codehaus.griffon.runtime.core.event.DefaultEventPublisherSpec" time="0.003"/>
  <testcase name="Invoking an event by name in synchronous mode with a runnable listener" classname="org.codehaus.griffon.runtime.core.event.DefaultEventPublisherSpec" time="0.004"/>
  <testcase name="Invoking an event by name in asynchronous mode with a runnable listener" classname="org.codehaus.griffon.runtime.core.event.DefaultEventPublisherSpec" time="0.202"/>
  <testcase name="Invoking an event by name in outside mode with a runnable listener" classname="org.codehaus.griffon.runtime.core.event.DefaultEventPublisherSpec" time="0.002"/>
  <testcase name="Invoking an event by name in synchronous mode with a Map listener (callable)" classname="org.codehaus.griffon.runtime.core.event.DefaultEventPublisherSpec" time="0.011"/>
  <testcase name="Invoking an event by name in asynchronous mode with a Map listener (callable)" classname="org.codehaus.griffon.runtime.core.event.DefaultEventPublisherSpec" time="0.205"/>
  <testcase name="Invoking an event by name in outside mode with a Map listener (callable)" classname="org.codehaus.griffon.runtime.core.event.DefaultEventPublisherSpec" time="0.001"/>
  <testcase name="Invoking an event by name in synchronous mode with a Map listener (runnable)" classname="org.codehaus.griffon.runtime.core.event.DefaultEventPublisherSpec" time="0.001"/>
  <testcase name="Invoking an event by name in asynchronous mode with a Map listener (runnable)" classname="org.codehaus.griffon.runtime.core.event.DefaultEventPublisherSpec" time="0.203"/>
  <testcase name="Invoking an event by name in outside mode with a Map listener (runnable)" classname="org.codehaus.griffon.runtime.core.event.DefaultEventPublisherSpec" time="0.002"/>
  <testcase name="Invoking an event by name in synchronous mode with a bean listener" classname="org.codehaus.griffon.runtime.core.event.DefaultEventPublisherSpec" time="0.008"/>
  <testcase name="Invoking an event by name in asynchronous mode with a bean listener" classname="org.codehaus.griffon.runtime.core.event.DefaultEventPublisherSpec" time="0.203"/>
  <testcase name="Invoking an event by name in outside mode with a bean listener" classname="org.codehaus.griffon.runtime.core.event.DefaultEventPublisherSpec" time="0.003"/>
  <testcase name="Invoking an event in synchronous mode with a callable listener" classname="org.codehaus.griffon.runtime.core.event.DefaultEventPublisherSpec" time="0.004"/>
  <testcase name="Invoking an event in asynchronous mode with a callable listener" classname="org.codehaus.griffon.runtime.core.event.DefaultEventPublisherSpec" time="0.203"/>
  <testcase name="Invoking an event in outside mode with a callable listener" classname="org.codehaus.griffon.runtime.core.event.DefaultEventPublisherSpec" time="0.003"/>
  <testcase name="Invoking an event in synchronous mode with a runnable listener" classname="org.codehaus.griffon.runtime.core.event.DefaultEventPublisherSpec" time="0.002"/>
  <testcase name="Invoking an event in asynchronous mode with a runnable listener" classname="org.codehaus.griffon.runtime.core.event.DefaultEventPublisherSpec" time="0.202"/>
  <testcase name="Invoking an event in outside mode with a runnable listener" classname="org.codehaus.griffon.runtime.core.event.DefaultEventPublisherSpec" time="0.001"/>
  <testcase name="Invoking an event in synchronous mode with a Map listener (callable)" classname="org.codehaus.griffon.runtime.core.event.DefaultEventPublisherSpec" time="0.002"/>
  <testcase name="Invoking an event in asynchronous mode with a Map listener (callable)" classname="org.codehaus.griffon.runtime.core.event.DefaultEventPublisherSpec" time="0.201"/>
  <testcase name="Invoking an event in outside mode with a Map listener (callable)" classname="org.codehaus.griffon.runtime.core.event.DefaultEventPublisherSpec" time="0.001"/>
  <testcase name="Invoking an event in synchronous mode with a Map listener (runnable)" classname="org.codehaus.griffon.runtime.core.event.DefaultEventPublisherSpec" time="0.001"/>
  <testcase name="Invoking an event in asynchronous mode with a Map listener (runnable)" classname="org.codehaus.griffon.runtime.core.event.DefaultEventPublisherSpec" time="0.205"/>
  <testcase name="Invoking an event in outside mode with a Map listener (runnable)" classname="org.codehaus.griffon.runtime.core.event.DefaultEventPublisherSpec" time="0.001"/>
  <testcase name="Register and unregister a callable listener by name" classname="org.codehaus.griffon.runtime.core.event.DefaultEventPublisherSpec" time="0.003"/>
  <testcase name="Register and unregister a runnable listener by name" classname="org.codehaus.griffon.runtime.core.event.DefaultEventPublisherSpec" time="0.002"/>
  <testcase name="Register and unregister a Map listener by name (callable)" classname="org.codehaus.griffon.runtime.core.event.DefaultEventPublisherSpec" time="0.002"/>
  <testcase name="Register and unregister a Map listener by name (runnable)" classname="org.codehaus.griffon.runtime.core.event.DefaultEventPublisherSpec" time="0.004"/>
  <testcase name="Register and unregister a callable listener" classname="org.codehaus.griffon.runtime.core.event.DefaultEventPublisherSpec" time="0.002"/>
  <testcase name="Register and unregister a runnable listener" classname="org.codehaus.griffon.runtime.core.event.DefaultEventPublisherSpec" time="0.002"/>
  <testcase name="Register and unregister a bean listener" classname="org.codehaus.griffon.runtime.core.event.DefaultEventPublisherSpec" time="0.002"/>
  <testcase name="Register and unregister a bean listener with nested listeners" classname="org.codehaus.griffon.runtime.core.event.DefaultEventPublisherSpec" time="0.014"/>
  <testcase name="Register and unregister an invalid bean listener" classname="org.codehaus.griffon.runtime.core.event.DefaultEventPublisherSpec" time="0.002"/>
  <testcase name="Triggering an event with event published disabled does not notify listener" classname="org.codehaus.griffon.runtime.core.event.DefaultEventPublisherSpec" time="0.002"/>
  <testcase name="Query existing listeners by event name" classname="org.codehaus.griffon.runtime.core.event.DefaultEventPublisherSpec" time="0.003"/>
  <system-out><![CDATA[]]></system-out>
  <system-err><![CDATA[[Test worker] DEBUG org.codehaus.griffon.runtime.core.event.AbstractEventRouter - Adding listener org.codehaus.griffon.runtime.core.event.DefaultEventPublisherSpec$TestCallableEventHandler on MyEvent1
[Test worker] DEBUG org.codehaus.griffon.runtime.core.event.AbstractEventRouter - Triggering event 'MyEvent1' synchronously
[Test worker] DEBUG org.codehaus.griffon.runtime.core.event.AbstractEventRouter - Triggering event 'MyEvent2' synchronously
[Test worker] DEBUG org.codehaus.griffon.runtime.core.event.AbstractEventRouter - Triggering event 'MyEvent1' synchronously
[Test worker] DEBUG org.codehaus.griffon.runtime.core.event.AbstractEventRouter - Triggering event 'MyEvent2' synchronously
[Test worker] DEBUG org.codehaus.griffon.runtime.core.event.AbstractEventRouter - Adding listener org.codehaus.griffon.runtime.core.event.DefaultEventPublisherSpec$TestCallableEventHandler on MyEvent1
[event-router-3-thread-1] DEBUG org.codehaus.griffon.runtime.core.event.AbstractEventRouter - Triggering event 'MyEvent1' asynchronously
[event-router-3-thread-2] DEBUG org.codehaus.griffon.runtime.core.event.AbstractEventRouter - Triggering event 'MyEvent2' asynchronously
[event-router-3-thread-4] DEBUG org.codehaus.griffon.runtime.core.event.AbstractEventRouter - Triggering event 'MyEvent2' asynchronously
[event-router-3-thread-3] DEBUG org.codehaus.griffon.runtime.core.event.AbstractEventRouter - Triggering event 'MyEvent1' asynchronously
[Test worker] DEBUG org.codehaus.griffon.runtime.core.event.AbstractEventRouter - Adding listener org.codehaus.griffon.runtime.core.event.DefaultEventPublisherSpec$TestCallableEventHandler on MyEvent1
[Test worker] DEBUG org.codehaus.griffon.runtime.core.event.AbstractEventRouter - Triggering event 'MyEvent1' outside UI
[Test worker] DEBUG org.codehaus.griffon.runtime.core.event.AbstractEventRouter - Triggering event 'MyEvent2' outside UI
[Test worker] DEBUG org.codehaus.griffon.runtime.core.event.AbstractEventRouter - Triggering event 'MyEvent1' outside UI
[Test worker] DEBUG org.codehaus.griffon.runtime.core.event.AbstractEventRouter - Triggering event 'MyEvent2' outside UI
[Test worker] DEBUG org.codehaus.griffon.runtime.core.event.AbstractEventRouter - Adding listener org.codehaus.griffon.runtime.core.event.DefaultEventPublisherSpec$TestRunnableEventHandler on MyEvent1
[Test worker] DEBUG org.codehaus.griffon.runtime.core.event.AbstractEventRouter - Triggering event 'MyEvent1' synchronously
[Test worker] DEBUG org.codehaus.griffon.runtime.core.event.AbstractEventRouter - Triggering event 'MyEvent2' synchronously
[Test worker] DEBUG org.codehaus.griffon.runtime.core.event.AbstractEventRouter - Adding listener org.codehaus.griffon.runtime.core.event.DefaultEventPublisherSpec$TestRunnableEventHandler on MyEvent1
[event-router-6-thread-1] DEBUG org.codehaus.griffon.runtime.core.event.AbstractEventRouter - Triggering event 'MyEvent1' asynchronously
[event-router-6-thread-2] DEBUG org.codehaus.griffon.runtime.core.event.AbstractEventRouter - Triggering event 'MyEvent2' asynchronously
[Test worker] DEBUG org.codehaus.griffon.runtime.core.event.AbstractEventRouter - Adding listener org.codehaus.griffon.runtime.core.event.DefaultEventPublisherSpec$TestRunnableEventHandler on MyEvent1
[Test worker] DEBUG org.codehaus.griffon.runtime.core.event.AbstractEventRouter - Triggering event 'MyEvent1' outside UI
[Test worker] DEBUG org.codehaus.griffon.runtime.core.event.AbstractEventRouter - Triggering event 'MyEvent2' outside UI
[Test worker] DEBUG org.codehaus.griffon.runtime.core.event.AbstractEventRouter - Adding listener org.codehaus.griffon.runtime.core.event.DefaultEventPublisherSpec$TestCallableEventHandler on MyEvent1
[Test worker] DEBUG org.codehaus.griffon.runtime.core.event.AbstractEventRouter - Triggering event 'MyEvent1' synchronously
[Test worker] DEBUG org.codehaus.griffon.runtime.core.event.AbstractEventRouter - Triggering event 'MyEvent2' synchronously
[Test worker] DEBUG org.codehaus.griffon.runtime.core.event.AbstractEventRouter - Adding listener org.codehaus.griffon.runtime.core.event.DefaultEventPublisherSpec$TestCallableEventHandler on MyEvent1
[event-router-9-thread-1] DEBUG org.codehaus.griffon.runtime.core.event.AbstractEventRouter - Triggering event 'MyEvent1' asynchronously
[event-router-9-thread-2] DEBUG org.codehaus.griffon.runtime.core.event.AbstractEventRouter - Triggering event 'MyEvent2' asynchronously
[Test worker] DEBUG org.codehaus.griffon.runtime.core.event.AbstractEventRouter - Adding listener org.codehaus.griffon.runtime.core.event.DefaultEventPublisherSpec$TestCallableEventHandler on MyEvent1
[Test worker] DEBUG org.codehaus.griffon.runtime.core.event.AbstractEventRouter - Triggering event 'MyEvent1' outside UI
[Test worker] DEBUG org.codehaus.griffon.runtime.core.event.AbstractEventRouter - Triggering event 'MyEvent2' outside UI
[Test worker] DEBUG org.codehaus.griffon.runtime.core.event.AbstractEventRouter - Adding listener org.codehaus.griffon.runtime.core.event.DefaultEventPublisherSpec$TestRunnableEventHandler on MyEvent1
[Test worker] DEBUG org.codehaus.griffon.runtime.core.event.AbstractEventRouter - Triggering event 'MyEvent1' synchronously
[Test worker] DEBUG org.codehaus.griffon.runtime.core.event.AbstractEventRouter - Triggering event 'MyEvent2' synchronously
[Test worker] DEBUG org.codehaus.griffon.runtime.core.event.AbstractEventRouter - Adding listener org.codehaus.griffon.runtime.core.event.DefaultEventPublisherSpec$TestRunnableEventHandler on MyEvent1
[event-router-12-thread-1] DEBUG org.codehaus.griffon.runtime.core.event.AbstractEventRouter - Triggering event 'MyEvent1' asynchronously
[event-router-12-thread-2] DEBUG org.codehaus.griffon.runtime.core.event.AbstractEventRouter - Triggering event 'MyEvent2' asynchronously
[Test worker] DEBUG org.codehaus.griffon.runtime.core.event.AbstractEventRouter - Adding listener org.codehaus.griffon.runtime.core.event.DefaultEventPublisherSpec$TestRunnableEventHandler on MyEvent1
[Test worker] DEBUG org.codehaus.griffon.runtime.core.event.AbstractEventRouter - Triggering event 'MyEvent1' outside UI
[Test worker] DEBUG org.codehaus.griffon.runtime.core.event.AbstractEventRouter - Triggering event 'MyEvent2' outside UI
[Test worker] DEBUG org.codehaus.griffon.runtime.core.event.AbstractEventRouter - Adding listener org.codehaus.griffon.runtime.core.event.DefaultEventPublisherSpec$EventHandler@9df2040
[Test worker] DEBUG org.codehaus.griffon.runtime.core.event.AbstractEventRouter - Triggering event 'MyEvent1' synchronously
[Test worker] DEBUG org.codehaus.griffon.runtime.core.event.AbstractEventRouter - Triggering event 'MyEvent2' synchronously
[Test worker] DEBUG org.codehaus.griffon.runtime.core.event.AbstractEventRouter - Adding listener org.codehaus.griffon.runtime.core.event.DefaultEventPublisherSpec$EventHandler@7c5f1078
[event-router-15-thread-1] DEBUG org.codehaus.griffon.runtime.core.event.AbstractEventRouter - Triggering event 'MyEvent1' asynchronously
[event-router-15-thread-2] DEBUG org.codehaus.griffon.runtime.core.event.AbstractEventRouter - Triggering event 'MyEvent2' asynchronously
[Test worker] DEBUG org.codehaus.griffon.runtime.core.event.AbstractEventRouter - Adding listener org.codehaus.griffon.runtime.core.event.DefaultEventPublisherSpec$EventHandler@4ed99427
[Test worker] DEBUG org.codehaus.griffon.runtime.core.event.AbstractEventRouter - Triggering event 'MyEvent1' outside UI
[Test worker] DEBUG org.codehaus.griffon.runtime.core.event.AbstractEventRouter - Triggering event 'MyEvent2' outside UI
[Test worker] DEBUG org.codehaus.griffon.runtime.core.event.AbstractEventRouter - Adding listener org.codehaus.griffon.runtime.core.event.DefaultEventPublisherSpec$TestCallableEventHandler on MyEvent1
[Test worker] DEBUG org.codehaus.griffon.runtime.core.event.AbstractEventRouter - Triggering event 'MyEvent1' synchronously
[Test worker] DEBUG org.codehaus.griffon.runtime.core.event.AbstractEventRouter - Triggering event 'MyEvent2' synchronously
[Test worker] DEBUG org.codehaus.griffon.runtime.core.event.AbstractEventRouter - Adding listener org.codehaus.griffon.runtime.core.event.DefaultEventPublisherSpec$TestCallableEventHandler on MyEvent1
[event-router-18-thread-1] DEBUG org.codehaus.griffon.runtime.core.event.AbstractEventRouter - Triggering event 'MyEvent1' asynchronously
[event-router-18-thread-2] DEBUG org.codehaus.griffon.runtime.core.event.AbstractEventRouter - Triggering event 'MyEvent2' asynchronously
[Test worker] DEBUG org.codehaus.griffon.runtime.core.event.AbstractEventRouter - Adding listener org.codehaus.griffon.runtime.core.event.DefaultEventPublisherSpec$TestCallableEventHandler on MyEvent1
[Test worker] DEBUG org.codehaus.griffon.runtime.core.event.AbstractEventRouter - Triggering event 'MyEvent1' outside UI
[Test worker] DEBUG org.codehaus.griffon.runtime.core.event.AbstractEventRouter - Triggering event 'MyEvent2' outside UI
[Test worker] DEBUG org.codehaus.griffon.runtime.core.event.AbstractEventRouter - Adding listener org.codehaus.griffon.runtime.core.event.DefaultEventPublisherSpec$TestRunnableEventHandler on MyEvent1
[Test worker] DEBUG org.codehaus.griffon.runtime.core.event.AbstractEventRouter - Triggering event 'MyEvent1' synchronously
[Test worker] DEBUG org.codehaus.griffon.runtime.core.event.AbstractEventRouter - Triggering event 'MyEvent2' synchronously
[Test worker] DEBUG org.codehaus.griffon.runtime.core.event.AbstractEventRouter - Adding listener org.codehaus.griffon.runtime.core.event.DefaultEventPublisherSpec$TestRunnableEventHandler on MyEvent1
[event-router-21-thread-1] DEBUG org.codehaus.griffon.runtime.core.event.AbstractEventRouter - Triggering event 'MyEvent1' asynchronously
[event-router-21-thread-2] DEBUG org.codehaus.griffon.runtime.core.event.AbstractEventRouter - Triggering event 'MyEvent2' asynchronously
[Test worker] DEBUG org.codehaus.griffon.runtime.core.event.AbstractEventRouter - Adding listener org.codehaus.griffon.runtime.core.event.DefaultEventPublisherSpec$TestRunnableEventHandler on MyEvent1
[Test worker] DEBUG org.codehaus.griffon.runtime.core.event.AbstractEventRouter - Triggering event 'MyEvent1' outside UI
[Test worker] DEBUG org.codehaus.griffon.runtime.core.event.AbstractEventRouter - Triggering event 'MyEvent2' outside UI
[Test worker] DEBUG org.codehaus.griffon.runtime.core.event.AbstractEventRouter - Adding listener org.codehaus.griffon.runtime.core.event.DefaultEventPublisherSpec$TestCallableEventHandler on MyEvent1
[Test worker] DEBUG org.codehaus.griffon.runtime.core.event.AbstractEventRouter - Triggering event 'MyEvent1' synchronously
[Test worker] DEBUG org.codehaus.griffon.runtime.core.event.AbstractEventRouter - Triggering event 'MyEvent2' synchronously
[Test worker] DEBUG org.codehaus.griffon.runtime.core.event.AbstractEventRouter - Adding listener org.codehaus.griffon.runtime.core.event.DefaultEventPublisherSpec$TestCallableEventHandler on MyEvent1
[event-router-24-thread-1] DEBUG org.codehaus.griffon.runtime.core.event.AbstractEventRouter - Triggering event 'MyEvent1' asynchronously
[event-router-24-thread-2] DEBUG org.codehaus.griffon.runtime.core.event.AbstractEventRouter - Triggering event 'MyEvent2' asynchronously
[Test worker] DEBUG org.codehaus.griffon.runtime.core.event.AbstractEventRouter - Adding listener org.codehaus.griffon.runtime.core.event.DefaultEventPublisherSpec$TestCallableEventHandler on MyEvent1
[Test worker] DEBUG org.codehaus.griffon.runtime.core.event.AbstractEventRouter - Triggering event 'MyEvent1' outside UI
[Test worker] DEBUG org.codehaus.griffon.runtime.core.event.AbstractEventRouter - Triggering event 'MyEvent2' outside UI
[Test worker] DEBUG org.codehaus.griffon.runtime.core.event.AbstractEventRouter - Adding listener org.codehaus.griffon.runtime.core.event.DefaultEventPublisherSpec$TestRunnableEventHandler on MyEvent1
[Test worker] DEBUG org.codehaus.griffon.runtime.core.event.AbstractEventRouter - Triggering event 'MyEvent1' synchronously
[Test worker] DEBUG org.codehaus.griffon.runtime.core.event.AbstractEventRouter - Triggering event 'MyEvent2' synchronously
[Test worker] DEBUG org.codehaus.griffon.runtime.core.event.AbstractEventRouter - Adding listener org.codehaus.griffon.runtime.core.event.DefaultEventPublisherSpec$TestRunnableEventHandler on MyEvent1
[event-router-27-thread-1] DEBUG org.codehaus.griffon.runtime.core.event.AbstractEventRouter - Triggering event 'MyEvent1' asynchronously
[event-router-27-thread-2] DEBUG org.codehaus.griffon.runtime.core.event.AbstractEventRouter - Triggering event 'MyEvent2' asynchronously
[Test worker] DEBUG org.codehaus.griffon.runtime.core.event.AbstractEventRouter - Adding listener org.codehaus.griffon.runtime.core.event.DefaultEventPublisherSpec$TestRunnableEventHandler on MyEvent1
[Test worker] DEBUG org.codehaus.griffon.runtime.core.event.AbstractEventRouter - Triggering event 'MyEvent1' outside UI
[Test worker] DEBUG org.codehaus.griffon.runtime.core.event.AbstractEventRouter - Triggering event 'MyEvent2' outside UI
[Test worker] DEBUG org.codehaus.griffon.runtime.core.event.AbstractEventRouter - Adding listener org.codehaus.griffon.runtime.core.event.DefaultEventPublisherSpec$TestCallableEventHandler on MyEvent1
[Test worker] DEBUG org.codehaus.griffon.runtime.core.event.AbstractEventRouter - Removing listener org.codehaus.griffon.runtime.core.event.DefaultEventPublisherSpec$TestCallableEventHandler on MyEvent1
[Test worker] DEBUG org.codehaus.griffon.runtime.core.event.AbstractEventRouter - Triggering event 'MyEvent1' synchronously
[Test worker] DEBUG org.codehaus.griffon.runtime.core.event.AbstractEventRouter - Triggering event 'MyEvent2' synchronously
[Test worker] DEBUG org.codehaus.griffon.runtime.core.event.AbstractEventRouter - Adding listener org.codehaus.griffon.runtime.core.event.DefaultEventPublisherSpec$TestRunnableEventHandler on MyEvent1
[Test worker] DEBUG org.codehaus.griffon.runtime.core.event.AbstractEventRouter - Removing listener org.codehaus.griffon.runtime.core.event.DefaultEventPublisherSpec$TestRunnableEventHandler on MyEvent1
[Test worker] DEBUG org.codehaus.griffon.runtime.core.event.AbstractEventRouter - Triggering event 'MyEvent1' synchronously
[Test worker] DEBUG org.codehaus.griffon.runtime.core.event.AbstractEventRouter - Triggering event 'MyEvent2' synchronously
[Test worker] DEBUG org.codehaus.griffon.runtime.core.event.AbstractEventRouter - Adding listener org.codehaus.griffon.runtime.core.event.DefaultEventPublisherSpec$TestCallableEventHandler on MyEvent1
[Test worker] DEBUG org.codehaus.griffon.runtime.core.event.AbstractEventRouter - Removing listener org.codehaus.griffon.runtime.core.event.DefaultEventPublisherSpec$TestCallableEventHandler on MyEvent1
[Test worker] DEBUG org.codehaus.griffon.runtime.core.event.AbstractEventRouter - Triggering event 'MyEvent1' synchronously
[Test worker] DEBUG org.codehaus.griffon.runtime.core.event.AbstractEventRouter - Triggering event 'MyEvent2' synchronously
[Test worker] DEBUG org.codehaus.griffon.runtime.core.event.AbstractEventRouter - Adding listener org.codehaus.griffon.runtime.core.event.DefaultEventPublisherSpec$TestRunnableEventHandler on MyEvent1
[Test worker] DEBUG org.codehaus.griffon.runtime.core.event.AbstractEventRouter - Removing listener org.codehaus.griffon.runtime.core.event.DefaultEventPublisherSpec$TestRunnableEventHandler on MyEvent1
[Test worker] DEBUG org.codehaus.griffon.runtime.core.event.AbstractEventRouter - Triggering event 'MyEvent1' synchronously
[Test worker] DEBUG org.codehaus.griffon.runtime.core.event.AbstractEventRouter - Triggering event 'MyEvent2' synchronously
[Test worker] DEBUG org.codehaus.griffon.runtime.core.event.AbstractEventRouter - Adding listener org.codehaus.griffon.runtime.core.event.DefaultEventPublisherSpec$TestCallableEventHandler on MyEvent1
[Test worker] DEBUG org.codehaus.griffon.runtime.core.event.AbstractEventRouter - Removing listener org.codehaus.griffon.runtime.core.event.DefaultEventPublisherSpec$TestCallableEventHandler on MyEvent1
[Test worker] DEBUG org.codehaus.griffon.runtime.core.event.AbstractEventRouter - Triggering event 'MyEvent1' synchronously
[Test worker] DEBUG org.codehaus.griffon.runtime.core.event.AbstractEventRouter - Triggering event 'MyEvent2' synchronously
[Test worker] DEBUG org.codehaus.griffon.runtime.core.event.AbstractEventRouter - Adding listener org.codehaus.griffon.runtime.core.event.DefaultEventPublisherSpec$TestRunnableEventHandler on MyEvent1
[Test worker] DEBUG org.codehaus.griffon.runtime.core.event.AbstractEventRouter - Removing listener org.codehaus.griffon.runtime.core.event.DefaultEventPublisherSpec$TestRunnableEventHandler on MyEvent1
[Test worker] DEBUG org.codehaus.griffon.runtime.core.event.AbstractEventRouter - Triggering event 'MyEvent1' synchronously
[Test worker] DEBUG org.codehaus.griffon.runtime.core.event.AbstractEventRouter - Triggering event 'MyEvent2' synchronously
[Test worker] DEBUG org.codehaus.griffon.runtime.core.event.AbstractEventRouter - Adding listener org.codehaus.griffon.runtime.core.event.DefaultEventPublisherSpec$EventHandler@7d83255d
[Test worker] DEBUG org.codehaus.griffon.runtime.core.event.AbstractEventRouter - Removing listener org.codehaus.griffon.runtime.core.event.DefaultEventPublisherSpec$EventHandler@7d83255d
[Test worker] DEBUG org.codehaus.griffon.runtime.core.event.AbstractEventRouter - Triggering event 'MyEvent1' synchronously
[Test worker] DEBUG org.codehaus.griffon.runtime.core.event.AbstractEventRouter - Triggering event 'MyEvent2' synchronously
[Test worker] DEBUG org.codehaus.griffon.runtime.core.event.AbstractEventRouter - Adding listener org.codehaus.griffon.runtime.core.event.Subject$1 on MyEvent1
[Test worker] DEBUG org.codehaus.griffon.runtime.core.event.AbstractEventRouter - Adding listener org.codehaus.griffon.runtime.core.event.Subject$2 on MyEvent2
[Test worker] DEBUG org.codehaus.griffon.runtime.core.event.AbstractEventRouter - Removing listener org.codehaus.griffon.runtime.core.event.Subject$1 on MyEvent1
[Test worker] DEBUG org.codehaus.griffon.runtime.core.event.AbstractEventRouter - Removing listener org.codehaus.griffon.runtime.core.event.Subject$2 on MyEvent2
[Test worker] DEBUG org.codehaus.griffon.runtime.core.event.AbstractEventRouter - Removing listener org.codehaus.griffon.runtime.core.event.Subject@2b6a77e2
[Test worker] DEBUG org.codehaus.griffon.runtime.core.event.AbstractEventRouter - Triggering event 'MyEvent1' synchronously
[Test worker] DEBUG org.codehaus.griffon.runtime.core.event.AbstractEventRouter - Triggering event 'MyEvent2' synchronously
[Test worker] DEBUG org.codehaus.griffon.runtime.core.event.AbstractEventRouter - Adding listener org.codehaus.griffon.runtime.core.event.DefaultEventPublisherSpec$TestRunnableEventHandler on MyEvent1
[Test worker] DEBUG org.codehaus.griffon.runtime.core.event.AbstractEventRouter - Adding listener org.codehaus.griffon.runtime.core.event.DefaultEventPublisherSpec$TestRunnableEventHandler on MyEvent2
[Test worker] DEBUG org.codehaus.griffon.runtime.core.event.AbstractEventRouter - Adding listener org.codehaus.griffon.runtime.core.event.DefaultEventPublisherSpec$EventHandler@448391ff
[Test worker] DEBUG org.codehaus.griffon.runtime.core.event.AbstractEventRouter - Adding listener org.codehaus.griffon.runtime.core.event.Subject$1 on MyEvent1
[Test worker] DEBUG org.codehaus.griffon.runtime.core.event.AbstractEventRouter - Adding listener org.codehaus.griffon.runtime.core.event.Subject$2 on MyEvent2
]]></system-err>
</testsuite>
