<?xml version="1.0" encoding="UTF-8"?>
<testsuite name="griffon.core.formatters.LongFormatterSpec" tests="11" skipped="0" failures="0" errors="0" timestamp="2017-03-13T20:08:22" hostname="testing-gce-5c6f6730-f713-4b79-bb0b-2c95a726fbf5" time="0.009">
  <properties/>
  <testcase name="Long '100' produces literal '100'" classname="griffon.core.formatters.LongFormatterSpec" time="0.003"/>
  <testcase name="Long 'null' with pattern 'currency' produces literal 'null'" classname="griffon.core.formatters.LongFormatterSpec" time="0.0"/>
  <testcase name="Long 'null' with pattern 'percent' produces literal 'null'" classname="griffon.core.formatters.LongFormatterSpec" time="0.0"/>
  <testcase name="Long '100' with pattern 'currency' produces literal '$100.00'" classname="griffon.core.formatters.LongFormatterSpec" time="0.001"/>
  <testcase name="Long '1' with pattern 'percent' produces literal '100%'" classname="griffon.core.formatters.LongFormatterSpec" time="0.0"/>
  <testcase name="Long '100' with pattern 'null' produces literal '100'" classname="griffon.core.formatters.LongFormatterSpec" time="0.0"/>
  <testcase name="Long '100' with pattern '' produces literal '100'" classname="griffon.core.formatters.LongFormatterSpec" time="0.001"/>
  <testcase name="Long '20' with pattern '##.0' produces literal '20.0'" classname="griffon.core.formatters.LongFormatterSpec" time="0.0"/>
  <testcase name="Parse error for pattern 'currency' with literal 'abc'" classname="griffon.core.formatters.LongFormatterSpec" time="0.0"/>
  <testcase name="Parse error for pattern 'percent' with literal 'abc'" classname="griffon.core.formatters.LongFormatterSpec" time="0.0"/>
  <testcase name="Illegal pattern ';garbage*@%&amp;'" classname="griffon.core.formatters.LongFormatterSpec" time="0.0"/>
  <system-out><![CDATA[]]></system-out>
  <system-err><![CDATA[]]></system-err>
</testsuite>
