<?xml version="1.0" encoding="UTF-8"?>
<testsuite name="griffon.exceptions.InstanceMethodInvocationExceptionSpec" tests="3" skipped="0" failures="0" errors="0" timestamp="2017-02-22T15:14:47" hostname="testing-gce-7d3042d1-6783-44c6-8859-669d03f901ba" time="0.021">
  <properties/>
  <testcase name="Exception should have proper formatted message (1)[0]" classname="griffon.exceptions.InstanceMethodInvocationExceptionSpec" time="0.011"/>
  <testcase name="Exception should have proper formatted message (1)[1]" classname="griffon.exceptions.InstanceMethodInvocationExceptionSpec" time="0.0"/>
  <testcase name="Exception should have proper formatted message (2)[0]" classname="griffon.exceptions.InstanceMethodInvocationExceptionSpec" time="0.01"/>
  <system-out><![CDATA[]]></system-out>
  <system-err><![CDATA[]]></system-err>
</testsuite>
