<?xml version="1.0" encoding="UTF-8"?>
<testsuite name="griffon.exceptions.FieldExceptionSpec" tests="3" skipped="0" failures="0" errors="0" timestamp="2017-03-17T14:47:50" hostname="testing-gce-2cba042c-7dfa-40c6-8050-1b9f1390cf9f" time="0.01">
  <properties/>
  <testcase name="Exception should have proper formatted message[0]" classname="griffon.exceptions.FieldExceptionSpec" time="0.008"/>
  <testcase name="Exception should have proper formatted message[1]" classname="griffon.exceptions.FieldExceptionSpec" time="0.001"/>
  <testcase name="Exception should have proper formatted message[2]" classname="griffon.exceptions.FieldExceptionSpec" time="0.001"/>
  <system-out><![CDATA[]]></system-out>
  <system-err><![CDATA[]]></system-err>
</testsuite>
