<?xml version="1.0" encoding="UTF-8"?>
<testsuite name="org.codehaus.griffon.runtime.core.resources.DefaultResourceResolverTests" tests="7" skipped="0" failures="0" errors="0" timestamp="2016-11-30T21:34:35" hostname="testing-gce-7b284da2-1dfc-4486-9403-0c3889a84a74" time="0.109">
  <properties/>
  <testcase name="exerciseFormatResource" classname="org.codehaus.griffon.runtime.core.resources.DefaultResourceResolverTests" time="0.03"/>
  <testcase name="resolveResourceValueWithReferencedKey" classname="org.codehaus.griffon.runtime.core.resources.DefaultResourceResolverTests" time="0.003"/>
  <testcase name="exerciseAllExceptionThrowingMethods" classname="org.codehaus.griffon.runtime.core.resources.DefaultResourceResolverTests" time="0.035"/>
  <testcase name="exerciseAllMethodsWithDefaultValue" classname="org.codehaus.griffon.runtime.core.resources.DefaultResourceResolverTests" time="0.006"/>
  <testcase name="resolveAllFormatsByProperties" classname="org.codehaus.griffon.runtime.core.resources.DefaultResourceResolverTests" time="0.004"/>
  <testcase name="exerciseAllMethodsWithConverter" classname="org.codehaus.griffon.runtime.core.resources.DefaultResourceResolverTests" time="0.009"/>
  <testcase name="resolveResourceFromCustomResourceResolver" classname="org.codehaus.griffon.runtime.core.resources.DefaultResourceResolverTests" time="0.015"/>
  <system-out><![CDATA[]]></system-out>
  <system-err><![CDATA[]]></system-err>
</testsuite>
