<?xml version="1.0" encoding="UTF-8"?>
<testsuite name="griffon.exceptions.InstanceMethodInvocationExceptionSpec" tests="3" skipped="0" failures="0" errors="0" timestamp="2016-11-21T12:45:59" hostname="testing-gce-3f7e0214-5b6a-4a9e-a833-72c85fa03669" time="0.023">
  <properties/>
  <testcase name="Exception should have proper formatted message (1)[0]" classname="griffon.exceptions.InstanceMethodInvocationExceptionSpec" time="0.015"/>
  <testcase name="Exception should have proper formatted message (1)[1]" classname="griffon.exceptions.InstanceMethodInvocationExceptionSpec" time="0.001"/>
  <testcase name="Exception should have proper formatted message (2)[0]" classname="griffon.exceptions.InstanceMethodInvocationExceptionSpec" time="0.007"/>
  <system-out><![CDATA[]]></system-out>
  <system-err><![CDATA[]]></system-err>
</testsuite>
