<?xml version="1.0" encoding="UTF-8"?>
<testsuite name="griffon.core.formatters.ByteFormatterSpec" tests="11" skipped="0" failures="0" errors="0" timestamp="2017-02-24T11:27:10" hostname="testing-gce-74d2f9bb-b51a-479d-a49c-205e2856a55c" time="0.021">
  <properties/>
  <testcase name="Byte '100' produces literal '100'" classname="griffon.core.formatters.ByteFormatterSpec" time="0.005"/>
  <testcase name="Byte 'null' with pattern 'currency' produces literal 'null'" classname="griffon.core.formatters.ByteFormatterSpec" time="0.001"/>
  <testcase name="Byte 'null' with pattern 'percent' produces literal 'null'" classname="griffon.core.formatters.ByteFormatterSpec" time="0.001"/>
  <testcase name="Byte '100' with pattern 'currency' produces literal '$100.00'" classname="griffon.core.formatters.ByteFormatterSpec" time="0.001"/>
  <testcase name="Byte '1' with pattern 'percent' produces literal '100%'" classname="griffon.core.formatters.ByteFormatterSpec" time="0.009"/>
  <testcase name="Byte '100' with pattern 'null' produces literal '100'" classname="griffon.core.formatters.ByteFormatterSpec" time="0.001"/>
  <testcase name="Byte '100' with pattern '' produces literal '100'" classname="griffon.core.formatters.ByteFormatterSpec" time="0.0"/>
  <testcase name="Byte '20' with pattern '##.0' produces literal '20.0'" classname="griffon.core.formatters.ByteFormatterSpec" time="0.0"/>
  <testcase name="Parse error for pattern 'currency' with literal 'abc'" classname="griffon.core.formatters.ByteFormatterSpec" time="0.001"/>
  <testcase name="Parse error for pattern 'percent' with literal 'abc'" classname="griffon.core.formatters.ByteFormatterSpec" time="0.0"/>
  <testcase name="Illegal pattern ';garbage*@%&amp;'" classname="griffon.core.formatters.ByteFormatterSpec" time="0.0"/>
  <system-out><![CDATA[]]></system-out>
  <system-err><![CDATA[]]></system-err>
</testsuite>
