<?xml version="1.0" encoding="UTF-8"?>
<testsuite name="griffon.util.ExpandableResourceBundleSpec" tests="5" skipped="0" failures="0" errors="0" timestamp="2016-12-06T13:48:03" hostname="testing-gce-88c17399-7e1a-4bbc-b795-695967a3f3cc" time="0.047">
  <properties/>
  <testcase name="Calling bundle.getObject(single, #Error:defaultValue) gives single as result" classname="griffon.util.ExpandableResourceBundleSpec" time="0.038"/>
  <testcase name="Calling bundle.getObject(key.string, #Error:defaultValue) gives string as result" classname="griffon.util.ExpandableResourceBundleSpec" time="0.001"/>
  <testcase name="Calling bundle.getObject(key.number, #Error:defaultValue) gives number as result" classname="griffon.util.ExpandableResourceBundleSpec" time="0.001"/>
  <testcase name="Calling bundle.getObject(key, #Error:defaultValue) gives [string:string, number:number] as result" classname="griffon.util.ExpandableResourceBundleSpec" time="0.001"/>
  <testcase name="Test wrapping modes" classname="griffon.util.ExpandableResourceBundleSpec" time="0.002"/>
  <system-out><![CDATA[]]></system-out>
  <system-err><![CDATA[]]></system-err>
</testsuite>
