<?xml version="1.0" encoding="UTF-8"?>
<testsuite name="org.codehaus.griffon.runtime.core.resources.DefaultResourceInjectorTests" tests="1" skipped="0" failures="0" errors="0" timestamp="2017-04-23T11:14:13" hostname="testing-gce-800131f0-e76c-47bc-8935-b4db1ec986af" time="0.05">
  <properties/>
  <testcase name="resolveAllFormatsByProperties" classname="org.codehaus.griffon.runtime.core.resources.DefaultResourceInjectorTests" time="0.05"/>
  <system-out><![CDATA[]]></system-out>
  <system-err><![CDATA[[Test worker] DEBUG org.codehaus.griffon.runtime.core.resources.AbstractResourceInjector - Property intValue of instance org.codehaus.griffon.runtime.core.resources.Bean@3674610e [key='org.codehaus.griffon.runtime.core.resources.Bean.intValue', args='[]', defaultValue='', format=''] is marked for resource injection.
[Test worker] DEBUG griffon.util.AnnotationUtils - Current resource bundle loader order is [properties]
[Test worker] TRACE griffon.util.AnnotationUtils - Processing resource bundle loader 'properties'
[Test worker] TRACE griffon.util.AnnotationUtils -   depends on '[]'
[Test worker] TRACE griffon.util.AnnotationUtils -   adding resource bundle loader 'properties', since all dependencies have been added
[Test worker] TRACE griffon.util.AnnotationUtils - resource bundle loader dependency ordering complete
[Test worker] DEBUG griffon.util.AnnotationUtils - computed resource bundle loader order is [properties]
[Test worker] TRACE griffon.util.CompositeResourceBundle - Searching key=org.codehaus.griffon.runtime.core.resources.Bean.intValue
[Test worker] TRACE griffon.util.CompositeResourceBundle - Bundle griffon.util.ExpandableResourceBundle@7e15100a; key=org.codehaus.griffon.runtime.core.resources.Bean.intValue; value='21'
[Test worker] TRACE griffon.core.editors.PropertyEditorResolver - Searching PropertyEditor for int
[Test worker] TRACE griffon.core.editors.PropertyEditorResolver - PropertyEditor for int is griffon.core.editors.IntegerPropertyEditor
[Test worker] DEBUG org.codehaus.griffon.runtime.core.resources.AbstractResourceInjector - Property value of instance org.codehaus.griffon.runtime.core.resources.Bean@3674610e [key='org.codehaus.griffon.runtime.core.resources.Bean.value', args='[]', defaultValue='', format=''] is marked for resource injection.
[Test worker] TRACE griffon.util.CompositeResourceBundle - Searching key=org.codehaus.griffon.runtime.core.resources.Bean.value
[Test worker] TRACE griffon.util.CompositeResourceBundle - Bundle griffon.util.ExpandableResourceBundle@7e15100a; key=org.codehaus.griffon.runtime.core.resources.Bean.value; value='fieldBySetter'
[Test worker] DEBUG org.codehaus.griffon.runtime.core.resources.AbstractResourceInjector - Field org.codehaus.griffon.runtime.core.resources.Bean.privateField of instance org.codehaus.griffon.runtime.core.resources.Bean@3674610e [key='org.codehaus.griffon.runtime.core.resources.Bean.privateField', args='[]', defaultValue='', format=''] is marked for resource injection.
[Test worker] TRACE griffon.util.CompositeResourceBundle - Searching key=org.codehaus.griffon.runtime.core.resources.Bean.privateField
[Test worker] TRACE griffon.util.CompositeResourceBundle - Bundle griffon.util.ExpandableResourceBundle@7e15100a; key=org.codehaus.griffon.runtime.core.resources.Bean.privateField; value='privateField'
[Test worker] DEBUG org.codehaus.griffon.runtime.core.resources.AbstractResourceInjector - Field org.codehaus.griffon.runtime.core.resources.Bean.privateIntField of instance org.codehaus.griffon.runtime.core.resources.Bean@3674610e [key='org.codehaus.griffon.runtime.core.resources.Bean.privateIntField', args='[]', defaultValue='', format=''] is marked for resource injection.
[Test worker] TRACE griffon.util.CompositeResourceBundle - Searching key=org.codehaus.griffon.runtime.core.resources.Bean.privateIntField
[Test worker] TRACE griffon.util.CompositeResourceBundle - Bundle griffon.util.ExpandableResourceBundle@7e15100a; key=org.codehaus.griffon.runtime.core.resources.Bean.privateIntField; value='42'
[Test worker] TRACE griffon.core.editors.PropertyEditorResolver - Searching PropertyEditor for int
[Test worker] TRACE griffon.core.editors.PropertyEditorResolver - PropertyEditor for int is griffon.core.editors.IntegerPropertyEditor
[Test worker] DEBUG org.codehaus.griffon.runtime.core.resources.AbstractResourceInjector - Field org.codehaus.griffon.runtime.core.resources.Bean.fieldWithKey of instance org.codehaus.griffon.runtime.core.resources.Bean@3674610e [key='sample.key.no_args', args='[]', defaultValue='', format=''] is marked for resource injection.
[Test worker] TRACE griffon.util.CompositeResourceBundle - Searching key=sample.key.no_args
[Test worker] TRACE griffon.util.CompositeResourceBundle - Bundle griffon.util.ExpandableResourceBundle@7e15100a; key=sample.key.no_args; value='no_args'
[Test worker] DEBUG org.codehaus.griffon.runtime.core.resources.AbstractResourceInjector - Field org.codehaus.griffon.runtime.core.resources.Bean.fieldWithKeyAndArgs of instance org.codehaus.griffon.runtime.core.resources.Bean@3674610e [key='sample.key.with_args', args='[1, 2]', defaultValue='', format=''] is marked for resource injection.
[Test worker] TRACE griffon.util.CompositeResourceBundle - Searching key=sample.key.with_args
[Test worker] TRACE griffon.util.CompositeResourceBundle - Bundle griffon.util.ExpandableResourceBundle@7e15100a; key=sample.key.with_args; value='with_args {0} {1}'
[Test worker] DEBUG org.codehaus.griffon.runtime.core.resources.AbstractResourceInjector - Field org.codehaus.griffon.runtime.core.resources.Bean.fieldWithKeyNoArgsWithDefault of instance org.codehaus.griffon.runtime.core.resources.Bean@3674610e [key='sample.key.no_args.with_default', args='[]', defaultValue='DEFAULT_NO_ARGS', format=''] is marked for resource injection.
[Test worker] TRACE griffon.util.CompositeResourceBundle - Searching key=sample.key.no_args.with_default
[Test worker] DEBUG org.codehaus.griffon.runtime.core.resources.AbstractResourceInjector - Field org.codehaus.griffon.runtime.core.resources.Bean.fieldWithKeyWithArgsWithDefault of instance org.codehaus.griffon.runtime.core.resources.Bean@3674610e [key='sample.key.no_args.with_default', args='[1, 2]', defaultValue='DEFAULT_WITH_ARGS', format=''] is marked for resource injection.
[Test worker] TRACE griffon.util.CompositeResourceBundle - Searching key=sample.key.no_args.with_default
[Test worker] DEBUG org.codehaus.griffon.runtime.core.resources.AbstractResourceInjector - Field org.codehaus.griffon.runtime.core.resources.Bean.notFound of instance org.codehaus.griffon.runtime.core.resources.Bean@3674610e [key='org.codehaus.griffon.runtime.core.resources.Bean.notFound', args='[]', defaultValue='', format=''] is marked for resource injection.
[Test worker] TRACE griffon.util.CompositeResourceBundle - Searching key=org.codehaus.griffon.runtime.core.resources.Bean.notFound
]]></system-err>
</testsuite>
