<?xml version="1.0" encoding="UTF-8"?>
<testsuite name="org.codehaus.griffon.runtime.core.artifact.GriffonArtifactSpec" tests="25" skipped="0" failures="0" errors="0" timestamp="2016-12-01T10:04:44" hostname="testing-gce-eaf68bd0-c1b6-4661-a4ef-407d21883631" time="1.182">
  <properties/>
  <testcase name="Bootstrap application" classname="org.codehaus.griffon.runtime.core.artifact.GriffonArtifactSpec" time="0.787"/>
  <testcase name="Verify withMvcGroup(type , handler)" classname="org.codehaus.griffon.runtime.core.artifact.GriffonArtifactSpec" time="0.052"/>
  <testcase name="Verify withMvcGroup(type, id , handler)" classname="org.codehaus.griffon.runtime.core.artifact.GriffonArtifactSpec" time="0.02"/>
  <testcase name="Verify withMvcGroup(type, id, map , handler)" classname="org.codehaus.griffon.runtime.core.artifact.GriffonArtifactSpec" time="0.027"/>
  <testcase name="Verify withMvcGroup(type, map , handler)" classname="org.codehaus.griffon.runtime.core.artifact.GriffonArtifactSpec" time="0.02"/>
  <testcase name="Verify withMvcGroup(map, type, id , handler)" classname="org.codehaus.griffon.runtime.core.artifact.GriffonArtifactSpec" time="0.029"/>
  <testcase name="Verify withMvcGroup(map, type , handler)" classname="org.codehaus.griffon.runtime.core.artifact.GriffonArtifactSpec" time="0.027"/>
  <testcase name="Verify createMVCGroup(type)" classname="org.codehaus.griffon.runtime.core.artifact.GriffonArtifactSpec" time="0.012"/>
  <testcase name="Verify createMVCGroup(type, id)" classname="org.codehaus.griffon.runtime.core.artifact.GriffonArtifactSpec" time="0.011"/>
  <testcase name="Verify createMVCGroup(type, map)" classname="org.codehaus.griffon.runtime.core.artifact.GriffonArtifactSpec" time="0.018"/>
  <testcase name="Verify createMVCGroup(map, type)" classname="org.codehaus.griffon.runtime.core.artifact.GriffonArtifactSpec" time="0.012"/>
  <testcase name="Verify createMVCGroup(type, id, map)" classname="org.codehaus.griffon.runtime.core.artifact.GriffonArtifactSpec" time="0.011"/>
  <testcase name="Verify createMVCGroup(map, type, id)" classname="org.codehaus.griffon.runtime.core.artifact.GriffonArtifactSpec" time="0.017"/>
  <testcase name="Verify createMVC(type)" classname="org.codehaus.griffon.runtime.core.artifact.GriffonArtifactSpec" time="0.017"/>
  <testcase name="Verify createMVC(type, id)" classname="org.codehaus.griffon.runtime.core.artifact.GriffonArtifactSpec" time="0.017"/>
  <testcase name="Verify createMVC(type, map)" classname="org.codehaus.griffon.runtime.core.artifact.GriffonArtifactSpec" time="0.013"/>
  <testcase name="Verify createMVC(map, type)" classname="org.codehaus.griffon.runtime.core.artifact.GriffonArtifactSpec" time="0.015"/>
  <testcase name="Verify createMVC(type, id, map)" classname="org.codehaus.griffon.runtime.core.artifact.GriffonArtifactSpec" time="0.01"/>
  <testcase name="Verify createMVC(map, type, id)" classname="org.codehaus.griffon.runtime.core.artifact.GriffonArtifactSpec" time="0.01"/>
  <testcase name="Verify destroyMVCGroup(id)" classname="org.codehaus.griffon.runtime.core.artifact.GriffonArtifactSpec" time="0.011"/>
  <testcase name="Execute runnable inside UI sync" classname="org.codehaus.griffon.runtime.core.artifact.GriffonArtifactSpec" time="0.004"/>
  <testcase name="Execute runnable inside UI async" classname="org.codehaus.griffon.runtime.core.artifact.GriffonArtifactSpec" time="0.003"/>
  <testcase name="Execute runnable outside UI" classname="org.codehaus.griffon.runtime.core.artifact.GriffonArtifactSpec" time="0.002"/>
  <testcase name="Execute future" classname="org.codehaus.griffon.runtime.core.artifact.GriffonArtifactSpec" time="0.007"/>
  <testcase name="Execute future with ExecutorService" classname="org.codehaus.griffon.runtime.core.artifact.GriffonArtifactSpec" time="0.004"/>
  <system-out><![CDATA[]]></system-out>
  <system-err><![CDATA[[Test worker] INFO org.codehaus.griffon.runtime.core.DefaultApplicationBootstrapper - Griffon 2.9.0
[Test worker] INFO org.codehaus.griffon.runtime.core.DefaultApplicationBootstrapper - Build: 2016-12-01T10:03:37.256+0000
[Test worker] INFO org.codehaus.griffon.runtime.core.DefaultApplicationBootstrapper - Revision: 2a39e9540ae6878a5206488f048c1dcb9b953d02
[Test worker] INFO org.codehaus.griffon.runtime.core.DefaultApplicationBootstrapper - JVM: 1.8.0_111 (Oracle Corporation 25.111-b14)
[Test worker] INFO org.codehaus.griffon.runtime.core.DefaultApplicationBootstrapper - OS: Linux 3.13.0-92-generic amd64
[Test worker] INFO integration.TestGriffonApplication - Initializing all startup groups: [integration]
[Test worker] INFO integration.TestGriffonApplication - Initializing all integration startup groups: [sample]
[Test worker] WARN org.codehaus.griffon.runtime.core.mvc.DefaultMVCGroupManager - Property 'key' in controller (integration.SimpleController) must be annotated with @griffon.inject.MVCMember.
[Test worker] WARN org.codehaus.griffon.runtime.core.mvc.DefaultMVCGroupManager - Property 'key' in controller (integration.SimpleController) must be annotated with @griffon.inject.MVCMember.
[Test worker] WARN org.codehaus.griffon.runtime.core.mvc.DefaultMVCGroupManager - Property 'key' in controller (integration.SimpleController) must be annotated with @griffon.inject.MVCMember.
[Test worker] WARN org.codehaus.griffon.runtime.core.mvc.DefaultMVCGroupManager - Property 'key' in controller (integration.SimpleController) must be annotated with @griffon.inject.MVCMember.
[Test worker] WARN org.codehaus.griffon.runtime.core.mvc.DefaultMVCGroupManager - Property 'key' in controller (integration.SimpleController) must be annotated with @griffon.inject.MVCMember.
[Test worker] WARN org.codehaus.griffon.runtime.core.mvc.DefaultMVCGroupManager - Property 'key' in controller (integration.SimpleController) must be annotated with @griffon.inject.MVCMember.
[Test worker] WARN org.codehaus.griffon.runtime.core.mvc.DefaultMVCGroupManager - Property 'key' in controller (integration.SimpleController) must be annotated with @griffon.inject.MVCMember.
[Test worker] WARN org.codehaus.griffon.runtime.core.mvc.DefaultMVCGroupManager - Property 'key' in controller (integration.SimpleController) must be annotated with @griffon.inject.MVCMember.
[Test worker] WARN org.codehaus.griffon.runtime.core.mvc.DefaultMVCGroupManager - Property 'key' in controller (integration.SimpleController) must be annotated with @griffon.inject.MVCMember.
[Test worker] WARN org.codehaus.griffon.runtime.core.mvc.DefaultMVCGroupManager - Property 'key' in controller (integration.SimpleController) must be annotated with @griffon.inject.MVCMember.
[Test worker] WARN org.codehaus.griffon.runtime.core.mvc.DefaultMVCGroupManager - Property 'key' in controller (integration.SimpleController) must be annotated with @griffon.inject.MVCMember.
[Test worker] WARN org.codehaus.griffon.runtime.core.mvc.DefaultMVCGroupManager - Property 'key' in controller (integration.SimpleController) must be annotated with @griffon.inject.MVCMember.
[Test worker] INFO integration.TestGriffonApplication - Shutdown is in process
]]></system-err>
</testsuite>
