<?xml version="1.0" encoding="UTF-8"?>
<testsuite name="org.codehaus.griffon.runtime.core.event.DefaultEventPublisherSpec" tests="38" skipped="0" failures="0" errors="0" timestamp="2017-04-18T07:09:05" hostname="testing-gce-002cfebe-ce3e-40e2-ac44-84a0ecf46dae" time="2.005">
  <properties/>
  <testcase name="Invoking an event by name in synchronous mode with a callable listener" classname="org.codehaus.griffon.runtime.core.event.DefaultEventPublisherSpec" time="0.065"/>
  <testcase name="Invoking an event by name in asynchronous mode with a callable listener" classname="org.codehaus.griffon.runtime.core.event.DefaultEventPublisherSpec" time="0.213"/>
  <testcase name="Invoking an event by name in outside mode with a callable listener" classname="org.codehaus.griffon.runtime.core.event.DefaultEventPublisherSpec" time="0.005"/>
  <testcase name="Invoking an event by name in synchronous mode with a runnable listener" classname="org.codehaus.griffon.runtime.core.event.DefaultEventPublisherSpec" time="0.007"/>
  <testcase name="Invoking an event by name in asynchronous mode with a runnable listener" classname="org.codehaus.griffon.runtime.core.event.DefaultEventPublisherSpec" time="0.204"/>
  <testcase name="Invoking an event by name in outside mode with a runnable listener" classname="org.codehaus.griffon.runtime.core.event.DefaultEventPublisherSpec" time="0.001"/>
  <testcase name="Invoking an event by name in synchronous mode with a Map listener (callable)" classname="org.codehaus.griffon.runtime.core.event.DefaultEventPublisherSpec" time="0.008"/>
  <testcase name="Invoking an event by name in asynchronous mode with a Map listener (callable)" classname="org.codehaus.griffon.runtime.core.event.DefaultEventPublisherSpec" time="0.204"/>
  <testcase name="Invoking an event by name in outside mode with a Map listener (callable)" classname="org.codehaus.griffon.runtime.core.event.DefaultEventPublisherSpec" time="0.001"/>
  <testcase name="Invoking an event by name in synchronous mode with a Map listener (runnable)" classname="org.codehaus.griffon.runtime.core.event.DefaultEventPublisherSpec" time="0.001"/>
  <testcase name="Invoking an event by name in asynchronous mode with a Map listener (runnable)" classname="org.codehaus.griffon.runtime.core.event.DefaultEventPublisherSpec" time="0.206"/>
  <testcase name="Invoking an event by name in outside mode with a Map listener (runnable)" classname="org.codehaus.griffon.runtime.core.event.DefaultEventPublisherSpec" time="0.001"/>
  <testcase name="Invoking an event by name in synchronous mode with a bean listener" classname="org.codehaus.griffon.runtime.core.event.DefaultEventPublisherSpec" time="0.008"/>
  <testcase name="Invoking an event by name in asynchronous mode with a bean listener" classname="org.codehaus.griffon.runtime.core.event.DefaultEventPublisherSpec" time="0.203"/>
  <testcase name="Invoking an event by name in outside mode with a bean listener" classname="org.codehaus.griffon.runtime.core.event.DefaultEventPublisherSpec" time="0.002"/>
  <testcase name="Invoking an event in synchronous mode with a callable listener" classname="org.codehaus.griffon.runtime.core.event.DefaultEventPublisherSpec" time="0.004"/>
  <testcase name="Invoking an event in asynchronous mode with a callable listener" classname="org.codehaus.griffon.runtime.core.event.DefaultEventPublisherSpec" time="0.204"/>
  <testcase name="Invoking an event in outside mode with a callable listener" classname="org.codehaus.griffon.runtime.core.event.DefaultEventPublisherSpec" time="0.002"/>
  <testcase name="Invoking an event in synchronous mode with a runnable listener" classname="org.codehaus.griffon.runtime.core.event.DefaultEventPublisherSpec" time="0.002"/>
  <testcase name="Invoking an event in asynchronous mode with a runnable listener" classname="org.codehaus.griffon.runtime.core.event.DefaultEventPublisherSpec" time="0.203"/>
  <testcase name="Invoking an event in outside mode with a runnable listener" classname="org.codehaus.griffon.runtime.core.event.DefaultEventPublisherSpec" time="0.002"/>
  <testcase name="Invoking an event in synchronous mode with a Map listener (callable)" classname="org.codehaus.griffon.runtime.core.event.DefaultEventPublisherSpec" time="0.002"/>
  <testcase name="Invoking an event in asynchronous mode with a Map listener (callable)" classname="org.codehaus.griffon.runtime.core.event.DefaultEventPublisherSpec" time="0.203"/>
  <testcase name="Invoking an event in outside mode with a Map listener (callable)" classname="org.codehaus.griffon.runtime.core.event.DefaultEventPublisherSpec" time="0.001"/>
  <testcase name="Invoking an event in synchronous mode with a Map listener (runnable)" classname="org.codehaus.griffon.runtime.core.event.DefaultEventPublisherSpec" time="0.001"/>
  <testcase name="Invoking an event in asynchronous mode with a Map listener (runnable)" classname="org.codehaus.griffon.runtime.core.event.DefaultEventPublisherSpec" time="0.202"/>
  <testcase name="Invoking an event in outside mode with a Map listener (runnable)" classname="org.codehaus.griffon.runtime.core.event.DefaultEventPublisherSpec" time="0.001"/>
  <testcase name="Register and unregister a callable listener by name" classname="org.codehaus.griffon.runtime.core.event.DefaultEventPublisherSpec" time="0.003"/>
  <testcase name="Register and unregister a runnable listener by name" classname="org.codehaus.griffon.runtime.core.event.DefaultEventPublisherSpec" time="0.002"/>
  <testcase name="Register and unregister a Map listener by name (callable)" classname="org.codehaus.griffon.runtime.core.event.DefaultEventPublisherSpec" time="0.002"/>
  <testcase name="Register and unregister a Map listener by name (runnable)" classname="org.codehaus.griffon.runtime.core.event.DefaultEventPublisherSpec" time="0.001"/>
  <testcase name="Register and unregister a callable listener" classname="org.codehaus.griffon.runtime.core.event.DefaultEventPublisherSpec" time="0.008"/>
  <testcase name="Register and unregister a runnable listener" classname="org.codehaus.griffon.runtime.core.event.DefaultEventPublisherSpec" time="0.002"/>
  <testcase name="Register and unregister a bean listener" classname="org.codehaus.griffon.runtime.core.event.DefaultEventPublisherSpec" time="0.002"/>
  <testcase name="Register and unregister a bean listener with nested listeners" classname="org.codehaus.griffon.runtime.core.event.DefaultEventPublisherSpec" time="0.017"/>
  <testcase name="Register and unregister an invalid bean listener" classname="org.codehaus.griffon.runtime.core.event.DefaultEventPublisherSpec" time="0.001"/>
  <testcase name="Triggering an event with event published disabled does not notify listener" classname="org.codehaus.griffon.runtime.core.event.DefaultEventPublisherSpec" time="0.002"/>
  <testcase name="Query existing listeners by event name" classname="org.codehaus.griffon.runtime.core.event.DefaultEventPublisherSpec" time="0.005"/>
  <system-out><![CDATA[]]></system-out>
  <system-err><![CDATA[[Test worker] DEBUG org.codehaus.griffon.runtime.core.event.AbstractEventRouter - Adding listener org.codehaus.griffon.runtime.core.event.DefaultEventPublisherSpec$TestCallableEventHandler on MyEvent1
[Test worker] DEBUG org.codehaus.griffon.runtime.core.event.AbstractEventRouter - Triggering event 'MyEvent1' synchronously
[Test worker] DEBUG org.codehaus.griffon.runtime.core.event.AbstractEventRouter - Triggering event 'MyEvent2' synchronously
[Test worker] DEBUG org.codehaus.griffon.runtime.core.event.AbstractEventRouter - Triggering event 'MyEvent1' synchronously
[Test worker] DEBUG org.codehaus.griffon.runtime.core.event.AbstractEventRouter - Triggering event 'MyEvent2' synchronously
[Test worker] DEBUG org.codehaus.griffon.runtime.core.event.AbstractEventRouter - Adding listener org.codehaus.griffon.runtime.core.event.DefaultEventPublisherSpec$TestCallableEventHandler on MyEvent1
[event-router-4-thread-1] DEBUG org.codehaus.griffon.runtime.core.event.AbstractEventRouter - Triggering event 'MyEvent1' asynchronously
[event-router-4-thread-1] DEBUG org.codehaus.griffon.runtime.core.event.AbstractEventRouter - Triggering event 'MyEvent1' asynchronously
[event-router-4-thread-1] DEBUG org.codehaus.griffon.runtime.core.event.AbstractEventRouter - Triggering event 'MyEvent2' asynchronously
[event-router-4-thread-2] DEBUG org.codehaus.griffon.runtime.core.event.AbstractEventRouter - Triggering event 'MyEvent2' asynchronously
[Test worker] DEBUG org.codehaus.griffon.runtime.core.event.AbstractEventRouter - Adding listener org.codehaus.griffon.runtime.core.event.DefaultEventPublisherSpec$TestCallableEventHandler on MyEvent1
[Test worker] DEBUG org.codehaus.griffon.runtime.core.event.AbstractEventRouter - Triggering event 'MyEvent1' outside UI
[Test worker] DEBUG org.codehaus.griffon.runtime.core.event.AbstractEventRouter - Triggering event 'MyEvent2' outside UI
[Test worker] DEBUG org.codehaus.griffon.runtime.core.event.AbstractEventRouter - Triggering event 'MyEvent1' outside UI
[Test worker] DEBUG org.codehaus.griffon.runtime.core.event.AbstractEventRouter - Triggering event 'MyEvent2' outside UI
[Test worker] DEBUG org.codehaus.griffon.runtime.core.event.AbstractEventRouter - Adding listener org.codehaus.griffon.runtime.core.event.DefaultEventPublisherSpec$TestRunnableEventHandler on MyEvent1
[Test worker] DEBUG org.codehaus.griffon.runtime.core.event.AbstractEventRouter - Triggering event 'MyEvent1' synchronously
[Test worker] DEBUG org.codehaus.griffon.runtime.core.event.AbstractEventRouter - Triggering event 'MyEvent2' synchronously
[Test worker] DEBUG org.codehaus.griffon.runtime.core.event.AbstractEventRouter - Adding listener org.codehaus.griffon.runtime.core.event.DefaultEventPublisherSpec$TestRunnableEventHandler on MyEvent1
[event-router-7-thread-1] DEBUG org.codehaus.griffon.runtime.core.event.AbstractEventRouter - Triggering event 'MyEvent1' asynchronously
[event-router-7-thread-2] DEBUG org.codehaus.griffon.runtime.core.event.AbstractEventRouter - Triggering event 'MyEvent2' asynchronously
[Test worker] DEBUG org.codehaus.griffon.runtime.core.event.AbstractEventRouter - Adding listener org.codehaus.griffon.runtime.core.event.DefaultEventPublisherSpec$TestRunnableEventHandler on MyEvent1
[Test worker] DEBUG org.codehaus.griffon.runtime.core.event.AbstractEventRouter - Triggering event 'MyEvent1' outside UI
[Test worker] DEBUG org.codehaus.griffon.runtime.core.event.AbstractEventRouter - Triggering event 'MyEvent2' outside UI
[Test worker] DEBUG org.codehaus.griffon.runtime.core.event.AbstractEventRouter - Adding listener org.codehaus.griffon.runtime.core.event.DefaultEventPublisherSpec$TestCallableEventHandler on MyEvent1
[Test worker] DEBUG org.codehaus.griffon.runtime.core.event.AbstractEventRouter - Triggering event 'MyEvent1' synchronously
[Test worker] DEBUG org.codehaus.griffon.runtime.core.event.AbstractEventRouter - Triggering event 'MyEvent2' synchronously
[Test worker] DEBUG org.codehaus.griffon.runtime.core.event.AbstractEventRouter - Adding listener org.codehaus.griffon.runtime.core.event.DefaultEventPublisherSpec$TestCallableEventHandler on MyEvent1
[event-router-10-thread-1] DEBUG org.codehaus.griffon.runtime.core.event.AbstractEventRouter - Triggering event 'MyEvent1' asynchronously
[event-router-10-thread-2] DEBUG org.codehaus.griffon.runtime.core.event.AbstractEventRouter - Triggering event 'MyEvent2' asynchronously
[Test worker] DEBUG org.codehaus.griffon.runtime.core.event.AbstractEventRouter - Adding listener org.codehaus.griffon.runtime.core.event.DefaultEventPublisherSpec$TestCallableEventHandler on MyEvent1
[Test worker] DEBUG org.codehaus.griffon.runtime.core.event.AbstractEventRouter - Triggering event 'MyEvent1' outside UI
[Test worker] DEBUG org.codehaus.griffon.runtime.core.event.AbstractEventRouter - Triggering event 'MyEvent2' outside UI
[Test worker] DEBUG org.codehaus.griffon.runtime.core.event.AbstractEventRouter - Adding listener org.codehaus.griffon.runtime.core.event.DefaultEventPublisherSpec$TestRunnableEventHandler on MyEvent1
[Test worker] DEBUG org.codehaus.griffon.runtime.core.event.AbstractEventRouter - Triggering event 'MyEvent1' synchronously
[Test worker] DEBUG org.codehaus.griffon.runtime.core.event.AbstractEventRouter - Triggering event 'MyEvent2' synchronously
[Test worker] DEBUG org.codehaus.griffon.runtime.core.event.AbstractEventRouter - Adding listener org.codehaus.griffon.runtime.core.event.DefaultEventPublisherSpec$TestRunnableEventHandler on MyEvent1
[event-router-13-thread-1] DEBUG org.codehaus.griffon.runtime.core.event.AbstractEventRouter - Triggering event 'MyEvent1' asynchronously
[event-router-13-thread-2] DEBUG org.codehaus.griffon.runtime.core.event.AbstractEventRouter - Triggering event 'MyEvent2' asynchronously
[Test worker] DEBUG org.codehaus.griffon.runtime.core.event.AbstractEventRouter - Adding listener org.codehaus.griffon.runtime.core.event.DefaultEventPublisherSpec$TestRunnableEventHandler on MyEvent1
[Test worker] DEBUG org.codehaus.griffon.runtime.core.event.AbstractEventRouter - Triggering event 'MyEvent1' outside UI
[Test worker] DEBUG org.codehaus.griffon.runtime.core.event.AbstractEventRouter - Triggering event 'MyEvent2' outside UI
[Test worker] DEBUG org.codehaus.griffon.runtime.core.event.AbstractEventRouter - Adding listener org.codehaus.griffon.runtime.core.event.DefaultEventPublisherSpec$EventHandler@35f9c1ad
[Test worker] DEBUG org.codehaus.griffon.runtime.core.event.AbstractEventRouter - Triggering event 'MyEvent1' synchronously
[Test worker] DEBUG org.codehaus.griffon.runtime.core.event.AbstractEventRouter - Triggering event 'MyEvent2' synchronously
[Test worker] DEBUG org.codehaus.griffon.runtime.core.event.AbstractEventRouter - Adding listener org.codehaus.griffon.runtime.core.event.DefaultEventPublisherSpec$EventHandler@6c4a21a8
[event-router-16-thread-1] DEBUG org.codehaus.griffon.runtime.core.event.AbstractEventRouter - Triggering event 'MyEvent1' asynchronously
[event-router-16-thread-2] DEBUG org.codehaus.griffon.runtime.core.event.AbstractEventRouter - Triggering event 'MyEvent2' asynchronously
[Test worker] DEBUG org.codehaus.griffon.runtime.core.event.AbstractEventRouter - Adding listener org.codehaus.griffon.runtime.core.event.DefaultEventPublisherSpec$EventHandler@6ff1f849
[Test worker] DEBUG org.codehaus.griffon.runtime.core.event.AbstractEventRouter - Triggering event 'MyEvent1' outside UI
[Test worker] DEBUG org.codehaus.griffon.runtime.core.event.AbstractEventRouter - Triggering event 'MyEvent2' outside UI
[Test worker] DEBUG org.codehaus.griffon.runtime.core.event.AbstractEventRouter - Adding listener org.codehaus.griffon.runtime.core.event.DefaultEventPublisherSpec$TestCallableEventHandler on MyEvent1
[Test worker] DEBUG org.codehaus.griffon.runtime.core.event.AbstractEventRouter - Triggering event 'MyEvent1' synchronously
[Test worker] DEBUG org.codehaus.griffon.runtime.core.event.AbstractEventRouter - Triggering event 'MyEvent2' synchronously
[Test worker] DEBUG org.codehaus.griffon.runtime.core.event.AbstractEventRouter - Adding listener org.codehaus.griffon.runtime.core.event.DefaultEventPublisherSpec$TestCallableEventHandler on MyEvent1
[event-router-19-thread-1] DEBUG org.codehaus.griffon.runtime.core.event.AbstractEventRouter - Triggering event 'MyEvent1' asynchronously
[event-router-19-thread-2] DEBUG org.codehaus.griffon.runtime.core.event.AbstractEventRouter - Triggering event 'MyEvent2' asynchronously
[Test worker] DEBUG org.codehaus.griffon.runtime.core.event.AbstractEventRouter - Adding listener org.codehaus.griffon.runtime.core.event.DefaultEventPublisherSpec$TestCallableEventHandler on MyEvent1
[Test worker] DEBUG org.codehaus.griffon.runtime.core.event.AbstractEventRouter - Triggering event 'MyEvent1' outside UI
[Test worker] DEBUG org.codehaus.griffon.runtime.core.event.AbstractEventRouter - Triggering event 'MyEvent2' outside UI
[Test worker] DEBUG org.codehaus.griffon.runtime.core.event.AbstractEventRouter - Adding listener org.codehaus.griffon.runtime.core.event.DefaultEventPublisherSpec$TestRunnableEventHandler on MyEvent1
[Test worker] DEBUG org.codehaus.griffon.runtime.core.event.AbstractEventRouter - Triggering event 'MyEvent1' synchronously
[Test worker] DEBUG org.codehaus.griffon.runtime.core.event.AbstractEventRouter - Triggering event 'MyEvent2' synchronously
[Test worker] DEBUG org.codehaus.griffon.runtime.core.event.AbstractEventRouter - Adding listener org.codehaus.griffon.runtime.core.event.DefaultEventPublisherSpec$TestRunnableEventHandler on MyEvent1
[event-router-22-thread-2] DEBUG org.codehaus.griffon.runtime.core.event.AbstractEventRouter - Triggering event 'MyEvent2' asynchronously
[event-router-22-thread-1] DEBUG org.codehaus.griffon.runtime.core.event.AbstractEventRouter - Triggering event 'MyEvent1' asynchronously
[Test worker] DEBUG org.codehaus.griffon.runtime.core.event.AbstractEventRouter - Adding listener org.codehaus.griffon.runtime.core.event.DefaultEventPublisherSpec$TestRunnableEventHandler on MyEvent1
[Test worker] DEBUG org.codehaus.griffon.runtime.core.event.AbstractEventRouter - Triggering event 'MyEvent1' outside UI
[Test worker] DEBUG org.codehaus.griffon.runtime.core.event.AbstractEventRouter - Triggering event 'MyEvent2' outside UI
[Test worker] DEBUG org.codehaus.griffon.runtime.core.event.AbstractEventRouter - Adding listener org.codehaus.griffon.runtime.core.event.DefaultEventPublisherSpec$TestCallableEventHandler on MyEvent1
[Test worker] DEBUG org.codehaus.griffon.runtime.core.event.AbstractEventRouter - Triggering event 'MyEvent1' synchronously
[Test worker] DEBUG org.codehaus.griffon.runtime.core.event.AbstractEventRouter - Triggering event 'MyEvent2' synchronously
[Test worker] DEBUG org.codehaus.griffon.runtime.core.event.AbstractEventRouter - Adding listener org.codehaus.griffon.runtime.core.event.DefaultEventPublisherSpec$TestCallableEventHandler on MyEvent1
[event-router-25-thread-1] DEBUG org.codehaus.griffon.runtime.core.event.AbstractEventRouter - Triggering event 'MyEvent1' asynchronously
[event-router-25-thread-2] DEBUG org.codehaus.griffon.runtime.core.event.AbstractEventRouter - Triggering event 'MyEvent2' asynchronously
[Test worker] DEBUG org.codehaus.griffon.runtime.core.event.AbstractEventRouter - Adding listener org.codehaus.griffon.runtime.core.event.DefaultEventPublisherSpec$TestCallableEventHandler on MyEvent1
[Test worker] DEBUG org.codehaus.griffon.runtime.core.event.AbstractEventRouter - Triggering event 'MyEvent1' outside UI
[Test worker] DEBUG org.codehaus.griffon.runtime.core.event.AbstractEventRouter - Triggering event 'MyEvent2' outside UI
[Test worker] DEBUG org.codehaus.griffon.runtime.core.event.AbstractEventRouter - Adding listener org.codehaus.griffon.runtime.core.event.DefaultEventPublisherSpec$TestRunnableEventHandler on MyEvent1
[Test worker] DEBUG org.codehaus.griffon.runtime.core.event.AbstractEventRouter - Triggering event 'MyEvent1' synchronously
[Test worker] DEBUG org.codehaus.griffon.runtime.core.event.AbstractEventRouter - Triggering event 'MyEvent2' synchronously
[Test worker] DEBUG org.codehaus.griffon.runtime.core.event.AbstractEventRouter - Adding listener org.codehaus.griffon.runtime.core.event.DefaultEventPublisherSpec$TestRunnableEventHandler on MyEvent1
[event-router-28-thread-1] DEBUG org.codehaus.griffon.runtime.core.event.AbstractEventRouter - Triggering event 'MyEvent1' asynchronously
[event-router-28-thread-2] DEBUG org.codehaus.griffon.runtime.core.event.AbstractEventRouter - Triggering event 'MyEvent2' asynchronously
[Test worker] DEBUG org.codehaus.griffon.runtime.core.event.AbstractEventRouter - Adding listener org.codehaus.griffon.runtime.core.event.DefaultEventPublisherSpec$TestRunnableEventHandler on MyEvent1
[Test worker] DEBUG org.codehaus.griffon.runtime.core.event.AbstractEventRouter - Triggering event 'MyEvent1' outside UI
[Test worker] DEBUG org.codehaus.griffon.runtime.core.event.AbstractEventRouter - Triggering event 'MyEvent2' outside UI
[Test worker] DEBUG org.codehaus.griffon.runtime.core.event.AbstractEventRouter - Adding listener org.codehaus.griffon.runtime.core.event.DefaultEventPublisherSpec$TestCallableEventHandler on MyEvent1
[Test worker] DEBUG org.codehaus.griffon.runtime.core.event.AbstractEventRouter - Removing listener org.codehaus.griffon.runtime.core.event.DefaultEventPublisherSpec$TestCallableEventHandler on MyEvent1
[Test worker] DEBUG org.codehaus.griffon.runtime.core.event.AbstractEventRouter - Triggering event 'MyEvent1' synchronously
[Test worker] DEBUG org.codehaus.griffon.runtime.core.event.AbstractEventRouter - Triggering event 'MyEvent2' synchronously
[Test worker] DEBUG org.codehaus.griffon.runtime.core.event.AbstractEventRouter - Adding listener org.codehaus.griffon.runtime.core.event.DefaultEventPublisherSpec$TestRunnableEventHandler on MyEvent1
[Test worker] DEBUG org.codehaus.griffon.runtime.core.event.AbstractEventRouter - Removing listener org.codehaus.griffon.runtime.core.event.DefaultEventPublisherSpec$TestRunnableEventHandler on MyEvent1
[Test worker] DEBUG org.codehaus.griffon.runtime.core.event.AbstractEventRouter - Triggering event 'MyEvent1' synchronously
[Test worker] DEBUG org.codehaus.griffon.runtime.core.event.AbstractEventRouter - Triggering event 'MyEvent2' synchronously
[Test worker] DEBUG org.codehaus.griffon.runtime.core.event.AbstractEventRouter - Adding listener org.codehaus.griffon.runtime.core.event.DefaultEventPublisherSpec$TestCallableEventHandler on MyEvent1
[Test worker] DEBUG org.codehaus.griffon.runtime.core.event.AbstractEventRouter - Removing listener org.codehaus.griffon.runtime.core.event.DefaultEventPublisherSpec$TestCallableEventHandler on MyEvent1
[Test worker] DEBUG org.codehaus.griffon.runtime.core.event.AbstractEventRouter - Triggering event 'MyEvent1' synchronously
[Test worker] DEBUG org.codehaus.griffon.runtime.core.event.AbstractEventRouter - Triggering event 'MyEvent2' synchronously
[Test worker] DEBUG org.codehaus.griffon.runtime.core.event.AbstractEventRouter - Adding listener org.codehaus.griffon.runtime.core.event.DefaultEventPublisherSpec$TestRunnableEventHandler on MyEvent1
[Test worker] DEBUG org.codehaus.griffon.runtime.core.event.AbstractEventRouter - Removing listener org.codehaus.griffon.runtime.core.event.DefaultEventPublisherSpec$TestRunnableEventHandler on MyEvent1
[Test worker] DEBUG org.codehaus.griffon.runtime.core.event.AbstractEventRouter - Triggering event 'MyEvent1' synchronously
[Test worker] DEBUG org.codehaus.griffon.runtime.core.event.AbstractEventRouter - Triggering event 'MyEvent2' synchronously
[Test worker] DEBUG org.codehaus.griffon.runtime.core.event.AbstractEventRouter - Adding listener org.codehaus.griffon.runtime.core.event.DefaultEventPublisherSpec$TestCallableEventHandler on MyEvent1
[Test worker] DEBUG org.codehaus.griffon.runtime.core.event.AbstractEventRouter - Removing listener org.codehaus.griffon.runtime.core.event.DefaultEventPublisherSpec$TestCallableEventHandler on MyEvent1
[Test worker] DEBUG org.codehaus.griffon.runtime.core.event.AbstractEventRouter - Triggering event 'MyEvent1' synchronously
[Test worker] DEBUG org.codehaus.griffon.runtime.core.event.AbstractEventRouter - Triggering event 'MyEvent2' synchronously
[Test worker] DEBUG org.codehaus.griffon.runtime.core.event.AbstractEventRouter - Adding listener org.codehaus.griffon.runtime.core.event.DefaultEventPublisherSpec$TestRunnableEventHandler on MyEvent1
[Test worker] DEBUG org.codehaus.griffon.runtime.core.event.AbstractEventRouter - Removing listener org.codehaus.griffon.runtime.core.event.DefaultEventPublisherSpec$TestRunnableEventHandler on MyEvent1
[Test worker] DEBUG org.codehaus.griffon.runtime.core.event.AbstractEventRouter - Triggering event 'MyEvent1' synchronously
[Test worker] DEBUG org.codehaus.griffon.runtime.core.event.AbstractEventRouter - Triggering event 'MyEvent2' synchronously
[Test worker] DEBUG org.codehaus.griffon.runtime.core.event.AbstractEventRouter - Adding listener org.codehaus.griffon.runtime.core.event.DefaultEventPublisherSpec$EventHandler@5a9eba75
[Test worker] DEBUG org.codehaus.griffon.runtime.core.event.AbstractEventRouter - Removing listener org.codehaus.griffon.runtime.core.event.DefaultEventPublisherSpec$EventHandler@5a9eba75
[Test worker] DEBUG org.codehaus.griffon.runtime.core.event.AbstractEventRouter - Triggering event 'MyEvent1' synchronously
[Test worker] DEBUG org.codehaus.griffon.runtime.core.event.AbstractEventRouter - Triggering event 'MyEvent2' synchronously
[Test worker] DEBUG org.codehaus.griffon.runtime.core.event.AbstractEventRouter - Adding listener org.codehaus.griffon.runtime.core.event.Subject$1 on MyEvent1
[Test worker] DEBUG org.codehaus.griffon.runtime.core.event.AbstractEventRouter - Adding listener org.codehaus.griffon.runtime.core.event.Subject$2 on MyEvent2
[Test worker] DEBUG org.codehaus.griffon.runtime.core.event.AbstractEventRouter - Removing listener org.codehaus.griffon.runtime.core.event.Subject$1 on MyEvent1
[Test worker] DEBUG org.codehaus.griffon.runtime.core.event.AbstractEventRouter - Removing listener org.codehaus.griffon.runtime.core.event.Subject$2 on MyEvent2
[Test worker] DEBUG org.codehaus.griffon.runtime.core.event.AbstractEventRouter - Removing listener org.codehaus.griffon.runtime.core.event.Subject@7d05736f
[Test worker] DEBUG org.codehaus.griffon.runtime.core.event.AbstractEventRouter - Triggering event 'MyEvent1' synchronously
[Test worker] DEBUG org.codehaus.griffon.runtime.core.event.AbstractEventRouter - Triggering event 'MyEvent2' synchronously
[Test worker] DEBUG org.codehaus.griffon.runtime.core.event.AbstractEventRouter - Adding listener org.codehaus.griffon.runtime.core.event.DefaultEventPublisherSpec$TestRunnableEventHandler on MyEvent1
[Test worker] DEBUG org.codehaus.griffon.runtime.core.event.AbstractEventRouter - Adding listener org.codehaus.griffon.runtime.core.event.DefaultEventPublisherSpec$TestRunnableEventHandler on MyEvent2
[Test worker] DEBUG org.codehaus.griffon.runtime.core.event.AbstractEventRouter - Adding listener org.codehaus.griffon.runtime.core.event.DefaultEventPublisherSpec$EventHandler@5d172774
[Test worker] DEBUG org.codehaus.griffon.runtime.core.event.AbstractEventRouter - Adding listener org.codehaus.griffon.runtime.core.event.Subject$1 on MyEvent1
[Test worker] DEBUG org.codehaus.griffon.runtime.core.event.AbstractEventRouter - Adding listener org.codehaus.griffon.runtime.core.event.Subject$2 on MyEvent2
]]></system-err>
</testsuite>
