<?xml version="1.0" encoding="UTF-8"?>
<testsuite name="griffon.core.editors.BytePropertyEditorSpec" tests="13" skipped="0" failures="0" errors="0" timestamp="2017-05-02T08:34:10" hostname="testing-docker-f5468bb5-c282-4c60-9f7e-ab0b1a158756" time="0.02">
  <properties/>
  <testcase name="Byte literal 'null' with format 'null' should be equal to null" classname="griffon.core.editors.BytePropertyEditorSpec" time="0.006"/>
  <testcase name="Byte literal '' with format 'null' should be equal to null" classname="griffon.core.editors.BytePropertyEditorSpec" time="0.001"/>
  <testcase name="Byte literal '1' with format 'null' should be equal to 1" classname="griffon.core.editors.BytePropertyEditorSpec" time="0.001"/>
  <testcase name="Byte literal '100%' with format 'percent' should be equal to 1" classname="griffon.core.editors.BytePropertyEditorSpec" time="0.002"/>
  <testcase name="Byte literal '$1.00' with format 'currency' should be equal to 1" classname="griffon.core.editors.BytePropertyEditorSpec" time="0.001"/>
  <testcase name="Byte literal '1' with format 'null' should be equal to 1" classname="griffon.core.editors.BytePropertyEditorSpec" time="0.001"/>
  <testcase name="Invalid byte literal 'garbage'" classname="griffon.core.editors.BytePropertyEditorSpec" time="0.0"/>
  <testcase name="Invalid byte literal '1, 2, 3'" classname="griffon.core.editors.BytePropertyEditorSpec" time="0.0"/>
  <testcase name="Invalid byte literal '[]'" classname="griffon.core.editors.BytePropertyEditorSpec" time="0.001"/>
  <testcase name="Invalid byte literal '[1, 2, 3]'" classname="griffon.core.editors.BytePropertyEditorSpec" time="0.001"/>
  <testcase name="Invalid byte literal '[:]'" classname="griffon.core.editors.BytePropertyEditorSpec" time="0.001"/>
  <testcase name="Invalid byte literal '[key:value]'" classname="griffon.core.editors.BytePropertyEditorSpec" time="0.001"/>
  <testcase name="Invalid byte literal 'java.lang.Object@61b7c76f'" classname="griffon.core.editors.BytePropertyEditorSpec" time="0.001"/>
  <system-out><![CDATA[]]></system-out>
  <system-err><![CDATA[]]></system-err>
</testsuite>
