<?xml version="1.0" encoding="UTF-8"?>
<testsuite name="griffon.core.editors.IntegerPropertyEditorSpec" tests="13" skipped="0" failures="0" errors="0" timestamp="2017-04-24T08:41:19" hostname="testing-gce-5d7d77d1-ab44-4e29-9f52-aa2a647d6215" time="0.013">
  <properties/>
  <testcase name="Integer literal 'null' with format 'null' should be equal to null" classname="griffon.core.editors.IntegerPropertyEditorSpec" time="0.004"/>
  <testcase name="Integer literal '' with format 'null' should be equal to null" classname="griffon.core.editors.IntegerPropertyEditorSpec" time="0.0"/>
  <testcase name="Integer literal '1' with format 'null' should be equal to 1" classname="griffon.core.editors.IntegerPropertyEditorSpec" time="0.0"/>
  <testcase name="Integer literal '100%' with format 'percent' should be equal to 1" classname="griffon.core.editors.IntegerPropertyEditorSpec" time="0.0"/>
  <testcase name="Integer literal '$1.00' with format 'currency' should be equal to 1" classname="griffon.core.editors.IntegerPropertyEditorSpec" time="0.0"/>
  <testcase name="Integer literal '1' with format 'null' should be equal to 1" classname="griffon.core.editors.IntegerPropertyEditorSpec" time="0.001"/>
  <testcase name="Invalid integer literal 'garbage'" classname="griffon.core.editors.IntegerPropertyEditorSpec" time="0.001"/>
  <testcase name="Invalid integer literal '1, 2, 3'" classname="griffon.core.editors.IntegerPropertyEditorSpec" time="0.0"/>
  <testcase name="Invalid integer literal '[]'" classname="griffon.core.editors.IntegerPropertyEditorSpec" time="0.001"/>
  <testcase name="Invalid integer literal '[1, 2, 3]'" classname="griffon.core.editors.IntegerPropertyEditorSpec" time="0.001"/>
  <testcase name="Invalid integer literal '[:]'" classname="griffon.core.editors.IntegerPropertyEditorSpec" time="0.0"/>
  <testcase name="Invalid integer literal '[key:value]'" classname="griffon.core.editors.IntegerPropertyEditorSpec" time="0.0"/>
  <testcase name="Invalid integer literal 'java.lang.Object@776df461'" classname="griffon.core.editors.IntegerPropertyEditorSpec" time="0.001"/>
  <system-out><![CDATA[]]></system-out>
  <system-err><![CDATA[]]></system-err>
</testsuite>
