<?xml version="1.0" encoding="UTF-8"?>
<testsuite name="griffon.util.CollectionUtilsTest" tests="4" skipped="0" failures="0" errors="0" timestamp="2017-03-02T16:47:05" hostname="testing-gce-f09c6cf3-9eef-492b-8b24-98aa233c6cfa" time="0.087">
  <properties/>
  <testcase name="testListBuilderAndDelegate" classname="griffon.util.CollectionUtilsTest" time="0.023"/>
  <testcase name="testMapBuilderAdDelegate" classname="griffon.util.CollectionUtilsTest" time="0.024"/>
  <testcase name="testSetBuilderAndDelegate" classname="griffon.util.CollectionUtilsTest" time="0.024"/>
  <testcase name="testToPropertiesDeep" classname="griffon.util.CollectionUtilsTest" time="0.011"/>
  <system-out><![CDATA[]]></system-out>
  <system-err><![CDATA[]]></system-err>
</testsuite>
