<?xml version="1.0" encoding="UTF-8"?>
<testsuite name="org.codehaus.griffon.runtime.core.artifact.GriffonModelClassSpec" tests="1" skipped="0" failures="0" errors="0" timestamp="2017-02-18T21:15:22" hostname="testing-gce-704079ce-e776-4318-b76f-d885ae48fb5e" time="0.003">
  <properties/>
  <testcase name="Get and Set properties on model instance" classname="org.codehaus.griffon.runtime.core.artifact.GriffonModelClassSpec" time="0.003"/>
  <system-out><![CDATA[]]></system-out>
  <system-err><![CDATA[]]></system-err>
</testsuite>
