<?xml version="1.0" encoding="UTF-8"?>
<testsuite name="griffon.core.editors.URIPropertyEditorSpec" tests="12" skipped="0" failures="0" errors="0" timestamp="2016-12-02T17:43:13" hostname="testing-gce-f9e98b43-93c9-42c8-afdb-eab9b83f6b2a" time="0.007">
  <properties/>
  <testcase name="URI literal 'null' should be equal to null" classname="griffon.core.editors.URIPropertyEditorSpec" time="0.004"/>
  <testcase name="URI literal '' should be equal to null" classname="griffon.core.editors.URIPropertyEditorSpec" time="0.001"/>
  <testcase name="URI literal ' ' should be equal to null" classname="griffon.core.editors.URIPropertyEditorSpec" time="0.0"/>
  <testcase name="URI literal 'http://localhost' should be equal to http://localhost" classname="griffon.core.editors.URIPropertyEditorSpec" time="0.0"/>
  <testcase name="URI literal '/' should be equal to file:/" classname="griffon.core.editors.URIPropertyEditorSpec" time="0.0"/>
  <testcase name="URI literal 'http://localhost' should be equal to http://localhost" classname="griffon.core.editors.URIPropertyEditorSpec" time="0.0"/>
  <testcase name="Invalid uri literal 'http://localhost/&amp;?_&lt;&gt;'" classname="griffon.core.editors.URIPropertyEditorSpec" time="0.0"/>
  <testcase name="Invalid uri literal '[]'" classname="griffon.core.editors.URIPropertyEditorSpec" time="0.0"/>
  <testcase name="Invalid uri literal '[1, 2, 3]'" classname="griffon.core.editors.URIPropertyEditorSpec" time="0.0"/>
  <testcase name="Invalid uri literal '[:]'" classname="griffon.core.editors.URIPropertyEditorSpec" time="0.0"/>
  <testcase name="Invalid uri literal '[key:value]'" classname="griffon.core.editors.URIPropertyEditorSpec" time="0.0"/>
  <testcase name="Invalid uri literal 'java.lang.Object@319af1fa'" classname="griffon.core.editors.URIPropertyEditorSpec" time="0.0"/>
  <system-out><![CDATA[]]></system-out>
  <system-err><![CDATA[]]></system-err>
</testsuite>
