<?xml version="1.0" encoding="UTF-8"?>
<testsuite name="org.codehaus.griffon.runtime.core.artifact.GriffonModelTest" tests="2" skipped="0" failures="0" errors="0" timestamp="2016-11-07T10:29:18" hostname="testing-gce-835ac206-0d2d-4f2f-a0f6-3ebade8a964d" time="0.067">
  <properties/>
  <testcase name="modelAsObservable" classname="org.codehaus.griffon.runtime.core.artifact.GriffonModelTest" time="0.044"/>
  <testcase name="modelAsVetoable" classname="org.codehaus.griffon.runtime.core.artifact.GriffonModelTest" time="0.015"/>
  <system-out><![CDATA[]]></system-out>
  <system-err><![CDATA[]]></system-err>
</testsuite>
