<?xml version="1.0" encoding="UTF-8"?>
<testsuite name="griffon.core.editors.EnumPropertyEditorSpec" tests="11" skipped="0" failures="0" errors="0" timestamp="2016-11-30T21:34:43" hostname="testing-gce-7b284da2-1dfc-4486-9403-0c3889a84a74" time="0.007">
  <properties/>
  <testcase name="Enum literal 'null' should be equal to null" classname="griffon.core.editors.EnumPropertyEditorSpec" time="0.001"/>
  <testcase name="Enum literal '' should be equal to null" classname="griffon.core.editors.EnumPropertyEditorSpec" time="0.0"/>
  <testcase name="Enum literal ' ' should be equal to null" classname="griffon.core.editors.EnumPropertyEditorSpec" time="0.0"/>
  <testcase name="Enum literal 'ZERO' should be equal to ZERO" classname="griffon.core.editors.EnumPropertyEditorSpec" time="0.0"/>
  <testcase name="Enum literal 'ONE' should be equal to ONE" classname="griffon.core.editors.EnumPropertyEditorSpec" time="0.001"/>
  <testcase name="Invalid enum literal 'garbage'" classname="griffon.core.editors.EnumPropertyEditorSpec" time="0.0"/>
  <testcase name="Invalid enum literal '[]'" classname="griffon.core.editors.EnumPropertyEditorSpec" time="0.0"/>
  <testcase name="Invalid enum literal '[1, 2, 3]'" classname="griffon.core.editors.EnumPropertyEditorSpec" time="0.001"/>
  <testcase name="Invalid enum literal '[:]'" classname="griffon.core.editors.EnumPropertyEditorSpec" time="0.0"/>
  <testcase name="Invalid enum literal '[key:value]'" classname="griffon.core.editors.EnumPropertyEditorSpec" time="0.001"/>
  <testcase name="Invalid enum literal 'java.lang.Object@3fbf9a4c'" classname="griffon.core.editors.EnumPropertyEditorSpec" time="0.0"/>
  <system-out><![CDATA[]]></system-out>
  <system-err><![CDATA[]]></system-err>
</testsuite>
