<?xml version="1.0" encoding="UTF-8"?>
<testsuite name="org.codehaus.griffon.runtime.util.DefaultCompositeResourceBundleBuilderSpec" tests="6" skipped="0" failures="0" errors="0" timestamp="2017-03-29T07:30:25" hostname="testing-gce-66c09752-be5b-4dc1-8b4c-7bf7aedc91bc" time="0.976">
  <properties/>
  <testcase name="Create throws class java.lang.IllegalArgumentException" classname="org.codehaus.griffon.runtime.util.DefaultCompositeResourceBundleBuilderSpec" time="0.955"/>
  <testcase name="Create throws class java.lang.NullPointerException" classname="org.codehaus.griffon.runtime.util.DefaultCompositeResourceBundleBuilderSpec" time="0.001"/>
  <testcase name="Create throws class java.lang.IllegalArgumentException" classname="org.codehaus.griffon.runtime.util.DefaultCompositeResourceBundleBuilderSpec" time="0.014"/>
  <testcase name="Excercise bundle creation with org.codehaus.griffon.runtime.util.NotFoundBundle" classname="org.codehaus.griffon.runtime.util.DefaultCompositeResourceBundleBuilderSpec" time="0.002"/>
  <testcase name="Excercise bundle creation with org.codehaus.griffon.runtime.util.NotABundle" classname="org.codehaus.griffon.runtime.util.DefaultCompositeResourceBundleBuilderSpec" time="0.0"/>
  <testcase name="Excercise bundle creation with org.codehaus.griffon.runtime.util.BrokenBundle" classname="org.codehaus.griffon.runtime.util.DefaultCompositeResourceBundleBuilderSpec" time="0.0"/>
  <system-out><![CDATA[]]></system-out>
  <system-err><![CDATA[[Test worker] DEBUG griffon.util.AnnotationUtils - computed resource bundle loader order is []
[Test worker] DEBUG griffon.util.AnnotationUtils - computed resource bundle loader order is []
[Test worker] DEBUG griffon.util.AnnotationUtils - computed resource bundle loader order is []
[Test worker] DEBUG griffon.util.AnnotationUtils - computed resource bundle loader order is []
]]></system-err>
</testsuite>
