<?xml version="1.0" encoding="UTF-8"?>
<testsuite name="org.codehaus.griffon.runtime.core.ConfigurationSpec" tests="16" skipped="0" failures="0" errors="0" timestamp="2016-11-16T19:22:55" hostname="testing-gce-e8e4a2cb-d54d-4bd1-a631-062743865535" time="0.188">
  <properties/>
  <testcase name="Calling configuration.get(key.string, null) returns string" classname="org.codehaus.griffon.runtime.core.ConfigurationSpec" time="0.115"/>
  <testcase name="Calling configuration.get(key.string, foo) returns string" classname="org.codehaus.griffon.runtime.core.ConfigurationSpec" time="0.01"/>
  <testcase name="Calling configuration.get(key.int.type, null) returns 42" classname="org.codehaus.griffon.runtime.core.ConfigurationSpec" time="0.003"/>
  <testcase name="Calling configuration.get(key.int.type, foo) returns 42" classname="org.codehaus.griffon.runtime.core.ConfigurationSpec" time="0.001"/>
  <testcase name="Calling configuration.get(key.foo, null) returns null" classname="org.codehaus.griffon.runtime.core.ConfigurationSpec" time="0.002"/>
  <testcase name="Calling configuration.get(key.foo, foo) returns foo" classname="org.codehaus.griffon.runtime.core.ConfigurationSpec" time="0.001"/>
  <testcase name="Calling configuration.getAs(key.int.type) returns blindly casted 42" classname="org.codehaus.griffon.runtime.core.ConfigurationSpec" time="0.004"/>
  <testcase name="Calling configuration.getAsConverted(key.int.null) returns converted null" classname="org.codehaus.griffon.runtime.core.ConfigurationSpec" time="0.016"/>
  <testcase name="Calling configuration.getAsConverted(key.int.type) returns converted 42" classname="org.codehaus.griffon.runtime.core.ConfigurationSpec" time="0.003"/>
  <testcase name="Calling configuration.getAsConverted(key.int.string) returns converted 21" classname="org.codehaus.griffon.runtime.core.ConfigurationSpec" time="0.002"/>
  <testcase name="Calling configuration.getAsString(key.string, null) returns string" classname="org.codehaus.griffon.runtime.core.ConfigurationSpec" time="0.004"/>
  <testcase name="Calling configuration.getAsString(key.string, foo) returns string" classname="org.codehaus.griffon.runtime.core.ConfigurationSpec" time="0.003"/>
  <testcase name="Calling configuration.getAsString(key.int.type, null) returns 42" classname="org.codehaus.griffon.runtime.core.ConfigurationSpec" time="0.002"/>
  <testcase name="Calling configuration.getAsString(key.int.type, foo) returns 42" classname="org.codehaus.griffon.runtime.core.ConfigurationSpec" time="0.001"/>
  <testcase name="Calling configuration.getAsString(key.foo, null) returns null" classname="org.codehaus.griffon.runtime.core.ConfigurationSpec" time="0.002"/>
  <testcase name="Calling configuration.getAsString(key.foo, foo) returns foo" classname="org.codehaus.griffon.runtime.core.ConfigurationSpec" time="0.001"/>
  <system-out><![CDATA[]]></system-out>
  <system-err><![CDATA[]]></system-err>
</testsuite>
