<?xml version="1.0" encoding="UTF-8"?>
<testsuite name="griffon.core.editors.FilePropertyEditorSpec" tests="9" skipped="0" failures="0" errors="0" timestamp="2017-03-02T16:37:43" hostname="testing-gce-15546362-e4d0-449b-b9dd-ab0b76bbd52d" time="0.007">
  <properties/>
  <testcase name="File literal 'null' should be equal to null" classname="griffon.core.editors.FilePropertyEditorSpec" time="0.002"/>
  <testcase name="File literal '' should be equal to null" classname="griffon.core.editors.FilePropertyEditorSpec" time="0.0"/>
  <testcase name="File literal ' ' should be equal to null" classname="griffon.core.editors.FilePropertyEditorSpec" time="0.0"/>
  <testcase name="File literal '.' should be equal to ." classname="griffon.core.editors.FilePropertyEditorSpec" time="0.0"/>
  <testcase name="Invalid file literal '[]'" classname="griffon.core.editors.FilePropertyEditorSpec" time="0.001"/>
  <testcase name="Invalid file literal '[1, 2, 3]'" classname="griffon.core.editors.FilePropertyEditorSpec" time="0.0"/>
  <testcase name="Invalid file literal '[:]'" classname="griffon.core.editors.FilePropertyEditorSpec" time="0.0"/>
  <testcase name="Invalid file literal '[key:value]'" classname="griffon.core.editors.FilePropertyEditorSpec" time="0.0"/>
  <testcase name="Invalid file literal 'java.lang.Object@5c6f6c1d'" classname="griffon.core.editors.FilePropertyEditorSpec" time="0.0"/>
  <system-out><![CDATA[]]></system-out>
  <system-err><![CDATA[]]></system-err>
</testsuite>
