<?xml version="1.0" encoding="UTF-8"?>
<testsuite name="org.codehaus.griffon.runtime.util.XmlResourceBundleLoaderSpec" tests="4" skipped="0" failures="0" errors="0" timestamp="2017-04-28T07:33:54" hostname="testing-gce-bb15f2b8-b6ea-4bfb-8616-2279e2bebb3d" time="0.04">
  <properties/>
  <testcase name="Load bundle and check string = string" classname="org.codehaus.griffon.runtime.util.XmlResourceBundleLoaderSpec" time="0.03"/>
  <testcase name="Load bundle and check integer = 42" classname="org.codehaus.griffon.runtime.util.XmlResourceBundleLoaderSpec" time="0.003"/>
  <testcase name="Load bundle and check keys.bar = bar" classname="org.codehaus.griffon.runtime.util.XmlResourceBundleLoaderSpec" time="0.003"/>
  <testcase name="Load bundle and check foo = dev" classname="org.codehaus.griffon.runtime.util.XmlResourceBundleLoaderSpec" time="0.003"/>
  <system-out><![CDATA[]]></system-out>
  <system-err><![CDATA[]]></system-err>
</testsuite>
