<?xml version="1.0" encoding="UTF-8"?>
<testsuite name="griffon.core.injection.QualifierSpec" tests="1" skipped="0" failures="0" errors="0" timestamp="2017-04-23T11:14:06" hostname="testing-gce-800131f0-e76c-47bc-8935-b4db1ec986af" time="0.006">
  <properties/>
  <testcase name="Test Qualified settings" classname="griffon.core.injection.QualifierSpec" time="0.006"/>
  <system-out><![CDATA[]]></system-out>
  <system-err><![CDATA[]]></system-err>
</testsuite>
