<?xml version="1.0" encoding="UTF-8"?>
<testsuite name="org.codehaus.griffon.runtime.util.ClassResourceBundleLoaderSpec" tests="4" skipped="0" failures="0" errors="0" timestamp="2017-04-28T15:17:47" hostname="testing-docker-71ed3c1d-8272-422d-a8a2-10bd4b41ce0f" time="0.061">
  <properties/>
  <testcase name="Load bundle and check string = string" classname="org.codehaus.griffon.runtime.util.ClassResourceBundleLoaderSpec" time="0.059"/>
  <testcase name="Load bundle and check integer = 42" classname="org.codehaus.griffon.runtime.util.ClassResourceBundleLoaderSpec" time="0.0"/>
  <testcase name="Load bundle and check keys.bar = bar" classname="org.codehaus.griffon.runtime.util.ClassResourceBundleLoaderSpec" time="0.001"/>
  <testcase name="Load bundle and check foo = dev" classname="org.codehaus.griffon.runtime.util.ClassResourceBundleLoaderSpec" time="0.0"/>
  <system-out><![CDATA[[string, integer, keys.bar, foo]
[string, integer, keys.bar, foo]
[string, integer, keys.bar, foo]
[string, integer, keys.bar, foo]
]]></system-out>
  <system-err><![CDATA[]]></system-err>
</testsuite>
