<?xml version="1.0" encoding="UTF-8"?>
<testsuite name="griffon.util.CollectionUtilsTest" tests="4" skipped="0" failures="0" errors="0" timestamp="2017-02-03T23:12:38" hostname="testing-gce-c989e91a-8098-4289-92ac-816f6fdc71ac" time="0.111">
  <properties/>
  <testcase name="testListBuilderAndDelegate" classname="griffon.util.CollectionUtilsTest" time="0.046"/>
  <testcase name="testMapBuilderAdDelegate" classname="griffon.util.CollectionUtilsTest" time="0.024"/>
  <testcase name="testSetBuilderAndDelegate" classname="griffon.util.CollectionUtilsTest" time="0.023"/>
  <testcase name="testToPropertiesDeep" classname="griffon.util.CollectionUtilsTest" time="0.011"/>
  <system-out><![CDATA[]]></system-out>
  <system-err><![CDATA[]]></system-err>
</testsuite>
