<?xml version="1.0" encoding="UTF-8"?>
<testsuite name="griffon.util.AnnotationUtilsSpec" tests="19" skipped="0" failures="0" errors="0" timestamp="2017-01-31T08:38:16" hostname="testing-gce-57986ab7-74ef-4daa-8794-66bd035d9f10" time="0.122">
  <properties/>
  <testcase name="Test setup of interface javax.inject.Named annotation" classname="griffon.util.AnnotationUtilsSpec" time="0.02"/>
  <testcase name="Test setup of interface griffon.inject.Typed annotation" classname="griffon.util.AnnotationUtilsSpec" time="0.003"/>
  <testcase name="Test setup of interface griffon.inject.BindTo annotation" classname="griffon.util.AnnotationUtilsSpec" time="0.003"/>
  <testcase name="Find out if class java.lang.Object is annotated wit @javax.inject.Named" classname="griffon.util.AnnotationUtilsSpec" time="0.0"/>
  <testcase name="Find out if java.lang.Object@614dee is annotated wit @javax.inject.Named" classname="griffon.util.AnnotationUtilsSpec" time="0.0"/>
  <testcase name="Find out if class griffon.util.AnnotationUtilsSpec$Bean is annotated wit @javax.inject.Named" classname="griffon.util.AnnotationUtilsSpec" time="0.0"/>
  <testcase name="Find out if griffon.util.AnnotationUtilsSpec$Bean@211cd360 is annotated wit @javax.inject.Named" classname="griffon.util.AnnotationUtilsSpec" time="0.0"/>
  <testcase name="Find out if class griffon.util.AnnotationUtilsSpec$Bean is annotated wit @griffon.inject.Typed" classname="griffon.util.AnnotationUtilsSpec" time="0.0"/>
  <testcase name="Find out if griffon.util.AnnotationUtilsSpec$Bean@10a980e4 is annotated wit @griffon.inject.Typed" classname="griffon.util.AnnotationUtilsSpec" time="0.001"/>
  <testcase name="Enforce that class java.lang.Object is annotated with @javax.inject.Named" classname="griffon.util.AnnotationUtilsSpec" time="0.001"/>
  <testcase name="Enforce that java.lang.Object@5ceae9f6 is annotated with @javax.inject.Named" classname="griffon.util.AnnotationUtilsSpec" time="0.001"/>
  <testcase name="Enforce that class griffon.util.AnnotationUtilsSpec$Bean is annotated with @griffon.inject.Typed" classname="griffon.util.AnnotationUtilsSpec" time="0.0"/>
  <testcase name="Enforce that griffon.util.AnnotationUtilsSpec$Bean@21f86e1e is annotated with @griffon.inject.Typed" classname="griffon.util.AnnotationUtilsSpec" time="0.0"/>
  <testcase name="Instances are mapped by their names" classname="griffon.util.AnnotationUtilsSpec" time="0.028"/>
  <testcase name="Instances are evicted and mapped by their names" classname="griffon.util.AnnotationUtilsSpec" time="0.011"/>
  <testcase name="Multiple instances with same name should cause an exception" classname="griffon.util.AnnotationUtilsSpec" time="0.005"/>
  <testcase name="Multiple evictions with same name should cause an exception" classname="griffon.util.AnnotationUtilsSpec" time="0.004"/>
  <testcase name="Instances are sorted by their dependencies" classname="griffon.util.AnnotationUtilsSpec" time="0.009"/>
  <testcase name="Cyclic dependencies yield empty result" classname="griffon.util.AnnotationUtilsSpec" time="0.007"/>
  <system-out><![CDATA[]]></system-out>
  <system-err><![CDATA[[Test worker] INFO griffon.util.AnnotationUtils - Object foo with instance griffon.util.AnnotationUtilsSpec$Foo@2efe4a32 evicted by griffon.util.AnnotationUtilsSpec$FooEvictor@339a73e9
[Test worker] INFO griffon.util.AnnotationUtils - Object foo with instance griffon.util.AnnotationUtilsSpec$Foo@75b80587 evicted by griffon.util.AnnotationUtilsSpec$FooEvictor@15996f63
[Test worker] DEBUG griffon.util.AnnotationUtils - Current bean order is [three, two, one]
[Test worker] TRACE griffon.util.AnnotationUtils - Processing bean 'three'
[Test worker] TRACE griffon.util.AnnotationUtils -   depends on '[two]'
[Test worker] TRACE griffon.util.AnnotationUtils -   checking bean 'three' dependencies (1)
[Test worker] TRACE griffon.util.AnnotationUtils -   checking bean 'three' dependencies: 
[Test worker] TRACE griffon.util.AnnotationUtils -   skipped bean 'three', since dependency 'two' not yet added
[Test worker] TRACE griffon.util.AnnotationUtils - Processing bean 'two'
[Test worker] TRACE griffon.util.AnnotationUtils -   depends on '[one]'
[Test worker] TRACE griffon.util.AnnotationUtils -   checking bean 'two' dependencies (1)
[Test worker] TRACE griffon.util.AnnotationUtils -   checking bean 'two' dependencies: 
[Test worker] TRACE griffon.util.AnnotationUtils -   skipped bean 'two', since dependency 'one' not yet added
[Test worker] TRACE griffon.util.AnnotationUtils - Processing bean 'one'
[Test worker] TRACE griffon.util.AnnotationUtils -   depends on '[]'
[Test worker] TRACE griffon.util.AnnotationUtils -   adding bean 'one', since all dependencies have been added
[Test worker] DEBUG griffon.util.AnnotationUtils - Current bean order is [three, two, one]
[Test worker] TRACE griffon.util.AnnotationUtils - Processing bean 'three'
[Test worker] TRACE griffon.util.AnnotationUtils -   depends on '[two]'
[Test worker] TRACE griffon.util.AnnotationUtils -   checking bean 'three' dependencies (1)
[Test worker] TRACE griffon.util.AnnotationUtils -   checking bean 'three' dependencies: 
[Test worker] TRACE griffon.util.AnnotationUtils -   skipped bean 'three', since dependency 'two' not yet added
[Test worker] TRACE griffon.util.AnnotationUtils - Processing bean 'two'
[Test worker] TRACE griffon.util.AnnotationUtils -   depends on '[one]'
[Test worker] TRACE griffon.util.AnnotationUtils -   checking bean 'two' dependencies (1)
[Test worker] TRACE griffon.util.AnnotationUtils -   checking bean 'two' dependencies: 
[Test worker] TRACE griffon.util.AnnotationUtils -   bean 'two' dependency 'one' already added
[Test worker] TRACE griffon.util.AnnotationUtils -   adding bean 'two', since all dependencies have been added
[Test worker] DEBUG griffon.util.AnnotationUtils - Current bean order is [three, two, one]
[Test worker] TRACE griffon.util.AnnotationUtils - Processing bean 'three'
[Test worker] TRACE griffon.util.AnnotationUtils -   depends on '[two]'
[Test worker] TRACE griffon.util.AnnotationUtils -   checking bean 'three' dependencies (1)
[Test worker] TRACE griffon.util.AnnotationUtils -   checking bean 'three' dependencies: 
[Test worker] TRACE griffon.util.AnnotationUtils -   bean 'three' dependency 'two' already added
[Test worker] TRACE griffon.util.AnnotationUtils -   adding bean 'three', since all dependencies have been added
[Test worker] TRACE griffon.util.AnnotationUtils - bean dependency ordering complete
[Test worker] DEBUG griffon.util.AnnotationUtils - computed bean order is [one, two, three]
[Test worker] DEBUG griffon.util.AnnotationUtils - Current bean order is [cycle2, cycle1]
[Test worker] TRACE griffon.util.AnnotationUtils - Processing bean 'cycle2'
[Test worker] TRACE griffon.util.AnnotationUtils -   depends on '[cycle1]'
[Test worker] TRACE griffon.util.AnnotationUtils -   checking bean 'cycle2' dependencies (1)
[Test worker] TRACE griffon.util.AnnotationUtils -   checking bean 'cycle2' dependencies: 
[Test worker] TRACE griffon.util.AnnotationUtils -   skipped bean 'cycle2', since dependency 'cycle1' not yet added
[Test worker] TRACE griffon.util.AnnotationUtils - Processing bean 'cycle1'
[Test worker] TRACE griffon.util.AnnotationUtils -   depends on '[cycle2]'
[Test worker] TRACE griffon.util.AnnotationUtils -   checking bean 'cycle1' dependencies (1)
[Test worker] TRACE griffon.util.AnnotationUtils -   checking bean 'cycle1' dependencies: 
[Test worker] TRACE griffon.util.AnnotationUtils -   skipped bean 'cycle1', since dependency 'cycle2' not yet added
[Test worker] WARN griffon.util.AnnotationUtils -   unresolved bean dependencies detected
[Test worker] WARN griffon.util.AnnotationUtils -   continuing with original bean order
[Test worker] WARN griffon.util.AnnotationUtils -   bean cycle2 
[Test worker] WARN griffon.util.AnnotationUtils -     depends on cycle1
[Test worker] WARN griffon.util.AnnotationUtils -   bean cycle1 
[Test worker] WARN griffon.util.AnnotationUtils -     depends on cycle2
[Test worker] DEBUG griffon.util.AnnotationUtils - computed bean order is []
]]></system-err>
</testsuite>
