<?xml version="1.0" encoding="UTF-8"?>
<testsuite name="org.codehaus.griffon.runtime.core.artifact.GriffonModelTest" tests="2" skipped="0" failures="0" errors="0" timestamp="2016-11-28T10:03:25" hostname="testing-gce-4b658ec9-df58-4f0e-bf36-b86ff5d94b0e" time="0.07">
  <properties/>
  <testcase name="modelAsObservable" classname="org.codehaus.griffon.runtime.core.artifact.GriffonModelTest" time="0.055"/>
  <testcase name="modelAsVetoable" classname="org.codehaus.griffon.runtime.core.artifact.GriffonModelTest" time="0.013"/>
  <system-out><![CDATA[]]></system-out>
  <system-err><![CDATA[]]></system-err>
</testsuite>
