<?xml version="1.0" encoding="UTF-8"?>
<testsuite name="org.codehaus.griffon.runtime.core.resources.CompositeResourceResolverTests" tests="1" skipped="0" failures="0" errors="0" timestamp="2017-01-24T16:10:14" hostname="testing-gce-1aad4636-e653-4bc2-aa18-88ff82246238" time="0.033">
  <properties/>
  <testcase name="resolveAllFormatsByProperties" classname="org.codehaus.griffon.runtime.core.resources.CompositeResourceResolverTests" time="0.033"/>
  <system-out><![CDATA[]]></system-out>
  <system-err><![CDATA[[Test worker] TRACE griffon.util.CompositeResourceBundle - Searching key=healthy.proverb.index
[Test worker] TRACE griffon.util.CompositeResourceBundle - Bundle griffon.util.ExpandableResourceBundle@50749eb3; key=healthy.proverb.index; value='An {0} a day keeps the {1} away'
[Test worker] TRACE griffon.util.CompositeResourceBundle - Searching key=famous.quote.index
[Test worker] TRACE griffon.util.CompositeResourceBundle - Bundle griffon.util.ExpandableResourceBundle@50749eb3; key=famous.quote.index; value='This is {0}!'
[Test worker] TRACE griffon.util.CompositeResourceBundle - Searching key=healthy.proverb.index
[Test worker] TRACE griffon.util.CompositeResourceBundle - Bundle griffon.util.ExpandableResourceBundle@50749eb3; key=healthy.proverb.index; value='An {0} a day keeps the {1} away'
[Test worker] TRACE griffon.util.CompositeResourceBundle - Searching key=famous.quote.index
[Test worker] TRACE griffon.util.CompositeResourceBundle - Bundle griffon.util.ExpandableResourceBundle@50749eb3; key=famous.quote.index; value='This is {0}!'
[Test worker] TRACE griffon.util.CompositeResourceBundle - Searching key=healthy.proverb.map
[Test worker] TRACE griffon.util.CompositeResourceBundle - Bundle griffon.util.ExpandableResourceBundle@50749eb3; key=healthy.proverb.map; value='An {:fruit} a day keeps the {:occupation} away'
[Test worker] TRACE griffon.util.CompositeResourceBundle - Searching key=famous.quote.map
[Test worker] TRACE griffon.util.CompositeResourceBundle - Bundle griffon.util.ExpandableResourceBundle@50749eb3; key=famous.quote.map; value='This is {:location}!'
[Test worker] TRACE griffon.util.CompositeResourceBundle - Searching key=healthy.proverb2.index
[Test worker] TRACE griffon.util.CompositeResourceBundle - Searching key=healthy.proverb2.index
[Test worker] TRACE griffon.util.CompositeResourceBundle - Bundle griffon.util.ExpandableResourceBundle@6664778c; key=healthy.proverb2.index; value='An {0} a day keeps the {1} away'
[Test worker] TRACE griffon.util.CompositeResourceBundle - Searching key=famous.quote2.index
[Test worker] TRACE griffon.util.CompositeResourceBundle - Searching key=famous.quote2.index
[Test worker] TRACE griffon.util.CompositeResourceBundle - Bundle griffon.util.ExpandableResourceBundle@6664778c; key=famous.quote2.index; value='This is {0}!'
[Test worker] TRACE griffon.util.CompositeResourceBundle - Searching key=healthy.proverb2.index
[Test worker] TRACE griffon.util.CompositeResourceBundle - Searching key=healthy.proverb2.index
[Test worker] TRACE griffon.util.CompositeResourceBundle - Bundle griffon.util.ExpandableResourceBundle@6664778c; key=healthy.proverb2.index; value='An {0} a day keeps the {1} away'
[Test worker] TRACE griffon.util.CompositeResourceBundle - Searching key=famous.quote2.index
[Test worker] TRACE griffon.util.CompositeResourceBundle - Searching key=famous.quote2.index
[Test worker] TRACE griffon.util.CompositeResourceBundle - Bundle griffon.util.ExpandableResourceBundle@6664778c; key=famous.quote2.index; value='This is {0}!'
[Test worker] TRACE griffon.util.CompositeResourceBundle - Searching key=healthy.proverb2.map
[Test worker] TRACE griffon.util.CompositeResourceBundle - Searching key=healthy.proverb2.map
[Test worker] TRACE griffon.util.CompositeResourceBundle - Bundle griffon.util.ExpandableResourceBundle@6664778c; key=healthy.proverb2.map; value='An {:fruit} a day keeps the {:occupation} away'
[Test worker] TRACE griffon.util.CompositeResourceBundle - Searching key=famous.quote2.map
[Test worker] TRACE griffon.util.CompositeResourceBundle - Searching key=famous.quote2.map
[Test worker] TRACE griffon.util.CompositeResourceBundle - Bundle griffon.util.ExpandableResourceBundle@6664778c; key=famous.quote2.map; value='This is {:location}!'
[Test worker] TRACE griffon.util.CompositeResourceBundle - Searching key=healthy.proverb.bogus
[Test worker] TRACE griffon.util.CompositeResourceBundle - Searching key=healthy.proverb.bogus
[Test worker] TRACE griffon.util.CompositeResourceBundle - Searching key=famous.quote.bogus
[Test worker] TRACE griffon.util.CompositeResourceBundle - Searching key=famous.quote.bogus
[Test worker] TRACE griffon.util.CompositeResourceBundle - Searching key=healthy.proverb.bogus
[Test worker] TRACE griffon.util.CompositeResourceBundle - Searching key=healthy.proverb.bogus
[Test worker] TRACE griffon.util.CompositeResourceBundle - Searching key=famous.quote.bogus
[Test worker] TRACE griffon.util.CompositeResourceBundle - Searching key=famous.quote.bogus
[Test worker] TRACE griffon.util.CompositeResourceBundle - Searching key=healthy.proverb.bogus
[Test worker] TRACE griffon.util.CompositeResourceBundle - Searching key=healthy.proverb.bogus
[Test worker] TRACE griffon.util.CompositeResourceBundle - Searching key=famous.quote.bogus
[Test worker] TRACE griffon.util.CompositeResourceBundle - Searching key=famous.quote.bogus
]]></system-err>
</testsuite>
