<?xml version="1.0" encoding="UTF-8"?>
<testsuite name="griffon.core.editors.PropertyEditorResolverSpec" tests="7" skipped="0" failures="0" errors="0" timestamp="2017-05-03T08:30:55" hostname="testing-docker-6017ac84-a99f-499e-bd8d-5921f67c64fd" time="0.036">
  <properties/>
  <testcase name="PropertyEditor for type class griffon.core.editors.Numbers should be class griffon.core.editors.EnumPropertyEditor" classname="griffon.core.editors.PropertyEditorResolverSpec" time="0.008"/>
  <testcase name="PropertyEditor for type class java.lang.String should be class griffon.core.editors.StringPropertyEditor" classname="griffon.core.editors.PropertyEditorResolverSpec" time="0.003"/>
  <testcase name="PropertyEditor at index 0 is called (value)" classname="griffon.core.editors.PropertyEditorResolverSpec" time="0.019"/>
  <testcase name="PropertyEditor at index 1 is called (value)" classname="griffon.core.editors.PropertyEditorResolverSpec" time="0.001"/>
  <testcase name="PropertyEditor at index 0 is called (text)" classname="griffon.core.editors.PropertyEditorResolverSpec" time="0.001"/>
  <testcase name="Register and unregister an editor class" classname="griffon.core.editors.PropertyEditorResolverSpec" time="0.002"/>
  <testcase name="Register non-null and null editor for the same target class" classname="griffon.core.editors.PropertyEditorResolverSpec" time="0.001"/>
  <system-out><![CDATA[]]></system-out>
  <system-err><![CDATA[[Test worker] TRACE griffon.core.editors.PropertyEditorResolver - Searching PropertyEditor for griffon.core.editors.Numbers
[Test worker] TRACE griffon.core.editors.PropertyEditorResolver - PropertyEditor for griffon.core.editors.Numbers is griffon.core.editors.EnumPropertyEditor
[Test worker] TRACE griffon.core.editors.PropertyEditorResolver - Searching PropertyEditor for java.lang.String
[Test worker] TRACE griffon.core.editors.PropertyEditorResolver - PropertyEditor for java.lang.String is griffon.core.editors.StringPropertyEditor
[Test worker] TRACE griffon.core.editors.PropertyEditorResolver - Searching PropertyEditor for java.lang.Object
[Test worker] TRACE griffon.core.editors.PropertyEditorResolver - PropertyEditor for java.lang.Object is griffon.core.editors.PropertyEditorChain
[Test worker] TRACE griffon.core.editors.PropertyEditorResolver - Searching PropertyEditor for java.lang.Object
[Test worker] TRACE griffon.core.editors.PropertyEditorResolver - PropertyEditor for java.lang.Object is griffon.core.editors.PropertyEditorChain
[Test worker] TRACE griffon.core.editors.PropertyEditorResolver - Searching PropertyEditor for java.lang.Object
[Test worker] TRACE griffon.core.editors.PropertyEditorResolver - PropertyEditor for java.lang.Object is griffon.core.editors.PropertyEditorChain
[Test worker] TRACE griffon.core.editors.PropertyEditorResolver - Searching PropertyEditor for java.lang.Object
[Test worker] TRACE griffon.core.editors.PropertyEditorResolver - PropertyEditor for java.lang.Object is griffon.core.editors.PropertyEditorResolverSpec$APropertyEditor
[Test worker] TRACE griffon.core.editors.PropertyEditorResolver - Searching PropertyEditor for java.lang.Object
[Test worker] TRACE griffon.core.editors.PropertyEditorResolver - PropertyEditor for java.lang.Object is griffon.core.editors.PropertyEditorResolverSpec$APropertyEditor
]]></system-err>
</testsuite>
