<?xml version="1.0" encoding="UTF-8"?>
<testsuite name="griffon.core.editors.URIPropertyEditorSpec" tests="12" skipped="0" failures="0" errors="0" timestamp="2016-12-26T17:57:12" hostname="testing-gce-c7073926-9797-4451-aa22-4ee5ff1af0c2" time="0.009">
  <properties/>
  <testcase name="URI literal 'null' should be equal to null" classname="griffon.core.editors.URIPropertyEditorSpec" time="0.002"/>
  <testcase name="URI literal '' should be equal to null" classname="griffon.core.editors.URIPropertyEditorSpec" time="0.001"/>
  <testcase name="URI literal ' ' should be equal to null" classname="griffon.core.editors.URIPropertyEditorSpec" time="0.0"/>
  <testcase name="URI literal 'http://localhost' should be equal to http://localhost" classname="griffon.core.editors.URIPropertyEditorSpec" time="0.0"/>
  <testcase name="URI literal '/' should be equal to file:/" classname="griffon.core.editors.URIPropertyEditorSpec" time="0.001"/>
  <testcase name="URI literal 'http://localhost' should be equal to http://localhost" classname="griffon.core.editors.URIPropertyEditorSpec" time="0.0"/>
  <testcase name="Invalid uri literal 'http://localhost/&amp;?_&lt;&gt;'" classname="griffon.core.editors.URIPropertyEditorSpec" time="0.001"/>
  <testcase name="Invalid uri literal '[]'" classname="griffon.core.editors.URIPropertyEditorSpec" time="0.001"/>
  <testcase name="Invalid uri literal '[1, 2, 3]'" classname="griffon.core.editors.URIPropertyEditorSpec" time="0.0"/>
  <testcase name="Invalid uri literal '[:]'" classname="griffon.core.editors.URIPropertyEditorSpec" time="0.001"/>
  <testcase name="Invalid uri literal '[key:value]'" classname="griffon.core.editors.URIPropertyEditorSpec" time="0.0"/>
  <testcase name="Invalid uri literal 'java.lang.Object@23c0af92'" classname="griffon.core.editors.URIPropertyEditorSpec" time="0.001"/>
  <system-out><![CDATA[]]></system-out>
  <system-err><![CDATA[]]></system-err>
</testsuite>
