<?xml version="1.0" encoding="UTF-8"?>
<testsuite name="org.codehaus.griffon.runtime.core.AbstractVetoableTest" tests="1" skipped="0" failures="0" errors="0" timestamp="2017-02-11T08:57:12" hostname="testing-gce-27845af9-feac-4362-84ac-35f334160d45" time="0.016">
  <properties/>
  <testcase name="vetoableSetup" classname="org.codehaus.griffon.runtime.core.AbstractVetoableTest" time="0.016"/>
  <system-out><![CDATA[]]></system-out>
  <system-err><![CDATA[]]></system-err>
</testsuite>
