<?xml version="1.0" encoding="UTF-8"?>
<testsuite name="org.codehaus.griffon.runtime.core.event.DefaultEventPublisherSpec" tests="38" skipped="0" failures="0" errors="0" timestamp="2017-04-23T11:14:08" hostname="testing-gce-800131f0-e76c-47bc-8935-b4db1ec986af" time="1.984">
  <properties/>
  <testcase name="Invoking an event by name in synchronous mode with a callable listener" classname="org.codehaus.griffon.runtime.core.event.DefaultEventPublisherSpec" time="0.078"/>
  <testcase name="Invoking an event by name in asynchronous mode with a callable listener" classname="org.codehaus.griffon.runtime.core.event.DefaultEventPublisherSpec" time="0.208"/>
  <testcase name="Invoking an event by name in outside mode with a callable listener" classname="org.codehaus.griffon.runtime.core.event.DefaultEventPublisherSpec" time="0.004"/>
  <testcase name="Invoking an event by name in synchronous mode with a runnable listener" classname="org.codehaus.griffon.runtime.core.event.DefaultEventPublisherSpec" time="0.009"/>
  <testcase name="Invoking an event by name in asynchronous mode with a runnable listener" classname="org.codehaus.griffon.runtime.core.event.DefaultEventPublisherSpec" time="0.202"/>
  <testcase name="Invoking an event by name in outside mode with a runnable listener" classname="org.codehaus.griffon.runtime.core.event.DefaultEventPublisherSpec" time="0.001"/>
  <testcase name="Invoking an event by name in synchronous mode with a Map listener (callable)" classname="org.codehaus.griffon.runtime.core.event.DefaultEventPublisherSpec" time="0.002"/>
  <testcase name="Invoking an event by name in asynchronous mode with a Map listener (callable)" classname="org.codehaus.griffon.runtime.core.event.DefaultEventPublisherSpec" time="0.204"/>
  <testcase name="Invoking an event by name in outside mode with a Map listener (callable)" classname="org.codehaus.griffon.runtime.core.event.DefaultEventPublisherSpec" time="0.001"/>
  <testcase name="Invoking an event by name in synchronous mode with a Map listener (runnable)" classname="org.codehaus.griffon.runtime.core.event.DefaultEventPublisherSpec" time="0.001"/>
  <testcase name="Invoking an event by name in asynchronous mode with a Map listener (runnable)" classname="org.codehaus.griffon.runtime.core.event.DefaultEventPublisherSpec" time="0.203"/>
  <testcase name="Invoking an event by name in outside mode with a Map listener (runnable)" classname="org.codehaus.griffon.runtime.core.event.DefaultEventPublisherSpec" time="0.001"/>
  <testcase name="Invoking an event by name in synchronous mode with a bean listener" classname="org.codehaus.griffon.runtime.core.event.DefaultEventPublisherSpec" time="0.007"/>
  <testcase name="Invoking an event by name in asynchronous mode with a bean listener" classname="org.codehaus.griffon.runtime.core.event.DefaultEventPublisherSpec" time="0.202"/>
  <testcase name="Invoking an event by name in outside mode with a bean listener" classname="org.codehaus.griffon.runtime.core.event.DefaultEventPublisherSpec" time="0.002"/>
  <testcase name="Invoking an event in synchronous mode with a callable listener" classname="org.codehaus.griffon.runtime.core.event.DefaultEventPublisherSpec" time="0.003"/>
  <testcase name="Invoking an event in asynchronous mode with a callable listener" classname="org.codehaus.griffon.runtime.core.event.DefaultEventPublisherSpec" time="0.202"/>
  <testcase name="Invoking an event in outside mode with a callable listener" classname="org.codehaus.griffon.runtime.core.event.DefaultEventPublisherSpec" time="0.003"/>
  <testcase name="Invoking an event in synchronous mode with a runnable listener" classname="org.codehaus.griffon.runtime.core.event.DefaultEventPublisherSpec" time="0.001"/>
  <testcase name="Invoking an event in asynchronous mode with a runnable listener" classname="org.codehaus.griffon.runtime.core.event.DefaultEventPublisherSpec" time="0.202"/>
  <testcase name="Invoking an event in outside mode with a runnable listener" classname="org.codehaus.griffon.runtime.core.event.DefaultEventPublisherSpec" time="0.001"/>
  <testcase name="Invoking an event in synchronous mode with a Map listener (callable)" classname="org.codehaus.griffon.runtime.core.event.DefaultEventPublisherSpec" time="0.001"/>
  <testcase name="Invoking an event in asynchronous mode with a Map listener (callable)" classname="org.codehaus.griffon.runtime.core.event.DefaultEventPublisherSpec" time="0.202"/>
  <testcase name="Invoking an event in outside mode with a Map listener (callable)" classname="org.codehaus.griffon.runtime.core.event.DefaultEventPublisherSpec" time="0.001"/>
  <testcase name="Invoking an event in synchronous mode with a Map listener (runnable)" classname="org.codehaus.griffon.runtime.core.event.DefaultEventPublisherSpec" time="0.001"/>
  <testcase name="Invoking an event in asynchronous mode with a Map listener (runnable)" classname="org.codehaus.griffon.runtime.core.event.DefaultEventPublisherSpec" time="0.201"/>
  <testcase name="Invoking an event in outside mode with a Map listener (runnable)" classname="org.codehaus.griffon.runtime.core.event.DefaultEventPublisherSpec" time="0.001"/>
  <testcase name="Register and unregister a callable listener by name" classname="org.codehaus.griffon.runtime.core.event.DefaultEventPublisherSpec" time="0.001"/>
  <testcase name="Register and unregister a runnable listener by name" classname="org.codehaus.griffon.runtime.core.event.DefaultEventPublisherSpec" time="0.002"/>
  <testcase name="Register and unregister a Map listener by name (callable)" classname="org.codehaus.griffon.runtime.core.event.DefaultEventPublisherSpec" time="0.002"/>
  <testcase name="Register and unregister a Map listener by name (runnable)" classname="org.codehaus.griffon.runtime.core.event.DefaultEventPublisherSpec" time="0.001"/>
  <testcase name="Register and unregister a callable listener" classname="org.codehaus.griffon.runtime.core.event.DefaultEventPublisherSpec" time="0.01"/>
  <testcase name="Register and unregister a runnable listener" classname="org.codehaus.griffon.runtime.core.event.DefaultEventPublisherSpec" time="0.002"/>
  <testcase name="Register and unregister a bean listener" classname="org.codehaus.griffon.runtime.core.event.DefaultEventPublisherSpec" time="0.002"/>
  <testcase name="Register and unregister a bean listener with nested listeners" classname="org.codehaus.griffon.runtime.core.event.DefaultEventPublisherSpec" time="0.011"/>
  <testcase name="Register and unregister an invalid bean listener" classname="org.codehaus.griffon.runtime.core.event.DefaultEventPublisherSpec" time="0.001"/>
  <testcase name="Triggering an event with event published disabled does not notify listener" classname="org.codehaus.griffon.runtime.core.event.DefaultEventPublisherSpec" time="0.002"/>
  <testcase name="Query existing listeners by event name" classname="org.codehaus.griffon.runtime.core.event.DefaultEventPublisherSpec" time="0.003"/>
  <system-out><![CDATA[]]></system-out>
  <system-err><![CDATA[[Test worker] DEBUG org.codehaus.griffon.runtime.core.event.AbstractEventRouter - Adding listener org.codehaus.griffon.runtime.core.event.DefaultEventPublisherSpec$TestCallableEventHandler on MyEvent1
[Test worker] DEBUG org.codehaus.griffon.runtime.core.event.AbstractEventRouter - Triggering event 'MyEvent1' synchronously
[Test worker] DEBUG org.codehaus.griffon.runtime.core.event.AbstractEventRouter - Triggering event 'MyEvent2' synchronously
[Test worker] DEBUG org.codehaus.griffon.runtime.core.event.AbstractEventRouter - Triggering event 'MyEvent1' synchronously
[Test worker] DEBUG org.codehaus.griffon.runtime.core.event.AbstractEventRouter - Triggering event 'MyEvent2' synchronously
[Test worker] DEBUG org.codehaus.griffon.runtime.core.event.AbstractEventRouter - Adding listener org.codehaus.griffon.runtime.core.event.DefaultEventPublisherSpec$TestCallableEventHandler on MyEvent1
[event-router-4-thread-1] DEBUG org.codehaus.griffon.runtime.core.event.AbstractEventRouter - Triggering event 'MyEvent1' asynchronously
[event-router-4-thread-1] DEBUG org.codehaus.griffon.runtime.core.event.AbstractEventRouter - Triggering event 'MyEvent1' asynchronously
[event-router-4-thread-1] DEBUG org.codehaus.griffon.runtime.core.event.AbstractEventRouter - Triggering event 'MyEvent2' asynchronously
[event-router-4-thread-2] DEBUG org.codehaus.griffon.runtime.core.event.AbstractEventRouter - Triggering event 'MyEvent2' asynchronously
[Test worker] DEBUG org.codehaus.griffon.runtime.core.event.AbstractEventRouter - Adding listener org.codehaus.griffon.runtime.core.event.DefaultEventPublisherSpec$TestCallableEventHandler on MyEvent1
[Test worker] DEBUG org.codehaus.griffon.runtime.core.event.AbstractEventRouter - Triggering event 'MyEvent1' outside UI
[Test worker] DEBUG org.codehaus.griffon.runtime.core.event.AbstractEventRouter - Triggering event 'MyEvent2' outside UI
[Test worker] DEBUG org.codehaus.griffon.runtime.core.event.AbstractEventRouter - Triggering event 'MyEvent1' outside UI
[Test worker] DEBUG org.codehaus.griffon.runtime.core.event.AbstractEventRouter - Triggering event 'MyEvent2' outside UI
[Test worker] DEBUG org.codehaus.griffon.runtime.core.event.AbstractEventRouter - Adding listener org.codehaus.griffon.runtime.core.event.DefaultEventPublisherSpec$TestRunnableEventHandler on MyEvent1
[Test worker] DEBUG org.codehaus.griffon.runtime.core.event.AbstractEventRouter - Triggering event 'MyEvent1' synchronously
[Test worker] DEBUG org.codehaus.griffon.runtime.core.event.AbstractEventRouter - Triggering event 'MyEvent2' synchronously
[Test worker] DEBUG org.codehaus.griffon.runtime.core.event.AbstractEventRouter - Adding listener org.codehaus.griffon.runtime.core.event.DefaultEventPublisherSpec$TestRunnableEventHandler on MyEvent1
[event-router-7-thread-1] DEBUG org.codehaus.griffon.runtime.core.event.AbstractEventRouter - Triggering event 'MyEvent1' asynchronously
[event-router-7-thread-2] DEBUG org.codehaus.griffon.runtime.core.event.AbstractEventRouter - Triggering event 'MyEvent2' asynchronously
[Test worker] DEBUG org.codehaus.griffon.runtime.core.event.AbstractEventRouter - Adding listener org.codehaus.griffon.runtime.core.event.DefaultEventPublisherSpec$TestRunnableEventHandler on MyEvent1
[Test worker] DEBUG org.codehaus.griffon.runtime.core.event.AbstractEventRouter - Triggering event 'MyEvent1' outside UI
[Test worker] DEBUG org.codehaus.griffon.runtime.core.event.AbstractEventRouter - Triggering event 'MyEvent2' outside UI
[Test worker] DEBUG org.codehaus.griffon.runtime.core.event.AbstractEventRouter - Adding listener org.codehaus.griffon.runtime.core.event.DefaultEventPublisherSpec$TestCallableEventHandler on MyEvent1
[Test worker] DEBUG org.codehaus.griffon.runtime.core.event.AbstractEventRouter - Triggering event 'MyEvent1' synchronously
[Test worker] DEBUG org.codehaus.griffon.runtime.core.event.AbstractEventRouter - Triggering event 'MyEvent2' synchronously
[Test worker] DEBUG org.codehaus.griffon.runtime.core.event.AbstractEventRouter - Adding listener org.codehaus.griffon.runtime.core.event.DefaultEventPublisherSpec$TestCallableEventHandler on MyEvent1
[event-router-10-thread-1] DEBUG org.codehaus.griffon.runtime.core.event.AbstractEventRouter - Triggering event 'MyEvent1' asynchronously
[event-router-10-thread-2] DEBUG org.codehaus.griffon.runtime.core.event.AbstractEventRouter - Triggering event 'MyEvent2' asynchronously
[Test worker] DEBUG org.codehaus.griffon.runtime.core.event.AbstractEventRouter - Adding listener org.codehaus.griffon.runtime.core.event.DefaultEventPublisherSpec$TestCallableEventHandler on MyEvent1
[Test worker] DEBUG org.codehaus.griffon.runtime.core.event.AbstractEventRouter - Triggering event 'MyEvent1' outside UI
[Test worker] DEBUG org.codehaus.griffon.runtime.core.event.AbstractEventRouter - Triggering event 'MyEvent2' outside UI
[Test worker] DEBUG org.codehaus.griffon.runtime.core.event.AbstractEventRouter - Adding listener org.codehaus.griffon.runtime.core.event.DefaultEventPublisherSpec$TestRunnableEventHandler on MyEvent1
[Test worker] DEBUG org.codehaus.griffon.runtime.core.event.AbstractEventRouter - Triggering event 'MyEvent1' synchronously
[Test worker] DEBUG org.codehaus.griffon.runtime.core.event.AbstractEventRouter - Triggering event 'MyEvent2' synchronously
[Test worker] DEBUG org.codehaus.griffon.runtime.core.event.AbstractEventRouter - Adding listener org.codehaus.griffon.runtime.core.event.DefaultEventPublisherSpec$TestRunnableEventHandler on MyEvent1
[event-router-13-thread-2] DEBUG org.codehaus.griffon.runtime.core.event.AbstractEventRouter - Triggering event 'MyEvent2' asynchronously
[event-router-13-thread-1] DEBUG org.codehaus.griffon.runtime.core.event.AbstractEventRouter - Triggering event 'MyEvent1' asynchronously
[Test worker] DEBUG org.codehaus.griffon.runtime.core.event.AbstractEventRouter - Adding listener org.codehaus.griffon.runtime.core.event.DefaultEventPublisherSpec$TestRunnableEventHandler on MyEvent1
[Test worker] DEBUG org.codehaus.griffon.runtime.core.event.AbstractEventRouter - Triggering event 'MyEvent1' outside UI
[Test worker] DEBUG org.codehaus.griffon.runtime.core.event.AbstractEventRouter - Triggering event 'MyEvent2' outside UI
[Test worker] DEBUG org.codehaus.griffon.runtime.core.event.AbstractEventRouter - Adding listener org.codehaus.griffon.runtime.core.event.DefaultEventPublisherSpec$EventHandler@5b4b66f3
[Test worker] DEBUG org.codehaus.griffon.runtime.core.event.AbstractEventRouter - Triggering event 'MyEvent1' synchronously
[Test worker] DEBUG org.codehaus.griffon.runtime.core.event.AbstractEventRouter - Triggering event 'MyEvent2' synchronously
[Test worker] DEBUG org.codehaus.griffon.runtime.core.event.AbstractEventRouter - Adding listener org.codehaus.griffon.runtime.core.event.DefaultEventPublisherSpec$EventHandler@6cdc58c
[event-router-16-thread-1] DEBUG org.codehaus.griffon.runtime.core.event.AbstractEventRouter - Triggering event 'MyEvent1' asynchronously
[event-router-16-thread-2] DEBUG org.codehaus.griffon.runtime.core.event.AbstractEventRouter - Triggering event 'MyEvent2' asynchronously
[Test worker] DEBUG org.codehaus.griffon.runtime.core.event.AbstractEventRouter - Adding listener org.codehaus.griffon.runtime.core.event.DefaultEventPublisherSpec$EventHandler@2e2558c0
[Test worker] DEBUG org.codehaus.griffon.runtime.core.event.AbstractEventRouter - Triggering event 'MyEvent1' outside UI
[Test worker] DEBUG org.codehaus.griffon.runtime.core.event.AbstractEventRouter - Triggering event 'MyEvent2' outside UI
[Test worker] DEBUG org.codehaus.griffon.runtime.core.event.AbstractEventRouter - Adding listener org.codehaus.griffon.runtime.core.event.DefaultEventPublisherSpec$TestCallableEventHandler on MyEvent1
[Test worker] DEBUG org.codehaus.griffon.runtime.core.event.AbstractEventRouter - Triggering event 'MyEvent1' synchronously
[Test worker] DEBUG org.codehaus.griffon.runtime.core.event.AbstractEventRouter - Triggering event 'MyEvent2' synchronously
[Test worker] DEBUG org.codehaus.griffon.runtime.core.event.AbstractEventRouter - Adding listener org.codehaus.griffon.runtime.core.event.DefaultEventPublisherSpec$TestCallableEventHandler on MyEvent1
[event-router-19-thread-1] DEBUG org.codehaus.griffon.runtime.core.event.AbstractEventRouter - Triggering event 'MyEvent1' asynchronously
[event-router-19-thread-2] DEBUG org.codehaus.griffon.runtime.core.event.AbstractEventRouter - Triggering event 'MyEvent2' asynchronously
[Test worker] DEBUG org.codehaus.griffon.runtime.core.event.AbstractEventRouter - Adding listener org.codehaus.griffon.runtime.core.event.DefaultEventPublisherSpec$TestCallableEventHandler on MyEvent1
[Test worker] DEBUG org.codehaus.griffon.runtime.core.event.AbstractEventRouter - Triggering event 'MyEvent1' outside UI
[Test worker] DEBUG org.codehaus.griffon.runtime.core.event.AbstractEventRouter - Triggering event 'MyEvent2' outside UI
[Test worker] DEBUG org.codehaus.griffon.runtime.core.event.AbstractEventRouter - Adding listener org.codehaus.griffon.runtime.core.event.DefaultEventPublisherSpec$TestRunnableEventHandler on MyEvent1
[Test worker] DEBUG org.codehaus.griffon.runtime.core.event.AbstractEventRouter - Triggering event 'MyEvent1' synchronously
[Test worker] DEBUG org.codehaus.griffon.runtime.core.event.AbstractEventRouter - Triggering event 'MyEvent2' synchronously
[Test worker] DEBUG org.codehaus.griffon.runtime.core.event.AbstractEventRouter - Adding listener org.codehaus.griffon.runtime.core.event.DefaultEventPublisherSpec$TestRunnableEventHandler on MyEvent1
[event-router-22-thread-1] DEBUG org.codehaus.griffon.runtime.core.event.AbstractEventRouter - Triggering event 'MyEvent1' asynchronously
[event-router-22-thread-2] DEBUG org.codehaus.griffon.runtime.core.event.AbstractEventRouter - Triggering event 'MyEvent2' asynchronously
[Test worker] DEBUG org.codehaus.griffon.runtime.core.event.AbstractEventRouter - Adding listener org.codehaus.griffon.runtime.core.event.DefaultEventPublisherSpec$TestRunnableEventHandler on MyEvent1
[Test worker] DEBUG org.codehaus.griffon.runtime.core.event.AbstractEventRouter - Triggering event 'MyEvent1' outside UI
[Test worker] DEBUG org.codehaus.griffon.runtime.core.event.AbstractEventRouter - Triggering event 'MyEvent2' outside UI
[Test worker] DEBUG org.codehaus.griffon.runtime.core.event.AbstractEventRouter - Adding listener org.codehaus.griffon.runtime.core.event.DefaultEventPublisherSpec$TestCallableEventHandler on MyEvent1
[Test worker] DEBUG org.codehaus.griffon.runtime.core.event.AbstractEventRouter - Triggering event 'MyEvent1' synchronously
[Test worker] DEBUG org.codehaus.griffon.runtime.core.event.AbstractEventRouter - Triggering event 'MyEvent2' synchronously
[Test worker] DEBUG org.codehaus.griffon.runtime.core.event.AbstractEventRouter - Adding listener org.codehaus.griffon.runtime.core.event.DefaultEventPublisherSpec$TestCallableEventHandler on MyEvent1
[event-router-25-thread-1] DEBUG org.codehaus.griffon.runtime.core.event.AbstractEventRouter - Triggering event 'MyEvent1' asynchronously
[event-router-25-thread-2] DEBUG org.codehaus.griffon.runtime.core.event.AbstractEventRouter - Triggering event 'MyEvent2' asynchronously
[Test worker] DEBUG org.codehaus.griffon.runtime.core.event.AbstractEventRouter - Adding listener org.codehaus.griffon.runtime.core.event.DefaultEventPublisherSpec$TestCallableEventHandler on MyEvent1
[Test worker] DEBUG org.codehaus.griffon.runtime.core.event.AbstractEventRouter - Triggering event 'MyEvent1' outside UI
[Test worker] DEBUG org.codehaus.griffon.runtime.core.event.AbstractEventRouter - Triggering event 'MyEvent2' outside UI
[Test worker] DEBUG org.codehaus.griffon.runtime.core.event.AbstractEventRouter - Adding listener org.codehaus.griffon.runtime.core.event.DefaultEventPublisherSpec$TestRunnableEventHandler on MyEvent1
[Test worker] DEBUG org.codehaus.griffon.runtime.core.event.AbstractEventRouter - Triggering event 'MyEvent1' synchronously
[Test worker] DEBUG org.codehaus.griffon.runtime.core.event.AbstractEventRouter - Triggering event 'MyEvent2' synchronously
[Test worker] DEBUG org.codehaus.griffon.runtime.core.event.AbstractEventRouter - Adding listener org.codehaus.griffon.runtime.core.event.DefaultEventPublisherSpec$TestRunnableEventHandler on MyEvent1
[event-router-28-thread-1] DEBUG org.codehaus.griffon.runtime.core.event.AbstractEventRouter - Triggering event 'MyEvent1' asynchronously
[event-router-28-thread-2] DEBUG org.codehaus.griffon.runtime.core.event.AbstractEventRouter - Triggering event 'MyEvent2' asynchronously
[Test worker] DEBUG org.codehaus.griffon.runtime.core.event.AbstractEventRouter - Adding listener org.codehaus.griffon.runtime.core.event.DefaultEventPublisherSpec$TestRunnableEventHandler on MyEvent1
[Test worker] DEBUG org.codehaus.griffon.runtime.core.event.AbstractEventRouter - Triggering event 'MyEvent1' outside UI
[Test worker] DEBUG org.codehaus.griffon.runtime.core.event.AbstractEventRouter - Triggering event 'MyEvent2' outside UI
[Test worker] DEBUG org.codehaus.griffon.runtime.core.event.AbstractEventRouter - Adding listener org.codehaus.griffon.runtime.core.event.DefaultEventPublisherSpec$TestCallableEventHandler on MyEvent1
[Test worker] DEBUG org.codehaus.griffon.runtime.core.event.AbstractEventRouter - Removing listener org.codehaus.griffon.runtime.core.event.DefaultEventPublisherSpec$TestCallableEventHandler on MyEvent1
[Test worker] DEBUG org.codehaus.griffon.runtime.core.event.AbstractEventRouter - Triggering event 'MyEvent1' synchronously
[Test worker] DEBUG org.codehaus.griffon.runtime.core.event.AbstractEventRouter - Triggering event 'MyEvent2' synchronously
[Test worker] DEBUG org.codehaus.griffon.runtime.core.event.AbstractEventRouter - Adding listener org.codehaus.griffon.runtime.core.event.DefaultEventPublisherSpec$TestRunnableEventHandler on MyEvent1
[Test worker] DEBUG org.codehaus.griffon.runtime.core.event.AbstractEventRouter - Removing listener org.codehaus.griffon.runtime.core.event.DefaultEventPublisherSpec$TestRunnableEventHandler on MyEvent1
[Test worker] DEBUG org.codehaus.griffon.runtime.core.event.AbstractEventRouter - Triggering event 'MyEvent1' synchronously
[Test worker] DEBUG org.codehaus.griffon.runtime.core.event.AbstractEventRouter - Triggering event 'MyEvent2' synchronously
[Test worker] DEBUG org.codehaus.griffon.runtime.core.event.AbstractEventRouter - Adding listener org.codehaus.griffon.runtime.core.event.DefaultEventPublisherSpec$TestCallableEventHandler on MyEvent1
[Test worker] DEBUG org.codehaus.griffon.runtime.core.event.AbstractEventRouter - Removing listener org.codehaus.griffon.runtime.core.event.DefaultEventPublisherSpec$TestCallableEventHandler on MyEvent1
[Test worker] DEBUG org.codehaus.griffon.runtime.core.event.AbstractEventRouter - Triggering event 'MyEvent1' synchronously
[Test worker] DEBUG org.codehaus.griffon.runtime.core.event.AbstractEventRouter - Triggering event 'MyEvent2' synchronously
[Test worker] DEBUG org.codehaus.griffon.runtime.core.event.AbstractEventRouter - Adding listener org.codehaus.griffon.runtime.core.event.DefaultEventPublisherSpec$TestRunnableEventHandler on MyEvent1
[Test worker] DEBUG org.codehaus.griffon.runtime.core.event.AbstractEventRouter - Removing listener org.codehaus.griffon.runtime.core.event.DefaultEventPublisherSpec$TestRunnableEventHandler on MyEvent1
[Test worker] DEBUG org.codehaus.griffon.runtime.core.event.AbstractEventRouter - Triggering event 'MyEvent1' synchronously
[Test worker] DEBUG org.codehaus.griffon.runtime.core.event.AbstractEventRouter - Triggering event 'MyEvent2' synchronously
[Test worker] DEBUG org.codehaus.griffon.runtime.core.event.AbstractEventRouter - Adding listener org.codehaus.griffon.runtime.core.event.DefaultEventPublisherSpec$TestCallableEventHandler on MyEvent1
[Test worker] DEBUG org.codehaus.griffon.runtime.core.event.AbstractEventRouter - Removing listener org.codehaus.griffon.runtime.core.event.DefaultEventPublisherSpec$TestCallableEventHandler on MyEvent1
[Test worker] DEBUG org.codehaus.griffon.runtime.core.event.AbstractEventRouter - Triggering event 'MyEvent1' synchronously
[Test worker] DEBUG org.codehaus.griffon.runtime.core.event.AbstractEventRouter - Triggering event 'MyEvent2' synchronously
[Test worker] DEBUG org.codehaus.griffon.runtime.core.event.AbstractEventRouter - Adding listener org.codehaus.griffon.runtime.core.event.DefaultEventPublisherSpec$TestRunnableEventHandler on MyEvent1
[Test worker] DEBUG org.codehaus.griffon.runtime.core.event.AbstractEventRouter - Removing listener org.codehaus.griffon.runtime.core.event.DefaultEventPublisherSpec$TestRunnableEventHandler on MyEvent1
[Test worker] DEBUG org.codehaus.griffon.runtime.core.event.AbstractEventRouter - Triggering event 'MyEvent1' synchronously
[Test worker] DEBUG org.codehaus.griffon.runtime.core.event.AbstractEventRouter - Triggering event 'MyEvent2' synchronously
[Test worker] DEBUG org.codehaus.griffon.runtime.core.event.AbstractEventRouter - Adding listener org.codehaus.griffon.runtime.core.event.DefaultEventPublisherSpec$EventHandler@1e365170
[Test worker] DEBUG org.codehaus.griffon.runtime.core.event.AbstractEventRouter - Removing listener org.codehaus.griffon.runtime.core.event.DefaultEventPublisherSpec$EventHandler@1e365170
[Test worker] DEBUG org.codehaus.griffon.runtime.core.event.AbstractEventRouter - Triggering event 'MyEvent1' synchronously
[Test worker] DEBUG org.codehaus.griffon.runtime.core.event.AbstractEventRouter - Triggering event 'MyEvent2' synchronously
[Test worker] DEBUG org.codehaus.griffon.runtime.core.event.AbstractEventRouter - Adding listener org.codehaus.griffon.runtime.core.event.Subject$1 on MyEvent1
[Test worker] DEBUG org.codehaus.griffon.runtime.core.event.AbstractEventRouter - Adding listener org.codehaus.griffon.runtime.core.event.Subject$2 on MyEvent2
[Test worker] DEBUG org.codehaus.griffon.runtime.core.event.AbstractEventRouter - Removing listener org.codehaus.griffon.runtime.core.event.Subject$1 on MyEvent1
[Test worker] DEBUG org.codehaus.griffon.runtime.core.event.AbstractEventRouter - Removing listener org.codehaus.griffon.runtime.core.event.Subject$2 on MyEvent2
[Test worker] DEBUG org.codehaus.griffon.runtime.core.event.AbstractEventRouter - Removing listener org.codehaus.griffon.runtime.core.event.Subject@5788f803
[Test worker] DEBUG org.codehaus.griffon.runtime.core.event.AbstractEventRouter - Triggering event 'MyEvent1' synchronously
[Test worker] DEBUG org.codehaus.griffon.runtime.core.event.AbstractEventRouter - Triggering event 'MyEvent2' synchronously
[Test worker] DEBUG org.codehaus.griffon.runtime.core.event.AbstractEventRouter - Adding listener org.codehaus.griffon.runtime.core.event.DefaultEventPublisherSpec$TestRunnableEventHandler on MyEvent1
[Test worker] DEBUG org.codehaus.griffon.runtime.core.event.AbstractEventRouter - Adding listener org.codehaus.griffon.runtime.core.event.DefaultEventPublisherSpec$TestRunnableEventHandler on MyEvent2
[Test worker] DEBUG org.codehaus.griffon.runtime.core.event.AbstractEventRouter - Adding listener org.codehaus.griffon.runtime.core.event.DefaultEventPublisherSpec$EventHandler@16989ad5
[Test worker] DEBUG org.codehaus.griffon.runtime.core.event.AbstractEventRouter - Adding listener org.codehaus.griffon.runtime.core.event.Subject$1 on MyEvent1
[Test worker] DEBUG org.codehaus.griffon.runtime.core.event.AbstractEventRouter - Adding listener org.codehaus.griffon.runtime.core.event.Subject$2 on MyEvent2
]]></system-err>
</testsuite>
