<?xml version="1.0" encoding="UTF-8"?>
<testsuite name="griffon.core.ObservableContextSpec" tests="3" skipped="0" failures="0" errors="0" timestamp="2017-03-13T20:08:23" hostname="testing-gce-5c6f6730-f713-4b79-bb0b-2c95a726fbf5" time="0.029">
  <properties/>
  <testcase name="Exercise listener methods" classname="griffon.core.ObservableContextSpec" time="0.017"/>
  <testcase name="Listen to context events" classname="griffon.core.ObservableContextSpec" time="0.009"/>
  <testcase name="listen to lateral context events" classname="griffon.core.ObservableContextSpec" time="0.002"/>
  <system-out><![CDATA[]]></system-out>
  <system-err><![CDATA[[Test worker] TRACE griffon.core.editors.PropertyEditorResolver - Searching PropertyEditor for java.lang.Integer
[Test worker] TRACE griffon.core.editors.PropertyEditorResolver - PropertyEditor for java.lang.Integer is griffon.core.editors.IntegerPropertyEditor
]]></system-err>
</testsuite>
