<?xml version="1.0" encoding="UTF-8"?>
<testsuite name="griffon.core.editors.DoublePropertyEditorSpec" tests="13" skipped="0" failures="0" errors="0" timestamp="2016-12-01T09:17:47" hostname="testing-gce-1c7b4cd7-f8b4-49a0-b9fd-66abade42537" time="0.022">
  <properties/>
  <testcase name="Double literal 'null' with format 'null' should be equal to null" classname="griffon.core.editors.DoublePropertyEditorSpec" time="0.004"/>
  <testcase name="Double literal '' with format 'null' should be equal to null" classname="griffon.core.editors.DoublePropertyEditorSpec" time="0.0"/>
  <testcase name="Double literal '0.1' with format 'null' should be equal to 0.1" classname="griffon.core.editors.DoublePropertyEditorSpec" time="0.0"/>
  <testcase name="Double literal '10%' with format 'percent' should be equal to 0.1" classname="griffon.core.editors.DoublePropertyEditorSpec" time="0.003"/>
  <testcase name="Double literal '$0.10' with format 'currency' should be equal to 0.1" classname="griffon.core.editors.DoublePropertyEditorSpec" time="0.001"/>
  <testcase name="Double literal '0.1' with format 'null' should be equal to 0.1" classname="griffon.core.editors.DoublePropertyEditorSpec" time="0.0"/>
  <testcase name="Invalid double literal 'garbage'" classname="griffon.core.editors.DoublePropertyEditorSpec" time="0.0"/>
  <testcase name="Invalid double literal '1, 2, 3'" classname="griffon.core.editors.DoublePropertyEditorSpec" time="0.0"/>
  <testcase name="Invalid double literal '[]'" classname="griffon.core.editors.DoublePropertyEditorSpec" time="0.001"/>
  <testcase name="Invalid double literal '[1, 2, 3]'" classname="griffon.core.editors.DoublePropertyEditorSpec" time="0.001"/>
  <testcase name="Invalid double literal '[:]'" classname="griffon.core.editors.DoublePropertyEditorSpec" time="0.0"/>
  <testcase name="Invalid double literal '[key:value]'" classname="griffon.core.editors.DoublePropertyEditorSpec" time="0.001"/>
  <testcase name="Invalid double literal 'java.lang.Object@3c7ccdbc'" classname="griffon.core.editors.DoublePropertyEditorSpec" time="0.0"/>
  <system-out><![CDATA[]]></system-out>
  <system-err><![CDATA[]]></system-err>
</testsuite>
