<?xml version="1.0" encoding="UTF-8"?>
<testsuite name="griffon.core.formatters.BigDecimalFormatterSpec" tests="11" skipped="0" failures="0" errors="0" timestamp="2016-11-18T14:45:47" hostname="testing-gce-32b998c0-1c86-42c0-92eb-71cbad2128a4" time="0.014">
  <properties/>
  <testcase name="BigDecimal '100' produces literal '100'" classname="griffon.core.formatters.BigDecimalFormatterSpec" time="0.003"/>
  <testcase name="BigDecimal 'null' with pattern 'currency' produces literal 'null'" classname="griffon.core.formatters.BigDecimalFormatterSpec" time="0.0"/>
  <testcase name="BigDecimal 'null' with pattern 'percent' produces literal 'null'" classname="griffon.core.formatters.BigDecimalFormatterSpec" time="0.001"/>
  <testcase name="BigDecimal '100' with pattern 'currency' produces literal '$100.00'" classname="griffon.core.formatters.BigDecimalFormatterSpec" time="0.0"/>
  <testcase name="BigDecimal '1' with pattern 'percent' produces literal '100%'" classname="griffon.core.formatters.BigDecimalFormatterSpec" time="0.0"/>
  <testcase name="BigDecimal '100' with pattern 'null' produces literal '100'" classname="griffon.core.formatters.BigDecimalFormatterSpec" time="0.0"/>
  <testcase name="BigDecimal '100' with pattern '' produces literal '100'" classname="griffon.core.formatters.BigDecimalFormatterSpec" time="0.001"/>
  <testcase name="BigDecimal '20' with pattern '##.0' produces literal '20.0'" classname="griffon.core.formatters.BigDecimalFormatterSpec" time="0.0"/>
  <testcase name="Parse error for pattern 'currency' with literal 'abc'" classname="griffon.core.formatters.BigDecimalFormatterSpec" time="0.0"/>
  <testcase name="Parse error for pattern 'percent' with literal 'abc'" classname="griffon.core.formatters.BigDecimalFormatterSpec" time="0.0"/>
  <testcase name="Illegal pattern ';garbage*@%&amp;'" classname="griffon.core.formatters.BigDecimalFormatterSpec" time="0.008"/>
  <system-out><![CDATA[]]></system-out>
  <system-err><![CDATA[]]></system-err>
</testsuite>
