<?xml version="1.0" encoding="UTF-8"?>
<testsuite name="griffon.core.editors.BooleanPropertyEditorSpec" tests="17" skipped="0" failures="0" errors="0" timestamp="2017-04-28T12:49:46" hostname="testing-docker-929acd7b-76bf-4253-9fc4-85722f6f076e" time="0.023">
  <properties/>
  <testcase name="Boolean literal 'null' with format 'null' should be equal to null" classname="griffon.core.editors.BooleanPropertyEditorSpec" time="0.011"/>
  <testcase name="Boolean literal '' with format 'null' should be equal to null" classname="griffon.core.editors.BooleanPropertyEditorSpec" time="0.001"/>
  <testcase name="Boolean literal 'true' with format 'null' should be equal to true" classname="griffon.core.editors.BooleanPropertyEditorSpec" time="0.0"/>
  <testcase name="Boolean literal 'false' with format 'null' should be equal to false" classname="griffon.core.editors.BooleanPropertyEditorSpec" time="0.0"/>
  <testcase name="Boolean literal 'true' with format 'null' should be equal to true" classname="griffon.core.editors.BooleanPropertyEditorSpec" time="0.0"/>
  <testcase name="Boolean literal 'false' with format 'null' should be equal to false" classname="griffon.core.editors.BooleanPropertyEditorSpec" time="0.0"/>
  <testcase name="Boolean literal 'true' with format 'boolean' should be equal to true" classname="griffon.core.editors.BooleanPropertyEditorSpec" time="0.004"/>
  <testcase name="Boolean literal 'false' with format 'boolean' should be equal to false" classname="griffon.core.editors.BooleanPropertyEditorSpec" time="0.0"/>
  <testcase name="Boolean literal 'yes' with format 'query' should be equal to true" classname="griffon.core.editors.BooleanPropertyEditorSpec" time="0.0"/>
  <testcase name="Boolean literal 'no' with format 'query' should be equal to false" classname="griffon.core.editors.BooleanPropertyEditorSpec" time="0.0"/>
  <testcase name="Boolean literal 'on' with format 'switch' should be equal to true" classname="griffon.core.editors.BooleanPropertyEditorSpec" time="0.001"/>
  <testcase name="Boolean literal 'off' with format 'switch' should be equal to false" classname="griffon.core.editors.BooleanPropertyEditorSpec" time="0.0"/>
  <testcase name="Invalid boolean literal '[]'" classname="griffon.core.editors.BooleanPropertyEditorSpec" time="0.001"/>
  <testcase name="Invalid boolean literal '[1, 2, 3]'" classname="griffon.core.editors.BooleanPropertyEditorSpec" time="0.0"/>
  <testcase name="Invalid boolean literal '[:]'" classname="griffon.core.editors.BooleanPropertyEditorSpec" time="0.0"/>
  <testcase name="Invalid boolean literal '[key:value]'" classname="griffon.core.editors.BooleanPropertyEditorSpec" time="0.001"/>
  <testcase name="Invalid boolean literal 'java.lang.Object@6ec7b18d'" classname="griffon.core.editors.BooleanPropertyEditorSpec" time="0.0"/>
  <system-out><![CDATA[]]></system-out>
  <system-err><![CDATA[]]></system-err>
</testsuite>
