<?xml version="1.0" encoding="UTF-8"?>
<testsuite name="org.codehaus.griffon.runtime.core.resources.DefaultResourceInjectorTests" tests="1" skipped="0" failures="0" errors="0" timestamp="2016-11-16T19:22:57" hostname="testing-gce-e8e4a2cb-d54d-4bd1-a631-062743865535" time="0.043">
  <properties/>
  <testcase name="resolveAllFormatsByProperties" classname="org.codehaus.griffon.runtime.core.resources.DefaultResourceInjectorTests" time="0.043"/>
  <system-out><![CDATA[]]></system-out>
  <system-err><![CDATA[]]></system-err>
</testsuite>
