<?xml version="1.0" encoding="UTF-8"?>
<testsuite name="griffon.exceptions.InstanceMethodInvocationExceptionSpec" tests="3" skipped="0" failures="0" errors="0" timestamp="2017-04-24T08:41:19" hostname="testing-gce-5d7d77d1-ab44-4e29-9f52-aa2a647d6215" time="0.029">
  <properties/>
  <testcase name="Exception should have proper formatted message (1)[0]" classname="griffon.exceptions.InstanceMethodInvocationExceptionSpec" time="0.018"/>
  <testcase name="Exception should have proper formatted message (1)[1]" classname="griffon.exceptions.InstanceMethodInvocationExceptionSpec" time="0.0"/>
  <testcase name="Exception should have proper formatted message (2)[0]" classname="griffon.exceptions.InstanceMethodInvocationExceptionSpec" time="0.01"/>
  <system-out><![CDATA[]]></system-out>
  <system-err><![CDATA[]]></system-err>
</testsuite>
