<?xml version="1.0" encoding="UTF-8"?>
<testsuite name="griffon.core.editors.BigDecimalPropertyEditorSpec" tests="15" skipped="0" failures="0" errors="0" timestamp="2017-01-10T09:15:23" hostname="testing-gce-7b2d7ffd-be62-4986-b2bc-bd42efa5f90a" time="0.02">
  <properties/>
  <testcase name="BigDecimal literal 'null' with format 'null' should be equal to null" classname="griffon.core.editors.BigDecimalPropertyEditorSpec" time="0.002"/>
  <testcase name="BigDecimal literal '' with format 'null' should be equal to null" classname="griffon.core.editors.BigDecimalPropertyEditorSpec" time="0.001"/>
  <testcase name="BigDecimal literal '1' with format 'null' should be equal to 1" classname="griffon.core.editors.BigDecimalPropertyEditorSpec" time="0.0"/>
  <testcase name="BigDecimal literal '100%' with format 'percent' should be equal to 1" classname="griffon.core.editors.BigDecimalPropertyEditorSpec" time="0.001"/>
  <testcase name="BigDecimal literal '$1.00' with format 'currency' should be equal to 1" classname="griffon.core.editors.BigDecimalPropertyEditorSpec" time="0.001"/>
  <testcase name="BigDecimal literal '1' with format 'null' should be equal to 1" classname="griffon.core.editors.BigDecimalPropertyEditorSpec" time="0.001"/>
  <testcase name="BigDecimal literal '1' with format 'null' should be equal to 1" classname="griffon.core.editors.BigDecimalPropertyEditorSpec" time="0.001"/>
  <testcase name="BigDecimal literal '1' with format 'null' should be equal to 1" classname="griffon.core.editors.BigDecimalPropertyEditorSpec" time="0.0"/>
  <testcase name="Invalid bigdecimal literal 'garbage'" classname="griffon.core.editors.BigDecimalPropertyEditorSpec" time="0.001"/>
  <testcase name="Invalid bigdecimal literal '1, 2, 3'" classname="griffon.core.editors.BigDecimalPropertyEditorSpec" time="0.001"/>
  <testcase name="Invalid bigdecimal literal '[]'" classname="griffon.core.editors.BigDecimalPropertyEditorSpec" time="0.001"/>
  <testcase name="Invalid bigdecimal literal '[1, 2, 3]'" classname="griffon.core.editors.BigDecimalPropertyEditorSpec" time="0.0"/>
  <testcase name="Invalid bigdecimal literal '[:]'" classname="griffon.core.editors.BigDecimalPropertyEditorSpec" time="0.001"/>
  <testcase name="Invalid bigdecimal literal '[key:value]'" classname="griffon.core.editors.BigDecimalPropertyEditorSpec" time="0.0"/>
  <testcase name="Invalid bigdecimal literal 'java.lang.Object@12a16489'" classname="griffon.core.editors.BigDecimalPropertyEditorSpec" time="0.002"/>
  <system-out><![CDATA[]]></system-out>
  <system-err><![CDATA[]]></system-err>
</testsuite>
