<?xml version="1.0" encoding="UTF-8"?>
<testsuite name="org.codehaus.griffon.runtime.core.storage.DefaultObjectFactorySpec" tests="6" skipped="0" failures="0" errors="0" timestamp="2016-12-01T10:04:49" hostname="testing-gce-eaf68bd0-c1b6-4661-a4ef-407d21883631" time="0.042">
  <properties/>
  <testcase name="Find config under default" classname="org.codehaus.griffon.runtime.core.storage.DefaultObjectFactorySpec" time="0.029"/>
  <testcase name="Find config under internal" classname="org.codehaus.griffon.runtime.core.storage.DefaultObjectFactorySpec" time="0.001"/>
  <testcase name="Find config under nonexistant" classname="org.codehaus.griffon.runtime.core.storage.DefaultObjectFactorySpec" time="0.001"/>
  <testcase name="Find config under default" classname="org.codehaus.griffon.runtime.core.storage.DefaultObjectFactorySpec" time="0.001"/>
  <testcase name="Find config under internal" classname="org.codehaus.griffon.runtime.core.storage.DefaultObjectFactorySpec" time="0.009"/>
  <testcase name="Find config under nonexistant" classname="org.codehaus.griffon.runtime.core.storage.DefaultObjectFactorySpec" time="0.001"/>
  <system-out><![CDATA[]]></system-out>
  <system-err><![CDATA[]]></system-err>
</testsuite>
