<?xml version="1.0" encoding="UTF-8"?>
<testsuite name="griffon.core.formatters.ShortFormatterSpec" tests="11" skipped="0" failures="0" errors="0" timestamp="2016-11-02T15:17:42" hostname="testing-gce-ebe1e2ab-5243-4a05-8a72-5c053e509e3c" time="0.013">
  <properties/>
  <testcase name="Short '100' produces literal '100'" classname="griffon.core.formatters.ShortFormatterSpec" time="0.006"/>
  <testcase name="Short 'null' with pattern 'currency' produces literal 'null'" classname="griffon.core.formatters.ShortFormatterSpec" time="0.001"/>
  <testcase name="Short 'null' with pattern 'percent' produces literal 'null'" classname="griffon.core.formatters.ShortFormatterSpec" time="0.001"/>
  <testcase name="Short '100' with pattern 'currency' produces literal '$100.00'" classname="griffon.core.formatters.ShortFormatterSpec" time="0.0"/>
  <testcase name="Short '1' with pattern 'percent' produces literal '100%'" classname="griffon.core.formatters.ShortFormatterSpec" time="0.001"/>
  <testcase name="Short '100' with pattern 'null' produces literal '100'" classname="griffon.core.formatters.ShortFormatterSpec" time="0.0"/>
  <testcase name="Short '100' with pattern '' produces literal '100'" classname="griffon.core.formatters.ShortFormatterSpec" time="0.001"/>
  <testcase name="Short '20' with pattern '##.0' produces literal '20.0'" classname="griffon.core.formatters.ShortFormatterSpec" time="0.0"/>
  <testcase name="Parse error for pattern 'currency' with literal 'abc'" classname="griffon.core.formatters.ShortFormatterSpec" time="0.0"/>
  <testcase name="Parse error for pattern 'percent' with literal 'abc'" classname="griffon.core.formatters.ShortFormatterSpec" time="0.001"/>
  <testcase name="Illegal pattern ';garbage*@%&amp;'" classname="griffon.core.formatters.ShortFormatterSpec" time="0.0"/>
  <system-out><![CDATA[]]></system-out>
  <system-err><![CDATA[]]></system-err>
</testsuite>
