<?xml version="1.0" encoding="UTF-8"?>
<testsuite name="griffon.util.CollectionUtilsTest" tests="4" skipped="0" failures="0" errors="0" timestamp="2017-04-07T21:31:04" hostname="testing-gce-5d4cb8fc-d966-46b1-be13-5dd5cd7e3fa9" time="0.073">
  <properties/>
  <testcase name="testListBuilderAndDelegate" classname="griffon.util.CollectionUtilsTest" time="0.016"/>
  <testcase name="testMapBuilderAdDelegate" classname="griffon.util.CollectionUtilsTest" time="0.023"/>
  <testcase name="testSetBuilderAndDelegate" classname="griffon.util.CollectionUtilsTest" time="0.02"/>
  <testcase name="testToPropertiesDeep" classname="griffon.util.CollectionUtilsTest" time="0.011"/>
  <system-out><![CDATA[]]></system-out>
  <system-err><![CDATA[]]></system-err>
</testsuite>
