<?xml version="1.0" encoding="UTF-8"?>
<testsuite name="org.codehaus.griffon.runtime.util.PropertiesResourceBundleLoaderSpec" tests="4" skipped="0" failures="0" errors="0" timestamp="2017-04-07T21:31:08" hostname="testing-gce-5d4cb8fc-d966-46b1-be13-5dd5cd7e3fa9" time="0.027">
  <properties/>
  <testcase name="Load bundle and check string = string" classname="org.codehaus.griffon.runtime.util.PropertiesResourceBundleLoaderSpec" time="0.022"/>
  <testcase name="Load bundle and check integer = 42" classname="org.codehaus.griffon.runtime.util.PropertiesResourceBundleLoaderSpec" time="0.002"/>
  <testcase name="Load bundle and check keys.bar = bar" classname="org.codehaus.griffon.runtime.util.PropertiesResourceBundleLoaderSpec" time="0.001"/>
  <testcase name="Load bundle and check foo = dev" classname="org.codehaus.griffon.runtime.util.PropertiesResourceBundleLoaderSpec" time="0.0"/>
  <system-out><![CDATA[[keys.bar, string, foo, integer]
[keys.bar, string, foo, integer]
[keys.bar, string, foo, integer]
[keys.bar, string, foo, integer]
]]></system-out>
  <system-err><![CDATA[]]></system-err>
</testsuite>
