<?xml version="1.0" encoding="UTF-8"?>
<testsuite name="org.codehaus.griffon.runtime.util.XmlResourceBundleLoaderSpec" tests="4" skipped="0" failures="0" errors="0" timestamp="2017-03-17T14:47:51" hostname="testing-gce-2cba042c-7dfa-40c6-8050-1b9f1390cf9f" time="0.387">
  <properties/>
  <testcase name="Load bundle and check string = string" classname="org.codehaus.griffon.runtime.util.XmlResourceBundleLoaderSpec" time="0.371"/>
  <testcase name="Load bundle and check integer = 42" classname="org.codehaus.griffon.runtime.util.XmlResourceBundleLoaderSpec" time="0.01"/>
  <testcase name="Load bundle and check keys.bar = bar" classname="org.codehaus.griffon.runtime.util.XmlResourceBundleLoaderSpec" time="0.003"/>
  <testcase name="Load bundle and check foo = dev" classname="org.codehaus.griffon.runtime.util.XmlResourceBundleLoaderSpec" time="0.003"/>
  <system-out><![CDATA[]]></system-out>
  <system-err><![CDATA[]]></system-err>
</testsuite>
