<?xml version="1.0" encoding="UTF-8"?>
<testsuite name="org.codehaus.griffon.runtime.util.ClassResourceBundleLoaderSpec" tests="4" skipped="0" failures="0" errors="0" timestamp="2017-05-04T14:13:51" hostname="testing-docker-ecc2246c-0b8e-4707-add3-97d74ea6771b" time="0.029">
  <properties/>
  <testcase name="Load bundle and check string = string" classname="org.codehaus.griffon.runtime.util.ClassResourceBundleLoaderSpec" time="0.027"/>
  <testcase name="Load bundle and check integer = 42" classname="org.codehaus.griffon.runtime.util.ClassResourceBundleLoaderSpec" time="0.0"/>
  <testcase name="Load bundle and check keys.bar = bar" classname="org.codehaus.griffon.runtime.util.ClassResourceBundleLoaderSpec" time="0.0"/>
  <testcase name="Load bundle and check foo = dev" classname="org.codehaus.griffon.runtime.util.ClassResourceBundleLoaderSpec" time="0.001"/>
  <system-out><![CDATA[[string, integer, keys.bar, foo]
[string, integer, keys.bar, foo]
[string, integer, keys.bar, foo]
[string, integer, keys.bar, foo]
]]></system-out>
  <system-err><![CDATA[]]></system-err>
</testsuite>
