<?xml version="1.0" encoding="UTF-8"?>
<testsuite name="griffon.core.injection.QualifierSpec" tests="1" skipped="0" failures="0" errors="0" timestamp="2016-11-30T09:53:47" hostname="testing-gce-c2900045-70c9-418d-a9de-7fb1968f26a4" time="0.004">
  <properties/>
  <testcase name="Test Qualified settings" classname="griffon.core.injection.QualifierSpec" time="0.004"/>
  <system-out><![CDATA[]]></system-out>
  <system-err><![CDATA[]]></system-err>
</testsuite>
