<?xml version="1.0" encoding="UTF-8"?>
<testsuite name="org.codehaus.griffon.runtime.core.i18n.CompositeMessageSourceTests" tests="3" skipped="0" failures="0" errors="0" timestamp="2016-11-30T21:34:34" hostname="testing-gce-7b284da2-1dfc-4486-9403-0c3889a84a74" time="0.089">
  <properties/>
  <testcase name="getAllMessagesByProperties" classname="org.codehaus.griffon.runtime.core.i18n.CompositeMessageSourceTests" time="0.077"/>
  <testcase name="cantCreateBundleWithEmptyBundleList" classname="org.codehaus.griffon.runtime.core.i18n.CompositeMessageSourceTests" time="0.001"/>
  <testcase name="getCompositeResourceBundle" classname="org.codehaus.griffon.runtime.core.i18n.CompositeMessageSourceTests" time="0.009"/>
  <system-out><![CDATA[]]></system-out>
  <system-err><![CDATA[]]></system-err>
</testsuite>
