<?xml version="1.0" encoding="UTF-8"?>
<testsuite name="org.codehaus.griffon.runtime.core.event.DefaultEventPublisherSpec" tests="38" skipped="0" failures="0" errors="0" timestamp="2017-01-31T08:38:18" hostname="testing-gce-57986ab7-74ef-4daa-8794-66bd035d9f10" time="2.035">
  <properties/>
  <testcase name="Invoking an event by name in synchronous mode with a callable listener" classname="org.codehaus.griffon.runtime.core.event.DefaultEventPublisherSpec" time="0.082"/>
  <testcase name="Invoking an event by name in asynchronous mode with a callable listener" classname="org.codehaus.griffon.runtime.core.event.DefaultEventPublisherSpec" time="0.21"/>
  <testcase name="Invoking an event by name in outside mode with a callable listener" classname="org.codehaus.griffon.runtime.core.event.DefaultEventPublisherSpec" time="0.004"/>
  <testcase name="Invoking an event by name in synchronous mode with a runnable listener" classname="org.codehaus.griffon.runtime.core.event.DefaultEventPublisherSpec" time="0.007"/>
  <testcase name="Invoking an event by name in asynchronous mode with a runnable listener" classname="org.codehaus.griffon.runtime.core.event.DefaultEventPublisherSpec" time="0.206"/>
  <testcase name="Invoking an event by name in outside mode with a runnable listener" classname="org.codehaus.griffon.runtime.core.event.DefaultEventPublisherSpec" time="0.001"/>
  <testcase name="Invoking an event by name in synchronous mode with a Map listener (callable)" classname="org.codehaus.griffon.runtime.core.event.DefaultEventPublisherSpec" time="0.004"/>
  <testcase name="Invoking an event by name in asynchronous mode with a Map listener (callable)" classname="org.codehaus.griffon.runtime.core.event.DefaultEventPublisherSpec" time="0.202"/>
  <testcase name="Invoking an event by name in outside mode with a Map listener (callable)" classname="org.codehaus.griffon.runtime.core.event.DefaultEventPublisherSpec" time="0.002"/>
  <testcase name="Invoking an event by name in synchronous mode with a Map listener (runnable)" classname="org.codehaus.griffon.runtime.core.event.DefaultEventPublisherSpec" time="0.0"/>
  <testcase name="Invoking an event by name in asynchronous mode with a Map listener (runnable)" classname="org.codehaus.griffon.runtime.core.event.DefaultEventPublisherSpec" time="0.204"/>
  <testcase name="Invoking an event by name in outside mode with a Map listener (runnable)" classname="org.codehaus.griffon.runtime.core.event.DefaultEventPublisherSpec" time="0.001"/>
  <testcase name="Invoking an event by name in synchronous mode with a bean listener" classname="org.codehaus.griffon.runtime.core.event.DefaultEventPublisherSpec" time="0.007"/>
  <testcase name="Invoking an event by name in asynchronous mode with a bean listener" classname="org.codehaus.griffon.runtime.core.event.DefaultEventPublisherSpec" time="0.202"/>
  <testcase name="Invoking an event by name in outside mode with a bean listener" classname="org.codehaus.griffon.runtime.core.event.DefaultEventPublisherSpec" time="0.003"/>
  <testcase name="Invoking an event in synchronous mode with a callable listener" classname="org.codehaus.griffon.runtime.core.event.DefaultEventPublisherSpec" time="0.002"/>
  <testcase name="Invoking an event in asynchronous mode with a callable listener" classname="org.codehaus.griffon.runtime.core.event.DefaultEventPublisherSpec" time="0.217"/>
  <testcase name="Invoking an event in outside mode with a callable listener" classname="org.codehaus.griffon.runtime.core.event.DefaultEventPublisherSpec" time="0.002"/>
  <testcase name="Invoking an event in synchronous mode with a runnable listener" classname="org.codehaus.griffon.runtime.core.event.DefaultEventPublisherSpec" time="0.005"/>
  <testcase name="Invoking an event in asynchronous mode with a runnable listener" classname="org.codehaus.griffon.runtime.core.event.DefaultEventPublisherSpec" time="0.206"/>
  <testcase name="Invoking an event in outside mode with a runnable listener" classname="org.codehaus.griffon.runtime.core.event.DefaultEventPublisherSpec" time="0.001"/>
  <testcase name="Invoking an event in synchronous mode with a Map listener (callable)" classname="org.codehaus.griffon.runtime.core.event.DefaultEventPublisherSpec" time="0.001"/>
  <testcase name="Invoking an event in asynchronous mode with a Map listener (callable)" classname="org.codehaus.griffon.runtime.core.event.DefaultEventPublisherSpec" time="0.203"/>
  <testcase name="Invoking an event in outside mode with a Map listener (callable)" classname="org.codehaus.griffon.runtime.core.event.DefaultEventPublisherSpec" time="0.001"/>
  <testcase name="Invoking an event in synchronous mode with a Map listener (runnable)" classname="org.codehaus.griffon.runtime.core.event.DefaultEventPublisherSpec" time="0.001"/>
  <testcase name="Invoking an event in asynchronous mode with a Map listener (runnable)" classname="org.codehaus.griffon.runtime.core.event.DefaultEventPublisherSpec" time="0.221"/>
  <testcase name="Invoking an event in outside mode with a Map listener (runnable)" classname="org.codehaus.griffon.runtime.core.event.DefaultEventPublisherSpec" time="0.001"/>
  <testcase name="Register and unregister a callable listener by name" classname="org.codehaus.griffon.runtime.core.event.DefaultEventPublisherSpec" time="0.002"/>
  <testcase name="Register and unregister a runnable listener by name" classname="org.codehaus.griffon.runtime.core.event.DefaultEventPublisherSpec" time="0.002"/>
  <testcase name="Register and unregister a Map listener by name (callable)" classname="org.codehaus.griffon.runtime.core.event.DefaultEventPublisherSpec" time="0.002"/>
  <testcase name="Register and unregister a Map listener by name (runnable)" classname="org.codehaus.griffon.runtime.core.event.DefaultEventPublisherSpec" time="0.001"/>
  <testcase name="Register and unregister a callable listener" classname="org.codehaus.griffon.runtime.core.event.DefaultEventPublisherSpec" time="0.002"/>
  <testcase name="Register and unregister a runnable listener" classname="org.codehaus.griffon.runtime.core.event.DefaultEventPublisherSpec" time="0.002"/>
  <testcase name="Register and unregister a bean listener" classname="org.codehaus.griffon.runtime.core.event.DefaultEventPublisherSpec" time="0.002"/>
  <testcase name="Register and unregister a bean listener with nested listeners" classname="org.codehaus.griffon.runtime.core.event.DefaultEventPublisherSpec" time="0.016"/>
  <testcase name="Register and unregister an invalid bean listener" classname="org.codehaus.griffon.runtime.core.event.DefaultEventPublisherSpec" time="0.002"/>
  <testcase name="Triggering an event with event published disabled does not notify listener" classname="org.codehaus.griffon.runtime.core.event.DefaultEventPublisherSpec" time="0.001"/>
  <testcase name="Query existing listeners by event name" classname="org.codehaus.griffon.runtime.core.event.DefaultEventPublisherSpec" time="0.002"/>
  <system-out><![CDATA[]]></system-out>
  <system-err><![CDATA[[Test worker] DEBUG org.codehaus.griffon.runtime.core.event.AbstractEventRouter - Adding listener org.codehaus.griffon.runtime.core.event.DefaultEventPublisherSpec$TestCallableEventHandler on MyEvent1
[Test worker] DEBUG org.codehaus.griffon.runtime.core.event.AbstractEventRouter - Triggering event 'MyEvent1' synchronously
[Test worker] DEBUG org.codehaus.griffon.runtime.core.event.AbstractEventRouter - Triggering event 'MyEvent2' synchronously
[Test worker] DEBUG org.codehaus.griffon.runtime.core.event.AbstractEventRouter - Triggering event 'MyEvent1' synchronously
[Test worker] DEBUG org.codehaus.griffon.runtime.core.event.AbstractEventRouter - Triggering event 'MyEvent2' synchronously
[Test worker] DEBUG org.codehaus.griffon.runtime.core.event.AbstractEventRouter - Adding listener org.codehaus.griffon.runtime.core.event.DefaultEventPublisherSpec$TestCallableEventHandler on MyEvent1
[event-router-4-thread-1] DEBUG org.codehaus.griffon.runtime.core.event.AbstractEventRouter - Triggering event 'MyEvent1' asynchronously
[event-router-4-thread-1] DEBUG org.codehaus.griffon.runtime.core.event.AbstractEventRouter - Triggering event 'MyEvent1' asynchronously
[event-router-4-thread-1] DEBUG org.codehaus.griffon.runtime.core.event.AbstractEventRouter - Triggering event 'MyEvent2' asynchronously
[event-router-4-thread-2] DEBUG org.codehaus.griffon.runtime.core.event.AbstractEventRouter - Triggering event 'MyEvent2' asynchronously
[Test worker] DEBUG org.codehaus.griffon.runtime.core.event.AbstractEventRouter - Adding listener org.codehaus.griffon.runtime.core.event.DefaultEventPublisherSpec$TestCallableEventHandler on MyEvent1
[Test worker] DEBUG org.codehaus.griffon.runtime.core.event.AbstractEventRouter - Triggering event 'MyEvent1' outside UI
[Test worker] DEBUG org.codehaus.griffon.runtime.core.event.AbstractEventRouter - Triggering event 'MyEvent2' outside UI
[Test worker] DEBUG org.codehaus.griffon.runtime.core.event.AbstractEventRouter - Triggering event 'MyEvent1' outside UI
[Test worker] DEBUG org.codehaus.griffon.runtime.core.event.AbstractEventRouter - Triggering event 'MyEvent2' outside UI
[Test worker] DEBUG org.codehaus.griffon.runtime.core.event.AbstractEventRouter - Adding listener org.codehaus.griffon.runtime.core.event.DefaultEventPublisherSpec$TestRunnableEventHandler on MyEvent1
[Test worker] DEBUG org.codehaus.griffon.runtime.core.event.AbstractEventRouter - Triggering event 'MyEvent1' synchronously
[Test worker] DEBUG org.codehaus.griffon.runtime.core.event.AbstractEventRouter - Triggering event 'MyEvent2' synchronously
[Test worker] DEBUG org.codehaus.griffon.runtime.core.event.AbstractEventRouter - Adding listener org.codehaus.griffon.runtime.core.event.DefaultEventPublisherSpec$TestRunnableEventHandler on MyEvent1
[event-router-7-thread-1] DEBUG org.codehaus.griffon.runtime.core.event.AbstractEventRouter - Triggering event 'MyEvent1' asynchronously
[event-router-7-thread-2] DEBUG org.codehaus.griffon.runtime.core.event.AbstractEventRouter - Triggering event 'MyEvent2' asynchronously
[Test worker] DEBUG org.codehaus.griffon.runtime.core.event.AbstractEventRouter - Adding listener org.codehaus.griffon.runtime.core.event.DefaultEventPublisherSpec$TestRunnableEventHandler on MyEvent1
[Test worker] DEBUG org.codehaus.griffon.runtime.core.event.AbstractEventRouter - Triggering event 'MyEvent1' outside UI
[Test worker] DEBUG org.codehaus.griffon.runtime.core.event.AbstractEventRouter - Triggering event 'MyEvent2' outside UI
[Test worker] DEBUG org.codehaus.griffon.runtime.core.event.AbstractEventRouter - Adding listener org.codehaus.griffon.runtime.core.event.DefaultEventPublisherSpec$TestCallableEventHandler on MyEvent1
[Test worker] DEBUG org.codehaus.griffon.runtime.core.event.AbstractEventRouter - Triggering event 'MyEvent1' synchronously
[Test worker] DEBUG org.codehaus.griffon.runtime.core.event.AbstractEventRouter - Triggering event 'MyEvent2' synchronously
[Test worker] DEBUG org.codehaus.griffon.runtime.core.event.AbstractEventRouter - Adding listener org.codehaus.griffon.runtime.core.event.DefaultEventPublisherSpec$TestCallableEventHandler on MyEvent1
[event-router-10-thread-1] DEBUG org.codehaus.griffon.runtime.core.event.AbstractEventRouter - Triggering event 'MyEvent1' asynchronously
[event-router-10-thread-2] DEBUG org.codehaus.griffon.runtime.core.event.AbstractEventRouter - Triggering event 'MyEvent2' asynchronously
[Test worker] DEBUG org.codehaus.griffon.runtime.core.event.AbstractEventRouter - Adding listener org.codehaus.griffon.runtime.core.event.DefaultEventPublisherSpec$TestCallableEventHandler on MyEvent1
[Test worker] DEBUG org.codehaus.griffon.runtime.core.event.AbstractEventRouter - Triggering event 'MyEvent1' outside UI
[Test worker] DEBUG org.codehaus.griffon.runtime.core.event.AbstractEventRouter - Triggering event 'MyEvent2' outside UI
[Test worker] DEBUG org.codehaus.griffon.runtime.core.event.AbstractEventRouter - Adding listener org.codehaus.griffon.runtime.core.event.DefaultEventPublisherSpec$TestRunnableEventHandler on MyEvent1
[Test worker] DEBUG org.codehaus.griffon.runtime.core.event.AbstractEventRouter - Triggering event 'MyEvent1' synchronously
[Test worker] DEBUG org.codehaus.griffon.runtime.core.event.AbstractEventRouter - Triggering event 'MyEvent2' synchronously
[Test worker] DEBUG org.codehaus.griffon.runtime.core.event.AbstractEventRouter - Adding listener org.codehaus.griffon.runtime.core.event.DefaultEventPublisherSpec$TestRunnableEventHandler on MyEvent1
[event-router-13-thread-1] DEBUG org.codehaus.griffon.runtime.core.event.AbstractEventRouter - Triggering event 'MyEvent1' asynchronously
[event-router-13-thread-2] DEBUG org.codehaus.griffon.runtime.core.event.AbstractEventRouter - Triggering event 'MyEvent2' asynchronously
[Test worker] DEBUG org.codehaus.griffon.runtime.core.event.AbstractEventRouter - Adding listener org.codehaus.griffon.runtime.core.event.DefaultEventPublisherSpec$TestRunnableEventHandler on MyEvent1
[Test worker] DEBUG org.codehaus.griffon.runtime.core.event.AbstractEventRouter - Triggering event 'MyEvent1' outside UI
[Test worker] DEBUG org.codehaus.griffon.runtime.core.event.AbstractEventRouter - Triggering event 'MyEvent2' outside UI
[Test worker] DEBUG org.codehaus.griffon.runtime.core.event.AbstractEventRouter - Adding listener org.codehaus.griffon.runtime.core.event.DefaultEventPublisherSpec$EventHandler@580901da
[Test worker] DEBUG org.codehaus.griffon.runtime.core.event.AbstractEventRouter - Triggering event 'MyEvent1' synchronously
[Test worker] DEBUG org.codehaus.griffon.runtime.core.event.AbstractEventRouter - Triggering event 'MyEvent2' synchronously
[Test worker] DEBUG org.codehaus.griffon.runtime.core.event.AbstractEventRouter - Adding listener org.codehaus.griffon.runtime.core.event.DefaultEventPublisherSpec$EventHandler@6e6063e5
[event-router-16-thread-1] DEBUG org.codehaus.griffon.runtime.core.event.AbstractEventRouter - Triggering event 'MyEvent1' asynchronously
[event-router-16-thread-2] DEBUG org.codehaus.griffon.runtime.core.event.AbstractEventRouter - Triggering event 'MyEvent2' asynchronously
[Test worker] DEBUG org.codehaus.griffon.runtime.core.event.AbstractEventRouter - Adding listener org.codehaus.griffon.runtime.core.event.DefaultEventPublisherSpec$EventHandler@6b25cedb
[Test worker] DEBUG org.codehaus.griffon.runtime.core.event.AbstractEventRouter - Triggering event 'MyEvent1' outside UI
[Test worker] DEBUG org.codehaus.griffon.runtime.core.event.AbstractEventRouter - Triggering event 'MyEvent2' outside UI
[Test worker] DEBUG org.codehaus.griffon.runtime.core.event.AbstractEventRouter - Adding listener org.codehaus.griffon.runtime.core.event.DefaultEventPublisherSpec$TestCallableEventHandler on MyEvent1
[Test worker] DEBUG org.codehaus.griffon.runtime.core.event.AbstractEventRouter - Triggering event 'MyEvent1' synchronously
[Test worker] DEBUG org.codehaus.griffon.runtime.core.event.AbstractEventRouter - Triggering event 'MyEvent2' synchronously
[Test worker] DEBUG org.codehaus.griffon.runtime.core.event.AbstractEventRouter - Adding listener org.codehaus.griffon.runtime.core.event.DefaultEventPublisherSpec$TestCallableEventHandler on MyEvent1
[event-router-19-thread-1] DEBUG org.codehaus.griffon.runtime.core.event.AbstractEventRouter - Triggering event 'MyEvent1' asynchronously
[event-router-19-thread-2] DEBUG org.codehaus.griffon.runtime.core.event.AbstractEventRouter - Triggering event 'MyEvent2' asynchronously
[Test worker] DEBUG org.codehaus.griffon.runtime.core.event.AbstractEventRouter - Adding listener org.codehaus.griffon.runtime.core.event.DefaultEventPublisherSpec$TestCallableEventHandler on MyEvent1
[Test worker] DEBUG org.codehaus.griffon.runtime.core.event.AbstractEventRouter - Triggering event 'MyEvent1' outside UI
[Test worker] DEBUG org.codehaus.griffon.runtime.core.event.AbstractEventRouter - Triggering event 'MyEvent2' outside UI
[Test worker] DEBUG org.codehaus.griffon.runtime.core.event.AbstractEventRouter - Adding listener org.codehaus.griffon.runtime.core.event.DefaultEventPublisherSpec$TestRunnableEventHandler on MyEvent1
[Test worker] DEBUG org.codehaus.griffon.runtime.core.event.AbstractEventRouter - Triggering event 'MyEvent1' synchronously
[Test worker] DEBUG org.codehaus.griffon.runtime.core.event.AbstractEventRouter - Triggering event 'MyEvent2' synchronously
[Test worker] DEBUG org.codehaus.griffon.runtime.core.event.AbstractEventRouter - Adding listener org.codehaus.griffon.runtime.core.event.DefaultEventPublisherSpec$TestRunnableEventHandler on MyEvent1
[event-router-22-thread-1] DEBUG org.codehaus.griffon.runtime.core.event.AbstractEventRouter - Triggering event 'MyEvent1' asynchronously
[event-router-22-thread-2] DEBUG org.codehaus.griffon.runtime.core.event.AbstractEventRouter - Triggering event 'MyEvent2' asynchronously
[Test worker] DEBUG org.codehaus.griffon.runtime.core.event.AbstractEventRouter - Adding listener org.codehaus.griffon.runtime.core.event.DefaultEventPublisherSpec$TestRunnableEventHandler on MyEvent1
[Test worker] DEBUG org.codehaus.griffon.runtime.core.event.AbstractEventRouter - Triggering event 'MyEvent1' outside UI
[Test worker] DEBUG org.codehaus.griffon.runtime.core.event.AbstractEventRouter - Triggering event 'MyEvent2' outside UI
[Test worker] DEBUG org.codehaus.griffon.runtime.core.event.AbstractEventRouter - Adding listener org.codehaus.griffon.runtime.core.event.DefaultEventPublisherSpec$TestCallableEventHandler on MyEvent1
[Test worker] DEBUG org.codehaus.griffon.runtime.core.event.AbstractEventRouter - Triggering event 'MyEvent1' synchronously
[Test worker] DEBUG org.codehaus.griffon.runtime.core.event.AbstractEventRouter - Triggering event 'MyEvent2' synchronously
[Test worker] DEBUG org.codehaus.griffon.runtime.core.event.AbstractEventRouter - Adding listener org.codehaus.griffon.runtime.core.event.DefaultEventPublisherSpec$TestCallableEventHandler on MyEvent1
[event-router-25-thread-1] DEBUG org.codehaus.griffon.runtime.core.event.AbstractEventRouter - Triggering event 'MyEvent1' asynchronously
[event-router-25-thread-2] DEBUG org.codehaus.griffon.runtime.core.event.AbstractEventRouter - Triggering event 'MyEvent2' asynchronously
[Test worker] DEBUG org.codehaus.griffon.runtime.core.event.AbstractEventRouter - Adding listener org.codehaus.griffon.runtime.core.event.DefaultEventPublisherSpec$TestCallableEventHandler on MyEvent1
[Test worker] DEBUG org.codehaus.griffon.runtime.core.event.AbstractEventRouter - Triggering event 'MyEvent1' outside UI
[Test worker] DEBUG org.codehaus.griffon.runtime.core.event.AbstractEventRouter - Triggering event 'MyEvent2' outside UI
[Test worker] DEBUG org.codehaus.griffon.runtime.core.event.AbstractEventRouter - Adding listener org.codehaus.griffon.runtime.core.event.DefaultEventPublisherSpec$TestRunnableEventHandler on MyEvent1
[Test worker] DEBUG org.codehaus.griffon.runtime.core.event.AbstractEventRouter - Triggering event 'MyEvent1' synchronously
[Test worker] DEBUG org.codehaus.griffon.runtime.core.event.AbstractEventRouter - Triggering event 'MyEvent2' synchronously
[Test worker] DEBUG org.codehaus.griffon.runtime.core.event.AbstractEventRouter - Adding listener org.codehaus.griffon.runtime.core.event.DefaultEventPublisherSpec$TestRunnableEventHandler on MyEvent1
[event-router-28-thread-1] DEBUG org.codehaus.griffon.runtime.core.event.AbstractEventRouter - Triggering event 'MyEvent1' asynchronously
[event-router-28-thread-2] DEBUG org.codehaus.griffon.runtime.core.event.AbstractEventRouter - Triggering event 'MyEvent2' asynchronously
[Test worker] DEBUG org.codehaus.griffon.runtime.core.event.AbstractEventRouter - Adding listener org.codehaus.griffon.runtime.core.event.DefaultEventPublisherSpec$TestRunnableEventHandler on MyEvent1
[Test worker] DEBUG org.codehaus.griffon.runtime.core.event.AbstractEventRouter - Triggering event 'MyEvent1' outside UI
[Test worker] DEBUG org.codehaus.griffon.runtime.core.event.AbstractEventRouter - Triggering event 'MyEvent2' outside UI
[Test worker] DEBUG org.codehaus.griffon.runtime.core.event.AbstractEventRouter - Adding listener org.codehaus.griffon.runtime.core.event.DefaultEventPublisherSpec$TestCallableEventHandler on MyEvent1
[Test worker] DEBUG org.codehaus.griffon.runtime.core.event.AbstractEventRouter - Removing listener org.codehaus.griffon.runtime.core.event.DefaultEventPublisherSpec$TestCallableEventHandler on MyEvent1
[Test worker] DEBUG org.codehaus.griffon.runtime.core.event.AbstractEventRouter - Triggering event 'MyEvent1' synchronously
[Test worker] DEBUG org.codehaus.griffon.runtime.core.event.AbstractEventRouter - Triggering event 'MyEvent2' synchronously
[Test worker] DEBUG org.codehaus.griffon.runtime.core.event.AbstractEventRouter - Adding listener org.codehaus.griffon.runtime.core.event.DefaultEventPublisherSpec$TestRunnableEventHandler on MyEvent1
[Test worker] DEBUG org.codehaus.griffon.runtime.core.event.AbstractEventRouter - Removing listener org.codehaus.griffon.runtime.core.event.DefaultEventPublisherSpec$TestRunnableEventHandler on MyEvent1
[Test worker] DEBUG org.codehaus.griffon.runtime.core.event.AbstractEventRouter - Triggering event 'MyEvent1' synchronously
[Test worker] DEBUG org.codehaus.griffon.runtime.core.event.AbstractEventRouter - Triggering event 'MyEvent2' synchronously
[Test worker] DEBUG org.codehaus.griffon.runtime.core.event.AbstractEventRouter - Adding listener org.codehaus.griffon.runtime.core.event.DefaultEventPublisherSpec$TestCallableEventHandler on MyEvent1
[Test worker] DEBUG org.codehaus.griffon.runtime.core.event.AbstractEventRouter - Removing listener org.codehaus.griffon.runtime.core.event.DefaultEventPublisherSpec$TestCallableEventHandler on MyEvent1
[Test worker] DEBUG org.codehaus.griffon.runtime.core.event.AbstractEventRouter - Triggering event 'MyEvent1' synchronously
[Test worker] DEBUG org.codehaus.griffon.runtime.core.event.AbstractEventRouter - Triggering event 'MyEvent2' synchronously
[Test worker] DEBUG org.codehaus.griffon.runtime.core.event.AbstractEventRouter - Adding listener org.codehaus.griffon.runtime.core.event.DefaultEventPublisherSpec$TestRunnableEventHandler on MyEvent1
[Test worker] DEBUG org.codehaus.griffon.runtime.core.event.AbstractEventRouter - Removing listener org.codehaus.griffon.runtime.core.event.DefaultEventPublisherSpec$TestRunnableEventHandler on MyEvent1
[Test worker] DEBUG org.codehaus.griffon.runtime.core.event.AbstractEventRouter - Triggering event 'MyEvent1' synchronously
[Test worker] DEBUG org.codehaus.griffon.runtime.core.event.AbstractEventRouter - Triggering event 'MyEvent2' synchronously
[Test worker] DEBUG org.codehaus.griffon.runtime.core.event.AbstractEventRouter - Adding listener org.codehaus.griffon.runtime.core.event.DefaultEventPublisherSpec$TestCallableEventHandler on MyEvent1
[Test worker] DEBUG org.codehaus.griffon.runtime.core.event.AbstractEventRouter - Removing listener org.codehaus.griffon.runtime.core.event.DefaultEventPublisherSpec$TestCallableEventHandler on MyEvent1
[Test worker] DEBUG org.codehaus.griffon.runtime.core.event.AbstractEventRouter - Triggering event 'MyEvent1' synchronously
[Test worker] DEBUG org.codehaus.griffon.runtime.core.event.AbstractEventRouter - Triggering event 'MyEvent2' synchronously
[Test worker] DEBUG org.codehaus.griffon.runtime.core.event.AbstractEventRouter - Adding listener org.codehaus.griffon.runtime.core.event.DefaultEventPublisherSpec$TestRunnableEventHandler on MyEvent1
[Test worker] DEBUG org.codehaus.griffon.runtime.core.event.AbstractEventRouter - Removing listener org.codehaus.griffon.runtime.core.event.DefaultEventPublisherSpec$TestRunnableEventHandler on MyEvent1
[Test worker] DEBUG org.codehaus.griffon.runtime.core.event.AbstractEventRouter - Triggering event 'MyEvent1' synchronously
[Test worker] DEBUG org.codehaus.griffon.runtime.core.event.AbstractEventRouter - Triggering event 'MyEvent2' synchronously
[Test worker] DEBUG org.codehaus.griffon.runtime.core.event.AbstractEventRouter - Adding listener org.codehaus.griffon.runtime.core.event.DefaultEventPublisherSpec$EventHandler@29cd1521
[Test worker] DEBUG org.codehaus.griffon.runtime.core.event.AbstractEventRouter - Removing listener org.codehaus.griffon.runtime.core.event.DefaultEventPublisherSpec$EventHandler@29cd1521
[Test worker] DEBUG org.codehaus.griffon.runtime.core.event.AbstractEventRouter - Triggering event 'MyEvent1' synchronously
[Test worker] DEBUG org.codehaus.griffon.runtime.core.event.AbstractEventRouter - Triggering event 'MyEvent2' synchronously
[Test worker] DEBUG org.codehaus.griffon.runtime.core.event.AbstractEventRouter - Adding listener org.codehaus.griffon.runtime.core.event.Subject$1 on MyEvent1
[Test worker] DEBUG org.codehaus.griffon.runtime.core.event.AbstractEventRouter - Adding listener org.codehaus.griffon.runtime.core.event.Subject$2 on MyEvent2
[Test worker] DEBUG org.codehaus.griffon.runtime.core.event.AbstractEventRouter - Removing listener org.codehaus.griffon.runtime.core.event.Subject$1 on MyEvent1
[Test worker] DEBUG org.codehaus.griffon.runtime.core.event.AbstractEventRouter - Removing listener org.codehaus.griffon.runtime.core.event.Subject$2 on MyEvent2
[Test worker] DEBUG org.codehaus.griffon.runtime.core.event.AbstractEventRouter - Removing listener org.codehaus.griffon.runtime.core.event.Subject@55432ff4
[Test worker] DEBUG org.codehaus.griffon.runtime.core.event.AbstractEventRouter - Triggering event 'MyEvent1' synchronously
[Test worker] DEBUG org.codehaus.griffon.runtime.core.event.AbstractEventRouter - Triggering event 'MyEvent2' synchronously
[Test worker] DEBUG org.codehaus.griffon.runtime.core.event.AbstractEventRouter - Adding listener org.codehaus.griffon.runtime.core.event.DefaultEventPublisherSpec$TestRunnableEventHandler on MyEvent1
[Test worker] DEBUG org.codehaus.griffon.runtime.core.event.AbstractEventRouter - Adding listener org.codehaus.griffon.runtime.core.event.DefaultEventPublisherSpec$TestRunnableEventHandler on MyEvent2
[Test worker] DEBUG org.codehaus.griffon.runtime.core.event.AbstractEventRouter - Adding listener org.codehaus.griffon.runtime.core.event.DefaultEventPublisherSpec$EventHandler@51b45d4a
[Test worker] DEBUG org.codehaus.griffon.runtime.core.event.AbstractEventRouter - Adding listener org.codehaus.griffon.runtime.core.event.Subject$1 on MyEvent1
[Test worker] DEBUG org.codehaus.griffon.runtime.core.event.AbstractEventRouter - Adding listener org.codehaus.griffon.runtime.core.event.Subject$2 on MyEvent2
]]></system-err>
</testsuite>
