<?xml version="1.0" encoding="UTF-8"?>
<testsuite name="org.codehaus.griffon.runtime.util.XmlResourceBundleLoaderSpec" tests="4" skipped="0" failures="0" errors="0" timestamp="2017-04-21T14:28:16" hostname="testing-gce-709d8ada-b351-4ad2-a8d4-b7f3d8ef1725" time="0.064">
  <properties/>
  <testcase name="Load bundle and check string = string" classname="org.codehaus.griffon.runtime.util.XmlResourceBundleLoaderSpec" time="0.047"/>
  <testcase name="Load bundle and check integer = 42" classname="org.codehaus.griffon.runtime.util.XmlResourceBundleLoaderSpec" time="0.006"/>
  <testcase name="Load bundle and check keys.bar = bar" classname="org.codehaus.griffon.runtime.util.XmlResourceBundleLoaderSpec" time="0.006"/>
  <testcase name="Load bundle and check foo = dev" classname="org.codehaus.griffon.runtime.util.XmlResourceBundleLoaderSpec" time="0.004"/>
  <system-out><![CDATA[]]></system-out>
  <system-err><![CDATA[]]></system-err>
</testsuite>
