<?xml version="1.0" encoding="UTF-8"?>
<testsuite name="org.codehaus.griffon.runtime.core.resources.DefaultResourceResolverTests" tests="7" skipped="0" failures="0" errors="0" timestamp="2016-12-05T12:18:59" hostname="testing-gce-7db6f5a7-5649-469a-8795-d671c719877a" time="0.136">
  <properties/>
  <testcase name="exerciseFormatResource" classname="org.codehaus.griffon.runtime.core.resources.DefaultResourceResolverTests" time="0.022"/>
  <testcase name="resolveResourceValueWithReferencedKey" classname="org.codehaus.griffon.runtime.core.resources.DefaultResourceResolverTests" time="0.004"/>
  <testcase name="exerciseAllExceptionThrowingMethods" classname="org.codehaus.griffon.runtime.core.resources.DefaultResourceResolverTests" time="0.031"/>
  <testcase name="exerciseAllMethodsWithDefaultValue" classname="org.codehaus.griffon.runtime.core.resources.DefaultResourceResolverTests" time="0.01"/>
  <testcase name="resolveAllFormatsByProperties" classname="org.codehaus.griffon.runtime.core.resources.DefaultResourceResolverTests" time="0.006"/>
  <testcase name="exerciseAllMethodsWithConverter" classname="org.codehaus.griffon.runtime.core.resources.DefaultResourceResolverTests" time="0.03"/>
  <testcase name="resolveResourceFromCustomResourceResolver" classname="org.codehaus.griffon.runtime.core.resources.DefaultResourceResolverTests" time="0.026"/>
  <system-out><![CDATA[]]></system-out>
  <system-err><![CDATA[[Test worker] TRACE griffon.util.CompositeResourceBundle - Searching key=reference.key
[Test worker] TRACE griffon.util.CompositeResourceBundle - Bundle griffon.util.ExpandableResourceBundle@66e974dd; key=reference.key; value='@[referenced.key]'
[Test worker] TRACE griffon.util.CompositeResourceBundle - Searching key=referenced.key
[Test worker] TRACE griffon.util.CompositeResourceBundle - Bundle griffon.util.ExpandableResourceBundle@66e974dd; key=referenced.key; value='what's up doc?'
[Test worker] TRACE griffon.util.CompositeResourceBundle - Searching key=not.a.reference.key1
[Test worker] TRACE griffon.util.CompositeResourceBundle - Bundle griffon.util.ExpandableResourceBundle@66e974dd; key=not.a.reference.key1; value='@[NOT'
[Test worker] TRACE griffon.util.CompositeResourceBundle - Searching key=not.a.reference.key2
[Test worker] TRACE griffon.util.CompositeResourceBundle - Bundle griffon.util.ExpandableResourceBundle@66e974dd; key=not.a.reference.key2; value='NOT]'
[Test worker] TRACE griffon.util.CompositeResourceBundle - Searching key=not.a.reference.key3
[Test worker] TRACE griffon.util.CompositeResourceBundle - Bundle griffon.util.ExpandableResourceBundle@66e974dd; key=not.a.reference.key3; value='@[]'
[Test worker] TRACE griffon.util.CompositeResourceBundle - Searching key=bogus
[Test worker] TRACE griffon.util.CompositeResourceBundle - Searching key=bogus
[Test worker] TRACE griffon.util.CompositeResourceBundle - Searching key=bogus
[Test worker] TRACE griffon.util.CompositeResourceBundle - Searching key=bogus
[Test worker] TRACE griffon.util.CompositeResourceBundle - Searching key=bogus
[Test worker] TRACE griffon.util.CompositeResourceBundle - Searching key=bogus
[Test worker] TRACE griffon.util.CompositeResourceBundle - Searching key=bogus
[Test worker] TRACE griffon.util.CompositeResourceBundle - Searching key=bogus
[Test worker] TRACE griffon.util.CompositeResourceBundle - Searching key=bogus
[Test worker] TRACE griffon.util.CompositeResourceBundle - Searching key=bogus
[Test worker] TRACE griffon.util.CompositeResourceBundle - Searching key=bogus
[Test worker] TRACE griffon.util.CompositeResourceBundle - Searching key=bogus
[Test worker] TRACE griffon.util.CompositeResourceBundle - Searching key=bogus
[Test worker] TRACE griffon.util.CompositeResourceBundle - Searching key=bogus
[Test worker] TRACE griffon.util.CompositeResourceBundle - Searching key=bogus
[Test worker] TRACE griffon.util.CompositeResourceBundle - Searching key=bogus
[Test worker] TRACE griffon.util.CompositeResourceBundle - Searching key=bogus
[Test worker] TRACE griffon.util.CompositeResourceBundle - Searching key=bogus
[Test worker] TRACE griffon.util.CompositeResourceBundle - Searching key=bogus
[Test worker] TRACE griffon.util.CompositeResourceBundle - Searching key=bogus
[Test worker] TRACE griffon.util.CompositeResourceBundle - Searching key=bogus
[Test worker] TRACE griffon.util.CompositeResourceBundle - Searching key=bogus
[Test worker] TRACE griffon.util.CompositeResourceBundle - Searching key=bogus
[Test worker] TRACE griffon.util.CompositeResourceBundle - Searching key=bogus
[Test worker] TRACE griffon.util.CompositeResourceBundle - Searching key=bogus
[Test worker] TRACE griffon.util.CompositeResourceBundle - Searching key=bogus
[Test worker] TRACE griffon.util.CompositeResourceBundle - Searching key=bogus
[Test worker] TRACE griffon.util.CompositeResourceBundle - Searching key=bogus
[Test worker] TRACE griffon.util.CompositeResourceBundle - Searching key=bogus
[Test worker] TRACE griffon.util.CompositeResourceBundle - Searching key=bogus
[Test worker] TRACE griffon.util.CompositeResourceBundle - Searching key=bogus
[Test worker] TRACE griffon.util.CompositeResourceBundle - Searching key=bogus
[Test worker] TRACE griffon.util.CompositeResourceBundle - Searching key=healthy.proverb.index
[Test worker] TRACE griffon.util.CompositeResourceBundle - Bundle griffon.util.ExpandableResourceBundle@66e974dd; key=healthy.proverb.index; value='An {0} a day keeps the {1} away'
[Test worker] TRACE griffon.util.CompositeResourceBundle - Searching key=famous.quote.index
[Test worker] TRACE griffon.util.CompositeResourceBundle - Bundle griffon.util.ExpandableResourceBundle@66e974dd; key=famous.quote.index; value='This is {0}!'
[Test worker] TRACE griffon.util.CompositeResourceBundle - Searching key=healthy.proverb.index
[Test worker] TRACE griffon.util.CompositeResourceBundle - Bundle griffon.util.ExpandableResourceBundle@66e974dd; key=healthy.proverb.index; value='An {0} a day keeps the {1} away'
[Test worker] TRACE griffon.util.CompositeResourceBundle - Searching key=famous.quote.index
[Test worker] TRACE griffon.util.CompositeResourceBundle - Bundle griffon.util.ExpandableResourceBundle@66e974dd; key=famous.quote.index; value='This is {0}!'
[Test worker] TRACE griffon.util.CompositeResourceBundle - Searching key=healthy.proverb.map
[Test worker] TRACE griffon.util.CompositeResourceBundle - Bundle griffon.util.ExpandableResourceBundle@66e974dd; key=healthy.proverb.map; value='An {:fruit} a day keeps the {:occupation} away'
[Test worker] TRACE griffon.util.CompositeResourceBundle - Searching key=famous.quote.map
[Test worker] TRACE griffon.util.CompositeResourceBundle - Bundle griffon.util.ExpandableResourceBundle@66e974dd; key=famous.quote.map; value='This is {:location}!'
[Test worker] TRACE griffon.util.CompositeResourceBundle - Searching key=healthy.proverb.bogus
[Test worker] TRACE griffon.util.CompositeResourceBundle - Searching key=famous.quote.bogus
[Test worker] TRACE griffon.util.CompositeResourceBundle - Searching key=healthy.proverb.bogus
[Test worker] TRACE griffon.util.CompositeResourceBundle - Searching key=famous.quote.bogus
[Test worker] TRACE griffon.util.CompositeResourceBundle - Searching key=healthy.proverb.bogus
[Test worker] TRACE griffon.util.CompositeResourceBundle - Searching key=famous.quote.bogus
[Test worker] TRACE griffon.util.CompositeResourceBundle - Searching key=famous.quote.index
[Test worker] TRACE griffon.util.CompositeResourceBundle - Bundle griffon.util.ExpandableResourceBundle@66e974dd; key=famous.quote.index; value='This is {0}!'
[Test worker] TRACE griffon.util.CompositeResourceBundle - Searching key=famous.quote.index
[Test worker] TRACE griffon.util.CompositeResourceBundle - Bundle griffon.util.ExpandableResourceBundle@66e974dd; key=famous.quote.index; value='This is {0}!'
[Test worker] TRACE griffon.util.CompositeResourceBundle - Searching key=famous.quote.index
[Test worker] TRACE griffon.util.CompositeResourceBundle - Bundle griffon.util.ExpandableResourceBundle@66e974dd; key=famous.quote.index; value='This is {0}!'
[Test worker] TRACE griffon.util.CompositeResourceBundle - Searching key=famous.quote.index
[Test worker] TRACE griffon.util.CompositeResourceBundle - Bundle griffon.util.ExpandableResourceBundle@66e974dd; key=famous.quote.index; value='This is {0}!'
[Test worker] TRACE griffon.util.CompositeResourceBundle - Searching key=famous.quote.map
[Test worker] TRACE griffon.util.CompositeResourceBundle - Bundle griffon.util.ExpandableResourceBundle@66e974dd; key=famous.quote.map; value='This is {:location}!'
[Test worker] TRACE griffon.util.CompositeResourceBundle - Searching key=bogus
[Test worker] TRACE griffon.util.CompositeResourceBundle - Searching key=bogus
[Test worker] TRACE griffon.util.CompositeResourceBundle - Searching key=bogus
[Test worker] TRACE griffon.util.CompositeResourceBundle - Searching key=bogus
[Test worker] TRACE griffon.util.CompositeResourceBundle - Searching key=bogus
[Test worker] TRACE griffon.util.CompositeResourceBundle - Searching key=bogus
[Test worker] TRACE griffon.util.CompositeResourceBundle - Searching key=bogus
[Test worker] TRACE griffon.util.CompositeResourceBundle - Searching key=bogus
[Test worker] TRACE griffon.util.CompositeResourceBundle - Searching key=integer
[Test worker] TRACE griffon.util.CompositeResourceBundle - Bundle griffon.util.ExpandableResourceBundle@66e974dd; key=integer; value='42'
[Test worker] TRACE griffon.core.editors.PropertyEditorResolver - Searching PropertyEditor for java.lang.Integer
[Test worker] TRACE griffon.core.editors.PropertyEditorResolver - PropertyEditor for java.lang.Integer is griffon.core.editors.IntegerPropertyEditor
[Test worker] TRACE griffon.util.CompositeResourceBundle - Searching key=integer
[Test worker] TRACE griffon.util.CompositeResourceBundle - Bundle griffon.util.ExpandableResourceBundle@66e974dd; key=integer; value='42'
[Test worker] TRACE griffon.core.editors.PropertyEditorResolver - Searching PropertyEditor for java.lang.Integer
[Test worker] TRACE griffon.core.editors.PropertyEditorResolver - PropertyEditor for java.lang.Integer is griffon.core.editors.IntegerPropertyEditor
[Test worker] TRACE griffon.util.CompositeResourceBundle - Searching key=integer
[Test worker] TRACE griffon.util.CompositeResourceBundle - Bundle griffon.util.ExpandableResourceBundle@66e974dd; key=integer; value='42'
[Test worker] TRACE griffon.core.editors.PropertyEditorResolver - Searching PropertyEditor for java.lang.Integer
[Test worker] TRACE griffon.core.editors.PropertyEditorResolver - PropertyEditor for java.lang.Integer is griffon.core.editors.IntegerPropertyEditor
[Test worker] TRACE griffon.util.CompositeResourceBundle - Searching key=integer
[Test worker] TRACE griffon.util.CompositeResourceBundle - Bundle griffon.util.ExpandableResourceBundle@66e974dd; key=integer; value='42'
[Test worker] TRACE griffon.core.editors.PropertyEditorResolver - Searching PropertyEditor for java.lang.Integer
[Test worker] TRACE griffon.core.editors.PropertyEditorResolver - PropertyEditor for java.lang.Integer is griffon.core.editors.IntegerPropertyEditor
[Test worker] TRACE griffon.util.CompositeResourceBundle - Searching key=integer
[Test worker] TRACE griffon.util.CompositeResourceBundle - Bundle griffon.util.ExpandableResourceBundle@66e974dd; key=integer; value='42'
[Test worker] TRACE griffon.core.editors.PropertyEditorResolver - Searching PropertyEditor for java.lang.Integer
[Test worker] TRACE griffon.core.editors.PropertyEditorResolver - PropertyEditor for java.lang.Integer is griffon.core.editors.IntegerPropertyEditor
[Test worker] TRACE griffon.util.CompositeResourceBundle - Searching key=integer
[Test worker] TRACE griffon.util.CompositeResourceBundle - Bundle griffon.util.ExpandableResourceBundle@66e974dd; key=integer; value='42'
[Test worker] TRACE griffon.core.editors.PropertyEditorResolver - Searching PropertyEditor for java.lang.Integer
[Test worker] TRACE griffon.core.editors.PropertyEditorResolver - PropertyEditor for java.lang.Integer is griffon.core.editors.IntegerPropertyEditor
[Test worker] TRACE griffon.util.CompositeResourceBundle - Searching key=integer
[Test worker] TRACE griffon.util.CompositeResourceBundle - Bundle griffon.util.ExpandableResourceBundle@66e974dd; key=integer; value='42'
[Test worker] TRACE griffon.core.editors.PropertyEditorResolver - Searching PropertyEditor for java.lang.Integer
[Test worker] TRACE griffon.core.editors.PropertyEditorResolver - PropertyEditor for java.lang.Integer is griffon.core.editors.IntegerPropertyEditor
[Test worker] TRACE griffon.util.CompositeResourceBundle - Searching key=integer
[Test worker] TRACE griffon.util.CompositeResourceBundle - Bundle griffon.util.ExpandableResourceBundle@66e974dd; key=integer; value='42'
[Test worker] TRACE griffon.core.editors.PropertyEditorResolver - Searching PropertyEditor for java.lang.Integer
[Test worker] TRACE griffon.core.editors.PropertyEditorResolver - PropertyEditor for java.lang.Integer is griffon.core.editors.IntegerPropertyEditor
]]></system-err>
</testsuite>
