<?xml version="1.0" encoding="UTF-8"?>
<testsuite name="griffon.core.editors.FloatPropertyEditorSpec" tests="13" skipped="0" failures="0" errors="0" timestamp="2016-11-30T21:34:43" hostname="testing-gce-7b284da2-1dfc-4486-9403-0c3889a84a74" time="0.012">
  <properties/>
  <testcase name="Float literal 'null' with format 'null' should be equal to null" classname="griffon.core.editors.FloatPropertyEditorSpec" time="0.002"/>
  <testcase name="Float literal '' with format 'null' should be equal to null" classname="griffon.core.editors.FloatPropertyEditorSpec" time="0.0"/>
  <testcase name="Float literal '0.1' with format 'null' should be equal to 0.1" classname="griffon.core.editors.FloatPropertyEditorSpec" time="0.0"/>
  <testcase name="Float literal '10%' with format 'percent' should be equal to 0.1" classname="griffon.core.editors.FloatPropertyEditorSpec" time="0.002"/>
  <testcase name="Float literal '$0.10' with format 'currency' should be equal to 0.1" classname="griffon.core.editors.FloatPropertyEditorSpec" time="0.001"/>
  <testcase name="Float literal '0.1' with format 'null' should be equal to 0.1" classname="griffon.core.editors.FloatPropertyEditorSpec" time="0.0"/>
  <testcase name="Invalid float literal 'garbage'" classname="griffon.core.editors.FloatPropertyEditorSpec" time="0.0"/>
  <testcase name="Invalid float literal '1, 2, 3'" classname="griffon.core.editors.FloatPropertyEditorSpec" time="0.0"/>
  <testcase name="Invalid float literal '[]'" classname="griffon.core.editors.FloatPropertyEditorSpec" time="0.0"/>
  <testcase name="Invalid float literal '[1, 2, 3]'" classname="griffon.core.editors.FloatPropertyEditorSpec" time="0.0"/>
  <testcase name="Invalid float literal '[:]'" classname="griffon.core.editors.FloatPropertyEditorSpec" time="0.0"/>
  <testcase name="Invalid float literal '[key:value]'" classname="griffon.core.editors.FloatPropertyEditorSpec" time="0.001"/>
  <testcase name="Invalid float literal 'java.lang.Object@3872524a'" classname="griffon.core.editors.FloatPropertyEditorSpec" time="0.001"/>
  <system-out><![CDATA[]]></system-out>
  <system-err><![CDATA[]]></system-err>
</testsuite>
