<?xml version="1.0" encoding="UTF-8"?>
<testsuite name="org.codehaus.griffon.runtime.util.PropertiesResourceBundleLoaderSpec" tests="4" skipped="0" failures="0" errors="0" timestamp="2017-03-17T14:23:29" hostname="testing-gce-75ed6e9d-e4b3-4b02-8ab7-c4f1ce2024ac" time="0.035">
  <properties/>
  <testcase name="Load bundle and check string = string" classname="org.codehaus.griffon.runtime.util.PropertiesResourceBundleLoaderSpec" time="0.027"/>
  <testcase name="Load bundle and check integer = 42" classname="org.codehaus.griffon.runtime.util.PropertiesResourceBundleLoaderSpec" time="0.004"/>
  <testcase name="Load bundle and check keys.bar = bar" classname="org.codehaus.griffon.runtime.util.PropertiesResourceBundleLoaderSpec" time="0.001"/>
  <testcase name="Load bundle and check foo = dev" classname="org.codehaus.griffon.runtime.util.PropertiesResourceBundleLoaderSpec" time="0.002"/>
  <system-out><![CDATA[[keys.bar, string, foo, integer]
[keys.bar, string, foo, integer]
[keys.bar, string, foo, integer]
[keys.bar, string, foo, integer]
]]></system-out>
  <system-err><![CDATA[]]></system-err>
</testsuite>
