<?xml version="1.0" encoding="UTF-8"?>
<testsuite name="griffon.core.ObservableContextSpec" tests="3" skipped="0" failures="0" errors="0" timestamp="2016-11-30T19:22:24" hostname="testing-gce-a869d1a4-1603-4102-8e5d-778a0cbc1838" time="0.025">
  <properties/>
  <testcase name="Exercise listener methods" classname="griffon.core.ObservableContextSpec" time="0.008"/>
  <testcase name="Listen to context events" classname="griffon.core.ObservableContextSpec" time="0.016"/>
  <testcase name="listen to lateral context events" classname="griffon.core.ObservableContextSpec" time="0.001"/>
  <system-out><![CDATA[]]></system-out>
  <system-err><![CDATA[]]></system-err>
</testsuite>
