<?xml version="1.0" encoding="UTF-8"?>
<testsuite name="griffon.core.formatters.BigDecimalFormatterSpec" tests="11" skipped="0" failures="0" errors="0" timestamp="2016-12-02T17:22:37" hostname="testing-gce-b7bef7dc-c5f5-4a45-999f-a3a47e3215e0" time="0.022">
  <properties/>
  <testcase name="BigDecimal '100' produces literal '100'" classname="griffon.core.formatters.BigDecimalFormatterSpec" time="0.012"/>
  <testcase name="BigDecimal 'null' with pattern 'currency' produces literal 'null'" classname="griffon.core.formatters.BigDecimalFormatterSpec" time="0.0"/>
  <testcase name="BigDecimal 'null' with pattern 'percent' produces literal 'null'" classname="griffon.core.formatters.BigDecimalFormatterSpec" time="0.0"/>
  <testcase name="BigDecimal '100' with pattern 'currency' produces literal '$100.00'" classname="griffon.core.formatters.BigDecimalFormatterSpec" time="0.002"/>
  <testcase name="BigDecimal '1' with pattern 'percent' produces literal '100%'" classname="griffon.core.formatters.BigDecimalFormatterSpec" time="0.0"/>
  <testcase name="BigDecimal '100' with pattern 'null' produces literal '100'" classname="griffon.core.formatters.BigDecimalFormatterSpec" time="0.001"/>
  <testcase name="BigDecimal '100' with pattern '' produces literal '100'" classname="griffon.core.formatters.BigDecimalFormatterSpec" time="0.001"/>
  <testcase name="BigDecimal '20' with pattern '##.0' produces literal '20.0'" classname="griffon.core.formatters.BigDecimalFormatterSpec" time="0.001"/>
  <testcase name="Parse error for pattern 'currency' with literal 'abc'" classname="griffon.core.formatters.BigDecimalFormatterSpec" time="0.001"/>
  <testcase name="Parse error for pattern 'percent' with literal 'abc'" classname="griffon.core.formatters.BigDecimalFormatterSpec" time="0.0"/>
  <testcase name="Illegal pattern ';garbage*@%&amp;'" classname="griffon.core.formatters.BigDecimalFormatterSpec" time="0.0"/>
  <system-out><![CDATA[]]></system-out>
  <system-err><![CDATA[]]></system-err>
</testsuite>
