<?xml version="1.0" encoding="UTF-8"?>
<testsuite name="griffon.core.editors.FilePropertyEditorSpec" tests="9" skipped="0" failures="0" errors="0" timestamp="2017-01-24T15:08:49" hostname="testing-gce-c5816687-57b7-485e-9092-6db662983d3d" time="0.003">
  <properties/>
  <testcase name="File literal 'null' should be equal to null" classname="griffon.core.editors.FilePropertyEditorSpec" time="0.001"/>
  <testcase name="File literal '' should be equal to null" classname="griffon.core.editors.FilePropertyEditorSpec" time="0.0"/>
  <testcase name="File literal ' ' should be equal to null" classname="griffon.core.editors.FilePropertyEditorSpec" time="0.0"/>
  <testcase name="File literal '.' should be equal to ." classname="griffon.core.editors.FilePropertyEditorSpec" time="0.0"/>
  <testcase name="Invalid file literal '[]'" classname="griffon.core.editors.FilePropertyEditorSpec" time="0.0"/>
  <testcase name="Invalid file literal '[1, 2, 3]'" classname="griffon.core.editors.FilePropertyEditorSpec" time="0.0"/>
  <testcase name="Invalid file literal '[:]'" classname="griffon.core.editors.FilePropertyEditorSpec" time="0.0"/>
  <testcase name="Invalid file literal '[key:value]'" classname="griffon.core.editors.FilePropertyEditorSpec" time="0.0"/>
  <testcase name="Invalid file literal 'java.lang.Object@71f07591'" classname="griffon.core.editors.FilePropertyEditorSpec" time="0.0"/>
  <system-out><![CDATA[]]></system-out>
  <system-err><![CDATA[]]></system-err>
</testsuite>
