<?xml version="1.0" encoding="UTF-8"?>
<testsuite name="griffon.core.formatters.BigDecimalFormatterSpec" tests="11" skipped="0" failures="0" errors="0" timestamp="2016-12-05T10:39:49" hostname="testing-gce-189093d2-39ca-4652-aec9-ff08f5b8a81f" time="0.015">
  <properties/>
  <testcase name="BigDecimal '100' produces literal '100'" classname="griffon.core.formatters.BigDecimalFormatterSpec" time="0.006"/>
  <testcase name="BigDecimal 'null' with pattern 'currency' produces literal 'null'" classname="griffon.core.formatters.BigDecimalFormatterSpec" time="0.001"/>
  <testcase name="BigDecimal 'null' with pattern 'percent' produces literal 'null'" classname="griffon.core.formatters.BigDecimalFormatterSpec" time="0.0"/>
  <testcase name="BigDecimal '100' with pattern 'currency' produces literal '$100.00'" classname="griffon.core.formatters.BigDecimalFormatterSpec" time="0.001"/>
  <testcase name="BigDecimal '1' with pattern 'percent' produces literal '100%'" classname="griffon.core.formatters.BigDecimalFormatterSpec" time="0.0"/>
  <testcase name="BigDecimal '100' with pattern 'null' produces literal '100'" classname="griffon.core.formatters.BigDecimalFormatterSpec" time="0.001"/>
  <testcase name="BigDecimal '100' with pattern '' produces literal '100'" classname="griffon.core.formatters.BigDecimalFormatterSpec" time="0.001"/>
  <testcase name="BigDecimal '20' with pattern '##.0' produces literal '20.0'" classname="griffon.core.formatters.BigDecimalFormatterSpec" time="0.001"/>
  <testcase name="Parse error for pattern 'currency' with literal 'abc'" classname="griffon.core.formatters.BigDecimalFormatterSpec" time="0.0"/>
  <testcase name="Parse error for pattern 'percent' with literal 'abc'" classname="griffon.core.formatters.BigDecimalFormatterSpec" time="0.0"/>
  <testcase name="Illegal pattern ';garbage*@%&amp;'" classname="griffon.core.formatters.BigDecimalFormatterSpec" time="0.001"/>
  <system-out><![CDATA[]]></system-out>
  <system-err><![CDATA[]]></system-err>
</testsuite>
