<?xml version="1.0" encoding="UTF-8"?>
<testsuite name="org.codehaus.griffon.runtime.core.controller.NoopActionManagerSpec" tests="1" skipped="0" failures="0" errors="0" timestamp="2017-03-13T20:18:36" hostname="testing-gce-5deeb444-989e-4d84-a4f8-95fc960493bd" time="0.009">
  <properties/>
  <testcase name="Verify NoopActionManager" classname="org.codehaus.griffon.runtime.core.controller.NoopActionManagerSpec" time="0.009"/>
  <system-out><![CDATA[]]></system-out>
  <system-err><![CDATA[]]></system-err>
</testsuite>
