<?xml version="1.0" encoding="UTF-8"?>
<testsuite name="griffon.util.CollectionUtilsTest" tests="4" skipped="0" failures="0" errors="0" timestamp="2017-04-28T12:49:44" hostname="testing-docker-929acd7b-76bf-4253-9fc4-85722f6f076e" time="0.079">
  <properties/>
  <testcase name="testListBuilderAndDelegate" classname="griffon.util.CollectionUtilsTest" time="0.021"/>
  <testcase name="testMapBuilderAdDelegate" classname="griffon.util.CollectionUtilsTest" time="0.029"/>
  <testcase name="testSetBuilderAndDelegate" classname="griffon.util.CollectionUtilsTest" time="0.013"/>
  <testcase name="testToPropertiesDeep" classname="griffon.util.CollectionUtilsTest" time="0.015"/>
  <system-out><![CDATA[]]></system-out>
  <system-err><![CDATA[]]></system-err>
</testsuite>
