<?xml version="1.0" encoding="UTF-8"?>
<testsuite name="griffon.core.editors.BooleanPropertyEditorSpec" tests="17" skipped="0" failures="0" errors="0" timestamp="2016-12-11T15:49:35" hostname="testing-gce-18adfb53-c7e7-4c64-b9fb-dc55c9634d20" time="0.015">
  <properties/>
  <testcase name="Boolean literal 'null' with format 'null' should be equal to null" classname="griffon.core.editors.BooleanPropertyEditorSpec" time="0.003"/>
  <testcase name="Boolean literal '' with format 'null' should be equal to null" classname="griffon.core.editors.BooleanPropertyEditorSpec" time="0.001"/>
  <testcase name="Boolean literal 'true' with format 'null' should be equal to true" classname="griffon.core.editors.BooleanPropertyEditorSpec" time="0.0"/>
  <testcase name="Boolean literal 'false' with format 'null' should be equal to false" classname="griffon.core.editors.BooleanPropertyEditorSpec" time="0.0"/>
  <testcase name="Boolean literal 'true' with format 'null' should be equal to true" classname="griffon.core.editors.BooleanPropertyEditorSpec" time="0.0"/>
  <testcase name="Boolean literal 'false' with format 'null' should be equal to false" classname="griffon.core.editors.BooleanPropertyEditorSpec" time="0.001"/>
  <testcase name="Boolean literal 'true' with format 'boolean' should be equal to true" classname="griffon.core.editors.BooleanPropertyEditorSpec" time="0.0"/>
  <testcase name="Boolean literal 'false' with format 'boolean' should be equal to false" classname="griffon.core.editors.BooleanPropertyEditorSpec" time="0.0"/>
  <testcase name="Boolean literal 'yes' with format 'query' should be equal to true" classname="griffon.core.editors.BooleanPropertyEditorSpec" time="0.0"/>
  <testcase name="Boolean literal 'no' with format 'query' should be equal to false" classname="griffon.core.editors.BooleanPropertyEditorSpec" time="0.0"/>
  <testcase name="Boolean literal 'on' with format 'switch' should be equal to true" classname="griffon.core.editors.BooleanPropertyEditorSpec" time="0.001"/>
  <testcase name="Boolean literal 'off' with format 'switch' should be equal to false" classname="griffon.core.editors.BooleanPropertyEditorSpec" time="0.001"/>
  <testcase name="Invalid boolean literal '[]'" classname="griffon.core.editors.BooleanPropertyEditorSpec" time="0.001"/>
  <testcase name="Invalid boolean literal '[1, 2, 3]'" classname="griffon.core.editors.BooleanPropertyEditorSpec" time="0.0"/>
  <testcase name="Invalid boolean literal '[:]'" classname="griffon.core.editors.BooleanPropertyEditorSpec" time="0.0"/>
  <testcase name="Invalid boolean literal '[key:value]'" classname="griffon.core.editors.BooleanPropertyEditorSpec" time="0.001"/>
  <testcase name="Invalid boolean literal 'java.lang.Object@5a3cee0b'" classname="griffon.core.editors.BooleanPropertyEditorSpec" time="0.0"/>
  <system-out><![CDATA[]]></system-out>
  <system-err><![CDATA[]]></system-err>
</testsuite>
