<?xml version="1.0" encoding="UTF-8"?>
<testsuite name="griffon.core.editors.PropertyEditorResolverSpec" tests="7" skipped="0" failures="0" errors="0" timestamp="2017-04-07T21:43:39" hostname="testing-gce-648e5267-8028-453c-896a-9b2edc21c03a" time="0.022">
  <properties/>
  <testcase name="PropertyEditor for type class griffon.core.editors.Numbers should be class griffon.core.editors.EnumPropertyEditor" classname="griffon.core.editors.PropertyEditorResolverSpec" time="0.002"/>
  <testcase name="PropertyEditor for type class java.lang.String should be class griffon.core.editors.StringPropertyEditor" classname="griffon.core.editors.PropertyEditorResolverSpec" time="0.0"/>
  <testcase name="PropertyEditor at index 0 is called (value)" classname="griffon.core.editors.PropertyEditorResolverSpec" time="0.012"/>
  <testcase name="PropertyEditor at index 1 is called (value)" classname="griffon.core.editors.PropertyEditorResolverSpec" time="0.001"/>
  <testcase name="PropertyEditor at index 0 is called (text)" classname="griffon.core.editors.PropertyEditorResolverSpec" time="0.001"/>
  <testcase name="Register and unregister an editor class" classname="griffon.core.editors.PropertyEditorResolverSpec" time="0.002"/>
  <testcase name="Register non-null and null editor for the same target class" classname="griffon.core.editors.PropertyEditorResolverSpec" time="0.001"/>
  <system-out><![CDATA[]]></system-out>
  <system-err><![CDATA[[Test worker] TRACE griffon.core.editors.PropertyEditorResolver - Searching PropertyEditor for griffon.core.editors.Numbers
[Test worker] TRACE griffon.core.editors.PropertyEditorResolver - PropertyEditor for griffon.core.editors.Numbers is griffon.core.editors.EnumPropertyEditor
[Test worker] TRACE griffon.core.editors.PropertyEditorResolver - Searching PropertyEditor for java.lang.String
[Test worker] TRACE griffon.core.editors.PropertyEditorResolver - PropertyEditor for java.lang.String is griffon.core.editors.StringPropertyEditor
[Test worker] TRACE griffon.core.editors.PropertyEditorResolver - Searching PropertyEditor for java.lang.Object
[Test worker] TRACE griffon.core.editors.PropertyEditorResolver - PropertyEditor for java.lang.Object is griffon.core.editors.PropertyEditorChain
[Test worker] TRACE griffon.core.editors.PropertyEditorResolver - Searching PropertyEditor for java.lang.Object
[Test worker] TRACE griffon.core.editors.PropertyEditorResolver - PropertyEditor for java.lang.Object is griffon.core.editors.PropertyEditorChain
[Test worker] TRACE griffon.core.editors.PropertyEditorResolver - Searching PropertyEditor for java.lang.Object
[Test worker] TRACE griffon.core.editors.PropertyEditorResolver - PropertyEditor for java.lang.Object is griffon.core.editors.PropertyEditorChain
[Test worker] TRACE griffon.core.editors.PropertyEditorResolver - Searching PropertyEditor for java.lang.Object
[Test worker] TRACE griffon.core.editors.PropertyEditorResolver - PropertyEditor for java.lang.Object is griffon.core.editors.PropertyEditorResolverSpec$APropertyEditor
[Test worker] TRACE griffon.core.editors.PropertyEditorResolver - Searching PropertyEditor for java.lang.Object
[Test worker] TRACE griffon.core.editors.PropertyEditorResolver - PropertyEditor for java.lang.Object is griffon.core.editors.PropertyEditorResolverSpec$APropertyEditor
]]></system-err>
</testsuite>
