<?xml version="1.0" encoding="UTF-8"?>
<testsuite name="org.codehaus.griffon.runtime.util.ClassResourceBundleLoaderSpec" tests="4" skipped="0" failures="0" errors="0" timestamp="2017-04-07T21:31:08" hostname="testing-gce-5d4cb8fc-d966-46b1-be13-5dd5cd7e3fa9" time="0.037">
  <properties/>
  <testcase name="Load bundle and check string = string" classname="org.codehaus.griffon.runtime.util.ClassResourceBundleLoaderSpec" time="0.032"/>
  <testcase name="Load bundle and check integer = 42" classname="org.codehaus.griffon.runtime.util.ClassResourceBundleLoaderSpec" time="0.001"/>
  <testcase name="Load bundle and check keys.bar = bar" classname="org.codehaus.griffon.runtime.util.ClassResourceBundleLoaderSpec" time="0.0"/>
  <testcase name="Load bundle and check foo = dev" classname="org.codehaus.griffon.runtime.util.ClassResourceBundleLoaderSpec" time="0.002"/>
  <system-out><![CDATA[[string, integer, keys.bar, foo]
[string, integer, keys.bar, foo]
[string, integer, keys.bar, foo]
[string, integer, keys.bar, foo]
]]></system-out>
  <system-err><![CDATA[]]></system-err>
</testsuite>
