<?xml version="1.0" encoding="UTF-8"?>
<testsuite name="griffon.core.editors.FilePropertyEditorSpec" tests="9" skipped="0" failures="0" errors="0" timestamp="2017-02-27T16:56:44" hostname="testing-gce-42c31fda-833f-42ec-a8cd-e409c16e7131" time="0.003">
  <properties/>
  <testcase name="File literal 'null' should be equal to null" classname="griffon.core.editors.FilePropertyEditorSpec" time="0.002"/>
  <testcase name="File literal '' should be equal to null" classname="griffon.core.editors.FilePropertyEditorSpec" time="0.0"/>
  <testcase name="File literal ' ' should be equal to null" classname="griffon.core.editors.FilePropertyEditorSpec" time="0.0"/>
  <testcase name="File literal '.' should be equal to ." classname="griffon.core.editors.FilePropertyEditorSpec" time="0.0"/>
  <testcase name="Invalid file literal '[]'" classname="griffon.core.editors.FilePropertyEditorSpec" time="0.0"/>
  <testcase name="Invalid file literal '[1, 2, 3]'" classname="griffon.core.editors.FilePropertyEditorSpec" time="0.001"/>
  <testcase name="Invalid file literal '[:]'" classname="griffon.core.editors.FilePropertyEditorSpec" time="0.0"/>
  <testcase name="Invalid file literal '[key:value]'" classname="griffon.core.editors.FilePropertyEditorSpec" time="0.0"/>
  <testcase name="Invalid file literal 'java.lang.Object@65c9e655'" classname="griffon.core.editors.FilePropertyEditorSpec" time="0.0"/>
  <system-out><![CDATA[]]></system-out>
  <system-err><![CDATA[]]></system-err>
</testsuite>
