<?xml version="1.0" encoding="UTF-8"?>
<testsuite name="org.codehaus.griffon.runtime.util.DefaultCompositeResourceBundleBuilderSpec" tests="6" skipped="0" failures="0" errors="0" timestamp="2017-04-28T12:49:54" hostname="testing-docker-929acd7b-76bf-4253-9fc4-85722f6f076e" time="0.038">
  <properties/>
  <testcase name="Create throws class java.lang.IllegalArgumentException" classname="org.codehaus.griffon.runtime.util.DefaultCompositeResourceBundleBuilderSpec" time="0.034"/>
  <testcase name="Create throws class java.lang.NullPointerException" classname="org.codehaus.griffon.runtime.util.DefaultCompositeResourceBundleBuilderSpec" time="0.001"/>
  <testcase name="Create throws class java.lang.IllegalArgumentException" classname="org.codehaus.griffon.runtime.util.DefaultCompositeResourceBundleBuilderSpec" time="0.001"/>
  <testcase name="Excercise bundle creation with org.codehaus.griffon.runtime.util.NotFoundBundle" classname="org.codehaus.griffon.runtime.util.DefaultCompositeResourceBundleBuilderSpec" time="0.001"/>
  <testcase name="Excercise bundle creation with org.codehaus.griffon.runtime.util.NotABundle" classname="org.codehaus.griffon.runtime.util.DefaultCompositeResourceBundleBuilderSpec" time="0.001"/>
  <testcase name="Excercise bundle creation with org.codehaus.griffon.runtime.util.BrokenBundle" classname="org.codehaus.griffon.runtime.util.DefaultCompositeResourceBundleBuilderSpec" time="0.0"/>
  <system-out><![CDATA[]]></system-out>
  <system-err><![CDATA[[Test worker] DEBUG griffon.util.AnnotationUtils - computed resource bundle loader order is []
[Test worker] DEBUG griffon.util.AnnotationUtils - computed resource bundle loader order is []
[Test worker] DEBUG griffon.util.AnnotationUtils - computed resource bundle loader order is []
[Test worker] DEBUG griffon.util.AnnotationUtils - computed resource bundle loader order is []
]]></system-err>
</testsuite>
