<?xml version="1.0" encoding="UTF-8"?>
<testsuite name="org.codehaus.griffon.runtime.util.PropertiesResourceBundleLoaderSpec" tests="4" skipped="0" failures="0" errors="0" timestamp="2017-03-13T20:04:32" hostname="testing-gce-b8b399cf-2944-40b7-9ac2-ba08b6394ae0" time="0.032">
  <properties/>
  <testcase name="Load bundle and check string = string" classname="org.codehaus.griffon.runtime.util.PropertiesResourceBundleLoaderSpec" time="0.026"/>
  <testcase name="Load bundle and check integer = 42" classname="org.codehaus.griffon.runtime.util.PropertiesResourceBundleLoaderSpec" time="0.002"/>
  <testcase name="Load bundle and check keys.bar = bar" classname="org.codehaus.griffon.runtime.util.PropertiesResourceBundleLoaderSpec" time="0.001"/>
  <testcase name="Load bundle and check foo = dev" classname="org.codehaus.griffon.runtime.util.PropertiesResourceBundleLoaderSpec" time="0.001"/>
  <system-out><![CDATA[[keys.bar, string, foo, integer]
[keys.bar, string, foo, integer]
[keys.bar, string, foo, integer]
[keys.bar, string, foo, integer]
]]></system-out>
  <system-err><![CDATA[]]></system-err>
</testsuite>
