<?xml version="1.0" encoding="UTF-8"?>
<testsuite name="org.codehaus.griffon.runtime.core.artifact.GriffonArtifactSpec" tests="25" skipped="0" failures="0" errors="0" timestamp="2016-11-14T15:58:28" hostname="testing-gce-262b1400-de9e-4b35-b7a9-cd4d4f40eb7e" time="1.07">
  <properties/>
  <testcase name="Bootstrap application" classname="org.codehaus.griffon.runtime.core.artifact.GriffonArtifactSpec" time="0.697"/>
  <testcase name="Verify withMvcGroup(type , handler)" classname="org.codehaus.griffon.runtime.core.artifact.GriffonArtifactSpec" time="0.046"/>
  <testcase name="Verify withMvcGroup(type, id , handler)" classname="org.codehaus.griffon.runtime.core.artifact.GriffonArtifactSpec" time="0.017"/>
  <testcase name="Verify withMvcGroup(type, id, map , handler)" classname="org.codehaus.griffon.runtime.core.artifact.GriffonArtifactSpec" time="0.034"/>
  <testcase name="Verify withMvcGroup(type, map , handler)" classname="org.codehaus.griffon.runtime.core.artifact.GriffonArtifactSpec" time="0.025"/>
  <testcase name="Verify withMvcGroup(map, type, id , handler)" classname="org.codehaus.griffon.runtime.core.artifact.GriffonArtifactSpec" time="0.024"/>
  <testcase name="Verify withMvcGroup(map, type , handler)" classname="org.codehaus.griffon.runtime.core.artifact.GriffonArtifactSpec" time="0.024"/>
  <testcase name="Verify createMVCGroup(type)" classname="org.codehaus.griffon.runtime.core.artifact.GriffonArtifactSpec" time="0.016"/>
  <testcase name="Verify createMVCGroup(type, id)" classname="org.codehaus.griffon.runtime.core.artifact.GriffonArtifactSpec" time="0.012"/>
  <testcase name="Verify createMVCGroup(type, map)" classname="org.codehaus.griffon.runtime.core.artifact.GriffonArtifactSpec" time="0.016"/>
  <testcase name="Verify createMVCGroup(map, type)" classname="org.codehaus.griffon.runtime.core.artifact.GriffonArtifactSpec" time="0.012"/>
  <testcase name="Verify createMVCGroup(type, id, map)" classname="org.codehaus.griffon.runtime.core.artifact.GriffonArtifactSpec" time="0.01"/>
  <testcase name="Verify createMVCGroup(map, type, id)" classname="org.codehaus.griffon.runtime.core.artifact.GriffonArtifactSpec" time="0.014"/>
  <testcase name="Verify createMVC(type)" classname="org.codehaus.griffon.runtime.core.artifact.GriffonArtifactSpec" time="0.021"/>
  <testcase name="Verify createMVC(type, id)" classname="org.codehaus.griffon.runtime.core.artifact.GriffonArtifactSpec" time="0.015"/>
  <testcase name="Verify createMVC(type, map)" classname="org.codehaus.griffon.runtime.core.artifact.GriffonArtifactSpec" time="0.018"/>
  <testcase name="Verify createMVC(map, type)" classname="org.codehaus.griffon.runtime.core.artifact.GriffonArtifactSpec" time="0.016"/>
  <testcase name="Verify createMVC(type, id, map)" classname="org.codehaus.griffon.runtime.core.artifact.GriffonArtifactSpec" time="0.01"/>
  <testcase name="Verify createMVC(map, type, id)" classname="org.codehaus.griffon.runtime.core.artifact.GriffonArtifactSpec" time="0.01"/>
  <testcase name="Verify destroyMVCGroup(id)" classname="org.codehaus.griffon.runtime.core.artifact.GriffonArtifactSpec" time="0.009"/>
  <testcase name="Execute runnable inside UI sync" classname="org.codehaus.griffon.runtime.core.artifact.GriffonArtifactSpec" time="0.008"/>
  <testcase name="Execute runnable inside UI async" classname="org.codehaus.griffon.runtime.core.artifact.GriffonArtifactSpec" time="0.002"/>
  <testcase name="Execute runnable outside UI" classname="org.codehaus.griffon.runtime.core.artifact.GriffonArtifactSpec" time="0.008"/>
  <testcase name="Execute future" classname="org.codehaus.griffon.runtime.core.artifact.GriffonArtifactSpec" time="0.003"/>
  <testcase name="Execute future with ExecutorService" classname="org.codehaus.griffon.runtime.core.artifact.GriffonArtifactSpec" time="0.003"/>
  <system-out><![CDATA[]]></system-out>
  <system-err><![CDATA[[Test worker] INFO org.codehaus.griffon.runtime.core.DefaultApplicationBootstrapper - Griffon 2.9.0-SNAPSHOT
[Test worker] INFO org.codehaus.griffon.runtime.core.DefaultApplicationBootstrapper - Build: 2016-11-14T15:56:18.309+0000
[Test worker] INFO org.codehaus.griffon.runtime.core.DefaultApplicationBootstrapper - Revision: 079b405c13dc5e9e4c704c029c725c6fc7314f41
[Test worker] INFO org.codehaus.griffon.runtime.core.DefaultApplicationBootstrapper - JVM: 1.8.0_111 (Oracle Corporation 25.111-b14)
[Test worker] INFO org.codehaus.griffon.runtime.core.DefaultApplicationBootstrapper - OS: Linux 3.13.0-92-generic amd64
[Test worker] INFO integration.TestGriffonApplication - Initializing all startup groups: [integration]
[Test worker] INFO integration.TestGriffonApplication - Initializing all integration startup groups: [sample]
[Test worker] WARN org.codehaus.griffon.runtime.core.mvc.DefaultMVCGroupManager - Property 'key' in controller (integration.SimpleController) must be annotated with @griffon.inject.MVCMember.
[Test worker] WARN org.codehaus.griffon.runtime.core.mvc.DefaultMVCGroupManager - Property 'key' in controller (integration.SimpleController) must be annotated with @griffon.inject.MVCMember.
[Test worker] WARN org.codehaus.griffon.runtime.core.mvc.DefaultMVCGroupManager - Property 'key' in controller (integration.SimpleController) must be annotated with @griffon.inject.MVCMember.
[Test worker] WARN org.codehaus.griffon.runtime.core.mvc.DefaultMVCGroupManager - Property 'key' in controller (integration.SimpleController) must be annotated with @griffon.inject.MVCMember.
[Test worker] WARN org.codehaus.griffon.runtime.core.mvc.DefaultMVCGroupManager - Property 'key' in controller (integration.SimpleController) must be annotated with @griffon.inject.MVCMember.
[Test worker] WARN org.codehaus.griffon.runtime.core.mvc.DefaultMVCGroupManager - Property 'key' in controller (integration.SimpleController) must be annotated with @griffon.inject.MVCMember.
[Test worker] WARN org.codehaus.griffon.runtime.core.mvc.DefaultMVCGroupManager - Property 'key' in controller (integration.SimpleController) must be annotated with @griffon.inject.MVCMember.
[Test worker] WARN org.codehaus.griffon.runtime.core.mvc.DefaultMVCGroupManager - Property 'key' in controller (integration.SimpleController) must be annotated with @griffon.inject.MVCMember.
[Test worker] WARN org.codehaus.griffon.runtime.core.mvc.DefaultMVCGroupManager - Property 'key' in controller (integration.SimpleController) must be annotated with @griffon.inject.MVCMember.
[Test worker] WARN org.codehaus.griffon.runtime.core.mvc.DefaultMVCGroupManager - Property 'key' in controller (integration.SimpleController) must be annotated with @griffon.inject.MVCMember.
[Test worker] WARN org.codehaus.griffon.runtime.core.mvc.DefaultMVCGroupManager - Property 'key' in controller (integration.SimpleController) must be annotated with @griffon.inject.MVCMember.
[Test worker] WARN org.codehaus.griffon.runtime.core.mvc.DefaultMVCGroupManager - Property 'key' in controller (integration.SimpleController) must be annotated with @griffon.inject.MVCMember.
[Test worker] INFO integration.TestGriffonApplication - Shutdown is in process
]]></system-err>
</testsuite>
