<?xml version="1.0" encoding="UTF-8"?>
<testsuite name="org.codehaus.griffon.runtime.core.resources.CompositeResourceResolverTests" tests="1" skipped="0" failures="0" errors="0" timestamp="2016-12-07T11:31:18" hostname="testing-gce-18702692-515d-4fb2-b554-869b19883cee" time="0.026">
  <properties/>
  <testcase name="resolveAllFormatsByProperties" classname="org.codehaus.griffon.runtime.core.resources.CompositeResourceResolverTests" time="0.026"/>
  <system-out><![CDATA[]]></system-out>
  <system-err><![CDATA[[Test worker] TRACE griffon.util.CompositeResourceBundle - Searching key=healthy.proverb.index
[Test worker] TRACE griffon.util.CompositeResourceBundle - Bundle griffon.util.ExpandableResourceBundle@2d20256c; key=healthy.proverb.index; value='An {0} a day keeps the {1} away'
[Test worker] TRACE griffon.util.CompositeResourceBundle - Searching key=famous.quote.index
[Test worker] TRACE griffon.util.CompositeResourceBundle - Bundle griffon.util.ExpandableResourceBundle@2d20256c; key=famous.quote.index; value='This is {0}!'
[Test worker] TRACE griffon.util.CompositeResourceBundle - Searching key=healthy.proverb.index
[Test worker] TRACE griffon.util.CompositeResourceBundle - Bundle griffon.util.ExpandableResourceBundle@2d20256c; key=healthy.proverb.index; value='An {0} a day keeps the {1} away'
[Test worker] TRACE griffon.util.CompositeResourceBundle - Searching key=famous.quote.index
[Test worker] TRACE griffon.util.CompositeResourceBundle - Bundle griffon.util.ExpandableResourceBundle@2d20256c; key=famous.quote.index; value='This is {0}!'
[Test worker] TRACE griffon.util.CompositeResourceBundle - Searching key=healthy.proverb.map
[Test worker] TRACE griffon.util.CompositeResourceBundle - Bundle griffon.util.ExpandableResourceBundle@2d20256c; key=healthy.proverb.map; value='An {:fruit} a day keeps the {:occupation} away'
[Test worker] TRACE griffon.util.CompositeResourceBundle - Searching key=famous.quote.map
[Test worker] TRACE griffon.util.CompositeResourceBundle - Bundle griffon.util.ExpandableResourceBundle@2d20256c; key=famous.quote.map; value='This is {:location}!'
[Test worker] TRACE griffon.util.CompositeResourceBundle - Searching key=healthy.proverb2.index
[Test worker] TRACE griffon.util.CompositeResourceBundle - Searching key=healthy.proverb2.index
[Test worker] TRACE griffon.util.CompositeResourceBundle - Bundle griffon.util.ExpandableResourceBundle@245824b6; key=healthy.proverb2.index; value='An {0} a day keeps the {1} away'
[Test worker] TRACE griffon.util.CompositeResourceBundle - Searching key=famous.quote2.index
[Test worker] TRACE griffon.util.CompositeResourceBundle - Searching key=famous.quote2.index
[Test worker] TRACE griffon.util.CompositeResourceBundle - Bundle griffon.util.ExpandableResourceBundle@245824b6; key=famous.quote2.index; value='This is {0}!'
[Test worker] TRACE griffon.util.CompositeResourceBundle - Searching key=healthy.proverb2.index
[Test worker] TRACE griffon.util.CompositeResourceBundle - Searching key=healthy.proverb2.index
[Test worker] TRACE griffon.util.CompositeResourceBundle - Bundle griffon.util.ExpandableResourceBundle@245824b6; key=healthy.proverb2.index; value='An {0} a day keeps the {1} away'
[Test worker] TRACE griffon.util.CompositeResourceBundle - Searching key=famous.quote2.index
[Test worker] TRACE griffon.util.CompositeResourceBundle - Searching key=famous.quote2.index
[Test worker] TRACE griffon.util.CompositeResourceBundle - Bundle griffon.util.ExpandableResourceBundle@245824b6; key=famous.quote2.index; value='This is {0}!'
[Test worker] TRACE griffon.util.CompositeResourceBundle - Searching key=healthy.proverb2.map
[Test worker] TRACE griffon.util.CompositeResourceBundle - Searching key=healthy.proverb2.map
[Test worker] TRACE griffon.util.CompositeResourceBundle - Bundle griffon.util.ExpandableResourceBundle@245824b6; key=healthy.proverb2.map; value='An {:fruit} a day keeps the {:occupation} away'
[Test worker] TRACE griffon.util.CompositeResourceBundle - Searching key=famous.quote2.map
[Test worker] TRACE griffon.util.CompositeResourceBundle - Searching key=famous.quote2.map
[Test worker] TRACE griffon.util.CompositeResourceBundle - Bundle griffon.util.ExpandableResourceBundle@245824b6; key=famous.quote2.map; value='This is {:location}!'
[Test worker] TRACE griffon.util.CompositeResourceBundle - Searching key=healthy.proverb.bogus
[Test worker] TRACE griffon.util.CompositeResourceBundle - Searching key=healthy.proverb.bogus
[Test worker] TRACE griffon.util.CompositeResourceBundle - Searching key=famous.quote.bogus
[Test worker] TRACE griffon.util.CompositeResourceBundle - Searching key=famous.quote.bogus
[Test worker] TRACE griffon.util.CompositeResourceBundle - Searching key=healthy.proverb.bogus
[Test worker] TRACE griffon.util.CompositeResourceBundle - Searching key=healthy.proverb.bogus
[Test worker] TRACE griffon.util.CompositeResourceBundle - Searching key=famous.quote.bogus
[Test worker] TRACE griffon.util.CompositeResourceBundle - Searching key=famous.quote.bogus
[Test worker] TRACE griffon.util.CompositeResourceBundle - Searching key=healthy.proverb.bogus
[Test worker] TRACE griffon.util.CompositeResourceBundle - Searching key=healthy.proverb.bogus
[Test worker] TRACE griffon.util.CompositeResourceBundle - Searching key=famous.quote.bogus
[Test worker] TRACE griffon.util.CompositeResourceBundle - Searching key=famous.quote.bogus
]]></system-err>
</testsuite>
