<?xml version="1.0" encoding="UTF-8"?>
<testsuite name="org.codehaus.griffon.runtime.core.i18n.DefaultMessageSourceTests" tests="8" skipped="0" failures="0" errors="0" timestamp="2016-11-17T21:55:58" hostname="testing-gce-a500a3b7-3e8b-4697-b127-d17b45a2fbc5" time="0.112">
  <properties/>
  <testcase name="exerciseAllExceptionThrowingMethods" classname="org.codehaus.griffon.runtime.core.i18n.DefaultMessageSourceTests" time="0.066"/>
  <testcase name="resolveMessageValueWithReferencedKey" classname="org.codehaus.griffon.runtime.core.i18n.DefaultMessageSourceTests" time="0.001"/>
  <testcase name="invalidKeysInResourceBundle" classname="org.codehaus.griffon.runtime.core.i18n.DefaultMessageSourceTests" time="0.001"/>
  <testcase name="getMessageFromCustomMessageSource" classname="org.codehaus.griffon.runtime.core.i18n.DefaultMessageSourceTests" time="0.015"/>
  <testcase name="exerciseAllMethodsWithDefaultMessage" classname="org.codehaus.griffon.runtime.core.i18n.DefaultMessageSourceTests" time="0.006"/>
  <testcase name="getAllMessagesFromResourceBundle" classname="org.codehaus.griffon.runtime.core.i18n.DefaultMessageSourceTests" time="0.011"/>
  <testcase name="exerciseFormatMessage" classname="org.codehaus.griffon.runtime.core.i18n.DefaultMessageSourceTests" time="0.006"/>
  <testcase name="testGetAllMessagesByProperties" classname="org.codehaus.griffon.runtime.core.i18n.DefaultMessageSourceTests" time="0.003"/>
  <system-out><![CDATA[]]></system-out>
  <system-err><![CDATA[]]></system-err>
</testsuite>
