<?xml version="1.0" encoding="UTF-8"?>
<testsuite name="griffon.util.ResourceBundleReaderSpec" tests="10" skipped="0" failures="0" errors="0" timestamp="2017-03-13T20:08:22" hostname="testing-gce-5c6f6730-f713-4b79-bb0b-2c95a726fbf5" time="0.03">
  <properties/>
  <testcase name="Load bundle without active conditional blocks" classname="griffon.util.ResourceBundleReaderSpec" time="0.018"/>
  <testcase name="Load bundle with environments = development" classname="griffon.util.ResourceBundleReaderSpec" time="0.002"/>
  <testcase name="Load bundle with environments = test" classname="griffon.util.ResourceBundleReaderSpec" time="0.0"/>
  <testcase name="Load bundle with environments = production" classname="griffon.util.ResourceBundleReaderSpec" time="0.0"/>
  <testcase name="Load bundle with environments = development and variables = foo" classname="griffon.util.ResourceBundleReaderSpec" time="0.001"/>
  <testcase name="Load bundle with environments = development and variables = bar" classname="griffon.util.ResourceBundleReaderSpec" time="0.0"/>
  <testcase name="Load bundle with environments = test and variables = foo" classname="griffon.util.ResourceBundleReaderSpec" time="0.001"/>
  <testcase name="Load bundle with environments = test and variables = bar" classname="griffon.util.ResourceBundleReaderSpec" time="0.003"/>
  <testcase name="Load bundle with environments = production and variables = foo" classname="griffon.util.ResourceBundleReaderSpec" time="0.002"/>
  <testcase name="Load bundle with environments = production and variables = bar" classname="griffon.util.ResourceBundleReaderSpec" time="0.0"/>
  <system-out><![CDATA[]]></system-out>
  <system-err><![CDATA[]]></system-err>
</testsuite>
