<?xml version="1.0" encoding="UTF-8"?>
<testsuite name="griffon.util.TypeUtilsTest" tests="34" skipped="0" failures="0" errors="0" timestamp="2017-04-03T06:22:08" hostname="testing-gce-7dd35ff5-9fad-4ad0-a5e2-a09dadc8bc7f" time="0.029">
  <properties/>
  <testcase name="convertNumbersIntoWrapperBigDecimal" classname="griffon.util.TypeUtilsTest" time="0.003"/>
  <testcase name="convertNumbersIntoPrimitiveByte" classname="griffon.util.TypeUtilsTest" time="0.0"/>
  <testcase name="convertNumbersIntoPrimitiveLong" classname="griffon.util.TypeUtilsTest" time="0.0"/>
  <testcase name="setEquality" classname="griffon.util.TypeUtilsTest" time="0.0"/>
  <testcase name="convertNumbersIntoWrapperBigInteger" classname="griffon.util.TypeUtilsTest" time="0.001"/>
  <testcase name="convertNumbersIntoWrapperByte" classname="griffon.util.TypeUtilsTest" time="0.0"/>
  <testcase name="convertNumbersIntoWrapperLong" classname="griffon.util.TypeUtilsTest" time="0.0"/>
  <testcase name="castToNumberWithDefaultCantHandleNonNumberValues" classname="griffon.util.TypeUtilsTest" time="0.0"/>
  <testcase name="convertNumbersIntoWrapperDouble" classname="griffon.util.TypeUtilsTest" time="0.001"/>
  <testcase name="convertNumbersIntoPrimitiveFloat" classname="griffon.util.TypeUtilsTest" time="0.001"/>
  <testcase name="convertNumbersIntoPrimitiveShort" classname="griffon.util.TypeUtilsTest" time="0.0"/>
  <testcase name="castToDouble" classname="griffon.util.TypeUtilsTest" time="0.0"/>
  <testcase name="castToBoolean" classname="griffon.util.TypeUtilsTest" time="0.001"/>
  <testcase name="castToByte" classname="griffon.util.TypeUtilsTest" time="0.0"/>
  <testcase name="castToChar" classname="griffon.util.TypeUtilsTest" time="0.0"/>
  <testcase name="castToLong" classname="griffon.util.TypeUtilsTest" time="0.0"/>
  <testcase name="convertNumbersIntoWrapperInteger" classname="griffon.util.TypeUtilsTest" time="0.0"/>
  <testcase name="arrayEquality" classname="griffon.util.TypeUtilsTest" time="0.0"/>
  <testcase name="convertBooleans" classname="griffon.util.TypeUtilsTest" time="0.0"/>
  <testcase name="castToFloat" classname="griffon.util.TypeUtilsTest" time="0.0"/>
  <testcase name="castToShort" classname="griffon.util.TypeUtilsTest" time="0.0"/>
  <testcase name="objectEquality" classname="griffon.util.TypeUtilsTest" time="0.0"/>
  <testcase name="convertNumbersIntoPrimitiveDouble" classname="griffon.util.TypeUtilsTest" time="0.0"/>
  <testcase name="mapEquality" classname="griffon.util.TypeUtilsTest" time="0.0"/>
  <testcase name="convertNumbersIntoWrapperFloat" classname="griffon.util.TypeUtilsTest" time="0.001"/>
  <testcase name="convertNumbersIntoWrapperShort" classname="griffon.util.TypeUtilsTest" time="0.001"/>
  <testcase name="equality" classname="griffon.util.TypeUtilsTest" time="0.0"/>
  <testcase name="convertNumbersIntoPrimitiveInteger" classname="griffon.util.TypeUtilsTest" time="0.0"/>
  <testcase name="castToBigDecimal" classname="griffon.util.TypeUtilsTest" time="0.0"/>
  <testcase name="castToInt" classname="griffon.util.TypeUtilsTest" time="0.001"/>
  <testcase name="castToNumberCantHandleNonNumberValues" classname="griffon.util.TypeUtilsTest" time="0.0"/>
  <testcase name="castToBigInteger" classname="griffon.util.TypeUtilsTest" time="0.001"/>
  <testcase name="listEquality" classname="griffon.util.TypeUtilsTest" time="0.0"/>
  <testcase name="convertCharacters" classname="griffon.util.TypeUtilsTest" time="0.0"/>
  <system-out><![CDATA[]]></system-out>
  <system-err><![CDATA[]]></system-err>
</testsuite>
