<?xml version="1.0" encoding="UTF-8"?>
<testsuite name="org.codehaus.griffon.runtime.core.artifact.GriffonModelTest" tests="2" skipped="0" failures="0" errors="0" timestamp="2016-11-30T21:34:35" hostname="testing-gce-7b284da2-1dfc-4486-9403-0c3889a84a74" time="0.054">
  <properties/>
  <testcase name="modelAsObservable" classname="org.codehaus.griffon.runtime.core.artifact.GriffonModelTest" time="0.037"/>
  <testcase name="modelAsVetoable" classname="org.codehaus.griffon.runtime.core.artifact.GriffonModelTest" time="0.016"/>
  <system-out><![CDATA[]]></system-out>
  <system-err><![CDATA[]]></system-err>
</testsuite>
