<?xml version="1.0" encoding="UTF-8"?>
<testsuite name="griffon.core.editors.URIPropertyEditorSpec" tests="12" skipped="0" failures="0" errors="0" timestamp="2017-05-02T08:34:10" hostname="testing-docker-f5468bb5-c282-4c60-9f7e-ab0b1a158756" time="0.013">
  <properties/>
  <testcase name="URI literal 'null' should be equal to null" classname="griffon.core.editors.URIPropertyEditorSpec" time="0.004"/>
  <testcase name="URI literal '' should be equal to null" classname="griffon.core.editors.URIPropertyEditorSpec" time="0.0"/>
  <testcase name="URI literal ' ' should be equal to null" classname="griffon.core.editors.URIPropertyEditorSpec" time="0.0"/>
  <testcase name="URI literal 'http://localhost' should be equal to http://localhost" classname="griffon.core.editors.URIPropertyEditorSpec" time="0.0"/>
  <testcase name="URI literal '/' should be equal to file:/" classname="griffon.core.editors.URIPropertyEditorSpec" time="0.0"/>
  <testcase name="URI literal 'http://localhost' should be equal to http://localhost" classname="griffon.core.editors.URIPropertyEditorSpec" time="0.001"/>
  <testcase name="Invalid uri literal 'http://localhost/&amp;?_&lt;&gt;'" classname="griffon.core.editors.URIPropertyEditorSpec" time="0.001"/>
  <testcase name="Invalid uri literal '[]'" classname="griffon.core.editors.URIPropertyEditorSpec" time="0.0"/>
  <testcase name="Invalid uri literal '[1, 2, 3]'" classname="griffon.core.editors.URIPropertyEditorSpec" time="0.0"/>
  <testcase name="Invalid uri literal '[:]'" classname="griffon.core.editors.URIPropertyEditorSpec" time="0.0"/>
  <testcase name="Invalid uri literal '[key:value]'" classname="griffon.core.editors.URIPropertyEditorSpec" time="0.0"/>
  <testcase name="Invalid uri literal 'java.lang.Object@335062ff'" classname="griffon.core.editors.URIPropertyEditorSpec" time="0.0"/>
  <system-out><![CDATA[]]></system-out>
  <system-err><![CDATA[]]></system-err>
</testsuite>
