<?xml version="1.0" encoding="UTF-8"?>
<testsuite name="griffon.core.env.FeatureTests" tests="2" skipped="0" failures="0" errors="0" timestamp="2017-03-17T14:47:49" hostname="testing-gce-2cba042c-7dfa-40c6-8050-1b9f1390cf9f" time="0.009">
  <properties/>
  <testcase name="testExecuteFeatureBlockIfEnabled" classname="griffon.core.env.FeatureTests" time="0.007"/>
  <testcase name="testSystemPropertyHasPrecedenceOverMetadata" classname="griffon.core.env.FeatureTests" time="0.001"/>
  <system-out><![CDATA[]]></system-out>
  <system-err><![CDATA[]]></system-err>
</testsuite>
