<?xml version="1.0" encoding="UTF-8"?>
<testsuite name="org.codehaus.griffon.runtime.core.artifact.GriffonModelClassSpec" tests="1" skipped="0" failures="0" errors="0" timestamp="2017-04-28T07:20:11" hostname="testing-gce-d418c672-e417-4758-9132-06e50a90cdc7" time="0.002">
  <properties/>
  <testcase name="Get and Set properties on model instance" classname="org.codehaus.griffon.runtime.core.artifact.GriffonModelClassSpec" time="0.002"/>
  <system-out><![CDATA[]]></system-out>
  <system-err><![CDATA[]]></system-err>
</testsuite>
