<?xml version="1.0" encoding="UTF-8"?>
<testsuite name="griffon.core.env.FeatureTests" tests="2" skipped="0" failures="0" errors="0" timestamp="2016-12-02T13:04:59" hostname="testing-gce-cc5ab124-7f74-4323-a4b5-4e8dc3b1534d" time="0.009">
  <properties/>
  <testcase name="testExecuteFeatureBlockIfEnabled" classname="griffon.core.env.FeatureTests" time="0.007"/>
  <testcase name="testSystemPropertyHasPrecedenceOverMetadata" classname="griffon.core.env.FeatureTests" time="0.001"/>
  <system-out><![CDATA[]]></system-out>
  <system-err><![CDATA[]]></system-err>
</testsuite>
