<?xml version="1.0" encoding="UTF-8"?>
<testsuite name="griffon.core.editors.DoublePropertyEditorSpec" tests="13" skipped="0" failures="0" errors="0" timestamp="2017-04-07T21:43:39" hostname="testing-gce-648e5267-8028-453c-896a-9b2edc21c03a" time="0.01">
  <properties/>
  <testcase name="Double literal 'null' with format 'null' should be equal to null" classname="griffon.core.editors.DoublePropertyEditorSpec" time="0.002"/>
  <testcase name="Double literal '' with format 'null' should be equal to null" classname="griffon.core.editors.DoublePropertyEditorSpec" time="0.001"/>
  <testcase name="Double literal '0.1' with format 'null' should be equal to 0.1" classname="griffon.core.editors.DoublePropertyEditorSpec" time="0.0"/>
  <testcase name="Double literal '10%' with format 'percent' should be equal to 0.1" classname="griffon.core.editors.DoublePropertyEditorSpec" time="0.0"/>
  <testcase name="Double literal '$0.10' with format 'currency' should be equal to 0.1" classname="griffon.core.editors.DoublePropertyEditorSpec" time="0.001"/>
  <testcase name="Double literal '0.1' with format 'null' should be equal to 0.1" classname="griffon.core.editors.DoublePropertyEditorSpec" time="0.0"/>
  <testcase name="Invalid double literal 'garbage'" classname="griffon.core.editors.DoublePropertyEditorSpec" time="0.0"/>
  <testcase name="Invalid double literal '1, 2, 3'" classname="griffon.core.editors.DoublePropertyEditorSpec" time="0.001"/>
  <testcase name="Invalid double literal '[]'" classname="griffon.core.editors.DoublePropertyEditorSpec" time="0.0"/>
  <testcase name="Invalid double literal '[1, 2, 3]'" classname="griffon.core.editors.DoublePropertyEditorSpec" time="0.0"/>
  <testcase name="Invalid double literal '[:]'" classname="griffon.core.editors.DoublePropertyEditorSpec" time="0.001"/>
  <testcase name="Invalid double literal '[key:value]'" classname="griffon.core.editors.DoublePropertyEditorSpec" time="0.001"/>
  <testcase name="Invalid double literal 'java.lang.Object@5ddbcf6c'" classname="griffon.core.editors.DoublePropertyEditorSpec" time="0.0"/>
  <system-out><![CDATA[]]></system-out>
  <system-err><![CDATA[]]></system-err>
</testsuite>
