<?xml version="1.0" encoding="UTF-8"?>
<testsuite name="griffon.exceptions.TypeNotFoundExceptionSpec" tests="3" skipped="0" failures="0" errors="0" timestamp="2016-12-28T19:52:33" hostname="testing-gce-2e4b170c-448d-4fcb-9f72-d211cbd4e202" time="0.009">
  <properties/>
  <testcase name="Exception should have proper formatted message[0]" classname="griffon.exceptions.TypeNotFoundExceptionSpec" time="0.007"/>
  <testcase name="Exception should have proper formatted message[1]" classname="griffon.exceptions.TypeNotFoundExceptionSpec" time="0.0"/>
  <testcase name="Exception should have proper formatted message[2]" classname="griffon.exceptions.TypeNotFoundExceptionSpec" time="0.001"/>
  <system-out><![CDATA[]]></system-out>
  <system-err><![CDATA[]]></system-err>
</testsuite>
