<?xml version="1.0" encoding="UTF-8"?>
<testsuite name="griffon.exceptions.FieldExceptionSpec" tests="3" skipped="0" failures="0" errors="0" timestamp="2016-12-11T15:49:36" hostname="testing-gce-18adfb53-c7e7-4c64-b9fb-dc55c9634d20" time="0.004">
  <properties/>
  <testcase name="Exception should have proper formatted message[0]" classname="griffon.exceptions.FieldExceptionSpec" time="0.003"/>
  <testcase name="Exception should have proper formatted message[1]" classname="griffon.exceptions.FieldExceptionSpec" time="0.0"/>
  <testcase name="Exception should have proper formatted message[2]" classname="griffon.exceptions.FieldExceptionSpec" time="0.0"/>
  <system-out><![CDATA[]]></system-out>
  <system-err><![CDATA[]]></system-err>
</testsuite>
