<?xml version="1.0" encoding="UTF-8"?>
<testsuite name="org.codehaus.griffon.runtime.core.ExecutorServiceManagerSpec" tests="1" skipped="0" failures="0" errors="0" timestamp="2016-12-01T10:21:18" hostname="testing-gce-65efd9a5-47b0-4d44-adfe-0451176406f1" time="0.114">
  <properties/>
  <testcase name="Excercise API" classname="org.codehaus.griffon.runtime.core.ExecutorServiceManagerSpec" time="0.114"/>
  <system-out><![CDATA[]]></system-out>
  <system-err><![CDATA[]]></system-err>
</testsuite>
