<?xml version="1.0" encoding="UTF-8"?>
<testsuite name="org.codehaus.griffon.runtime.core.artifact.GriffonModelClassSpec" tests="1" skipped="0" failures="0" errors="0" timestamp="2016-11-16T18:50:51" hostname="testing-gce-a8eb0744-142d-4aa3-aea8-752a56f8e7a5" time="0.012">
  <properties/>
  <testcase name="Get and Set properties on model instance" classname="org.codehaus.griffon.runtime.core.artifact.GriffonModelClassSpec" time="0.012"/>
  <system-out><![CDATA[]]></system-out>
  <system-err><![CDATA[]]></system-err>
</testsuite>
