<?xml version="1.0" encoding="UTF-8"?>
<testsuite name="griffon.util.PropertiesReaderSpec" tests="10" skipped="0" failures="0" errors="0" timestamp="2017-04-28T15:58:40" hostname="testing-docker-ea4d5413-61ad-4e77-9778-eb4ed0744b0f" time="0.677">
  <properties/>
  <testcase name="Load properties without active conditional blocks" classname="griffon.util.PropertiesReaderSpec" time="0.662"/>
  <testcase name="Load properties with environments = development" classname="griffon.util.PropertiesReaderSpec" time="0.002"/>
  <testcase name="Load properties with environments = test" classname="griffon.util.PropertiesReaderSpec" time="0.001"/>
  <testcase name="Load properties with environments = production" classname="griffon.util.PropertiesReaderSpec" time="0.001"/>
  <testcase name="Load properties with environments = development and variables = foo" classname="griffon.util.PropertiesReaderSpec" time="0.001"/>
  <testcase name="Load properties with environments = development and variables = bar" classname="griffon.util.PropertiesReaderSpec" time="0.001"/>
  <testcase name="Load properties with environments = test and variables = foo" classname="griffon.util.PropertiesReaderSpec" time="0.001"/>
  <testcase name="Load properties with environments = test and variables = bar" classname="griffon.util.PropertiesReaderSpec" time="0.001"/>
  <testcase name="Load properties with environments = production and variables = foo" classname="griffon.util.PropertiesReaderSpec" time="0.001"/>
  <testcase name="Load properties with environments = production and variables = bar" classname="griffon.util.PropertiesReaderSpec" time="0.001"/>
  <system-out><![CDATA[]]></system-out>
  <system-err><![CDATA[]]></system-err>
</testsuite>
