<?xml version="1.0" encoding="UTF-8"?>
<testsuite name="griffon.core.formatters.BigIntegerFormatterSpec" tests="11" skipped="0" failures="0" errors="0" timestamp="2017-03-13T20:04:29" hostname="testing-gce-b8b399cf-2944-40b7-9ac2-ba08b6394ae0" time="0.016">
  <properties/>
  <testcase name="BigInteger '100' produces literal '100'" classname="griffon.core.formatters.BigIntegerFormatterSpec" time="0.007"/>
  <testcase name="BigInteger 'null' with pattern 'currency' produces literal 'null'" classname="griffon.core.formatters.BigIntegerFormatterSpec" time="0.0"/>
  <testcase name="BigInteger 'null' with pattern 'percent' produces literal 'null'" classname="griffon.core.formatters.BigIntegerFormatterSpec" time="0.001"/>
  <testcase name="BigInteger '100' with pattern 'currency' produces literal '$100.00'" classname="griffon.core.formatters.BigIntegerFormatterSpec" time="0.0"/>
  <testcase name="BigInteger '1' with pattern 'percent' produces literal '100%'" classname="griffon.core.formatters.BigIntegerFormatterSpec" time="0.001"/>
  <testcase name="BigInteger '100' with pattern 'null' produces literal '100'" classname="griffon.core.formatters.BigIntegerFormatterSpec" time="0.0"/>
  <testcase name="BigInteger '100' with pattern '' produces literal '100'" classname="griffon.core.formatters.BigIntegerFormatterSpec" time="0.0"/>
  <testcase name="BigInteger '20' with pattern '##.0' produces literal '20.0'" classname="griffon.core.formatters.BigIntegerFormatterSpec" time="0.0"/>
  <testcase name="Parse error for pattern 'currency' with literal 'abc'" classname="griffon.core.formatters.BigIntegerFormatterSpec" time="0.0"/>
  <testcase name="Parse error for pattern 'percent' with literal 'abc'" classname="griffon.core.formatters.BigIntegerFormatterSpec" time="0.0"/>
  <testcase name="Illegal pattern ';garbage*@%&amp;'" classname="griffon.core.formatters.BigIntegerFormatterSpec" time="0.001"/>
  <system-out><![CDATA[]]></system-out>
  <system-err><![CDATA[]]></system-err>
</testsuite>
