<?xml version="1.0" encoding="UTF-8"?>
<testsuite name="org.codehaus.griffon.runtime.core.i18n.CompositeMessageSourceTests" tests="3" skipped="0" failures="0" errors="0" timestamp="2016-11-16T18:50:49" hostname="testing-gce-a8eb0744-142d-4aa3-aea8-752a56f8e7a5" time="0.046">
  <properties/>
  <testcase name="getAllMessagesByProperties" classname="org.codehaus.griffon.runtime.core.i18n.CompositeMessageSourceTests" time="0.032"/>
  <testcase name="cantCreateBundleWithEmptyBundleList" classname="org.codehaus.griffon.runtime.core.i18n.CompositeMessageSourceTests" time="0.001"/>
  <testcase name="getCompositeResourceBundle" classname="org.codehaus.griffon.runtime.core.i18n.CompositeMessageSourceTests" time="0.006"/>
  <system-out><![CDATA[]]></system-out>
  <system-err><![CDATA[]]></system-err>
</testsuite>
