<?xml version="1.0" encoding="UTF-8"?>
<testsuite name="griffon.util.ExpandableResourceBundleSpec" tests="5" skipped="0" failures="0" errors="0" timestamp="2016-12-11T15:49:33" hostname="testing-gce-18adfb53-c7e7-4c64-b9fb-dc55c9634d20" time="0.034">
  <properties/>
  <testcase name="Calling bundle.getObject(single, #Error:defaultValue) gives single as result" classname="griffon.util.ExpandableResourceBundleSpec" time="0.026"/>
  <testcase name="Calling bundle.getObject(key.string, #Error:defaultValue) gives string as result" classname="griffon.util.ExpandableResourceBundleSpec" time="0.002"/>
  <testcase name="Calling bundle.getObject(key.number, #Error:defaultValue) gives number as result" classname="griffon.util.ExpandableResourceBundleSpec" time="0.0"/>
  <testcase name="Calling bundle.getObject(key, #Error:defaultValue) gives [string:string, number:number] as result" classname="griffon.util.ExpandableResourceBundleSpec" time="0.001"/>
  <testcase name="Test wrapping modes" classname="griffon.util.ExpandableResourceBundleSpec" time="0.001"/>
  <system-out><![CDATA[]]></system-out>
  <system-err><![CDATA[]]></system-err>
</testsuite>
