<?xml version="1.0" encoding="UTF-8"?>
<testsuite name="griffon.core.editors.FilePropertyEditorSpec" tests="9" skipped="0" failures="0" errors="0" timestamp="2017-01-31T08:38:18" hostname="testing-gce-57986ab7-74ef-4daa-8794-66bd035d9f10" time="0.006">
  <properties/>
  <testcase name="File literal 'null' should be equal to null" classname="griffon.core.editors.FilePropertyEditorSpec" time="0.001"/>
  <testcase name="File literal '' should be equal to null" classname="griffon.core.editors.FilePropertyEditorSpec" time="0.0"/>
  <testcase name="File literal ' ' should be equal to null" classname="griffon.core.editors.FilePropertyEditorSpec" time="0.001"/>
  <testcase name="File literal '.' should be equal to ." classname="griffon.core.editors.FilePropertyEditorSpec" time="0.0"/>
  <testcase name="Invalid file literal '[]'" classname="griffon.core.editors.FilePropertyEditorSpec" time="0.001"/>
  <testcase name="Invalid file literal '[1, 2, 3]'" classname="griffon.core.editors.FilePropertyEditorSpec" time="0.0"/>
  <testcase name="Invalid file literal '[:]'" classname="griffon.core.editors.FilePropertyEditorSpec" time="0.0"/>
  <testcase name="Invalid file literal '[key:value]'" classname="griffon.core.editors.FilePropertyEditorSpec" time="0.001"/>
  <testcase name="Invalid file literal 'java.lang.Object@570c4990'" classname="griffon.core.editors.FilePropertyEditorSpec" time="0.0"/>
  <system-out><![CDATA[]]></system-out>
  <system-err><![CDATA[]]></system-err>
</testsuite>
