<?xml version="1.0" encoding="UTF-8"?>
<testsuite name="org.codehaus.griffon.runtime.core.i18n.CompositeMessageSourceTests" tests="3" skipped="0" failures="0" errors="0" timestamp="2016-12-06T13:48:11" hostname="testing-gce-88c17399-7e1a-4bbc-b795-695967a3f3cc" time="0.055">
  <properties/>
  <testcase name="getAllMessagesByProperties" classname="org.codehaus.griffon.runtime.core.i18n.CompositeMessageSourceTests" time="0.028"/>
  <testcase name="cantCreateBundleWithEmptyBundleList" classname="org.codehaus.griffon.runtime.core.i18n.CompositeMessageSourceTests" time="0.0"/>
  <testcase name="getCompositeResourceBundle" classname="org.codehaus.griffon.runtime.core.i18n.CompositeMessageSourceTests" time="0.025"/>
  <system-out><![CDATA[]]></system-out>
  <system-err><![CDATA[[Test worker] TRACE griffon.util.CompositeResourceBundle - Searching key=healthy.proverb.index
[Test worker] TRACE griffon.util.CompositeResourceBundle - Bundle griffon.util.ExpandableResourceBundle@600528bf; key=healthy.proverb.index; value='An {0} a day keeps the {1} away'
[Test worker] TRACE griffon.util.CompositeResourceBundle - Searching key=famous.quote.index
[Test worker] TRACE griffon.util.CompositeResourceBundle - Bundle griffon.util.ExpandableResourceBundle@600528bf; key=famous.quote.index; value='This is {0}!'
[Test worker] TRACE griffon.util.CompositeResourceBundle - Searching key=healthy.proverb.index
[Test worker] TRACE griffon.util.CompositeResourceBundle - Bundle griffon.util.ExpandableResourceBundle@600528bf; key=healthy.proverb.index; value='An {0} a day keeps the {1} away'
[Test worker] TRACE griffon.util.CompositeResourceBundle - Searching key=famous.quote.index
[Test worker] TRACE griffon.util.CompositeResourceBundle - Bundle griffon.util.ExpandableResourceBundle@600528bf; key=famous.quote.index; value='This is {0}!'
[Test worker] TRACE griffon.util.CompositeResourceBundle - Searching key=healthy.proverb.map
[Test worker] TRACE griffon.util.CompositeResourceBundle - Bundle griffon.util.ExpandableResourceBundle@600528bf; key=healthy.proverb.map; value='An {:fruit} a day keeps the {:occupation} away'
[Test worker] TRACE griffon.util.CompositeResourceBundle - Searching key=famous.quote.map
[Test worker] TRACE griffon.util.CompositeResourceBundle - Bundle griffon.util.ExpandableResourceBundle@600528bf; key=famous.quote.map; value='This is {:location}!'
[Test worker] TRACE griffon.util.CompositeResourceBundle - Searching key=healthy.proverb2.index
[Test worker] TRACE griffon.util.CompositeResourceBundle - Searching key=healthy.proverb2.index
[Test worker] TRACE griffon.util.CompositeResourceBundle - Bundle griffon.util.ExpandableResourceBundle@2dd285b5; key=healthy.proverb2.index; value='An {0} a day keeps the {1} away'
[Test worker] TRACE griffon.util.CompositeResourceBundle - Searching key=famous.quote2.index
[Test worker] TRACE griffon.util.CompositeResourceBundle - Searching key=famous.quote2.index
[Test worker] TRACE griffon.util.CompositeResourceBundle - Bundle griffon.util.ExpandableResourceBundle@2dd285b5; key=famous.quote2.index; value='This is {0}!'
[Test worker] TRACE griffon.util.CompositeResourceBundle - Searching key=healthy.proverb2.index
[Test worker] TRACE griffon.util.CompositeResourceBundle - Searching key=healthy.proverb2.index
[Test worker] TRACE griffon.util.CompositeResourceBundle - Bundle griffon.util.ExpandableResourceBundle@2dd285b5; key=healthy.proverb2.index; value='An {0} a day keeps the {1} away'
[Test worker] TRACE griffon.util.CompositeResourceBundle - Searching key=famous.quote2.index
[Test worker] TRACE griffon.util.CompositeResourceBundle - Searching key=famous.quote2.index
[Test worker] TRACE griffon.util.CompositeResourceBundle - Bundle griffon.util.ExpandableResourceBundle@2dd285b5; key=famous.quote2.index; value='This is {0}!'
[Test worker] TRACE griffon.util.CompositeResourceBundle - Searching key=healthy.proverb2.map
[Test worker] TRACE griffon.util.CompositeResourceBundle - Searching key=healthy.proverb2.map
[Test worker] TRACE griffon.util.CompositeResourceBundle - Bundle griffon.util.ExpandableResourceBundle@2dd285b5; key=healthy.proverb2.map; value='An {:fruit} a day keeps the {:occupation} away'
[Test worker] TRACE griffon.util.CompositeResourceBundle - Searching key=famous.quote2.map
[Test worker] TRACE griffon.util.CompositeResourceBundle - Searching key=famous.quote2.map
[Test worker] TRACE griffon.util.CompositeResourceBundle - Bundle griffon.util.ExpandableResourceBundle@2dd285b5; key=famous.quote2.map; value='This is {:location}!'
[Test worker] TRACE griffon.util.CompositeResourceBundle - Searching key=healthy.proverb.bogus
[Test worker] TRACE griffon.util.CompositeResourceBundle - Searching key=healthy.proverb.bogus
[Test worker] TRACE griffon.util.CompositeResourceBundle - Searching key=famous.quote.bogus
[Test worker] TRACE griffon.util.CompositeResourceBundle - Searching key=famous.quote.bogus
[Test worker] TRACE griffon.util.CompositeResourceBundle - Searching key=healthy.proverb.bogus
[Test worker] TRACE griffon.util.CompositeResourceBundle - Searching key=healthy.proverb.bogus
[Test worker] TRACE griffon.util.CompositeResourceBundle - Searching key=famous.quote.bogus
[Test worker] TRACE griffon.util.CompositeResourceBundle - Searching key=famous.quote.bogus
[Test worker] TRACE griffon.util.CompositeResourceBundle - Searching key=healthy.proverb.bogus
[Test worker] TRACE griffon.util.CompositeResourceBundle - Searching key=healthy.proverb.bogus
[Test worker] TRACE griffon.util.CompositeResourceBundle - Searching key=famous.quote.bogus
[Test worker] TRACE griffon.util.CompositeResourceBundle - Searching key=famous.quote.bogus
[Test worker] TRACE griffon.util.CompositeResourceBundle - Searching key=famous
[Test worker] TRACE griffon.util.CompositeResourceBundle - Bundle griffon.util.ExpandableResourceBundle@17a57c21; key=famous; value='{quote={index=This is {0}!, map=This is {:location}!}}'
[Test worker] TRACE griffon.util.CompositeResourceBundle - Searching key=famous.quote.index
[Test worker] TRACE griffon.util.CompositeResourceBundle - Bundle griffon.util.ExpandableResourceBundle@17a57c21; key=famous.quote.index; value='This is {0}!'
[Test worker] TRACE griffon.util.CompositeResourceBundle - Searching key=healthy
[Test worker] TRACE griffon.util.CompositeResourceBundle - Bundle griffon.util.ExpandableResourceBundle@17a57c21; key=healthy; value='{proverb={map=An {:fruit} a day keeps the {:occupation} away, index=An {0} a day keeps the {1} away}}'
[Test worker] TRACE griffon.util.CompositeResourceBundle - Searching key=healthy.proverb.map
[Test worker] TRACE griffon.util.CompositeResourceBundle - Bundle griffon.util.ExpandableResourceBundle@17a57c21; key=healthy.proverb.map; value='An {:fruit} a day keeps the {:occupation} away'
[Test worker] TRACE griffon.util.CompositeResourceBundle - Searching key=reference
[Test worker] TRACE griffon.util.CompositeResourceBundle - Bundle griffon.util.ExpandableResourceBundle@17a57c21; key=reference; value='{key=@[referenced.key]}'
[Test worker] TRACE griffon.util.CompositeResourceBundle - Searching key=reference.key
[Test worker] TRACE griffon.util.CompositeResourceBundle - Bundle griffon.util.ExpandableResourceBundle@17a57c21; key=reference.key; value='@[referenced.key]'
[Test worker] TRACE griffon.util.CompositeResourceBundle - Searching key=not
[Test worker] TRACE griffon.util.CompositeResourceBundle - Bundle griffon.util.ExpandableResourceBundle@17a57c21; key=not; value='{a={reference={key3=@[], key2=NOT], key1=@[NOT}}}'
[Test worker] TRACE griffon.util.CompositeResourceBundle - Searching key=not.a.reference.key3
[Test worker] TRACE griffon.util.CompositeResourceBundle - Bundle griffon.util.ExpandableResourceBundle@17a57c21; key=not.a.reference.key3; value='@[]'
[Test worker] TRACE griffon.util.CompositeResourceBundle - Searching key=healthy.proverb.index
[Test worker] TRACE griffon.util.CompositeResourceBundle - Bundle griffon.util.ExpandableResourceBundle@17a57c21; key=healthy.proverb.index; value='An {0} a day keeps the {1} away'
[Test worker] TRACE griffon.util.CompositeResourceBundle - Searching key=not.a.reference.key2
[Test worker] TRACE griffon.util.CompositeResourceBundle - Bundle griffon.util.ExpandableResourceBundle@17a57c21; key=not.a.reference.key2; value='NOT]'
[Test worker] TRACE griffon.util.CompositeResourceBundle - Searching key=not.a.reference.key1
[Test worker] TRACE griffon.util.CompositeResourceBundle - Bundle griffon.util.ExpandableResourceBundle@17a57c21; key=not.a.reference.key1; value='@[NOT'
[Test worker] TRACE griffon.util.CompositeResourceBundle - Searching key=referenced
[Test worker] TRACE griffon.util.CompositeResourceBundle - Bundle griffon.util.ExpandableResourceBundle@17a57c21; key=referenced; value='{key=what's up doc?}'
[Test worker] TRACE griffon.util.CompositeResourceBundle - Searching key=referenced.key
[Test worker] TRACE griffon.util.CompositeResourceBundle - Bundle griffon.util.ExpandableResourceBundle@17a57c21; key=referenced.key; value='what's up doc?'
[Test worker] TRACE griffon.util.CompositeResourceBundle - Searching key=famous.quote.map
[Test worker] TRACE griffon.util.CompositeResourceBundle - Bundle griffon.util.ExpandableResourceBundle@17a57c21; key=famous.quote.map; value='This is {:location}!'
[Test worker] TRACE griffon.util.CompositeResourceBundle - Searching key=famous
[Test worker] TRACE griffon.util.CompositeResourceBundle - Bundle griffon.util.ExpandableResourceBundle@17a57c21; key=famous; value='{quote={index=This is {0}!, map=This is {:location}!}}'
[Test worker] TRACE griffon.util.CompositeResourceBundle - Searching key=famous.quote.index
[Test worker] TRACE griffon.util.CompositeResourceBundle - Bundle griffon.util.ExpandableResourceBundle@17a57c21; key=famous.quote.index; value='This is {0}!'
[Test worker] TRACE griffon.util.CompositeResourceBundle - Searching key=reference.key
[Test worker] TRACE griffon.util.CompositeResourceBundle - Bundle griffon.util.ExpandableResourceBundle@17a57c21; key=reference.key; value='@[referenced.key]'
[Test worker] TRACE griffon.util.CompositeResourceBundle - Searching key=healthy.proverb.index
[Test worker] TRACE griffon.util.CompositeResourceBundle - Bundle griffon.util.ExpandableResourceBundle@17a57c21; key=healthy.proverb.index; value='An {0} a day keeps the {1} away'
[Test worker] TRACE griffon.util.CompositeResourceBundle - Searching key=referenced.key
[Test worker] TRACE griffon.util.CompositeResourceBundle - Bundle griffon.util.ExpandableResourceBundle@17a57c21; key=referenced.key; value='what's up doc?'
[Test worker] TRACE griffon.util.CompositeResourceBundle - Searching key=reference
[Test worker] TRACE griffon.util.CompositeResourceBundle - Bundle griffon.util.ExpandableResourceBundle@17a57c21; key=reference; value='{key=@[referenced.key]}'
[Test worker] TRACE griffon.util.CompositeResourceBundle - Searching key=not
[Test worker] TRACE griffon.util.CompositeResourceBundle - Bundle griffon.util.ExpandableResourceBundle@17a57c21; key=not; value='{a={reference={key3=@[], key2=NOT], key1=@[NOT}}}'
[Test worker] TRACE griffon.util.CompositeResourceBundle - Searching key=referenced
[Test worker] TRACE griffon.util.CompositeResourceBundle - Bundle griffon.util.ExpandableResourceBundle@17a57c21; key=referenced; value='{key=what's up doc?}'
[Test worker] TRACE griffon.util.CompositeResourceBundle - Searching key=healthy
[Test worker] TRACE griffon.util.CompositeResourceBundle - Bundle griffon.util.ExpandableResourceBundle@17a57c21; key=healthy; value='{proverb={map=An {:fruit} a day keeps the {:occupation} away, index=An {0} a day keeps the {1} away}}'
[Test worker] TRACE griffon.util.CompositeResourceBundle - Searching key=healthy.proverb.map
[Test worker] TRACE griffon.util.CompositeResourceBundle - Bundle griffon.util.ExpandableResourceBundle@17a57c21; key=healthy.proverb.map; value='An {:fruit} a day keeps the {:occupation} away'
[Test worker] TRACE griffon.util.CompositeResourceBundle - Searching key=not.a.reference.key3
[Test worker] TRACE griffon.util.CompositeResourceBundle - Bundle griffon.util.ExpandableResourceBundle@17a57c21; key=not.a.reference.key3; value='@[]'
[Test worker] TRACE griffon.util.CompositeResourceBundle - Searching key=not.a.reference.key2
[Test worker] TRACE griffon.util.CompositeResourceBundle - Bundle griffon.util.ExpandableResourceBundle@17a57c21; key=not.a.reference.key2; value='NOT]'
[Test worker] TRACE griffon.util.CompositeResourceBundle - Searching key=not.a.reference.key1
[Test worker] TRACE griffon.util.CompositeResourceBundle - Bundle griffon.util.ExpandableResourceBundle@17a57c21; key=not.a.reference.key1; value='@[NOT'
[Test worker] TRACE griffon.util.CompositeResourceBundle - Searching key=famous.quote.map
[Test worker] TRACE griffon.util.CompositeResourceBundle - Bundle griffon.util.ExpandableResourceBundle@17a57c21; key=famous.quote.map; value='This is {:location}!'
[Test worker] TRACE griffon.util.CompositeResourceBundle - Searching key=healthy
[Test worker] TRACE griffon.util.CompositeResourceBundle - Bundle griffon.util.ExpandableResourceBundle@5eacfeba; key=healthy; value='{proverb2={map=An {:fruit} a day keeps the {:occupation} away, index=An {0} a day keeps the {1} away}}'
[Test worker] TRACE griffon.util.CompositeResourceBundle - Searching key=healthy.proverb2.map
[Test worker] TRACE griffon.util.CompositeResourceBundle - Bundle griffon.util.ExpandableResourceBundle@5eacfeba; key=healthy.proverb2.map; value='An {:fruit} a day keeps the {:occupation} away'
[Test worker] TRACE griffon.util.CompositeResourceBundle - Searching key=famous
[Test worker] TRACE griffon.util.CompositeResourceBundle - Bundle griffon.util.ExpandableResourceBundle@5eacfeba; key=famous; value='{quote2={map=This is {:location}!, index=This is {0}!}}'
[Test worker] TRACE griffon.util.CompositeResourceBundle - Searching key=famous.quote2.map
[Test worker] TRACE griffon.util.CompositeResourceBundle - Bundle griffon.util.ExpandableResourceBundle@5eacfeba; key=famous.quote2.map; value='This is {:location}!'
[Test worker] TRACE griffon.util.CompositeResourceBundle - Searching key=famous.quote2.index
[Test worker] TRACE griffon.util.CompositeResourceBundle - Bundle griffon.util.ExpandableResourceBundle@5eacfeba; key=famous.quote2.index; value='This is {0}!'
[Test worker] TRACE griffon.util.CompositeResourceBundle - Searching key=healthy.proverb2.index
[Test worker] TRACE griffon.util.CompositeResourceBundle - Bundle griffon.util.ExpandableResourceBundle@5eacfeba; key=healthy.proverb2.index; value='An {0} a day keeps the {1} away'
[Test worker] TRACE griffon.util.CompositeResourceBundle - Searching key=healthy.proverb2.map
[Test worker] TRACE griffon.util.CompositeResourceBundle - Bundle griffon.util.ExpandableResourceBundle@5eacfeba; key=healthy.proverb2.map; value='An {:fruit} a day keeps the {:occupation} away'
[Test worker] TRACE griffon.util.CompositeResourceBundle - Searching key=famous
[Test worker] TRACE griffon.util.CompositeResourceBundle - Bundle griffon.util.ExpandableResourceBundle@5eacfeba; key=famous; value='{quote2={map=This is {:location}!, index=This is {0}!}}'
[Test worker] TRACE griffon.util.CompositeResourceBundle - Searching key=healthy
[Test worker] TRACE griffon.util.CompositeResourceBundle - Bundle griffon.util.ExpandableResourceBundle@5eacfeba; key=healthy; value='{proverb2={map=An {:fruit} a day keeps the {:occupation} away, index=An {0} a day keeps the {1} away}}'
[Test worker] TRACE griffon.util.CompositeResourceBundle - Searching key=famous.quote2.map
[Test worker] TRACE griffon.util.CompositeResourceBundle - Bundle griffon.util.ExpandableResourceBundle@5eacfeba; key=famous.quote2.map; value='This is {:location}!'
[Test worker] TRACE griffon.util.CompositeResourceBundle - Searching key=famous.quote2.index
[Test worker] TRACE griffon.util.CompositeResourceBundle - Bundle griffon.util.ExpandableResourceBundle@5eacfeba; key=famous.quote2.index; value='This is {0}!'
[Test worker] TRACE griffon.util.CompositeResourceBundle - Searching key=healthy.proverb2.index
[Test worker] TRACE griffon.util.CompositeResourceBundle - Bundle griffon.util.ExpandableResourceBundle@5eacfeba; key=healthy.proverb2.index; value='An {0} a day keeps the {1} away'
[Test worker] TRACE griffon.util.CompositeResourceBundle - Searching key=famous
[Test worker] TRACE griffon.util.CompositeResourceBundle - Bundle griffon.util.ExpandableResourceBundle@124c154d; key=famous; value='{quote={index=This is {0}!, map=This is {:location}!}}'
[Test worker] TRACE griffon.util.CompositeResourceBundle - Searching key=famous.quote.index
[Test worker] TRACE griffon.util.CompositeResourceBundle - Bundle griffon.util.ExpandableResourceBundle@124c154d; key=famous.quote.index; value='This is {0}!'
[Test worker] TRACE griffon.util.CompositeResourceBundle - Searching key=reference
[Test worker] TRACE griffon.util.CompositeResourceBundle - Bundle griffon.util.ExpandableResourceBundle@124c154d; key=reference; value='{key=@[referenced.key]}'
[Test worker] TRACE griffon.util.CompositeResourceBundle - Searching key=reference.key
[Test worker] TRACE griffon.util.CompositeResourceBundle - Bundle griffon.util.ExpandableResourceBundle@124c154d; key=reference.key; value='@[referenced.key]'
[Test worker] TRACE griffon.util.CompositeResourceBundle - Searching key=healthy
[Test worker] TRACE griffon.util.CompositeResourceBundle - Bundle griffon.util.ExpandableResourceBundle@124c154d; key=healthy; value='{proverb={map=An {:fruit} a day keeps the {:occupation} away, index=An {0} a day keeps the {1} away}}'
[Test worker] TRACE griffon.util.CompositeResourceBundle - Searching key=healthy.proverb.index
[Test worker] TRACE griffon.util.CompositeResourceBundle - Bundle griffon.util.ExpandableResourceBundle@124c154d; key=healthy.proverb.index; value='An {0} a day keeps the {1} away'
[Test worker] TRACE griffon.util.CompositeResourceBundle - Searching key=referenced
[Test worker] TRACE griffon.util.CompositeResourceBundle - Bundle griffon.util.ExpandableResourceBundle@124c154d; key=referenced; value='{key=what's up doc?}'
[Test worker] TRACE griffon.util.CompositeResourceBundle - Searching key=referenced.key
[Test worker] TRACE griffon.util.CompositeResourceBundle - Bundle griffon.util.ExpandableResourceBundle@124c154d; key=referenced.key; value='what's up doc?'
[Test worker] TRACE griffon.util.CompositeResourceBundle - Searching key=not
[Test worker] TRACE griffon.util.CompositeResourceBundle - Bundle griffon.util.ExpandableResourceBundle@124c154d; key=not; value='{a={reference={key3=@[], key2=NOT], key1=@[NOT}}}'
[Test worker] TRACE griffon.util.CompositeResourceBundle - Searching key=healthy.proverb.map
[Test worker] TRACE griffon.util.CompositeResourceBundle - Bundle griffon.util.ExpandableResourceBundle@124c154d; key=healthy.proverb.map; value='An {:fruit} a day keeps the {:occupation} away'
[Test worker] TRACE griffon.util.CompositeResourceBundle - Searching key=not.a.reference.key3
[Test worker] TRACE griffon.util.CompositeResourceBundle - Bundle griffon.util.ExpandableResourceBundle@124c154d; key=not.a.reference.key3; value='@[]'
[Test worker] TRACE griffon.util.CompositeResourceBundle - Searching key=not.a.reference.key2
[Test worker] TRACE griffon.util.CompositeResourceBundle - Bundle griffon.util.ExpandableResourceBundle@124c154d; key=not.a.reference.key2; value='NOT]'
[Test worker] TRACE griffon.util.CompositeResourceBundle - Searching key=not.a.reference.key1
[Test worker] TRACE griffon.util.CompositeResourceBundle - Bundle griffon.util.ExpandableResourceBundle@124c154d; key=not.a.reference.key1; value='@[NOT'
[Test worker] TRACE griffon.util.CompositeResourceBundle - Searching key=famous.quote.map
[Test worker] TRACE griffon.util.CompositeResourceBundle - Bundle griffon.util.ExpandableResourceBundle@124c154d; key=famous.quote.map; value='This is {:location}!'
[Test worker] TRACE griffon.util.CompositeResourceBundle - Searching key=famous
[Test worker] TRACE griffon.util.CompositeResourceBundle - Bundle griffon.util.ExpandableResourceBundle@124c154d; key=famous; value='{quote={index=This is {0}!, map=This is {:location}!}}'
[Test worker] TRACE griffon.util.CompositeResourceBundle - Searching key=famous.quote.index
[Test worker] TRACE griffon.util.CompositeResourceBundle - Bundle griffon.util.ExpandableResourceBundle@124c154d; key=famous.quote.index; value='This is {0}!'
[Test worker] TRACE griffon.util.CompositeResourceBundle - Searching key=reference.key
[Test worker] TRACE griffon.util.CompositeResourceBundle - Bundle griffon.util.ExpandableResourceBundle@124c154d; key=reference.key; value='@[referenced.key]'
[Test worker] TRACE griffon.util.CompositeResourceBundle - Searching key=healthy.proverb.index
[Test worker] TRACE griffon.util.CompositeResourceBundle - Bundle griffon.util.ExpandableResourceBundle@124c154d; key=healthy.proverb.index; value='An {0} a day keeps the {1} away'
[Test worker] TRACE griffon.util.CompositeResourceBundle - Searching key=referenced.key
[Test worker] TRACE griffon.util.CompositeResourceBundle - Bundle griffon.util.ExpandableResourceBundle@124c154d; key=referenced.key; value='what's up doc?'
[Test worker] TRACE griffon.util.CompositeResourceBundle - Searching key=reference
[Test worker] TRACE griffon.util.CompositeResourceBundle - Bundle griffon.util.ExpandableResourceBundle@124c154d; key=reference; value='{key=@[referenced.key]}'
[Test worker] TRACE griffon.util.CompositeResourceBundle - Searching key=not
[Test worker] TRACE griffon.util.CompositeResourceBundle - Bundle griffon.util.ExpandableResourceBundle@124c154d; key=not; value='{a={reference={key3=@[], key2=NOT], key1=@[NOT}}}'
[Test worker] TRACE griffon.util.CompositeResourceBundle - Searching key=referenced
[Test worker] TRACE griffon.util.CompositeResourceBundle - Bundle griffon.util.ExpandableResourceBundle@124c154d; key=referenced; value='{key=what's up doc?}'
[Test worker] TRACE griffon.util.CompositeResourceBundle - Searching key=healthy
[Test worker] TRACE griffon.util.CompositeResourceBundle - Bundle griffon.util.ExpandableResourceBundle@124c154d; key=healthy; value='{proverb={map=An {:fruit} a day keeps the {:occupation} away, index=An {0} a day keeps the {1} away}}'
[Test worker] TRACE griffon.util.CompositeResourceBundle - Searching key=healthy.proverb.map
[Test worker] TRACE griffon.util.CompositeResourceBundle - Bundle griffon.util.ExpandableResourceBundle@124c154d; key=healthy.proverb.map; value='An {:fruit} a day keeps the {:occupation} away'
[Test worker] TRACE griffon.util.CompositeResourceBundle - Searching key=not.a.reference.key3
[Test worker] TRACE griffon.util.CompositeResourceBundle - Bundle griffon.util.ExpandableResourceBundle@124c154d; key=not.a.reference.key3; value='@[]'
[Test worker] TRACE griffon.util.CompositeResourceBundle - Searching key=not.a.reference.key2
[Test worker] TRACE griffon.util.CompositeResourceBundle - Bundle griffon.util.ExpandableResourceBundle@124c154d; key=not.a.reference.key2; value='NOT]'
[Test worker] TRACE griffon.util.CompositeResourceBundle - Searching key=not.a.reference.key1
[Test worker] TRACE griffon.util.CompositeResourceBundle - Bundle griffon.util.ExpandableResourceBundle@124c154d; key=not.a.reference.key1; value='@[NOT'
[Test worker] TRACE griffon.util.CompositeResourceBundle - Searching key=famous.quote.map
[Test worker] TRACE griffon.util.CompositeResourceBundle - Bundle griffon.util.ExpandableResourceBundle@124c154d; key=famous.quote.map; value='This is {:location}!'
[Test worker] TRACE griffon.util.CompositeResourceBundle - Searching key=healthy
[Test worker] TRACE griffon.util.CompositeResourceBundle - Bundle griffon.util.ExpandableResourceBundle@2b8ac59c; key=healthy; value='{proverb2={map=An {:fruit} a day keeps the {:occupation} away, index=An {0} a day keeps the {1} away}}'
[Test worker] TRACE griffon.util.CompositeResourceBundle - Searching key=healthy.proverb2.map
[Test worker] TRACE griffon.util.CompositeResourceBundle - Bundle griffon.util.ExpandableResourceBundle@2b8ac59c; key=healthy.proverb2.map; value='An {:fruit} a day keeps the {:occupation} away'
[Test worker] TRACE griffon.util.CompositeResourceBundle - Searching key=famous
[Test worker] TRACE griffon.util.CompositeResourceBundle - Bundle griffon.util.ExpandableResourceBundle@2b8ac59c; key=famous; value='{quote2={map=This is {:location}!, index=This is {0}!}}'
[Test worker] TRACE griffon.util.CompositeResourceBundle - Searching key=famous.quote2.map
[Test worker] TRACE griffon.util.CompositeResourceBundle - Bundle griffon.util.ExpandableResourceBundle@2b8ac59c; key=famous.quote2.map; value='This is {:location}!'
[Test worker] TRACE griffon.util.CompositeResourceBundle - Searching key=famous.quote2.index
[Test worker] TRACE griffon.util.CompositeResourceBundle - Bundle griffon.util.ExpandableResourceBundle@2b8ac59c; key=famous.quote2.index; value='This is {0}!'
[Test worker] TRACE griffon.util.CompositeResourceBundle - Searching key=healthy.proverb2.index
[Test worker] TRACE griffon.util.CompositeResourceBundle - Bundle griffon.util.ExpandableResourceBundle@2b8ac59c; key=healthy.proverb2.index; value='An {0} a day keeps the {1} away'
[Test worker] TRACE griffon.util.CompositeResourceBundle - Searching key=healthy.proverb2.map
[Test worker] TRACE griffon.util.CompositeResourceBundle - Bundle griffon.util.ExpandableResourceBundle@2b8ac59c; key=healthy.proverb2.map; value='An {:fruit} a day keeps the {:occupation} away'
[Test worker] TRACE griffon.util.CompositeResourceBundle - Searching key=famous
[Test worker] TRACE griffon.util.CompositeResourceBundle - Bundle griffon.util.ExpandableResourceBundle@2b8ac59c; key=famous; value='{quote2={map=This is {:location}!, index=This is {0}!}}'
[Test worker] TRACE griffon.util.CompositeResourceBundle - Searching key=healthy
[Test worker] TRACE griffon.util.CompositeResourceBundle - Bundle griffon.util.ExpandableResourceBundle@2b8ac59c; key=healthy; value='{proverb2={map=An {:fruit} a day keeps the {:occupation} away, index=An {0} a day keeps the {1} away}}'
[Test worker] TRACE griffon.util.CompositeResourceBundle - Searching key=famous.quote2.map
[Test worker] TRACE griffon.util.CompositeResourceBundle - Bundle griffon.util.ExpandableResourceBundle@2b8ac59c; key=famous.quote2.map; value='This is {:location}!'
[Test worker] TRACE griffon.util.CompositeResourceBundle - Searching key=famous.quote2.index
[Test worker] TRACE griffon.util.CompositeResourceBundle - Bundle griffon.util.ExpandableResourceBundle@2b8ac59c; key=famous.quote2.index; value='This is {0}!'
[Test worker] TRACE griffon.util.CompositeResourceBundle - Searching key=healthy.proverb2.index
[Test worker] TRACE griffon.util.CompositeResourceBundle - Bundle griffon.util.ExpandableResourceBundle@2b8ac59c; key=healthy.proverb2.index; value='An {0} a day keeps the {1} away'
[Test worker] TRACE griffon.util.CompositeResourceBundle - Searching key=famous
[Test worker] TRACE griffon.util.CompositeResourceBundle - Bundle griffon.util.ExpandableResourceBundle@1772f0b8; key=famous; value='{quote={index=This is {0}!, map=This is {:location}!}}'
[Test worker] TRACE griffon.util.CompositeResourceBundle - Searching key=famous.quote.index
[Test worker] TRACE griffon.util.CompositeResourceBundle - Bundle griffon.util.ExpandableResourceBundle@1772f0b8; key=famous.quote.index; value='This is {0}!'
[Test worker] TRACE griffon.util.CompositeResourceBundle - Searching key=reference
[Test worker] TRACE griffon.util.CompositeResourceBundle - Bundle griffon.util.ExpandableResourceBundle@1772f0b8; key=reference; value='{key=@[referenced.key]}'
[Test worker] TRACE griffon.util.CompositeResourceBundle - Searching key=reference.key
[Test worker] TRACE griffon.util.CompositeResourceBundle - Bundle griffon.util.ExpandableResourceBundle@1772f0b8; key=reference.key; value='@[referenced.key]'
[Test worker] TRACE griffon.util.CompositeResourceBundle - Searching key=healthy
[Test worker] TRACE griffon.util.CompositeResourceBundle - Bundle griffon.util.ExpandableResourceBundle@1772f0b8; key=healthy; value='{proverb={map=An {:fruit} a day keeps the {:occupation} away, index=An {0} a day keeps the {1} away}}'
[Test worker] TRACE griffon.util.CompositeResourceBundle - Searching key=healthy.proverb.index
[Test worker] TRACE griffon.util.CompositeResourceBundle - Bundle griffon.util.ExpandableResourceBundle@1772f0b8; key=healthy.proverb.index; value='An {0} a day keeps the {1} away'
[Test worker] TRACE griffon.util.CompositeResourceBundle - Searching key=referenced
[Test worker] TRACE griffon.util.CompositeResourceBundle - Bundle griffon.util.ExpandableResourceBundle@1772f0b8; key=referenced; value='{key=what's up doc?}'
[Test worker] TRACE griffon.util.CompositeResourceBundle - Searching key=referenced.key
[Test worker] TRACE griffon.util.CompositeResourceBundle - Bundle griffon.util.ExpandableResourceBundle@1772f0b8; key=referenced.key; value='what's up doc?'
[Test worker] TRACE griffon.util.CompositeResourceBundle - Searching key=not
[Test worker] TRACE griffon.util.CompositeResourceBundle - Bundle griffon.util.ExpandableResourceBundle@1772f0b8; key=not; value='{a={reference={key3=@[], key2=NOT], key1=@[NOT}}}'
[Test worker] TRACE griffon.util.CompositeResourceBundle - Searching key=healthy.proverb.map
[Test worker] TRACE griffon.util.CompositeResourceBundle - Bundle griffon.util.ExpandableResourceBundle@1772f0b8; key=healthy.proverb.map; value='An {:fruit} a day keeps the {:occupation} away'
[Test worker] TRACE griffon.util.CompositeResourceBundle - Searching key=not.a.reference.key3
[Test worker] TRACE griffon.util.CompositeResourceBundle - Bundle griffon.util.ExpandableResourceBundle@1772f0b8; key=not.a.reference.key3; value='@[]'
[Test worker] TRACE griffon.util.CompositeResourceBundle - Searching key=not.a.reference.key2
[Test worker] TRACE griffon.util.CompositeResourceBundle - Bundle griffon.util.ExpandableResourceBundle@1772f0b8; key=not.a.reference.key2; value='NOT]'
[Test worker] TRACE griffon.util.CompositeResourceBundle - Searching key=not.a.reference.key1
[Test worker] TRACE griffon.util.CompositeResourceBundle - Bundle griffon.util.ExpandableResourceBundle@1772f0b8; key=not.a.reference.key1; value='@[NOT'
[Test worker] TRACE griffon.util.CompositeResourceBundle - Searching key=famous.quote.map
[Test worker] TRACE griffon.util.CompositeResourceBundle - Bundle griffon.util.ExpandableResourceBundle@1772f0b8; key=famous.quote.map; value='This is {:location}!'
[Test worker] TRACE griffon.util.CompositeResourceBundle - Searching key=healthy.proverb2.map
[Test worker] TRACE griffon.util.CompositeResourceBundle - Bundle griffon.util.ExpandableResourceBundle@2e9295c2; key=healthy.proverb2.map; value='An {:fruit} a day keeps the {:occupation} away'
[Test worker] TRACE griffon.util.CompositeResourceBundle - Searching key=famous.quote2.map
[Test worker] TRACE griffon.util.CompositeResourceBundle - Bundle griffon.util.ExpandableResourceBundle@2e9295c2; key=famous.quote2.map; value='This is {:location}!'
[Test worker] TRACE griffon.util.CompositeResourceBundle - Searching key=famous.quote2.index
[Test worker] TRACE griffon.util.CompositeResourceBundle - Bundle griffon.util.ExpandableResourceBundle@2e9295c2; key=famous.quote2.index; value='This is {0}!'
[Test worker] TRACE griffon.util.CompositeResourceBundle - Searching key=healthy.proverb2.index
[Test worker] TRACE griffon.util.CompositeResourceBundle - Bundle griffon.util.ExpandableResourceBundle@2e9295c2; key=healthy.proverb2.index; value='An {0} a day keeps the {1} away'
]]></system-err>
</testsuite>
