<?xml version="1.0" encoding="UTF-8"?>
<testsuite name="org.codehaus.griffon.runtime.core.resources.DefaultResourceResolverTests" tests="7" skipped="0" failures="0" errors="0" timestamp="2016-11-07T10:29:18" hostname="testing-gce-835ac206-0d2d-4f2f-a0f6-3ebade8a964d" time="0.136">
  <properties/>
  <testcase name="exerciseFormatResource" classname="org.codehaus.griffon.runtime.core.resources.DefaultResourceResolverTests" time="0.037"/>
  <testcase name="resolveResourceValueWithReferencedKey" classname="org.codehaus.griffon.runtime.core.resources.DefaultResourceResolverTests" time="0.004"/>
  <testcase name="exerciseAllExceptionThrowingMethods" classname="org.codehaus.griffon.runtime.core.resources.DefaultResourceResolverTests" time="0.05"/>
  <testcase name="exerciseAllMethodsWithDefaultValue" classname="org.codehaus.griffon.runtime.core.resources.DefaultResourceResolverTests" time="0.007"/>
  <testcase name="resolveAllFormatsByProperties" classname="org.codehaus.griffon.runtime.core.resources.DefaultResourceResolverTests" time="0.004"/>
  <testcase name="exerciseAllMethodsWithConverter" classname="org.codehaus.griffon.runtime.core.resources.DefaultResourceResolverTests" time="0.01"/>
  <testcase name="resolveResourceFromCustomResourceResolver" classname="org.codehaus.griffon.runtime.core.resources.DefaultResourceResolverTests" time="0.018"/>
  <system-out><![CDATA[]]></system-out>
  <system-err><![CDATA[]]></system-err>
</testsuite>
