<?xml version="1.0" encoding="UTF-8"?>
<testsuite name="griffon.core.ContextSpec" tests="41" skipped="0" failures="0" errors="0" timestamp="2016-12-26T01:42:24" hostname="testing-gce-685b893e-8dcc-4e98-831a-c87f37484b94" time="0.064">
  <properties/>
  <testcase name="Find values on context 1 using defaults[0]" classname="griffon.core.ContextSpec" time="0.001"/>
  <testcase name="Find values on context 1 using defaults[1]" classname="griffon.core.ContextSpec" time="0.0"/>
  <testcase name="Find values on context 1 using typed defaults[0]" classname="griffon.core.ContextSpec" time="0.011"/>
  <testcase name="Find values on context 1 using typed defaults[1]" classname="griffon.core.ContextSpec" time="0.0"/>
  <testcase name="Find values on context 1 using typed defaults[2]" classname="griffon.core.ContextSpec" time="0.002"/>
  <testcase name="Find values on context 1 using typed defaults[3]" classname="griffon.core.ContextSpec" time="0.0"/>
  <testcase name="Find values on context 1 using typed defaults[4]" classname="griffon.core.ContextSpec" time="0.001"/>
  <testcase name="Find values on context 1 using typed defaults[5]" classname="griffon.core.ContextSpec" time="0.001"/>
  <testcase name="Find values on context 1 using typed defaults[6]" classname="griffon.core.ContextSpec" time="0.0"/>
  <testcase name="Find values on context 1 using typed defaults[7]" classname="griffon.core.ContextSpec" time="0.002"/>
  <testcase name="Find values on context 1 using casted default[0]" classname="griffon.core.ContextSpec" time="0.0"/>
  <testcase name="Find values on context 1 using converted default[0]" classname="griffon.core.ContextSpec" time="0.002"/>
  <testcase name="Find values on context 1 using typed getters[0]" classname="griffon.core.ContextSpec" time="0.0"/>
  <testcase name="Find values on context 1 using typed getters[1]" classname="griffon.core.ContextSpec" time="0.003"/>
  <testcase name="Find values on context 1 using typed getters[2]" classname="griffon.core.ContextSpec" time="0.001"/>
  <testcase name="Find values on context 1 using typed getters[3]" classname="griffon.core.ContextSpec" time="0.001"/>
  <testcase name="Find values on context 1 using typed getters[4]" classname="griffon.core.ContextSpec" time="0.0"/>
  <testcase name="Find values on context 1 using typed getters[5]" classname="griffon.core.ContextSpec" time="0.001"/>
  <testcase name="Find values on context 1 using casted value[0]" classname="griffon.core.ContextSpec" time="0.001"/>
  <testcase name="Find values on context 1 using converted value[0]" classname="griffon.core.ContextSpec" time="0.006"/>
  <testcase name="Find values on context 1 using converted value[1]" classname="griffon.core.ContextSpec" time="0.0"/>
  <testcase name="Find values on context 1 using converted value[2]" classname="griffon.core.ContextSpec" time="0.001"/>
  <testcase name="Remove values on context 1 using casted value[0]" classname="griffon.core.ContextSpec" time="0.002"/>
  <testcase name="Remove values on context 1 using converted value[0]" classname="griffon.core.ContextSpec" time="0.001"/>
  <testcase name="Remove values on context 1 using converted value[1]" classname="griffon.core.ContextSpec" time="0.001"/>
  <testcase name="Remove values on context 1 using converted value[2]" classname="griffon.core.ContextSpec" time="0.0"/>
  <testcase name="Find values on context 1[0]" classname="griffon.core.ContextSpec" time="0.0"/>
  <testcase name="Find values on context 1[1]" classname="griffon.core.ContextSpec" time="0.0"/>
  <testcase name="Find values on child context 2[0]" classname="griffon.core.ContextSpec" time="0.001"/>
  <testcase name="Find values on child context 2[1]" classname="griffon.core.ContextSpec" time="0.0"/>
  <testcase name="Find values on child context 2[2]" classname="griffon.core.ContextSpec" time="0.0"/>
  <testcase name="Find values on child context 3[0]" classname="griffon.core.ContextSpec" time="0.0"/>
  <testcase name="Find values on child context 3[1]" classname="griffon.core.ContextSpec" time="0.001"/>
  <testcase name="Find values on child context 3[2]" classname="griffon.core.ContextSpec" time="0.001"/>
  <testcase name="Shadowed attributes in child context 2" classname="griffon.core.ContextSpec" time="0.001"/>
  <testcase name="Destroying a context clears all attributes" classname="griffon.core.ContextSpec" time="0.002"/>
  <testcase name="Get all the keys[0]" classname="griffon.core.ContextSpec" time="0.001"/>
  <testcase name="Get all the keys[1]" classname="griffon.core.ContextSpec" time="0.0"/>
  <testcase name="ContainsKey on child context" classname="griffon.core.ContextSpec" time="0.0"/>
  <testcase name="HasKey on child context" classname="griffon.core.ContextSpec" time="0.001"/>
  <testcase name="Inject contextual members" classname="griffon.core.ContextSpec" time="0.006"/>
  <system-out><![CDATA[]]></system-out>
  <system-err><![CDATA[[Test worker] TRACE griffon.core.editors.PropertyEditorResolver - Searching PropertyEditor for java.lang.Integer
[Test worker] TRACE griffon.core.editors.PropertyEditorResolver - PropertyEditor for java.lang.Integer is griffon.core.editors.IntegerPropertyEditor
[Test worker] TRACE griffon.core.editors.PropertyEditorResolver - Searching PropertyEditor for java.lang.Integer
[Test worker] TRACE griffon.core.editors.PropertyEditorResolver - PropertyEditor for java.lang.Integer is griffon.core.editors.IntegerPropertyEditor
]]></system-err>
</testsuite>
