<?xml version="1.0" encoding="UTF-8"?>
<testsuite name="org.codehaus.griffon.runtime.core.storage.DefaultObjectFactorySpec" tests="6" skipped="0" failures="0" errors="0" timestamp="2016-12-08T10:47:09" hostname="testing-gce-ca57fc1e-ec7c-44b4-8576-00554cba6b12" time="0.024">
  <properties/>
  <testcase name="Find config under default" classname="org.codehaus.griffon.runtime.core.storage.DefaultObjectFactorySpec" time="0.02"/>
  <testcase name="Find config under internal" classname="org.codehaus.griffon.runtime.core.storage.DefaultObjectFactorySpec" time="0.001"/>
  <testcase name="Find config under nonexistant" classname="org.codehaus.griffon.runtime.core.storage.DefaultObjectFactorySpec" time="0.001"/>
  <testcase name="Find config under default" classname="org.codehaus.griffon.runtime.core.storage.DefaultObjectFactorySpec" time="0.001"/>
  <testcase name="Find config under internal" classname="org.codehaus.griffon.runtime.core.storage.DefaultObjectFactorySpec" time="0.001"/>
  <testcase name="Find config under nonexistant" classname="org.codehaus.griffon.runtime.core.storage.DefaultObjectFactorySpec" time="0.0"/>
  <system-out><![CDATA[]]></system-out>
  <system-err><![CDATA[[Test worker] DEBUG org.codehaus.griffon.runtime.core.event.AbstractEventRouter - Triggering event 'RandomEvent' synchronously
[Test worker] DEBUG org.codehaus.griffon.runtime.core.event.AbstractEventRouter - Triggering event 'RandomEvent' synchronously
[Test worker] DEBUG org.codehaus.griffon.runtime.core.event.AbstractEventRouter - Triggering event 'RandomEvent' synchronously
[Test worker] DEBUG org.codehaus.griffon.runtime.core.event.AbstractEventRouter - Triggering event 'RandomEvent' synchronously
[Test worker] DEBUG org.codehaus.griffon.runtime.core.event.AbstractEventRouter - Triggering event 'RandomEvent' synchronously
[Test worker] DEBUG org.codehaus.griffon.runtime.core.event.AbstractEventRouter - Triggering event 'RandomEvent' synchronously
]]></system-err>
</testsuite>
