<?xml version="1.0" encoding="UTF-8"?>
<testsuite name="org.codehaus.griffon.runtime.core.configuration.ConfigurationSpec" tests="17" skipped="0" failures="0" errors="0" timestamp="2017-04-24T08:41:26" hostname="testing-gce-5d7d77d1-ab44-4e29-9f52-aa2a647d6215" time="0.039">
  <properties/>
  <testcase name="Calling configuration.get(key.string, null) returns string" classname="org.codehaus.griffon.runtime.core.configuration.ConfigurationSpec" time="0.015"/>
  <testcase name="Calling configuration.get(key.string, foo) returns string" classname="org.codehaus.griffon.runtime.core.configuration.ConfigurationSpec" time="0.001"/>
  <testcase name="Calling configuration.get(key.int.type, null) returns 42" classname="org.codehaus.griffon.runtime.core.configuration.ConfigurationSpec" time="0.0"/>
  <testcase name="Calling configuration.get(key.int.type, foo) returns 42" classname="org.codehaus.griffon.runtime.core.configuration.ConfigurationSpec" time="0.0"/>
  <testcase name="Calling configuration.get(key.foo, null) returns null" classname="org.codehaus.griffon.runtime.core.configuration.ConfigurationSpec" time="0.001"/>
  <testcase name="Calling configuration.get(key.foo, foo) returns foo" classname="org.codehaus.griffon.runtime.core.configuration.ConfigurationSpec" time="0.001"/>
  <testcase name="Calling configuration.getAs(key.int.type) returns blindly casted 42" classname="org.codehaus.griffon.runtime.core.configuration.ConfigurationSpec" time="0.001"/>
  <testcase name="Calling configuration.getConverted(key.int.null) returns converted null" classname="org.codehaus.griffon.runtime.core.configuration.ConfigurationSpec" time="0.003"/>
  <testcase name="Calling configuration.getConverted(key.int.type) returns converted 42" classname="org.codehaus.griffon.runtime.core.configuration.ConfigurationSpec" time="0.001"/>
  <testcase name="Calling configuration.getConverted(key.int.string) returns converted 21" classname="org.codehaus.griffon.runtime.core.configuration.ConfigurationSpec" time="0.0"/>
  <testcase name="Calling configuration.getConverted(key.date.string) with format returns converted Sun Dec 28 00:00:00 GMT 1969" classname="org.codehaus.griffon.runtime.core.configuration.ConfigurationSpec" time="0.003"/>
  <testcase name="Calling configuration.getAsString(key.string, null) returns string" classname="org.codehaus.griffon.runtime.core.configuration.ConfigurationSpec" time="0.0"/>
  <testcase name="Calling configuration.getAsString(key.string, foo) returns string" classname="org.codehaus.griffon.runtime.core.configuration.ConfigurationSpec" time="0.002"/>
  <testcase name="Calling configuration.getAsString(key.int.type, null) returns 42" classname="org.codehaus.griffon.runtime.core.configuration.ConfigurationSpec" time="0.0"/>
  <testcase name="Calling configuration.getAsString(key.int.type, foo) returns 42" classname="org.codehaus.griffon.runtime.core.configuration.ConfigurationSpec" time="0.001"/>
  <testcase name="Calling configuration.getAsString(key.foo, null) returns null" classname="org.codehaus.griffon.runtime.core.configuration.ConfigurationSpec" time="0.0"/>
  <testcase name="Calling configuration.getAsString(key.foo, foo) returns foo" classname="org.codehaus.griffon.runtime.core.configuration.ConfigurationSpec" time="0.004"/>
  <system-out><![CDATA[]]></system-out>
  <system-err><![CDATA[[Test worker] TRACE griffon.core.editors.PropertyEditorResolver - Searching PropertyEditor for java.lang.Integer
[Test worker] TRACE griffon.core.editors.PropertyEditorResolver - PropertyEditor for java.lang.Integer is griffon.core.editors.IntegerPropertyEditor
[Test worker] TRACE griffon.core.editors.PropertyEditorResolver - Searching PropertyEditor for java.util.Date
[Test worker] TRACE griffon.core.editors.PropertyEditorResolver - PropertyEditor for java.util.Date is griffon.core.editors.DatePropertyEditor
]]></system-err>
</testsuite>
