<?xml version="1.0" encoding="UTF-8"?>
<testsuite name="griffon.util.ExpandableResourceBundleSpec" tests="5" skipped="0" failures="0" errors="0" timestamp="2017-03-13T20:04:28" hostname="testing-gce-b8b399cf-2944-40b7-9ac2-ba08b6394ae0" time="0.068">
  <properties/>
  <testcase name="Calling bundle.getObject(single, #Error:defaultValue) gives single as result" classname="griffon.util.ExpandableResourceBundleSpec" time="0.044"/>
  <testcase name="Calling bundle.getObject(key.string, #Error:defaultValue) gives string as result" classname="griffon.util.ExpandableResourceBundleSpec" time="0.001"/>
  <testcase name="Calling bundle.getObject(key.number, #Error:defaultValue) gives number as result" classname="griffon.util.ExpandableResourceBundleSpec" time="0.0"/>
  <testcase name="Calling bundle.getObject(key, #Error:defaultValue) gives [string:string, number:number] as result" classname="griffon.util.ExpandableResourceBundleSpec" time="0.002"/>
  <testcase name="Test wrapping modes" classname="griffon.util.ExpandableResourceBundleSpec" time="0.009"/>
  <system-out><![CDATA[]]></system-out>
  <system-err><![CDATA[]]></system-err>
</testsuite>
