<?xml version="1.0" encoding="UTF-8"?>
<testsuite name="griffon.core.injection.QualifierSpec" tests="1" skipped="0" failures="0" errors="0" timestamp="2017-02-22T11:02:42" hostname="testing-gce-b8b6801a-53e2-4480-af61-c20b9a592141" time="0.004">
  <properties/>
  <testcase name="Test Qualified settings" classname="griffon.core.injection.QualifierSpec" time="0.004"/>
  <system-out><![CDATA[]]></system-out>
  <system-err><![CDATA[]]></system-err>
</testsuite>
