<?xml version="1.0" encoding="UTF-8"?>
<testsuite name="griffon.core.env.FeatureTests" tests="2" skipped="0" failures="0" errors="0" timestamp="2017-03-02T16:37:42" hostname="testing-gce-15546362-e4d0-449b-b9dd-ab0b76bbd52d" time="0.011">
  <properties/>
  <testcase name="testExecuteFeatureBlockIfEnabled" classname="griffon.core.env.FeatureTests" time="0.009"/>
  <testcase name="testSystemPropertyHasPrecedenceOverMetadata" classname="griffon.core.env.FeatureTests" time="0.002"/>
  <system-out><![CDATA[]]></system-out>
  <system-err><![CDATA[]]></system-err>
</testsuite>
