<?xml version="1.0" encoding="UTF-8"?>
<testsuite name="org.codehaus.griffon.runtime.core.event.DefaultEventPublisherSpec" tests="38" skipped="0" failures="0" errors="0" timestamp="2017-05-04T09:18:36" hostname="testing-docker-90703794-a676-4191-81e0-3d1951fbc1fe" time="1.937">
  <properties/>
  <testcase name="Invoking an event by name in synchronous mode with a callable listener" classname="org.codehaus.griffon.runtime.core.event.DefaultEventPublisherSpec" time="0.04"/>
  <testcase name="Invoking an event by name in asynchronous mode with a callable listener" classname="org.codehaus.griffon.runtime.core.event.DefaultEventPublisherSpec" time="0.211"/>
  <testcase name="Invoking an event by name in outside mode with a callable listener" classname="org.codehaus.griffon.runtime.core.event.DefaultEventPublisherSpec" time="0.003"/>
  <testcase name="Invoking an event by name in synchronous mode with a runnable listener" classname="org.codehaus.griffon.runtime.core.event.DefaultEventPublisherSpec" time="0.003"/>
  <testcase name="Invoking an event by name in asynchronous mode with a runnable listener" classname="org.codehaus.griffon.runtime.core.event.DefaultEventPublisherSpec" time="0.201"/>
  <testcase name="Invoking an event by name in outside mode with a runnable listener" classname="org.codehaus.griffon.runtime.core.event.DefaultEventPublisherSpec" time="0.002"/>
  <testcase name="Invoking an event by name in synchronous mode with a Map listener (callable)" classname="org.codehaus.griffon.runtime.core.event.DefaultEventPublisherSpec" time="0.004"/>
  <testcase name="Invoking an event by name in asynchronous mode with a Map listener (callable)" classname="org.codehaus.griffon.runtime.core.event.DefaultEventPublisherSpec" time="0.204"/>
  <testcase name="Invoking an event by name in outside mode with a Map listener (callable)" classname="org.codehaus.griffon.runtime.core.event.DefaultEventPublisherSpec" time="0.002"/>
  <testcase name="Invoking an event by name in synchronous mode with a Map listener (runnable)" classname="org.codehaus.griffon.runtime.core.event.DefaultEventPublisherSpec" time="0.002"/>
  <testcase name="Invoking an event by name in asynchronous mode with a Map listener (runnable)" classname="org.codehaus.griffon.runtime.core.event.DefaultEventPublisherSpec" time="0.211"/>
  <testcase name="Invoking an event by name in outside mode with a Map listener (runnable)" classname="org.codehaus.griffon.runtime.core.event.DefaultEventPublisherSpec" time="0.002"/>
  <testcase name="Invoking an event by name in synchronous mode with a bean listener" classname="org.codehaus.griffon.runtime.core.event.DefaultEventPublisherSpec" time="0.005"/>
  <testcase name="Invoking an event by name in asynchronous mode with a bean listener" classname="org.codehaus.griffon.runtime.core.event.DefaultEventPublisherSpec" time="0.202"/>
  <testcase name="Invoking an event by name in outside mode with a bean listener" classname="org.codehaus.griffon.runtime.core.event.DefaultEventPublisherSpec" time="0.002"/>
  <testcase name="Invoking an event in synchronous mode with a callable listener" classname="org.codehaus.griffon.runtime.core.event.DefaultEventPublisherSpec" time="0.003"/>
  <testcase name="Invoking an event in asynchronous mode with a callable listener" classname="org.codehaus.griffon.runtime.core.event.DefaultEventPublisherSpec" time="0.203"/>
  <testcase name="Invoking an event in outside mode with a callable listener" classname="org.codehaus.griffon.runtime.core.event.DefaultEventPublisherSpec" time="0.001"/>
  <testcase name="Invoking an event in synchronous mode with a runnable listener" classname="org.codehaus.griffon.runtime.core.event.DefaultEventPublisherSpec" time="0.001"/>
  <testcase name="Invoking an event in asynchronous mode with a runnable listener" classname="org.codehaus.griffon.runtime.core.event.DefaultEventPublisherSpec" time="0.202"/>
  <testcase name="Invoking an event in outside mode with a runnable listener" classname="org.codehaus.griffon.runtime.core.event.DefaultEventPublisherSpec" time="0.001"/>
  <testcase name="Invoking an event in synchronous mode with a Map listener (callable)" classname="org.codehaus.griffon.runtime.core.event.DefaultEventPublisherSpec" time="0.001"/>
  <testcase name="Invoking an event in asynchronous mode with a Map listener (callable)" classname="org.codehaus.griffon.runtime.core.event.DefaultEventPublisherSpec" time="0.201"/>
  <testcase name="Invoking an event in outside mode with a Map listener (callable)" classname="org.codehaus.griffon.runtime.core.event.DefaultEventPublisherSpec" time="0.001"/>
  <testcase name="Invoking an event in synchronous mode with a Map listener (runnable)" classname="org.codehaus.griffon.runtime.core.event.DefaultEventPublisherSpec" time="0.001"/>
  <testcase name="Invoking an event in asynchronous mode with a Map listener (runnable)" classname="org.codehaus.griffon.runtime.core.event.DefaultEventPublisherSpec" time="0.202"/>
  <testcase name="Invoking an event in outside mode with a Map listener (runnable)" classname="org.codehaus.griffon.runtime.core.event.DefaultEventPublisherSpec" time="0.001"/>
  <testcase name="Register and unregister a callable listener by name" classname="org.codehaus.griffon.runtime.core.event.DefaultEventPublisherSpec" time="0.002"/>
  <testcase name="Register and unregister a runnable listener by name" classname="org.codehaus.griffon.runtime.core.event.DefaultEventPublisherSpec" time="0.001"/>
  <testcase name="Register and unregister a Map listener by name (callable)" classname="org.codehaus.griffon.runtime.core.event.DefaultEventPublisherSpec" time="0.002"/>
  <testcase name="Register and unregister a Map listener by name (runnable)" classname="org.codehaus.griffon.runtime.core.event.DefaultEventPublisherSpec" time="0.001"/>
  <testcase name="Register and unregister a callable listener" classname="org.codehaus.griffon.runtime.core.event.DefaultEventPublisherSpec" time="0.001"/>
  <testcase name="Register and unregister a runnable listener" classname="org.codehaus.griffon.runtime.core.event.DefaultEventPublisherSpec" time="0.002"/>
  <testcase name="Register and unregister a bean listener" classname="org.codehaus.griffon.runtime.core.event.DefaultEventPublisherSpec" time="0.001"/>
  <testcase name="Register and unregister a bean listener with nested listeners" classname="org.codehaus.griffon.runtime.core.event.DefaultEventPublisherSpec" time="0.008"/>
  <testcase name="Register and unregister an invalid bean listener" classname="org.codehaus.griffon.runtime.core.event.DefaultEventPublisherSpec" time="0.001"/>
  <testcase name="Triggering an event with event published disabled does not notify listener" classname="org.codehaus.griffon.runtime.core.event.DefaultEventPublisherSpec" time="0.001"/>
  <testcase name="Query existing listeners by event name" classname="org.codehaus.griffon.runtime.core.event.DefaultEventPublisherSpec" time="0.002"/>
  <system-out><![CDATA[]]></system-out>
  <system-err><![CDATA[[Test worker] DEBUG org.codehaus.griffon.runtime.core.event.AbstractEventRouter - Adding listener org.codehaus.griffon.runtime.core.event.DefaultEventPublisherSpec$TestCallableEventHandler on MyEvent1
[Test worker] DEBUG org.codehaus.griffon.runtime.core.event.AbstractEventRouter - Triggering event 'MyEvent1' synchronously
[Test worker] DEBUG org.codehaus.griffon.runtime.core.event.AbstractEventRouter - Triggering event 'MyEvent2' synchronously
[Test worker] DEBUG org.codehaus.griffon.runtime.core.event.AbstractEventRouter - Triggering event 'MyEvent1' synchronously
[Test worker] DEBUG org.codehaus.griffon.runtime.core.event.AbstractEventRouter - Triggering event 'MyEvent2' synchronously
[Test worker] DEBUG org.codehaus.griffon.runtime.core.event.AbstractEventRouter - Adding listener org.codehaus.griffon.runtime.core.event.DefaultEventPublisherSpec$TestCallableEventHandler on MyEvent1
[event-router-3-thread-1] DEBUG org.codehaus.griffon.runtime.core.event.AbstractEventRouter - Triggering event 'MyEvent1' asynchronously
[event-router-3-thread-2] DEBUG org.codehaus.griffon.runtime.core.event.AbstractEventRouter - Triggering event 'MyEvent2' asynchronously
[event-router-3-thread-3] DEBUG org.codehaus.griffon.runtime.core.event.AbstractEventRouter - Triggering event 'MyEvent1' asynchronously
[event-router-3-thread-4] DEBUG org.codehaus.griffon.runtime.core.event.AbstractEventRouter - Triggering event 'MyEvent2' asynchronously
[Test worker] DEBUG org.codehaus.griffon.runtime.core.event.AbstractEventRouter - Adding listener org.codehaus.griffon.runtime.core.event.DefaultEventPublisherSpec$TestCallableEventHandler on MyEvent1
[Test worker] DEBUG org.codehaus.griffon.runtime.core.event.AbstractEventRouter - Triggering event 'MyEvent1' outside UI
[Test worker] DEBUG org.codehaus.griffon.runtime.core.event.AbstractEventRouter - Triggering event 'MyEvent2' outside UI
[Test worker] DEBUG org.codehaus.griffon.runtime.core.event.AbstractEventRouter - Triggering event 'MyEvent1' outside UI
[Test worker] DEBUG org.codehaus.griffon.runtime.core.event.AbstractEventRouter - Triggering event 'MyEvent2' outside UI
[Test worker] DEBUG org.codehaus.griffon.runtime.core.event.AbstractEventRouter - Adding listener org.codehaus.griffon.runtime.core.event.DefaultEventPublisherSpec$TestRunnableEventHandler on MyEvent1
[Test worker] DEBUG org.codehaus.griffon.runtime.core.event.AbstractEventRouter - Triggering event 'MyEvent1' synchronously
[Test worker] DEBUG org.codehaus.griffon.runtime.core.event.AbstractEventRouter - Triggering event 'MyEvent2' synchronously
[Test worker] DEBUG org.codehaus.griffon.runtime.core.event.AbstractEventRouter - Adding listener org.codehaus.griffon.runtime.core.event.DefaultEventPublisherSpec$TestRunnableEventHandler on MyEvent1
[event-router-6-thread-1] DEBUG org.codehaus.griffon.runtime.core.event.AbstractEventRouter - Triggering event 'MyEvent1' asynchronously
[event-router-6-thread-2] DEBUG org.codehaus.griffon.runtime.core.event.AbstractEventRouter - Triggering event 'MyEvent2' asynchronously
[Test worker] DEBUG org.codehaus.griffon.runtime.core.event.AbstractEventRouter - Adding listener org.codehaus.griffon.runtime.core.event.DefaultEventPublisherSpec$TestRunnableEventHandler on MyEvent1
[Test worker] DEBUG org.codehaus.griffon.runtime.core.event.AbstractEventRouter - Triggering event 'MyEvent1' outside UI
[Test worker] DEBUG org.codehaus.griffon.runtime.core.event.AbstractEventRouter - Triggering event 'MyEvent2' outside UI
[Test worker] DEBUG org.codehaus.griffon.runtime.core.event.AbstractEventRouter - Adding listener org.codehaus.griffon.runtime.core.event.DefaultEventPublisherSpec$TestCallableEventHandler on MyEvent1
[Test worker] DEBUG org.codehaus.griffon.runtime.core.event.AbstractEventRouter - Triggering event 'MyEvent1' synchronously
[Test worker] DEBUG org.codehaus.griffon.runtime.core.event.AbstractEventRouter - Triggering event 'MyEvent2' synchronously
[Test worker] DEBUG org.codehaus.griffon.runtime.core.event.AbstractEventRouter - Adding listener org.codehaus.griffon.runtime.core.event.DefaultEventPublisherSpec$TestCallableEventHandler on MyEvent1
[event-router-9-thread-1] DEBUG org.codehaus.griffon.runtime.core.event.AbstractEventRouter - Triggering event 'MyEvent1' asynchronously
[event-router-9-thread-2] DEBUG org.codehaus.griffon.runtime.core.event.AbstractEventRouter - Triggering event 'MyEvent2' asynchronously
[Test worker] DEBUG org.codehaus.griffon.runtime.core.event.AbstractEventRouter - Adding listener org.codehaus.griffon.runtime.core.event.DefaultEventPublisherSpec$TestCallableEventHandler on MyEvent1
[Test worker] DEBUG org.codehaus.griffon.runtime.core.event.AbstractEventRouter - Triggering event 'MyEvent1' outside UI
[Test worker] DEBUG org.codehaus.griffon.runtime.core.event.AbstractEventRouter - Triggering event 'MyEvent2' outside UI
[Test worker] DEBUG org.codehaus.griffon.runtime.core.event.AbstractEventRouter - Adding listener org.codehaus.griffon.runtime.core.event.DefaultEventPublisherSpec$TestRunnableEventHandler on MyEvent1
[Test worker] DEBUG org.codehaus.griffon.runtime.core.event.AbstractEventRouter - Triggering event 'MyEvent1' synchronously
[Test worker] DEBUG org.codehaus.griffon.runtime.core.event.AbstractEventRouter - Triggering event 'MyEvent2' synchronously
[Test worker] DEBUG org.codehaus.griffon.runtime.core.event.AbstractEventRouter - Adding listener org.codehaus.griffon.runtime.core.event.DefaultEventPublisherSpec$TestRunnableEventHandler on MyEvent1
[event-router-12-thread-1] DEBUG org.codehaus.griffon.runtime.core.event.AbstractEventRouter - Triggering event 'MyEvent1' asynchronously
[event-router-12-thread-2] DEBUG org.codehaus.griffon.runtime.core.event.AbstractEventRouter - Triggering event 'MyEvent2' asynchronously
[Test worker] DEBUG org.codehaus.griffon.runtime.core.event.AbstractEventRouter - Adding listener org.codehaus.griffon.runtime.core.event.DefaultEventPublisherSpec$TestRunnableEventHandler on MyEvent1
[Test worker] DEBUG org.codehaus.griffon.runtime.core.event.AbstractEventRouter - Triggering event 'MyEvent1' outside UI
[Test worker] DEBUG org.codehaus.griffon.runtime.core.event.AbstractEventRouter - Triggering event 'MyEvent2' outside UI
[Test worker] DEBUG org.codehaus.griffon.runtime.core.event.AbstractEventRouter - Adding listener org.codehaus.griffon.runtime.core.event.DefaultEventPublisherSpec$EventHandler@4d4a9b31
[Test worker] DEBUG org.codehaus.griffon.runtime.core.event.AbstractEventRouter - Triggering event 'MyEvent1' synchronously
[Test worker] DEBUG org.codehaus.griffon.runtime.core.event.AbstractEventRouter - Triggering event 'MyEvent2' synchronously
[Test worker] DEBUG org.codehaus.griffon.runtime.core.event.AbstractEventRouter - Adding listener org.codehaus.griffon.runtime.core.event.DefaultEventPublisherSpec$EventHandler@71bfec5b
[event-router-15-thread-1] DEBUG org.codehaus.griffon.runtime.core.event.AbstractEventRouter - Triggering event 'MyEvent1' asynchronously
[event-router-15-thread-2] DEBUG org.codehaus.griffon.runtime.core.event.AbstractEventRouter - Triggering event 'MyEvent2' asynchronously
[Test worker] DEBUG org.codehaus.griffon.runtime.core.event.AbstractEventRouter - Adding listener org.codehaus.griffon.runtime.core.event.DefaultEventPublisherSpec$EventHandler@393817a
[Test worker] DEBUG org.codehaus.griffon.runtime.core.event.AbstractEventRouter - Triggering event 'MyEvent1' outside UI
[Test worker] DEBUG org.codehaus.griffon.runtime.core.event.AbstractEventRouter - Triggering event 'MyEvent2' outside UI
[Test worker] DEBUG org.codehaus.griffon.runtime.core.event.AbstractEventRouter - Adding listener org.codehaus.griffon.runtime.core.event.DefaultEventPublisherSpec$TestCallableEventHandler on MyEvent1
[Test worker] DEBUG org.codehaus.griffon.runtime.core.event.AbstractEventRouter - Triggering event 'MyEvent1' synchronously
[Test worker] DEBUG org.codehaus.griffon.runtime.core.event.AbstractEventRouter - Triggering event 'MyEvent2' synchronously
[Test worker] DEBUG org.codehaus.griffon.runtime.core.event.AbstractEventRouter - Adding listener org.codehaus.griffon.runtime.core.event.DefaultEventPublisherSpec$TestCallableEventHandler on MyEvent1
[event-router-18-thread-1] DEBUG org.codehaus.griffon.runtime.core.event.AbstractEventRouter - Triggering event 'MyEvent1' asynchronously
[event-router-18-thread-2] DEBUG org.codehaus.griffon.runtime.core.event.AbstractEventRouter - Triggering event 'MyEvent2' asynchronously
[Test worker] DEBUG org.codehaus.griffon.runtime.core.event.AbstractEventRouter - Adding listener org.codehaus.griffon.runtime.core.event.DefaultEventPublisherSpec$TestCallableEventHandler on MyEvent1
[Test worker] DEBUG org.codehaus.griffon.runtime.core.event.AbstractEventRouter - Triggering event 'MyEvent1' outside UI
[Test worker] DEBUG org.codehaus.griffon.runtime.core.event.AbstractEventRouter - Triggering event 'MyEvent2' outside UI
[Test worker] DEBUG org.codehaus.griffon.runtime.core.event.AbstractEventRouter - Adding listener org.codehaus.griffon.runtime.core.event.DefaultEventPublisherSpec$TestRunnableEventHandler on MyEvent1
[Test worker] DEBUG org.codehaus.griffon.runtime.core.event.AbstractEventRouter - Triggering event 'MyEvent1' synchronously
[Test worker] DEBUG org.codehaus.griffon.runtime.core.event.AbstractEventRouter - Triggering event 'MyEvent2' synchronously
[Test worker] DEBUG org.codehaus.griffon.runtime.core.event.AbstractEventRouter - Adding listener org.codehaus.griffon.runtime.core.event.DefaultEventPublisherSpec$TestRunnableEventHandler on MyEvent1
[event-router-21-thread-1] DEBUG org.codehaus.griffon.runtime.core.event.AbstractEventRouter - Triggering event 'MyEvent1' asynchronously
[event-router-21-thread-2] DEBUG org.codehaus.griffon.runtime.core.event.AbstractEventRouter - Triggering event 'MyEvent2' asynchronously
[Test worker] DEBUG org.codehaus.griffon.runtime.core.event.AbstractEventRouter - Adding listener org.codehaus.griffon.runtime.core.event.DefaultEventPublisherSpec$TestRunnableEventHandler on MyEvent1
[Test worker] DEBUG org.codehaus.griffon.runtime.core.event.AbstractEventRouter - Triggering event 'MyEvent1' outside UI
[Test worker] DEBUG org.codehaus.griffon.runtime.core.event.AbstractEventRouter - Triggering event 'MyEvent2' outside UI
[Test worker] DEBUG org.codehaus.griffon.runtime.core.event.AbstractEventRouter - Adding listener org.codehaus.griffon.runtime.core.event.DefaultEventPublisherSpec$TestCallableEventHandler on MyEvent1
[Test worker] DEBUG org.codehaus.griffon.runtime.core.event.AbstractEventRouter - Triggering event 'MyEvent1' synchronously
[Test worker] DEBUG org.codehaus.griffon.runtime.core.event.AbstractEventRouter - Triggering event 'MyEvent2' synchronously
[Test worker] DEBUG org.codehaus.griffon.runtime.core.event.AbstractEventRouter - Adding listener org.codehaus.griffon.runtime.core.event.DefaultEventPublisherSpec$TestCallableEventHandler on MyEvent1
[event-router-24-thread-1] DEBUG org.codehaus.griffon.runtime.core.event.AbstractEventRouter - Triggering event 'MyEvent1' asynchronously
[event-router-24-thread-2] DEBUG org.codehaus.griffon.runtime.core.event.AbstractEventRouter - Triggering event 'MyEvent2' asynchronously
[Test worker] DEBUG org.codehaus.griffon.runtime.core.event.AbstractEventRouter - Adding listener org.codehaus.griffon.runtime.core.event.DefaultEventPublisherSpec$TestCallableEventHandler on MyEvent1
[Test worker] DEBUG org.codehaus.griffon.runtime.core.event.AbstractEventRouter - Triggering event 'MyEvent1' outside UI
[Test worker] DEBUG org.codehaus.griffon.runtime.core.event.AbstractEventRouter - Triggering event 'MyEvent2' outside UI
[Test worker] DEBUG org.codehaus.griffon.runtime.core.event.AbstractEventRouter - Adding listener org.codehaus.griffon.runtime.core.event.DefaultEventPublisherSpec$TestRunnableEventHandler on MyEvent1
[Test worker] DEBUG org.codehaus.griffon.runtime.core.event.AbstractEventRouter - Triggering event 'MyEvent1' synchronously
[Test worker] DEBUG org.codehaus.griffon.runtime.core.event.AbstractEventRouter - Triggering event 'MyEvent2' synchronously
[Test worker] DEBUG org.codehaus.griffon.runtime.core.event.AbstractEventRouter - Adding listener org.codehaus.griffon.runtime.core.event.DefaultEventPublisherSpec$TestRunnableEventHandler on MyEvent1
[event-router-27-thread-1] DEBUG org.codehaus.griffon.runtime.core.event.AbstractEventRouter - Triggering event 'MyEvent1' asynchronously
[event-router-27-thread-2] DEBUG org.codehaus.griffon.runtime.core.event.AbstractEventRouter - Triggering event 'MyEvent2' asynchronously
[Test worker] DEBUG org.codehaus.griffon.runtime.core.event.AbstractEventRouter - Adding listener org.codehaus.griffon.runtime.core.event.DefaultEventPublisherSpec$TestRunnableEventHandler on MyEvent1
[Test worker] DEBUG org.codehaus.griffon.runtime.core.event.AbstractEventRouter - Triggering event 'MyEvent1' outside UI
[Test worker] DEBUG org.codehaus.griffon.runtime.core.event.AbstractEventRouter - Triggering event 'MyEvent2' outside UI
[Test worker] DEBUG org.codehaus.griffon.runtime.core.event.AbstractEventRouter - Adding listener org.codehaus.griffon.runtime.core.event.DefaultEventPublisherSpec$TestCallableEventHandler on MyEvent1
[Test worker] DEBUG org.codehaus.griffon.runtime.core.event.AbstractEventRouter - Removing listener org.codehaus.griffon.runtime.core.event.DefaultEventPublisherSpec$TestCallableEventHandler on MyEvent1
[Test worker] DEBUG org.codehaus.griffon.runtime.core.event.AbstractEventRouter - Triggering event 'MyEvent1' synchronously
[Test worker] DEBUG org.codehaus.griffon.runtime.core.event.AbstractEventRouter - Triggering event 'MyEvent2' synchronously
[Test worker] DEBUG org.codehaus.griffon.runtime.core.event.AbstractEventRouter - Adding listener org.codehaus.griffon.runtime.core.event.DefaultEventPublisherSpec$TestRunnableEventHandler on MyEvent1
[Test worker] DEBUG org.codehaus.griffon.runtime.core.event.AbstractEventRouter - Removing listener org.codehaus.griffon.runtime.core.event.DefaultEventPublisherSpec$TestRunnableEventHandler on MyEvent1
[Test worker] DEBUG org.codehaus.griffon.runtime.core.event.AbstractEventRouter - Triggering event 'MyEvent1' synchronously
[Test worker] DEBUG org.codehaus.griffon.runtime.core.event.AbstractEventRouter - Triggering event 'MyEvent2' synchronously
[Test worker] DEBUG org.codehaus.griffon.runtime.core.event.AbstractEventRouter - Adding listener org.codehaus.griffon.runtime.core.event.DefaultEventPublisherSpec$TestCallableEventHandler on MyEvent1
[Test worker] DEBUG org.codehaus.griffon.runtime.core.event.AbstractEventRouter - Removing listener org.codehaus.griffon.runtime.core.event.DefaultEventPublisherSpec$TestCallableEventHandler on MyEvent1
[Test worker] DEBUG org.codehaus.griffon.runtime.core.event.AbstractEventRouter - Triggering event 'MyEvent1' synchronously
[Test worker] DEBUG org.codehaus.griffon.runtime.core.event.AbstractEventRouter - Triggering event 'MyEvent2' synchronously
[Test worker] DEBUG org.codehaus.griffon.runtime.core.event.AbstractEventRouter - Adding listener org.codehaus.griffon.runtime.core.event.DefaultEventPublisherSpec$TestRunnableEventHandler on MyEvent1
[Test worker] DEBUG org.codehaus.griffon.runtime.core.event.AbstractEventRouter - Removing listener org.codehaus.griffon.runtime.core.event.DefaultEventPublisherSpec$TestRunnableEventHandler on MyEvent1
[Test worker] DEBUG org.codehaus.griffon.runtime.core.event.AbstractEventRouter - Triggering event 'MyEvent1' synchronously
[Test worker] DEBUG org.codehaus.griffon.runtime.core.event.AbstractEventRouter - Triggering event 'MyEvent2' synchronously
[Test worker] DEBUG org.codehaus.griffon.runtime.core.event.AbstractEventRouter - Adding listener org.codehaus.griffon.runtime.core.event.DefaultEventPublisherSpec$TestCallableEventHandler on MyEvent1
[Test worker] DEBUG org.codehaus.griffon.runtime.core.event.AbstractEventRouter - Removing listener org.codehaus.griffon.runtime.core.event.DefaultEventPublisherSpec$TestCallableEventHandler on MyEvent1
[Test worker] DEBUG org.codehaus.griffon.runtime.core.event.AbstractEventRouter - Triggering event 'MyEvent1' synchronously
[Test worker] DEBUG org.codehaus.griffon.runtime.core.event.AbstractEventRouter - Triggering event 'MyEvent2' synchronously
[Test worker] DEBUG org.codehaus.griffon.runtime.core.event.AbstractEventRouter - Adding listener org.codehaus.griffon.runtime.core.event.DefaultEventPublisherSpec$TestRunnableEventHandler on MyEvent1
[Test worker] DEBUG org.codehaus.griffon.runtime.core.event.AbstractEventRouter - Removing listener org.codehaus.griffon.runtime.core.event.DefaultEventPublisherSpec$TestRunnableEventHandler on MyEvent1
[Test worker] DEBUG org.codehaus.griffon.runtime.core.event.AbstractEventRouter - Triggering event 'MyEvent1' synchronously
[Test worker] DEBUG org.codehaus.griffon.runtime.core.event.AbstractEventRouter - Triggering event 'MyEvent2' synchronously
[Test worker] DEBUG org.codehaus.griffon.runtime.core.event.AbstractEventRouter - Adding listener org.codehaus.griffon.runtime.core.event.DefaultEventPublisherSpec$EventHandler@4d1ade98
[Test worker] DEBUG org.codehaus.griffon.runtime.core.event.AbstractEventRouter - Removing listener org.codehaus.griffon.runtime.core.event.DefaultEventPublisherSpec$EventHandler@4d1ade98
[Test worker] DEBUG org.codehaus.griffon.runtime.core.event.AbstractEventRouter - Triggering event 'MyEvent1' synchronously
[Test worker] DEBUG org.codehaus.griffon.runtime.core.event.AbstractEventRouter - Triggering event 'MyEvent2' synchronously
[Test worker] DEBUG org.codehaus.griffon.runtime.core.event.AbstractEventRouter - Adding listener org.codehaus.griffon.runtime.core.event.Subject$1 on MyEvent1
[Test worker] DEBUG org.codehaus.griffon.runtime.core.event.AbstractEventRouter - Adding listener org.codehaus.griffon.runtime.core.event.Subject$2 on MyEvent2
[Test worker] DEBUG org.codehaus.griffon.runtime.core.event.AbstractEventRouter - Removing listener org.codehaus.griffon.runtime.core.event.Subject$1 on MyEvent1
[Test worker] DEBUG org.codehaus.griffon.runtime.core.event.AbstractEventRouter - Removing listener org.codehaus.griffon.runtime.core.event.Subject$2 on MyEvent2
[Test worker] DEBUG org.codehaus.griffon.runtime.core.event.AbstractEventRouter - Removing listener org.codehaus.griffon.runtime.core.event.Subject@48684f0
[Test worker] DEBUG org.codehaus.griffon.runtime.core.event.AbstractEventRouter - Triggering event 'MyEvent1' synchronously
[Test worker] DEBUG org.codehaus.griffon.runtime.core.event.AbstractEventRouter - Triggering event 'MyEvent2' synchronously
[Test worker] DEBUG org.codehaus.griffon.runtime.core.event.AbstractEventRouter - Adding listener org.codehaus.griffon.runtime.core.event.DefaultEventPublisherSpec$TestRunnableEventHandler on MyEvent1
[Test worker] DEBUG org.codehaus.griffon.runtime.core.event.AbstractEventRouter - Adding listener org.codehaus.griffon.runtime.core.event.DefaultEventPublisherSpec$TestRunnableEventHandler on MyEvent2
[Test worker] DEBUG org.codehaus.griffon.runtime.core.event.AbstractEventRouter - Adding listener org.codehaus.griffon.runtime.core.event.DefaultEventPublisherSpec$EventHandler@4d027039
[Test worker] DEBUG org.codehaus.griffon.runtime.core.event.AbstractEventRouter - Adding listener org.codehaus.griffon.runtime.core.event.Subject$1 on MyEvent1
[Test worker] DEBUG org.codehaus.griffon.runtime.core.event.AbstractEventRouter - Adding listener org.codehaus.griffon.runtime.core.event.Subject$2 on MyEvent2
]]></system-err>
</testsuite>
