<?xml version="1.0" encoding="UTF-8"?>
<testsuite name="griffon.builder.lanterna.factory.ApplicationFactorySpec" tests="1" skipped="0" failures="0" errors="0" timestamp="2017-03-13T20:10:06" hostname="testing-gce-5c6f6730-f713-4b79-bb0b-2c95a726fbf5" time="0.033">
  <properties/>
  <testcase name="Can create an Application" classname="griffon.builder.lanterna.factory.ApplicationFactorySpec" time="0.033"/>
  <system-out><![CDATA[]]></system-out>
  <system-err><![CDATA[]]></system-err>
</testsuite>
