<?xml version="1.0" encoding="UTF-8"?>
<testsuite name="org.codehaus.griffon.compile.core.ConstantsSpec" tests="8" skipped="0" failures="0" errors="0" timestamp="2017-02-03T08:42:10" hostname="testing-gce-028e3132-944c-44d8-aca7-00110a5ea2b2" time="0.354">
  <properties/>
  <testcase name="Verify methods of interface org.codehaus.griffon.compile.core.EventPublisherConstants" classname="org.codehaus.griffon.compile.core.ConstantsSpec" time="0.164"/>
  <testcase name="Verify methods of interface org.codehaus.griffon.compile.core.MessageSourceAwareConstants" classname="org.codehaus.griffon.compile.core.ConstantsSpec" time="0.009"/>
  <testcase name="Verify methods of interface org.codehaus.griffon.compile.core.MVCAwareConstants" classname="org.codehaus.griffon.compile.core.ConstantsSpec" time="0.01"/>
  <testcase name="Verify methods of interface org.codehaus.griffon.compile.core.ResourceResolverAwareConstants" classname="org.codehaus.griffon.compile.core.ConstantsSpec" time="0.014"/>
  <testcase name="Verify methods of interface org.codehaus.griffon.compile.core.ResourcesAwareConstants" classname="org.codehaus.griffon.compile.core.ConstantsSpec" time="0.002"/>
  <testcase name="Verify methods of interface org.codehaus.griffon.compile.core.ThreadingAwareConstants" classname="org.codehaus.griffon.compile.core.ConstantsSpec" time="0.002"/>
  <testcase name="Verify methods of org.codehaus.griffon.compile.core.ObservableConstants" classname="org.codehaus.griffon.compile.core.ConstantsSpec" time="0.145"/>
  <testcase name="Verify methods of org.codehaus.griffon.compile.core.VetoableConstants" classname="org.codehaus.griffon.compile.core.ConstantsSpec" time="0.005"/>
  <system-out><![CDATA[]]></system-out>
  <system-err><![CDATA[]]></system-err>
</testsuite>
