<?xml version="1.0" encoding="UTF-8"?>
<testsuite name="org.codehaus.griffon.compile.core.processor.type.TypeCollectorTest" tests="20" skipped="0" failures="0" errors="0" timestamp="2016-12-12T18:13:46" hostname="testing-gce-b8b33b65-f9aa-43f6-82c8-a8f17f90840a" time="0.033">
  <properties/>
  <testcase name="testRemoveProviderWhenEmpty" classname="org.codehaus.griffon.compile.core.processor.type.TypeCollectorTest" time="0.001"/>
  <testcase name="testToStringExistingType" classname="org.codehaus.griffon.compile.core.processor.type.TypeCollectorTest" time="0.002"/>
  <testcase name="testToStringNonExistingType" classname="org.codehaus.griffon.compile.core.processor.type.TypeCollectorTest" time="0.001"/>
  <testcase name="testTypesEmpty" classname="org.codehaus.griffon.compile.core.processor.type.TypeCollectorTest" time="0.001"/>
  <testcase name="testRemoveProviderWhenInTwoTypes" classname="org.codehaus.griffon.compile.core.processor.type.TypeCollectorTest" time="0.002"/>
  <testcase name="testGetTypeNew" classname="org.codehaus.griffon.compile.core.processor.type.TypeCollectorTest" time="0.0"/>
  <testcase name="testToStringEmpty" classname="org.codehaus.griffon.compile.core.processor.type.TypeCollectorTest" time="0.0"/>
  <testcase name="testTypesOne" classname="org.codehaus.griffon.compile.core.processor.type.TypeCollectorTest" time="0.002"/>
  <testcase name="testGetTypeExisting" classname="org.codehaus.griffon.compile.core.processor.type.TypeCollectorTest" time="0.001"/>
  <testcase name="testRemoveProviderNull" classname="org.codehaus.griffon.compile.core.processor.type.TypeCollectorTest" time="0.0"/>
  <testcase name="testToStringMoreExistingTypes" classname="org.codehaus.griffon.compile.core.processor.type.TypeCollectorTest" time="0.0"/>
  <testcase name="testGetTypeNull" classname="org.codehaus.griffon.compile.core.processor.type.TypeCollectorTest" time="0.0"/>
  <testcase name="testGetTypeNewWithInitializer" classname="org.codehaus.griffon.compile.core.processor.type.TypeCollectorTest" time="0.0"/>
  <testcase name="testTypesMore" classname="org.codehaus.griffon.compile.core.processor.type.TypeCollectorTest" time="0.0"/>
  <testcase name="testGetTypeNewWithBiggerInitializer" classname="org.codehaus.griffon.compile.core.processor.type.TypeCollectorTest" time="0.001"/>
  <testcase name="testGetTypeNewWithInitializerContainingRemovedElement" classname="org.codehaus.griffon.compile.core.processor.type.TypeCollectorTest" time="0.001"/>
  <testcase name="testRemoveProviderWhenInOneType" classname="org.codehaus.griffon.compile.core.processor.type.TypeCollectorTest" time="0.001"/>
  <testcase name="testTypesDuplicate" classname="org.codehaus.griffon.compile.core.processor.type.TypeCollectorTest" time="0.0"/>
  <testcase name="testRemoveProviderWhenInSomeTypes" classname="org.codehaus.griffon.compile.core.processor.type.TypeCollectorTest" time="0.0"/>
  <testcase name="testRemoveProviderWhenInNotOneType" classname="org.codehaus.griffon.compile.core.processor.type.TypeCollectorTest" time="0.001"/>
  <system-out><![CDATA[]]></system-out>
  <system-err><![CDATA[]]></system-err>
</testsuite>
