<?xml version="1.0" encoding="UTF-8"?>
<testsuite name="org.codehaus.griffon.compile.core.ConstantsSpec" tests="8" skipped="0" failures="0" errors="0" timestamp="2016-11-17T21:56:14" hostname="testing-gce-a500a3b7-3e8b-4697-b127-d17b45a2fbc5" time="0.176">
  <properties/>
  <testcase name="Verify methods of interface org.codehaus.griffon.compile.core.EventPublisherConstants" classname="org.codehaus.griffon.compile.core.ConstantsSpec" time="0.08"/>
  <testcase name="Verify methods of interface org.codehaus.griffon.compile.core.MessageSourceAwareConstants" classname="org.codehaus.griffon.compile.core.ConstantsSpec" time="0.004"/>
  <testcase name="Verify methods of interface org.codehaus.griffon.compile.core.MVCAwareConstants" classname="org.codehaus.griffon.compile.core.ConstantsSpec" time="0.005"/>
  <testcase name="Verify methods of interface org.codehaus.griffon.compile.core.ResourceResolverAwareConstants" classname="org.codehaus.griffon.compile.core.ConstantsSpec" time="0.007"/>
  <testcase name="Verify methods of interface org.codehaus.griffon.compile.core.ResourcesAwareConstants" classname="org.codehaus.griffon.compile.core.ConstantsSpec" time="0.009"/>
  <testcase name="Verify methods of interface org.codehaus.griffon.compile.core.ThreadingAwareConstants" classname="org.codehaus.griffon.compile.core.ConstantsSpec" time="0.002"/>
  <testcase name="Verify methods of org.codehaus.griffon.compile.core.ObservableConstants" classname="org.codehaus.griffon.compile.core.ConstantsSpec" time="0.018"/>
  <testcase name="Verify methods of org.codehaus.griffon.compile.core.VetoableConstants" classname="org.codehaus.griffon.compile.core.ConstantsSpec" time="0.011"/>
  <system-out><![CDATA[]]></system-out>
  <system-err><![CDATA[]]></system-err>
</testsuite>
