<?xml version="1.0" encoding="UTF-8"?>
<testsuite name="org.codehaus.griffon.compile.core.processor.type.TypeCollectorTest" tests="20" skipped="0" failures="0" errors="0" timestamp="2016-11-30T09:53:52" hostname="testing-gce-c2900045-70c9-418d-a9de-7fb1968f26a4" time="0.026">
  <properties/>
  <testcase name="testRemoveProviderWhenEmpty" classname="org.codehaus.griffon.compile.core.processor.type.TypeCollectorTest" time="0.0"/>
  <testcase name="testToStringExistingType" classname="org.codehaus.griffon.compile.core.processor.type.TypeCollectorTest" time="0.001"/>
  <testcase name="testToStringNonExistingType" classname="org.codehaus.griffon.compile.core.processor.type.TypeCollectorTest" time="0.0"/>
  <testcase name="testTypesEmpty" classname="org.codehaus.griffon.compile.core.processor.type.TypeCollectorTest" time="0.001"/>
  <testcase name="testRemoveProviderWhenInTwoTypes" classname="org.codehaus.griffon.compile.core.processor.type.TypeCollectorTest" time="0.001"/>
  <testcase name="testGetTypeNew" classname="org.codehaus.griffon.compile.core.processor.type.TypeCollectorTest" time="0.0"/>
  <testcase name="testToStringEmpty" classname="org.codehaus.griffon.compile.core.processor.type.TypeCollectorTest" time="0.0"/>
  <testcase name="testTypesOne" classname="org.codehaus.griffon.compile.core.processor.type.TypeCollectorTest" time="0.0"/>
  <testcase name="testGetTypeExisting" classname="org.codehaus.griffon.compile.core.processor.type.TypeCollectorTest" time="0.001"/>
  <testcase name="testRemoveProviderNull" classname="org.codehaus.griffon.compile.core.processor.type.TypeCollectorTest" time="0.0"/>
  <testcase name="testToStringMoreExistingTypes" classname="org.codehaus.griffon.compile.core.processor.type.TypeCollectorTest" time="0.0"/>
  <testcase name="testGetTypeNull" classname="org.codehaus.griffon.compile.core.processor.type.TypeCollectorTest" time="0.0"/>
  <testcase name="testGetTypeNewWithInitializer" classname="org.codehaus.griffon.compile.core.processor.type.TypeCollectorTest" time="0.001"/>
  <testcase name="testTypesMore" classname="org.codehaus.griffon.compile.core.processor.type.TypeCollectorTest" time="0.001"/>
  <testcase name="testGetTypeNewWithBiggerInitializer" classname="org.codehaus.griffon.compile.core.processor.type.TypeCollectorTest" time="0.001"/>
  <testcase name="testGetTypeNewWithInitializerContainingRemovedElement" classname="org.codehaus.griffon.compile.core.processor.type.TypeCollectorTest" time="0.001"/>
  <testcase name="testRemoveProviderWhenInOneType" classname="org.codehaus.griffon.compile.core.processor.type.TypeCollectorTest" time="0.0"/>
  <testcase name="testTypesDuplicate" classname="org.codehaus.griffon.compile.core.processor.type.TypeCollectorTest" time="0.0"/>
  <testcase name="testRemoveProviderWhenInSomeTypes" classname="org.codehaus.griffon.compile.core.processor.type.TypeCollectorTest" time="0.001"/>
  <testcase name="testRemoveProviderWhenInNotOneType" classname="org.codehaus.griffon.compile.core.processor.type.TypeCollectorTest" time="0.001"/>
  <system-out><![CDATA[]]></system-out>
  <system-err><![CDATA[]]></system-err>
</testsuite>
