<?xml version="1.0" encoding="UTF-8"?>
<testsuite name="org.codehaus.griffon.compile.core.processor.annotation.AnnotationHandlerCollectorTest" tests="16" skipped="0" failures="0" errors="0" timestamp="2016-12-26T01:42:36" hostname="testing-gce-685b893e-8dcc-4e98-831a-c87f37484b94" time="0.041">
  <properties/>
  <testcase name="testRemoveAnnotationHandlerNull" classname="org.codehaus.griffon.compile.core.processor.annotation.AnnotationHandlerCollectorTest" time="0.006"/>
  <testcase name="testToStringExistingAnnotationHandler" classname="org.codehaus.griffon.compile.core.processor.annotation.AnnotationHandlerCollectorTest" time="0.0"/>
  <testcase name="testGetAnnotationHandlerExisting" classname="org.codehaus.griffon.compile.core.processor.annotation.AnnotationHandlerCollectorTest" time="0.002"/>
  <testcase name="testGetAnnotationHandlerNull" classname="org.codehaus.griffon.compile.core.processor.annotation.AnnotationHandlerCollectorTest" time="0.0"/>
  <testcase name="testRemoveAnnotationHandlerWhenEmpty" classname="org.codehaus.griffon.compile.core.processor.annotation.AnnotationHandlerCollectorTest" time="0.002"/>
  <testcase name="testAnnotationHandlersOne" classname="org.codehaus.griffon.compile.core.processor.annotation.AnnotationHandlerCollectorTest" time="0.003"/>
  <testcase name="testAnnotationHandlersEmpty" classname="org.codehaus.griffon.compile.core.processor.annotation.AnnotationHandlerCollectorTest" time="0.0"/>
  <testcase name="testRemoveAnnotationHandlerWhenInSomeAnnotationHandlers" classname="org.codehaus.griffon.compile.core.processor.annotation.AnnotationHandlerCollectorTest" time="0.001"/>
  <testcase name="testToStringEmpty" classname="org.codehaus.griffon.compile.core.processor.annotation.AnnotationHandlerCollectorTest" time="0.0"/>
  <testcase name="testRemoveAnnotationHandlerWhenInTwoAnnotationHandlers" classname="org.codehaus.griffon.compile.core.processor.annotation.AnnotationHandlerCollectorTest" time="0.0"/>
  <testcase name="testGetAnnotationHandlerNew" classname="org.codehaus.griffon.compile.core.processor.annotation.AnnotationHandlerCollectorTest" time="0.001"/>
  <testcase name="testRemoveAnnotationHandlerWhenInNotOneAnnotationHandler" classname="org.codehaus.griffon.compile.core.processor.annotation.AnnotationHandlerCollectorTest" time="0.0"/>
  <testcase name="testToStringNonExistingAnnotationHandler" classname="org.codehaus.griffon.compile.core.processor.annotation.AnnotationHandlerCollectorTest" time="0.001"/>
  <testcase name="testAnnotationHandlersMore" classname="org.codehaus.griffon.compile.core.processor.annotation.AnnotationHandlerCollectorTest" time="0.0"/>
  <testcase name="testRemoveAnnotationHandlerWhenInOneAnnotationHandler" classname="org.codehaus.griffon.compile.core.processor.annotation.AnnotationHandlerCollectorTest" time="0.001"/>
  <testcase name="testToStringMoreExistingAnnotationHandlers" classname="org.codehaus.griffon.compile.core.processor.annotation.AnnotationHandlerCollectorTest" time="0.01"/>
  <system-out><![CDATA[]]></system-out>
  <system-err><![CDATA[]]></system-err>
</testsuite>
