<?xml version="1.0" encoding="UTF-8"?>
<testsuite name="org.codehaus.griffon.compile.core.ConstantsSpec" tests="8" skipped="0" failures="0" errors="0" timestamp="2017-03-29T07:30:39" hostname="testing-gce-66c09752-be5b-4dc1-8b4c-7bf7aedc91bc" time="0.433">
  <properties/>
  <testcase name="Verify methods of interface org.codehaus.griffon.compile.core.EventPublisherConstants" classname="org.codehaus.griffon.compile.core.ConstantsSpec" time="0.203"/>
  <testcase name="Verify methods of interface org.codehaus.griffon.compile.core.MessageSourceAwareConstants" classname="org.codehaus.griffon.compile.core.ConstantsSpec" time="0.013"/>
  <testcase name="Verify methods of interface org.codehaus.griffon.compile.core.MVCAwareConstants" classname="org.codehaus.griffon.compile.core.ConstantsSpec" time="0.01"/>
  <testcase name="Verify methods of interface org.codehaus.griffon.compile.core.ResourceResolverAwareConstants" classname="org.codehaus.griffon.compile.core.ConstantsSpec" time="0.016"/>
  <testcase name="Verify methods of interface org.codehaus.griffon.compile.core.ResourcesAwareConstants" classname="org.codehaus.griffon.compile.core.ConstantsSpec" time="0.006"/>
  <testcase name="Verify methods of interface org.codehaus.griffon.compile.core.ThreadingAwareConstants" classname="org.codehaus.griffon.compile.core.ConstantsSpec" time="0.006"/>
  <testcase name="Verify methods of org.codehaus.griffon.compile.core.ObservableConstants" classname="org.codehaus.griffon.compile.core.ConstantsSpec" time="0.169"/>
  <testcase name="Verify methods of org.codehaus.griffon.compile.core.VetoableConstants" classname="org.codehaus.griffon.compile.core.ConstantsSpec" time="0.006"/>
  <system-out><![CDATA[]]></system-out>
  <system-err><![CDATA[]]></system-err>
</testsuite>
