<?xml version="1.0" encoding="UTF-8"?>
<testsuite name="org.codehaus.griffon.compile.core.processor.annotation.AnnotationHandlerCollectorTest" tests="16" skipped="0" failures="0" errors="0" timestamp="2017-03-13T20:08:36" hostname="testing-gce-5c6f6730-f713-4b79-bb0b-2c95a726fbf5" time="0.035">
  <properties/>
  <testcase name="testRemoveAnnotationHandlerNull" classname="org.codehaus.griffon.compile.core.processor.annotation.AnnotationHandlerCollectorTest" time="0.005"/>
  <testcase name="testToStringExistingAnnotationHandler" classname="org.codehaus.griffon.compile.core.processor.annotation.AnnotationHandlerCollectorTest" time="0.0"/>
  <testcase name="testGetAnnotationHandlerExisting" classname="org.codehaus.griffon.compile.core.processor.annotation.AnnotationHandlerCollectorTest" time="0.003"/>
  <testcase name="testGetAnnotationHandlerNull" classname="org.codehaus.griffon.compile.core.processor.annotation.AnnotationHandlerCollectorTest" time="0.0"/>
  <testcase name="testRemoveAnnotationHandlerWhenEmpty" classname="org.codehaus.griffon.compile.core.processor.annotation.AnnotationHandlerCollectorTest" time="0.002"/>
  <testcase name="testAnnotationHandlersOne" classname="org.codehaus.griffon.compile.core.processor.annotation.AnnotationHandlerCollectorTest" time="0.001"/>
  <testcase name="testAnnotationHandlersEmpty" classname="org.codehaus.griffon.compile.core.processor.annotation.AnnotationHandlerCollectorTest" time="0.0"/>
  <testcase name="testRemoveAnnotationHandlerWhenInSomeAnnotationHandlers" classname="org.codehaus.griffon.compile.core.processor.annotation.AnnotationHandlerCollectorTest" time="0.0"/>
  <testcase name="testToStringEmpty" classname="org.codehaus.griffon.compile.core.processor.annotation.AnnotationHandlerCollectorTest" time="0.0"/>
  <testcase name="testRemoveAnnotationHandlerWhenInTwoAnnotationHandlers" classname="org.codehaus.griffon.compile.core.processor.annotation.AnnotationHandlerCollectorTest" time="0.0"/>
  <testcase name="testGetAnnotationHandlerNew" classname="org.codehaus.griffon.compile.core.processor.annotation.AnnotationHandlerCollectorTest" time="0.0"/>
  <testcase name="testRemoveAnnotationHandlerWhenInNotOneAnnotationHandler" classname="org.codehaus.griffon.compile.core.processor.annotation.AnnotationHandlerCollectorTest" time="0.0"/>
  <testcase name="testToStringNonExistingAnnotationHandler" classname="org.codehaus.griffon.compile.core.processor.annotation.AnnotationHandlerCollectorTest" time="0.001"/>
  <testcase name="testAnnotationHandlersMore" classname="org.codehaus.griffon.compile.core.processor.annotation.AnnotationHandlerCollectorTest" time="0.008"/>
  <testcase name="testRemoveAnnotationHandlerWhenInOneAnnotationHandler" classname="org.codehaus.griffon.compile.core.processor.annotation.AnnotationHandlerCollectorTest" time="0.0"/>
  <testcase name="testToStringMoreExistingAnnotationHandlers" classname="org.codehaus.griffon.compile.core.processor.annotation.AnnotationHandlerCollectorTest" time="0.008"/>
  <system-out><![CDATA[]]></system-out>
  <system-err><![CDATA[]]></system-err>
</testsuite>
