<?xml version="1.0" encoding="UTF-8"?>
<testsuite name="org.codehaus.griffon.compile.core.ConstantsSpec" tests="8" skipped="0" failures="0" errors="0" timestamp="2017-05-06T14:13:48" hostname="testing-docker-90b60644-8177-4130-972e-463f2d1984bb" time="0.238">
  <properties/>
  <testcase name="Verify methods of interface org.codehaus.griffon.compile.core.EventPublisherConstants" classname="org.codehaus.griffon.compile.core.ConstantsSpec" time="0.2"/>
  <testcase name="Verify methods of interface org.codehaus.griffon.compile.core.MessageSourceAwareConstants" classname="org.codehaus.griffon.compile.core.ConstantsSpec" time="0.004"/>
  <testcase name="Verify methods of interface org.codehaus.griffon.compile.core.MVCAwareConstants" classname="org.codehaus.griffon.compile.core.ConstantsSpec" time="0.007"/>
  <testcase name="Verify methods of interface org.codehaus.griffon.compile.core.ResourceResolverAwareConstants" classname="org.codehaus.griffon.compile.core.ConstantsSpec" time="0.008"/>
  <testcase name="Verify methods of interface org.codehaus.griffon.compile.core.ResourcesAwareConstants" classname="org.codehaus.griffon.compile.core.ConstantsSpec" time="0.002"/>
  <testcase name="Verify methods of interface org.codehaus.griffon.compile.core.ThreadingAwareConstants" classname="org.codehaus.griffon.compile.core.ConstantsSpec" time="0.002"/>
  <testcase name="Verify methods of org.codehaus.griffon.compile.core.ObservableConstants" classname="org.codehaus.griffon.compile.core.ConstantsSpec" time="0.008"/>
  <testcase name="Verify methods of org.codehaus.griffon.compile.core.VetoableConstants" classname="org.codehaus.griffon.compile.core.ConstantsSpec" time="0.005"/>
  <system-out><![CDATA[]]></system-out>
  <system-err><![CDATA[]]></system-err>
</testsuite>
