<?xml version="1.0" encoding="UTF-8"?>
<testsuite name="org.codehaus.griffon.compile.core.ConstantsSpec" tests="8" skipped="0" failures="0" errors="0" timestamp="2017-03-27T07:07:34" hostname="testing-gce-d34322b1-0cd8-46fa-b9ad-ce676731692c" time="0.346">
  <properties/>
  <testcase name="Verify methods of interface org.codehaus.griffon.compile.core.EventPublisherConstants" classname="org.codehaus.griffon.compile.core.ConstantsSpec" time="0.169"/>
  <testcase name="Verify methods of interface org.codehaus.griffon.compile.core.MessageSourceAwareConstants" classname="org.codehaus.griffon.compile.core.ConstantsSpec" time="0.005"/>
  <testcase name="Verify methods of interface org.codehaus.griffon.compile.core.MVCAwareConstants" classname="org.codehaus.griffon.compile.core.ConstantsSpec" time="0.005"/>
  <testcase name="Verify methods of interface org.codehaus.griffon.compile.core.ResourceResolverAwareConstants" classname="org.codehaus.griffon.compile.core.ConstantsSpec" time="0.007"/>
  <testcase name="Verify methods of interface org.codehaus.griffon.compile.core.ResourcesAwareConstants" classname="org.codehaus.griffon.compile.core.ConstantsSpec" time="0.002"/>
  <testcase name="Verify methods of interface org.codehaus.griffon.compile.core.ThreadingAwareConstants" classname="org.codehaus.griffon.compile.core.ConstantsSpec" time="0.002"/>
  <testcase name="Verify methods of org.codehaus.griffon.compile.core.ObservableConstants" classname="org.codehaus.griffon.compile.core.ConstantsSpec" time="0.142"/>
  <testcase name="Verify methods of org.codehaus.griffon.compile.core.VetoableConstants" classname="org.codehaus.griffon.compile.core.ConstantsSpec" time="0.006"/>
  <system-out><![CDATA[]]></system-out>
  <system-err><![CDATA[]]></system-err>
</testsuite>
