<?xml version="1.0" encoding="UTF-8"?>
<testsuite name="org.codehaus.griffon.compile.core.processor.type.TypeCollectorTest" tests="20" skipped="0" failures="0" errors="0" timestamp="2017-03-13T20:04:44" hostname="testing-gce-b8b399cf-2944-40b7-9ac2-ba08b6394ae0" time="0.031">
  <properties/>
  <testcase name="testRemoveProviderWhenEmpty" classname="org.codehaus.griffon.compile.core.processor.type.TypeCollectorTest" time="0.004"/>
  <testcase name="testToStringExistingType" classname="org.codehaus.griffon.compile.core.processor.type.TypeCollectorTest" time="0.002"/>
  <testcase name="testToStringNonExistingType" classname="org.codehaus.griffon.compile.core.processor.type.TypeCollectorTest" time="0.0"/>
  <testcase name="testTypesEmpty" classname="org.codehaus.griffon.compile.core.processor.type.TypeCollectorTest" time="0.0"/>
  <testcase name="testRemoveProviderWhenInTwoTypes" classname="org.codehaus.griffon.compile.core.processor.type.TypeCollectorTest" time="0.002"/>
  <testcase name="testGetTypeNew" classname="org.codehaus.griffon.compile.core.processor.type.TypeCollectorTest" time="0.001"/>
  <testcase name="testToStringEmpty" classname="org.codehaus.griffon.compile.core.processor.type.TypeCollectorTest" time="0.0"/>
  <testcase name="testTypesOne" classname="org.codehaus.griffon.compile.core.processor.type.TypeCollectorTest" time="0.003"/>
  <testcase name="testGetTypeExisting" classname="org.codehaus.griffon.compile.core.processor.type.TypeCollectorTest" time="0.001"/>
  <testcase name="testRemoveProviderNull" classname="org.codehaus.griffon.compile.core.processor.type.TypeCollectorTest" time="0.0"/>
  <testcase name="testToStringMoreExistingTypes" classname="org.codehaus.griffon.compile.core.processor.type.TypeCollectorTest" time="0.001"/>
  <testcase name="testGetTypeNull" classname="org.codehaus.griffon.compile.core.processor.type.TypeCollectorTest" time="0.003"/>
  <testcase name="testGetTypeNewWithInitializer" classname="org.codehaus.griffon.compile.core.processor.type.TypeCollectorTest" time="0.001"/>
  <testcase name="testTypesMore" classname="org.codehaus.griffon.compile.core.processor.type.TypeCollectorTest" time="0.0"/>
  <testcase name="testGetTypeNewWithBiggerInitializer" classname="org.codehaus.griffon.compile.core.processor.type.TypeCollectorTest" time="0.001"/>
  <testcase name="testGetTypeNewWithInitializerContainingRemovedElement" classname="org.codehaus.griffon.compile.core.processor.type.TypeCollectorTest" time="0.001"/>
  <testcase name="testRemoveProviderWhenInOneType" classname="org.codehaus.griffon.compile.core.processor.type.TypeCollectorTest" time="0.004"/>
  <testcase name="testTypesDuplicate" classname="org.codehaus.griffon.compile.core.processor.type.TypeCollectorTest" time="0.0"/>
  <testcase name="testRemoveProviderWhenInSomeTypes" classname="org.codehaus.griffon.compile.core.processor.type.TypeCollectorTest" time="0.0"/>
  <testcase name="testRemoveProviderWhenInNotOneType" classname="org.codehaus.griffon.compile.core.processor.type.TypeCollectorTest" time="0.0"/>
  <system-out><![CDATA[]]></system-out>
  <system-err><![CDATA[]]></system-err>
</testsuite>
