<?xml version="1.0" encoding="UTF-8"?>
<testsuite name="griffon.transform.FXObservableSpec" tests="3" skipped="0" failures="0" errors="0" timestamp="2017-05-02T08:35:25" hostname="testing-docker-f5468bb5-c282-4c60-9f7e-ab0b1a158756" time="0.738">
  <properties/>
  <testcase name="Observable primitive properties" classname="griffon.transform.FXObservableSpec" time="0.382"/>
  <testcase name="Observable wrapper properties" classname="griffon.transform.FXObservableSpec" time="0.178"/>
  <testcase name="Observable collection properties" classname="griffon.transform.FXObservableSpec" time="0.178"/>
  <system-out><![CDATA[]]></system-out>
  <system-err><![CDATA[]]></system-err>
</testsuite>
