<?xml version="1.0" encoding="UTF-8"?>
<testsuite name="griffon.transform.FXObservableSpec" tests="3" skipped="0" failures="0" errors="0" timestamp="2017-01-16T09:19:31" hostname="testing-gce-4c618c2c-437c-402b-9bda-43779c2508ed" time="0.431">
  <properties/>
  <testcase name="Observable primitive properties" classname="griffon.transform.FXObservableSpec" time="0.225"/>
  <testcase name="Observable wrapper properties" classname="griffon.transform.FXObservableSpec" time="0.102"/>
  <testcase name="Observable collection properties" classname="griffon.transform.FXObservableSpec" time="0.104"/>
  <system-out><![CDATA[]]></system-out>
  <system-err><![CDATA[]]></system-err>
</testsuite>
