<?xml version="1.0" encoding="UTF-8"?>
<testsuite name="griffon.transform.ChangeListenerSpec" tests="6" skipped="0" failures="0" errors="0" timestamp="2017-03-02T19:56:01" hostname="testing-gce-65511b51-6214-41a1-96d0-e786045f2f13" time="0.185">
  <properties/>
  <testcase name="ChangeListener AST transformation attaches a closure reference as listener (weak=false)" classname="griffon.transform.ChangeListenerSpec" time="0.029"/>
  <testcase name="ChangeListener AST transformation attaches a closure reference as listener (weak=true)" classname="griffon.transform.ChangeListenerSpec" time="0.025"/>
  <testcase name="ChangeListener AST transformation attaches a closure as listener (weak=false)" classname="griffon.transform.ChangeListenerSpec" time="0.031"/>
  <testcase name="ChangeListener AST transformation attaches a closure as listener (weak=true)" classname="griffon.transform.ChangeListenerSpec" time="0.028"/>
  <testcase name="ChangeListener AST transformation attaches a closure reference literal as listener (weak=false)" classname="griffon.transform.ChangeListenerSpec" time="0.039"/>
  <testcase name="ChangeListener AST transformation attaches a closure reference literal as listener (weak=true)" classname="griffon.transform.ChangeListenerSpec" time="0.032"/>
  <system-out><![CDATA[]]></system-out>
  <system-err><![CDATA[]]></system-err>
</testsuite>
