<?xml version="1.0" encoding="UTF-8"?>
<testsuite name="griffon.transform.FXObservableSpec" tests="3" skipped="0" failures="0" errors="0" timestamp="2017-05-04T09:19:17" hostname="testing-docker-90703794-a676-4191-81e0-3d1951fbc1fe" time="0.646">
  <properties/>
  <testcase name="Observable primitive properties" classname="griffon.transform.FXObservableSpec" time="0.297"/>
  <testcase name="Observable wrapper properties" classname="griffon.transform.FXObservableSpec" time="0.183"/>
  <testcase name="Observable collection properties" classname="griffon.transform.FXObservableSpec" time="0.165"/>
  <system-out><![CDATA[]]></system-out>
  <system-err><![CDATA[]]></system-err>
</testsuite>
