<?xml version="1.0" encoding="UTF-8"?>
<testsuite name="griffon.transform.FXObservableSpec" tests="3" skipped="0" failures="0" errors="0" timestamp="2017-01-24T16:10:53" hostname="testing-gce-1aad4636-e653-4bc2-aa18-88ff82246238" time="0.327">
  <properties/>
  <testcase name="Observable primitive properties" classname="griffon.transform.FXObservableSpec" time="0.168"/>
  <testcase name="Observable wrapper properties" classname="griffon.transform.FXObservableSpec" time="0.082"/>
  <testcase name="Observable collection properties" classname="griffon.transform.FXObservableSpec" time="0.077"/>
  <system-out><![CDATA[]]></system-out>
  <system-err><![CDATA[]]></system-err>
</testsuite>
