<?xml version="1.0" encoding="UTF-8"?>
<testsuite name="griffon.transform.FXObservableSpec" tests="3" skipped="0" failures="0" errors="0" timestamp="2016-11-16T18:51:39" hostname="testing-gce-a8eb0744-142d-4aa3-aea8-752a56f8e7a5" time="0.476">
  <properties/>
  <testcase name="Observable primitive properties" classname="griffon.transform.FXObservableSpec" time="0.262"/>
  <testcase name="Observable wrapper properties" classname="griffon.transform.FXObservableSpec" time="0.079"/>
  <testcase name="Observable collection properties" classname="griffon.transform.FXObservableSpec" time="0.133"/>
  <system-out><![CDATA[]]></system-out>
  <system-err><![CDATA[]]></system-err>
</testsuite>
