<?xml version="1.0" encoding="UTF-8"?>
<testsuite name="griffon.transform.FXObservableSpec" tests="3" skipped="0" failures="0" errors="0" timestamp="2016-12-07T11:31:56" hostname="testing-gce-18702692-515d-4fb2-b554-869b19883cee" time="0.388">
  <properties/>
  <testcase name="Observable primitive properties" classname="griffon.transform.FXObservableSpec" time="0.191"/>
  <testcase name="Observable wrapper properties" classname="griffon.transform.FXObservableSpec" time="0.095"/>
  <testcase name="Observable collection properties" classname="griffon.transform.FXObservableSpec" time="0.102"/>
  <system-out><![CDATA[]]></system-out>
  <system-err><![CDATA[]]></system-err>
</testsuite>
