<?xml version="1.0" encoding="UTF-8"?>
<testsuite name="griffon.transform.FXObservableSpec" tests="3" skipped="0" failures="0" errors="0" timestamp="2016-11-08T11:09:33" hostname="testing-gce-d4f11642-8c80-4fe0-a764-92366f6764c9" time="0.503">
  <properties/>
  <testcase name="Observable primitive properties" classname="griffon.transform.FXObservableSpec" time="0.234"/>
  <testcase name="Observable wrapper properties" classname="griffon.transform.FXObservableSpec" time="0.093"/>
  <testcase name="Observable collection properties" classname="griffon.transform.FXObservableSpec" time="0.176"/>
  <system-out><![CDATA[]]></system-out>
  <system-err><![CDATA[]]></system-err>
</testsuite>
