<?xml version="1.0" encoding="UTF-8"?>
<testsuite name="griffon.transform.FXObservableSpec" tests="3" skipped="0" failures="0" errors="0" timestamp="2017-02-21T18:12:48" hostname="testing-gce-635704e8-b0eb-4898-b5e6-8d1f90074792" time="0.356">
  <properties/>
  <testcase name="Observable primitive properties" classname="griffon.transform.FXObservableSpec" time="0.202"/>
  <testcase name="Observable wrapper properties" classname="griffon.transform.FXObservableSpec" time="0.074"/>
  <testcase name="Observable collection properties" classname="griffon.transform.FXObservableSpec" time="0.079"/>
  <system-out><![CDATA[]]></system-out>
  <system-err><![CDATA[]]></system-err>
</testsuite>
