<?xml version="1.0" encoding="UTF-8"?>
<testsuite name="griffon.transform.FXObservableSpec" tests="3" skipped="0" failures="0" errors="0" timestamp="2016-11-30T09:54:28" hostname="testing-gce-c2900045-70c9-418d-a9de-7fb1968f26a4" time="0.474">
  <properties/>
  <testcase name="Observable primitive properties" classname="griffon.transform.FXObservableSpec" time="0.208"/>
  <testcase name="Observable wrapper properties" classname="griffon.transform.FXObservableSpec" time="0.073"/>
  <testcase name="Observable collection properties" classname="griffon.transform.FXObservableSpec" time="0.192"/>
  <system-out><![CDATA[]]></system-out>
  <system-err><![CDATA[]]></system-err>
</testsuite>
