<?xml version="1.0" encoding="UTF-8"?>
<testsuite name="griffon.transform.FXObservableSpec" tests="3" skipped="0" failures="0" errors="0" timestamp="2016-11-16T19:17:07" hostname="testing-gce-d09898f4-2ba9-4f95-9da7-e09d875e226a" time="0.525">
  <properties/>
  <testcase name="Observable primitive properties" classname="griffon.transform.FXObservableSpec" time="0.241"/>
  <testcase name="Observable wrapper properties" classname="griffon.transform.FXObservableSpec" time="0.096"/>
  <testcase name="Observable collection properties" classname="griffon.transform.FXObservableSpec" time="0.186"/>
  <system-out><![CDATA[]]></system-out>
  <system-err><![CDATA[]]></system-err>
</testsuite>
