<?xml version="1.0" encoding="UTF-8"?>
<testsuite name="griffon.transform.FXObservableSpec" tests="3" skipped="0" failures="0" errors="0" timestamp="2016-11-17T21:56:47" hostname="testing-gce-a500a3b7-3e8b-4697-b127-d17b45a2fbc5" time="0.521">
  <properties/>
  <testcase name="Observable primitive properties" classname="griffon.transform.FXObservableSpec" time="0.246"/>
  <testcase name="Observable wrapper properties" classname="griffon.transform.FXObservableSpec" time="0.103"/>
  <testcase name="Observable collection properties" classname="griffon.transform.FXObservableSpec" time="0.171"/>
  <system-out><![CDATA[]]></system-out>
  <system-err><![CDATA[]]></system-err>
</testsuite>
