<?xml version="1.0" encoding="UTF-8"?>
<testsuite name="griffon.transform.FXObservableSpec" tests="3" skipped="0" failures="0" errors="0" timestamp="2017-03-19T09:40:18" hostname="testing-gce-285b8751-6141-4ab9-a69c-ed70f9132185" time="0.416">
  <properties/>
  <testcase name="Observable primitive properties" classname="griffon.transform.FXObservableSpec" time="0.209"/>
  <testcase name="Observable wrapper properties" classname="griffon.transform.FXObservableSpec" time="0.112"/>
  <testcase name="Observable collection properties" classname="griffon.transform.FXObservableSpec" time="0.095"/>
  <system-out><![CDATA[]]></system-out>
  <system-err><![CDATA[]]></system-err>
</testsuite>
