<?xml version="1.0" encoding="UTF-8"?>
<testsuite name="griffon.transform.FXObservableSpec" tests="3" skipped="0" failures="0" errors="0" timestamp="2017-04-28T15:59:21" hostname="testing-docker-ea4d5413-61ad-4e77-9778-eb4ed0744b0f" time="0.602">
  <properties/>
  <testcase name="Observable primitive properties" classname="griffon.transform.FXObservableSpec" time="0.308"/>
  <testcase name="Observable wrapper properties" classname="griffon.transform.FXObservableSpec" time="0.125"/>
  <testcase name="Observable collection properties" classname="griffon.transform.FXObservableSpec" time="0.166"/>
  <system-out><![CDATA[]]></system-out>
  <system-err><![CDATA[]]></system-err>
</testsuite>
