<?xml version="1.0" encoding="UTF-8"?>
<testsuite name="griffon.transform.FXObservableSpec" tests="3" skipped="0" failures="0" errors="0" timestamp="2016-12-12T18:14:19" hostname="testing-gce-b8b33b65-f9aa-43f6-82c8-a8f17f90840a" time="0.421">
  <properties/>
  <testcase name="Observable primitive properties" classname="griffon.transform.FXObservableSpec" time="0.209"/>
  <testcase name="Observable wrapper properties" classname="griffon.transform.FXObservableSpec" time="0.105"/>
  <testcase name="Observable collection properties" classname="griffon.transform.FXObservableSpec" time="0.106"/>
  <system-out><![CDATA[]]></system-out>
  <system-err><![CDATA[]]></system-err>
</testsuite>
