<?xml version="1.0" encoding="UTF-8"?>
<testsuite name="griffon.transform.FXObservableSpec" tests="3" skipped="0" failures="0" errors="0" timestamp="2017-02-03T08:42:41" hostname="testing-gce-028e3132-944c-44d8-aca7-00110a5ea2b2" time="0.308">
  <properties/>
  <testcase name="Observable primitive properties" classname="griffon.transform.FXObservableSpec" time="0.163"/>
  <testcase name="Observable wrapper properties" classname="griffon.transform.FXObservableSpec" time="0.077"/>
  <testcase name="Observable collection properties" classname="griffon.transform.FXObservableSpec" time="0.066"/>
  <system-out><![CDATA[]]></system-out>
  <system-err><![CDATA[]]></system-err>
</testsuite>
