<?xml version="1.0" encoding="UTF-8"?>
<testsuite name="griffon.transform.ChangeListenerSpec" tests="6" skipped="0" failures="0" errors="0" timestamp="2016-11-16T18:51:37" hostname="testing-gce-a8eb0744-142d-4aa3-aea8-752a56f8e7a5" time="0.671">
  <properties/>
  <testcase name="ChangeListener AST transformation attaches a closure reference as listener (weak=false)" classname="griffon.transform.ChangeListenerSpec" time="0.362"/>
  <testcase name="ChangeListener AST transformation attaches a closure reference as listener (weak=true)" classname="griffon.transform.ChangeListenerSpec" time="0.073"/>
  <testcase name="ChangeListener AST transformation attaches a closure as listener (weak=false)" classname="griffon.transform.ChangeListenerSpec" time="0.057"/>
  <testcase name="ChangeListener AST transformation attaches a closure as listener (weak=true)" classname="griffon.transform.ChangeListenerSpec" time="0.059"/>
  <testcase name="ChangeListener AST transformation attaches a closure reference literal as listener (weak=false)" classname="griffon.transform.ChangeListenerSpec" time="0.048"/>
  <testcase name="ChangeListener AST transformation attaches a closure reference literal as listener (weak=true)" classname="griffon.transform.ChangeListenerSpec" time="0.055"/>
  <system-out><![CDATA[]]></system-out>
  <system-err><![CDATA[]]></system-err>
</testsuite>
