<?xml version="1.0" encoding="UTF-8"?>
<testsuite name="griffon.transform.FXObservableSpec" tests="3" skipped="0" failures="0" errors="0" timestamp="2017-03-13T20:19:21" hostname="testing-gce-5deeb444-989e-4d84-a4f8-95fc960493bd" time="0.425">
  <properties/>
  <testcase name="Observable primitive properties" classname="griffon.transform.FXObservableSpec" time="0.21"/>
  <testcase name="Observable wrapper properties" classname="griffon.transform.FXObservableSpec" time="0.105"/>
  <testcase name="Observable collection properties" classname="griffon.transform.FXObservableSpec" time="0.109"/>
  <system-out><![CDATA[]]></system-out>
  <system-err><![CDATA[]]></system-err>
</testsuite>
