<?xml version="1.0" encoding="UTF-8"?>
<testsuite name="griffon.transform.FXObservableSpec" tests="3" skipped="0" failures="0" errors="0" timestamp="2017-04-28T12:50:31" hostname="testing-docker-929acd7b-76bf-4253-9fc4-85722f6f076e" time="0.593">
  <properties/>
  <testcase name="Observable primitive properties" classname="griffon.transform.FXObservableSpec" time="0.198"/>
  <testcase name="Observable wrapper properties" classname="griffon.transform.FXObservableSpec" time="0.179"/>
  <testcase name="Observable collection properties" classname="griffon.transform.FXObservableSpec" time="0.216"/>
  <system-out><![CDATA[]]></system-out>
  <system-err><![CDATA[]]></system-err>
</testsuite>
