<?xml version="1.0" encoding="UTF-8"?>
<testsuite name="griffon.transform.FXObservableSpec" tests="3" skipped="0" failures="0" errors="0" timestamp="2016-11-30T21:35:24" hostname="testing-gce-7b284da2-1dfc-4486-9403-0c3889a84a74" time="0.542">
  <properties/>
  <testcase name="Observable primitive properties" classname="griffon.transform.FXObservableSpec" time="0.259"/>
  <testcase name="Observable wrapper properties" classname="griffon.transform.FXObservableSpec" time="0.103"/>
  <testcase name="Observable collection properties" classname="griffon.transform.FXObservableSpec" time="0.18"/>
  <system-out><![CDATA[]]></system-out>
  <system-err><![CDATA[]]></system-err>
</testsuite>
