<?xml version="1.0" encoding="UTF-8"?>
<testsuite name="griffon.transform.FXObservableSpec" tests="3" skipped="0" failures="0" errors="0" timestamp="2016-11-02T15:18:22" hostname="testing-gce-ebe1e2ab-5243-4a05-8a72-5c053e509e3c" time="0.535">
  <properties/>
  <testcase name="Observable primitive properties" classname="griffon.transform.FXObservableSpec" time="0.243"/>
  <testcase name="Observable wrapper properties" classname="griffon.transform.FXObservableSpec" time="0.108"/>
  <testcase name="Observable collection properties" classname="griffon.transform.FXObservableSpec" time="0.183"/>
  <system-out><![CDATA[]]></system-out>
  <system-err><![CDATA[]]></system-err>
</testsuite>
