<?xml version="1.0" encoding="UTF-8"?>
<testsuite name="griffon.transform.FXObservableSpec" tests="3" skipped="0" failures="0" errors="0" timestamp="2017-01-24T15:09:34" hostname="testing-gce-c5816687-57b7-485e-9092-6db662983d3d" time="0.385">
  <properties/>
  <testcase name="Observable primitive properties" classname="griffon.transform.FXObservableSpec" time="0.196"/>
  <testcase name="Observable wrapper properties" classname="griffon.transform.FXObservableSpec" time="0.097"/>
  <testcase name="Observable collection properties" classname="griffon.transform.FXObservableSpec" time="0.09"/>
  <system-out><![CDATA[]]></system-out>
  <system-err><![CDATA[]]></system-err>
</testsuite>
