<?xml version="1.0" encoding="UTF-8"?>
<testsuite name="griffon.transform.FXObservableSpec" tests="3" skipped="0" failures="0" errors="0" timestamp="2017-04-17T14:55:21" hostname="testing-gce-7bf6deec-e5d4-4766-bf77-6fb58608b635" time="0.394">
  <properties/>
  <testcase name="Observable primitive properties" classname="griffon.transform.FXObservableSpec" time="0.236"/>
  <testcase name="Observable wrapper properties" classname="griffon.transform.FXObservableSpec" time="0.102"/>
  <testcase name="Observable collection properties" classname="griffon.transform.FXObservableSpec" time="0.056"/>
  <system-out><![CDATA[]]></system-out>
  <system-err><![CDATA[]]></system-err>
</testsuite>
