<?xml version="1.0" encoding="UTF-8"?>
<testsuite name="griffon.transform.FXObservableSpec" tests="3" skipped="0" failures="0" errors="0" timestamp="2017-04-28T07:24:22" hostname="testing-gce-92d646c6-cf51-4dbd-882b-b4558f585f69" time="0.463">
  <properties/>
  <testcase name="Observable primitive properties" classname="griffon.transform.FXObservableSpec" time="0.231"/>
  <testcase name="Observable wrapper properties" classname="griffon.transform.FXObservableSpec" time="0.151"/>
  <testcase name="Observable collection properties" classname="griffon.transform.FXObservableSpec" time="0.08"/>
  <system-out><![CDATA[]]></system-out>
  <system-err><![CDATA[]]></system-err>
</testsuite>
