<?xml version="1.0" encoding="UTF-8"?>
<testsuite name="griffon.transform.FXObservableSpec" tests="3" skipped="0" failures="0" errors="0" timestamp="2017-02-11T08:57:53" hostname="testing-gce-27845af9-feac-4362-84ac-35f334160d45" time="0.376">
  <properties/>
  <testcase name="Observable primitive properties" classname="griffon.transform.FXObservableSpec" time="0.177"/>
  <testcase name="Observable wrapper properties" classname="griffon.transform.FXObservableSpec" time="0.092"/>
  <testcase name="Observable collection properties" classname="griffon.transform.FXObservableSpec" time="0.106"/>
  <system-out><![CDATA[]]></system-out>
  <system-err><![CDATA[]]></system-err>
</testsuite>
