<?xml version="1.0" encoding="UTF-8"?>
<testsuite name="griffon.transform.FXObservableSpec" tests="3" skipped="0" failures="0" errors="0" timestamp="2016-12-01T10:31:24" hostname="testing-gce-25a07c9d-cae8-4716-a125-946036b08bb3" time="0.514">
  <properties/>
  <testcase name="Observable primitive properties" classname="griffon.transform.FXObservableSpec" time="0.221"/>
  <testcase name="Observable wrapper properties" classname="griffon.transform.FXObservableSpec" time="0.105"/>
  <testcase name="Observable collection properties" classname="griffon.transform.FXObservableSpec" time="0.188"/>
  <system-out><![CDATA[]]></system-out>
  <system-err><![CDATA[]]></system-err>
</testsuite>
