<?xml version="1.0" encoding="UTF-8"?>
<testsuite name="griffon.transform.FXObservableSpec" tests="3" skipped="0" failures="0" errors="0" timestamp="2016-12-05T12:19:39" hostname="testing-gce-7db6f5a7-5649-469a-8795-d671c719877a" time="0.389">
  <properties/>
  <testcase name="Observable primitive properties" classname="griffon.transform.FXObservableSpec" time="0.21"/>
  <testcase name="Observable wrapper properties" classname="griffon.transform.FXObservableSpec" time="0.108"/>
  <testcase name="Observable collection properties" classname="griffon.transform.FXObservableSpec" time="0.071"/>
  <system-out><![CDATA[]]></system-out>
  <system-err><![CDATA[]]></system-err>
</testsuite>
