<?xml version="1.0" encoding="UTF-8"?>
<testsuite name="griffon.transform.MapChangeListenerSpec" tests="6" skipped="0" failures="0" errors="0" timestamp="2017-04-28T15:18:27" hostname="testing-docker-71ed3c1d-8272-422d-a8a2-10bd4b41ce0f" time="0.345">
  <properties/>
  <testcase name="MapChangeListener AST transformation attaches a closure reference as listener (weak=false)" classname="griffon.transform.MapChangeListenerSpec" time="0.07"/>
  <testcase name="MapChangeListener AST transformation attaches a closure reference as listener (weak=true)" classname="griffon.transform.MapChangeListenerSpec" time="0.053"/>
  <testcase name="MapChangeListener AST transformation attaches a closure as listener (weak=false)" classname="griffon.transform.MapChangeListenerSpec" time="0.055"/>
  <testcase name="MapChangeListener AST transformation attaches a closure as listener (weak=true)" classname="griffon.transform.MapChangeListenerSpec" time="0.043"/>
  <testcase name="MapChangeListener AST transformation attaches a closure reference literal as listener (weak=false)" classname="griffon.transform.MapChangeListenerSpec" time="0.073"/>
  <testcase name="MapChangeListener AST transformation attaches a closure reference literal as listener (weak=true)" classname="griffon.transform.MapChangeListenerSpec" time="0.049"/>
  <system-out><![CDATA[]]></system-out>
  <system-err><![CDATA[]]></system-err>
</testsuite>
