<?xml version="1.0" encoding="UTF-8"?>
<testsuite name="griffon.transform.FXObservableSpec" tests="3" skipped="0" failures="0" errors="0" timestamp="2017-02-24T11:27:59" hostname="testing-gce-74d2f9bb-b51a-479d-a49c-205e2856a55c" time="0.285">
  <properties/>
  <testcase name="Observable primitive properties" classname="griffon.transform.FXObservableSpec" time="0.157"/>
  <testcase name="Observable wrapper properties" classname="griffon.transform.FXObservableSpec" time="0.073"/>
  <testcase name="Observable collection properties" classname="griffon.transform.FXObservableSpec" time="0.055"/>
  <system-out><![CDATA[]]></system-out>
  <system-err><![CDATA[]]></system-err>
</testsuite>
