<?xml version="1.0" encoding="UTF-8"?>
<testsuite name="griffon.transform.FXObservableSpec" tests="3" skipped="0" failures="0" errors="0" timestamp="2017-04-18T07:10:01" hostname="testing-gce-002cfebe-ce3e-40e2-ac44-84a0ecf46dae" time="0.464">
  <properties/>
  <testcase name="Observable primitive properties" classname="griffon.transform.FXObservableSpec" time="0.214"/>
  <testcase name="Observable wrapper properties" classname="griffon.transform.FXObservableSpec" time="0.15"/>
  <testcase name="Observable collection properties" classname="griffon.transform.FXObservableSpec" time="0.1"/>
  <system-out><![CDATA[]]></system-out>
  <system-err><![CDATA[]]></system-err>
</testsuite>
