<?xml version="1.0" encoding="UTF-8"?>
<testsuite name="griffon.transform.MapChangeListenerSpec" tests="6" skipped="0" failures="0" errors="0" timestamp="2016-12-08T10:47:50" hostname="testing-gce-ca57fc1e-ec7c-44b4-8576-00554cba6b12" time="0.279">
  <properties/>
  <testcase name="MapChangeListener AST transformation attaches a closure reference as listener (weak=false)" classname="griffon.transform.MapChangeListenerSpec" time="0.095"/>
  <testcase name="MapChangeListener AST transformation attaches a closure reference as listener (weak=true)" classname="griffon.transform.MapChangeListenerSpec" time="0.039"/>
  <testcase name="MapChangeListener AST transformation attaches a closure as listener (weak=false)" classname="griffon.transform.MapChangeListenerSpec" time="0.038"/>
  <testcase name="MapChangeListener AST transformation attaches a closure as listener (weak=true)" classname="griffon.transform.MapChangeListenerSpec" time="0.034"/>
  <testcase name="MapChangeListener AST transformation attaches a closure reference literal as listener (weak=false)" classname="griffon.transform.MapChangeListenerSpec" time="0.035"/>
  <testcase name="MapChangeListener AST transformation attaches a closure reference literal as listener (weak=true)" classname="griffon.transform.MapChangeListenerSpec" time="0.033"/>
  <system-out><![CDATA[]]></system-out>
  <system-err><![CDATA[]]></system-err>
</testsuite>
