<?xml version="1.0" encoding="UTF-8"?>
<testsuite name="griffon.transform.FXObservableSpec" tests="3" skipped="0" failures="0" errors="0" timestamp="2017-03-02T16:47:55" hostname="testing-gce-f09c6cf3-9eef-492b-8b24-98aa233c6cfa" time="0.358">
  <properties/>
  <testcase name="Observable primitive properties" classname="griffon.transform.FXObservableSpec" time="0.18"/>
  <testcase name="Observable wrapper properties" classname="griffon.transform.FXObservableSpec" time="0.079"/>
  <testcase name="Observable collection properties" classname="griffon.transform.FXObservableSpec" time="0.097"/>
  <system-out><![CDATA[]]></system-out>
  <system-err><![CDATA[]]></system-err>
</testsuite>
