<?xml version="1.0" encoding="UTF-8"?>
<testsuite name="griffon.transform.FXObservableSpec" tests="3" skipped="0" failures="0" errors="0" timestamp="2017-03-02T16:56:56" hostname="testing-gce-51eca2f7-a957-44ee-bd4e-cdf1e50e5add" time="0.361">
  <properties/>
  <testcase name="Observable primitive properties" classname="griffon.transform.FXObservableSpec" time="0.187"/>
  <testcase name="Observable wrapper properties" classname="griffon.transform.FXObservableSpec" time="0.089"/>
  <testcase name="Observable collection properties" classname="griffon.transform.FXObservableSpec" time="0.085"/>
  <system-out><![CDATA[]]></system-out>
  <system-err><![CDATA[]]></system-err>
</testsuite>
