<?xml version="1.0" encoding="UTF-8"?>
<testsuite name="griffon.transform.FXObservableSpec" tests="3" skipped="0" failures="0" errors="0" timestamp="2017-02-22T15:15:35" hostname="testing-gce-7d3042d1-6783-44c6-8859-669d03f901ba" time="0.406">
  <properties/>
  <testcase name="Observable primitive properties" classname="griffon.transform.FXObservableSpec" time="0.215"/>
  <testcase name="Observable wrapper properties" classname="griffon.transform.FXObservableSpec" time="0.096"/>
  <testcase name="Observable collection properties" classname="griffon.transform.FXObservableSpec" time="0.095"/>
  <system-out><![CDATA[]]></system-out>
  <system-err><![CDATA[]]></system-err>
</testsuite>
