<?xml version="1.0" encoding="UTF-8"?>
<testsuite name="griffon.transform.GriffonControllerSpec" tests="2" skipped="0" failures="0" errors="0" timestamp="2016-12-06T13:48:51" hostname="testing-gce-88c17399-7e1a-4bbc-b795-695967a3f3cc" time="0.054">
  <properties/>
  <testcase name="GriffonControllerASTTransformation is applied to a controller class" classname="griffon.transform.GriffonControllerSpec" time="0.013"/>
  <testcase name="GriffonControllerASTTransformation is applied to a controller class with a custom superclass" classname="griffon.transform.GriffonControllerSpec" time="0.041"/>
  <system-out><![CDATA[]]></system-out>
  <system-err><![CDATA[]]></system-err>
</testsuite>
