<?xml version="1.0" encoding="UTF-8"?>
<testsuite name="griffon.transform.FXObservableSpec" tests="3" skipped="0" failures="0" errors="0" timestamp="2017-01-18T09:31:19" hostname="testing-gce-10e466f0-264b-4ed4-9fdb-b63b18108c1e" time="0.426">
  <properties/>
  <testcase name="Observable primitive properties" classname="griffon.transform.FXObservableSpec" time="0.216"/>
  <testcase name="Observable wrapper properties" classname="griffon.transform.FXObservableSpec" time="0.114"/>
  <testcase name="Observable collection properties" classname="griffon.transform.FXObservableSpec" time="0.095"/>
  <system-out><![CDATA[]]></system-out>
  <system-err><![CDATA[]]></system-err>
</testsuite>
