<?xml version="1.0" encoding="UTF-8"?>
<testsuite name="griffon.transform.FXObservableSpec" tests="3" skipped="0" failures="0" errors="0" timestamp="2017-05-04T09:05:38" hostname="testing-docker-ace0605b-7337-48a1-8fdb-4d5d4cfd489f" time="0.528">
  <properties/>
  <testcase name="Observable primitive properties" classname="griffon.transform.FXObservableSpec" time="0.255"/>
  <testcase name="Observable wrapper properties" classname="griffon.transform.FXObservableSpec" time="0.107"/>
  <testcase name="Observable collection properties" classname="griffon.transform.FXObservableSpec" time="0.166"/>
  <system-out><![CDATA[]]></system-out>
  <system-err><![CDATA[]]></system-err>
</testsuite>
