<?xml version="1.0" encoding="UTF-8"?>
<testsuite name="griffon.transform.FXObservableSpec" tests="3" skipped="0" failures="0" errors="0" timestamp="2017-04-11T08:38:16" hostname="testing-gce-c87b0d7a-842c-4073-abeb-1a1a45e4e432" time="0.417">
  <properties/>
  <testcase name="Observable primitive properties" classname="griffon.transform.FXObservableSpec" time="0.218"/>
  <testcase name="Observable wrapper properties" classname="griffon.transform.FXObservableSpec" time="0.131"/>
  <testcase name="Observable collection properties" classname="griffon.transform.FXObservableSpec" time="0.066"/>
  <system-out><![CDATA[]]></system-out>
  <system-err><![CDATA[]]></system-err>
</testsuite>
