<?xml version="1.0" encoding="UTF-8"?>
<testsuite name="griffon.transform.FXObservableSpec" tests="3" skipped="0" failures="0" errors="0" timestamp="2016-12-01T10:05:31" hostname="testing-gce-eaf68bd0-c1b6-4661-a4ef-407d21883631" time="0.503">
  <properties/>
  <testcase name="Observable primitive properties" classname="griffon.transform.FXObservableSpec" time="0.241"/>
  <testcase name="Observable wrapper properties" classname="griffon.transform.FXObservableSpec" time="0.092"/>
  <testcase name="Observable collection properties" classname="griffon.transform.FXObservableSpec" time="0.17"/>
  <system-out><![CDATA[]]></system-out>
  <system-err><![CDATA[]]></system-err>
</testsuite>
