<?xml version="1.0" encoding="UTF-8"?>
<testsuite name="griffon.transform.ChangeListenerSpec" tests="6" skipped="0" failures="0" errors="0" timestamp="2016-12-02T17:43:58" hostname="testing-gce-f9e98b43-93c9-42c8-afdb-eab9b83f6b2a" time="0.138">
  <properties/>
  <testcase name="ChangeListener AST transformation attaches a closure reference as listener (weak=false)" classname="griffon.transform.ChangeListenerSpec" time="0.026"/>
  <testcase name="ChangeListener AST transformation attaches a closure reference as listener (weak=true)" classname="griffon.transform.ChangeListenerSpec" time="0.023"/>
  <testcase name="ChangeListener AST transformation attaches a closure as listener (weak=false)" classname="griffon.transform.ChangeListenerSpec" time="0.021"/>
  <testcase name="ChangeListener AST transformation attaches a closure as listener (weak=true)" classname="griffon.transform.ChangeListenerSpec" time="0.021"/>
  <testcase name="ChangeListener AST transformation attaches a closure reference literal as listener (weak=false)" classname="griffon.transform.ChangeListenerSpec" time="0.021"/>
  <testcase name="ChangeListener AST transformation attaches a closure reference literal as listener (weak=true)" classname="griffon.transform.ChangeListenerSpec" time="0.022"/>
  <system-out><![CDATA[]]></system-out>
  <system-err><![CDATA[]]></system-err>
</testsuite>
