<?xml version="1.0" encoding="UTF-8"?>
<testsuite name="griffon.transform.FXObservableSpec" tests="3" skipped="0" failures="0" errors="0" timestamp="2017-03-17T14:48:45" hostname="testing-gce-2cba042c-7dfa-40c6-8050-1b9f1390cf9f" time="0.455">
  <properties/>
  <testcase name="Observable primitive properties" classname="griffon.transform.FXObservableSpec" time="0.235"/>
  <testcase name="Observable wrapper properties" classname="griffon.transform.FXObservableSpec" time="0.119"/>
  <testcase name="Observable collection properties" classname="griffon.transform.FXObservableSpec" time="0.101"/>
  <system-out><![CDATA[]]></system-out>
  <system-err><![CDATA[]]></system-err>
</testsuite>
