<?xml version="1.0" encoding="UTF-8"?>
<testsuite name="griffon.transform.FXObservableSpec" tests="3" skipped="0" failures="0" errors="0" timestamp="2017-04-23T11:14:58" hostname="testing-gce-800131f0-e76c-47bc-8935-b4db1ec986af" time="0.355">
  <properties/>
  <testcase name="Observable primitive properties" classname="griffon.transform.FXObservableSpec" time="0.178"/>
  <testcase name="Observable wrapper properties" classname="griffon.transform.FXObservableSpec" time="0.114"/>
  <testcase name="Observable collection properties" classname="griffon.transform.FXObservableSpec" time="0.062"/>
  <system-out><![CDATA[]]></system-out>
  <system-err><![CDATA[]]></system-err>
</testsuite>
