<?xml version="1.0" encoding="UTF-8"?>
<testsuite name="griffon.transform.FXObservableSpec" tests="3" skipped="0" failures="0" errors="0" timestamp="2017-02-03T23:13:25" hostname="testing-gce-c989e91a-8098-4289-92ac-816f6fdc71ac" time="0.393">
  <properties/>
  <testcase name="Observable primitive properties" classname="griffon.transform.FXObservableSpec" time="0.195"/>
  <testcase name="Observable wrapper properties" classname="griffon.transform.FXObservableSpec" time="0.101"/>
  <testcase name="Observable collection properties" classname="griffon.transform.FXObservableSpec" time="0.096"/>
  <system-out><![CDATA[]]></system-out>
  <system-err><![CDATA[]]></system-err>
</testsuite>
