<?xml version="1.0" encoding="UTF-8"?>
<testsuite name="griffon.transform.FXObservableSpec" tests="3" skipped="0" failures="0" errors="0" timestamp="2017-03-13T20:05:21" hostname="testing-gce-b8b399cf-2944-40b7-9ac2-ba08b6394ae0" time="0.513">
  <properties/>
  <testcase name="Observable primitive properties" classname="griffon.transform.FXObservableSpec" time="0.246"/>
  <testcase name="Observable wrapper properties" classname="griffon.transform.FXObservableSpec" time="0.136"/>
  <testcase name="Observable collection properties" classname="griffon.transform.FXObservableSpec" time="0.125"/>
  <system-out><![CDATA[]]></system-out>
  <system-err><![CDATA[]]></system-err>
</testsuite>
