<?xml version="1.0" encoding="UTF-8"?>
<testsuite name="griffon.transform.ChangeListenerSpec" tests="6" skipped="0" failures="0" errors="0" timestamp="2017-02-22T11:03:34" hostname="testing-gce-b8b6801a-53e2-4480-af61-c20b9a592141" time="0.212">
  <properties/>
  <testcase name="ChangeListener AST transformation attaches a closure reference as listener (weak=false)" classname="griffon.transform.ChangeListenerSpec" time="0.04"/>
  <testcase name="ChangeListener AST transformation attaches a closure reference as listener (weak=true)" classname="griffon.transform.ChangeListenerSpec" time="0.047"/>
  <testcase name="ChangeListener AST transformation attaches a closure as listener (weak=false)" classname="griffon.transform.ChangeListenerSpec" time="0.03"/>
  <testcase name="ChangeListener AST transformation attaches a closure as listener (weak=true)" classname="griffon.transform.ChangeListenerSpec" time="0.029"/>
  <testcase name="ChangeListener AST transformation attaches a closure reference literal as listener (weak=false)" classname="griffon.transform.ChangeListenerSpec" time="0.032"/>
  <testcase name="ChangeListener AST transformation attaches a closure reference literal as listener (weak=true)" classname="griffon.transform.ChangeListenerSpec" time="0.032"/>
  <system-out><![CDATA[]]></system-out>
  <system-err><![CDATA[]]></system-err>
</testsuite>
