<?xml version="1.0" encoding="UTF-8"?>
<testsuite name="griffon.transform.GriffonControllerSpec" tests="2" skipped="0" failures="0" errors="0" timestamp="2017-04-28T12:50:31" hostname="testing-docker-929acd7b-76bf-4253-9fc4-85722f6f076e" time="0.349">
  <properties/>
  <testcase name="GriffonControllerASTTransformation is applied to a controller class" classname="griffon.transform.GriffonControllerSpec" time="0.093"/>
  <testcase name="GriffonControllerASTTransformation is applied to a controller class with a custom superclass" classname="griffon.transform.GriffonControllerSpec" time="0.256"/>
  <system-out><![CDATA[]]></system-out>
  <system-err><![CDATA[]]></system-err>
</testsuite>
