<?xml version="1.0" encoding="UTF-8"?>
<testsuite name="griffon.transform.FXObservableSpec" tests="3" skipped="0" failures="0" errors="0" timestamp="2016-11-21T12:46:39" hostname="testing-gce-3f7e0214-5b6a-4a9e-a833-72c85fa03669" time="0.536">
  <properties/>
  <testcase name="Observable primitive properties" classname="griffon.transform.FXObservableSpec" time="0.244"/>
  <testcase name="Observable wrapper properties" classname="griffon.transform.FXObservableSpec" time="0.095"/>
  <testcase name="Observable collection properties" classname="griffon.transform.FXObservableSpec" time="0.197"/>
  <system-out><![CDATA[]]></system-out>
  <system-err><![CDATA[]]></system-err>
</testsuite>
