<?xml version="1.0" encoding="UTF-8"?>
<testsuite name="griffon.transform.FXObservableSpec" tests="3" skipped="0" failures="0" errors="0" timestamp="2017-02-21T19:51:26" hostname="testing-gce-199a013b-897d-440d-8d76-fec598ea2858" time="0.437">
  <properties/>
  <testcase name="Observable primitive properties" classname="griffon.transform.FXObservableSpec" time="0.22"/>
  <testcase name="Observable wrapper properties" classname="griffon.transform.FXObservableSpec" time="0.107"/>
  <testcase name="Observable collection properties" classname="griffon.transform.FXObservableSpec" time="0.11"/>
  <system-out><![CDATA[]]></system-out>
  <system-err><![CDATA[]]></system-err>
</testsuite>
