<?xml version="1.0" encoding="UTF-8"?>
<testsuite name="griffon.transform.ChangeListenerSpec" tests="6" skipped="0" failures="0" errors="0" timestamp="2016-12-12T17:10:53" hostname="testing-gce-4786cd4f-7658-4bd4-ae1d-55546974e6b0" time="0.204">
  <properties/>
  <testcase name="ChangeListener AST transformation attaches a closure reference as listener (weak=false)" classname="griffon.transform.ChangeListenerSpec" time="0.038"/>
  <testcase name="ChangeListener AST transformation attaches a closure reference as listener (weak=true)" classname="griffon.transform.ChangeListenerSpec" time="0.044"/>
  <testcase name="ChangeListener AST transformation attaches a closure as listener (weak=false)" classname="griffon.transform.ChangeListenerSpec" time="0.033"/>
  <testcase name="ChangeListener AST transformation attaches a closure as listener (weak=true)" classname="griffon.transform.ChangeListenerSpec" time="0.03"/>
  <testcase name="ChangeListener AST transformation attaches a closure reference literal as listener (weak=false)" classname="griffon.transform.ChangeListenerSpec" time="0.026"/>
  <testcase name="ChangeListener AST transformation attaches a closure reference literal as listener (weak=true)" classname="griffon.transform.ChangeListenerSpec" time="0.029"/>
  <system-out><![CDATA[]]></system-out>
  <system-err><![CDATA[]]></system-err>
</testsuite>
