<?xml version="1.0" encoding="UTF-8"?>
<testsuite name="griffon.transform.FXObservableSpec" tests="3" skipped="0" failures="0" errors="0" timestamp="2016-12-05T10:40:35" hostname="testing-gce-189093d2-39ca-4652-aec9-ff08f5b8a81f" time="0.397">
  <properties/>
  <testcase name="Observable primitive properties" classname="griffon.transform.FXObservableSpec" time="0.189"/>
  <testcase name="Observable wrapper properties" classname="griffon.transform.FXObservableSpec" time="0.109"/>
  <testcase name="Observable collection properties" classname="griffon.transform.FXObservableSpec" time="0.098"/>
  <system-out><![CDATA[]]></system-out>
  <system-err><![CDATA[]]></system-err>
</testsuite>
