<?xml version="1.0" encoding="UTF-8"?>
<testsuite name="griffon.transform.MapChangeListenerSpec" tests="6" skipped="0" failures="0" errors="0" timestamp="2017-04-28T07:34:42" hostname="testing-gce-bb15f2b8-b6ea-4bfb-8616-2279e2bebb3d" time="0.452">
  <properties/>
  <testcase name="MapChangeListener AST transformation attaches a closure reference as listener (weak=false)" classname="griffon.transform.MapChangeListenerSpec" time="0.145"/>
  <testcase name="MapChangeListener AST transformation attaches a closure reference as listener (weak=true)" classname="griffon.transform.MapChangeListenerSpec" time="0.073"/>
  <testcase name="MapChangeListener AST transformation attaches a closure as listener (weak=false)" classname="griffon.transform.MapChangeListenerSpec" time="0.068"/>
  <testcase name="MapChangeListener AST transformation attaches a closure as listener (weak=true)" classname="griffon.transform.MapChangeListenerSpec" time="0.047"/>
  <testcase name="MapChangeListener AST transformation attaches a closure reference literal as listener (weak=false)" classname="griffon.transform.MapChangeListenerSpec" time="0.056"/>
  <testcase name="MapChangeListener AST transformation attaches a closure reference literal as listener (weak=true)" classname="griffon.transform.MapChangeListenerSpec" time="0.06"/>
  <system-out><![CDATA[]]></system-out>
  <system-err><![CDATA[]]></system-err>
</testsuite>
