<?xml version="1.0" encoding="UTF-8"?>
<testsuite name="griffon.transform.GriffonControllerSpec" tests="2" skipped="0" failures="0" errors="0" timestamp="2017-05-04T14:14:26" hostname="testing-docker-ecc2246c-0b8e-4707-add3-97d74ea6771b" time="0.241">
  <properties/>
  <testcase name="GriffonControllerASTTransformation is applied to a controller class" classname="griffon.transform.GriffonControllerSpec" time="0.079"/>
  <testcase name="GriffonControllerASTTransformation is applied to a controller class with a custom superclass" classname="griffon.transform.GriffonControllerSpec" time="0.162"/>
  <system-out><![CDATA[]]></system-out>
  <system-err><![CDATA[]]></system-err>
</testsuite>
