<?xml version="1.0" encoding="UTF-8"?>
<testsuite name="griffon.transform.FXObservableSpec" tests="3" skipped="0" failures="0" errors="0" timestamp="2016-11-29T18:39:22" hostname="testing-gce-697e48c8-ccfd-425a-9024-c068db3ba60c" time="0.526">
  <properties/>
  <testcase name="Observable primitive properties" classname="griffon.transform.FXObservableSpec" time="0.252"/>
  <testcase name="Observable wrapper properties" classname="griffon.transform.FXObservableSpec" time="0.1"/>
  <testcase name="Observable collection properties" classname="griffon.transform.FXObservableSpec" time="0.174"/>
  <system-out><![CDATA[]]></system-out>
  <system-err><![CDATA[]]></system-err>
</testsuite>
