<?xml version="1.0" encoding="UTF-8"?>
<testsuite name="griffon.transform.FXObservableSpec" tests="3" skipped="0" failures="0" errors="0" timestamp="2016-11-16T19:23:42" hostname="testing-gce-e8e4a2cb-d54d-4bd1-a631-062743865535" time="0.456">
  <properties/>
  <testcase name="Observable primitive properties" classname="griffon.transform.FXObservableSpec" time="0.186"/>
  <testcase name="Observable wrapper properties" classname="griffon.transform.FXObservableSpec" time="0.092"/>
  <testcase name="Observable collection properties" classname="griffon.transform.FXObservableSpec" time="0.178"/>
  <system-out><![CDATA[]]></system-out>
  <system-err><![CDATA[]]></system-err>
</testsuite>
