<?xml version="1.0" encoding="UTF-8"?>
<testsuite name="griffon.transform.FXObservableSpec" tests="3" skipped="0" failures="0" errors="0" timestamp="2016-12-11T15:50:23" hostname="testing-gce-18adfb53-c7e7-4c64-b9fb-dc55c9634d20" time="0.403">
  <properties/>
  <testcase name="Observable primitive properties" classname="griffon.transform.FXObservableSpec" time="0.243"/>
  <testcase name="Observable wrapper properties" classname="griffon.transform.FXObservableSpec" time="0.078"/>
  <testcase name="Observable collection properties" classname="griffon.transform.FXObservableSpec" time="0.082"/>
  <system-out><![CDATA[]]></system-out>
  <system-err><![CDATA[]]></system-err>
</testsuite>
