<?xml version="1.0" encoding="UTF-8"?>
<testsuite name="griffon.transform.FXObservableSpec" tests="3" skipped="0" failures="0" errors="0" timestamp="2017-05-03T08:31:46" hostname="testing-docker-6017ac84-a99f-499e-bd8d-5921f67c64fd" time="0.627">
  <properties/>
  <testcase name="Observable primitive properties" classname="griffon.transform.FXObservableSpec" time="0.281"/>
  <testcase name="Observable wrapper properties" classname="griffon.transform.FXObservableSpec" time="0.156"/>
  <testcase name="Observable collection properties" classname="griffon.transform.FXObservableSpec" time="0.189"/>
  <system-out><![CDATA[]]></system-out>
  <system-err><![CDATA[]]></system-err>
</testsuite>
