<?xml version="1.0" encoding="UTF-8"?>
<testsuite name="griffon.transform.FXObservableSpec" tests="3" skipped="0" failures="0" errors="0" timestamp="2016-11-30T19:23:03" hostname="testing-gce-a869d1a4-1603-4102-8e5d-778a0cbc1838" time="0.484">
  <properties/>
  <testcase name="Observable primitive properties" classname="griffon.transform.FXObservableSpec" time="0.202"/>
  <testcase name="Observable wrapper properties" classname="griffon.transform.FXObservableSpec" time="0.112"/>
  <testcase name="Observable collection properties" classname="griffon.transform.FXObservableSpec" time="0.17"/>
  <system-out><![CDATA[]]></system-out>
  <system-err><![CDATA[]]></system-err>
</testsuite>
