<?xml version="1.0" encoding="UTF-8"?>
<testsuite name="griffon.transform.FXObservableSpec" tests="3" skipped="0" failures="0" errors="0" timestamp="2017-02-18T21:16:03" hostname="testing-gce-704079ce-e776-4318-b76f-d885ae48fb5e" time="0.424">
  <properties/>
  <testcase name="Observable primitive properties" classname="griffon.transform.FXObservableSpec" time="0.195"/>
  <testcase name="Observable wrapper properties" classname="griffon.transform.FXObservableSpec" time="0.12"/>
  <testcase name="Observable collection properties" classname="griffon.transform.FXObservableSpec" time="0.109"/>
  <system-out><![CDATA[]]></system-out>
  <system-err><![CDATA[]]></system-err>
</testsuite>
