<?xml version="1.0" encoding="UTF-8"?>
<testsuite name="griffon.transform.GriffonControllerSpec" tests="2" skipped="0" failures="0" errors="0" timestamp="2017-04-28T07:21:00" hostname="testing-gce-d418c672-e417-4758-9132-06e50a90cdc7" time="0.115">
  <properties/>
  <testcase name="GriffonControllerASTTransformation is applied to a controller class" classname="griffon.transform.GriffonControllerSpec" time="0.02"/>
  <testcase name="GriffonControllerASTTransformation is applied to a controller class with a custom superclass" classname="griffon.transform.GriffonControllerSpec" time="0.095"/>
  <system-out><![CDATA[]]></system-out>
  <system-err><![CDATA[]]></system-err>
</testsuite>
