<?xml version="1.0" encoding="UTF-8"?>
<testsuite name="griffon.transform.FXObservableSpec" tests="3" skipped="0" failures="0" errors="0" timestamp="2017-04-24T08:42:13" hostname="testing-gce-5d7d77d1-ab44-4e29-9f52-aa2a647d6215" time="0.472">
  <properties/>
  <testcase name="Observable primitive properties" classname="griffon.transform.FXObservableSpec" time="0.245"/>
  <testcase name="Observable wrapper properties" classname="griffon.transform.FXObservableSpec" time="0.138"/>
  <testcase name="Observable collection properties" classname="griffon.transform.FXObservableSpec" time="0.089"/>
  <system-out><![CDATA[]]></system-out>
  <system-err><![CDATA[]]></system-err>
</testsuite>
