<?xml version="1.0" encoding="UTF-8"?>
<testsuite name="griffon.transform.FXObservableSpec" tests="3" skipped="0" failures="0" errors="0" timestamp="2017-05-05T07:55:50" hostname="testing-docker-de2156a6-c5c8-4a10-9b49-92161b928698" time="0.439">
  <properties/>
  <testcase name="Observable primitive properties" classname="griffon.transform.FXObservableSpec" time="0.203"/>
  <testcase name="Observable wrapper properties" classname="griffon.transform.FXObservableSpec" time="0.1"/>
  <testcase name="Observable collection properties" classname="griffon.transform.FXObservableSpec" time="0.135"/>
  <system-out><![CDATA[]]></system-out>
  <system-err><![CDATA[]]></system-err>
</testsuite>
