<?xml version="1.0" encoding="UTF-8"?>
<testsuite name="griffon.transform.FXObservableSpec" tests="3" skipped="0" failures="0" errors="0" timestamp="2017-05-06T14:14:35" hostname="testing-docker-90b60644-8177-4130-972e-463f2d1984bb" time="1.564">
  <properties/>
  <testcase name="Observable primitive properties" classname="griffon.transform.FXObservableSpec" time="0.721"/>
  <testcase name="Observable wrapper properties" classname="griffon.transform.FXObservableSpec" time="0.516"/>
  <testcase name="Observable collection properties" classname="griffon.transform.FXObservableSpec" time="0.322"/>
  <system-out><![CDATA[]]></system-out>
  <system-err><![CDATA[]]></system-err>
</testsuite>
