<?xml version="1.0" encoding="UTF-8"?>
<testsuite name="griffon.transform.FXObservableSpec" tests="3" skipped="0" failures="0" errors="0" timestamp="2016-12-06T13:48:49" hostname="testing-gce-88c17399-7e1a-4bbc-b795-695967a3f3cc" time="0.409">
  <properties/>
  <testcase name="Observable primitive properties" classname="griffon.transform.FXObservableSpec" time="0.204"/>
  <testcase name="Observable wrapper properties" classname="griffon.transform.FXObservableSpec" time="0.099"/>
  <testcase name="Observable collection properties" classname="griffon.transform.FXObservableSpec" time="0.105"/>
  <system-out><![CDATA[]]></system-out>
  <system-err><![CDATA[]]></system-err>
</testsuite>
