<?xml version="1.0" encoding="UTF-8"?>
<testsuite name="griffon.transform.MapChangeListenerSpec" tests="6" skipped="0" failures="0" errors="0" timestamp="2016-12-02T17:43:57" hostname="testing-gce-f9e98b43-93c9-42c8-afdb-eab9b83f6b2a" time="0.43">
  <properties/>
  <testcase name="MapChangeListener AST transformation attaches a closure reference as listener (weak=false)" classname="griffon.transform.MapChangeListenerSpec" time="0.127"/>
  <testcase name="MapChangeListener AST transformation attaches a closure reference as listener (weak=true)" classname="griffon.transform.MapChangeListenerSpec" time="0.068"/>
  <testcase name="MapChangeListener AST transformation attaches a closure as listener (weak=false)" classname="griffon.transform.MapChangeListenerSpec" time="0.064"/>
  <testcase name="MapChangeListener AST transformation attaches a closure as listener (weak=true)" classname="griffon.transform.MapChangeListenerSpec" time="0.057"/>
  <testcase name="MapChangeListener AST transformation attaches a closure reference literal as listener (weak=false)" classname="griffon.transform.MapChangeListenerSpec" time="0.05"/>
  <testcase name="MapChangeListener AST transformation attaches a closure reference literal as listener (weak=true)" classname="griffon.transform.MapChangeListenerSpec" time="0.052"/>
  <system-out><![CDATA[]]></system-out>
  <system-err><![CDATA[]]></system-err>
</testsuite>
