<?xml version="1.0" encoding="UTF-8"?>
<testsuite name="griffon.transform.FXObservableSpec" tests="3" skipped="0" failures="0" errors="0" timestamp="2016-11-18T14:46:25" hostname="testing-gce-32b998c0-1c86-42c0-92eb-71cbad2128a4" time="0.351">
  <properties/>
  <testcase name="Observable primitive properties" classname="griffon.transform.FXObservableSpec" time="0.169"/>
  <testcase name="Observable wrapper properties" classname="griffon.transform.FXObservableSpec" time="0.057"/>
  <testcase name="Observable collection properties" classname="griffon.transform.FXObservableSpec" time="0.124"/>
  <system-out><![CDATA[]]></system-out>
  <system-err><![CDATA[]]></system-err>
</testsuite>
