<?xml version="1.0" encoding="UTF-8"?>
<testsuite name="griffon.transform.GriffonControllerSpec" tests="2" skipped="0" failures="0" errors="0" timestamp="2016-12-08T10:47:53" hostname="testing-gce-ca57fc1e-ec7c-44b4-8576-00554cba6b12" time="0.091">
  <properties/>
  <testcase name="GriffonControllerASTTransformation is applied to a controller class" classname="griffon.transform.GriffonControllerSpec" time="0.019"/>
  <testcase name="GriffonControllerASTTransformation is applied to a controller class with a custom superclass" classname="griffon.transform.GriffonControllerSpec" time="0.072"/>
  <system-out><![CDATA[]]></system-out>
  <system-err><![CDATA[]]></system-err>
</testsuite>
