<?xml version="1.0" encoding="UTF-8"?>
<testsuite name="griffon.transform.FXObservableSpec" tests="3" skipped="0" failures="0" errors="0" timestamp="2016-12-08T10:34:21" hostname="testing-gce-c5c17d49-1c5c-429f-bb8e-a78af4de3275" time="0.345">
  <properties/>
  <testcase name="Observable primitive properties" classname="griffon.transform.FXObservableSpec" time="0.171"/>
  <testcase name="Observable wrapper properties" classname="griffon.transform.FXObservableSpec" time="0.081"/>
  <testcase name="Observable collection properties" classname="griffon.transform.FXObservableSpec" time="0.092"/>
  <system-out><![CDATA[]]></system-out>
  <system-err><![CDATA[]]></system-err>
</testsuite>
