<?xml version="1.0" encoding="UTF-8"?>
<testsuite name="griffon.transform.FXObservableSpec" tests="3" skipped="0" failures="0" errors="0" timestamp="2017-04-28T07:20:59" hostname="testing-gce-d418c672-e417-4758-9132-06e50a90cdc7" time="0.451">
  <properties/>
  <testcase name="Observable primitive properties" classname="griffon.transform.FXObservableSpec" time="0.252"/>
  <testcase name="Observable wrapper properties" classname="griffon.transform.FXObservableSpec" time="0.123"/>
  <testcase name="Observable collection properties" classname="griffon.transform.FXObservableSpec" time="0.075"/>
  <system-out><![CDATA[]]></system-out>
  <system-err><![CDATA[]]></system-err>
</testsuite>
