<?xml version="1.0" encoding="UTF-8"?>
<testsuite name="griffon.transform.FXObservableSpec" tests="3" skipped="0" failures="0" errors="0" timestamp="2016-12-08T10:47:51" hostname="testing-gce-ca57fc1e-ec7c-44b4-8576-00554cba6b12" time="0.453">
  <properties/>
  <testcase name="Observable primitive properties" classname="griffon.transform.FXObservableSpec" time="0.215"/>
  <testcase name="Observable wrapper properties" classname="griffon.transform.FXObservableSpec" time="0.142"/>
  <testcase name="Observable collection properties" classname="griffon.transform.FXObservableSpec" time="0.094"/>
  <system-out><![CDATA[]]></system-out>
  <system-err><![CDATA[]]></system-err>
</testsuite>
