<?xml version="1.0" encoding="UTF-8"?>
<testsuite name="griffon.transform.FXObservableSpec" tests="3" skipped="0" failures="0" errors="0" timestamp="2016-12-01T09:18:38" hostname="testing-gce-1c7b4cd7-f8b4-49a0-b9fd-66abade42537" time="0.644">
  <properties/>
  <testcase name="Observable primitive properties" classname="griffon.transform.FXObservableSpec" time="0.286"/>
  <testcase name="Observable wrapper properties" classname="griffon.transform.FXObservableSpec" time="0.125"/>
  <testcase name="Observable collection properties" classname="griffon.transform.FXObservableSpec" time="0.231"/>
  <system-out><![CDATA[]]></system-out>
  <system-err><![CDATA[]]></system-err>
</testsuite>
