<?xml version="1.0" encoding="UTF-8"?>
<testsuite name="griffon.transform.FXObservableSpec" tests="3" skipped="0" failures="0" errors="0" timestamp="2017-05-04T14:14:26" hostname="testing-docker-ecc2246c-0b8e-4707-add3-97d74ea6771b" time="0.598">
  <properties/>
  <testcase name="Observable primitive properties" classname="griffon.transform.FXObservableSpec" time="0.378"/>
  <testcase name="Observable wrapper properties" classname="griffon.transform.FXObservableSpec" time="0.1"/>
  <testcase name="Observable collection properties" classname="griffon.transform.FXObservableSpec" time="0.12"/>
  <system-out><![CDATA[]]></system-out>
  <system-err><![CDATA[]]></system-err>
</testsuite>
