<?xml version="1.0" encoding="UTF-8"?>
<testsuite name="griffon.transform.FXObservableSpec" tests="3" skipped="0" failures="0" errors="0" timestamp="2017-04-07T21:44:31" hostname="testing-gce-648e5267-8028-453c-896a-9b2edc21c03a" time="0.42">
  <properties/>
  <testcase name="Observable primitive properties" classname="griffon.transform.FXObservableSpec" time="0.227"/>
  <testcase name="Observable wrapper properties" classname="griffon.transform.FXObservableSpec" time="0.137"/>
  <testcase name="Observable collection properties" classname="griffon.transform.FXObservableSpec" time="0.054"/>
  <system-out><![CDATA[]]></system-out>
  <system-err><![CDATA[]]></system-err>
</testsuite>
