<?xml version="1.0" encoding="UTF-8"?>
<testsuite name="griffon.transform.FXObservableSpec" tests="3" skipped="0" failures="0" errors="0" timestamp="2017-01-02T03:01:13" hostname="testing-gce-680137c7-17b8-4669-933f-d1be09a2a8ab" time="0.454">
  <properties/>
  <testcase name="Observable primitive properties" classname="griffon.transform.FXObservableSpec" time="0.228"/>
  <testcase name="Observable wrapper properties" classname="griffon.transform.FXObservableSpec" time="0.114"/>
  <testcase name="Observable collection properties" classname="griffon.transform.FXObservableSpec" time="0.112"/>
  <system-out><![CDATA[]]></system-out>
  <system-err><![CDATA[]]></system-err>
</testsuite>
