<?xml version="1.0" encoding="UTF-8"?>
<testsuite name="griffon.transform.FXObservableSpec" tests="3" skipped="0" failures="0" errors="0" timestamp="2017-03-02T19:56:00" hostname="testing-gce-65511b51-6214-41a1-96d0-e786045f2f13" time="0.39">
  <properties/>
  <testcase name="Observable primitive properties" classname="griffon.transform.FXObservableSpec" time="0.192"/>
  <testcase name="Observable wrapper properties" classname="griffon.transform.FXObservableSpec" time="0.094"/>
  <testcase name="Observable collection properties" classname="griffon.transform.FXObservableSpec" time="0.103"/>
  <system-out><![CDATA[]]></system-out>
  <system-err><![CDATA[]]></system-err>
</testsuite>
