<?xml version="1.0" encoding="UTF-8"?>
<testsuite name="griffon.transform.FXObservableSpec" tests="3" skipped="0" failures="0" errors="0" timestamp="2016-12-26T17:57:57" hostname="testing-gce-c7073926-9797-4451-aa22-4ee5ff1af0c2" time="0.536">
  <properties/>
  <testcase name="Observable primitive properties" classname="griffon.transform.FXObservableSpec" time="0.298"/>
  <testcase name="Observable wrapper properties" classname="griffon.transform.FXObservableSpec" time="0.092"/>
  <testcase name="Observable collection properties" classname="griffon.transform.FXObservableSpec" time="0.144"/>
  <system-out><![CDATA[]]></system-out>
  <system-err><![CDATA[]]></system-err>
</testsuite>
