<?xml version="1.0" encoding="UTF-8"?>
<testsuite name="griffon.transform.FXObservableSpec" tests="3" skipped="0" failures="0" errors="0" timestamp="2017-02-27T16:57:31" hostname="testing-gce-42c31fda-833f-42ec-a8cd-e409c16e7131" time="0.438">
  <properties/>
  <testcase name="Observable primitive properties" classname="griffon.transform.FXObservableSpec" time="0.222"/>
  <testcase name="Observable wrapper properties" classname="griffon.transform.FXObservableSpec" time="0.108"/>
  <testcase name="Observable collection properties" classname="griffon.transform.FXObservableSpec" time="0.108"/>
  <system-out><![CDATA[]]></system-out>
  <system-err><![CDATA[]]></system-err>
</testsuite>
