<?xml version="1.0" encoding="UTF-8"?>
<testsuite name="griffon.transform.FXObservableSpec" tests="3" skipped="0" failures="0" errors="0" timestamp="2016-11-30T21:58:21" hostname="testing-gce-56334b88-24b1-400f-a148-1c5d8919e344" time="0.343">
  <properties/>
  <testcase name="Observable primitive properties" classname="griffon.transform.FXObservableSpec" time="0.167"/>
  <testcase name="Observable wrapper properties" classname="griffon.transform.FXObservableSpec" time="0.055"/>
  <testcase name="Observable collection properties" classname="griffon.transform.FXObservableSpec" time="0.119"/>
  <system-out><![CDATA[]]></system-out>
  <system-err><![CDATA[]]></system-err>
</testsuite>
