<?xml version="1.0" encoding="UTF-8"?>
<testsuite name="griffon.transform.MapChangeListenerSpec" tests="6" skipped="0" failures="0" errors="0" timestamp="2017-04-18T07:10:00" hostname="testing-gce-002cfebe-ce3e-40e2-ac44-84a0ecf46dae" time="0.435">
  <properties/>
  <testcase name="MapChangeListener AST transformation attaches a closure reference as listener (weak=false)" classname="griffon.transform.MapChangeListenerSpec" time="0.13"/>
  <testcase name="MapChangeListener AST transformation attaches a closure reference as listener (weak=true)" classname="griffon.transform.MapChangeListenerSpec" time="0.073"/>
  <testcase name="MapChangeListener AST transformation attaches a closure as listener (weak=false)" classname="griffon.transform.MapChangeListenerSpec" time="0.044"/>
  <testcase name="MapChangeListener AST transformation attaches a closure as listener (weak=true)" classname="griffon.transform.MapChangeListenerSpec" time="0.036"/>
  <testcase name="MapChangeListener AST transformation attaches a closure reference literal as listener (weak=false)" classname="griffon.transform.MapChangeListenerSpec" time="0.083"/>
  <testcase name="MapChangeListener AST transformation attaches a closure reference literal as listener (weak=true)" classname="griffon.transform.MapChangeListenerSpec" time="0.063"/>
  <system-out><![CDATA[]]></system-out>
  <system-err><![CDATA[]]></system-err>
</testsuite>
