<?xml version="1.0" encoding="UTF-8"?>
<testsuite name="griffon.transform.FXObservableSpec" tests="3" skipped="0" failures="0" errors="0" timestamp="2017-03-02T16:38:28" hostname="testing-gce-15546362-e4d0-449b-b9dd-ab0b76bbd52d" time="0.402">
  <properties/>
  <testcase name="Observable primitive properties" classname="griffon.transform.FXObservableSpec" time="0.204"/>
  <testcase name="Observable wrapper properties" classname="griffon.transform.FXObservableSpec" time="0.102"/>
  <testcase name="Observable collection properties" classname="griffon.transform.FXObservableSpec" time="0.095"/>
  <system-out><![CDATA[]]></system-out>
  <system-err><![CDATA[]]></system-err>
</testsuite>
