<?xml version="1.0" encoding="UTF-8"?>
<testsuite name="org.codehaus.griffon.runtime.injection.MethodUtilsSpec" tests="5" skipped="0" failures="0" errors="0" timestamp="2016-11-30T10:27:46" hostname="testing-gce-9cd93739-2c6e-4dd0-ae61-7a6d878d61a2" time="0.031">
  <properties/>
  <testcase name="Find @PostConstruct annotated method on valid instance" classname="org.codehaus.griffon.runtime.injection.MethodUtilsSpec" time="0.019"/>
  <testcase name="Find @PreDestroy annotated method on valid instance" classname="org.codehaus.griffon.runtime.injection.MethodUtilsSpec" time="0.002"/>
  <testcase name="Invoke @PostConstruct annotated method on valid instance" classname="org.codehaus.griffon.runtime.injection.MethodUtilsSpec" time="0.004"/>
  <testcase name="Invoke @PreDestroy annotated method on valid instance" classname="org.codehaus.griffon.runtime.injection.MethodUtilsSpec" time="0.001"/>
  <testcase name="Invoke @PostConstruct annotated method on invalid instance" classname="org.codehaus.griffon.runtime.injection.MethodUtilsSpec" time="0.004"/>
  <system-out><![CDATA[]]></system-out>
  <system-err><![CDATA[]]></system-err>
</testsuite>
