<?xml version="1.0" encoding="UTF-8"?>
<testsuite name="org.codehaus.griffon.runtime.injection.GuiceInjectorSpec" tests="5" skipped="0" failures="0" errors="0" timestamp="2016-12-08T10:47:57" hostname="testing-gce-ca57fc1e-ec7c-44b4-8576-00554cba6b12" time="1.301">
  <properties/>
  <testcase name="Injector can resolve an object graph" classname="org.codehaus.griffon.runtime.injection.GuiceInjectorSpec" time="1.089"/>
  <testcase name="Injector can resolve an object graph with qualifier" classname="org.codehaus.griffon.runtime.injection.GuiceInjectorSpec" time="0.123"/>
  <testcase name="Injector fails to find an instance" classname="org.codehaus.griffon.runtime.injection.GuiceInjectorSpec" time="0.035"/>
  <testcase name="Injector fails to find an instance with qualifier" classname="org.codehaus.griffon.runtime.injection.GuiceInjectorSpec" time="0.02"/>
  <testcase name="Injector fails to inject members" classname="org.codehaus.griffon.runtime.injection.GuiceInjectorSpec" time="0.033"/>
  <system-out><![CDATA[]]></system-out>
  <system-err><![CDATA[]]></system-err>
</testsuite>
