<?xml version="1.0" encoding="UTF-8"?>
<testsuite name="org.codehaus.griffon.runtime.injection.GuiceInjectorSpec" tests="5" skipped="0" failures="0" errors="0" timestamp="2017-01-10T09:16:15" hostname="testing-gce-7b2d7ffd-be62-4986-b2bc-bd42efa5f90a" time="1.098">
  <properties/>
  <testcase name="Injector can resolve an object graph" classname="org.codehaus.griffon.runtime.injection.GuiceInjectorSpec" time="0.887"/>
  <testcase name="Injector can resolve an object graph with qualifier" classname="org.codehaus.griffon.runtime.injection.GuiceInjectorSpec" time="0.128"/>
  <testcase name="Injector fails to find an instance" classname="org.codehaus.griffon.runtime.injection.GuiceInjectorSpec" time="0.034"/>
  <testcase name="Injector fails to find an instance with qualifier" classname="org.codehaus.griffon.runtime.injection.GuiceInjectorSpec" time="0.017"/>
  <testcase name="Injector fails to inject members" classname="org.codehaus.griffon.runtime.injection.GuiceInjectorSpec" time="0.03"/>
  <system-out><![CDATA[]]></system-out>
  <system-err><![CDATA[]]></system-err>
</testsuite>
