<?xml version="1.0" encoding="UTF-8"?>
<testsuite name="org.codehaus.griffon.runtime.injection.MethodUtilsSpec" tests="5" skipped="0" failures="0" errors="0" timestamp="2016-12-02T17:44:04" hostname="testing-gce-f9e98b43-93c9-42c8-afdb-eab9b83f6b2a" time="0.034">
  <properties/>
  <testcase name="Find @PostConstruct annotated method on valid instance" classname="org.codehaus.griffon.runtime.injection.MethodUtilsSpec" time="0.009"/>
  <testcase name="Find @PreDestroy annotated method on valid instance" classname="org.codehaus.griffon.runtime.injection.MethodUtilsSpec" time="0.008"/>
  <testcase name="Invoke @PostConstruct annotated method on valid instance" classname="org.codehaus.griffon.runtime.injection.MethodUtilsSpec" time="0.004"/>
  <testcase name="Invoke @PreDestroy annotated method on valid instance" classname="org.codehaus.griffon.runtime.injection.MethodUtilsSpec" time="0.001"/>
  <testcase name="Invoke @PostConstruct annotated method on invalid instance" classname="org.codehaus.griffon.runtime.injection.MethodUtilsSpec" time="0.011"/>
  <system-out><![CDATA[]]></system-out>
  <system-err><![CDATA[]]></system-err>
</testsuite>
