<?xml version="1.0" encoding="UTF-8"?>
<testsuite name="org.codehaus.griffon.runtime.injection.GuiceInjectorSpec" tests="5" skipped="0" failures="0" errors="0" timestamp="2016-11-08T11:09:39" hostname="testing-gce-d4f11642-8c80-4fe0-a764-92366f6764c9" time="0.072">
  <properties/>
  <testcase name="Injector can resolve an object graph" classname="org.codehaus.griffon.runtime.injection.GuiceInjectorSpec" time="0.031"/>
  <testcase name="Injector can resolve an object graph with qualifier" classname="org.codehaus.griffon.runtime.injection.GuiceInjectorSpec" time="0.016"/>
  <testcase name="Injector fails to find an instance" classname="org.codehaus.griffon.runtime.injection.GuiceInjectorSpec" time="0.008"/>
  <testcase name="Injector fails to find an instance with qualifier" classname="org.codehaus.griffon.runtime.injection.GuiceInjectorSpec" time="0.007"/>
  <testcase name="Injector fails to inject members" classname="org.codehaus.griffon.runtime.injection.GuiceInjectorSpec" time="0.008"/>
  <system-out><![CDATA[]]></system-out>
  <system-err><![CDATA[]]></system-err>
</testsuite>
