<?xml version="1.0" encoding="UTF-8"?>
<testsuite name="org.codehaus.griffon.runtime.injection.MethodUtilsSpec" tests="5" skipped="0" failures="0" errors="0" timestamp="2016-12-28T19:53:27" hostname="testing-gce-2e4b170c-448d-4fcb-9f72-d211cbd4e202" time="0.034">
  <properties/>
  <testcase name="Find @PostConstruct annotated method on valid instance" classname="org.codehaus.griffon.runtime.injection.MethodUtilsSpec" time="0.007"/>
  <testcase name="Find @PreDestroy annotated method on valid instance" classname="org.codehaus.griffon.runtime.injection.MethodUtilsSpec" time="0.008"/>
  <testcase name="Invoke @PostConstruct annotated method on valid instance" classname="org.codehaus.griffon.runtime.injection.MethodUtilsSpec" time="0.004"/>
  <testcase name="Invoke @PreDestroy annotated method on valid instance" classname="org.codehaus.griffon.runtime.injection.MethodUtilsSpec" time="0.002"/>
  <testcase name="Invoke @PostConstruct annotated method on invalid instance" classname="org.codehaus.griffon.runtime.injection.MethodUtilsSpec" time="0.012"/>
  <system-out><![CDATA[]]></system-out>
  <system-err><![CDATA[]]></system-err>
</testsuite>
