<?xml version="1.0" encoding="UTF-8"?>
<testsuite name="org.codehaus.griffon.runtime.injection.GuiceInjectorSpec" tests="5" skipped="0" failures="0" errors="0" timestamp="2017-01-17T10:07:32" hostname="testing-gce-287e965d-5e9a-462b-b200-af66e676e36c" time="1.221">
  <properties/>
  <testcase name="Injector can resolve an object graph" classname="org.codehaus.griffon.runtime.injection.GuiceInjectorSpec" time="1.006"/>
  <testcase name="Injector can resolve an object graph with qualifier" classname="org.codehaus.griffon.runtime.injection.GuiceInjectorSpec" time="0.12"/>
  <testcase name="Injector fails to find an instance" classname="org.codehaus.griffon.runtime.injection.GuiceInjectorSpec" time="0.035"/>
  <testcase name="Injector fails to find an instance with qualifier" classname="org.codehaus.griffon.runtime.injection.GuiceInjectorSpec" time="0.024"/>
  <testcase name="Injector fails to inject members" classname="org.codehaus.griffon.runtime.injection.GuiceInjectorSpec" time="0.034"/>
  <system-out><![CDATA[]]></system-out>
  <system-err><![CDATA[]]></system-err>
</testsuite>
