<?xml version="1.0" encoding="UTF-8"?>
<testsuite name="org.codehaus.griffon.runtime.injection.GuiceInjectorSpec" tests="5" skipped="0" failures="0" errors="0" timestamp="2016-11-18T14:46:33" hostname="testing-gce-32b998c0-1c86-42c0-92eb-71cbad2128a4" time="0.137">
  <properties/>
  <testcase name="Injector can resolve an object graph" classname="org.codehaus.griffon.runtime.injection.GuiceInjectorSpec" time="0.051"/>
  <testcase name="Injector can resolve an object graph with qualifier" classname="org.codehaus.griffon.runtime.injection.GuiceInjectorSpec" time="0.029"/>
  <testcase name="Injector fails to find an instance" classname="org.codehaus.griffon.runtime.injection.GuiceInjectorSpec" time="0.017"/>
  <testcase name="Injector fails to find an instance with qualifier" classname="org.codehaus.griffon.runtime.injection.GuiceInjectorSpec" time="0.014"/>
  <testcase name="Injector fails to inject members" classname="org.codehaus.griffon.runtime.injection.GuiceInjectorSpec" time="0.02"/>
  <system-out><![CDATA[]]></system-out>
  <system-err><![CDATA[]]></system-err>
</testsuite>
