<?xml version="1.0" encoding="UTF-8"?>
<testsuite name="org.codehaus.griffon.runtime.injection.MethodUtilsSpec" tests="5" skipped="0" failures="0" errors="0" timestamp="2017-02-11T08:58:00" hostname="testing-gce-27845af9-feac-4362-84ac-35f334160d45" time="0.017">
  <properties/>
  <testcase name="Find @PostConstruct annotated method on valid instance" classname="org.codehaus.griffon.runtime.injection.MethodUtilsSpec" time="0.006"/>
  <testcase name="Find @PreDestroy annotated method on valid instance" classname="org.codehaus.griffon.runtime.injection.MethodUtilsSpec" time="0.002"/>
  <testcase name="Invoke @PostConstruct annotated method on valid instance" classname="org.codehaus.griffon.runtime.injection.MethodUtilsSpec" time="0.002"/>
  <testcase name="Invoke @PreDestroy annotated method on valid instance" classname="org.codehaus.griffon.runtime.injection.MethodUtilsSpec" time="0.0"/>
  <testcase name="Invoke @PostConstruct annotated method on invalid instance" classname="org.codehaus.griffon.runtime.injection.MethodUtilsSpec" time="0.003"/>
  <system-out><![CDATA[]]></system-out>
  <system-err><![CDATA[]]></system-err>
</testsuite>
