<?xml version="1.0" encoding="UTF-8"?>
<testsuite name="org.codehaus.griffon.runtime.injection.MethodUtilsSpec" tests="5" skipped="0" failures="0" errors="0" timestamp="2016-12-12T17:10:59" hostname="testing-gce-4786cd4f-7658-4bd4-ae1d-55546974e6b0" time="0.048">
  <properties/>
  <testcase name="Find @PostConstruct annotated method on valid instance" classname="org.codehaus.griffon.runtime.injection.MethodUtilsSpec" time="0.012"/>
  <testcase name="Find @PreDestroy annotated method on valid instance" classname="org.codehaus.griffon.runtime.injection.MethodUtilsSpec" time="0.011"/>
  <testcase name="Invoke @PostConstruct annotated method on valid instance" classname="org.codehaus.griffon.runtime.injection.MethodUtilsSpec" time="0.004"/>
  <testcase name="Invoke @PreDestroy annotated method on valid instance" classname="org.codehaus.griffon.runtime.injection.MethodUtilsSpec" time="0.0"/>
  <testcase name="Invoke @PostConstruct annotated method on invalid instance" classname="org.codehaus.griffon.runtime.injection.MethodUtilsSpec" time="0.016"/>
  <system-out><![CDATA[]]></system-out>
  <system-err><![CDATA[]]></system-err>
</testsuite>
